2023-12-10 22:01:21.636    app     info:    Startup arguments    []
2023-12-10 22:01:21.640    app     info:    [self-update] Starting automatic update checks
2023-12-10 22:01:21.641    app     info:    [self-update] Waiting for update feed before starting update checks
2023-12-10 22:01:21.765    app     info:    [i18next] Changed language    en
2023-12-10 22:01:21.862    app     info:    [authentication] Token for '16492377' on 'tranquility' is expired, refresh is required
2023-12-10 22:01:21.863    app     info:    [authentication] Refreshing token for '16492377' on 'tranquility'
2023-12-10 22:01:21.863    app     info:    [authentication] Token for '17525312' on 'tranquility' is expired, refresh is required
2023-12-10 22:01:21.864    app     info:    [authentication] Refreshing token for '17525312' on 'tranquility'
2023-12-10 22:01:21.864    app     info:    [authentication] Token for '25218835' on 'tranquility' is expired, refresh is required
2023-12-10 22:01:21.864    app     info:    [authentication] Refreshing token for '25218835' on 'tranquility'
2023-12-10 22:01:21.865    app     info:    [authentication] Token for '29280260' on 'tranquility' is expired, refresh is required
2023-12-10 22:01:21.865    app     info:    [authentication] Refreshing token for '29280260' on 'tranquility'
2023-12-10 22:01:21.865    app     info:    [authentication] Token for '29285645' on 'tranquility' is expired, refresh is required
2023-12-10 22:01:21.866    app     info:    [authentication] Refreshing token for '29285645' on 'tranquility'
2023-12-10 22:01:21.866    app     info:    [authentication] Token for '18034259' on 'tranquility' is expired, refresh is required
2023-12-10 22:01:21.866    app     info:    [authentication] Refreshing token for '18034259' on 'tranquility'
2023-12-10 22:01:21.867    app     info:    [authentication] Token for '28182799' on 'tranquility' is expired, refresh is required
2023-12-10 22:01:21.867    app     info:    [authentication] Refreshing token for '28182799' on 'tranquility'
2023-12-10 22:01:21.867    app     info:    [authentication] Token for '2110311' on 'tranquility' is expired, refresh is required
2023-12-10 22:01:21.867    app     info:    [authentication] Refreshing token for '2110311' on 'tranquility'
2023-12-10 22:01:21.868    app     info:    [authentication] Token for '23622903' on 'tranquility' is expired, refresh is required
2023-12-10 22:01:21.868    app     info:    [authentication] Refreshing token for '23622903' on 'tranquility'
2023-12-10 22:01:21.868    app     info:    [authentication] Token for '26239201' on 'tranquility' is expired, refresh is required
2023-12-10 22:01:21.868    app     info:    [authentication] Refreshing token for '26239201' on 'tranquility'
2023-12-10 22:01:21.869    app     info:    [device-id] Device id found in state
2023-12-10 22:01:21.873    app     info:    [analytics] Application name:    EVE Online
2023-12-10 22:01:21.873    app     info:    [analytics] Application version:    1.0.2
2023-12-10 22:01:21.873    app     info:    [analytics] Domain    undefined
2023-12-10 22:01:21.874    app     info:    [analytics] Working directory    C:\Users\REDACTED\AppData\Local\eve-online\app-1.0.2
2023-12-10 22:01:21.874    app     info:    [analytics] Username contains UTF8?    false
2023-12-10 22:01:22.660    app     info:    [elg-events] Sending event    eve_launcher.electron.application.PdmLoaded
2023-12-10 22:01:22.662    app     info:    [analytics] Operating system    {
  type: 'Windows',
  name: 'Windows 10 Education',
  version: '10.0 (19045)'
}
2023-12-10 22:01:22.663    app     info:    [analytics] Encryption available:    true
2023-12-10 22:01:22.663    app     info:    [analytics] Machine UUID    4E9F516C-5B97-47C6-8C67-E93D943CB7C8
2023-12-10 22:01:22.663    app     info:    [analytics] PDM Version    2.1.4
2023-12-10 22:01:22.663    app     info:    [analytics] Release channel    release
2023-12-10 22:01:22.666    app     info:    [initializers] Shared cache directory set to    C:\CCP\EVE Online
2023-12-10 22:01:22.693    app     info:    [initializers] Shared cache drive free space: 64,32 GiB / 465,75 GiB
2023-12-10 22:01:22.702    app     info:    [elg-events] Sending event    eve_launcher.electron.application.LauncherStarted
2023-12-10 22:01:22.706    app     info:    [elg-events] Sending event    eve_launcher.electron.application.CoreDataLoaded
2023-12-10 22:01:22.707    app     info:    [cdn-trace] Fetching CDN trace data from https://binaries.eveonline.com/cdn-cgi/trace
2023-12-10 22:01:22.723    app     info:    [feature-flags] Initializing feature flag client
2023-12-10 22:01:22.819    app     info:    [first-run] First application run was at 2023-11-27T10:29:20.506Z
2023-12-10 22:01:22.867    app     info:    [cache-protocol] Found 5 entries to remove
2023-12-10 22:01:22.871    app     info:    [cache-protocol] Cleaned 5 entries
2023-12-10 22:01:22.871    app     info:    [cache-protocol] Checking 5 folders to clean
2023-12-10 22:01:22.940    app     info:    [customer-information] Agreements have been updated
2023-12-10 22:01:22.947    app     info:    [customer-information] Agreements have been updated
2023-12-10 22:01:22.956    app     info:    [server-manager] Starting refresh cycle for eve-online / Tranquility
2023-12-10 22:01:23.019    app     info:    [authentication] Token for '25218835' on 'tranquility' has been successfully refreshed
2023-12-10 22:01:23.021    app     info:    [elg-events] Sending event    eve_launcher.electron.authentication.UserTokensRefreshed
2023-12-10 22:01:23.023    app     info:    [customer-information] Getting character information for '25218835' on 'tranquility'
2023-12-10 22:01:23.023    app     info:    [customer-information] Getting Omega status for '25218835' on 'tranquility'
2023-12-10 22:01:23.023    app     info:    [virtual-goods] Getting Plex status for '25218835' on 'tranquility'
2023-12-10 22:01:23.035    app     info:    [authentication] Token for '29280260' on 'tranquility' has been successfully refreshed
2023-12-10 22:01:23.036    app     info:    [elg-events] Sending event    eve_launcher.electron.authentication.UserTokensRefreshed
2023-12-10 22:01:23.038    app     info:    [customer-information] Getting character information for '29280260' on 'tranquility'
2023-12-10 22:01:23.038    app     info:    [customer-information] Getting Omega status for '29280260' on 'tranquility'
2023-12-10 22:01:23.038    app     info:    [virtual-goods] Getting Plex status for '29280260' on 'tranquility'
2023-12-10 22:01:23.049    app     info:    [authentication] Token for '16492377' on 'tranquility' has been successfully refreshed
2023-12-10 22:01:23.050    app     info:    [elg-events] Sending event    eve_launcher.electron.authentication.UserTokensRefreshed
2023-12-10 22:01:23.052    app     info:    [customer-information] Getting character information for '16492377' on 'tranquility'
2023-12-10 22:01:23.052    app     info:    [customer-information] Getting Omega status for '16492377' on 'tranquility'
2023-12-10 22:01:23.052    app     info:    [virtual-goods] Getting Plex status for '16492377' on 'tranquility'
2023-12-10 22:01:23.062    app     info:    [authentication] Token for '2110311' on 'tranquility' has been successfully refreshed
2023-12-10 22:01:23.063    app     info:    [elg-events] Sending event    eve_launcher.electron.authentication.UserTokensRefreshed
2023-12-10 22:01:23.065    app     info:    [customer-information] Getting character information for '2110311' on 'tranquility'
2023-12-10 22:01:23.065    app     info:    [customer-information] Getting Omega status for '2110311' on 'tranquility'
2023-12-10 22:01:23.065    app     info:    [virtual-goods] Getting Plex status for '2110311' on 'tranquility'
2023-12-10 22:01:23.077    app     info:    [authentication] Token for '29285645' on 'tranquility' has been successfully refreshed
2023-12-10 22:01:23.079    app     info:    [elg-events] Sending event    eve_launcher.electron.authentication.UserTokensRefreshed
2023-12-10 22:01:23.080    app     info:    [customer-information] Getting character information for '29285645' on 'tranquility'
2023-12-10 22:01:23.080    app     info:    [customer-information] Getting Omega status for '29285645' on 'tranquility'
2023-12-10 22:01:23.080    app     info:    [virtual-goods] Getting Plex status for '29285645' on 'tranquility'
2023-12-10 22:01:23.091    app     info:    [authentication] Token for '28182799' on 'tranquility' has been successfully refreshed
2023-12-10 22:01:23.092    app     info:    [elg-events] Sending event    eve_launcher.electron.authentication.UserTokensRefreshed
2023-12-10 22:01:23.093    app     info:    [customer-information] Getting character information for '28182799' on 'tranquility'
2023-12-10 22:01:23.094    app     info:    [customer-information] Getting Omega status for '28182799' on 'tranquility'
2023-12-10 22:01:23.094    app     info:    [virtual-goods] Getting Plex status for '28182799' on 'tranquility'
2023-12-10 22:01:23.103    app     info:    [authentication] Token for '17525312' on 'tranquility' has been successfully refreshed
2023-12-10 22:01:23.105    app     info:    [elg-events] Sending event    eve_launcher.electron.authentication.UserTokensRefreshed
2023-12-10 22:01:23.106    app     info:    [customer-information] Getting character information for '17525312' on 'tranquility'
2023-12-10 22:01:23.106    app     info:    [customer-information] Getting Omega status for '17525312' on 'tranquility'
2023-12-10 22:01:23.106    app     info:    [virtual-goods] Getting Plex status for '17525312' on 'tranquility'
2023-12-10 22:01:23.116    app     info:    [authentication] Token for '26239201' on 'tranquility' has been successfully refreshed
2023-12-10 22:01:23.117    app     info:    [elg-events] Sending event    eve_launcher.electron.authentication.UserTokensRefreshed
2023-12-10 22:01:23.118    app     info:    [customer-information] Getting character information for '26239201' on 'tranquility'
2023-12-10 22:01:23.118    app     info:    [customer-information] Getting Omega status for '26239201' on 'tranquility'
2023-12-10 22:01:23.119    app     info:    [virtual-goods] Getting Plex status for '26239201' on 'tranquility'
2023-12-10 22:01:23.129    app     info:    [authentication] Token for '23622903' on 'tranquility' has been successfully refreshed
2023-12-10 22:01:23.131    app     info:    [elg-events] Sending event    eve_launcher.electron.authentication.UserTokensRefreshed
2023-12-10 22:01:23.132    app     info:    [customer-information] Getting character information for '23622903' on 'tranquility'
2023-12-10 22:01:23.132    app     info:    [customer-information] Getting Omega status for '23622903' on 'tranquility'
2023-12-10 22:01:23.132    app     info:    [virtual-goods] Getting Plex status for '23622903' on 'tranquility'
2023-12-10 22:01:23.143    app     info:    [authentication] Token for '18034259' on 'tranquility' has been successfully refreshed
2023-12-10 22:01:23.144    app     info:    [elg-events] Sending event    eve_launcher.electron.authentication.UserTokensRefreshed
2023-12-10 22:01:23.145    app     info:    [customer-information] Getting character information for '18034259' on 'tranquility'
2023-12-10 22:01:23.146    app     info:    [customer-information] Getting Omega status for '18034259' on 'tranquility'
2023-12-10 22:01:23.146    app     info:    [virtual-goods] Getting Plex status for '18034259' on 'tranquility'
2023-12-10 22:01:23.154    app     info:    [AuthenticationMiddleware] Successfully restored 10 / 10 users
2023-12-10 22:01:23.161    app     info:    info: [LaunchDarkly] LaunchDarkly client initialized    []
2023-12-10 22:01:23.161    app     info:    info: [LaunchDarkly] Opening stream connection to https://clientstream.launchdarkly.com/eval/64c3d12e27a4b11365012d39/eyJrZXkiOiI0YTQzNmFkYi00Yjk5LTQwYTctODViMC00MmUyMDZmNDEyODYiLCJraW5kIjoidXNlciIsImN1c3RvbSI6eyJpc0ZpcnN0UnVuIjpmYWxzZSwiZGF5c1NpbmNlRmlyc3RSdW4iOjEzLCJsYW5ndWFnZSI6ImVuIiwiYXBwbGljYXRpb24iOiJldmUtb25saW5lIiwidmVyc2lvbiI6IjEuMC4yIiwicGxhdGZvcm0iOiJ3aW5kb3dzIiwib3NWZXJzaW9uRGVwcmVjYXRlZCI6ZmFsc2UsInVzZXJJZHMiOlsxNjQ5MjM3NywxNzUyNTMxMiwxODAzNDI1OSwyMTEwMzExLDIzNjIyOTAzLDI1MjE4ODM1LDI2MjM5MjAxLDI4MTgyNzk5LDI5MjgwMjYwLDI5Mjg1NjQ1XSwiY2hhcmFjdGVySWRzIjpbMjExMzg3NTEzOSwyMTE0NjU2MTI3LDIxMTUwMzE4OTAsMjExNTQ1NzI5MSwyMTE4MjQ4MDQxLDIxMTkzNjE4OTEsMjEyMDM0NzYzNSwyMTIxMTc0NTQ1LDIxMjExNzQ4NzEsMjEyMTE3NTc3NiwyMTIxMTc3OTczLDIxMjExNzgxNzEsMjEyMTE3ODM5NiwyMTIxODUzMzM2LDIxMjE4NzgwNzQsNTc4NTY0Mzk0XSwib21lZ2FDb3VudCI6MCwiYWxwaGFDb3VudCI6MTAsImFjY291bnRDb3VudCI6MTAsIm9sZGVzdEFjY291bnRBZ2UiOjU5OTcsInlvdW5nZXN0QWNjb3VudEFnZSI6OX19?withReasons=true    []
2023-12-10 22:01:23.162    app     info:    [feature-flags] Client 4a436adb... ready, fetching flags
2023-12-10 22:01:23.166    app     info:    [feature-flags] Received 17 flags for client 4a436adb...
2023-12-10 22:01:23.166    app     info:    [feature-flags] Client initialized with key 4a436adb...
2023-12-10 22:01:23.168    app     info:    [self-update] Update feed set, starting update checks
2023-12-10 22:01:23.168    app     info:    [self-update] Starting automatic update checks
2023-12-10 22:01:23.168    app     info:    [self-update] Checking for a launcher update...
2023-12-10 22:01:23.199    app     info:    [server-manager] Previous Tranquility build: 2448565, current build: 2448565
2023-12-10 22:01:23.199    app     info:    [server-manager] Tranquility build is unchanged.
2023-12-10 22:01:23.204    app     info:    [server-manager] Ready to play!
2023-12-10 22:01:23.207    app     info:    [server-manager] Finished refresh cycle for Tranquility
2023-12-10 22:01:23.295    app     info:    [esi] Fetching character details for 2121174545
2023-12-10 22:01:23.305    app     info:    [esi] Fetching character details for 2121878074
2023-12-10 22:01:23.315    app     info:    [esi] Fetching character details for 2115031890, 2121177973
2023-12-10 22:01:23.323    app     info:    [esi] Fetching character details for 2114656127, 2121178396
2023-12-10 22:01:23.341    app     info:    [customer-information] Agreement status has been fetched for user '29280260'
2023-12-10 22:01:23.343    app     info:    [esi] Fetching character details for 2113875139, 2121174871
2023-12-10 22:01:23.351    app     info:    [esi] Fetching character details for 2121178171
2023-12-10 22:01:23.362    app     info:    [customer-information] Agreement status has been fetched for user '23622903'
2023-12-10 22:01:23.368    app     info:    [customer-information] Agreement status has been fetched for user '16492377'
2023-12-10 22:01:23.374    app     info:    [customer-information] Agreement status has been fetched for user '18034259'
2023-12-10 22:01:23.385    app     info:    [customer-information] Agreement status has been fetched for user '2110311'
2023-12-10 22:01:23.390    app     info:    [customer-information] Agreement status has been fetched for user '26239201'
2023-12-10 22:01:23.397    app     info:    [customer-information] Agreement status has been fetched for user '25218835'
2023-12-10 22:01:23.406    app     info:    [esi] Fetching character details for 2118248041, 2121175776
2023-12-10 22:01:23.421    app     info:    [esi] Fetching character details for 2119361891, 2120347635
2023-12-10 22:01:23.444    app     info:    [customer-information] Agreement status has been fetched for user '29285645'
2023-12-10 22:01:23.463    app     info:    [customer-information] Agreement status has been fetched for user '28182799'
2023-12-10 22:01:23.471    app     info:    [esi] Fetching character details for 578564394, 2115457291
2023-12-10 22:01:23.479    app     info:    [virtual-goods] Fetched Plex status for '16492377' on 'tranquility'
2023-12-10 22:01:23.485    app     info:    [AuthenticationMiddleware] User information updated
2023-12-10 22:01:23.487    app     info:    [esi] Fetching character details for 2121853336
2023-12-10 22:01:23.502    app     info:    [customer-information] Agreement status has been fetched for user '17525312'
2023-12-10 22:01:23.515    app     info:    [virtual-goods] Fetched Plex status for '28182799' on 'tranquility'
2023-12-10 22:01:23.521    app     info:    [AuthenticationMiddleware] User information updated
2023-12-10 22:01:23.548    app     info:    [virtual-goods] Fetched Plex status for '29285645' on 'tranquility'
2023-12-10 22:01:23.553    app     info:    [AuthenticationMiddleware] User information updated
2023-12-10 22:01:23.554    app     info:    [virtual-goods] Fetched Plex status for '18034259' on 'tranquility'
2023-12-10 22:01:23.558    app     info:    [AuthenticationMiddleware] User information updated
2023-12-10 22:01:23.559    app     info:    [virtual-goods] Fetched Plex status for '25218835' on 'tranquility'
2023-12-10 22:01:23.565    app     info:    [AuthenticationMiddleware] User information updated
2023-12-10 22:01:23.565    app     info:    [virtual-goods] Fetched Plex status for '23622903' on 'tranquility'
2023-12-10 22:01:23.571    app     info:    [AuthenticationMiddleware] User information updated
2023-12-10 22:01:23.576    app     info:    [self-update] Currently running the latest launcher version. Scheduling update check in 5 minutes.
2023-12-10 22:01:23.828    app     warn:    [steam-auth] Failed to initialize Steamworks client
2023-12-10 22:01:23.834    app     info:    [main-window] Registering main window    { windowId: 2 }
2023-12-10 22:01:23.844    app     info:    [cdn-trace] Fetching CDN trace data from https://binaries.eveonline.com/cdn-cgi/trace
2023-12-10 22:01:23.845    app     info:    [creatives] Requesting creatives
2023-12-10 22:01:23.850    app     info:    [elg-events] Sending event    eve_launcher.electron.application.RendererLoaded
2023-12-10 22:01:23.863    app     info:    [virtual-goods] Fetched Plex status for '17525312' on 'tranquility'
2023-12-10 22:01:23.868    app     info:    [AuthenticationMiddleware] User information updated
2023-12-10 22:01:23.869    app     info:    [virtual-goods] Fetched Plex status for '29280260' on 'tranquility'
2023-12-10 22:01:23.874    app     info:    [AuthenticationMiddleware] User information updated
2023-12-10 22:01:23.877    app     info:    [virtual-goods] Fetched Plex status for '26239201' on 'tranquility'
2023-12-10 22:01:23.882    app     info:    [AuthenticationMiddleware] User information updated
2023-12-10 22:01:23.882    app     info:    [virtual-goods] Fetched Plex status for '2110311' on 'tranquility'
2023-12-10 22:01:23.888    app     info:    [AuthenticationMiddleware] User information updated
2023-12-10 22:01:23.971    app     info:    [esi] Fetched 2 character details for 17525312
2023-12-10 22:01:23.973    app     info:    [esi] Fetched 1 character details for 26239201
2023-12-10 22:01:23.975    app     info:    [esi] Fetched 1 character details for 29285645
2023-12-10 22:01:23.977    app     info:    [esi] Fetched 1 character details for 28182799
2023-12-10 22:01:24.007    app     info:    [creatives] Received 3 creatives
2023-12-10 22:01:24.047    app     info:    [esi] Fetched 2 character details for 16492377
2023-12-10 22:01:24.055    app     info:    [esi] Fetched 2 character details for 18034259
2023-12-10 22:01:24.059    app     info:    [esi] Fetched 2 character details for 2110311
2023-12-10 22:01:24.073    app     info:    [esi] Fetched 1 character details for 29280260
2023-12-10 22:01:24.082    app     info:    [esi] Fetched 2 character details for 25218835
2023-12-10 22:01:24.141    app     info:    [esi] Fetched 2 character details for 23622903
2023-12-10 22:01:24.820     ui     info:    Initializing captcha    ccp://launcher/renderer/main_window/index.js    2
2023-12-10 22:01:31.590    app     info:    [analytics] Hardware rendering enabled:    true    { disabledViaCommandline: false, disabledViaSettings: false }
2023-12-10 22:01:31.840    app     info:    [AuthenticationMiddleware] Character information for '29285645' on 'tranquility' was loaded recently, skipping refresh.
2023-12-10 22:01:31.841    app     info:    [AuthenticationMiddleware] Plex information for '29285645' on 'tranquility' was loaded recently, skipping refresh.
2023-12-10 22:01:35.419    app     info:    [client-queue] Queued client startup    {
  product: 'eve-online',
  tenant: 'tranquility',
  userId: 29285645,
  characterId: 2121878074,
  profile: ''
}
2023-12-10 22:01:35.421    app     info:    [elg-events] Sending event    eve_launcher.electron.eve_client.ClientQueued
2023-12-10 22:01:35.422    app     info:    [client-queue] No clients running for tranquility, copying files before starting a client
2023-12-10 22:01:35.427    app     info:    [elg-events] Sending event    eve_launcher.electron.eve_client.CopyingFilesStarted
2023-12-10 22:01:35.428    app     info:    [binary-copier] Copying 198 files (217 MB) to 'C:\CCP\EVE Online\tq'
2023-12-10 22:01:35.478    app     info:    [binary-copier] Removing old binaries
2023-12-10 22:01:35.493    app     info:    [binary-copier] Copying binaries from ResFiles
2023-12-10 22:01:35.962    app     info:    [binary-copier] Finished copying 198 files to 'C:\CCP\EVE Online\tq' in 0.537 seconds
2023-12-10 22:01:35.964    app     info:    [elg-events] Sending event    eve_launcher.electron.eve_client.CopyingFilesFinished
2023-12-10 22:01:35.970    app     info:    [client-manager] Starting EVE Online game client.    C:\CCP\EVE Online\tq\bin64\exefile.exe    Map(11) {
  'noconsole' => '/noconsole',
  'server' => '/server:tranquility.servers.eveonline.com',
  'triplatform' => '/triplatform=dx12',
  'ssotoken' => '/ssoToken=***',
  'refreshtoken' => '/refreshToken=***',
  'settingsprofile' => '/settingsprofile=Default',
  'deviceid' => '/deviceID=4a436adb-4b99-40a7-85b0-42e206f41286',
  'autoselectcharacter' => '/autoSelectCharacter:2121878074',
  'language' => '/language=en',
  'exp' => '1702332080',
  'tokenExpires' => '2023-12-12 00:01:20.000'
}    29285645
2023-12-10 22:01:36.066    app     info:    [client-queue] Started client from group startup    {
  product: 'eve-online',
  tenant: 'tranquility',
  characterId: 2121878074,
  profile: '',
  userId: 29285645
}
2023-12-10 22:01:36.079    app     info:    [quasar-events] Sent 'eve_launcher.electron.eve_client.GameClientStartRequested'
2023-12-10 22:01:36.079    app     info:    [quasar-events] Sent 'eve_launcher.electron.eve_client.TemporaryClientProcessAdded'
2023-12-10 22:01:36.591    app     info:    [client-manager] Found 'tranquility' client for '29285645' running:     {
  processId: 7624,
  createdDate: 1702245696120,
  userId: 29285645,
  characterId: 2121878074,
  profile: 'Default',
  dxVersion: 'dx12'
}
2023-12-10 22:01:36.681    app     info:    [quasar-events] Sent 'eve_launcher.electron.eve_client.TemporaryClientProcessMonitoringRetried'
2023-12-10 22:01:36.681    app     info:    [quasar-events] Sent 'eve_launcher.electron.eve_client.GameClientStarted'
2023-12-10 22:01:36.682    app     info:    [quasar-events] Sent 'eve_launcher.electron.eve_client.TemporaryClientProcessRemoved'
2023-12-10 22:01:37.076    app     info:    [client-queue] Queue has stopped running, no more clients pending startup.
2023-12-10 22:01:46.575    app     info:    [AuthenticationMiddleware] Character information for '23622903' on 'tranquility' was loaded recently, skipping refresh.
2023-12-10 22:01:46.576    app     info:    [AuthenticationMiddleware] Plex information for '23622903' on 'tranquility' was loaded recently, skipping refresh.
2023-12-10 22:01:49.158    app     info:    [AuthenticationMiddleware] Character information for '29285645' on 'tranquility' was loaded recently, skipping refresh.
2023-12-10 22:01:49.158    app     info:    [AuthenticationMiddleware] Plex information for '29285645' on 'tranquility' was loaded recently, skipping refresh.
2023-12-10 22:01:53.170    app     warn:    Could not connect to LogLite    [
  Error: connect ECONNREFUSED 127.0.0.1:3273
      at TCPConnectWrap.afterConnect [as oncomplete] (node:net:1247:16) {
    errno: -4078,
    code: 'ECONNREFUSED',
    syscall: 'connect',
    address: '127.0.0.1',
    port: 3273
  }
]
2023-12-10 22:06:23.222    app     info:    [server-manager] Starting refresh cycle for eve-online / Tranquility
2023-12-10 22:06:23.362    app     info:    [server-manager] Previous Tranquility build: 2448565, current build: 2448565
2023-12-10 22:06:23.362    app     info:    [server-manager] Tranquility build is unchanged.
2023-12-10 22:06:23.368    app     info:    [server-manager] Ready to play!
2023-12-10 22:06:23.371    app     info:    [server-manager] Finished refresh cycle for Tranquility
2023-12-10 22:06:23.580    app     info:    [self-update] Checking for a launcher update...
2023-12-10 22:06:23.871    app     info:    [self-update] Currently running the latest launcher version. Scheduling update check in 5 minutes.
2023-12-10 22:11:23.381    app     info:    [server-manager] Starting refresh cycle for eve-online / Tranquility
2023-12-10 22:11:23.519    app     info:    [server-manager] Previous Tranquility build: 2448565, current build: 2448565
2023-12-10 22:11:23.519    app     info:    [server-manager] Tranquility build is unchanged.
2023-12-10 22:11:23.524    app     info:    [server-manager] Ready to play!
2023-12-10 22:11:23.527    app     info:    [server-manager] Finished refresh cycle for Tranquility
2023-12-10 22:11:23.878    app     info:    [self-update] Checking for a launcher update...
2023-12-10 22:11:24.170    app     info:    [self-update] Currently running the latest launcher version. Scheduling update check in 5 minutes.
2023-12-10 22:16:23.538    app     info:    [server-manager] Starting refresh cycle for eve-online / Tranquility
2023-12-10 22:16:23.655    app     info:    [server-manager] Previous Tranquility build: 2448565, current build: 2448565
2023-12-10 22:16:23.655    app     info:    [server-manager] Tranquility build is unchanged.
2023-12-10 22:16:23.662    app     info:    [server-manager] Ready to play!
2023-12-10 22:16:23.666    app     info:    [server-manager] Finished refresh cycle for Tranquility
2023-12-10 22:16:24.180    app     info:    [self-update] Checking for a launcher update...
2023-12-10 22:16:24.469    app     info:    [self-update] Currently running the latest launcher version. Scheduling update check in 5 minutes.
2023-12-10 22:21:23.681    app     info:    [server-manager] Starting refresh cycle for eve-online / Tranquility
2023-12-10 22:21:23.803    app     info:    [server-manager] Previous Tranquility build: 2448565, current build: 2448565
2023-12-10 22:21:23.804    app     info:    [server-manager] Tranquility build is unchanged.
2023-12-10 22:21:23.809    app     info:    [server-manager] Ready to play!
2023-12-10 22:21:23.812    app     info:    [server-manager] Finished refresh cycle for Tranquility
2023-12-10 22:21:24.470    app     info:    [self-update] Checking for a launcher update...
2023-12-10 22:21:24.764    app     info:    [self-update] Currently running the latest launcher version. Scheduling update check in 5 minutes.
2023-12-10 22:26:23.821    app     info:    [server-manager] Starting refresh cycle for eve-online / Tranquility
2023-12-10 22:26:23.942    app     info:    [server-manager] Previous Tranquility build: 2448565, current build: 2448565
2023-12-10 22:26:23.942    app     info:    [server-manager] Tranquility build is unchanged.
2023-12-10 22:26:23.947    app     info:    [server-manager] Ready to play!
2023-12-10 22:26:23.949    app     info:    [server-manager] Finished refresh cycle for Tranquility
2023-12-10 22:26:24.766    app     info:    [self-update] Checking for a launcher update...
2023-12-10 22:26:25.089    app     info:    [self-update] Currently running the latest launcher version. Scheduling update check in 5 minutes.
2023-12-10 22:31:23.962    app     info:    [server-manager] Starting refresh cycle for eve-online / Tranquility
2023-12-10 22:31:24.171    app     info:    [server-manager] Previous Tranquility build: 2448565, current build: 2448565
2023-12-10 22:31:24.171    app     info:    [server-manager] Tranquility build is unchanged.
2023-12-10 22:31:24.176    app     info:    [server-manager] Ready to play!
2023-12-10 22:31:24.179    app     info:    [server-manager] Finished refresh cycle for Tranquility
2023-12-10 22:31:25.095    app     info:    [self-update] Checking for a launcher update...
2023-12-10 22:31:25.391    app     info:    [self-update] Currently running the latest launcher version. Scheduling update check in 5 minutes.
2023-12-10 22:36:24.181    app     info:    [server-manager] Starting refresh cycle for eve-online / Tranquility
2023-12-10 22:36:24.302    app     info:    [server-manager] Previous Tranquility build: 2448565, current build: 2448565
2023-12-10 22:36:24.302    app     info:    [server-manager] Tranquility build is unchanged.
2023-12-10 22:36:24.307    app     info:    [server-manager] Ready to play!
2023-12-10 22:36:24.310    app     info:    [server-manager] Finished refresh cycle for Tranquility
2023-12-10 22:36:25.406    app     info:    [self-update] Checking for a launcher update...
2023-12-10 22:36:25.723    app     info:    [self-update] Currently running the latest launcher version. Scheduling update check in 5 minutes.
2023-12-10 22:41:24.321    app     info:    [server-manager] Starting refresh cycle for eve-online / Tranquility
2023-12-10 22:41:24.451    app     info:    [server-manager] Previous Tranquility build: 2448565, current build: 2448565
2023-12-10 22:41:24.451    app     info:    [server-manager] Tranquility build is unchanged.
2023-12-10 22:41:24.455    app     info:    [server-manager] Ready to play!
2023-12-10 22:41:24.458    app     info:    [server-manager] Finished refresh cycle for Tranquility
2023-12-10 22:41:25.735    app     info:    [self-update] Checking for a launcher update...
2023-12-10 22:41:26.019    app     info:    [self-update] Currently running the latest launcher version. Scheduling update check in 5 minutes.
2023-12-10 22:46:24.466    app     info:    [server-manager] Starting refresh cycle for eve-online / Tranquility
2023-12-10 22:46:24.586    app     info:    [server-manager] Previous Tranquility build: 2448565, current build: 2448565
2023-12-10 22:46:24.586    app     info:    [server-manager] Tranquility build is unchanged.
2023-12-10 22:46:24.591    app     info:    [server-manager] Ready to play!
2023-12-10 22:46:24.595    app     info:    [server-manager] Finished refresh cycle for Tranquility
2023-12-10 22:46:26.028    app     info:    [self-update] Checking for a launcher update...
2023-12-10 22:46:26.317    app     info:    [self-update] Currently running the latest launcher version. Scheduling update check in 5 minutes.
2023-12-10 22:51:24.600    app     info:    [server-manager] Starting refresh cycle for eve-online / Tranquility
2023-12-10 22:51:24.806    app     info:    [server-manager] Previous Tranquility build: 2448565, current build: 2448565
2023-12-10 22:51:24.806    app     info:    [server-manager] Tranquility build is unchanged.
2023-12-10 22:51:24.811    app     info:    [server-manager] Ready to play!
2023-12-10 22:51:24.815    app     info:    [server-manager] Finished refresh cycle for Tranquility
2023-12-10 22:51:26.332    app     info:    [self-update] Checking for a launcher update...
2023-12-10 22:51:26.628    app     info:    [self-update] Currently running the latest launcher version. Scheduling update check in 5 minutes.
2023-12-10 22:56:24.832    app     info:    [server-manager] Starting refresh cycle for eve-online / Tranquility
2023-12-10 22:56:24.976    app     info:    [server-manager] Previous Tranquility build: 2448565, current build: 2448565
2023-12-10 22:56:24.977    app     info:    [server-manager] Tranquility build is unchanged.
2023-12-10 22:56:24.981    app     info:    [server-manager] Ready to play!
2023-12-10 22:56:24.985    app     info:    [server-manager] Finished refresh cycle for Tranquility
2023-12-10 22:56:26.635    app     info:    [self-update] Checking for a launcher update...
2023-12-10 22:56:26.933    app     info:    [self-update] Currently running the latest launcher version. Scheduling update check in 5 minutes.
2023-12-10 23:01:23.854    app     info:    [creatives] Requesting creatives
2023-12-10 23:01:23.968    app     info:    [creatives] Received 3 creatives
2023-12-10 23:01:24.990    app     info:    [server-manager] Starting refresh cycle for eve-online / Tranquility
2023-12-10 23:01:25.139    app     info:    [server-manager] Previous Tranquility build: 2448565, current build: 2448565
2023-12-10 23:01:25.139    app     info:    [server-manager] Tranquility build is unchanged.
2023-12-10 23:01:25.143    app     info:    [server-manager] Ready to play!
2023-12-10 23:01:25.146    app     info:    [server-manager] Finished refresh cycle for Tranquility
2023-12-10 23:01:26.944    app     info:    [self-update] Checking for a launcher update...
2023-12-10 23:01:27.234    app     info:    [self-update] Currently running the latest launcher version. Scheduling update check in 5 minutes.
2023-12-10 23:06:25.152    app     info:    [server-manager] Starting refresh cycle for eve-online / Tranquility
2023-12-10 23:06:25.291    app     info:    [server-manager] Previous Tranquility build: 2448565, current build: 2448565
2023-12-10 23:06:25.292    app     info:    [server-manager] Tranquility build is unchanged.
2023-12-10 23:06:25.297    app     info:    [server-manager] Ready to play!
2023-12-10 23:06:25.300    app     info:    [server-manager] Finished refresh cycle for Tranquility
2023-12-10 23:06:27.248    app     info:    [self-update] Checking for a launcher update...
2023-12-10 23:06:27.533    app     info:    [self-update] Currently running the latest launcher version. Scheduling update check in 5 minutes.
2023-12-10 23:11:25.311    app     info:    [server-manager] Starting refresh cycle for eve-online / Tranquility
2023-12-10 23:11:25.441    app     info:    [server-manager] Previous Tranquility build: 2448565, current build: 2448565
2023-12-10 23:11:25.442    app     info:    [server-manager] Tranquility build is unchanged.
2023-12-10 23:11:25.447    app     info:    [server-manager] Ready to play!
2023-12-10 23:11:25.450    app     info:    [server-manager] Finished refresh cycle for Tranquility
2023-12-10 23:11:27.543    app     info:    [self-update] Checking for a launcher update...
2023-12-10 23:11:27.835    app     info:    [self-update] Currently running the latest launcher version. Scheduling update check in 5 minutes.
2023-12-10 23:16:25.465    app     info:    [server-manager] Starting refresh cycle for eve-online / Tranquility
2023-12-10 23:16:25.595    app     info:    [server-manager] Previous Tranquility build: 2448565, current build: 2448565
2023-12-10 23:16:25.595    app     info:    [server-manager] Tranquility build is unchanged.
2023-12-10 23:16:25.600    app     info:    [server-manager] Ready to play!
2023-12-10 23:16:25.603    app     info:    [server-manager] Finished refresh cycle for Tranquility
2023-12-10 23:16:27.843    app     info:    [self-update] Checking for a launcher update...
2023-12-10 23:16:28.133    app     info:    [self-update] Currently running the latest launcher version. Scheduling update check in 5 minutes.
2023-12-10 23:21:25.607    app     info:    [server-manager] Starting refresh cycle for eve-online / Tranquility
2023-12-10 23:21:25.733    app     info:    [server-manager] Previous Tranquility build: 2448565, current build: 2448565
2023-12-10 23:21:25.733    app     info:    [server-manager] Tranquility build is unchanged.
2023-12-10 23:21:25.739    app     info:    [server-manager] Ready to play!
2023-12-10 23:21:25.742    app     info:    [server-manager] Finished refresh cycle for Tranquility
2023-12-10 23:21:28.139    app     info:    [self-update] Checking for a launcher update...
2023-12-10 23:21:28.424    app     info:    [self-update] Currently running the latest launcher version. Scheduling update check in 5 minutes.
2023-12-10 23:26:25.751    app     info:    [server-manager] Starting refresh cycle for eve-online / Tranquility
2023-12-10 23:26:25.867    app     info:    [server-manager] Previous Tranquility build: 2448565, current build: 2448565
2023-12-10 23:26:25.867    app     info:    [server-manager] Tranquility build is unchanged.
2023-12-10 23:26:25.873    app     info:    [server-manager] Ready to play!
2023-12-10 23:26:25.876    app     info:    [server-manager] Finished refresh cycle for Tranquility
2023-12-10 23:26:28.433    app     info:    [self-update] Checking for a launcher update...
2023-12-10 23:26:28.714    app     info:    [self-update] Currently running the latest launcher version. Scheduling update check in 5 minutes.
2023-12-10 23:31:25.888    app     info:    [server-manager] Starting refresh cycle for eve-online / Tranquility
2023-12-10 23:31:26.040    app     info:    [server-manager] Previous Tranquility build: 2448565, current build: 2448565
2023-12-10 23:31:26.040    app     info:    [server-manager] Tranquility build is unchanged.
2023-12-10 23:31:26.046    app     info:    [server-manager] Ready to play!
2023-12-10 23:31:26.049    app     info:    [server-manager] Finished refresh cycle for Tranquility
2023-12-10 23:31:28.722    app     info:    [self-update] Checking for a launcher update...
2023-12-10 23:31:29.002    app     info:    [self-update] Currently running the latest launcher version. Scheduling update check in 5 minutes.
2023-12-10 23:31:35.852    app     info:    [client-manager] 'tranquility' for EVE game client for '29285645' exited with no errors.
2023-12-10 23:31:35.862    app     info:    [server-manager] Starting refresh cycle for eve-online / Tranquility
2023-12-10 23:31:35.965    app     info:    [quasar-events] Sent 'eve_launcher.electron.eve_client.GameClientExited'
2023-12-10 23:31:35.976    app     info:    [server-manager] Previous Tranquility build: 2448565, current build: 2448565
2023-12-10 23:31:35.976    app     info:    [server-manager] Tranquility build is unchanged.
2023-12-10 23:31:35.981    app     info:    [server-manager] Ready to play!
2023-12-10 23:31:35.984    app     info:    [server-manager] Finished refresh cycle for Tranquility
2023-12-10 23:31:44.642    app     info:    [main-window] Main window minimized to tray    { windowId: 2 }
2023-12-10 23:31:44.658    app     info:    [main-window] Sent notification that the application is minimized to tray    { windowId: 2 }
2023-12-10 23:31:44.665    app     info:    [ipc-requests] Handling requests in the background
2023-12-10 23:31:45.669    app     info:    [ipc-requests] No longer handling requests in the background
