2023-12-12 14:29:00.494    app     info:    [migrations] Running 1 migrations
2023-12-12 14:29:00.590    app     info:    Startup arguments    []
2023-12-12 14:29:00.593    app     info:    [self-update] Starting automatic update checks
2023-12-12 14:29:00.594    app     info:    [self-update] Waiting for update feed before starting update checks
2023-12-12 14:29:00.680    app     info:    [i18next] Changed language    en
2023-12-12 14:29:00.718    app     info:    [authentication] Token for '16492377' on 'tranquility' is expired, refresh is required
2023-12-12 14:29:00.718    app     info:    [authentication] Refreshing token for '16492377' on 'tranquility'
2023-12-12 14:29:00.719    app     info:    [authentication] Token for '17525312' on 'tranquility' is expired, refresh is required
2023-12-12 14:29:00.719    app     info:    [authentication] Refreshing token for '17525312' on 'tranquility'
2023-12-12 14:29:00.719    app     info:    [authentication] Token for '25218835' on 'tranquility' is expired, refresh is required
2023-12-12 14:29:00.720    app     info:    [authentication] Refreshing token for '25218835' on 'tranquility'
2023-12-12 14:29:00.720    app     info:    [AuthenticationMiddleware] Character information for '29280260' on 'tranquility' was loaded recently, skipping refresh.
2023-12-12 14:29:00.721    app     info:    [AuthenticationMiddleware] Plex information for '29280260' on 'tranquility' was loaded recently, skipping refresh.
2023-12-12 14:29:00.723    app     info:    [AuthenticationMiddleware] Character information for '29285645' on 'tranquility' was loaded recently, skipping refresh.
2023-12-12 14:29:00.724    app     info:    [AuthenticationMiddleware] Plex information for '29285645' on 'tranquility' was loaded recently, skipping refresh.
2023-12-12 14:29:00.724    app     info:    [authentication] Token for '18034259' on 'tranquility' is expired, refresh is required
2023-12-12 14:29:00.724    app     info:    [authentication] Refreshing token for '18034259' on 'tranquility'
2023-12-12 14:29:00.725    app     info:    [authentication] Token for '28182799' on 'tranquility' is expired, refresh is required
2023-12-12 14:29:00.725    app     info:    [authentication] Refreshing token for '28182799' on 'tranquility'
2023-12-12 14:29:00.725    app     info:    [authentication] Token for '2110311' on 'tranquility' is expired, refresh is required
2023-12-12 14:29:00.726    app     info:    [authentication] Refreshing token for '2110311' on 'tranquility'
2023-12-12 14:29:00.726    app     info:    [authentication] Token for '23622903' on 'tranquility' is expired, refresh is required
2023-12-12 14:29:00.726    app     info:    [authentication] Refreshing token for '23622903' on 'tranquility'
2023-12-12 14:29:00.727    app     info:    [authentication] Token for '26239201' on 'tranquility' is expired, refresh is required
2023-12-12 14:29:00.727    app     info:    [authentication] Refreshing token for '26239201' on 'tranquility'
2023-12-12 14:29:00.727    app     info:    [device-id] Device id found in state
2023-12-12 14:29:00.736    app     info:    [analytics] Application name:    EVE Online
2023-12-12 14:29:00.737    app     info:    [analytics] Application version:    1.1.0
2023-12-12 14:29:00.737    app     info:    [analytics] Domain    undefined
2023-12-12 14:29:00.737    app     info:    [analytics] Working directory    C:\Users\REDACTED\AppData\Local\eve-online\app-1.1.0
2023-12-12 14:29:00.738    app     info:    [analytics] Username contains UTF8?    false
2023-12-12 14:29:01.543    app     info:    [elg-events] Sending event    eve_launcher.electron.application.PdmLoaded
2023-12-12 14:29:01.546    app     info:    [analytics] Operating system    {
  type: 'Windows',
  name: 'Windows 10 Education',
  version: '10.0 (19045)'
}
2023-12-12 14:29:01.547    app     info:    [analytics] Encryption available:    true
2023-12-12 14:29:01.547    app     info:    [analytics] Machine UUID    4E9F516C-5B97-47C6-8C67-E93D943CB7C8
2023-12-12 14:29:01.547    app     info:    [analytics] PDM Version    2.1.4
2023-12-12 14:29:01.547    app     info:    [analytics] Release channel    release
2023-12-12 14:29:01.549    app     info:    [initializers] Shared cache directory set to    C:\CCP\EVE Online
2023-12-12 14:29:01.560    app     info:    [initializers] Shared cache drive free space: 61,52 GiB / 465,75 GiB
2023-12-12 14:29:01.567    app     info:    [elg-events] Sending event    eve_launcher.electron.application.LauncherStarted
2023-12-12 14:29:01.571    app     info:    [elg-events] Sending event    eve_launcher.electron.application.CoreDataLoaded
2023-12-12 14:29:01.571    app     info:    [cdn-trace] Fetching CDN trace data from https://binaries.eveonline.com/cdn-cgi/trace
2023-12-12 14:29:01.587    app     info:    [feature-flags] Initializing feature flag client
2023-12-12 14:29:01.651    app     info:    [first-run] First application run was at 2023-11-27T10:29:20.506Z
2023-12-12 14:29:01.682    app     info:    [cache-protocol] Found 0 entries to remove
2023-12-12 14:29:01.682    app     info:    [cache-protocol] Nothing to clean up.
2023-12-12 14:29:01.740    app     info:    [server-manager] Starting refresh cycle for eve-online / Tranquility
2023-12-12 14:29:01.777    app     info:    [customer-information] Agreements have been updated
2023-12-12 14:29:01.821    app     info:    info: [LaunchDarkly] LaunchDarkly client initialized    []
2023-12-12 14:29:01.821    app     info:    info: [LaunchDarkly] Opening stream connection to https://clientstream.launchdarkly.com/eval/64c3d12e27a4b11365012d39/eyJrZXkiOiI0YTQzNmFkYi00Yjk5LTQwYTctODViMC00MmUyMDZmNDEyODYiLCJraW5kIjoidXNlciIsImN1c3RvbSI6eyJpc0ZpcnN0UnVuIjpmYWxzZSwiZGF5c1NpbmNlRmlyc3RSdW4iOjE1LCJsYW5ndWFnZSI6ImVuIiwiYXBwbGljYXRpb24iOiJldmUtb25saW5lIiwidmVyc2lvbiI6IjEuMS4wIiwicGxhdGZvcm0iOiJ3aW5kb3dzIiwib3NWZXJzaW9uRGVwcmVjYXRlZCI6ZmFsc2UsInVzZXJJZHMiOlsyNTIxODgzNSwyNjIzOTIwMSwyMTEwMzExLDI5Mjg1NjQ1XSwib21lZ2FDb3VudCI6MCwiYWxwaGFDb3VudCI6MTAsImFjY291bnRDb3VudCI6MTAsIm9sZGVzdEFjY291bnRBZ2UiOjU5OTgsInlvdW5nZXN0QWNjb3VudEFnZSI6MTF9fQ?withReasons=true    []
2023-12-12 14:29:01.823    app     info:    [feature-flags] Client 4a436adb... ready, fetching flags
2023-12-12 14:29:01.827    app     info:    [feature-flags] Received 17 flags for client 4a436adb...
2023-12-12 14:29:01.827    app     info:    [feature-flags] Client initialized with key 4a436adb...
2023-12-12 14:29:01.829    app     info:    [self-update] Update feed set, starting update checks
2023-12-12 14:29:01.829    app     info:    [self-update] Starting automatic update checks
2023-12-12 14:29:01.830    app     info:    [self-update] Checking for a launcher update...
2023-12-12 14:29:01.864    app     info:    [authentication] Token for '2110311' on 'tranquility' has been successfully refreshed
2023-12-12 14:29:01.866    app     info:    [elg-events] Sending event    eve_launcher.electron.authentication.UserTokensRefreshed
2023-12-12 14:29:01.867    app     info:    [customer-information] Getting character information for '2110311' on 'tranquility'
2023-12-12 14:29:01.868    app     info:    [customer-information] Getting Omega status for '2110311' on 'tranquility'
2023-12-12 14:29:01.868    app     info:    [virtual-goods] Getting Plex status for '2110311' on 'tranquility'
2023-12-12 14:29:01.879    app     info:    [authentication] Token for '25218835' on 'tranquility' has been successfully refreshed
2023-12-12 14:29:01.881    app     info:    [elg-events] Sending event    eve_launcher.electron.authentication.UserTokensRefreshed
2023-12-12 14:29:01.882    app     info:    [AuthenticationMiddleware] Character information for '25218835' on 'tranquility' was loaded recently, skipping refresh.
2023-12-12 14:29:01.882    app     info:    [AuthenticationMiddleware] Plex information for '25218835' on 'tranquility' was loaded recently, skipping refresh.
2023-12-12 14:29:01.891    app     info:    [AuthenticationMiddleware] User information updated
2023-12-12 14:29:01.891    app     info:    [authentication] Token for '28182799' on 'tranquility' has been successfully refreshed
2023-12-12 14:29:01.893    app     info:    [elg-events] Sending event    eve_launcher.electron.authentication.UserTokensRefreshed
2023-12-12 14:29:01.894    app     info:    [AuthenticationMiddleware] Character information for '28182799' on 'tranquility' was loaded recently, skipping refresh.
2023-12-12 14:29:01.894    app     info:    [AuthenticationMiddleware] Plex information for '28182799' on 'tranquility' was loaded recently, skipping refresh.
2023-12-12 14:29:01.902    app     info:    [AuthenticationMiddleware] User information updated
2023-12-12 14:29:01.902    app     info:    [authentication] Token for '16492377' on 'tranquility' has been successfully refreshed
2023-12-12 14:29:01.903    app     info:    [elg-events] Sending event    eve_launcher.electron.authentication.UserTokensRefreshed
2023-12-12 14:29:01.904    app     info:    [AuthenticationMiddleware] Character information for '16492377' on 'tranquility' was loaded recently, skipping refresh.
2023-12-12 14:29:01.905    app     info:    [AuthenticationMiddleware] Plex information for '16492377' on 'tranquility' was loaded recently, skipping refresh.
2023-12-12 14:29:01.912    app     info:    [AuthenticationMiddleware] User information updated
2023-12-12 14:29:01.913    app     info:    [authentication] Token for '17525312' on 'tranquility' has been successfully refreshed
2023-12-12 14:29:01.914    app     info:    [elg-events] Sending event    eve_launcher.electron.authentication.UserTokensRefreshed
2023-12-12 14:29:01.915    app     info:    [AuthenticationMiddleware] Character information for '17525312' on 'tranquility' was loaded recently, skipping refresh.
2023-12-12 14:29:01.915    app     info:    [AuthenticationMiddleware] Plex information for '17525312' on 'tranquility' was loaded recently, skipping refresh.
2023-12-12 14:29:01.923    app     info:    [AuthenticationMiddleware] User information updated
2023-12-12 14:29:01.923    app     info:    [authentication] Token for '18034259' on 'tranquility' has been successfully refreshed
2023-12-12 14:29:01.926    app     info:    [elg-events] Sending event    eve_launcher.electron.authentication.UserTokensRefreshed
2023-12-12 14:29:01.927    app     info:    [AuthenticationMiddleware] Character information for '18034259' on 'tranquility' was loaded recently, skipping refresh.
2023-12-12 14:29:01.927    app     info:    [AuthenticationMiddleware] Plex information for '18034259' on 'tranquility' was loaded recently, skipping refresh.
2023-12-12 14:29:01.934    app     info:    [AuthenticationMiddleware] User information updated
2023-12-12 14:29:01.935    app     info:    [authentication] Token for '23622903' on 'tranquility' has been successfully refreshed
2023-12-12 14:29:01.936    app     info:    [elg-events] Sending event    eve_launcher.electron.authentication.UserTokensRefreshed
2023-12-12 14:29:01.937    app     info:    [AuthenticationMiddleware] Character information for '23622903' on 'tranquility' was loaded recently, skipping refresh.
2023-12-12 14:29:01.937    app     info:    [AuthenticationMiddleware] Plex information for '23622903' on 'tranquility' was loaded recently, skipping refresh.
2023-12-12 14:29:01.945    app     info:    [AuthenticationMiddleware] User information updated
2023-12-12 14:29:01.946    app     info:    [authentication] Token for '26239201' on 'tranquility' has been successfully refreshed
2023-12-12 14:29:01.947    app     info:    [elg-events] Sending event    eve_launcher.electron.authentication.UserTokensRefreshed
2023-12-12 14:29:01.948    app     info:    [AuthenticationMiddleware] Character information for '26239201' on 'tranquility' was loaded recently, skipping refresh.
2023-12-12 14:29:01.949    app     info:    [AuthenticationMiddleware] Plex information for '26239201' on 'tranquility' was loaded recently, skipping refresh.
2023-12-12 14:29:01.956    app     info:    [AuthenticationMiddleware] Successfully restored 12 / 12 users
2023-12-12 14:29:01.957    app     info:    [AuthenticationMiddleware] User information updated
2023-12-12 14:29:01.960    app     info:    [server-manager] Previous Tranquility build: 2450028, current build: 2450028
2023-12-12 14:29:01.960    app     info:    [server-manager] Tranquility build is unchanged.
2023-12-12 14:29:01.965    app     info:    [server-manager] Ready to play!
2023-12-12 14:29:01.968    app     info:    [server-manager] Finished refresh cycle for Tranquility
2023-12-12 14:29:02.049    app     info:    [esi] Fetching character details for 578564394, 2115457291
2023-12-12 14:29:02.080    app     info:    [virtual-goods] Fetched Plex status for '2110311' on 'tranquility'
2023-12-12 14:29:02.085    app     info:    [AuthenticationMiddleware] User information updated
2023-12-12 14:29:02.119    app     info:    [self-update] Currently running the latest launcher version. Scheduling update check in 5 minutes.
2023-12-12 14:29:02.411    app     warn:    [steam-auth] Failed to initialize Steamworks client
2023-12-12 14:29:02.418    app     info:    [main-window] Registering main window    { windowId: 2 }
2023-12-12 14:29:02.428    app     info:    [cdn-trace] Fetching CDN trace data from https://binaries.eveonline.com/cdn-cgi/trace
2023-12-12 14:29:02.430    app     info:    [creatives] Requesting creatives
2023-12-12 14:29:02.441    app     info:    [elg-events] Sending event    eve_launcher.electron.application.RendererLoaded
2023-12-12 14:29:02.690    app     info:    [creatives] Received 3 creatives
2023-12-12 14:29:02.699    app     info:    [esi] Fetched 2 character details for 2110311
2023-12-12 14:29:03.361     ui     info:    Initializing captcha    ccp://launcher/renderer/main_window/index.js    2
2023-12-12 14:29:10.489    app     info:    [analytics] Hardware rendering enabled:    true    { disabledViaCommandline: false, disabledViaSettings: false }
2023-12-12 14:29:15.250    app     info:    [tray] Quitting application from tray
2023-12-12 14:29:15.252    app     info:    Application quitting. Cleanup needed: true
2023-12-12 14:29:15.255    app     info:    [elg-events] Sending event    eve_launcher.electron.application.LauncherShutdown
2023-12-12 14:29:15.256    app     info:    app.quit called, but we are still sending ELG events.
2023-12-12 14:29:15.881    app     info:    ELG stream closed, quitting.
2023-12-12 14:29:15.884    app     info:    [main-window] Main window closing    { windowId: 2 }
2023-12-12 14:29:15.893    app     info:    [ipc-requests] Handling requests in the background
2023-12-12 14:29:15.901    app     info:    Application closed    0
