2023-12-20 01:27:34.826    app     info:    [migrations] Running 1 migrations
2023-12-20 01:27:34.941    app     info:    Startup arguments    []
2023-12-20 01:27:34.945    app     info:    [self-update] Starting automatic update checks
2023-12-20 01:27:34.945    app     info:    [self-update] Waiting for update feed before starting update checks
2023-12-20 01:27:34.948    app     info:    [preload] High DPI scaling enabled by settings
2023-12-20 01:27:35.079    app     info:    [i18next] Changed language    en
2023-12-20 01:27:35.191    app     info:    [authentication] Token for '16492377' on 'tranquility' is expired, refresh is required
2023-12-20 01:27:35.192    app     info:    [authentication] Refreshing token for '16492377' on 'tranquility'
2023-12-20 01:27:35.192    app     info:    [authentication] Token for '17525312' on 'tranquility' is expired, refresh is required
2023-12-20 01:27:35.193    app     info:    [authentication] Refreshing token for '17525312' on 'tranquility'
2023-12-20 01:27:35.193    app     info:    [authentication] Token for '25218835' on 'tranquility' is expired, refresh is required
2023-12-20 01:27:35.193    app     info:    [authentication] Refreshing token for '25218835' on 'tranquility'
2023-12-20 01:27:35.194    app     info:    [customer-information] Getting character information for '29280260' on 'tranquility'
2023-12-20 01:27:35.194    app     info:    [customer-information] Getting Omega status for '29280260' on 'tranquility'
2023-12-20 01:27:35.194    app     info:    [virtual-goods] Getting Plex status for '29280260' on 'tranquility'
2023-12-20 01:27:35.196    app     info:    [customer-information] Getting character information for '29285645' on 'tranquility'
2023-12-20 01:27:35.197    app     info:    [customer-information] Getting Omega status for '29285645' on 'tranquility'
2023-12-20 01:27:35.197    app     info:    [virtual-goods] Getting Plex status for '29285645' on 'tranquility'
2023-12-20 01:27:35.197    app     info:    [authentication] Token for '18034259' on 'tranquility' is expired, refresh is required
2023-12-20 01:27:35.197    app     info:    [authentication] Refreshing token for '18034259' on 'tranquility'
2023-12-20 01:27:35.197    app     info:    [authentication] Token for '28182799' on 'tranquility' is expired, refresh is required
2023-12-20 01:27:35.198    app     info:    [authentication] Refreshing token for '28182799' on 'tranquility'
2023-12-20 01:27:35.198    app     info:    [authentication] Token for '2110311' on 'tranquility' is expired, refresh is required
2023-12-20 01:27:35.198    app     info:    [authentication] Refreshing token for '2110311' on 'tranquility'
2023-12-20 01:27:35.198    app     info:    [authentication] Token for '23622903' on 'tranquility' is expired, refresh is required
2023-12-20 01:27:35.199    app     info:    [authentication] Refreshing token for '23622903' on 'tranquility'
2023-12-20 01:27:35.199    app     info:    [authentication] Token for '26239201' on 'tranquility' is expired, refresh is required
2023-12-20 01:27:35.199    app     info:    [authentication] Refreshing token for '26239201' on 'tranquility'
2023-12-20 01:27:35.199    app     info:    [authentication] Token for '18922386' on 'tranquility' is expired, refresh is required
2023-12-20 01:27:35.199    app     info:    [authentication] Refreshing token for '18922386' on 'tranquility'
2023-12-20 01:27:35.200    app     info:    [authentication] Token for '18000247' on 'tranquility' is expired, refresh is required
2023-12-20 01:27:35.200    app     info:    [authentication] Refreshing token for '18000247' on 'tranquility'
2023-12-20 01:27:35.200    app     info:    [device-id] Device id found in state
2023-12-20 01:27:35.211    app     info:    [analytics] Application name:    EVE Online
2023-12-20 01:27:35.211    app     info:    [analytics] Application version:    1.2.0
2023-12-20 01:27:35.211    app     info:    [analytics] Domain    undefined
2023-12-20 01:27:35.212    app     info:    [analytics] Working directory    C:\Users\REDACTED\AppData\Local\eve-online\app-1.2.0
2023-12-20 01:27:35.212    app     info:    [analytics] Username contains UTF8?    false
2023-12-20 01:27:35.982    app     info:    [elg-events] Sending event    eve_launcher.electron.application.PdmLoaded
2023-12-20 01:27:35.985    app     info:    [analytics] Operating system    {
  type: 'Windows',
  name: 'Windows 10 Education',
  version: '10.0 (19045)'
}
2023-12-20 01:27:35.986    app     info:    [analytics] Encryption available:    true
2023-12-20 01:27:35.987    app     info:    [analytics] Machine UUID    4E9F516C-5B97-47C6-8C67-E93D943CB7C8
2023-12-20 01:27:35.987    app     info:    [analytics] PDM Version    2.1.4
2023-12-20 01:27:35.987    app     info:    [analytics] Release channel    release
2023-12-20 01:27:35.992    app     info:    [initializers] Shared cache directory set to    C:\CCP\EVE Online
2023-12-20 01:27:36.019    app     info:    [initializers] Shared cache drive free space: 109,98 GiB / 465,75 GiB
2023-12-20 01:27:36.028    app     info:    [elg-events] Sending event    eve_launcher.electron.application.LauncherStarted
2023-12-20 01:27:36.031    app     info:    [elg-events] Sending event    eve_launcher.electron.application.CoreDataLoaded
2023-12-20 01:27:36.032    app     info:    [cdn-trace] Fetching CDN trace data from https://binaries.eveonline.com/cdn-cgi/trace
2023-12-20 01:27:36.047    app     info:    [feature-flags] Initializing feature flag client
2023-12-20 01:27:36.151    app     info:    [first-run] First application run was at 2023-11-27T10:29:20.506Z
2023-12-20 01:27:36.198    app     info:    [cache-protocol] Found 0 entries to remove
2023-12-20 01:27:36.198    app     info:    [cache-protocol] Nothing to clean up.
2023-12-20 01:27:36.242    app     info:    [server-manager] Starting refresh cycle for eve-online / Tranquility
2023-12-20 01:27:36.265    app     info:    [customer-information] Agreements have been updated
2023-12-20 01:27:36.316    app     info:    info: [LaunchDarkly] LaunchDarkly client initialized    []
2023-12-20 01:27:36.316    app     info:    info: [LaunchDarkly] Opening stream connection to https://clientstream.launchdarkly.com/eval/64c3d12e27a4b11365012d39/eyJrZXkiOiI0YTQzNmFkYi00Yjk5LTQwYTctODViMC00MmUyMDZmNDEyODYiLCJraW5kIjoidXNlciIsImN1c3RvbSI6eyJpc0ZpcnN0UnVuIjpmYWxzZSwiZGF5c1NpbmNlRmlyc3RSdW4iOjIyLCJsYW5ndWFnZSI6ImVuIiwiYXBwbGljYXRpb24iOiJldmUtb25saW5lIiwidmVyc2lvbiI6IjEuMi4wIiwicGxhdGZvcm0iOiJ3aW5kb3dzIiwib3NWZXJzaW9uRGVwcmVjYXRlZCI6ZmFsc2UsInVzZXJJZHMiOlsxNjQ5MjM3NywxODAwMDI0NywyMTEwMzExLDI5Mjg1NjQ1XSwib21lZ2FDb3VudCI6MCwiYWxwaGFDb3VudCI6MTIsImFjY291bnRDb3VudCI6MTIsIm9sZGVzdEFjY291bnRBZ2UiOjYwMDYsInlvdW5nZXN0QWNjb3VudEFnZSI6MTh9fQ?withReasons=true    []
2023-12-20 01:27:36.318    app     info:    [feature-flags] Client 4a436adb... ready, fetching flags
2023-12-20 01:27:36.323    app     info:    [feature-flags] Received 18 flags for client 4a436adb...
2023-12-20 01:27:36.323    app     info:    [feature-flags] Client initialized with key 4a436adb...
2023-12-20 01:27:36.325    app     info:    [self-update] Update feed set, starting update checks
2023-12-20 01:27:36.325    app     info:    [self-update] Starting automatic update checks
2023-12-20 01:27:36.326    app     info:    [self-update] Checking for a launcher update...
2023-12-20 01:27:36.395    app     info:    [esi] Fetching character details for 2121878074
2023-12-20 01:27:36.407    app     info:    [server-manager] Previous Tranquility build: 2454674, current build: 2454674
2023-12-20 01:27:36.408    app     info:    [server-manager] Tranquility build is unchanged.
2023-12-20 01:27:36.413    app     info:    [server-manager] Ready to play!
2023-12-20 01:27:36.416    app     info:    [server-manager] Finished refresh cycle for Tranquility
2023-12-20 01:27:36.417    app     info:    [authentication] Token for '26239201' on 'tranquility' has been successfully refreshed
2023-12-20 01:27:36.419    app     info:    [elg-events] Sending event    eve_launcher.electron.authentication.UserTokensRefreshed
2023-12-20 01:27:36.420    app     info:    [customer-information] Getting character information for '26239201' on 'tranquility'
2023-12-20 01:27:36.421    app     info:    [customer-information] Getting Omega status for '26239201' on 'tranquility'
2023-12-20 01:27:36.421    app     info:    [virtual-goods] Getting Plex status for '26239201' on 'tranquility'
2023-12-20 01:27:36.432    app     info:    [authentication] Token for '16492377' on 'tranquility' has been successfully refreshed
2023-12-20 01:27:36.433    app     info:    [elg-events] Sending event    eve_launcher.electron.authentication.UserTokensRefreshed
2023-12-20 01:27:36.435    app     info:    [customer-information] Getting character information for '16492377' on 'tranquility'
2023-12-20 01:27:36.435    app     info:    [customer-information] Getting Omega status for '16492377' on 'tranquility'
2023-12-20 01:27:36.435    app     info:    [virtual-goods] Getting Plex status for '16492377' on 'tranquility'
2023-12-20 01:27:36.447    app     info:    [authentication] Token for '17525312' on 'tranquility' has been successfully refreshed
2023-12-20 01:27:36.448    app     info:    [elg-events] Sending event    eve_launcher.electron.authentication.UserTokensRefreshed
2023-12-20 01:27:36.450    app     info:    [customer-information] Getting character information for '17525312' on 'tranquility'
2023-12-20 01:27:36.450    app     info:    [customer-information] Getting Omega status for '17525312' on 'tranquility'
2023-12-20 01:27:36.450    app     info:    [virtual-goods] Getting Plex status for '17525312' on 'tranquility'
2023-12-20 01:27:36.460    app     info:    [authentication] Token for '28182799' on 'tranquility' has been successfully refreshed
2023-12-20 01:27:36.461    app     info:    [elg-events] Sending event    eve_launcher.electron.authentication.UserTokensRefreshed
2023-12-20 01:27:36.462    app     info:    [customer-information] Getting character information for '28182799' on 'tranquility'
2023-12-20 01:27:36.463    app     info:    [customer-information] Getting Omega status for '28182799' on 'tranquility'
2023-12-20 01:27:36.463    app     info:    [virtual-goods] Getting Plex status for '28182799' on 'tranquility'
2023-12-20 01:27:36.472    app     info:    [authentication] Token for '2110311' on 'tranquility' has been successfully refreshed
2023-12-20 01:27:36.474    app     info:    [elg-events] Sending event    eve_launcher.electron.authentication.UserTokensRefreshed
2023-12-20 01:27:36.475    app     info:    [customer-information] Getting character information for '2110311' on 'tranquility'
2023-12-20 01:27:36.475    app     info:    [customer-information] Getting Omega status for '2110311' on 'tranquility'
2023-12-20 01:27:36.475    app     info:    [virtual-goods] Getting Plex status for '2110311' on 'tranquility'
2023-12-20 01:27:36.486    app     info:    [authentication] Token for '18922386' on 'tranquility' has been successfully refreshed
2023-12-20 01:27:36.487    app     info:    [elg-events] Sending event    eve_launcher.electron.authentication.UserTokensRefreshed
2023-12-20 01:27:36.488    app     info:    [customer-information] Getting character information for '18922386' on 'tranquility'
2023-12-20 01:27:36.488    app     info:    [customer-information] Getting Omega status for '18922386' on 'tranquility'
2023-12-20 01:27:36.488    app     info:    [virtual-goods] Getting Plex status for '18922386' on 'tranquility'
2023-12-20 01:27:36.497    app     info:    [authentication] Token for '18000247' on 'tranquility' has been successfully refreshed
2023-12-20 01:27:36.499    app     info:    [elg-events] Sending event    eve_launcher.electron.authentication.UserTokensRefreshed
2023-12-20 01:27:36.500    app     info:    [customer-information] Getting character information for '18000247' on 'tranquility'
2023-12-20 01:27:36.500    app     info:    [customer-information] Getting Omega status for '18000247' on 'tranquility'
2023-12-20 01:27:36.500    app     info:    [virtual-goods] Getting Plex status for '18000247' on 'tranquility'
2023-12-20 01:27:36.509    app     info:    [authentication] Token for '25218835' on 'tranquility' has been successfully refreshed
2023-12-20 01:27:36.511    app     info:    [elg-events] Sending event    eve_launcher.electron.authentication.UserTokensRefreshed
2023-12-20 01:27:36.512    app     info:    [customer-information] Getting character information for '25218835' on 'tranquility'
2023-12-20 01:27:36.513    app     info:    [customer-information] Getting Omega status for '25218835' on 'tranquility'
2023-12-20 01:27:36.513    app     info:    [virtual-goods] Getting Plex status for '25218835' on 'tranquility'
2023-12-20 01:27:36.523    app     info:    [authentication] Token for '23622903' on 'tranquility' has been successfully refreshed
2023-12-20 01:27:36.525    app     info:    [elg-events] Sending event    eve_launcher.electron.authentication.UserTokensRefreshed
2023-12-20 01:27:36.526    app     info:    [customer-information] Getting character information for '23622903' on 'tranquility'
2023-12-20 01:27:36.526    app     info:    [customer-information] Getting Omega status for '23622903' on 'tranquility'
2023-12-20 01:27:36.526    app     info:    [virtual-goods] Getting Plex status for '23622903' on 'tranquility'
2023-12-20 01:27:36.551    app     info:    [esi] Fetching character details for 2121853336
2023-12-20 01:27:36.559    app     info:    [authentication] Token for '18034259' on 'tranquility' has been successfully refreshed
2023-12-20 01:27:36.560    app     info:    [elg-events] Sending event    eve_launcher.electron.authentication.UserTokensRefreshed
2023-12-20 01:27:36.562    app     info:    [customer-information] Getting character information for '18034259' on 'tranquility'
2023-12-20 01:27:36.562    app     info:    [customer-information] Getting Omega status for '18034259' on 'tranquility'
2023-12-20 01:27:36.562    app     info:    [virtual-goods] Getting Plex status for '18034259' on 'tranquility'
2023-12-20 01:27:36.638    app     info:    [esi] Fetching character details for 578564394, 2115457291
2023-12-20 01:27:36.653    app     info:    [esi] Fetching character details for 2114656127, 2121178396
2023-12-20 01:27:36.661    app     info:    [esi] Fetching character details for 2119361891, 2120347635
2023-12-20 01:27:36.670    app     info:    [esi] Fetching character details for 2118248041, 2121175776
2023-12-20 01:27:36.698    app     info:    [esi] Fetching character details for 2121891348
2023-12-20 01:27:36.706    app     info:    [virtual-goods] Fetched Plex status for '2110311' on 'tranquility'
2023-12-20 01:27:36.720    app     info:    [virtual-goods] Fetched Plex status for '29280260' on 'tranquility'
2023-12-20 01:27:36.727    app     info:    [virtual-goods] Fetched Plex status for '29285645' on 'tranquility'
2023-12-20 01:27:36.732    app     info:    [AuthenticationMiddleware] Successfully restored 14 / 14 users
2023-12-20 01:27:36.734    app     info:    [esi] Fetching character details for 2121174545
2023-12-20 01:27:36.753    app     info:    [self-update] Currently running the latest launcher version. Scheduling update check in 5 minutes.
2023-12-20 01:27:36.778    app     info:    [esi] Fetching character details for 2115031890, 2121177973
2023-12-20 01:27:36.786    app     info:    [esi] Fetching character details for 2121178171
2023-12-20 01:27:36.805    app     info:    [AuthenticationMiddleware] User information updated
2023-12-20 01:27:36.831    app     info:    [virtual-goods] Fetched Plex status for '26239201' on 'tranquility'
2023-12-20 01:27:36.836    app     info:    [AuthenticationMiddleware] User information updated
2023-12-20 01:27:36.838    app     info:    [virtual-goods] Fetched Plex status for '23622903' on 'tranquility'
2023-12-20 01:27:36.844    app     info:    [AuthenticationMiddleware] User information updated
2023-12-20 01:27:36.844    app     info:    [virtual-goods] Fetched Plex status for '17525312' on 'tranquility'
2023-12-20 01:27:36.850    app     info:    [AuthenticationMiddleware] User information updated
2023-12-20 01:27:36.850    app     info:    [virtual-goods] Fetched Plex status for '18922386' on 'tranquility'
2023-12-20 01:27:36.857    app     info:    [virtual-goods] Fetched Plex status for '18000247' on 'tranquility'
2023-12-20 01:27:36.863    app     info:    [AuthenticationMiddleware] User information updated
2023-12-20 01:27:36.863    app     info:    [virtual-goods] Fetched Plex status for '25218835' on 'tranquility'
2023-12-20 01:27:36.868    app     info:    [AuthenticationMiddleware] User information updated
2023-12-20 01:27:36.869    app     info:    [virtual-goods] Fetched Plex status for '18034259' on 'tranquility'
2023-12-20 01:27:36.873    app     info:    [AuthenticationMiddleware] User information updated
2023-12-20 01:27:36.874    app     info:    [virtual-goods] Fetched Plex status for '16492377' on 'tranquility'
2023-12-20 01:27:36.931    app     info:    [esi] Fetching character details for 2113875139, 2121174871
2023-12-20 01:27:36.938    app     info:    [AuthenticationMiddleware] User information updated
2023-12-20 01:27:36.946    app     info:    [esi] Fetching character details for 2115479508
2023-12-20 01:27:36.953    app     info:    [AuthenticationMiddleware] User information updated
2023-12-20 01:27:37.013    app     info:    [esi] Fetched 1 character details for 29285645
2023-12-20 01:27:37.016    app     info:    [esi] Fetched 1 character details for 29280260
2023-12-20 01:27:37.129    app     warn:    [steam-auth] Failed to initialize Steamworks client
2023-12-20 01:27:37.137    app     info:    [main-window] Registering main window    { windowId: 2 }
2023-12-20 01:27:37.149    app     info:    [shared-cache] Removing unused files from the shared cache
2023-12-20 01:27:37.156    app     info:    [cdn-trace] Fetching CDN trace data from https://binaries.eveonline.com/cdn-cgi/trace
2023-12-20 01:27:37.157    app     info:    [creatives] Requesting creatives
2023-12-20 01:27:37.164    app     info:    [elg-events] Sending event    eve_launcher.electron.application.RendererLoaded
2023-12-20 01:27:37.176    app     info:    [virtual-goods] Fetched Plex status for '28182799' on 'tranquility'
2023-12-20 01:27:37.181    app     info:    [AuthenticationMiddleware] User information updated
2023-12-20 01:27:37.263    app     info:    [esi] Fetched 2 character details for 2110311
2023-12-20 01:27:37.264    app     info:    [esi] Fetched 2 character details for 17525312
2023-12-20 01:27:37.269    app     info:    [esi] Fetched 2 character details for 23622903
2023-12-20 01:27:37.372    app     info:    [manifest] Combined 4 manifests into a single manifest with 159397 entries
2023-12-20 01:27:37.388    app     info:    [manifest] Combined 1 manifests into a single manifest with 159397 entries
2023-12-20 01:27:37.448    app     info:    [creatives] Received 3 creatives
2023-12-20 01:27:37.456    app     info:    [esi] Fetched 2 character details for 18034259
2023-12-20 01:27:37.458    app     info:    [esi] Fetched 1 character details for 18000247
2023-12-20 01:27:37.463    app     info:    [esi] Fetched 1 character details for 26239201
2023-12-20 01:27:37.532    app     info:    [esi] Fetched 1 character details for 28182799
2023-12-20 01:27:37.606    app     info:    [esi] Fetched 2 character details for 16492377
2023-12-20 01:27:37.608    app     info:    [esi] Fetched 2 character details for 25218835
2023-12-20 01:27:37.624    app     info:    [esi] Fetched 1 character details for 18922386
2023-12-20 01:27:38.020    app     info:    [shared-cache] Removed 2428 files from the shared cache
2023-12-20 01:27:38.329     ui     info:    Initializing captcha    ccp://launcher/renderer/main_window/index.js    2
2023-12-20 01:27:41.954    app     info:    [AuthenticationMiddleware] Character information for '16492377' on 'tranquility' was loaded recently, skipping refresh.
2023-12-20 01:27:41.954    app     info:    [AuthenticationMiddleware] Plex information for '16492377' on 'tranquility' was loaded recently, skipping refresh.
2023-12-20 01:27:43.695    app     info:    [AuthenticationMiddleware] Character information for '16492377' on 'tranquility' was loaded recently, skipping refresh.
2023-12-20 01:27:43.695    app     info:    [AuthenticationMiddleware] Plex information for '16492377' on 'tranquility' was loaded recently, skipping refresh.
2023-12-20 01:27:43.968    app     info:    [analytics] Hardware rendering enabled:    true    { disabledViaCommandline: false, disabledViaSettings: false }
2023-12-20 01:27:44.715    app     info:    [client-queue] Queued client startup    {
  product: 'eve-online',
  tenant: 'tranquility',
  userId: 16492377,
  characterId: 2121174871,
  profile: ''
}
2023-12-20 01:27:44.717    app     info:    [elg-events] Sending event    eve_launcher.electron.eve_client.ClientQueued
2023-12-20 01:27:44.720    app     info:    [client-queue] No clients running for tranquility, copying files before starting a client
2023-12-20 01:27:44.723    app     info:    [elg-events] Sending event    eve_launcher.electron.eve_client.CopyingFilesStarted
2023-12-20 01:27:44.725    app     info:    [binary-copier] Copying 194 files (216 MB) to 'C:\CCP\EVE Online\tq'
2023-12-20 01:27:44.762    app     info:    [binary-copier] Removing old binaries
2023-12-20 01:27:44.777    app     info:    [binary-copier] Copying binaries from ResFiles
2023-12-20 01:27:45.151    app     info:    [binary-copier] Finished copying 194 files to 'C:\CCP\EVE Online\tq' in 0.429 seconds
2023-12-20 01:27:45.153    app     info:    [elg-events] Sending event    eve_launcher.electron.eve_client.CopyingFilesFinished
2023-12-20 01:27:45.157    app     info:    [client-manager] Starting EVE Online game client.    C:\CCP\EVE Online\tq\bin64\exefile.exe    Map(11) {
  'noconsole' => '/noconsole',
  'server' => '/server:tranquility.servers.eveonline.com',
  'triplatform' => '/triplatform=dx12',
  'ssotoken' => '/ssoToken=***',
  'refreshtoken' => '/refreshToken=***',
  'settingsprofile' => '/settingsprofile=Default',
  'deviceid' => '/deviceID=4a436adb-4b99-40a7-85b0-42e206f41286',
  'autoselectcharacter' => '/autoSelectCharacter:2121174871',
  'language' => '/language=en',
  'exp' => '1703036255',
  'tokenExpires' => '2023-12-20 03:37:35.000'
}    16492377
2023-12-20 01:27:45.179    app     info:    [client-queue] Started client from group startup    {
  product: 'eve-online',
  tenant: 'tranquility',
  characterId: 2121174871,
  profile: '',
  userId: 16492377
}
2023-12-20 01:27:45.271    app     info:    [quasar-events] Sent 'eve_launcher.electron.eve_client.GameClientStartRequested'
2023-12-20 01:27:45.271    app     info:    [quasar-events] Sent 'eve_launcher.electron.eve_client.TemporaryClientProcessAdded'
2023-12-20 01:27:45.696    app     info:    [client-manager] Found 'tranquility' client for '16492377' running:     {
  processId: 8440,
  createdDate: 1703035665225,
  userId: 16492377,
  characterId: 2121174871,
  profile: 'Default',
  dxVersion: 'dx12'
}
2023-12-20 01:27:45.800    app     info:    [quasar-events] Sent 'eve_launcher.electron.eve_client.TemporaryClientProcessMonitoringRetried'
2023-12-20 01:27:45.801    app     info:    [quasar-events] Sent 'eve_launcher.electron.eve_client.GameClientStarted'
2023-12-20 01:27:45.802    app     info:    [quasar-events] Sent 'eve_launcher.electron.eve_client.TemporaryClientProcessRemoved'
2023-12-20 01:27:46.200    app     info:    [client-queue] Queue has stopped running, no more clients pending startup.
2023-12-20 01:28:06.490    app     warn:    Could not connect to LogLite    [
  Error: connect ECONNREFUSED 127.0.0.1:3273
      at TCPConnectWrap.afterConnect [as oncomplete] (node:net:1247:16) {
    errno: -4078,
    code: 'ECONNREFUSED',
    syscall: 'connect',
    address: '127.0.0.1',
    port: 3273
  }
]
2023-12-20 01:32:36.439    app     info:    [server-manager] Starting refresh cycle for eve-online / Tranquility
2023-12-20 01:32:36.550    app     info:    [server-manager] Previous Tranquility build: 2454674, current build: 2454674
2023-12-20 01:32:36.550    app     info:    [server-manager] Tranquility build is unchanged.
2023-12-20 01:32:36.556    app     info:    [server-manager] Ready to play!
2023-12-20 01:32:36.559    app     info:    [server-manager] Finished refresh cycle for Tranquility
2023-12-20 01:32:36.783    app     info:    [self-update] Checking for a launcher update...
2023-12-20 01:32:37.097    app     info:    [self-update] Currently running the latest launcher version. Scheduling update check in 5 minutes.
2023-12-20 01:36:03.180    app     info:    [client-manager] 'tranquility' for EVE game client for '16492377' exited with no errors.
2023-12-20 01:36:03.195    app     info:    [server-manager] Starting refresh cycle for eve-online / Tranquility
2023-12-20 01:36:03.288    app     info:    [quasar-events] Sent 'eve_launcher.electron.eve_client.GameClientExited'
2023-12-20 01:36:03.342    app     info:    [server-manager] Previous Tranquility build: 2454674, current build: 2454674
2023-12-20 01:36:03.342    app     info:    [server-manager] Tranquility build is unchanged.
2023-12-20 01:36:03.349    app     info:    [server-manager] Ready to play!
2023-12-20 01:36:03.353    app     info:    [server-manager] Finished refresh cycle for Tranquility
2023-12-20 01:36:16.184    app     info:    [AuthenticationMiddleware] Character information for '18000247' on 'tranquility' was loaded recently, skipping refresh.
2023-12-20 01:36:16.184    app     info:    [AuthenticationMiddleware] Plex information for '18000247' on 'tranquility' was loaded recently, skipping refresh.
2023-12-20 01:36:21.459    app     info:    [main-window] Main window minimized to tray    { windowId: 2 }
2023-12-20 01:36:21.478    app     info:    [main-window] Sent notification that the application is minimized to tray    { windowId: 2 }
2023-12-20 01:36:21.485    app     info:    [ipc-requests] Handling requests in the background
2023-12-20 01:36:22.490    app     info:    [ipc-requests] No longer handling requests in the background
2023-12-20 01:37:37.100    app     info:    [self-update] Checking for a launcher update...
2023-12-20 01:37:37.423    app     info:    [self-update] Currently running the latest launcher version. Scheduling update check in 5 minutes.
2023-12-20 01:41:03.369    app     info:    [server-manager] Starting refresh cycle for eve-online / Tranquility
2023-12-20 01:41:03.530    app     info:    [server-manager] Previous Tranquility build: 2454674, current build: 2454674
2023-12-20 01:41:03.530    app     info:    [server-manager] Tranquility build is unchanged.
2023-12-20 01:41:03.543    app     info:    [server-manager] Ready to play!
2023-12-20 01:41:03.546    app     info:    [server-manager] Finished refresh cycle for Tranquility
2023-12-20 01:42:37.449    app     info:    [self-update] Checking for a launcher update...
2023-12-20 01:42:37.808    app     info:    [self-update] Currently running the latest launcher version. Scheduling update check in 5 minutes.
2023-12-20 01:46:03.549    app     info:    [server-manager] Starting refresh cycle for eve-online / Tranquility
2023-12-20 01:46:03.655    app     info:    [server-manager] Previous Tranquility build: 2454674, current build: 2454674
2023-12-20 01:46:03.656    app     info:    [server-manager] Tranquility build is unchanged.
2023-12-20 01:46:03.661    app     info:    [server-manager] Ready to play!
2023-12-20 01:46:03.665    app     info:    [server-manager] Finished refresh cycle for Tranquility
2023-12-20 01:47:37.823    app     info:    [self-update] Checking for a launcher update...
2023-12-20 01:47:38.183    app     info:    [self-update] Currently running the latest launcher version. Scheduling update check in 5 minutes.
2023-12-20 01:51:03.687    app     info:    [server-manager] Starting refresh cycle for eve-online / Tranquility
2023-12-20 01:51:03.826    app     info:    [server-manager] Previous Tranquility build: 2454674, current build: 2454674
2023-12-20 01:51:03.826    app     info:    [server-manager] Tranquility build is unchanged.
2023-12-20 01:51:03.835    app     info:    [server-manager] Ready to play!
2023-12-20 01:51:03.839    app     info:    [server-manager] Finished refresh cycle for Tranquility
2023-12-20 01:52:38.194    app     info:    [self-update] Checking for a launcher update...
2023-12-20 01:52:38.522    app     info:    [self-update] Currently running the latest launcher version. Scheduling update check in 5 minutes.
2023-12-20 01:56:03.849    app     info:    [server-manager] Starting refresh cycle for eve-online / Tranquility
2023-12-20 01:56:03.980    app     info:    [server-manager] Previous Tranquility build: 2454674, current build: 2454674
2023-12-20 01:56:03.981    app     info:    [server-manager] Tranquility build is unchanged.
2023-12-20 01:56:03.989    app     info:    [server-manager] Ready to play!
2023-12-20 01:56:03.993    app     info:    [server-manager] Finished refresh cycle for Tranquility
2023-12-20 01:57:38.526    app     info:    [self-update] Checking for a launcher update...
2023-12-20 01:57:38.871    app     info:    [self-update] Currently running the latest launcher version. Scheduling update check in 5 minutes.
2023-12-20 02:01:04.005    app     info:    [server-manager] Starting refresh cycle for eve-online / Tranquility
2023-12-20 02:01:04.143    app     info:    [server-manager] Previous Tranquility build: 2454674, current build: 2454674
2023-12-20 02:01:04.144    app     info:    [server-manager] Tranquility build is unchanged.
2023-12-20 02:01:04.157    app     info:    [server-manager] Ready to play!
2023-12-20 02:01:04.163    app     info:    [server-manager] Finished refresh cycle for Tranquility
2023-12-20 02:02:38.878    app     info:    [self-update] Checking for a launcher update...
2023-12-20 02:02:39.218    app     info:    [self-update] Currently running the latest launcher version. Scheduling update check in 5 minutes.
2023-12-20 02:06:04.173    app     info:    [server-manager] Starting refresh cycle for eve-online / Tranquility
2023-12-20 02:06:04.307    app     info:    [server-manager] Previous Tranquility build: 2454674, current build: 2454674
2023-12-20 02:06:04.308    app     info:    [server-manager] Tranquility build is unchanged.
2023-12-20 02:06:04.316    app     info:    [server-manager] Ready to play!
2023-12-20 02:06:04.320    app     info:    [server-manager] Finished refresh cycle for Tranquility
2023-12-20 02:07:39.231    app     info:    [self-update] Checking for a launcher update...
2023-12-20 02:07:39.587    app     info:    [self-update] Currently running the latest launcher version. Scheduling update check in 5 minutes.
2023-12-20 02:11:04.336    app     info:    [server-manager] Starting refresh cycle for eve-online / Tranquility
2023-12-20 02:11:04.484    app     info:    [server-manager] Previous Tranquility build: 2454674, current build: 2454674
2023-12-20 02:11:04.484    app     info:    [server-manager] Tranquility build is unchanged.
2023-12-20 02:11:04.490    app     info:    [server-manager] Ready to play!
2023-12-20 02:11:04.493    app     info:    [server-manager] Finished refresh cycle for Tranquility
2023-12-20 02:12:39.591    app     info:    [self-update] Checking for a launcher update...
2023-12-20 02:12:39.931    app     info:    [self-update] Currently running the latest launcher version. Scheduling update check in 5 minutes.
2023-12-20 02:16:04.503    app     info:    [server-manager] Starting refresh cycle for eve-online / Tranquility
2023-12-20 02:16:04.607    app     info:    [server-manager] Previous Tranquility build: 2454674, current build: 2454674
2023-12-20 02:16:04.608    app     info:    [server-manager] Tranquility build is unchanged.
2023-12-20 02:16:04.613    app     info:    [server-manager] Ready to play!
2023-12-20 02:16:04.618    app     info:    [server-manager] Finished refresh cycle for Tranquility
2023-12-20 02:17:39.945    app     info:    [self-update] Checking for a launcher update...
2023-12-20 02:17:40.278    app     info:    [self-update] Currently running the latest launcher version. Scheduling update check in 5 minutes.
2023-12-20 02:21:04.627    app     info:    [server-manager] Starting refresh cycle for eve-online / Tranquility
2023-12-20 02:21:04.987    app     info:    [server-manager] Previous Tranquility build: 2454674, current build: 2454674
2023-12-20 02:21:04.988    app     info:    [server-manager] Tranquility build is unchanged.
2023-12-20 02:21:04.995    app     info:    [server-manager] Ready to play!
2023-12-20 02:21:05.000    app     info:    [server-manager] Finished refresh cycle for Tranquility
2023-12-20 02:22:40.294    app     info:    [self-update] Checking for a launcher update...
2023-12-20 02:22:40.623    app     info:    [self-update] Currently running the latest launcher version. Scheduling update check in 5 minutes.
2023-12-20 02:26:05.005    app     info:    [server-manager] Starting refresh cycle for eve-online / Tranquility
2023-12-20 02:26:05.155    app     info:    [server-manager] Previous Tranquility build: 2454674, current build: 2454674
2023-12-20 02:26:05.155    app     info:    [server-manager] Tranquility build is unchanged.
2023-12-20 02:26:05.161    app     info:    [server-manager] Ready to play!
2023-12-20 02:26:05.163    app     info:    [server-manager] Finished refresh cycle for Tranquility
2023-12-20 02:27:40.627    app     info:    [self-update] Checking for a launcher update...
2023-12-20 02:27:40.948    app     info:    [self-update] Currently running the latest launcher version. Scheduling update check in 5 minutes.
2023-12-20 02:31:05.171    app     info:    [server-manager] Starting refresh cycle for eve-online / Tranquility
2023-12-20 02:31:05.318    app     info:    [server-manager] Previous Tranquility build: 2454674, current build: 2454674
2023-12-20 02:31:05.319    app     info:    [server-manager] Tranquility build is unchanged.
2023-12-20 02:31:05.324    app     info:    [server-manager] Ready to play!
2023-12-20 02:31:05.327    app     info:    [server-manager] Finished refresh cycle for Tranquility
2023-12-20 02:32:40.952    app     info:    [self-update] Checking for a launcher update...
2023-12-20 02:32:41.316    app     info:    [self-update] Currently running the latest launcher version. Scheduling update check in 5 minutes.
2023-12-20 02:36:05.338    app     info:    [server-manager] Starting refresh cycle for eve-online / Tranquility
2023-12-20 02:36:05.473    app     info:    [server-manager] Previous Tranquility build: 2454674, current build: 2454674
2023-12-20 02:36:05.473    app     info:    [server-manager] Tranquility build is unchanged.
2023-12-20 02:36:05.484    app     info:    [server-manager] Ready to play!
2023-12-20 02:36:05.491    app     info:    [server-manager] Finished refresh cycle for Tranquility
2023-12-20 02:37:41.317    app     info:    [self-update] Checking for a launcher update...
2023-12-20 02:37:41.666    app     info:    [self-update] Currently running the latest launcher version. Scheduling update check in 5 minutes.
2023-12-20 02:41:05.507    app     info:    [server-manager] Starting refresh cycle for eve-online / Tranquility
2023-12-20 02:41:05.626    app     info:    [server-manager] Previous Tranquility build: 2454674, current build: 2454674
2023-12-20 02:41:05.626    app     info:    [server-manager] Tranquility build is unchanged.
2023-12-20 02:41:05.632    app     info:    [server-manager] Ready to play!
2023-12-20 02:41:05.635    app     info:    [server-manager] Finished refresh cycle for Tranquility
2023-12-20 02:42:41.679    app     info:    [self-update] Checking for a launcher update...
2023-12-20 02:42:42.002    app     info:    [self-update] Currently running the latest launcher version. Scheduling update check in 5 minutes.
2023-12-20 02:46:05.638    app     info:    [server-manager] Starting refresh cycle for eve-online / Tranquility
2023-12-20 02:46:05.773    app     info:    [server-manager] Previous Tranquility build: 2454674, current build: 2454674
2023-12-20 02:46:05.773    app     info:    [server-manager] Tranquility build is unchanged.
2023-12-20 02:46:05.781    app     info:    [server-manager] Ready to play!
2023-12-20 02:46:05.786    app     info:    [server-manager] Finished refresh cycle for Tranquility
2023-12-20 02:47:42.011    app     info:    [self-update] Checking for a launcher update...
2023-12-20 02:47:42.346    app     info:    [self-update] Currently running the latest launcher version. Scheduling update check in 5 minutes.
2023-12-20 02:51:05.800    app     info:    [server-manager] Starting refresh cycle for eve-online / Tranquility
2023-12-20 02:51:05.949    app     info:    [server-manager] Previous Tranquility build: 2454674, current build: 2454674
2023-12-20 02:51:05.949    app     info:    [server-manager] Tranquility build is unchanged.
2023-12-20 02:51:05.956    app     info:    [server-manager] Ready to play!
2023-12-20 02:51:05.960    app     info:    [server-manager] Finished refresh cycle for Tranquility
2023-12-20 02:52:42.348    app     info:    [self-update] Checking for a launcher update...
2023-12-20 02:52:42.673    app     info:    [self-update] Currently running the latest launcher version. Scheduling update check in 5 minutes.
2023-12-20 02:56:05.974    app     info:    [server-manager] Starting refresh cycle for eve-online / Tranquility
2023-12-20 02:56:06.065    app     info:    [server-manager] Previous Tranquility build: 2454674, current build: 2454674
2023-12-20 02:56:06.065    app     info:    [server-manager] Tranquility build is unchanged.
2023-12-20 02:56:06.072    app     info:    [server-manager] Ready to play!
2023-12-20 02:56:06.076    app     info:    [server-manager] Finished refresh cycle for Tranquility
2023-12-20 02:57:42.682    app     info:    [self-update] Checking for a launcher update...
2023-12-20 02:57:43.047    app     info:    [self-update] Currently running the latest launcher version. Scheduling update check in 5 minutes.
2023-12-20 03:01:06.090    app     info:    [server-manager] Starting refresh cycle for eve-online / Tranquility
2023-12-20 03:01:06.195    app     info:    [server-manager] Previous Tranquility build: 2454674, current build: 2454674
2023-12-20 03:01:06.196    app     info:    [server-manager] Tranquility build is unchanged.
2023-12-20 03:01:06.201    app     info:    [server-manager] Ready to play!
2023-12-20 03:01:06.205    app     info:    [server-manager] Finished refresh cycle for Tranquility
2023-12-20 03:02:43.055    app     info:    [self-update] Checking for a launcher update...
2023-12-20 03:02:43.422    app     info:    [self-update] Currently running the latest launcher version. Scheduling update check in 5 minutes.
2023-12-20 03:06:06.215    app     info:    [server-manager] Starting refresh cycle for eve-online / Tranquility
2023-12-20 03:06:06.385    app     info:    [server-manager] Previous Tranquility build: 2454674, current build: 2454674
2023-12-20 03:06:06.385    app     info:    [server-manager] Tranquility build is unchanged.
2023-12-20 03:06:06.392    app     info:    [server-manager] Ready to play!
2023-12-20 03:06:06.395    app     info:    [server-manager] Finished refresh cycle for Tranquility
2023-12-20 03:07:43.424    app     info:    [self-update] Checking for a launcher update...
2023-12-20 03:07:43.794    app     info:    [self-update] Currently running the latest launcher version. Scheduling update check in 5 minutes.
2023-12-20 03:11:06.409    app     info:    [server-manager] Starting refresh cycle for eve-online / Tranquility
2023-12-20 03:11:06.521    app     info:    [server-manager] Previous Tranquility build: 2454674, current build: 2454674
2023-12-20 03:11:06.522    app     info:    [server-manager] Tranquility build is unchanged.
2023-12-20 03:11:06.526    app     info:    [server-manager] Ready to play!
2023-12-20 03:11:06.530    app     info:    [server-manager] Finished refresh cycle for Tranquility
2023-12-20 03:12:43.799    app     info:    [self-update] Checking for a launcher update...
2023-12-20 03:12:44.147    app     info:    [self-update] Currently running the latest launcher version. Scheduling update check in 5 minutes.
2023-12-20 03:16:06.538    app     info:    [server-manager] Starting refresh cycle for eve-online / Tranquility
2023-12-20 03:16:06.662    app     info:    [server-manager] Previous Tranquility build: 2454674, current build: 2454674
2023-12-20 03:16:06.663    app     info:    [server-manager] Tranquility build is unchanged.
2023-12-20 03:16:06.673    app     info:    [server-manager] Ready to play!
2023-12-20 03:16:06.676    app     info:    [server-manager] Finished refresh cycle for Tranquility
2023-12-20 03:17:44.156    app     info:    [self-update] Checking for a launcher update...
2023-12-20 03:17:44.472    app     info:    [self-update] Currently running the latest launcher version. Scheduling update check in 5 minutes.
2023-12-20 03:21:06.689    app     info:    [server-manager] Starting refresh cycle for eve-online / Tranquility
2023-12-20 03:21:06.820    app     info:    [server-manager] Previous Tranquility build: 2454674, current build: 2454674
2023-12-20 03:21:06.821    app     info:    [server-manager] Tranquility build is unchanged.
2023-12-20 03:21:06.837    app     info:    [server-manager] Ready to play!
2023-12-20 03:21:06.843    app     info:    [server-manager] Finished refresh cycle for Tranquility
