2024-01-07 10:14:35.971    app     info:    Startup arguments    []
2024-01-07 10:14:35.976    app     info:    [self-update] Starting automatic update checks
2024-01-07 10:14:35.977    app     info:    [self-update] Waiting for update feed before starting update checks
2024-01-07 10:14:35.980    app     info:    [preload] High DPI scaling enabled by settings
2024-01-07 10:14:36.124    app     info:    [i18next] Changed language    en
2024-01-07 10:14:36.233    app     info:    [authentication] Token for '16492377' on 'tranquility' is expired, refresh is required
2024-01-07 10:14:36.233    app     info:    [authentication] Refreshing token for '16492377' on 'tranquility'
2024-01-07 10:14:36.234    app     info:    [authentication] Token for '17525312' on 'tranquility' is expired, refresh is required
2024-01-07 10:14:36.234    app     info:    [authentication] Refreshing token for '17525312' on 'tranquility'
2024-01-07 10:14:36.235    app     info:    [authentication] Token for '25218835' on 'tranquility' is expired, refresh is required
2024-01-07 10:14:36.235    app     info:    [authentication] Refreshing token for '25218835' on 'tranquility'
2024-01-07 10:14:36.236    app     info:    [customer-information] Getting character information for '29280260' on 'tranquility'
2024-01-07 10:14:36.236    app     info:    [customer-information] Getting Omega status for '29280260' on 'tranquility'
2024-01-07 10:14:36.237    app     info:    [virtual-goods] Getting Plex status for '29280260' on 'tranquility'
2024-01-07 10:14:36.239    app     info:    [customer-information] Getting character information for '29285645' on 'tranquility'
2024-01-07 10:14:36.239    app     info:    [customer-information] Getting Omega status for '29285645' on 'tranquility'
2024-01-07 10:14:36.240    app     info:    [virtual-goods] Getting Plex status for '29285645' on 'tranquility'
2024-01-07 10:14:36.240    app     info:    [authentication] Token for '18034259' on 'tranquility' is expired, refresh is required
2024-01-07 10:14:36.240    app     info:    [authentication] Refreshing token for '18034259' on 'tranquility'
2024-01-07 10:14:36.241    app     info:    [authentication] Token for '28182799' on 'tranquility' is expired, refresh is required
2024-01-07 10:14:36.241    app     info:    [authentication] Refreshing token for '28182799' on 'tranquility'
2024-01-07 10:14:36.241    app     info:    [authentication] Token for '2110311' on 'tranquility' is expired, refresh is required
2024-01-07 10:14:36.242    app     info:    [authentication] Refreshing token for '2110311' on 'tranquility'
2024-01-07 10:14:36.242    app     info:    [authentication] Token for '23622903' on 'tranquility' is expired, refresh is required
2024-01-07 10:14:36.242    app     info:    [authentication] Refreshing token for '23622903' on 'tranquility'
2024-01-07 10:14:36.242    app     info:    [authentication] Token for '26239201' on 'tranquility' is expired, refresh is required
2024-01-07 10:14:36.243    app     info:    [authentication] Refreshing token for '26239201' on 'tranquility'
2024-01-07 10:14:36.243    app     info:    [authentication] Token for '18922386' on 'tranquility' is expired, refresh is required
2024-01-07 10:14:36.243    app     info:    [authentication] Refreshing token for '18922386' on 'tranquility'
2024-01-07 10:14:36.243    app     info:    [authentication] Token for '18000247' on 'tranquility' is expired, refresh is required
2024-01-07 10:14:36.244    app     info:    [authentication] Refreshing token for '18000247' on 'tranquility'
2024-01-07 10:14:36.244    app     info:    [authentication] Token for '13595732' on 'tranquility' is expired, refresh is required
2024-01-07 10:14:36.244    app     info:    [authentication] Refreshing token for '13595732' on 'tranquility'
2024-01-07 10:14:36.245    app     info:    [authentication] Token for '15136212' on 'tranquility' is expired, refresh is required
2024-01-07 10:14:36.245    app     info:    [authentication] Refreshing token for '15136212' on 'tranquility'
2024-01-07 10:14:36.245    app     info:    [device-id] Device id found in state
2024-01-07 10:14:36.253    app     info:    [analytics] Application name:    EVE Online
2024-01-07 10:14:36.253    app     info:    [analytics] Application version:    1.2.1
2024-01-07 10:14:36.253    app     info:    [analytics] Domain    undefined
2024-01-07 10:14:36.254    app     info:    [analytics] Working directory    C:\Users\REDACTED\AppData\Local\eve-online\app-1.2.1
2024-01-07 10:14:36.254    app     info:    [analytics] Username contains UTF8?    false
2024-01-07 10:14:37.112    app     info:    [elg-events] Sending event    eve_launcher.electron.application.PdmLoaded
2024-01-07 10:14:37.116    app     info:    [analytics] Operating system    {
  type: 'Windows',
  name: 'Windows 10 Education',
  version: '10.0 (19045)'
}
2024-01-07 10:14:37.117    app     info:    [analytics] Encryption available:    true
2024-01-07 10:14:37.117    app     info:    [analytics] Machine UUID    4E9F516C-5B97-47C6-8C67-E93D943CB7C8
2024-01-07 10:14:37.118    app     info:    [analytics] PDM Version    2.1.4
2024-01-07 10:14:37.118    app     info:    [analytics] Release channel    release
2024-01-07 10:14:37.122    app     info:    [initializers] Shared cache directory set to    C:\CCP\EVE Online
2024-01-07 10:14:37.154    app     info:    [initializers] Shared cache drive free space: 91,84 GiB / 433,74 GiB
2024-01-07 10:14:37.165    app     info:    [elg-events] Sending event    eve_launcher.electron.application.LauncherStarted
2024-01-07 10:14:37.169    app     info:    [elg-events] Sending event    eve_launcher.electron.application.CoreDataLoaded
2024-01-07 10:14:37.170    app     info:    [cdn-trace] Fetching CDN trace data from https://binaries.eveonline.com/cdn-cgi/trace
2024-01-07 10:14:37.189    app     info:    [feature-flags] Initializing feature flag client
2024-01-07 10:14:37.315    app     info:    [first-run] First application run was at 2023-11-27T10:29:20.506Z
2024-01-07 10:14:37.382    app     info:    [cache-protocol] Found 0 entries to remove
2024-01-07 10:14:37.382    app     info:    [cache-protocol] Nothing to clean up.
2024-01-07 10:14:37.409    app     info:    [virtual-goods] Fetched Plex status for '29280260' on 'tranquility'
2024-01-07 10:14:37.426    app     info:    [virtual-goods] Fetched Plex status for '29285645' on 'tranquility'
2024-01-07 10:14:37.443    app     info:    [esi] Fetching character details for 2121853336
2024-01-07 10:14:37.468    app     info:    [customer-information] Agreements have been updated
2024-01-07 10:14:37.477    app     info:    [server-manager] Starting refresh cycle for eve-online / Tranquility
2024-01-07 10:14:37.483    app     info:    [esi] Fetching character details for 2121878074
2024-01-07 10:14:37.535    app     info:    info: [LaunchDarkly] LaunchDarkly client initialized    []
2024-01-07 10:14:37.535    app     info:    info: [LaunchDarkly] Opening stream connection to https://clientstream.launchdarkly.com/eval/64c3d12e27a4b11365012d39/eyJrZXkiOiI0YTQzNmFkYi00Yjk5LTQwYTctODViMC00MmUyMDZmNDEyODYiLCJraW5kIjoidXNlciIsImN1c3RvbSI6eyJpc0ZpcnN0UnVuIjpmYWxzZSwiZGF5c1NpbmNlRmlyc3RSdW4iOjQwLCJsYW5ndWFnZSI6ImVuIiwiYXBwbGljYXRpb24iOiJldmUtb25saW5lIiwidmVyc2lvbiI6IjEuMi4xIiwicGxhdGZvcm0iOiJ3aW5kb3dzIiwiaXNHZUZvcmNlTm93IjpmYWxzZSwib3NWZXJzaW9uRGVwcmVjYXRlZCI6ZmFsc2UsInVzZXJJZHMiOlsxNjQ5MjM3NywyNTIxODgzNSwyMTEwMzExLDI5Mjg1NjQ1XSwib21lZ2FDb3VudCI6MCwiYWxwaGFDb3VudCI6MTQsImFjY291bnRDb3VudCI6MTQsIm9sZGVzdEFjY291bnRBZ2UiOjYwMjQsInlvdW5nZXN0QWNjb3VudEFnZSI6MzZ9fQ?withReasons=true    []
2024-01-07 10:14:37.537    app     info:    [feature-flags] Client 4a436adb... ready, fetching flags
2024-01-07 10:14:37.542    app     info:    [feature-flags] Received 20 flags for client 4a436adb...
2024-01-07 10:14:37.542    app     info:    [feature-flags] Client initialized with key 4a436adb...
2024-01-07 10:14:37.544    app     info:    [self-update] Update feed set, starting update checks
2024-01-07 10:14:37.544    app     info:    [self-update] Starting automatic update checks
2024-01-07 10:14:37.545    app     info:    [self-update] Checking for a launcher update...
2024-01-07 10:14:37.648    app     info:    [server-manager] Previous Tranquility build: 2461603, current build: 2461603
2024-01-07 10:14:37.648    app     info:    [server-manager] Tranquility build is unchanged.
2024-01-07 10:14:37.655    app     info:    [server-manager] Ready to play!
2024-01-07 10:14:37.659    app     info:    [server-manager] Finished refresh cycle for Tranquility
2024-01-07 10:14:37.872    app     info:    [authentication] Token for '15136212' on 'tranquility' has been successfully refreshed
2024-01-07 10:14:37.874    app     info:    [elg-events] Sending event    eve_launcher.electron.authentication.UserTokensRefreshed
2024-01-07 10:14:37.876    app     info:    [customer-information] Getting character information for '15136212' on 'tranquility'
2024-01-07 10:14:37.876    app     info:    [customer-information] Getting Omega status for '15136212' on 'tranquility'
2024-01-07 10:14:37.877    app     info:    [virtual-goods] Getting Plex status for '15136212' on 'tranquility'
2024-01-07 10:14:37.889    app     info:    [authentication] Token for '26239201' on 'tranquility' has been successfully refreshed
2024-01-07 10:14:37.891    app     info:    [elg-events] Sending event    eve_launcher.electron.authentication.UserTokensRefreshed
2024-01-07 10:14:37.893    app     info:    [customer-information] Getting character information for '26239201' on 'tranquility'
2024-01-07 10:14:37.893    app     info:    [customer-information] Getting Omega status for '26239201' on 'tranquility'
2024-01-07 10:14:37.893    app     info:    [virtual-goods] Getting Plex status for '26239201' on 'tranquility'
2024-01-07 10:14:37.904    app     info:    [authentication] Token for '18000247' on 'tranquility' has been successfully refreshed
2024-01-07 10:14:37.907    app     info:    [elg-events] Sending event    eve_launcher.electron.authentication.UserTokensRefreshed
2024-01-07 10:14:37.908    app     info:    [customer-information] Getting character information for '18000247' on 'tranquility'
2024-01-07 10:14:37.908    app     info:    [customer-information] Getting Omega status for '18000247' on 'tranquility'
2024-01-07 10:14:37.908    app     info:    [virtual-goods] Getting Plex status for '18000247' on 'tranquility'
2024-01-07 10:14:37.920    app     info:    [authentication] Token for '28182799' on 'tranquility' has been successfully refreshed
2024-01-07 10:14:37.921    app     info:    [elg-events] Sending event    eve_launcher.electron.authentication.UserTokensRefreshed
2024-01-07 10:14:37.923    app     info:    [customer-information] Getting character information for '28182799' on 'tranquility'
2024-01-07 10:14:37.923    app     info:    [customer-information] Getting Omega status for '28182799' on 'tranquility'
2024-01-07 10:14:37.923    app     info:    [virtual-goods] Getting Plex status for '28182799' on 'tranquility'
2024-01-07 10:14:37.935    app     info:    [authentication] Token for '23622903' on 'tranquility' has been successfully refreshed
2024-01-07 10:14:37.937    app     info:    [elg-events] Sending event    eve_launcher.electron.authentication.UserTokensRefreshed
2024-01-07 10:14:37.938    app     info:    [customer-information] Getting character information for '23622903' on 'tranquility'
2024-01-07 10:14:37.939    app     info:    [customer-information] Getting Omega status for '23622903' on 'tranquility'
2024-01-07 10:14:37.939    app     info:    [virtual-goods] Getting Plex status for '23622903' on 'tranquility'
2024-01-07 10:14:37.952    app     info:    [authentication] Token for '18034259' on 'tranquility' has been successfully refreshed
2024-01-07 10:14:37.953    app     info:    [elg-events] Sending event    eve_launcher.electron.authentication.UserTokensRefreshed
2024-01-07 10:14:37.955    app     info:    [customer-information] Getting character information for '18034259' on 'tranquility'
2024-01-07 10:14:37.955    app     info:    [customer-information] Getting Omega status for '18034259' on 'tranquility'
2024-01-07 10:14:37.955    app     info:    [virtual-goods] Getting Plex status for '18034259' on 'tranquility'
2024-01-07 10:14:37.966    app     info:    [authentication] Token for '17525312' on 'tranquility' has been successfully refreshed
2024-01-07 10:14:37.968    app     info:    [elg-events] Sending event    eve_launcher.electron.authentication.UserTokensRefreshed
2024-01-07 10:14:37.969    app     info:    [customer-information] Getting character information for '17525312' on 'tranquility'
2024-01-07 10:14:37.970    app     info:    [customer-information] Getting Omega status for '17525312' on 'tranquility'
2024-01-07 10:14:37.970    app     info:    [virtual-goods] Getting Plex status for '17525312' on 'tranquility'
2024-01-07 10:14:37.981    app     info:    [authentication] Token for '25218835' on 'tranquility' has been successfully refreshed
2024-01-07 10:14:37.982    app     info:    [elg-events] Sending event    eve_launcher.electron.authentication.UserTokensRefreshed
2024-01-07 10:14:37.984    app     info:    [customer-information] Getting character information for '25218835' on 'tranquility'
2024-01-07 10:14:37.984    app     info:    [customer-information] Getting Omega status for '25218835' on 'tranquility'
2024-01-07 10:14:37.984    app     info:    [virtual-goods] Getting Plex status for '25218835' on 'tranquility'
2024-01-07 10:14:37.996    app     info:    [authentication] Token for '13595732' on 'tranquility' has been successfully refreshed
2024-01-07 10:14:37.998    app     info:    [elg-events] Sending event    eve_launcher.electron.authentication.UserTokensRefreshed
2024-01-07 10:14:38.001    app     info:    [customer-information] Getting character information for '13595732' on 'tranquility'
2024-01-07 10:14:38.001    app     info:    [customer-information] Getting Omega status for '13595732' on 'tranquility'
2024-01-07 10:14:38.001    app     info:    [virtual-goods] Getting Plex status for '13595732' on 'tranquility'
2024-01-07 10:14:38.014    app     info:    [authentication] Token for '16492377' on 'tranquility' has been successfully refreshed
2024-01-07 10:14:38.016    app     info:    [elg-events] Sending event    eve_launcher.electron.authentication.UserTokensRefreshed
2024-01-07 10:14:38.017    app     info:    [customer-information] Getting character information for '16492377' on 'tranquility'
2024-01-07 10:14:38.018    app     info:    [customer-information] Getting Omega status for '16492377' on 'tranquility'
2024-01-07 10:14:38.018    app     info:    [virtual-goods] Getting Plex status for '16492377' on 'tranquility'
2024-01-07 10:14:38.031    app     info:    [authentication] Token for '18922386' on 'tranquility' has been successfully refreshed
2024-01-07 10:14:38.033    app     info:    [elg-events] Sending event    eve_launcher.electron.authentication.UserTokensRefreshed
2024-01-07 10:14:38.035    app     info:    [customer-information] Getting character information for '18922386' on 'tranquility'
2024-01-07 10:14:38.035    app     info:    [customer-information] Getting Omega status for '18922386' on 'tranquility'
2024-01-07 10:14:38.035    app     info:    [virtual-goods] Getting Plex status for '18922386' on 'tranquility'
2024-01-07 10:14:38.047    app     info:    [authentication] Token for '2110311' on 'tranquility' has been successfully refreshed
2024-01-07 10:14:38.049    app     info:    [elg-events] Sending event    eve_launcher.electron.authentication.UserTokensRefreshed
2024-01-07 10:14:38.051    app     info:    [customer-information] Getting character information for '2110311' on 'tranquility'
2024-01-07 10:14:38.051    app     info:    [customer-information] Getting Omega status for '2110311' on 'tranquility'
2024-01-07 10:14:38.051    app     info:    [virtual-goods] Getting Plex status for '2110311' on 'tranquility'
2024-01-07 10:14:38.061    app     info:    [AuthenticationMiddleware] Successfully restored 16 / 16 users
2024-01-07 10:14:38.097    app     info:    [self-update] Currently running the latest launcher version. Scheduling update check in 5 minutes.
2024-01-07 10:14:38.098    app     info:    [esi] Fetched 1 character details for 29285645
2024-01-07 10:14:38.101    app     info:    [esi] Fetched 1 character details for 29280260
2024-01-07 10:14:38.179    app     info:    [esi] Fetching character details for 2118248041, 2121175776
2024-01-07 10:14:38.189    app     info:    [virtual-goods] Fetched Plex status for '18000247' on 'tranquility'
2024-01-07 10:14:38.203    app     info:    [esi] Fetching character details for 2114656127, 2121178396
2024-01-07 10:14:38.214    app     info:    [esi] Fetching character details for 2121178171
2024-01-07 10:14:38.224    app     info:    [virtual-goods] Fetched Plex status for '26239201' on 'tranquility'
2024-01-07 10:14:38.232    app     info:    [esi] Fetching character details for 2121927552
2024-01-07 10:14:38.241    app     info:    [virtual-goods] Fetched Plex status for '2110311' on 'tranquility'
2024-01-07 10:14:38.248    app     info:    [esi] Fetching character details for 578564394, 2115457291
2024-01-07 10:14:38.257    app     info:    [virtual-goods] Fetched Plex status for '25218835' on 'tranquility'
2024-01-07 10:14:38.290    app     info:    [esi] Fetching character details for 2115479508
2024-01-07 10:14:38.298    app     info:    [virtual-goods] Fetched Plex status for '16492377' on 'tranquility'
2024-01-07 10:14:38.316    app     info:    [AuthenticationMiddleware] User information updated
2024-01-07 10:14:38.318    app     info:    [esi] Fetching character details for 2121174545
2024-01-07 10:14:38.333    app     info:    [esi] Fetching character details for 2121891348
2024-01-07 10:14:38.341    app     info:    [AuthenticationMiddleware] User information updated
2024-01-07 10:14:38.342    app     info:    [esi] Fetching character details for 2121927031
2024-01-07 10:14:38.352    app     info:    [esi] Fetching character details for 2115031890, 2121177973
2024-01-07 10:14:38.361    app     info:    [esi] Fetching character details for 2119361891, 2120347635
2024-01-07 10:14:38.369    app     info:    [AuthenticationMiddleware] User information updated
2024-01-07 10:14:38.386    app     info:    [esi] Fetching character details for 2113875139, 2121174871
2024-01-07 10:14:38.395    app     info:    [AuthenticationMiddleware] User information updated
2024-01-07 10:14:38.401    app     info:    [AuthenticationMiddleware] User information updated
2024-01-07 10:14:38.410    app     info:    [virtual-goods] Fetched Plex status for '28182799' on 'tranquility'
2024-01-07 10:14:38.422    app     info:    [AuthenticationMiddleware] User information updated
2024-01-07 10:14:38.434    app     info:    [virtual-goods] Fetched Plex status for '18034259' on 'tranquility'
2024-01-07 10:14:38.439    app     info:    [AuthenticationMiddleware] User information updated
2024-01-07 10:14:38.440    app     info:    [virtual-goods] Fetched Plex status for '15136212' on 'tranquility'
2024-01-07 10:14:38.445    app     info:    [AuthenticationMiddleware] User information updated
2024-01-07 10:14:38.446    app     info:    [virtual-goods] Fetched Plex status for '18922386' on 'tranquility'
2024-01-07 10:14:38.451    app     info:    [AuthenticationMiddleware] User information updated
2024-01-07 10:14:38.454    app     info:    [virtual-goods] Fetched Plex status for '17525312' on 'tranquility'
2024-01-07 10:14:38.460    app     info:    [AuthenticationMiddleware] User information updated
2024-01-07 10:14:38.461    app     info:    [virtual-goods] Fetched Plex status for '23622903' on 'tranquility'
2024-01-07 10:14:38.466    app     info:    [AuthenticationMiddleware] User information updated
2024-01-07 10:14:38.467    app     info:    [virtual-goods] Fetched Plex status for '13595732' on 'tranquility'
2024-01-07 10:14:38.473    app     info:    [AuthenticationMiddleware] User information updated
2024-01-07 10:14:38.546    app     warn:    [steam-auth] Failed to initialize Steamworks client
2024-01-07 10:14:38.554    app     info:    [main-window] Registering main window    { windowId: 2 }
2024-01-07 10:14:38.566    app     info:    [cdn-trace] Fetching CDN trace data from https://binaries.eveonline.com/cdn-cgi/trace
2024-01-07 10:14:38.567    app     info:    [creatives] Requesting creatives
2024-01-07 10:14:38.574    app     info:    [elg-events] Sending event    eve_launcher.electron.application.RendererLoaded
2024-01-07 10:14:38.696    app     info:    [creatives] Received 3 creatives
2024-01-07 10:14:38.798    app     info:    [esi] Fetched 1 character details for 26239201
2024-01-07 10:14:38.800    app     info:    [esi] Fetched 1 character details for 18000247
2024-01-07 10:14:38.811    app     info:    [esi] Fetched 1 character details for 28182799
2024-01-07 10:14:38.814    app     info:    [esi] Fetched 1 character details for 15136212
2024-01-07 10:14:38.817    app     info:    [esi] Fetched 2 character details for 2110311
2024-01-07 10:14:38.825    app     info:    [esi] Fetched 2 character details for 16492377
2024-01-07 10:14:38.828    app     info:    [esi] Fetched 2 character details for 18034259
2024-01-07 10:14:38.830    app     info:    [esi] Fetched 2 character details for 25218835
2024-01-07 10:14:38.834    app     info:    [esi] Fetched 1 character details for 18922386
2024-01-07 10:14:38.837    app     info:    [esi] Fetched 1 character details for 13595732
2024-01-07 10:14:38.847    app     info:    [esi] Fetched 2 character details for 17525312
2024-01-07 10:14:38.949    app     info:    [esi] Fetched 2 character details for 23622903
2024-01-07 10:14:40.338     ui     info:    Initializing captcha    ccp://launcher/renderer/main_window/index.js    2
2024-01-07 10:14:45.463    app     info:    [analytics] Hardware rendering enabled:    true    { disabledViaCommandline: false, disabledViaSettings: false }
2024-01-07 10:14:53.889    app     info:    [AuthenticationMiddleware] Character information for '18922386' on 'tranquility' was loaded recently, skipping refresh.
2024-01-07 10:14:53.890    app     info:    [AuthenticationMiddleware] Plex information for '18922386' on 'tranquility' was loaded recently, skipping refresh.
2024-01-07 10:14:58.569    app     info:    [client-queue] Queued client startup    {
  product: 'eve-online',
  tenant: 'tranquility',
  userId: 18922386,
  characterId: 2115479508,
  profile: ''
}
2024-01-07 10:14:58.571    app     info:    [elg-events] Sending event    eve_launcher.electron.eve_client.ClientQueued
2024-01-07 10:14:58.572    app     info:    [client-queue] No clients running for tranquility, copying files before starting a client
2024-01-07 10:14:58.578    app     info:    [elg-events] Sending event    eve_launcher.electron.eve_client.CopyingFilesStarted
2024-01-07 10:14:58.579    app     info:    [binary-copier] Copying 194 files (217 MB) to 'C:\CCP\EVE Online\tq'
2024-01-07 10:14:58.626    app     info:    [binary-copier] Removing old binaries
2024-01-07 10:14:58.649    app     info:    [binary-copier] Copying binaries from ResFiles
2024-01-07 10:14:59.102    app     info:    [binary-copier] Finished copying 194 files to 'C:\CCP\EVE Online\tq' in 0.525 seconds
2024-01-07 10:14:59.104    app     info:    [elg-events] Sending event    eve_launcher.electron.eve_client.CopyingFilesFinished
2024-01-07 10:14:59.110    app     info:    [client-manager] Starting EVE Online game client.    C:\CCP\EVE Online\tq\bin64\exefile.exe    Map(11) {
  'noconsole' => '/noconsole',
  'server' => '/server:tranquility.servers.eveonline.com',
  'triplatform' => '/triplatform=dx12',
  'ssotoken' => '/ssoToken=***',
  'refreshtoken' => '/refreshToken=***',
  'settingsprofile' => '/settingsprofile=Default',
  'deviceid' => '/deviceID=4a436adb-4b99-40a7-85b0-42e206f41286',
  'autoselectcharacter' => '/autoSelectCharacter:2115479508',
  'language' => '/language=en',
  'exp' => '1704623077',
  'tokenExpires' => '2024-01-07 12:24:37.000'
}    18922386
2024-01-07 10:14:59.151    app     info:    [client-queue] Started client from group startup    {
  product: 'eve-online',
  tenant: 'tranquility',
  characterId: 2115479508,
  profile: '',
  userId: 18922386
}
2024-01-07 10:14:59.227    app     info:    [quasar-events] Sent 'eve_launcher.electron.eve_client.GameClientStartRequested'
2024-01-07 10:14:59.228    app     info:    [quasar-events] Sent 'eve_launcher.electron.eve_client.TemporaryClientProcessAdded'
2024-01-07 10:14:59.675    app     info:    [client-manager] Found 'tranquility' client for '18922386' running:     {
  processId: 12608,
  createdDate: 1704622499194,
  userId: 18922386,
  characterId: 2115479508,
  profile: 'Default',
  dxVersion: 'dx12'
}
2024-01-07 10:14:59.776    app     info:    [quasar-events] Sent 'eve_launcher.electron.eve_client.TemporaryClientProcessMonitoringRetried'
2024-01-07 10:14:59.777    app     info:    [quasar-events] Sent 'eve_launcher.electron.eve_client.GameClientStarted'
2024-01-07 10:14:59.777    app     info:    [quasar-events] Sent 'eve_launcher.electron.eve_client.TemporaryClientProcessRemoved'
2024-01-07 10:15:00.167    app     info:    [client-queue] Queue has stopped running, no more clients pending startup.
2024-01-07 10:15:07.755    app     warn:    Could not connect to LogLite    [
  Error: connect ECONNREFUSED 127.0.0.1:3273
      at TCPConnectWrap.afterConnect [as oncomplete] (node:net:1247:16) {
    errno: -4078,
    code: 'ECONNREFUSED',
    syscall: 'connect',
    address: '127.0.0.1',
    port: 3273
  }
]
2024-01-07 10:19:37.671    app     info:    [server-manager] Starting refresh cycle for eve-online / Tranquility
2024-01-07 10:19:37.859    app     info:    [server-manager] Previous Tranquility build: 2461603, current build: 2461603
2024-01-07 10:19:37.860    app     info:    [server-manager] Tranquility build is unchanged.
2024-01-07 10:19:37.865    app     info:    [server-manager] Ready to play!
2024-01-07 10:19:37.869    app     info:    [server-manager] Finished refresh cycle for Tranquility
2024-01-07 10:19:38.109    app     info:    [self-update] Checking for a launcher update...
2024-01-07 10:19:38.399    app     info:    [self-update] Currently running the latest launcher version. Scheduling update check in 5 minutes.
2024-01-07 10:21:31.839    app     info:    [ipc-requests] Handling requests in the background
2024-01-07 10:21:32.849    app     info:    [ipc-requests] No longer handling requests in the background
2024-01-07 10:21:44.005    app     info:    [main-window] Main window minimized to tray    { windowId: 2 }
2024-01-07 10:21:44.027    app     info:    [main-window] Sent notification that the application is minimized to tray    { windowId: 2 }
2024-01-07 10:21:44.035    app     info:    [ipc-requests] Handling requests in the background
2024-01-07 10:21:45.044    app     info:    [ipc-requests] No longer handling requests in the background
2024-01-07 10:24:37.880    app     info:    [server-manager] Starting refresh cycle for eve-online / Tranquility
2024-01-07 10:24:38.408    app     info:    [self-update] Checking for a launcher update...
2024-01-07 10:24:38.697    app     info:    [self-update] Currently running the latest launcher version. Scheduling update check in 5 minutes.
2024-01-07 10:24:39.636    app     info:    [server-manager] Previous Tranquility build: 2461603, current build: 2461603
2024-01-07 10:24:39.636    app     info:    [server-manager] Tranquility build is unchanged.
2024-01-07 10:24:39.642    app     info:    [server-manager] Ready to play!
2024-01-07 10:24:39.645    app     info:    [server-manager] Finished refresh cycle for Tranquility
2024-01-07 10:29:38.705    app     info:    [self-update] Checking for a launcher update...
2024-01-07 10:29:38.994    app     info:    [self-update] Currently running the latest launcher version. Scheduling update check in 5 minutes.
2024-01-07 10:29:39.658    app     info:    [server-manager] Starting refresh cycle for eve-online / Tranquility
2024-01-07 10:29:39.784    app     info:    [server-manager] Previous Tranquility build: 2461603, current build: 2461603
2024-01-07 10:29:39.784    app     info:    [server-manager] Tranquility build is unchanged.
2024-01-07 10:29:39.789    app     info:    [server-manager] Ready to play!
2024-01-07 10:29:39.792    app     info:    [server-manager] Finished refresh cycle for Tranquility
2024-01-07 10:34:39.003    app     info:    [self-update] Checking for a launcher update...
2024-01-07 10:34:39.406    app     info:    [self-update] Currently running the latest launcher version. Scheduling update check in 5 minutes.
2024-01-07 10:34:39.803    app     info:    [server-manager] Starting refresh cycle for eve-online / Tranquility
2024-01-07 10:34:39.942    app     info:    [server-manager] Previous Tranquility build: 2461603, current build: 2461603
2024-01-07 10:34:39.942    app     info:    [server-manager] Tranquility build is unchanged.
2024-01-07 10:34:39.948    app     info:    [server-manager] Ready to play!
2024-01-07 10:34:39.952    app     info:    [server-manager] Finished refresh cycle for Tranquility
2024-01-07 10:39:39.418    app     info:    [self-update] Checking for a launcher update...
2024-01-07 10:39:39.707    app     info:    [self-update] Currently running the latest launcher version. Scheduling update check in 5 minutes.
2024-01-07 10:39:39.957    app     info:    [server-manager] Starting refresh cycle for eve-online / Tranquility
2024-01-07 10:39:40.113    app     info:    [server-manager] Previous Tranquility build: 2461603, current build: 2461603
2024-01-07 10:39:40.113    app     info:    [server-manager] Tranquility build is unchanged.
2024-01-07 10:39:40.118    app     info:    [server-manager] Ready to play!
2024-01-07 10:39:40.121    app     info:    [server-manager] Finished refresh cycle for Tranquility
2024-01-07 10:44:39.712    app     info:    [self-update] Checking for a launcher update...
2024-01-07 10:44:39.996    app     info:    [self-update] Currently running the latest launcher version. Scheduling update check in 5 minutes.
2024-01-07 10:44:40.136    app     info:    [server-manager] Starting refresh cycle for eve-online / Tranquility
2024-01-07 10:44:40.311    app     info:    [server-manager] Previous Tranquility build: 2461603, current build: 2461603
2024-01-07 10:44:40.312    app     info:    [server-manager] Tranquility build is unchanged.
2024-01-07 10:44:40.317    app     info:    [server-manager] Ready to play!
2024-01-07 10:44:40.321    app     info:    [server-manager] Finished refresh cycle for Tranquility
2024-01-07 10:49:40.005    app     info:    [self-update] Checking for a launcher update...
2024-01-07 10:49:40.298    app     info:    [self-update] Currently running the latest launcher version. Scheduling update check in 5 minutes.
2024-01-07 10:49:40.337    app     info:    [server-manager] Starting refresh cycle for eve-online / Tranquility
2024-01-07 10:49:40.482    app     info:    [server-manager] Previous Tranquility build: 2461603, current build: 2461603
2024-01-07 10:49:40.482    app     info:    [server-manager] Tranquility build is unchanged.
2024-01-07 10:49:40.487    app     info:    [server-manager] Ready to play!
2024-01-07 10:49:40.491    app     info:    [server-manager] Finished refresh cycle for Tranquility
2024-01-07 10:54:40.307    app     info:    [self-update] Checking for a launcher update...
2024-01-07 10:54:40.498    app     info:    [server-manager] Starting refresh cycle for eve-online / Tranquility
2024-01-07 10:54:40.596    app     info:    [self-update] Currently running the latest launcher version. Scheduling update check in 5 minutes.
2024-01-07 10:54:41.980    app     info:    [server-manager] Previous Tranquility build: 2461603, current build: 2461603
2024-01-07 10:54:41.980    app     info:    [server-manager] Tranquility build is unchanged.
2024-01-07 10:54:41.986    app     info:    [server-manager] Ready to play!
2024-01-07 10:54:41.989    app     info:    [server-manager] Finished refresh cycle for Tranquility
2024-01-07 10:59:40.611    app     info:    [self-update] Checking for a launcher update...
2024-01-07 10:59:40.898    app     info:    [self-update] Currently running the latest launcher version. Scheduling update check in 5 minutes.
2024-01-07 10:59:41.992    app     info:    [server-manager] Starting refresh cycle for eve-online / Tranquility
2024-01-07 10:59:42.123    app     info:    [server-manager] Previous Tranquility build: 2461603, current build: 2461603
2024-01-07 10:59:42.123    app     info:    [server-manager] Tranquility build is unchanged.
2024-01-07 10:59:42.128    app     info:    [server-manager] Ready to play!
2024-01-07 10:59:42.131    app     info:    [server-manager] Finished refresh cycle for Tranquility
2024-01-07 11:00:17.293    app     info:    [client-manager] 'tranquility' for EVE game client for '18922386' exited with no errors.
2024-01-07 11:00:17.304    app     info:    [server-manager] Starting refresh cycle for eve-online / Tranquility
2024-01-07 11:00:17.397    app     info:    [quasar-events] Sent 'eve_launcher.electron.eve_client.GameClientExited'
2024-01-07 11:00:17.430    app     info:    [server-manager] Previous Tranquility build: 2461603, current build: 2461603
2024-01-07 11:00:17.431    app     info:    [server-manager] Tranquility build is unchanged.
2024-01-07 11:00:17.437    app     info:    [server-manager] Ready to play!
2024-01-07 11:00:17.440    app     info:    [server-manager] Finished refresh cycle for Tranquility
