2023-12-26 23:16:25.074    app     info:    Startup arguments    []
2023-12-26 23:16:25.085    app     info:    EVE Online Launcher is already running. This instance will now be closed.
2023-12-26 23:16:25.085    app     info:    Application quitting. Cleanup needed: true
2023-12-26 23:16:25.091    app     info:    [elg-events] Sending event    eve_launcher.electron.application.LauncherShutdown
2023-12-26 23:16:25.094    app     info:    [self-update] Starting automatic update checks
2023-12-26 23:16:25.094    app     info:    [self-update] Waiting for update feed before starting update checks
2023-12-26 23:16:25.097    app     info:    [preload] High DPI scaling enabled by settings
2023-12-26 23:16:25.100    app     info:    app.quit called, but we are still sending ELG events.
2023-12-26 23:16:25.184    app     info:    [i18next] Changed language    en
2023-12-26 23:16:25.210    app     info:    [authentication] Token for '16492377' on 'tranquility' is expired, refresh is required
2023-12-26 23:16:25.211    app     info:    [authentication] Refreshing token for '16492377' on 'tranquility'
2023-12-26 23:16:25.212    app     info:    [authentication] Token for '17525312' on 'tranquility' is expired, refresh is required
2023-12-26 23:16:25.212    app     info:    [authentication] Refreshing token for '17525312' on 'tranquility'
2023-12-26 23:16:25.212    app     info:    [authentication] Token for '25218835' on 'tranquility' is expired, refresh is required
2023-12-26 23:16:25.213    app     info:    [authentication] Refreshing token for '25218835' on 'tranquility'
2023-12-26 23:16:25.213    app     info:    [authentication] Token for '29280260' on 'tranquility' is expired, refresh is required
2023-12-26 23:16:25.213    app     info:    [authentication] Refreshing token for '29280260' on 'tranquility'
2023-12-26 23:16:25.214    app     info:    [authentication] Token for '29285645' on 'tranquility' is expired, refresh is required
2023-12-26 23:16:25.214    app     info:    [authentication] Refreshing token for '29285645' on 'tranquility'
2023-12-26 23:16:25.214    app     info:    [authentication] Token for '18034259' on 'tranquility' is expired, refresh is required
2023-12-26 23:16:25.215    app     info:    [authentication] Refreshing token for '18034259' on 'tranquility'
2023-12-26 23:16:25.215    app     info:    [authentication] Token for '28182799' on 'tranquility' is expired, refresh is required
2023-12-26 23:16:25.215    app     info:    [authentication] Refreshing token for '28182799' on 'tranquility'
2023-12-26 23:16:25.216    app     info:    [authentication] Token for '2110311' on 'tranquility' is expired, refresh is required
2023-12-26 23:16:25.216    app     info:    [authentication] Refreshing token for '2110311' on 'tranquility'
2023-12-26 23:16:25.216    app     info:    [authentication] Token for '23622903' on 'tranquility' is expired, refresh is required
2023-12-26 23:16:25.216    app     info:    [authentication] Refreshing token for '23622903' on 'tranquility'
2023-12-26 23:16:25.216    app     info:    [authentication] Token for '26239201' on 'tranquility' is expired, refresh is required
2023-12-26 23:16:25.217    app     info:    [authentication] Refreshing token for '26239201' on 'tranquility'
2023-12-26 23:16:25.217    app     info:    [authentication] Token for '18922386' on 'tranquility' is expired, refresh is required
2023-12-26 23:16:25.217    app     info:    [authentication] Refreshing token for '18922386' on 'tranquility'
2023-12-26 23:16:25.217    app     info:    [authentication] Token for '18000247' on 'tranquility' is expired, refresh is required
2023-12-26 23:16:25.217    app     info:    [authentication] Refreshing token for '18000247' on 'tranquility'
2023-12-26 23:16:25.218    app     info:    [authentication] Token for '13595732' on 'tranquility' is expired, refresh is required
2023-12-26 23:16:25.218    app     info:    [authentication] Refreshing token for '13595732' on 'tranquility'
2023-12-26 23:16:25.218    app     info:    [authentication] Token for '15136212' on 'tranquility' is expired, refresh is required
2023-12-26 23:16:25.218    app     info:    [authentication] Refreshing token for '15136212' on 'tranquility'
2023-12-26 23:16:25.258    app     info:    [cache-protocol] Found 0 entries to remove
2023-12-26 23:16:25.258    app     info:    [cache-protocol] Nothing to clean up.
2023-12-26 23:16:25.399    app     info:    [customer-information] Agreements have been updated
2023-12-26 23:16:25.470    app     info:    [authentication] Token for '17525312' on 'tranquility' has been successfully refreshed
2023-12-26 23:16:25.475    app     info:    [elg-events] Sending event    eve_launcher.electron.authentication.UserTokensRefreshed
2023-12-26 23:16:25.481    app     info:    [customer-information] Getting character information for '17525312' on 'tranquility'
2023-12-26 23:16:25.482    app     info:    [customer-information] Getting Omega status for '17525312' on 'tranquility'
2023-12-26 23:16:25.482    app     info:    [virtual-goods] Getting Plex status for '17525312' on 'tranquility'
2023-12-26 23:16:25.500    app     info:    [authentication] Token for '15136212' on 'tranquility' has been successfully refreshed
2023-12-26 23:16:25.503    app     info:    [elg-events] Sending event    eve_launcher.electron.authentication.UserTokensRefreshed
2023-12-26 23:16:25.505    app     info:    [AuthenticationMiddleware] Character information for '15136212' on 'tranquility' was loaded recently, skipping refresh.
2023-12-26 23:16:25.505    app     info:    [AuthenticationMiddleware] Plex information for '15136212' on 'tranquility' was loaded recently, skipping refresh.
2023-12-26 23:16:25.516    app     info:    [AuthenticationMiddleware] User information updated
2023-12-26 23:16:25.516    app     info:    [authentication] Token for '29280260' on 'tranquility' has been successfully refreshed
2023-12-26 23:16:25.518    app     info:    [elg-events] Sending event    eve_launcher.electron.authentication.UserTokensRefreshed
2023-12-26 23:16:25.520    app     info:    [customer-information] Getting character information for '29280260' on 'tranquility'
2023-12-26 23:16:25.521    app     info:    [customer-information] Getting Omega status for '29280260' on 'tranquility'
2023-12-26 23:16:25.521    app     info:    [virtual-goods] Getting Plex status for '29280260' on 'tranquility'
2023-12-26 23:16:25.533    app     info:    [authentication] Token for '26239201' on 'tranquility' has been successfully refreshed
2023-12-26 23:16:25.535    app     info:    [elg-events] Sending event    eve_launcher.electron.authentication.UserTokensRefreshed
2023-12-26 23:16:25.536    app     info:    [customer-information] Getting character information for '26239201' on 'tranquility'
2023-12-26 23:16:25.536    app     info:    [customer-information] Getting Omega status for '26239201' on 'tranquility'
2023-12-26 23:16:25.536    app     info:    [virtual-goods] Getting Plex status for '26239201' on 'tranquility'
2023-12-26 23:16:25.547    app     info:    [authentication] Token for '13595732' on 'tranquility' has been successfully refreshed
2023-12-26 23:16:25.548    app     info:    [elg-events] Sending event    eve_launcher.electron.authentication.UserTokensRefreshed
2023-12-26 23:16:25.549    app     info:    [AuthenticationMiddleware] Character information for '13595732' on 'tranquility' was loaded recently, skipping refresh.
2023-12-26 23:16:25.549    app     info:    [AuthenticationMiddleware] Plex information for '13595732' on 'tranquility' was loaded recently, skipping refresh.
2023-12-26 23:16:25.559    app     info:    [AuthenticationMiddleware] User information updated
2023-12-26 23:16:25.559    app     info:    [authentication] Token for '23622903' on 'tranquility' has been successfully refreshed
2023-12-26 23:16:25.561    app     info:    [elg-events] Sending event    eve_launcher.electron.authentication.UserTokensRefreshed
2023-12-26 23:16:25.563    app     info:    [customer-information] Getting character information for '23622903' on 'tranquility'
2023-12-26 23:16:25.563    app     info:    [customer-information] Getting Omega status for '23622903' on 'tranquility'
2023-12-26 23:16:25.563    app     info:    [virtual-goods] Getting Plex status for '23622903' on 'tranquility'
2023-12-26 23:16:25.577    app     info:    [authentication] Token for '29285645' on 'tranquility' has been successfully refreshed
2023-12-26 23:16:25.579    app     info:    [elg-events] Sending event    eve_launcher.electron.authentication.UserTokensRefreshed
2023-12-26 23:16:25.580    app     info:    [customer-information] Getting character information for '29285645' on 'tranquility'
2023-12-26 23:16:25.580    app     info:    [customer-information] Getting Omega status for '29285645' on 'tranquility'
2023-12-26 23:16:25.580    app     info:    [virtual-goods] Getting Plex status for '29285645' on 'tranquility'
2023-12-26 23:16:25.594    app     info:    [authentication] Token for '18034259' on 'tranquility' has been successfully refreshed
2023-12-26 23:16:25.595    app     info:    [elg-events] Sending event    eve_launcher.electron.authentication.UserTokensRefreshed
2023-12-26 23:16:25.597    app     info:    [customer-information] Getting character information for '18034259' on 'tranquility'
2023-12-26 23:16:25.597    app     info:    [customer-information] Getting Omega status for '18034259' on 'tranquility'
2023-12-26 23:16:25.597    app     info:    [virtual-goods] Getting Plex status for '18034259' on 'tranquility'
2023-12-26 23:16:25.608    app     info:    [authentication] Token for '18000247' on 'tranquility' has been successfully refreshed
2023-12-26 23:16:25.609    app     info:    [elg-events] Sending event    eve_launcher.electron.authentication.UserTokensRefreshed
2023-12-26 23:16:25.610    app     info:    [customer-information] Getting character information for '18000247' on 'tranquility'
2023-12-26 23:16:25.610    app     info:    [customer-information] Getting Omega status for '18000247' on 'tranquility'
2023-12-26 23:16:25.611    app     info:    [virtual-goods] Getting Plex status for '18000247' on 'tranquility'
2023-12-26 23:16:25.624    app     info:    [authentication] Token for '18922386' on 'tranquility' has been successfully refreshed
2023-12-26 23:16:25.627    app     info:    [elg-events] Sending event    eve_launcher.electron.authentication.UserTokensRefreshed
2023-12-26 23:16:25.631    app     info:    [customer-information] Getting character information for '18922386' on 'tranquility'
2023-12-26 23:16:25.632    app     info:    [customer-information] Getting Omega status for '18922386' on 'tranquility'
2023-12-26 23:16:25.632    app     info:    [virtual-goods] Getting Plex status for '18922386' on 'tranquility'
2023-12-26 23:16:25.645    app     info:    [authentication] Token for '16492377' on 'tranquility' has been successfully refreshed
2023-12-26 23:16:25.646    app     info:    [elg-events] Sending event    eve_launcher.electron.authentication.UserTokensRefreshed
2023-12-26 23:16:25.648    app     info:    [AuthenticationMiddleware] Character information for '16492377' on 'tranquility' was loaded recently, skipping refresh.
2023-12-26 23:16:25.648    app     info:    [AuthenticationMiddleware] Plex information for '16492377' on 'tranquility' was loaded recently, skipping refresh.
2023-12-26 23:16:25.656    app     info:    [authentication] Token for '2110311' on 'tranquility' has been successfully refreshed
2023-12-26 23:16:25.658    app     info:    [elg-events] Sending event    eve_launcher.electron.authentication.UserTokensRefreshed
2023-12-26 23:16:25.659    app     info:    [customer-information] Getting character information for '2110311' on 'tranquility'
2023-12-26 23:16:25.659    app     info:    [customer-information] Getting Omega status for '2110311' on 'tranquility'
2023-12-26 23:16:25.659    app     info:    [virtual-goods] Getting Plex status for '2110311' on 'tranquility'
2023-12-26 23:16:25.668    app     info:    [authentication] Token for '25218835' on 'tranquility' has been successfully refreshed
2023-12-26 23:16:25.669    app     info:    [elg-events] Sending event    eve_launcher.electron.authentication.UserTokensRefreshed
2023-12-26 23:16:25.671    app     info:    [customer-information] Getting character information for '25218835' on 'tranquility'
2023-12-26 23:16:25.671    app     info:    [customer-information] Getting Omega status for '25218835' on 'tranquility'
2023-12-26 23:16:25.671    app     info:    [virtual-goods] Getting Plex status for '25218835' on 'tranquility'
2023-12-26 23:16:25.681    app     info:    [authentication] Token for '28182799' on 'tranquility' has been successfully refreshed
2023-12-26 23:16:25.682    app     info:    [elg-events] Sending event    eve_launcher.electron.authentication.UserTokensRefreshed
2023-12-26 23:16:25.683    app     info:    [customer-information] Getting character information for '28182799' on 'tranquility'
2023-12-26 23:16:25.683    app     info:    [customer-information] Getting Omega status for '28182799' on 'tranquility'
2023-12-26 23:16:25.683    app     info:    [virtual-goods] Getting Plex status for '28182799' on 'tranquility'
2023-12-26 23:16:25.690    app     info:    [AuthenticationMiddleware] Successfully restored 14 / 14 users
2023-12-26 23:16:25.708    app     info:    [first-run] First application run was at 2023-11-27T10:29:20.506Z
2023-12-26 23:16:25.812    app     info:    [customer-information] Agreement status has been fetched for user '17525312'
2023-12-26 23:16:25.840    app     info:    [esi] Fetching character details for 2121878074
2023-12-26 23:16:25.856    app     info:    [customer-information] Agreement status has been fetched for user '23622903'
2023-12-26 23:16:25.862    app     info:    [customer-information] Agreement status has been fetched for user '26239201'
2023-12-26 23:16:25.867    app     info:    [customer-information] Agreement status has been fetched for user '18034259'
2023-12-26 23:16:25.880    app     info:    [customer-information] Agreement status has been fetched for user '25218835'
2023-12-26 23:16:25.889    app     info:    [virtual-goods] Fetched Plex status for '23622903' on 'tranquility'
2023-12-26 23:16:25.896    app     info:    [esi] Fetching character details for 2121891348
2023-12-26 23:16:25.911    app     info:    [customer-information] Agreement status has been fetched for user '16492377'
2023-12-26 23:16:25.911    app     info:    [AuthenticationMiddleware] User information updated
2023-12-26 23:16:25.920    app     info:    [esi] Fetching character details for 578564394, 2115457291
2023-12-26 23:16:25.931    app     info:    [esi] Fetching character details for 2115479508
2023-12-26 23:16:25.943    app     info:    [esi] Fetching character details for 2119361891, 2120347635
2023-12-26 23:16:25.954    app     info:    [esi] Fetching character details for 2121853336
2023-12-26 23:16:25.966    app     info:    [esi] Fetching character details for 2115031890, 2121177973
2023-12-26 23:16:26.005    app     info:    [customer-information] Agreement status has been fetched for user '18922386'
2023-12-26 23:16:26.010    app     info:    [customer-information] Agreement status has been fetched for user '29280260'
2023-12-26 23:16:26.018    app     info:    [customer-information] Agreement status has been fetched for user '2110311'
2023-12-26 23:16:26.019    app     info:    [esi] Fetching character details for 2121174545
2023-12-26 23:16:26.029    app     info:    [virtual-goods] Fetched Plex status for '28182799' on 'tranquility'
2023-12-26 23:16:26.090    app     info:    [esi] Fetching character details for 2118248041, 2121175776
2023-12-26 23:16:26.112    app     info:    [AuthenticationMiddleware] User information updated
2023-12-26 23:16:26.128    app     info:    [customer-information] Agreement status has been fetched for user '29285645'
2023-12-26 23:16:26.129    app     info:    [esi] Fetching character details for 2114656127, 2121178396
2023-12-26 23:16:26.153    app     info:    [customer-information] Agreement status has been fetched for user '18000247'
2023-12-26 23:16:26.154    app     info:    [esi] Fetching character details for 2121178171
2023-12-26 23:16:26.174    app     info:    [customer-information] Agreement status has been fetched for user '28182799'
2023-12-26 23:16:26.174    app     info:    [AuthenticationMiddleware] User information updated
2023-12-26 23:16:26.229    app     info:    [virtual-goods] Fetched Plex status for '17525312' on 'tranquility'
2023-12-26 23:16:26.236    app     info:    [AuthenticationMiddleware] User information updated
2023-12-26 23:16:26.241    app     info:    [virtual-goods] Fetched Plex status for '18922386' on 'tranquility'
2023-12-26 23:16:26.246    app     info:    [AuthenticationMiddleware] User information updated
2023-12-26 23:16:26.249    app     info:    [virtual-goods] Fetched Plex status for '2110311' on 'tranquility'
2023-12-26 23:16:26.254    app     info:    [AuthenticationMiddleware] User information updated
2023-12-26 23:16:26.263    app     info:    [virtual-goods] Fetched Plex status for '29280260' on 'tranquility'
2023-12-26 23:16:26.267    app     info:    [AuthenticationMiddleware] User information updated
2023-12-26 23:16:26.270    app     info:    [virtual-goods] Fetched Plex status for '18034259' on 'tranquility'
2023-12-26 23:16:26.275    app     info:    [AuthenticationMiddleware] User information updated
2023-12-26 23:16:26.277    app     info:    [virtual-goods] Fetched Plex status for '26239201' on 'tranquility'
2023-12-26 23:16:26.282    app     info:    [AuthenticationMiddleware] User information updated
2023-12-26 23:16:26.282    app     info:    [virtual-goods] Fetched Plex status for '25218835' on 'tranquility'
2023-12-26 23:16:26.287    app     info:    [AuthenticationMiddleware] User information updated
2023-12-26 23:16:26.290    app     info:    [virtual-goods] Fetched Plex status for '29285645' on 'tranquility'
2023-12-26 23:16:26.295    app     info:    [AuthenticationMiddleware] User information updated
2023-12-26 23:16:26.296    app     info:    [virtual-goods] Fetched Plex status for '18000247' on 'tranquility'
2023-12-26 23:16:26.301    app     info:    [AuthenticationMiddleware] User information updated
2023-12-26 23:16:26.302    app     info:    ELG stream closed, quitting.
2023-12-26 23:16:26.302    app     info:    Application closed    0
