2023-12-21 16:17:53.849    app     info:    Startup arguments    []
2023-12-21 16:17:53.861    app     info:    EVE Online Launcher is already running. This instance will now be closed.
2023-12-21 16:17:53.861    app     info:    Application quitting. Cleanup needed: true
2023-12-21 16:17:53.867    app     info:    [elg-events] Sending event    eve_launcher.electron.application.LauncherShutdown
2023-12-21 16:17:53.870    app     info:    [self-update] Starting automatic update checks
2023-12-21 16:17:53.871    app     info:    [self-update] Waiting for update feed before starting update checks
2023-12-21 16:17:53.874    app     info:    [preload] High DPI scaling enabled by settings
2023-12-21 16:17:53.877    app     info:    app.quit called, but we are still sending ELG events.
2023-12-21 16:17:53.967    app     info:    [i18next] Changed language    en
2023-12-21 16:17:53.992    app     info:    [authentication] Token for '16492377' on 'tranquility' is expired, refresh is required
2023-12-21 16:17:53.993    app     info:    [authentication] Refreshing token for '16492377' on 'tranquility'
2023-12-21 16:17:53.993    app     info:    [authentication] Token for '17525312' on 'tranquility' is expired, refresh is required
2023-12-21 16:17:53.994    app     info:    [authentication] Refreshing token for '17525312' on 'tranquility'
2023-12-21 16:17:53.994    app     info:    [authentication] Token for '25218835' on 'tranquility' is expired, refresh is required
2023-12-21 16:17:53.994    app     info:    [authentication] Refreshing token for '25218835' on 'tranquility'
2023-12-21 16:17:53.996    app     info:    [customer-information] Getting character information for '29280260' on 'tranquility'
2023-12-21 16:17:53.996    app     info:    [customer-information] Getting Omega status for '29280260' on 'tranquility'
2023-12-21 16:17:53.997    app     info:    [virtual-goods] Getting Plex status for '29280260' on 'tranquility'
2023-12-21 16:17:53.998    app     info:    [customer-information] Getting character information for '29285645' on 'tranquility'
2023-12-21 16:17:53.999    app     info:    [customer-information] Getting Omega status for '29285645' on 'tranquility'
2023-12-21 16:17:53.999    app     info:    [virtual-goods] Getting Plex status for '29285645' on 'tranquility'
2023-12-21 16:17:53.999    app     info:    [authentication] Token for '18034259' on 'tranquility' is expired, refresh is required
2023-12-21 16:17:53.999    app     info:    [authentication] Refreshing token for '18034259' on 'tranquility'
2023-12-21 16:17:54.000    app     info:    [authentication] Token for '28182799' on 'tranquility' is expired, refresh is required
2023-12-21 16:17:54.000    app     info:    [authentication] Refreshing token for '28182799' on 'tranquility'
2023-12-21 16:17:54.000    app     info:    [authentication] Token for '2110311' on 'tranquility' is expired, refresh is required
2023-12-21 16:17:54.000    app     info:    [authentication] Refreshing token for '2110311' on 'tranquility'
2023-12-21 16:17:54.001    app     info:    [authentication] Token for '23622903' on 'tranquility' is expired, refresh is required
2023-12-21 16:17:54.001    app     info:    [authentication] Refreshing token for '23622903' on 'tranquility'
2023-12-21 16:17:54.001    app     info:    [authentication] Token for '26239201' on 'tranquility' is expired, refresh is required
2023-12-21 16:17:54.001    app     info:    [authentication] Refreshing token for '26239201' on 'tranquility'
2023-12-21 16:17:54.001    app     info:    [authentication] Token for '18922386' on 'tranquility' is expired, refresh is required
2023-12-21 16:17:54.002    app     info:    [authentication] Refreshing token for '18922386' on 'tranquility'
2023-12-21 16:17:54.002    app     info:    [authentication] Token for '18000247' on 'tranquility' is expired, refresh is required
2023-12-21 16:17:54.002    app     info:    [authentication] Refreshing token for '18000247' on 'tranquility'
2023-12-21 16:17:54.040    app     info:    [cache-protocol] Found 0 entries to remove
2023-12-21 16:17:54.040    app     info:    [cache-protocol] Nothing to clean up.
2023-12-21 16:17:54.140    app     info:    [virtual-goods] Fetched Plex status for '29280260' on 'tranquility'
2023-12-21 16:17:54.147    app     info:    [virtual-goods] Fetched Plex status for '29285645' on 'tranquility'
2023-12-21 16:17:54.154    app     info:    [esi] Fetching character details for 2121853336
2023-12-21 16:17:54.167    app     info:    [customer-information] Agreements have been updated
2023-12-21 16:17:54.180    app     info:    [esi] Fetching character details for 2121878074
2023-12-21 16:17:54.193    app     info:    [first-run] First application run was at 2023-11-27T10:29:20.506Z
2023-12-21 16:17:54.307    app     info:    [authentication] Token for '17525312' on 'tranquility' has been successfully refreshed
2023-12-21 16:17:54.313    app     info:    [elg-events] Sending event    eve_launcher.electron.authentication.UserTokensRefreshed
2023-12-21 16:17:54.317    app     info:    [AuthenticationMiddleware] Character information for '17525312' on 'tranquility' was loaded recently, skipping refresh.
2023-12-21 16:17:54.317    app     info:    [AuthenticationMiddleware] Plex information for '17525312' on 'tranquility' was loaded recently, skipping refresh.
2023-12-21 16:17:54.331    app     info:    [AuthenticationMiddleware] User information updated
2023-12-21 16:17:54.332    app     info:    [authentication] Token for '2110311' on 'tranquility' has been successfully refreshed
2023-12-21 16:17:54.333    app     info:    [elg-events] Sending event    eve_launcher.electron.authentication.UserTokensRefreshed
2023-12-21 16:17:54.334    app     info:    [customer-information] Getting character information for '2110311' on 'tranquility'
2023-12-21 16:17:54.334    app     info:    [customer-information] Getting Omega status for '2110311' on 'tranquility'
2023-12-21 16:17:54.334    app     info:    [virtual-goods] Getting Plex status for '2110311' on 'tranquility'
2023-12-21 16:17:54.346    app     info:    [authentication] Token for '26239201' on 'tranquility' has been successfully refreshed
2023-12-21 16:17:54.347    app     info:    [elg-events] Sending event    eve_launcher.electron.authentication.UserTokensRefreshed
2023-12-21 16:17:54.348    app     info:    [customer-information] Getting character information for '26239201' on 'tranquility'
2023-12-21 16:17:54.349    app     info:    [customer-information] Getting Omega status for '26239201' on 'tranquility'
2023-12-21 16:17:54.349    app     info:    [virtual-goods] Getting Plex status for '26239201' on 'tranquility'
2023-12-21 16:17:54.361    app     info:    [authentication] Token for '18034259' on 'tranquility' has been successfully refreshed
2023-12-21 16:17:54.362    app     info:    [elg-events] Sending event    eve_launcher.electron.authentication.UserTokensRefreshed
2023-12-21 16:17:54.363    app     info:    [customer-information] Getting character information for '18034259' on 'tranquility'
2023-12-21 16:17:54.364    app     info:    [customer-information] Getting Omega status for '18034259' on 'tranquility'
2023-12-21 16:17:54.364    app     info:    [virtual-goods] Getting Plex status for '18034259' on 'tranquility'
2023-12-21 16:17:54.375    app     info:    [authentication] Token for '23622903' on 'tranquility' has been successfully refreshed
2023-12-21 16:17:54.376    app     info:    [elg-events] Sending event    eve_launcher.electron.authentication.UserTokensRefreshed
2023-12-21 16:17:54.377    app     info:    [customer-information] Getting character information for '23622903' on 'tranquility'
2023-12-21 16:17:54.377    app     info:    [customer-information] Getting Omega status for '23622903' on 'tranquility'
2023-12-21 16:17:54.378    app     info:    [virtual-goods] Getting Plex status for '23622903' on 'tranquility'
2023-12-21 16:17:54.389    app     info:    [authentication] Token for '16492377' on 'tranquility' has been successfully refreshed
2023-12-21 16:17:54.391    app     info:    [elg-events] Sending event    eve_launcher.electron.authentication.UserTokensRefreshed
2023-12-21 16:17:54.392    app     info:    [AuthenticationMiddleware] Character information for '16492377' on 'tranquility' was loaded recently, skipping refresh.
2023-12-21 16:17:54.392    app     info:    [AuthenticationMiddleware] Plex information for '16492377' on 'tranquility' was loaded recently, skipping refresh.
2023-12-21 16:17:54.401    app     info:    [AuthenticationMiddleware] User information updated
2023-12-21 16:17:54.402    app     info:    [authentication] Token for '28182799' on 'tranquility' has been successfully refreshed
2023-12-21 16:17:54.403    app     info:    [elg-events] Sending event    eve_launcher.electron.authentication.UserTokensRefreshed
2023-12-21 16:17:54.404    app     info:    [customer-information] Getting character information for '28182799' on 'tranquility'
2023-12-21 16:17:54.404    app     info:    [customer-information] Getting Omega status for '28182799' on 'tranquility'
2023-12-21 16:17:54.404    app     info:    [virtual-goods] Getting Plex status for '28182799' on 'tranquility'
2023-12-21 16:17:54.416    app     info:    [authentication] Token for '18922386' on 'tranquility' has been successfully refreshed
2023-12-21 16:17:54.417    app     info:    [elg-events] Sending event    eve_launcher.electron.authentication.UserTokensRefreshed
2023-12-21 16:17:54.418    app     info:    [customer-information] Getting character information for '18922386' on 'tranquility'
2023-12-21 16:17:54.418    app     info:    [customer-information] Getting Omega status for '18922386' on 'tranquility'
2023-12-21 16:17:54.418    app     info:    [virtual-goods] Getting Plex status for '18922386' on 'tranquility'
2023-12-21 16:17:54.430    app     info:    [authentication] Token for '18000247' on 'tranquility' has been successfully refreshed
2023-12-21 16:17:54.432    app     info:    [elg-events] Sending event    eve_launcher.electron.authentication.UserTokensRefreshed
2023-12-21 16:17:54.433    app     info:    [customer-information] Getting character information for '18000247' on 'tranquility'
2023-12-21 16:17:54.433    app     info:    [customer-information] Getting Omega status for '18000247' on 'tranquility'
2023-12-21 16:17:54.434    app     info:    [virtual-goods] Getting Plex status for '18000247' on 'tranquility'
2023-12-21 16:17:54.445    app     info:    [authentication] Token for '25218835' on 'tranquility' has been successfully refreshed
2023-12-21 16:17:54.446    app     info:    [elg-events] Sending event    eve_launcher.electron.authentication.UserTokensRefreshed
2023-12-21 16:17:54.447    app     info:    [customer-information] Getting character information for '25218835' on 'tranquility'
2023-12-21 16:17:54.447    app     info:    [customer-information] Getting Omega status for '25218835' on 'tranquility'
2023-12-21 16:17:54.447    app     info:    [virtual-goods] Getting Plex status for '25218835' on 'tranquility'
2023-12-21 16:17:54.471    app     info:    [AuthenticationMiddleware] Successfully restored 14 / 14 users
2023-12-21 16:17:54.544    app     info:    [esi] Fetching character details for 578564394, 2115457291
2023-12-21 16:17:54.581    app     info:    [virtual-goods] Fetched Plex status for '18922386' on 'tranquility'
2023-12-21 16:17:54.587    app     info:    [esi] Fetching character details for 2119361891, 2120347635
2023-12-21 16:17:54.606    app     info:    [virtual-goods] Fetched Plex status for '25218835' on 'tranquility'
2023-12-21 16:17:54.611    app     info:    [AuthenticationMiddleware] User information updated
2023-12-21 16:17:54.618    app     info:    [virtual-goods] Fetched Plex status for '26239201' on 'tranquility'
2023-12-21 16:17:54.625    app     info:    [virtual-goods] Fetched Plex status for '28182799' on 'tranquility'
2023-12-21 16:17:54.630    app     info:    [esi] Fetching character details for 2115479508
2023-12-21 16:17:54.641    app     info:    [AuthenticationMiddleware] User information updated
2023-12-21 16:17:54.642    app     info:    [virtual-goods] Fetched Plex status for '18000247' on 'tranquility'
2023-12-21 16:17:54.655    app     info:    [esi] Fetching character details for 2115031890, 2121177973
2023-12-21 16:17:54.682    app     info:    [esi] Fetching character details for 2121174545
2023-12-21 16:17:54.692    app     info:    [AuthenticationMiddleware] User information updated
2023-12-21 16:17:54.694    app     info:    [esi] Fetching character details for 2121178171
2023-12-21 16:17:54.705    app     info:    [esi] Fetching character details for 2118248041, 2121175776
2023-12-21 16:17:54.716    app     info:    [virtual-goods] Fetched Plex status for '23622903' on 'tranquility'
2023-12-21 16:17:54.721    app     info:    [AuthenticationMiddleware] User information updated
2023-12-21 16:17:54.723    app     info:    [esi] Fetching character details for 2121891348
2023-12-21 16:17:54.737    app     info:    [virtual-goods] Fetched Plex status for '2110311' on 'tranquility'
2023-12-21 16:17:54.741    app     info:    [AuthenticationMiddleware] User information updated
2023-12-21 16:17:54.755    app     info:    [virtual-goods] Fetched Plex status for '18034259' on 'tranquility'
2023-12-21 16:17:54.762    app     info:    [AuthenticationMiddleware] User information updated
2023-12-21 16:17:54.855    app     info:    [AuthenticationMiddleware] User information updated
2023-12-21 16:17:54.864    app     info:    [AuthenticationMiddleware] User information updated
2023-12-21 16:17:54.878    app     info:    [esi] Fetched 1 character details for 29280260
2023-12-21 16:17:54.883    app     info:    [esi] Fetched 1 character details for 29285645
2023-12-21 16:17:55.072    app     info:    ELG stream closed, quitting.
