2023-12-26 23:36:52.867    app     info:    Startup arguments    []
2023-12-26 23:36:52.872    app     info:    [self-update] Starting automatic update checks
2023-12-26 23:36:52.872    app     info:    [self-update] Waiting for update feed before starting update checks
2023-12-26 23:36:52.875    app     info:    [preload] High DPI scaling enabled by settings
2023-12-26 23:36:53.008    app     info:    [i18next] Changed language    en
2023-12-26 23:36:53.116    app     info:    [authentication] Token for '16492377' on 'tranquility' is expired, refresh is required
2023-12-26 23:36:53.116    app     info:    [authentication] Refreshing token for '16492377' on 'tranquility'
2023-12-26 23:36:53.117    app     info:    [authentication] Token for '17525312' on 'tranquility' is expired, refresh is required
2023-12-26 23:36:53.117    app     info:    [authentication] Refreshing token for '17525312' on 'tranquility'
2023-12-26 23:36:53.118    app     info:    [authentication] Token for '25218835' on 'tranquility' is expired, refresh is required
2023-12-26 23:36:53.118    app     info:    [authentication] Refreshing token for '25218835' on 'tranquility'
2023-12-26 23:36:53.118    app     info:    [AuthenticationMiddleware] Character information for '29280260' on 'tranquility' was loaded recently, skipping refresh.
2023-12-26 23:36:53.119    app     info:    [AuthenticationMiddleware] Plex information for '29280260' on 'tranquility' was loaded recently, skipping refresh.
2023-12-26 23:36:53.121    app     info:    [AuthenticationMiddleware] Character information for '29285645' on 'tranquility' was loaded recently, skipping refresh.
2023-12-26 23:36:53.121    app     info:    [AuthenticationMiddleware] Plex information for '29285645' on 'tranquility' was loaded recently, skipping refresh.
2023-12-26 23:36:53.121    app     info:    [authentication] Token for '18034259' on 'tranquility' is expired, refresh is required
2023-12-26 23:36:53.121    app     info:    [authentication] Refreshing token for '18034259' on 'tranquility'
2023-12-26 23:36:53.122    app     info:    [authentication] Token for '28182799' on 'tranquility' is expired, refresh is required
2023-12-26 23:36:53.122    app     info:    [authentication] Refreshing token for '28182799' on 'tranquility'
2023-12-26 23:36:53.122    app     info:    [authentication] Token for '2110311' on 'tranquility' is expired, refresh is required
2023-12-26 23:36:53.122    app     info:    [authentication] Refreshing token for '2110311' on 'tranquility'
2023-12-26 23:36:53.123    app     info:    [authentication] Token for '23622903' on 'tranquility' is expired, refresh is required
2023-12-26 23:36:53.123    app     info:    [authentication] Refreshing token for '23622903' on 'tranquility'
2023-12-26 23:36:53.123    app     info:    [authentication] Token for '26239201' on 'tranquility' is expired, refresh is required
2023-12-26 23:36:53.123    app     info:    [authentication] Refreshing token for '26239201' on 'tranquility'
2023-12-26 23:36:53.124    app     info:    [authentication] Token for '18922386' on 'tranquility' is expired, refresh is required
2023-12-26 23:36:53.124    app     info:    [authentication] Refreshing token for '18922386' on 'tranquility'
2023-12-26 23:36:53.124    app     info:    [authentication] Token for '18000247' on 'tranquility' is expired, refresh is required
2023-12-26 23:36:53.124    app     info:    [authentication] Refreshing token for '18000247' on 'tranquility'
2023-12-26 23:36:53.125    app     info:    [authentication] Token for '13595732' on 'tranquility' is expired, refresh is required
2023-12-26 23:36:53.125    app     info:    [authentication] Refreshing token for '13595732' on 'tranquility'
2023-12-26 23:36:53.125    app     info:    [authentication] Token for '15136212' on 'tranquility' is expired, refresh is required
2023-12-26 23:36:53.125    app     info:    [authentication] Refreshing token for '15136212' on 'tranquility'
2023-12-26 23:36:53.125    app     info:    [device-id] Device id found in state
2023-12-26 23:36:53.132    app     info:    [analytics] Application name:    EVE Online
2023-12-26 23:36:53.132    app     info:    [analytics] Application version:    1.2.0
2023-12-26 23:36:53.132    app     info:    [analytics] Domain    undefined
2023-12-26 23:36:53.133    app     info:    [analytics] Working directory    C:\Users\REDACTED\AppData\Local\eve-online\app-1.2.0
2023-12-26 23:36:53.133    app     info:    [analytics] Username contains UTF8?    false
2023-12-26 23:36:53.414    app     info:    [elg-events] Sending event    eve_launcher.electron.application.PdmLoaded
2023-12-26 23:36:53.417    app     info:    [analytics] Operating system    {
  type: 'Windows',
  name: 'Windows 10 Education',
  version: '10.0 (19045)'
}
2023-12-26 23:36:53.418    app     info:    [analytics] Encryption available:    true
2023-12-26 23:36:53.418    app     info:    [analytics] Machine UUID    4E9F516C-5B97-47C6-8C67-E93D943CB7C8
2023-12-26 23:36:53.418    app     info:    [analytics] PDM Version    2.1.4
2023-12-26 23:36:53.419    app     info:    [analytics] Release channel    release
2023-12-26 23:36:53.423    app     info:    [initializers] Shared cache directory set to    C:\CCP\EVE Online
2023-12-26 23:36:53.449    app     info:    [initializers] Shared cache drive free space: 69,56 GiB / 465,75 GiB
2023-12-26 23:36:53.458    app     info:    [elg-events] Sending event    eve_launcher.electron.application.LauncherStarted
2023-12-26 23:36:53.462    app     info:    [elg-events] Sending event    eve_launcher.electron.application.CoreDataLoaded
2023-12-26 23:36:53.462    app     info:    [cdn-trace] Fetching CDN trace data from https://binaries.eveonline.com/cdn-cgi/trace
2023-12-26 23:36:53.479    app     info:    [feature-flags] Initializing feature flag client
2023-12-26 23:36:53.576    app     info:    [first-run] First application run was at 2023-11-27T10:29:20.506Z
2023-12-26 23:36:53.628    app     info:    [cache-protocol] Found 0 entries to remove
2023-12-26 23:36:53.629    app     info:    [cache-protocol] Nothing to clean up.
2023-12-26 23:36:53.702    app     info:    [customer-information] Agreements have been updated
2023-12-26 23:36:53.711    app     info:    [server-manager] Starting refresh cycle for eve-online / Tranquility
2023-12-26 23:36:53.748    app     info:    info: [LaunchDarkly] LaunchDarkly client initialized    []
2023-12-26 23:36:53.748    app     info:    info: [LaunchDarkly] Opening stream connection to https://clientstream.launchdarkly.com/eval/64c3d12e27a4b11365012d39/eyJrZXkiOiI0YTQzNmFkYi00Yjk5LTQwYTctODViMC00MmUyMDZmNDEyODYiLCJraW5kIjoidXNlciIsImN1c3RvbSI6eyJpc0ZpcnN0UnVuIjpmYWxzZSwiZGF5c1NpbmNlRmlyc3RSdW4iOjI5LCJsYW5ndWFnZSI6ImVuIiwiYXBwbGljYXRpb24iOiJldmUtb25saW5lIiwidmVyc2lvbiI6IjEuMi4wIiwicGxhdGZvcm0iOiJ3aW5kb3dzIiwib3NWZXJzaW9uRGVwcmVjYXRlZCI6ZmFsc2UsInVzZXJJZHMiOlsxNjQ5MjM3NywyNTIxODgzNSwyMTEwMzExLDI5Mjg1NjQ1XSwib21lZ2FDb3VudCI6MCwiYWxwaGFDb3VudCI6MTQsImFjY291bnRDb3VudCI6MTQsIm9sZGVzdEFjY291bnRBZ2UiOjYwMTMsInlvdW5nZXN0QWNjb3VudEFnZSI6MjV9fQ?withReasons=true    []
2023-12-26 23:36:53.750    app     info:    [feature-flags] Client 4a436adb... ready, fetching flags
2023-12-26 23:36:53.754    app     info:    [feature-flags] Received 18 flags for client 4a436adb...
2023-12-26 23:36:53.754    app     info:    [feature-flags] Client initialized with key 4a436adb...
2023-12-26 23:36:53.756    app     info:    [self-update] Update feed set, starting update checks
2023-12-26 23:36:53.756    app     info:    [self-update] Starting automatic update checks
2023-12-26 23:36:53.757    app     info:    [self-update] Checking for a launcher update...
2023-12-26 23:36:53.798    app     info:    [authentication] Token for '15136212' on 'tranquility' has been successfully refreshed
2023-12-26 23:36:53.800    app     info:    [elg-events] Sending event    eve_launcher.electron.authentication.UserTokensRefreshed
2023-12-26 23:36:53.801    app     info:    [AuthenticationMiddleware] Character information for '15136212' on 'tranquility' was loaded recently, skipping refresh.
2023-12-26 23:36:53.802    app     info:    [AuthenticationMiddleware] Plex information for '15136212' on 'tranquility' was loaded recently, skipping refresh.
2023-12-26 23:36:53.811    app     info:    [AuthenticationMiddleware] User information updated
2023-12-26 23:36:53.812    app     info:    [authentication] Token for '26239201' on 'tranquility' has been successfully refreshed
2023-12-26 23:36:53.814    app     info:    [elg-events] Sending event    eve_launcher.electron.authentication.UserTokensRefreshed
2023-12-26 23:36:53.815    app     info:    [AuthenticationMiddleware] Character information for '26239201' on 'tranquility' was loaded recently, skipping refresh.
2023-12-26 23:36:53.815    app     info:    [AuthenticationMiddleware] Plex information for '26239201' on 'tranquility' was loaded recently, skipping refresh.
2023-12-26 23:36:53.824    app     info:    [AuthenticationMiddleware] User information updated
2023-12-26 23:36:53.825    app     info:    [authentication] Token for '2110311' on 'tranquility' has been successfully refreshed
2023-12-26 23:36:53.826    app     info:    [elg-events] Sending event    eve_launcher.electron.authentication.UserTokensRefreshed
2023-12-26 23:36:53.827    app     info:    [AuthenticationMiddleware] Character information for '2110311' on 'tranquility' was loaded recently, skipping refresh.
2023-12-26 23:36:53.828    app     info:    [AuthenticationMiddleware] Plex information for '2110311' on 'tranquility' was loaded recently, skipping refresh.
2023-12-26 23:36:53.836    app     info:    [AuthenticationMiddleware] User information updated
2023-12-26 23:36:53.836    app     info:    [authentication] Token for '13595732' on 'tranquility' has been successfully refreshed
2023-12-26 23:36:53.838    app     info:    [elg-events] Sending event    eve_launcher.electron.authentication.UserTokensRefreshed
2023-12-26 23:36:53.839    app     info:    [AuthenticationMiddleware] Character information for '13595732' on 'tranquility' was loaded recently, skipping refresh.
2023-12-26 23:36:53.839    app     info:    [AuthenticationMiddleware] Plex information for '13595732' on 'tranquility' was loaded recently, skipping refresh.
2023-12-26 23:36:53.847    app     info:    [AuthenticationMiddleware] User information updated
2023-12-26 23:36:53.848    app     info:    [authentication] Token for '18000247' on 'tranquility' has been successfully refreshed
2023-12-26 23:36:53.849    app     info:    [elg-events] Sending event    eve_launcher.electron.authentication.UserTokensRefreshed
2023-12-26 23:36:53.851    app     info:    [AuthenticationMiddleware] Character information for '18000247' on 'tranquility' was loaded recently, skipping refresh.
2023-12-26 23:36:53.851    app     info:    [AuthenticationMiddleware] Plex information for '18000247' on 'tranquility' was loaded recently, skipping refresh.
2023-12-26 23:36:53.859    app     info:    [AuthenticationMiddleware] User information updated
2023-12-26 23:36:53.859    app     info:    [authentication] Token for '18034259' on 'tranquility' has been successfully refreshed
2023-12-26 23:36:53.861    app     info:    [elg-events] Sending event    eve_launcher.electron.authentication.UserTokensRefreshed
2023-12-26 23:36:53.862    app     info:    [AuthenticationMiddleware] Character information for '18034259' on 'tranquility' was loaded recently, skipping refresh.
2023-12-26 23:36:53.862    app     info:    [AuthenticationMiddleware] Plex information for '18034259' on 'tranquility' was loaded recently, skipping refresh.
2023-12-26 23:36:53.894    app     info:    [AuthenticationMiddleware] User information updated
2023-12-26 23:36:53.894    app     info:    [authentication] Token for '16492377' on 'tranquility' has been successfully refreshed
2023-12-26 23:36:53.896    app     info:    [elg-events] Sending event    eve_launcher.electron.authentication.UserTokensRefreshed
2023-12-26 23:36:53.897    app     info:    [AuthenticationMiddleware] Character information for '16492377' on 'tranquility' was loaded recently, skipping refresh.
2023-12-26 23:36:53.897    app     info:    [AuthenticationMiddleware] Plex information for '16492377' on 'tranquility' was loaded recently, skipping refresh.
2023-12-26 23:36:53.905    app     info:    [AuthenticationMiddleware] User information updated
2023-12-26 23:36:53.905    app     info:    [authentication] Token for '18922386' on 'tranquility' has been successfully refreshed
2023-12-26 23:36:53.907    app     info:    [elg-events] Sending event    eve_launcher.electron.authentication.UserTokensRefreshed
2023-12-26 23:36:53.909    app     info:    [AuthenticationMiddleware] Character information for '18922386' on 'tranquility' was loaded recently, skipping refresh.
2023-12-26 23:36:53.909    app     info:    [AuthenticationMiddleware] Plex information for '18922386' on 'tranquility' was loaded recently, skipping refresh.
2023-12-26 23:36:53.917    app     info:    [AuthenticationMiddleware] User information updated
2023-12-26 23:36:53.918    app     info:    [authentication] Token for '23622903' on 'tranquility' has been successfully refreshed
2023-12-26 23:36:53.919    app     info:    [elg-events] Sending event    eve_launcher.electron.authentication.UserTokensRefreshed
2023-12-26 23:36:53.921    app     info:    [AuthenticationMiddleware] Character information for '23622903' on 'tranquility' was loaded recently, skipping refresh.
2023-12-26 23:36:53.921    app     info:    [AuthenticationMiddleware] Plex information for '23622903' on 'tranquility' was loaded recently, skipping refresh.
2023-12-26 23:36:53.930    app     info:    [AuthenticationMiddleware] User information updated
2023-12-26 23:36:53.930    app     info:    [authentication] Token for '25218835' on 'tranquility' has been successfully refreshed
2023-12-26 23:36:53.932    app     info:    [elg-events] Sending event    eve_launcher.electron.authentication.UserTokensRefreshed
2023-12-26 23:36:53.933    app     info:    [AuthenticationMiddleware] Character information for '25218835' on 'tranquility' was loaded recently, skipping refresh.
2023-12-26 23:36:53.933    app     info:    [AuthenticationMiddleware] Plex information for '25218835' on 'tranquility' was loaded recently, skipping refresh.
2023-12-26 23:36:53.941    app     info:    [AuthenticationMiddleware] User information updated
2023-12-26 23:36:53.942    app     info:    [authentication] Token for '17525312' on 'tranquility' has been successfully refreshed
2023-12-26 23:36:53.943    app     info:    [elg-events] Sending event    eve_launcher.electron.authentication.UserTokensRefreshed
2023-12-26 23:36:53.944    app     info:    [AuthenticationMiddleware] Character information for '17525312' on 'tranquility' was loaded recently, skipping refresh.
2023-12-26 23:36:53.944    app     info:    [AuthenticationMiddleware] Plex information for '17525312' on 'tranquility' was loaded recently, skipping refresh.
2023-12-26 23:36:53.953    app     info:    [AuthenticationMiddleware] User information updated
2023-12-26 23:36:53.953    app     info:    [authentication] Token for '28182799' on 'tranquility' has been successfully refreshed
2023-12-26 23:36:53.955    app     info:    [elg-events] Sending event    eve_launcher.electron.authentication.UserTokensRefreshed
2023-12-26 23:36:53.956    app     info:    [AuthenticationMiddleware] Character information for '28182799' on 'tranquility' was loaded recently, skipping refresh.
2023-12-26 23:36:53.956    app     info:    [AuthenticationMiddleware] Plex information for '28182799' on 'tranquility' was loaded recently, skipping refresh.
2023-12-26 23:36:53.965    app     info:    [AuthenticationMiddleware] Successfully restored 16 / 16 users
2023-12-26 23:36:53.965    app     info:    [AuthenticationMiddleware] User information updated
2023-12-26 23:36:53.970    app     info:    [server-manager] Previous Tranquility build: 2454674, current build: 2454674
2023-12-26 23:36:53.970    app     info:    [server-manager] Tranquility build is unchanged.
2023-12-26 23:36:53.975    app     info:    [server-manager] Ready to play!
2023-12-26 23:36:53.978    app     info:    [server-manager] Finished refresh cycle for Tranquility
2023-12-26 23:36:54.501    app     warn:    [steam-auth] Failed to initialize Steamworks client
2023-12-26 23:36:54.507    app     info:    [main-window] Registering main window    { windowId: 2 }
2023-12-26 23:36:54.517    app     info:    [cdn-trace] Fetching CDN trace data from https://binaries.eveonline.com/cdn-cgi/trace
2023-12-26 23:36:54.519    app     info:    [creatives] Requesting creatives
2023-12-26 23:36:54.532    app     info:    [elg-events] Sending event    eve_launcher.electron.application.RendererLoaded
2023-12-26 23:36:54.534    app     info:    [self-update] Currently running the latest launcher version. Scheduling update check in 5 minutes.
2023-12-26 23:36:54.648    app     info:    [creatives] Received 2 creatives
2023-12-26 23:36:55.515     ui     info:    Initializing captcha    ccp://launcher/renderer/main_window/index.js    2
2023-12-26 23:37:00.000    app     info:    [analytics] Hardware rendering enabled:    true    { disabledViaCommandline: false, disabledViaSettings: false }
2023-12-26 23:37:00.101    app     info:    [AuthenticationMiddleware] Character information for '15136212' on 'tranquility' was loaded recently, skipping refresh.
2023-12-26 23:37:00.101    app     info:    [AuthenticationMiddleware] Plex information for '15136212' on 'tranquility' was loaded recently, skipping refresh.
2023-12-26 23:37:01.212    app     info:    [client-queue] Queued client startup    {
  product: 'eve-online',
  tenant: 'tranquility',
  userId: 15136212,
  characterId: 2121927552,
  profile: ''
}
2023-12-26 23:37:01.214    app     info:    [elg-events] Sending event    eve_launcher.electron.eve_client.ClientQueued
2023-12-26 23:37:01.215    app     info:    [client-queue] No clients running for tranquility, copying files before starting a client
2023-12-26 23:37:01.220    app     info:    [elg-events] Sending event    eve_launcher.electron.eve_client.CopyingFilesStarted
2023-12-26 23:37:01.221    app     info:    [binary-copier] Copying 194 files (216 MB) to 'C:\CCP\EVE Online\tq'
2023-12-26 23:37:01.334    app     info:    [binary-copier] Removing old binaries
2023-12-26 23:37:01.348    app     info:    [binary-copier] Copying binaries from ResFiles
2023-12-26 23:37:01.827    app     info:    [binary-copier] Finished copying 194 files to 'C:\CCP\EVE Online\tq' in 0.608 seconds
2023-12-26 23:37:01.829    app     info:    [elg-events] Sending event    eve_launcher.electron.eve_client.CopyingFilesFinished
2023-12-26 23:37:01.834    app     info:    [client-manager] Starting EVE Online game client.    C:\CCP\EVE Online\tq\bin64\exefile.exe    Map(11) {
  'noconsole' => '/noconsole',
  'server' => '/server:tranquility.servers.eveonline.com',
  'triplatform' => '/triplatform=dx12',
  'ssotoken' => '/ssoToken=***',
  'refreshtoken' => '/refreshToken=***',
  'settingsprofile' => '/settingsprofile=Default',
  'deviceid' => '/deviceID=4a436adb-4b99-40a7-85b0-42e206f41286',
  'autoselectcharacter' => '/autoSelectCharacter:2121927552',
  'language' => '/language=en',
  'exp' => '1703634414',
  'tokenExpires' => '2023-12-27 01:46:54.000'
}    15136212
2023-12-26 23:37:01.878    app     info:    [client-queue] Started client from group startup    {
  product: 'eve-online',
  tenant: 'tranquility',
  characterId: 2121927552,
  profile: '',
  userId: 15136212
}
2023-12-26 23:37:01.936    app     info:    [quasar-events] Sent 'eve_launcher.electron.eve_client.GameClientStartRequested'
2023-12-26 23:37:01.936    app     info:    [quasar-events] Sent 'eve_launcher.electron.eve_client.TemporaryClientProcessAdded'
2023-12-26 23:37:02.399    app     info:    [client-manager] Found 'tranquility' client for '15136212' running:     {
  processId: 9072,
  createdDate: 1703633821945,
  userId: 15136212,
  characterId: 2121927552,
  profile: 'Default',
  dxVersion: 'dx12'
}
2023-12-26 23:37:02.502    app     info:    [quasar-events] Sent 'eve_launcher.electron.eve_client.TemporaryClientProcessMonitoringRetried'
2023-12-26 23:37:02.502    app     info:    [quasar-events] Sent 'eve_launcher.electron.eve_client.GameClientStarted'
2023-12-26 23:37:02.502    app     info:    [quasar-events] Sent 'eve_launcher.electron.eve_client.TemporaryClientProcessRemoved'
2023-12-26 23:37:02.890    app     info:    [client-queue] Queue has stopped running, no more clients pending startup.
2023-12-26 23:37:23.794    app     warn:    Could not connect to LogLite    [
  Error: connect ECONNREFUSED 127.0.0.1:3273
      at TCPConnectWrap.afterConnect [as oncomplete] (node:net:1247:16) {
    errno: -4078,
    code: 'ECONNREFUSED',
    syscall: 'connect',
    address: '127.0.0.1',
    port: 3273
  }
]
2023-12-26 23:38:09.510    app     info:    [ipc-requests] Handling requests in the background
2023-12-26 23:38:10.521    app     info:    [ipc-requests] No longer handling requests in the background
2023-12-26 23:38:22.309    app     info:    [ipc-requests] Handling requests in the background
2023-12-26 23:38:23.310    app     info:    [ipc-requests] No longer handling requests in the background
2023-12-26 23:41:13.452    app     info:    [ipc-requests] Handling requests in the background
2023-12-26 23:41:14.460    app     info:    [ipc-requests] No longer handling requests in the background
2023-12-26 23:41:53.982    app     info:    [server-manager] Starting refresh cycle for eve-online / Tranquility
2023-12-26 23:41:54.110    app     info:    [server-manager] Previous Tranquility build: 2454674, current build: 2454674
2023-12-26 23:41:54.111    app     info:    [server-manager] Tranquility build is unchanged.
2023-12-26 23:41:54.116    app     info:    [server-manager] Ready to play!
2023-12-26 23:41:54.119    app     info:    [server-manager] Finished refresh cycle for Tranquility
2023-12-26 23:41:54.541    app     info:    [self-update] Checking for a launcher update...
2023-12-26 23:41:54.822    app     info:    [self-update] Currently running the latest launcher version. Scheduling update check in 5 minutes.
2023-12-26 23:43:16.754    app     info:    [ipc-requests] Handling requests in the background
2023-12-26 23:43:17.755    app     info:    [ipc-requests] No longer handling requests in the background
2023-12-26 23:44:55.345    app     info:    [ipc-requests] Handling requests in the background
2023-12-26 23:44:56.350    app     info:    [ipc-requests] No longer handling requests in the background
2023-12-26 23:46:54.132    app     info:    [server-manager] Starting refresh cycle for eve-online / Tranquility
2023-12-26 23:46:54.257    app     info:    [server-manager] Previous Tranquility build: 2454674, current build: 2454674
2023-12-26 23:46:54.257    app     info:    [server-manager] Tranquility build is unchanged.
2023-12-26 23:46:54.262    app     info:    [server-manager] Ready to play!
2023-12-26 23:46:54.265    app     info:    [server-manager] Finished refresh cycle for Tranquility
2023-12-26 23:46:54.831    app     info:    [self-update] Checking for a launcher update...
2023-12-26 23:46:55.111    app     info:    [self-update] Currently running the latest launcher version. Scheduling update check in 5 minutes.
2023-12-26 23:51:54.280    app     info:    [server-manager] Starting refresh cycle for eve-online / Tranquility
2023-12-26 23:51:54.390    app     info:    [server-manager] Previous Tranquility build: 2454674, current build: 2454674
2023-12-26 23:51:54.391    app     info:    [server-manager] Tranquility build is unchanged.
2023-12-26 23:51:54.396    app     info:    [server-manager] Ready to play!
2023-12-26 23:51:54.399    app     info:    [server-manager] Finished refresh cycle for Tranquility
2023-12-26 23:51:55.119    app     info:    [self-update] Checking for a launcher update...
2023-12-26 23:51:55.403    app     info:    [self-update] Currently running the latest launcher version. Scheduling update check in 5 minutes.
2023-12-26 23:56:54.416    app     info:    [server-manager] Starting refresh cycle for eve-online / Tranquility
2023-12-26 23:56:54.563    app     info:    [server-manager] Previous Tranquility build: 2454674, current build: 2454674
2023-12-26 23:56:54.563    app     info:    [server-manager] Tranquility build is unchanged.
2023-12-26 23:56:54.568    app     info:    [server-manager] Ready to play!
2023-12-26 23:56:54.572    app     info:    [server-manager] Finished refresh cycle for Tranquility
2023-12-26 23:56:55.407    app     info:    [self-update] Checking for a launcher update...
2023-12-26 23:56:55.692    app     info:    [self-update] Currently running the latest launcher version. Scheduling update check in 5 minutes.
