2023-12-16 11:25:24.800    app     info:    Startup arguments    []
2023-12-16 11:25:24.805    app     info:    [self-update] Starting automatic update checks
2023-12-16 11:25:24.805    app     info:    [self-update] Waiting for update feed before starting update checks
2023-12-16 11:25:24.808    app     info:    [preload] High DPI scaling enabled by settings
2023-12-16 11:25:24.935    app     info:    [i18next] Changed language    en
2023-12-16 11:25:25.045    app     info:    [authentication] Token for '16492377' on 'tranquility' is expired, refresh is required
2023-12-16 11:25:25.045    app     info:    [authentication] Refreshing token for '16492377' on 'tranquility'
2023-12-16 11:25:25.046    app     info:    [authentication] Token for '17525312' on 'tranquility' is expired, refresh is required
2023-12-16 11:25:25.046    app     info:    [authentication] Refreshing token for '17525312' on 'tranquility'
2023-12-16 11:25:25.046    app     info:    [authentication] Token for '25218835' on 'tranquility' is expired, refresh is required
2023-12-16 11:25:25.047    app     info:    [authentication] Refreshing token for '25218835' on 'tranquility'
2023-12-16 11:25:25.048    app     info:    [customer-information] Getting character information for '29280260' on 'tranquility'
2023-12-16 11:25:25.048    app     info:    [customer-information] Getting Omega status for '29280260' on 'tranquility'
2023-12-16 11:25:25.048    app     info:    [virtual-goods] Getting Plex status for '29280260' on 'tranquility'
2023-12-16 11:25:25.050    app     info:    [customer-information] Getting character information for '29285645' on 'tranquility'
2023-12-16 11:25:25.050    app     info:    [customer-information] Getting Omega status for '29285645' on 'tranquility'
2023-12-16 11:25:25.050    app     info:    [virtual-goods] Getting Plex status for '29285645' on 'tranquility'
2023-12-16 11:25:25.051    app     info:    [authentication] Token for '18034259' on 'tranquility' is expired, refresh is required
2023-12-16 11:25:25.051    app     info:    [authentication] Refreshing token for '18034259' on 'tranquility'
2023-12-16 11:25:25.051    app     info:    [authentication] Token for '28182799' on 'tranquility' is expired, refresh is required
2023-12-16 11:25:25.051    app     info:    [authentication] Refreshing token for '28182799' on 'tranquility'
2023-12-16 11:25:25.052    app     info:    [authentication] Token for '2110311' on 'tranquility' is expired, refresh is required
2023-12-16 11:25:25.052    app     info:    [authentication] Refreshing token for '2110311' on 'tranquility'
2023-12-16 11:25:25.052    app     info:    [authentication] Token for '23622903' on 'tranquility' is expired, refresh is required
2023-12-16 11:25:25.052    app     info:    [authentication] Refreshing token for '23622903' on 'tranquility'
2023-12-16 11:25:25.053    app     info:    [authentication] Token for '26239201' on 'tranquility' is expired, refresh is required
2023-12-16 11:25:25.053    app     info:    [authentication] Refreshing token for '26239201' on 'tranquility'
2023-12-16 11:25:25.053    app     info:    [authentication] Token for '18922386' on 'tranquility' is expired, refresh is required
2023-12-16 11:25:25.053    app     info:    [authentication] Refreshing token for '18922386' on 'tranquility'
2023-12-16 11:25:25.054    app     info:    [authentication] Token for '18000247' on 'tranquility' is expired, refresh is required
2023-12-16 11:25:25.054    app     info:    [authentication] Refreshing token for '18000247' on 'tranquility'
2023-12-16 11:25:25.054    app     info:    [device-id] Device id found in state
2023-12-16 11:25:25.060    app     info:    [analytics] Application name:    EVE Online
2023-12-16 11:25:25.061    app     info:    [analytics] Application version:    1.1.0
2023-12-16 11:25:25.061    app     info:    [analytics] Domain    undefined
2023-12-16 11:25:25.061    app     info:    [analytics] Working directory    C:\Users\REDACTED\AppData\Local\eve-online\app-1.1.0
2023-12-16 11:25:25.062    app     info:    [analytics] Username contains UTF8?    false
2023-12-16 11:25:25.857    app     info:    [elg-events] Sending event    eve_launcher.electron.application.PdmLoaded
2023-12-16 11:25:25.860    app     info:    [analytics] Operating system    {
  type: 'Windows',
  name: 'Windows 10 Education',
  version: '10.0 (19045)'
}
2023-12-16 11:25:25.861    app     info:    [analytics] Encryption available:    true
2023-12-16 11:25:25.861    app     info:    [analytics] Machine UUID    4E9F516C-5B97-47C6-8C67-E93D943CB7C8
2023-12-16 11:25:25.861    app     info:    [analytics] PDM Version    2.1.4
2023-12-16 11:25:25.861    app     info:    [analytics] Release channel    release
2023-12-16 11:25:25.864    app     info:    [initializers] Shared cache directory set to    C:\CCP\EVE Online
2023-12-16 11:25:25.891    app     info:    [initializers] Shared cache drive free space: 72,13 GiB / 465,75 GiB
2023-12-16 11:25:25.899    app     info:    [elg-events] Sending event    eve_launcher.electron.application.LauncherStarted
2023-12-16 11:25:25.902    app     info:    [elg-events] Sending event    eve_launcher.electron.application.CoreDataLoaded
2023-12-16 11:25:25.903    app     info:    [cdn-trace] Fetching CDN trace data from https://binaries.eveonline.com/cdn-cgi/trace
2023-12-16 11:25:25.918    app     info:    [feature-flags] Initializing feature flag client
2023-12-16 11:25:26.013    app     info:    [first-run] First application run was at 2023-11-27T10:29:20.506Z
2023-12-16 11:25:26.052    app     info:    [cache-protocol] Found 0 entries to remove
2023-12-16 11:25:26.053    app     info:    [cache-protocol] Nothing to clean up.
2023-12-16 11:25:26.109    app     info:    [virtual-goods] Fetched Plex status for '29285645' on 'tranquility'
2023-12-16 11:25:26.135    app     info:    [esi] Fetching character details for 2121878074
2023-12-16 11:25:26.145    app     info:    [esi] Fetching character details for 2121853336
2023-12-16 11:25:26.173    app     info:    [server-manager] Starting refresh cycle for eve-online / Tranquility
2023-12-16 11:25:26.183    app     info:    info: [LaunchDarkly] LaunchDarkly client initialized    []
2023-12-16 11:25:26.184    app     info:    info: [LaunchDarkly] Opening stream connection to https://clientstream.launchdarkly.com/eval/64c3d12e27a4b11365012d39/eyJrZXkiOiI0YTQzNmFkYi00Yjk5LTQwYTctODViMC00MmUyMDZmNDEyODYiLCJraW5kIjoidXNlciIsImN1c3RvbSI6eyJpc0ZpcnN0UnVuIjpmYWxzZSwiZGF5c1NpbmNlRmlyc3RSdW4iOjE5LCJsYW5ndWFnZSI6ImVuIiwiYXBwbGljYXRpb24iOiJldmUtb25saW5lIiwidmVyc2lvbiI6IjEuMS4wIiwicGxhdGZvcm0iOiJ3aW5kb3dzIiwib3NWZXJzaW9uRGVwcmVjYXRlZCI6ZmFsc2UsInVzZXJJZHMiOlsxNjQ5MjM3NywxODAwMDI0NywyMTEwMzExLDI5Mjg1NjQ1XSwib21lZ2FDb3VudCI6MCwiYWxwaGFDb3VudCI6MTIsImFjY291bnRDb3VudCI6MTIsIm9sZGVzdEFjY291bnRBZ2UiOjYwMDIsInlvdW5nZXN0QWNjb3VudEFnZSI6MTR9fQ?withReasons=true    []
2023-12-16 11:25:26.185    app     info:    [feature-flags] Client 4a436adb... ready, fetching flags
2023-12-16 11:25:26.189    app     info:    [feature-flags] Received 17 flags for client 4a436adb...
2023-12-16 11:25:26.189    app     info:    [feature-flags] Client initialized with key 4a436adb...
2023-12-16 11:25:26.191    app     info:    [self-update] Update feed set, starting update checks
2023-12-16 11:25:26.191    app     info:    [self-update] Starting automatic update checks
2023-12-16 11:25:26.191    app     info:    [self-update] Checking for a launcher update...
2023-12-16 11:25:26.299    app     info:    [authentication] Token for '16492377' on 'tranquility' has been successfully refreshed
2023-12-16 11:25:26.301    app     info:    [elg-events] Sending event    eve_launcher.electron.authentication.UserTokensRefreshed
2023-12-16 11:25:26.303    app     info:    [customer-information] Getting character information for '16492377' on 'tranquility'
2023-12-16 11:25:26.303    app     info:    [customer-information] Getting Omega status for '16492377' on 'tranquility'
2023-12-16 11:25:26.303    app     info:    [virtual-goods] Getting Plex status for '16492377' on 'tranquility'
2023-12-16 11:25:26.315    app     info:    [authentication] Token for '28182799' on 'tranquility' has been successfully refreshed
2023-12-16 11:25:26.317    app     info:    [elg-events] Sending event    eve_launcher.electron.authentication.UserTokensRefreshed
2023-12-16 11:25:26.318    app     info:    [customer-information] Getting character information for '28182799' on 'tranquility'
2023-12-16 11:25:26.318    app     info:    [customer-information] Getting Omega status for '28182799' on 'tranquility'
2023-12-16 11:25:26.318    app     info:    [virtual-goods] Getting Plex status for '28182799' on 'tranquility'
2023-12-16 11:25:26.329    app     info:    [authentication] Token for '25218835' on 'tranquility' has been successfully refreshed
2023-12-16 11:25:26.331    app     info:    [elg-events] Sending event    eve_launcher.electron.authentication.UserTokensRefreshed
2023-12-16 11:25:26.332    app     info:    [customer-information] Getting character information for '25218835' on 'tranquility'
2023-12-16 11:25:26.332    app     info:    [customer-information] Getting Omega status for '25218835' on 'tranquility'
2023-12-16 11:25:26.332    app     info:    [virtual-goods] Getting Plex status for '25218835' on 'tranquility'
2023-12-16 11:25:26.342    app     info:    [authentication] Token for '18034259' on 'tranquility' has been successfully refreshed
2023-12-16 11:25:26.343    app     info:    [elg-events] Sending event    eve_launcher.electron.authentication.UserTokensRefreshed
2023-12-16 11:25:26.344    app     info:    [customer-information] Getting character information for '18034259' on 'tranquility'
2023-12-16 11:25:26.345    app     info:    [customer-information] Getting Omega status for '18034259' on 'tranquility'
2023-12-16 11:25:26.345    app     info:    [virtual-goods] Getting Plex status for '18034259' on 'tranquility'
2023-12-16 11:25:26.355    app     info:    [authentication] Token for '18000247' on 'tranquility' has been successfully refreshed
2023-12-16 11:25:26.356    app     info:    [elg-events] Sending event    eve_launcher.electron.authentication.UserTokensRefreshed
2023-12-16 11:25:26.357    app     info:    [customer-information] Getting character information for '18000247' on 'tranquility'
2023-12-16 11:25:26.358    app     info:    [customer-information] Getting Omega status for '18000247' on 'tranquility'
2023-12-16 11:25:26.358    app     info:    [virtual-goods] Getting Plex status for '18000247' on 'tranquility'
2023-12-16 11:25:26.368    app     info:    [authentication] Token for '23622903' on 'tranquility' has been successfully refreshed
2023-12-16 11:25:26.370    app     info:    [elg-events] Sending event    eve_launcher.electron.authentication.UserTokensRefreshed
2023-12-16 11:25:26.371    app     info:    [customer-information] Getting character information for '23622903' on 'tranquility'
2023-12-16 11:25:26.372    app     info:    [customer-information] Getting Omega status for '23622903' on 'tranquility'
2023-12-16 11:25:26.372    app     info:    [virtual-goods] Getting Plex status for '23622903' on 'tranquility'
2023-12-16 11:25:26.383    app     info:    [authentication] Token for '18922386' on 'tranquility' has been successfully refreshed
2023-12-16 11:25:26.384    app     info:    [elg-events] Sending event    eve_launcher.electron.authentication.UserTokensRefreshed
2023-12-16 11:25:26.385    app     info:    [customer-information] Getting character information for '18922386' on 'tranquility'
2023-12-16 11:25:26.386    app     info:    [customer-information] Getting Omega status for '18922386' on 'tranquility'
2023-12-16 11:25:26.386    app     info:    [virtual-goods] Getting Plex status for '18922386' on 'tranquility'
2023-12-16 11:25:26.397    app     info:    [authentication] Token for '26239201' on 'tranquility' has been successfully refreshed
2023-12-16 11:25:26.399    app     info:    [elg-events] Sending event    eve_launcher.electron.authentication.UserTokensRefreshed
2023-12-16 11:25:26.400    app     info:    [customer-information] Getting character information for '26239201' on 'tranquility'
2023-12-16 11:25:26.400    app     info:    [customer-information] Getting Omega status for '26239201' on 'tranquility'
2023-12-16 11:25:26.401    app     info:    [virtual-goods] Getting Plex status for '26239201' on 'tranquility'
2023-12-16 11:25:26.411    app     info:    [authentication] Token for '17525312' on 'tranquility' has been successfully refreshed
2023-12-16 11:25:26.413    app     info:    [elg-events] Sending event    eve_launcher.electron.authentication.UserTokensRefreshed
2023-12-16 11:25:26.414    app     info:    [customer-information] Getting character information for '17525312' on 'tranquility'
2023-12-16 11:25:26.414    app     info:    [customer-information] Getting Omega status for '17525312' on 'tranquility'
2023-12-16 11:25:26.415    app     info:    [virtual-goods] Getting Plex status for '17525312' on 'tranquility'
2023-12-16 11:25:26.425    app     info:    [authentication] Token for '2110311' on 'tranquility' has been successfully refreshed
2023-12-16 11:25:26.427    app     info:    [elg-events] Sending event    eve_launcher.electron.authentication.UserTokensRefreshed
2023-12-16 11:25:26.428    app     info:    [customer-information] Getting character information for '2110311' on 'tranquility'
2023-12-16 11:25:26.428    app     info:    [customer-information] Getting Omega status for '2110311' on 'tranquility'
2023-12-16 11:25:26.428    app     info:    [virtual-goods] Getting Plex status for '2110311' on 'tranquility'
2023-12-16 11:25:26.446    app     info:    [server-manager] Previous Tranquility build: 2452938, current build: 2452938
2023-12-16 11:25:26.446    app     info:    [server-manager] Tranquility build is unchanged.
2023-12-16 11:25:26.451    app     info:    [server-manager] Ready to play!
2023-12-16 11:25:26.454    app     info:    [server-manager] Finished refresh cycle for Tranquility
2023-12-16 11:25:26.463    app     info:    [virtual-goods] Fetched Plex status for '29280260' on 'tranquility'
2023-12-16 11:25:26.468    app     info:    [AuthenticationMiddleware] Successfully restored 14 / 14 users
2023-12-16 11:25:26.538    app     info:    [esi] Fetching character details for 2121174545
2023-12-16 11:25:26.546    app     info:    [virtual-goods] Fetched Plex status for '23622903' on 'tranquility'
2023-12-16 11:25:26.558    app     info:    [customer-information] Agreements have been updated
2023-12-16 11:25:26.558    app     info:    [virtual-goods] Fetched Plex status for '28182799' on 'tranquility'
2023-12-16 11:25:26.564    app     info:    [esi] Fetching character details for 2113875139, 2121174871
2023-12-16 11:25:26.577    app     info:    [virtual-goods] Fetched Plex status for '16492377' on 'tranquility'
2023-12-16 11:25:26.583    app     info:    [esi] Fetching character details for 578564394, 2115457291
2023-12-16 11:25:26.592    app     info:    [esi] Fetching character details for 2115031890, 2121177973
2023-12-16 11:25:26.608    app     info:    [AuthenticationMiddleware] User information updated
2023-12-16 11:25:26.621    app     info:    [virtual-goods] Fetched Plex status for '17525312' on 'tranquility'
2023-12-16 11:25:26.628    app     info:    [esi] Fetching character details for 2114656127, 2121178396
2023-12-16 11:25:26.640    app     info:    [customer-information] Agreement status has been fetched for user '18000247'
2023-12-16 11:25:26.646    app     info:    [AuthenticationMiddleware] User information updated
2023-12-16 11:25:26.651    app     info:    [customer-information] Agreement status has been fetched for user '18922386'
2023-12-16 11:25:26.658    app     info:    [esi] Fetching character details for 2118248041, 2121175776
2023-12-16 11:25:26.666    app     info:    [AuthenticationMiddleware] User information updated
2023-12-16 11:25:26.672    app     info:    [self-update] Currently running the latest launcher version. Scheduling update check in 5 minutes.
2023-12-16 11:25:26.673    app     info:    [virtual-goods] Fetched Plex status for '2110311' on 'tranquility'
2023-12-16 11:25:26.678    app     info:    [AuthenticationMiddleware] User information updated
2023-12-16 11:25:26.687    app     info:    [esi] Fetching character details for 2121178171
2023-12-16 11:25:26.697    app     info:    [esi] Fetching character details for 2119361891, 2120347635
2023-12-16 11:25:26.712    app     info:    [esi] Fetching character details for 2115479508
2023-12-16 11:25:26.725    app     info:    [AuthenticationMiddleware] User information updated
2023-12-16 11:25:26.729    app     info:    [esi] Fetching character details for 2121891348
2023-12-16 11:25:26.748    app     info:    [virtual-goods] Fetched Plex status for '18034259' on 'tranquility'
2023-12-16 11:25:26.754    app     info:    [AuthenticationMiddleware] User information updated
2023-12-16 11:25:26.754    app     info:    [virtual-goods] Fetched Plex status for '18000247' on 'tranquility'
2023-12-16 11:25:26.760    app     info:    [AuthenticationMiddleware] User information updated
2023-12-16 11:25:26.822    app     info:    [esi] Fetched 1 character details for 29285645
2023-12-16 11:25:26.843    app     info:    [esi] Fetched 1 character details for 29280260
2023-12-16 11:25:27.026    app     warn:    [steam-auth] Failed to initialize Steamworks client
2023-12-16 11:25:27.032    app     info:    [main-window] Registering main window    { windowId: 2 }
2023-12-16 11:25:27.041    app     info:    [cdn-trace] Fetching CDN trace data from https://binaries.eveonline.com/cdn-cgi/trace
2023-12-16 11:25:27.043    app     info:    [creatives] Requesting creatives
2023-12-16 11:25:27.056    app     info:    [elg-events] Sending event    eve_launcher.electron.application.RendererLoaded
2023-12-16 11:25:27.058    app     info:    [virtual-goods] Fetched Plex status for '25218835' on 'tranquility'
2023-12-16 11:25:27.064    app     info:    [AuthenticationMiddleware] User information updated
2023-12-16 11:25:27.064    app     info:    [virtual-goods] Fetched Plex status for '18922386' on 'tranquility'
2023-12-16 11:25:27.069    app     info:    [AuthenticationMiddleware] User information updated
2023-12-16 11:25:27.070    app     info:    [virtual-goods] Fetched Plex status for '26239201' on 'tranquility'
2023-12-16 11:25:27.074    app     info:    [AuthenticationMiddleware] User information updated
2023-12-16 11:25:27.121    app     info:    [esi] Fetched 1 character details for 28182799
2023-12-16 11:25:27.163    app     info:    [esi] Fetched 2 character details for 23622903
2023-12-16 11:25:27.165    app     info:    [esi] Fetched 2 character details for 25218835
2023-12-16 11:25:27.167    app     info:    [esi] Fetched 2 character details for 2110311
2023-12-16 11:25:27.168    app     info:    [esi] Fetched 2 character details for 17525312
2023-12-16 11:25:27.171    app     info:    [esi] Fetched 2 character details for 18034259
2023-12-16 11:25:27.176    app     info:    [esi] Fetched 1 character details for 26239201
2023-12-16 11:25:27.178    app     info:    [esi] Fetched 1 character details for 18922386
2023-12-16 11:25:27.186    app     info:    [esi] Fetched 1 character details for 18000247
2023-12-16 11:25:27.193    app     info:    [creatives] Received 3 creatives
2023-12-16 11:25:27.199    app     info:    [esi] Fetched 2 character details for 16492377
2023-12-16 11:25:28.008     ui     info:    Initializing captcha    ccp://launcher/renderer/main_window/index.js    2
2023-12-16 11:25:31.054    app     info:    [AuthenticationMiddleware] Character information for '18922386' on 'tranquility' was loaded recently, skipping refresh.
2023-12-16 11:25:31.054    app     info:    [AuthenticationMiddleware] Plex information for '18922386' on 'tranquility' was loaded recently, skipping refresh.
2023-12-16 11:25:32.309    app     info:    [AuthenticationMiddleware] Character information for '18922386' on 'tranquility' was loaded recently, skipping refresh.
2023-12-16 11:25:32.309    app     info:    [AuthenticationMiddleware] Plex information for '18922386' on 'tranquility' was loaded recently, skipping refresh.
2023-12-16 11:25:33.294    app     info:    [client-queue] Queued client startup    {
  product: 'eve-online',
  tenant: 'tranquility',
  userId: 18922386,
  characterId: 2115479508,
  profile: ''
}
2023-12-16 11:25:33.297    app     info:    [elg-events] Sending event    eve_launcher.electron.eve_client.ClientQueued
2023-12-16 11:25:33.297    app     info:    [client-queue] No clients running for tranquility, copying files before starting a client
2023-12-16 11:25:33.302    app     info:    [elg-events] Sending event    eve_launcher.electron.eve_client.CopyingFilesStarted
2023-12-16 11:25:33.303    app     info:    [binary-copier] Copying 194 files (216 MB) to 'C:\CCP\EVE Online\tq'
2023-12-16 11:25:33.350    app     info:    [binary-copier] Removing old binaries
2023-12-16 11:25:33.368    app     info:    [binary-copier] Copying binaries from ResFiles
2023-12-16 11:25:33.832    app     info:    [binary-copier] Finished copying 194 files to 'C:\CCP\EVE Online\tq' in 0.531 seconds
2023-12-16 11:25:33.834    app     info:    [elg-events] Sending event    eve_launcher.electron.eve_client.CopyingFilesFinished
2023-12-16 11:25:33.839    app     info:    [client-manager] Starting EVE Online game client.    C:\CCP\EVE Online\tq\bin64\exefile.exe    Map(11) {
  'noconsole' => '/noconsole',
  'server' => '/server:tranquility.servers.eveonline.com',
  'triplatform' => '/triplatform=dx12',
  'ssotoken' => '/ssoToken=***',
  'refreshtoken' => '/refreshToken=***',
  'settingsprofile' => '/settingsprofile=Default',
  'deviceid' => '/deviceID=4a436adb-4b99-40a7-85b0-42e206f41286',
  'autoselectcharacter' => '/autoSelectCharacter:2115479508',
  'language' => '/language=en',
  'exp' => '1702726526',
  'tokenExpires' => '2023-12-16 13:35:26.000'
}    18922386
2023-12-16 11:25:33.882    app     info:    [client-queue] Started client from group startup    {
  product: 'eve-online',
  tenant: 'tranquility',
  characterId: 2115479508,
  profile: '',
  userId: 18922386
}
2023-12-16 11:25:33.952    app     info:    [quasar-events] Sent 'eve_launcher.electron.eve_client.GameClientStartRequested'
2023-12-16 11:25:33.952    app     info:    [quasar-events] Sent 'eve_launcher.electron.eve_client.TemporaryClientProcessAdded'
2023-12-16 11:25:34.405    app     info:    [client-manager] Found 'tranquility' client for '18922386' running:     {
  processId: 1180,
  createdDate: 1702725933919,
  userId: 18922386,
  characterId: 2115479508,
  profile: 'Default',
  dxVersion: 'dx12'
}
2023-12-16 11:25:34.499    app     info:    [quasar-events] Sent 'eve_launcher.electron.eve_client.TemporaryClientProcessMonitoringRetried'
2023-12-16 11:25:34.499    app     info:    [quasar-events] Sent 'eve_launcher.electron.eve_client.GameClientStarted'
2023-12-16 11:25:34.499    app     info:    [quasar-events] Sent 'eve_launcher.electron.eve_client.TemporaryClientProcessRemoved'
2023-12-16 11:25:34.784    app     info:    [analytics] Hardware rendering enabled:    true    { disabledViaCommandline: false, disabledViaSettings: false }
2023-12-16 11:25:34.898    app     info:    [client-queue] Queue has stopped running, no more clients pending startup.
2023-12-16 11:25:56.322    app     warn:    Could not connect to LogLite    [
  Error: connect ECONNREFUSED 127.0.0.1:3273
      at TCPConnectWrap.afterConnect [as oncomplete] (node:net:1247:16) {
    errno: -4078,
    code: 'ECONNREFUSED',
    syscall: 'connect',
    address: '127.0.0.1',
    port: 3273
  }
]
2023-12-16 11:30:26.470    app     info:    [server-manager] Starting refresh cycle for eve-online / Tranquility
2023-12-16 11:30:26.628    app     info:    [server-manager] Previous Tranquility build: 2452938, current build: 2452938
2023-12-16 11:30:26.628    app     info:    [server-manager] Tranquility build is unchanged.
2023-12-16 11:30:26.634    app     info:    [server-manager] Ready to play!
2023-12-16 11:30:26.637    app     info:    [server-manager] Finished refresh cycle for Tranquility
2023-12-16 11:30:26.673    app     info:    [self-update] Checking for a launcher update...
2023-12-16 11:30:26.979    app     info:    [self-update] Currently running the latest launcher version. Scheduling update check in 5 minutes.
2023-12-16 11:33:45.987    app     info:    [client-manager] 'tranquility' for EVE game client for '18922386' exited with no errors.
2023-12-16 11:33:46.004    app     info:    [server-manager] Starting refresh cycle for eve-online / Tranquility
2023-12-16 11:33:46.091    app     info:    [quasar-events] Sent 'eve_launcher.electron.eve_client.GameClientExited'
2023-12-16 11:33:46.163    app     info:    [server-manager] Previous Tranquility build: 2452938, current build: 2452938
2023-12-16 11:33:46.163    app     info:    [server-manager] Tranquility build is unchanged.
2023-12-16 11:33:46.168    app     info:    [server-manager] Ready to play!
2023-12-16 11:33:46.171    app     info:    [server-manager] Finished refresh cycle for Tranquility
2023-12-16 11:33:49.672    app     info:    [main-window] Main window minimized to tray    { windowId: 2 }
2023-12-16 11:33:49.691    app     info:    [main-window] Sent notification that the application is minimized to tray    { windowId: 2 }
2023-12-16 11:33:49.698    app     info:    [ipc-requests] Handling requests in the background
2023-12-16 11:33:50.710    app     info:    [ipc-requests] No longer handling requests in the background
2023-12-16 11:33:54.538    app     info:    [tray] Quitting application from tray
2023-12-16 11:33:54.540    app     info:    Application quitting. Cleanup needed: true
2023-12-16 11:33:54.542    app     info:    [elg-events] Sending event    eve_launcher.electron.application.LauncherShutdown
2023-12-16 11:33:54.544    app     info:    app.quit called, but we are still sending ELG events.
2023-12-16 11:33:55.154    app     info:    ELG stream closed, quitting.
2023-12-16 11:33:55.157    app     info:    [main-window] Main window closing    { windowId: 2 }
2023-12-16 11:33:55.165    app     info:    Application closed    0
