2023-11-30 00:00:26.902    app     info:    [ipc-requests] Handling requests in the background
2023-11-30 00:00:27.910    app     info:    [ipc-requests] No longer handling requests in the background
2023-11-30 00:00:28.210    app     info:    [ipc-requests] Handling requests in the background
2023-11-30 00:00:29.223    app     info:    [ipc-requests] No longer handling requests in the background
2023-11-30 00:04:17.109    app     info:    [server-manager] Starting refresh cycle for Tranquility
2023-11-30 00:04:17.209    app     info:    [server-manager] Previous Tranquility build: 2435360, current build: 2435360
2023-11-30 00:04:17.209    app     info:    [server-manager] Tranquility build is unchanged.
2023-11-30 00:04:17.213    app     info:    [server-manager] Ready to play!
2023-11-30 00:04:17.216    app     info:    [server-manager] Finished refresh cycle for Tranquility
2023-11-30 00:09:17.233    app     info:    [server-manager] Starting refresh cycle for Tranquility
2023-11-30 00:09:17.336    app     info:    [server-manager] Previous Tranquility build: 2435360, current build: 2435360
2023-11-30 00:09:17.336    app     info:    [server-manager] Tranquility build is unchanged.
2023-11-30 00:09:17.340    app     info:    [server-manager] Ready to play!
2023-11-30 00:09:17.342    app     info:    [server-manager] Finished refresh cycle for Tranquility
2023-11-30 00:14:17.352    app     info:    [server-manager] Starting refresh cycle for Tranquility
2023-11-30 00:14:17.449    app     info:    [server-manager] Previous Tranquility build: 2435360, current build: 2435360
2023-11-30 00:14:17.449    app     info:    [server-manager] Tranquility build is unchanged.
2023-11-30 00:14:17.452    app     info:    [server-manager] Ready to play!
2023-11-30 00:14:17.455    app     info:    [server-manager] Finished refresh cycle for Tranquility
2023-11-30 00:18:12.046    app     info:    [creatives] Requesting creatives
2023-11-30 00:18:12.166    app     info:    [creatives] Received 3 creatives
2023-11-30 00:18:12.706    app     info:    [ipc-requests] Handling requests in the background
2023-11-30 00:18:13.720    app     info:    [ipc-requests] No longer handling requests in the background
2023-11-30 00:19:05.712    app     info:    [ipc-requests] Handling requests in the background
2023-11-30 00:19:06.717    app     info:    [ipc-requests] No longer handling requests in the background
2023-11-30 00:19:17.460    app     info:    [server-manager] Starting refresh cycle for Tranquility
2023-11-30 00:19:17.552    app     info:    [server-manager] Previous Tranquility build: 2435360, current build: 2435360
2023-11-30 00:19:17.552    app     info:    [server-manager] Tranquility build is unchanged.
2023-11-30 00:19:17.556    app     info:    [server-manager] Ready to play!
2023-11-30 00:19:17.559    app     info:    [server-manager] Finished refresh cycle for Tranquility
2023-11-30 00:19:50.038    app     info:    [ipc-requests] Handling requests in the background
2023-11-30 00:19:51.039    app     info:    [ipc-requests] No longer handling requests in the background
2023-11-30 00:19:54.700    app     info:    [ipc-requests] Handling requests in the background
2023-11-30 00:19:55.714    app     info:    [ipc-requests] No longer handling requests in the background
2023-11-30 00:22:54.512    app     info:    [ipc-requests] Handling requests in the background
2023-11-30 00:22:55.527    app     info:    [ipc-requests] No longer handling requests in the background
2023-11-30 00:23:45.543    app     info:    [ipc-requests] Handling requests in the background
2023-11-30 00:23:46.544    app     info:    [ipc-requests] No longer handling requests in the background
2023-11-30 00:24:17.568    app     info:    [server-manager] Starting refresh cycle for Tranquility
2023-11-30 00:24:17.678    app     info:    [server-manager] Previous Tranquility build: 2435360, current build: 2435360
2023-11-30 00:24:17.678    app     info:    [server-manager] Tranquility build is unchanged.
2023-11-30 00:24:17.684    app     info:    [server-manager] Ready to play!
2023-11-30 00:24:17.686    app     info:    [server-manager] Finished refresh cycle for Tranquility
2023-11-30 00:24:18.499    app     info:    [ipc-requests] Handling requests in the background
2023-11-30 00:24:19.506    app     info:    [ipc-requests] No longer handling requests in the background
2023-11-30 00:29:17.702    app     info:    [server-manager] Starting refresh cycle for Tranquility
2023-11-30 00:29:17.808    app     info:    [server-manager] Previous Tranquility build: 2435360, current build: 2435360
2023-11-30 00:29:17.809    app     info:    [server-manager] Tranquility build is unchanged.
2023-11-30 00:29:17.812    app     info:    [server-manager] Ready to play!
2023-11-30 00:29:17.815    app     info:    [server-manager] Finished refresh cycle for Tranquility
2023-11-30 00:34:17.830    app     info:    [server-manager] Starting refresh cycle for Tranquility
2023-11-30 00:34:17.936    app     info:    [server-manager] Previous Tranquility build: 2435360, current build: 2435360
2023-11-30 00:34:17.936    app     info:    [server-manager] Tranquility build is unchanged.
2023-11-30 00:34:17.940    app     info:    [server-manager] Ready to play!
2023-11-30 00:34:17.942    app     info:    [server-manager] Finished refresh cycle for Tranquility
2023-11-30 00:38:23.047    app     info:    [ipc-requests] Handling requests in the background
2023-11-30 00:38:24.057    app     info:    [ipc-requests] No longer handling requests in the background
2023-11-30 00:39:17.951    app     info:    [server-manager] Starting refresh cycle for Tranquility
2023-11-30 00:39:18.049    app     info:    [server-manager] Previous Tranquility build: 2435360, current build: 2435360
2023-11-30 00:39:18.050    app     info:    [server-manager] Tranquility build is unchanged.
2023-11-30 00:39:18.053    app     info:    [server-manager] Ready to play!
2023-11-30 00:39:18.055    app     info:    [server-manager] Finished refresh cycle for Tranquility
2023-11-30 00:42:38.013    app     info:    [ipc-requests] Handling requests in the background
2023-11-30 00:42:39.023    app     info:    [ipc-requests] No longer handling requests in the background
2023-11-30 00:44:18.064    app     info:    [server-manager] Starting refresh cycle for Tranquility
2023-11-30 00:44:18.179    app     info:    [server-manager] Previous Tranquility build: 2435360, current build: 2435360
2023-11-30 00:44:18.180    app     info:    [server-manager] Tranquility build is unchanged.
2023-11-30 00:44:18.183    app     info:    [server-manager] Ready to play!
2023-11-30 00:44:18.185    app     info:    [server-manager] Finished refresh cycle for Tranquility
2023-11-30 00:47:24.247    app     info:    [ipc-requests] Handling requests in the background
2023-11-30 00:47:25.261    app     info:    [ipc-requests] No longer handling requests in the background
2023-11-30 00:49:18.197    app     info:    [server-manager] Starting refresh cycle for Tranquility
2023-11-30 00:49:18.293    app     info:    [server-manager] Previous Tranquility build: 2435360, current build: 2435360
2023-11-30 00:49:18.294    app     info:    [server-manager] Tranquility build is unchanged.
2023-11-30 00:49:18.297    app     info:    [server-manager] Ready to play!
2023-11-30 00:49:18.299    app     info:    [server-manager] Finished refresh cycle for Tranquility
2023-11-30 00:49:39.360    app     info:    [ipc-requests] Handling requests in the background
2023-11-30 00:49:40.371    app     info:    [ipc-requests] No longer handling requests in the background
2023-11-30 00:54:18.310    app     info:    [server-manager] Starting refresh cycle for Tranquility
2023-11-30 00:54:18.406    app     info:    [server-manager] Previous Tranquility build: 2435360, current build: 2435360
2023-11-30 00:54:18.406    app     info:    [server-manager] Tranquility build is unchanged.
2023-11-30 00:54:18.410    app     info:    [server-manager] Ready to play!
2023-11-30 00:54:18.412    app     info:    [server-manager] Finished refresh cycle for Tranquility
2023-11-30 00:59:18.429    app     info:    [server-manager] Starting refresh cycle for Tranquility
2023-11-30 00:59:18.551    app     info:    [server-manager] Previous Tranquility build: 2435360, current build: 2435360
2023-11-30 00:59:18.551    app     info:    [server-manager] Tranquility build is unchanged.
2023-11-30 00:59:18.555    app     info:    [server-manager] Ready to play!
2023-11-30 00:59:18.557    app     info:    [server-manager] Finished refresh cycle for Tranquility
2023-11-30 01:01:55.467    app     info:    [ipc-requests] Handling requests in the background
2023-11-30 01:01:56.474    app     info:    [ipc-requests] No longer handling requests in the background
2023-11-30 01:04:18.569    app     info:    [server-manager] Starting refresh cycle for Tranquility
2023-11-30 01:04:18.670    app     info:    [server-manager] Previous Tranquility build: 2435360, current build: 2435360
2023-11-30 01:04:18.670    app     info:    [server-manager] Tranquility build is unchanged.
2023-11-30 01:04:18.674    app     info:    [server-manager] Ready to play!
2023-11-30 01:04:18.676    app     info:    [server-manager] Finished refresh cycle for Tranquility
2023-11-30 01:07:47.849    app     info:    [ipc-requests] Handling requests in the background
2023-11-30 01:07:48.862    app     info:    [ipc-requests] No longer handling requests in the background
2023-11-30 01:08:03.912    app     info:    [ipc-requests] Handling requests in the background
2023-11-30 01:08:04.922    app     info:    [ipc-requests] No longer handling requests in the background
2023-11-30 01:09:18.691    app     info:    [server-manager] Starting refresh cycle for Tranquility
2023-11-30 01:09:18.790    app     info:    [server-manager] Previous Tranquility build: 2435360, current build: 2435360
2023-11-30 01:09:18.790    app     info:    [server-manager] Tranquility build is unchanged.
2023-11-30 01:09:18.794    app     info:    [server-manager] Ready to play!
2023-11-30 01:09:18.797    app     info:    [server-manager] Finished refresh cycle for Tranquility
2023-11-30 01:09:50.664    app     info:    [ipc-requests] Handling requests in the background
2023-11-30 01:09:51.675    app     info:    [ipc-requests] No longer handling requests in the background
2023-11-30 01:12:43.554    app     info:    [ipc-requests] Handling requests in the background
2023-11-30 01:12:44.562    app     info:    [ipc-requests] No longer handling requests in the background
2023-11-30 01:12:51.233    app     info:    [ipc-requests] Handling requests in the background
2023-11-30 01:12:52.246    app     info:    [ipc-requests] No longer handling requests in the background
2023-11-30 01:13:02.449    app     info:    [ipc-requests] Handling requests in the background
2023-11-30 01:13:03.456    app     info:    [ipc-requests] No longer handling requests in the background
2023-11-30 01:13:51.187    app     info:    [ipc-requests] Handling requests in the background
2023-11-30 01:13:52.193    app     info:    [ipc-requests] No longer handling requests in the background
2023-11-30 01:14:03.019    app     info:    [ipc-requests] Handling requests in the background
2023-11-30 01:14:04.026    app     info:    [ipc-requests] No longer handling requests in the background
2023-11-30 01:14:07.576    app     info:    [ipc-requests] Handling requests in the background
2023-11-30 01:14:08.578    app     info:    [ipc-requests] No longer handling requests in the background
2023-11-30 01:14:18.805    app     info:    [server-manager] Starting refresh cycle for Tranquility
2023-11-30 01:14:18.908    app     info:    [server-manager] Previous Tranquility build: 2435360, current build: 2435360
2023-11-30 01:14:18.908    app     info:    [server-manager] Tranquility build is unchanged.
2023-11-30 01:14:18.911    app     info:    [server-manager] Ready to play!
2023-11-30 01:14:18.914    app     info:    [server-manager] Finished refresh cycle for Tranquility
2023-11-30 01:14:19.698    app     info:    [ipc-requests] Handling requests in the background
2023-11-30 01:14:20.707    app     info:    [ipc-requests] No longer handling requests in the background
2023-11-30 01:14:28.023    app     info:    [ipc-requests] Handling requests in the background
2023-11-30 01:14:29.030    app     info:    [ipc-requests] No longer handling requests in the background
2023-11-30 01:15:17.024    app     info:    [ipc-requests] Handling requests in the background
2023-11-30 01:15:18.037    app     info:    [ipc-requests] No longer handling requests in the background
2023-11-30 01:15:47.903    app     info:    [ipc-requests] Handling requests in the background
2023-11-30 01:15:48.918    app     info:    [ipc-requests] No longer handling requests in the background
2023-11-30 01:16:28.345    app     info:    [ipc-requests] Handling requests in the background
2023-11-30 01:16:29.360    app     info:    [ipc-requests] No longer handling requests in the background
2023-11-30 01:19:18.926    app     info:    [server-manager] Starting refresh cycle for Tranquility
2023-11-30 01:19:19.034    app     info:    [server-manager] Previous Tranquility build: 2435360, current build: 2435360
2023-11-30 01:19:19.034    app     info:    [server-manager] Tranquility build is unchanged.
2023-11-30 01:19:19.037    app     info:    [server-manager] Ready to play!
2023-11-30 01:19:19.039    app     info:    [server-manager] Finished refresh cycle for Tranquility
2023-11-30 01:20:08.482    app     info:    [creatives] Requesting creatives
2023-11-30 01:20:08.598    app     info:    [creatives] Received 3 creatives
2023-11-30 01:20:08.799    app     info:    [ipc-requests] Handling requests in the background
2023-11-30 01:20:09.810    app     info:    [ipc-requests] No longer handling requests in the background
2023-11-30 01:20:12.648    app     info:    [ipc-requests] Handling requests in the background
2023-11-30 01:20:13.654    app     info:    [ipc-requests] No longer handling requests in the background
2023-11-30 01:20:23.961    app     info:    [ipc-requests] Handling requests in the background
2023-11-30 01:20:24.964    app     info:    [ipc-requests] No longer handling requests in the background
2023-11-30 01:20:35.488    app     info:    [ipc-requests] Handling requests in the background
2023-11-30 01:20:36.501    app     info:    [ipc-requests] No longer handling requests in the background
2023-11-30 01:22:29.911    app     info:    [ipc-requests] Handling requests in the background
2023-11-30 01:22:30.911    app     info:    [ipc-requests] No longer handling requests in the background
2023-11-30 01:22:31.871    app     info:    [ipc-requests] Handling requests in the background
2023-11-30 01:22:32.447    app     info:    [ipc-requests] Handling requests in the background
2023-11-30 01:22:32.871    app     info:    [ipc-requests] No longer handling requests in the background
2023-11-30 01:22:33.460    app     info:    [ipc-requests] No longer handling requests in the background
2023-11-30 01:23:04.247    app     info:    [ipc-requests] Handling requests in the background
2023-11-30 01:23:05.259    app     info:    [ipc-requests] No longer handling requests in the background
2023-11-30 01:23:16.744    app     info:    [ipc-requests] Handling requests in the background
2023-11-30 01:23:17.756    app     info:    [ipc-requests] No longer handling requests in the background
2023-11-30 01:23:32.127    app     info:    [ipc-requests] Handling requests in the background
2023-11-30 01:23:33.129    app     info:    [ipc-requests] No longer handling requests in the background
2023-11-30 01:24:19.051    app     info:    [server-manager] Starting refresh cycle for Tranquility
2023-11-30 01:24:19.149    app     info:    [server-manager] Previous Tranquility build: 2435360, current build: 2435360
2023-11-30 01:24:19.149    app     info:    [server-manager] Tranquility build is unchanged.
2023-11-30 01:24:19.155    app     info:    [server-manager] Ready to play!
2023-11-30 01:24:19.158    app     info:    [server-manager] Finished refresh cycle for Tranquility
2023-11-30 01:24:40.807    app     info:    [ipc-requests] Handling requests in the background
2023-11-30 01:24:41.816    app     info:    [ipc-requests] No longer handling requests in the background
2023-11-30 01:24:58.279    app     info:    [ipc-requests] Handling requests in the background
2023-11-30 01:24:59.283    app     info:    [ipc-requests] No longer handling requests in the background
2023-11-30 01:25:05.919    app     info:    [ipc-requests] Handling requests in the background
2023-11-30 01:25:06.923    app     info:    [ipc-requests] No longer handling requests in the background
2023-11-30 01:25:17.104    app     info:    [ipc-requests] Handling requests in the background
2023-11-30 01:25:18.113    app     info:    [ipc-requests] No longer handling requests in the background
2023-11-30 01:27:04.310    app     info:    [ipc-requests] Handling requests in the background
2023-11-30 01:27:05.318    app     info:    [ipc-requests] No longer handling requests in the background
2023-11-30 01:27:07.367    app     info:    [ipc-requests] Handling requests in the background
2023-11-30 01:27:08.371    app     info:    [ipc-requests] No longer handling requests in the background
2023-11-30 01:27:12.578    app     info:    [ipc-requests] Handling requests in the background
2023-11-30 01:27:13.579    app     info:    [ipc-requests] No longer handling requests in the background
2023-11-30 01:27:16.611    app     info:    [ipc-requests] Handling requests in the background
2023-11-30 01:27:17.617    app     info:    [ipc-requests] No longer handling requests in the background
2023-11-30 01:27:18.815    app     info:    [ipc-requests] Handling requests in the background
2023-11-30 01:27:19.816    app     info:    [ipc-requests] No longer handling requests in the background
2023-11-30 01:27:19.929    app     info:    [ipc-requests] Handling requests in the background
2023-11-30 01:27:20.929    app     info:    [ipc-requests] No longer handling requests in the background
2023-11-30 01:27:34.296    app     info:    [ipc-requests] Handling requests in the background
2023-11-30 01:27:35.302    app     info:    [ipc-requests] No longer handling requests in the background
2023-11-30 01:28:25.562    app     info:    [ipc-requests] Handling requests in the background
2023-11-30 01:28:26.573    app     info:    [ipc-requests] No longer handling requests in the background
2023-11-30 01:28:27.320    app     info:    [ipc-requests] Handling requests in the background
2023-11-30 01:28:28.333    app     info:    [ipc-requests] No longer handling requests in the background
2023-11-30 01:28:57.127    app     info:    [ipc-requests] Handling requests in the background
2023-11-30 01:28:58.138    app     info:    [ipc-requests] No longer handling requests in the background
2023-11-30 01:28:59.172    app     info:    [ipc-requests] Handling requests in the background
2023-11-30 01:29:00.185    app     info:    [ipc-requests] No longer handling requests in the background
2023-11-30 01:29:19.165    app     info:    [server-manager] Starting refresh cycle for Tranquility
2023-11-30 01:29:19.290    app     info:    [server-manager] Previous Tranquility build: 2435360, current build: 2435360
2023-11-30 01:29:19.290    app     info:    [server-manager] Tranquility build is unchanged.
2023-11-30 01:29:19.295    app     info:    [server-manager] Ready to play!
2023-11-30 01:29:19.298    app     info:    [server-manager] Finished refresh cycle for Tranquility
2023-11-30 01:33:38.407    app     info:    [ipc-requests] Handling requests in the background
2023-11-30 01:33:39.407    app     info:    [ipc-requests] No longer handling requests in the background
2023-11-30 01:34:19.311    app     info:    [server-manager] Starting refresh cycle for Tranquility
2023-11-30 01:34:19.433    app     info:    [server-manager] Previous Tranquility build: 2435360, current build: 2435360
2023-11-30 01:34:19.434    app     info:    [server-manager] Tranquility build is unchanged.
2023-11-30 01:34:19.443    app     info:    [server-manager] Ready to play!
2023-11-30 01:34:19.448    app     info:    [server-manager] Finished refresh cycle for Tranquility
2023-11-30 01:34:20.689    app     info:    [ipc-requests] Handling requests in the background
2023-11-30 01:34:21.690    app     info:    [ipc-requests] No longer handling requests in the background
2023-11-30 01:35:34.970    app     info:    [ipc-requests] Handling requests in the background
2023-11-30 01:35:35.974    app     info:    [ipc-requests] No longer handling requests in the background
2023-11-30 01:36:04.312    app     info:    [ipc-requests] Handling requests in the background
2023-11-30 01:36:05.320    app     info:    [ipc-requests] No longer handling requests in the background
2023-11-30 01:37:08.040    app     info:    [ipc-requests] Handling requests in the background
2023-11-30 01:37:09.045    app     info:    [ipc-requests] No longer handling requests in the background
2023-11-30 01:37:13.972    app     info:    [ipc-requests] Handling requests in the background
2023-11-30 01:37:14.392    app     info:    [ipc-requests] Handling requests in the background
2023-11-30 01:37:14.987    app     info:    [ipc-requests] No longer handling requests in the background
2023-11-30 01:37:15.395    app     info:    [ipc-requests] No longer handling requests in the background
2023-11-30 01:37:59.937    app     info:    [ipc-requests] Handling requests in the background
2023-11-30 01:38:00.938    app     info:    [ipc-requests] No longer handling requests in the background
2023-11-30 01:38:13.583    app     info:    [ipc-requests] Handling requests in the background
2023-11-30 01:38:14.000    app     info:    [ipc-requests] Handling requests in the background
2023-11-30 01:38:14.584    app     info:    [ipc-requests] No longer handling requests in the background
2023-11-30 01:38:15.006    app     info:    [ipc-requests] No longer handling requests in the background
2023-11-30 01:39:19.462    app     info:    [server-manager] Starting refresh cycle for Tranquility
2023-11-30 01:39:19.563    app     info:    [server-manager] Previous Tranquility build: 2435360, current build: 2435360
2023-11-30 01:39:19.564    app     info:    [server-manager] Tranquility build is unchanged.
2023-11-30 01:39:19.567    app     info:    [server-manager] Ready to play!
2023-11-30 01:39:19.569    app     info:    [server-manager] Finished refresh cycle for Tranquility
2023-11-30 01:40:40.413    app     info:    [ipc-requests] Handling requests in the background
2023-11-30 01:40:41.421    app     info:    [ipc-requests] No longer handling requests in the background
2023-11-30 01:41:51.351    app     info:    [ipc-requests] Handling requests in the background
2023-11-30 01:41:52.364    app     info:    [ipc-requests] No longer handling requests in the background
2023-11-30 01:41:54.256    app     info:    [ipc-requests] Handling requests in the background
2023-11-30 01:41:55.266    app     info:    [ipc-requests] No longer handling requests in the background
2023-11-30 01:43:07.863    app     info:    [ipc-requests] Handling requests in the background
2023-11-30 01:43:08.874    app     info:    [ipc-requests] No longer handling requests in the background
2023-11-30 01:43:10.472    app     info:    [ipc-requests] Handling requests in the background
2023-11-30 01:43:11.473    app     info:    [ipc-requests] No longer handling requests in the background
2023-11-30 01:44:11.174    app     info:    [ipc-requests] Handling requests in the background
2023-11-30 01:44:12.181    app     info:    [ipc-requests] No longer handling requests in the background
2023-11-30 01:44:19.576    app     info:    [server-manager] Starting refresh cycle for Tranquility
2023-11-30 01:44:19.673    app     info:    [server-manager] Previous Tranquility build: 2435360, current build: 2435360
2023-11-30 01:44:19.674    app     info:    [server-manager] Tranquility build is unchanged.
2023-11-30 01:44:19.677    app     info:    [server-manager] Ready to play!
2023-11-30 01:44:19.679    app     info:    [server-manager] Finished refresh cycle for Tranquility
2023-11-30 01:44:53.808    app     info:    [ipc-requests] Handling requests in the background
2023-11-30 01:44:54.819    app     info:    [ipc-requests] No longer handling requests in the background
2023-11-30 01:46:37.873    app     info:    [ipc-requests] Handling requests in the background
2023-11-30 01:46:38.887    app     info:    [ipc-requests] No longer handling requests in the background
2023-11-30 01:47:04.143    app     info:    [ipc-requests] Handling requests in the background
2023-11-30 01:47:05.153    app     info:    [ipc-requests] No longer handling requests in the background
2023-11-30 01:47:05.593    app     info:    [ipc-requests] Handling requests in the background
2023-11-30 01:47:06.607    app     info:    [ipc-requests] No longer handling requests in the background
2023-11-30 01:49:19.686    app     info:    [server-manager] Starting refresh cycle for Tranquility
2023-11-30 01:49:19.803    app     info:    [server-manager] Previous Tranquility build: 2435360, current build: 2435360
2023-11-30 01:49:19.803    app     info:    [server-manager] Tranquility build is unchanged.
2023-11-30 01:49:19.807    app     info:    [server-manager] Ready to play!
2023-11-30 01:49:19.809    app     info:    [server-manager] Finished refresh cycle for Tranquility
2023-11-30 01:49:30.561    app     info:    [ipc-requests] Handling requests in the background
2023-11-30 01:49:31.566    app     info:    [ipc-requests] No longer handling requests in the background
2023-11-30 01:50:19.991    app     info:    [ipc-requests] Handling requests in the background
2023-11-30 01:50:21.005    app     info:    [ipc-requests] No longer handling requests in the background
2023-11-30 01:50:24.952    app     info:    [ipc-requests] Handling requests in the background
2023-11-30 01:50:25.964    app     info:    [ipc-requests] No longer handling requests in the background
2023-11-30 01:51:34.223    app     info:    [ipc-requests] Handling requests in the background
2023-11-30 01:51:35.235    app     info:    [ipc-requests] No longer handling requests in the background
2023-11-30 01:52:31.911    app     info:    [ipc-requests] Handling requests in the background
2023-11-30 01:52:32.921    app     info:    [ipc-requests] No longer handling requests in the background
2023-11-30 01:52:57.815    app     info:    [ipc-requests] Handling requests in the background
2023-11-30 01:52:58.829    app     info:    [ipc-requests] No longer handling requests in the background
2023-11-30 01:54:06.206    app     info:    [ipc-requests] Handling requests in the background
2023-11-30 01:54:07.214    app     info:    [ipc-requests] No longer handling requests in the background
2023-11-30 01:54:08.882    app     info:    [ipc-requests] Handling requests in the background
2023-11-30 01:54:09.893    app     info:    [ipc-requests] No longer handling requests in the background
2023-11-30 01:54:10.654    app     info:    [ipc-requests] Handling requests in the background
2023-11-30 01:54:11.664    app     info:    [ipc-requests] No longer handling requests in the background
2023-11-30 01:54:19.813    app     info:    [server-manager] Starting refresh cycle for Tranquility
2023-11-30 01:54:19.908    app     info:    [server-manager] Previous Tranquility build: 2435360, current build: 2435360
2023-11-30 01:54:19.908    app     info:    [server-manager] Tranquility build is unchanged.
2023-11-30 01:54:19.913    app     info:    [server-manager] Ready to play!
2023-11-30 01:54:19.915    app     info:    [server-manager] Finished refresh cycle for Tranquility
2023-11-30 01:55:18.732    app     info:    [ipc-requests] Handling requests in the background
2023-11-30 01:55:19.745    app     info:    [ipc-requests] No longer handling requests in the background
2023-11-30 01:59:19.918    app     info:    [server-manager] Starting refresh cycle for Tranquility
2023-11-30 01:59:20.195    app     info:    [server-manager] Previous Tranquility build: 2435360, current build: 2435360
2023-11-30 01:59:20.195    app     info:    [server-manager] Tranquility build is unchanged.
2023-11-30 01:59:20.199    app     info:    [server-manager] Ready to play!
2023-11-30 01:59:20.202    app     info:    [server-manager] Finished refresh cycle for Tranquility
2023-11-30 02:04:20.206    app     info:    [server-manager] Starting refresh cycle for Tranquility
2023-11-30 02:04:20.307    app     info:    [server-manager] Previous Tranquility build: 2435360, current build: 2435360
2023-11-30 02:04:20.307    app     info:    [server-manager] Tranquility build is unchanged.
2023-11-30 02:04:20.312    app     info:    [server-manager] Ready to play!
2023-11-30 02:04:20.314    app     info:    [server-manager] Finished refresh cycle for Tranquility
2023-11-30 02:09:20.330    app     info:    [server-manager] Starting refresh cycle for Tranquility
2023-11-30 02:09:20.432    app     info:    [server-manager] Previous Tranquility build: 2435360, current build: 2435360
2023-11-30 02:09:20.433    app     info:    [server-manager] Tranquility build is unchanged.
2023-11-30 02:09:20.437    app     info:    [server-manager] Ready to play!
2023-11-30 02:09:20.440    app     info:    [server-manager] Finished refresh cycle for Tranquility
2023-11-30 02:14:20.456    app     info:    [server-manager] Starting refresh cycle for Tranquility
2023-11-30 02:14:20.550    app     info:    [server-manager] Previous Tranquility build: 2435360, current build: 2435360
2023-11-30 02:14:20.550    app     info:    [server-manager] Tranquility build is unchanged.
2023-11-30 02:14:20.554    app     info:    [server-manager] Ready to play!
2023-11-30 02:14:20.556    app     info:    [server-manager] Finished refresh cycle for Tranquility
2023-11-30 02:18:20.622    app     info:    [client-manager] 'tranquility' for EVE game client for '17525312' exited with no errors.
2023-11-30 02:18:20.624    app     info:    [elg-events] Sending event    eve_launcher.electron.eve_client.GameClientExited
2023-11-30 02:18:20.631    app     info:    [server-manager] Starting refresh cycle for Tranquility
2023-11-30 02:18:20.729    app     info:    [server-manager] Previous Tranquility build: 2435360, current build: 2435360
2023-11-30 02:18:20.729    app     info:    [server-manager] Tranquility build is unchanged.
2023-11-30 02:18:20.732    app     info:    [server-manager] Ready to play!
2023-11-30 02:18:20.735    app     info:    [server-manager] Finished refresh cycle for Tranquility
2023-11-30 02:18:24.818    app     info:    [client-queue] Queued client startup    {
  tenant: 'tranquility',
  userId: 17525312,
  characterId: 2121178396,
  profile: ''
}
2023-11-30 02:18:24.820    app     info:    [elg-events] Sending event    eve_launcher.electron.eve_client.ClientQueued
2023-11-30 02:18:24.820    app     info:    [client-queue] No clients running for tranquility, copying files before starting a client
2023-11-30 02:18:24.826    app     info:    [elg-events] Sending event    eve_launcher.electron.eve_client.CopyingFilesStarted
2023-11-30 02:18:24.826    app     info:    [binary-copier] Copying 198 files (213 MB) to 'C:\CCP\EVE Online\tq'
2023-11-30 02:18:24.842    app     info:    [binary-copier] Removing old binaries
2023-11-30 02:18:24.858    app     info:    [binary-copier] Copying binaries from ResFiles
2023-11-30 02:18:25.585    app     info:    [binary-copier] Finished copying 198 files to 'C:\CCP\EVE Online\tq' in 0.761 seconds
2023-11-30 02:18:25.586    app     info:    [elg-events] Sending event    eve_launcher.electron.eve_client.CopyingFilesFinished
2023-11-30 02:18:25.590    app     info:    [authentication] Token for '17525312' on 'tranquility' is expired, refresh is required
2023-11-30 02:18:25.590    app     info:    [authentication] Refreshing token for '17525312' on 'tranquility'
2023-11-30 02:18:25.707    app     info:    [authentication] Token for '17525312' on 'tranquility' has been successfully refreshed
2023-11-30 02:18:25.712    app     info:    [elg-events] Sending event    eve_launcher.electron.authentication.UserTokensRefreshed
2023-11-30 02:18:25.713    app     info:    [customer-information] Getting character information for '17525312' on 'tranquility'
2023-11-30 02:18:25.713    app     info:    [customer-information] Getting Omega status for '17525312' on 'tranquility'
2023-11-30 02:18:25.713    app     info:    [virtual-goods] Getting Plex status for '17525312' on 'tranquility'
2023-11-30 02:18:25.727    app     info:    [client-manager] Starting EVE Online game client.    C:\CCP\EVE Online\tq\bin64\exefile.exe    Map(11) {
  'noconsole' => '/noconsole',
  'server' => '/server:tranquility.servers.eveonline.com',
  'triplatform' => '/triplatform=dx12',
  'ssotoken' => '/ssoToken=***',
  'refreshtoken' => '/refreshToken=***',
  'settingsprofile' => '/settingsprofile=Default',
  'deviceid' => '/deviceID=4a436adb-4b99-40a7-85b0-42e206f41286',
  'autoselectcharacter' => '/autoSelectCharacter:2121178396',
  'language' => '/language=en',
  'exp' => '1701311302',
  'tokenExpires' => '2023-11-30 04:28:22.000'
}    17525312
2023-11-30 02:18:25.729    app     info:    [elg-events] Sending event    eve_launcher.electron.eve_client.GameClientStartRequested
2023-11-30 02:18:25.754    app     info:    [elg-events] Sending event    eve_launcher.electron.eve_client.TemporaryClientProcessAdded
2023-11-30 02:18:25.758    app     info:    [client-queue] Started client from group startup    {
  tenant: 'tranquility',
  characterId: 2121178396,
  profile: '',
  userId: 17525312
}
2023-11-30 02:18:25.829    app     info:    [esi] Fetching character details for 2114656127, 2121178396
2023-11-30 02:18:26.263    app     info:    [elg-events] Sending event    eve_launcher.electron.eve_client.TemporaryClientProcessMonitoringRetried
2023-11-30 02:18:26.266    app     info:    [client-manager] Found 'tranquility' client for '17525312' running:     {
  processId: 12172,
  createdDate: 1701310705762,
  userId: 17525312,
  characterId: 2121178396,
  profile: 'Default',
  dxVersion: 'dx12'
}
2023-11-30 02:18:26.304    app     info:    [elg-events] Sending event    eve_launcher.electron.eve_client.GameClientStarted
2023-11-30 02:18:26.308    app     info:    [elg-events] Sending event    eve_launcher.electron.eve_client.TemporaryClientProcessRemoved
2023-11-30 02:18:26.309    app     info:    [esi] Fetched 2 character details for 17525312
2023-11-30 02:18:26.310    app     info:    [virtual-goods] Fetched Plex status for '17525312' on 'tranquility'
2023-11-30 02:18:26.327    app     info:    [AuthenticationMiddleware] User information updated
2023-11-30 02:18:26.769    app     info:    [client-queue] Queue has stopped running, no more clients pending startup.
2023-11-30 02:20:08.486    app     info:    [creatives] Requesting creatives
2023-11-30 02:20:08.633    app     info:    [creatives] Received 3 creatives
2023-11-30 02:23:20.738    app     info:    [server-manager] Starting refresh cycle for Tranquility
2023-11-30 02:23:20.843    app     info:    [server-manager] Previous Tranquility build: 2435360, current build: 2435360
2023-11-30 02:23:20.843    app     info:    [server-manager] Tranquility build is unchanged.
2023-11-30 02:23:20.847    app     info:    [server-manager] Ready to play!
2023-11-30 02:23:20.849    app     info:    [server-manager] Finished refresh cycle for Tranquility
2023-11-30 02:28:20.855    app     info:    [server-manager] Starting refresh cycle for Tranquility
2023-11-30 02:28:20.950    app     info:    [server-manager] Previous Tranquility build: 2435360, current build: 2435360
2023-11-30 02:28:20.950    app     info:    [server-manager] Tranquility build is unchanged.
2023-11-30 02:28:20.954    app     info:    [server-manager] Ready to play!
2023-11-30 02:28:20.957    app     info:    [server-manager] Finished refresh cycle for Tranquility
2023-11-30 02:29:42.333    app     info:    [client-manager] 'tranquility' for EVE game client for '17525312' exited with no errors.
2023-11-30 02:29:42.335    app     info:    [elg-events] Sending event    eve_launcher.electron.eve_client.GameClientExited
2023-11-30 02:29:42.342    app     info:    [server-manager] Starting refresh cycle for Tranquility
2023-11-30 02:29:42.439    app     info:    [server-manager] Previous Tranquility build: 2435360, current build: 2435360
2023-11-30 02:29:42.439    app     info:    [server-manager] Tranquility build is unchanged.
2023-11-30 02:29:42.443    app     info:    [server-manager] Ready to play!
2023-11-30 02:29:42.445    app     info:    [server-manager] Finished refresh cycle for Tranquility
2023-11-30 02:29:45.017    app     info:    [client-queue] Queued client startup    {
  tenant: 'tranquility',
  userId: 17525312,
  characterId: 2121178396,
  profile: ''
}
2023-11-30 02:29:45.018    app     info:    [elg-events] Sending event    eve_launcher.electron.eve_client.ClientQueued
2023-11-30 02:29:45.019    app     info:    [client-queue] No clients running for tranquility, copying files before starting a client
2023-11-30 02:29:45.022    app     info:    [elg-events] Sending event    eve_launcher.electron.eve_client.CopyingFilesStarted
2023-11-30 02:29:45.022    app     info:    [binary-copier] Copying 198 files (213 MB) to 'C:\CCP\EVE Online\tq'
2023-11-30 02:29:45.038    app     info:    [binary-copier] Removing old binaries
2023-11-30 02:29:45.074    app     info:    [binary-copier] Copying binaries from ResFiles
2023-11-30 02:29:45.473    app     info:    [binary-copier] Finished copying 198 files to 'C:\CCP\EVE Online\tq' in 0.452 seconds
2023-11-30 02:29:45.474    app     info:    [elg-events] Sending event    eve_launcher.electron.eve_client.CopyingFilesFinished
2023-11-30 02:29:45.477    app     info:    [authentication] Token for '17525312' on 'tranquility' is expired, refresh is required
2023-11-30 02:29:45.477    app     info:    [authentication] Refreshing token for '17525312' on 'tranquility'
2023-11-30 02:29:45.569    app     info:    [authentication] Token for '17525312' on 'tranquility' has been successfully refreshed
2023-11-30 02:29:45.571    app     info:    [elg-events] Sending event    eve_launcher.electron.authentication.UserTokensRefreshed
2023-11-30 02:29:45.572    app     info:    [AuthenticationMiddleware] Character information for '17525312' on 'tranquility' was loaded recently, skipping refresh.
2023-11-30 02:29:45.572    app     info:    [AuthenticationMiddleware] Plex information for '17525312' on 'tranquility' was loaded recently, skipping refresh.
2023-11-30 02:29:45.586    app     info:    [client-manager] Starting EVE Online game client.    C:\CCP\EVE Online\tq\bin64\exefile.exe    Map(11) {
  'noconsole' => '/noconsole',
  'server' => '/server:tranquility.servers.eveonline.com',
  'triplatform' => '/triplatform=dx12',
  'ssotoken' => '/ssoToken=***',
  'refreshtoken' => '/refreshToken=***',
  'settingsprofile' => '/settingsprofile=Default',
  'deviceid' => '/deviceID=4a436adb-4b99-40a7-85b0-42e206f41286',
  'autoselectcharacter' => '/autoSelectCharacter:2121178396',
  'language' => '/language=en',
  'exp' => '1701311982',
  'tokenExpires' => '2023-11-30 04:39:42.000'
}    17525312
2023-11-30 02:29:45.588    app     info:    [elg-events] Sending event    eve_launcher.electron.eve_client.GameClientStartRequested
2023-11-30 02:29:45.617    app     info:    [elg-events] Sending event    eve_launcher.electron.eve_client.TemporaryClientProcessAdded
2023-11-30 02:29:45.620    app     info:    [client-queue] Started client from group startup    {
  tenant: 'tranquility',
  characterId: 2121178396,
  profile: '',
  userId: 17525312
}
2023-11-30 02:29:45.624    app     info:    [AuthenticationMiddleware] User information updated
2023-11-30 02:29:46.135    app     info:    [elg-events] Sending event    eve_launcher.electron.eve_client.TemporaryClientProcessMonitoringRetried
2023-11-30 02:29:46.138    app     info:    [client-manager] Found 'tranquility' client for '17525312' running:     {
  processId: 2952,
  createdDate: 1701311385624,
  userId: 17525312,
  characterId: 2121178396,
  profile: 'Default',
  dxVersion: 'dx12'
}
2023-11-30 02:29:46.149    app     info:    [elg-events] Sending event    eve_launcher.electron.eve_client.GameClientStarted
2023-11-30 02:29:46.153    app     info:    [elg-events] Sending event    eve_launcher.electron.eve_client.TemporaryClientProcessRemoved
2023-11-30 02:29:46.633    app     info:    [client-queue] Queue has stopped running, no more clients pending startup.
2023-11-30 02:34:42.460    app     info:    [server-manager] Starting refresh cycle for Tranquility
2023-11-30 02:34:42.560    app     info:    [server-manager] Previous Tranquility build: 2435360, current build: 2435360
2023-11-30 02:34:42.560    app     info:    [server-manager] Tranquility build is unchanged.
2023-11-30 02:34:42.564    app     info:    [server-manager] Ready to play!
2023-11-30 02:34:42.566    app     info:    [server-manager] Finished refresh cycle for Tranquility
2023-11-30 02:39:42.577    app     info:    [server-manager] Starting refresh cycle for Tranquility
2023-11-30 02:39:42.820    app     info:    [server-manager] Previous Tranquility build: 2435360, current build: 2435360
2023-11-30 02:39:42.820    app     info:    [server-manager] Tranquility build is unchanged.
2023-11-30 02:39:42.824    app     info:    [server-manager] Ready to play!
2023-11-30 02:39:42.826    app     info:    [server-manager] Finished refresh cycle for Tranquility
2023-11-30 02:44:42.836    app     info:    [server-manager] Starting refresh cycle for Tranquility
2023-11-30 02:44:42.932    app     info:    [server-manager] Previous Tranquility build: 2435360, current build: 2435360
2023-11-30 02:44:42.932    app     info:    [server-manager] Tranquility build is unchanged.
2023-11-30 02:44:42.936    app     info:    [server-manager] Ready to play!
2023-11-30 02:44:42.938    app     info:    [server-manager] Finished refresh cycle for Tranquility
2023-11-30 02:49:42.951    app     info:    [server-manager] Starting refresh cycle for Tranquility
2023-11-30 02:49:43.091    app     info:    [server-manager] Previous Tranquility build: 2435360, current build: 2435360
2023-11-30 02:49:43.091    app     info:    [server-manager] Tranquility build is unchanged.
2023-11-30 02:49:43.095    app     info:    [server-manager] Ready to play!
2023-11-30 02:49:43.097    app     info:    [server-manager] Finished refresh cycle for Tranquility
2023-11-30 02:54:43.107    app     info:    [server-manager] Starting refresh cycle for Tranquility
2023-11-30 02:54:43.203    app     info:    [server-manager] Previous Tranquility build: 2435360, current build: 2435360
2023-11-30 02:54:43.203    app     info:    [server-manager] Tranquility build is unchanged.
2023-11-30 02:54:43.208    app     info:    [server-manager] Ready to play!
2023-11-30 02:54:43.211    app     info:    [server-manager] Finished refresh cycle for Tranquility
2023-11-30 02:59:43.225    app     info:    [server-manager] Starting refresh cycle for Tranquility
2023-11-30 02:59:43.323    app     info:    [server-manager] Previous Tranquility build: 2435360, current build: 2435360
2023-11-30 02:59:43.323    app     info:    [server-manager] Tranquility build is unchanged.
2023-11-30 02:59:43.326    app     info:    [server-manager] Ready to play!
2023-11-30 02:59:43.329    app     info:    [server-manager] Finished refresh cycle for Tranquility
2023-11-30 03:04:43.343    app     info:    [server-manager] Starting refresh cycle for Tranquility
2023-11-30 03:04:43.424    app     info:    [server-manager] Previous Tranquility build: 2435360, current build: 2435360
2023-11-30 03:04:43.424    app     info:    [server-manager] Tranquility build is unchanged.
2023-11-30 03:04:43.427    app     info:    [server-manager] Ready to play!
2023-11-30 03:04:43.430    app     info:    [server-manager] Finished refresh cycle for Tranquility
2023-11-30 03:08:57.354    app     info:    [ipc-requests] Handling requests in the background
2023-11-30 03:08:58.361    app     info:    [ipc-requests] No longer handling requests in the background
2023-11-30 03:09:42.735    app     info:    [ipc-requests] Handling requests in the background
2023-11-30 03:09:43.446    app     info:    [server-manager] Starting refresh cycle for Tranquility
2023-11-30 03:09:43.555    app     info:    [server-manager] Previous Tranquility build: 2435360, current build: 2435360
2023-11-30 03:09:43.555    app     info:    [server-manager] Tranquility build is unchanged.
2023-11-30 03:09:43.559    app     info:    [server-manager] Ready to play!
2023-11-30 03:09:43.561    app     info:    [server-manager] Finished refresh cycle for Tranquility
2023-11-30 03:09:43.739    app     info:    [ipc-requests] No longer handling requests in the background
2023-11-30 03:09:45.889    app     info:    [ipc-requests] Handling requests in the background
2023-11-30 03:09:46.897    app     info:    [ipc-requests] No longer handling requests in the background
2023-11-30 03:10:14.161    app     info:    [ipc-requests] Handling requests in the background
2023-11-30 03:10:15.167    app     info:    [ipc-requests] No longer handling requests in the background
2023-11-30 03:10:16.323    app     info:    [ipc-requests] Handling requests in the background
2023-11-30 03:10:17.338    app     info:    [ipc-requests] No longer handling requests in the background
2023-11-30 03:10:51.647    app     info:    [ipc-requests] Handling requests in the background
2023-11-30 03:10:52.659    app     info:    [ipc-requests] No longer handling requests in the background
2023-11-30 03:10:53.713    app     info:    [ipc-requests] Handling requests in the background
2023-11-30 03:10:54.726    app     info:    [ipc-requests] No longer handling requests in the background
2023-11-30 03:10:57.816    app     info:    [ipc-requests] Handling requests in the background
2023-11-30 03:10:58.827    app     info:    [ipc-requests] No longer handling requests in the background
2023-11-30 03:11:42.337    app     info:    [ipc-requests] Handling requests in the background
2023-11-30 03:11:43.348    app     info:    [ipc-requests] No longer handling requests in the background
2023-11-30 03:12:28.928    app     info:    [ipc-requests] Handling requests in the background
2023-11-30 03:12:29.936    app     info:    [ipc-requests] No longer handling requests in the background
2023-11-30 03:12:59.911    app     info:    [ipc-requests] Handling requests in the background
2023-11-30 03:13:00.919    app     info:    [ipc-requests] No longer handling requests in the background
2023-11-30 03:14:43.563    app     info:    [server-manager] Starting refresh cycle for Tranquility
2023-11-30 03:14:43.699    app     info:    [server-manager] Previous Tranquility build: 2435360, current build: 2435360
2023-11-30 03:14:43.699    app     info:    [server-manager] Tranquility build is unchanged.
2023-11-30 03:14:43.702    app     info:    [server-manager] Ready to play!
2023-11-30 03:14:43.705    app     info:    [server-manager] Finished refresh cycle for Tranquility
2023-11-30 03:19:43.707    app     info:    [server-manager] Starting refresh cycle for Tranquility
2023-11-30 03:19:43.808    app     info:    [server-manager] Previous Tranquility build: 2435360, current build: 2435360
2023-11-30 03:19:43.808    app     info:    [server-manager] Tranquility build is unchanged.
2023-11-30 03:19:43.812    app     info:    [server-manager] Ready to play!
2023-11-30 03:19:43.815    app     info:    [server-manager] Finished refresh cycle for Tranquility
2023-11-30 03:21:02.238    app     info:    [creatives] Requesting creatives
2023-11-30 03:21:02.367    app     info:    [creatives] Received 3 creatives
2023-11-30 03:21:03.088    app     info:    [ipc-requests] Handling requests in the background
2023-11-30 03:21:04.093    app     info:    [ipc-requests] No longer handling requests in the background
2023-11-30 03:21:20.384    app     info:    [ipc-requests] Handling requests in the background
2023-11-30 03:21:21.393    app     info:    [ipc-requests] No longer handling requests in the background
2023-11-30 03:24:43.830    app     info:    [server-manager] Starting refresh cycle for Tranquility
2023-11-30 03:24:43.940    app     info:    [server-manager] Previous Tranquility build: 2435360, current build: 2435360
2023-11-30 03:24:43.940    app     info:    [server-manager] Tranquility build is unchanged.
2023-11-30 03:24:43.943    app     info:    [server-manager] Ready to play!
2023-11-30 03:24:43.946    app     info:    [server-manager] Finished refresh cycle for Tranquility
2023-11-30 03:29:43.953    app     info:    [server-manager] Starting refresh cycle for Tranquility
2023-11-30 03:29:44.052    app     info:    [server-manager] Previous Tranquility build: 2435360, current build: 2435360
2023-11-30 03:29:44.052    app     info:    [server-manager] Tranquility build is unchanged.
2023-11-30 03:29:44.056    app     info:    [server-manager] Ready to play!
2023-11-30 03:29:44.058    app     info:    [server-manager] Finished refresh cycle for Tranquility
2023-11-30 03:34:44.060    app     info:    [server-manager] Starting refresh cycle for Tranquility
2023-11-30 03:34:44.170    app     info:    [server-manager] Previous Tranquility build: 2435360, current build: 2435360
2023-11-30 03:34:44.170    app     info:    [server-manager] Tranquility build is unchanged.
2023-11-30 03:34:44.173    app     info:    [server-manager] Ready to play!
2023-11-30 03:34:44.176    app     info:    [server-manager] Finished refresh cycle for Tranquility
2023-11-30 03:39:44.184    app     info:    [server-manager] Starting refresh cycle for Tranquility
2023-11-30 03:39:44.289    app     info:    [server-manager] Previous Tranquility build: 2435360, current build: 2435360
2023-11-30 03:39:44.289    app     info:    [server-manager] Tranquility build is unchanged.
2023-11-30 03:39:44.292    app     info:    [server-manager] Ready to play!
2023-11-30 03:39:44.295    app     info:    [server-manager] Finished refresh cycle for Tranquility
2023-11-30 03:40:24.245    app     info:    [client-manager] 'tranquility' for EVE game client for '17525312' exited with no errors.
2023-11-30 03:40:24.247    app     info:    [elg-events] Sending event    eve_launcher.electron.eve_client.GameClientExited
2023-11-30 03:40:24.254    app     info:    [server-manager] Starting refresh cycle for Tranquility
2023-11-30 03:40:24.363    app     info:    [server-manager] Previous Tranquility build: 2435360, current build: 2435360
2023-11-30 03:40:24.363    app     info:    [server-manager] Tranquility build is unchanged.
2023-11-30 03:40:24.366    app     info:    [server-manager] Ready to play!
2023-11-30 03:40:24.368    app     info:    [server-manager] Finished refresh cycle for Tranquility
2023-11-30 03:40:53.956    app     info:    [main-window] Main window minimized to tray    { windowId: 2 }
2023-11-30 03:40:53.975    app     info:    [main-window] Sent notification that the application is minimized to tray    { windowId: 2 }
2023-11-30 03:40:53.982    app     info:    [ipc-requests] Handling requests in the background
2023-11-30 03:40:54.984    app     info:    [ipc-requests] No longer handling requests in the background
