2023-12-01 22:18:58.117    app     info:    Startup arguments    []
2023-12-01 22:18:58.121    app     info:    [self-update] Starting automatic update checks
2023-12-01 22:18:58.122    app     info:    [self-update] Checking for a launcher update...
2023-12-01 22:18:58.219    app     info:    [i18next] Changed language    en
2023-12-01 22:18:58.257    app     info:    [authentication] Token for '16492377' on 'tranquility' is expired, refresh is required
2023-12-01 22:18:58.257    app     info:    [authentication] Refreshing token for '16492377' on 'tranquility'
2023-12-01 22:18:58.258    app     info:    [authentication] Token for '17525312' on 'tranquility' is expired, refresh is required
2023-12-01 22:18:58.258    app     info:    [authentication] Refreshing token for '17525312' on 'tranquility'
2023-12-01 22:18:58.259    app     info:    [authentication] Token for '25218835' on 'tranquility' is expired, refresh is required
2023-12-01 22:18:58.259    app     info:    [authentication] Refreshing token for '25218835' on 'tranquility'
2023-12-01 22:18:58.260    app     info:    [customer-information] Getting character information for '29280260' on 'tranquility'
2023-12-01 22:18:58.261    app     info:    [customer-information] Getting Omega status for '29280260' on 'tranquility'
2023-12-01 22:18:58.261    app     info:    [virtual-goods] Getting Plex status for '29280260' on 'tranquility'
2023-12-01 22:18:58.263    app     info:    [customer-information] Getting character information for '29285645' on 'tranquility'
2023-12-01 22:18:58.263    app     info:    [customer-information] Getting Omega status for '29285645' on 'tranquility'
2023-12-01 22:18:58.263    app     info:    [virtual-goods] Getting Plex status for '29285645' on 'tranquility'
2023-12-01 22:18:58.263    app     info:    [device-id] Device id found in state
2023-12-01 22:18:58.267    app     info:    [analytics] Application name:    EVE Online
2023-12-01 22:18:58.267    app     info:    [analytics] Application version:    0.4.10
2023-12-01 22:18:58.267    app     info:    [analytics] Domain    undefined
2023-12-01 22:18:58.268    app     info:    [analytics] Working directory    C:\Users\REDACTED\AppData\Local\eve-online\app-0.4.10
2023-12-01 22:18:58.268    app     info:    [analytics] Username contains UTF8?    false
2023-12-01 22:18:58.565    app     info:    [elg-events] Sending event    eve_launcher.electron.application.PdmLoaded
2023-12-01 22:18:58.569    app     info:    [analytics] Operating system    {
  type: 'Windows',
  name: 'Windows 10 Education',
  version: '10.0 (19045)'
}
2023-12-01 22:18:58.571    app     info:    [analytics] Encryption available:    true
2023-12-01 22:18:58.571    app     info:    [analytics] Machine UUID    4E9F516C-5B97-47C6-8C67-E93D943CB7C8
2023-12-01 22:18:58.572    app     info:    [analytics] PDM Version    2.1.4
2023-12-01 22:18:58.572    app     info:    [analytics] Release channel    release
2023-12-01 22:18:58.575    app     info:    [initializers] Shared cache directory set to    C:\CCP\EVE Online
2023-12-01 22:18:58.589    app     info:    [initializers] Shared cache drive free space: 122,00 GiB / 465,75 GiB
2023-12-01 22:18:58.596    app     info:    [elg-events] Sending event    eve_launcher.electron.application.LauncherStarted
2023-12-01 22:18:58.599    app     info:    [elg-events] Sending event    eve_launcher.electron.application.CoreDataLoaded
2023-12-01 22:18:58.600    app     info:    [initializers] Starting up with product EVE Online
2023-12-01 22:18:58.601    app     info:    [cdn-trace] Fetching CDN trace data from https://binaries.eveonline.com/cdn-cgi/trace
2023-12-01 22:18:58.618    app     info:    [feature-flags] Initializing feature flag client
2023-12-01 22:18:58.688    app     info:    [self-update] Currently running the latest launcher version. Scheduling update check in 5 minutes.
2023-12-01 22:18:58.705    app     info:    [first-run] First application run was at 2023-11-27T10:29:20.506Z
2023-12-01 22:18:58.728    app     info:    [cache-protocol] Found 0 entries to remove
2023-12-01 22:18:58.728    app     info:    [cache-protocol] Nothing to clean up.
2023-12-01 22:18:58.819    app     info:    info: [LaunchDarkly] LaunchDarkly client initialized    []
2023-12-01 22:18:58.820    app     info:    info: [LaunchDarkly] Opening stream connection to https://clientstream.launchdarkly.com/eval/64c3d12e27a4b11365012d39/eyJrZXkiOiI0YTQzNmFkYi00Yjk5LTQwYTctODViMC00MmUyMDZmNDEyODYiLCJraW5kIjoidXNlciIsImN1c3RvbSI6eyJpc0ZpcnN0UnVuIjpmYWxzZSwiZGF5c1NpbmNlRmlyc3RSdW4iOjQsImxhbmd1YWdlIjoiZW4iLCJhcHBsaWNhdGlvbiI6ImV2ZS1vbmxpbmUiLCJ2ZXJzaW9uIjoiMC40LjEwIiwicGxhdGZvcm0iOiJ3aW5kb3dzIiwib3NWZXJzaW9uRGVwcmVjYXRlZCI6ZmFsc2UsInVzZXJJZHMiOlsxNjQ5MjM3NywxNzUyNTMxMiwyNTIxODgzNSwyOTI4MDI2MCwyOTI4NTY0NV0sImNoYXJhY3RlcklkcyI6WzIxMTM4NzUxMzksMjExNDY1NjEyNywyMTE5MzYxODkxLDIxMjAzNDc2MzUsMjEyMTE3NDg3MSwyMTIxMTc4Mzk2LDIxMjE4NTMzMzZdLCJvbWVnYUNvdW50IjowLCJhbHBoYUNvdW50Ijo1LCJhY2NvdW50Q291bnQiOjUsIm9sZGVzdEFjY291bnRBZ2UiOjIwOTcsInlvdW5nZXN0QWNjb3VudEFnZSI6MH19?withReasons=true    []
2023-12-01 22:18:58.821    app     info:    [feature-flags] Client 4a436adb... ready, fetching flags
2023-12-01 22:18:58.824    app     info:    [feature-flags] Received 13 flags for client 4a436adb...
2023-12-01 22:18:58.824    app     info:    [feature-flags] Client initialized with key 4a436adb...
2023-12-01 22:18:58.830    app     info:    [customer-information] Agreements have been updated
2023-12-01 22:18:58.845    app     info:    [server-manager] Starting refresh cycle for Tranquility
2023-12-01 22:18:58.918    app     info:    [authentication] Token for '25218835' on 'tranquility' has been successfully refreshed
2023-12-01 22:18:58.919    app     info:    [elg-events] Sending event    eve_launcher.electron.authentication.UserTokensRefreshed
2023-12-01 22:18:58.920    app     info:    [customer-information] Getting character information for '25218835' on 'tranquility'
2023-12-01 22:18:58.920    app     info:    [customer-information] Getting Omega status for '25218835' on 'tranquility'
2023-12-01 22:18:58.921    app     info:    [virtual-goods] Getting Plex status for '25218835' on 'tranquility'
2023-12-01 22:18:58.932    app     info:    [authentication] Token for '17525312' on 'tranquility' has been successfully refreshed
2023-12-01 22:18:58.933    app     info:    [elg-events] Sending event    eve_launcher.electron.authentication.UserTokensRefreshed
2023-12-01 22:18:58.934    app     info:    [customer-information] Getting character information for '17525312' on 'tranquility'
2023-12-01 22:18:58.935    app     info:    [customer-information] Getting Omega status for '17525312' on 'tranquility'
2023-12-01 22:18:58.935    app     info:    [virtual-goods] Getting Plex status for '17525312' on 'tranquility'
2023-12-01 22:18:58.944    app     info:    [authentication] Token for '16492377' on 'tranquility' has been successfully refreshed
2023-12-01 22:18:58.945    app     info:    [elg-events] Sending event    eve_launcher.electron.authentication.UserTokensRefreshed
2023-12-01 22:18:58.946    app     info:    [customer-information] Getting character information for '16492377' on 'tranquility'
2023-12-01 22:18:58.947    app     info:    [customer-information] Getting Omega status for '16492377' on 'tranquility'
2023-12-01 22:18:58.947    app     info:    [virtual-goods] Getting Plex status for '16492377' on 'tranquility'
2023-12-01 22:18:58.961    app     info:    [server-manager] Previous Tranquility build: 2440374, current build: 2440374
2023-12-01 22:18:58.961    app     info:    [server-manager] Tranquility build is unchanged.
2023-12-01 22:18:58.965    app     info:    [server-manager] Ready to play!
2023-12-01 22:18:58.967    app     info:    [server-manager] Finished refresh cycle for Tranquility
2023-12-01 22:18:58.976    app     info:    [virtual-goods] Fetched Plex status for '29285645' on 'tranquility'
2023-12-01 22:18:59.052    app     info:    [esi] Fetching character details for 2114656127, 2121178396
2023-12-01 22:18:59.069    app     info:    [virtual-goods] Fetched Plex status for '16492377' on 'tranquility'
2023-12-01 22:18:59.075    app     info:    [esi] Fetching character details for 2119361891, 2120347635
2023-12-01 22:18:59.083    app     info:    [esi] Fetching character details for 2121853336
2023-12-01 22:18:59.231    app     info:    [virtual-goods] Fetched Plex status for '17525312' on 'tranquility'
2023-12-01 22:18:59.236    app     info:    [AuthenticationMiddleware] User information updated
2023-12-01 22:18:59.277    app     info:    [virtual-goods] Fetched Plex status for '29280260' on 'tranquility'
2023-12-01 22:18:59.282    app     info:    [AuthenticationMiddleware] Successfully restored 7 / 7 users
2023-12-01 22:18:59.329    app     info:    [esi] Fetching character details for 2113875139, 2121174871
2023-12-01 22:18:59.337    app     info:    [AuthenticationMiddleware] User information updated
2023-12-01 22:18:59.459    app     info:    [esi] Fetched 1 character details for 29280260
2023-12-01 22:18:59.472    app     info:    [esi] Fetched 2 character details for 17525312
2023-12-01 22:18:59.506    app     info:    [esi] Fetched 2 character details for 25218835
2023-12-01 22:18:59.530    app     info:    [virtual-goods] Fetched Plex status for '25218835' on 'tranquility'
2023-12-01 22:18:59.536    app     info:    [AuthenticationMiddleware] User information updated
2023-12-01 22:18:59.628    app     warn:    [steam-auth] Failed to initialize Steamworks client
2023-12-01 22:18:59.632    app     info:    [main-window] Registering main window    { windowId: 2 }
2023-12-01 22:18:59.639    app     info:    [cdn-trace] Fetching CDN trace data from https://binaries.eveonline.com/cdn-cgi/trace
2023-12-01 22:18:59.640    app     info:    [creatives] Requesting creatives
2023-12-01 22:18:59.644    app     info:    [elg-events] Sending event    eve_launcher.electron.application.RendererLoaded
2023-12-01 22:18:59.757    app     info:    [esi] Fetched 2 character details for 16492377
2023-12-01 22:18:59.768    app     info:    [creatives] Received 3 creatives
2023-12-01 22:19:00.243     ui     info:    Initializing captcha    ccp://launcher/renderer/main_window/index.js    2
2023-12-01 22:19:05.923    app     info:    [analytics] Hardware rendering enabled:    true    { disabledViaCommandline: false, disabledViaSettings: false }
2023-12-01 22:19:10.321    app     info:    [ipc-requests] Handling requests in the background
2023-12-01 22:19:11.329    app     info:    [ipc-requests] No longer handling requests in the background
2023-12-01 22:19:20.759    app     info:    [AuthenticationMiddleware] Character information for '29280260' on 'tranquility' was loaded recently, skipping refresh.
2023-12-01 22:19:20.759    app     info:    [AuthenticationMiddleware] Plex information for '29280260' on 'tranquility' was loaded recently, skipping refresh.
2023-12-01 22:19:21.591    app     info:    [client-queue] Queued client startup    {
  tenant: 'tranquility',
  userId: 29280260,
  characterId: 2121853336,
  profile: ''
}
2023-12-01 22:19:21.593    app     info:    [elg-events] Sending event    eve_launcher.electron.eve_client.ClientQueued
2023-12-01 22:19:21.593    app     info:    [client-queue] No clients running for tranquility, copying files before starting a client
2023-12-01 22:19:21.599    app     info:    [elg-events] Sending event    eve_launcher.electron.eve_client.CopyingFilesStarted
2023-12-01 22:19:21.599    app     info:    [binary-copier] Copying 198 files (217 MB) to 'C:\CCP\EVE Online\tq'
2023-12-01 22:19:21.619    app     info:    [binary-copier] Removing old binaries
2023-12-01 22:19:21.635    app     info:    [binary-copier] Copying binaries from ResFiles
2023-12-01 22:19:22.052    app     info:    [binary-copier] Finished copying 198 files to 'C:\CCP\EVE Online\tq' in 0.455 seconds
2023-12-01 22:19:22.054    app     info:    [elg-events] Sending event    eve_launcher.electron.eve_client.CopyingFilesFinished
2023-12-01 22:19:22.059    app     info:    [client-manager] Starting EVE Online game client.    C:\CCP\EVE Online\tq\bin64\exefile.exe    Map(11) {
  'noconsole' => '/noconsole',
  'server' => '/server:tranquility.servers.eveonline.com',
  'triplatform' => '/triplatform=dx12',
  'ssotoken' => '/ssoToken=***',
  'refreshtoken' => '/refreshToken=***',
  'settingsprofile' => '/settingsprofile=Default',
  'deviceid' => '/deviceID=4a436adb-4b99-40a7-85b0-42e206f41286',
  'autoselectcharacter' => '/autoSelectCharacter:2121853336',
  'language' => '/language=en',
  'exp' => '1701527804',
  'tokenExpires' => '2023-12-02 16:36:44.000'
}    29280260
2023-12-01 22:19:22.061    app     info:    [elg-events] Sending event    eve_launcher.electron.eve_client.GameClientStartRequested
2023-12-01 22:19:22.096    app     info:    [elg-events] Sending event    eve_launcher.electron.eve_client.TemporaryClientProcessAdded
2023-12-01 22:19:22.100    app     info:    [client-queue] Started client from group startup    {
  tenant: 'tranquility',
  characterId: 2121853336,
  profile: '',
  userId: 29280260
}
2023-12-01 22:19:22.606    app     info:    [elg-events] Sending event    eve_launcher.electron.eve_client.TemporaryClientProcessMonitoringRetried
2023-12-01 22:19:22.609    app     info:    [client-manager] Found 'tranquility' client for '29280260' running:     {
  processId: 11248,
  createdDate: 1701469162138,
  userId: 29280260,
  characterId: 2121853336,
  profile: 'Default',
  dxVersion: 'dx12'
}
2023-12-01 22:19:22.618    app     info:    [elg-events] Sending event    eve_launcher.electron.eve_client.GameClientStarted
2023-12-01 22:19:22.622    app     info:    [elg-events] Sending event    eve_launcher.electron.eve_client.TemporaryClientProcessRemoved
2023-12-01 22:19:23.112    app     info:    [client-queue] Queue has stopped running, no more clients pending startup.
2023-12-01 22:19:28.925    app     warn:    Could not connect to LogLite    [
  Error: connect ECONNREFUSED 127.0.0.1:3273
      at TCPConnectWrap.afterConnect [as oncomplete] (node:net:1247:16) {
    errno: -4078,
    code: 'ECONNREFUSED',
    syscall: 'connect',
    address: '127.0.0.1',
    port: 3273
  }
]
2023-12-01 22:19:33.844    app     info:    [ipc-requests] Handling requests in the background
2023-12-01 22:19:34.848    app     info:    [ipc-requests] No longer handling requests in the background
2023-12-01 22:19:54.000    app     info:    [ipc-requests] Handling requests in the background
2023-12-01 22:19:55.016    app     info:    [ipc-requests] No longer handling requests in the background
2023-12-01 22:20:02.349    app     info:    [ipc-requests] Handling requests in the background
2023-12-01 22:20:03.357    app     info:    [ipc-requests] No longer handling requests in the background
2023-12-01 22:20:03.726    app     info:    [ipc-requests] Handling requests in the background
2023-12-01 22:20:04.738    app     info:    [ipc-requests] No longer handling requests in the background
2023-12-01 22:20:08.646    app     info:    [ipc-requests] Handling requests in the background
2023-12-01 22:20:09.654    app     info:    [ipc-requests] No longer handling requests in the background
2023-12-01 22:20:12.959    app     info:    [ipc-requests] Handling requests in the background
2023-12-01 22:20:13.972    app     info:    [ipc-requests] No longer handling requests in the background
2023-12-01 22:20:18.250    app     info:    [ipc-requests] Handling requests in the background
2023-12-01 22:20:19.257    app     info:    [ipc-requests] No longer handling requests in the background
2023-12-01 22:23:58.712    app     info:    [self-update] Checking for a launcher update...
2023-12-01 22:23:58.983    app     info:    [server-manager] Starting refresh cycle for Tranquility
2023-12-01 22:23:59.023    app     info:    [self-update] Currently running the latest launcher version. Scheduling update check in 5 minutes.
2023-12-01 22:23:59.182    app     info:    [server-manager] Previous Tranquility build: 2440374, current build: 2440374
2023-12-01 22:23:59.182    app     info:    [server-manager] Tranquility build is unchanged.
2023-12-01 22:23:59.188    app     info:    [server-manager] Ready to play!
2023-12-01 22:23:59.191    app     info:    [server-manager] Finished refresh cycle for Tranquility
2023-12-01 22:28:59.029    app     info:    [self-update] Checking for a launcher update...
2023-12-01 22:28:59.196    app     info:    [server-manager] Starting refresh cycle for Tranquility
2023-12-01 22:28:59.327    app     info:    [server-manager] Previous Tranquility build: 2440374, current build: 2440374
2023-12-01 22:28:59.327    app     info:    [server-manager] Tranquility build is unchanged.
2023-12-01 22:28:59.334    app     info:    [server-manager] Ready to play!
2023-12-01 22:28:59.337    app     info:    [server-manager] Finished refresh cycle for Tranquility
2023-12-01 22:28:59.351    app     info:    [self-update] Currently running the latest launcher version. Scheduling update check in 5 minutes.
2023-12-01 22:32:59.859    app     info:    [ipc-requests] Handling requests in the background
2023-12-01 22:33:00.860    app     info:    [ipc-requests] No longer handling requests in the background
2023-12-01 22:33:18.625    app     info:    [ipc-requests] Handling requests in the background
2023-12-01 22:33:19.631    app     info:    [ipc-requests] No longer handling requests in the background
2023-12-01 22:33:59.353    app     info:    [server-manager] Starting refresh cycle for Tranquility
2023-12-01 22:33:59.355    app     info:    [self-update] Checking for a launcher update...
2023-12-01 22:33:59.528    app     info:    [server-manager] Previous Tranquility build: 2440374, current build: 2440374
2023-12-01 22:33:59.528    app     info:    [server-manager] Tranquility build is unchanged.
2023-12-01 22:33:59.532    app     info:    [server-manager] Ready to play!
2023-12-01 22:33:59.536    app     info:    [server-manager] Finished refresh cycle for Tranquility
2023-12-01 22:33:59.645    app     info:    [self-update] Currently running the latest launcher version. Scheduling update check in 5 minutes.
2023-12-01 22:38:59.548    app     info:    [server-manager] Starting refresh cycle for Tranquility
2023-12-01 22:38:59.653    app     info:    [self-update] Checking for a launcher update...
2023-12-01 22:38:59.711    app     info:    [server-manager] Previous Tranquility build: 2440374, current build: 2440374
2023-12-01 22:38:59.711    app     info:    [server-manager] Tranquility build is unchanged.
2023-12-01 22:38:59.716    app     info:    [server-manager] Ready to play!
2023-12-01 22:38:59.719    app     info:    [server-manager] Finished refresh cycle for Tranquility
2023-12-01 22:38:59.943    app     info:    [self-update] Currently running the latest launcher version. Scheduling update check in 5 minutes.
2023-12-01 22:40:20.806    app     info:    [ipc-requests] Handling requests in the background
2023-12-01 22:40:21.808    app     info:    [ipc-requests] No longer handling requests in the background
2023-12-01 22:41:02.696    app     info:    [ipc-requests] Handling requests in the background
2023-12-01 22:41:03.696    app     info:    [ipc-requests] No longer handling requests in the background
2023-12-01 22:41:05.415    app     info:    [ipc-requests] Handling requests in the background
2023-12-01 22:41:06.423    app     info:    [ipc-requests] No longer handling requests in the background
2023-12-01 22:41:13.327    app     info:    [ipc-requests] Handling requests in the background
2023-12-01 22:41:14.330    app     info:    [ipc-requests] No longer handling requests in the background
2023-12-01 22:41:14.624    app     info:    [ipc-requests] Handling requests in the background
2023-12-01 22:41:15.635    app     info:    [ipc-requests] No longer handling requests in the background
2023-12-01 22:41:26.326    app     info:    [ipc-requests] Handling requests in the background
2023-12-01 22:41:27.342    app     info:    [ipc-requests] No longer handling requests in the background
2023-12-01 22:41:58.158    app     info:    [ipc-requests] Handling requests in the background
2023-12-01 22:41:59.161    app     info:    [ipc-requests] No longer handling requests in the background
2023-12-01 22:42:00.528    app     info:    [ipc-requests] Handling requests in the background
2023-12-01 22:42:01.539    app     info:    [ipc-requests] No longer handling requests in the background
2023-12-01 22:42:18.624    app     info:    [ipc-requests] Handling requests in the background
2023-12-01 22:42:19.632    app     info:    [ipc-requests] No longer handling requests in the background
2023-12-01 22:43:59.723    app     info:    [server-manager] Starting refresh cycle for Tranquility
2023-12-01 22:43:59.883    app     info:    [server-manager] Previous Tranquility build: 2440374, current build: 2440374
2023-12-01 22:43:59.883    app     info:    [server-manager] Tranquility build is unchanged.
2023-12-01 22:43:59.892    app     info:    [server-manager] Ready to play!
2023-12-01 22:43:59.896    app     info:    [server-manager] Finished refresh cycle for Tranquility
2023-12-01 22:43:59.953    app     info:    [self-update] Checking for a launcher update...
2023-12-01 22:44:00.258    app     info:    [self-update] Currently running the latest launcher version. Scheduling update check in 5 minutes.
2023-12-01 22:48:59.905    app     info:    [server-manager] Starting refresh cycle for Tranquility
2023-12-01 22:49:00.080    app     info:    [server-manager] Previous Tranquility build: 2440374, current build: 2440374
2023-12-01 22:49:00.081    app     info:    [server-manager] Tranquility build is unchanged.
2023-12-01 22:49:00.096    app     info:    [server-manager] Ready to play!
2023-12-01 22:49:00.102    app     info:    [server-manager] Finished refresh cycle for Tranquility
2023-12-01 22:49:00.270    app     info:    [self-update] Checking for a launcher update...
2023-12-01 22:49:00.551    app     info:    [self-update] Currently running the latest launcher version. Scheduling update check in 5 minutes.
2023-12-01 22:49:04.231    app     info:    [ipc-requests] Handling requests in the background
2023-12-01 22:49:05.233    app     info:    [ipc-requests] No longer handling requests in the background
2023-12-01 22:50:18.083    app     info:    [ipc-requests] Handling requests in the background
2023-12-01 22:50:19.087    app     info:    [ipc-requests] No longer handling requests in the background
2023-12-01 22:50:29.118    app     info:    [ipc-requests] Handling requests in the background
2023-12-01 22:50:30.119    app     info:    [ipc-requests] No longer handling requests in the background
2023-12-01 22:50:35.502    app     info:    [ipc-requests] Handling requests in the background
2023-12-01 22:50:36.503    app     info:    [ipc-requests] No longer handling requests in the background
2023-12-01 22:50:40.564    app     info:    [ipc-requests] Handling requests in the background
2023-12-01 22:50:41.574    app     info:    [ipc-requests] No longer handling requests in the background
2023-12-01 22:50:52.983    app     info:    [ipc-requests] Handling requests in the background
2023-12-01 22:50:53.993    app     info:    [ipc-requests] No longer handling requests in the background
2023-12-01 22:54:00.107    app     info:    [server-manager] Starting refresh cycle for Tranquility
2023-12-01 22:54:00.324    app     info:    [server-manager] Previous Tranquility build: 2440374, current build: 2440374
2023-12-01 22:54:00.325    app     info:    [server-manager] Tranquility build is unchanged.
2023-12-01 22:54:00.341    app     info:    [server-manager] Ready to play!
2023-12-01 22:54:00.348    app     info:    [server-manager] Finished refresh cycle for Tranquility
2023-12-01 22:54:00.562    app     info:    [self-update] Checking for a launcher update...
2023-12-01 22:54:00.843    app     info:    [self-update] Currently running the latest launcher version. Scheduling update check in 5 minutes.
2023-12-01 22:58:12.398    app     info:    [ipc-requests] Handling requests in the background
2023-12-01 22:58:13.404    app     info:    [ipc-requests] No longer handling requests in the background
2023-12-01 22:58:19.645    app     info:    [ipc-requests] Handling requests in the background
2023-12-01 22:58:20.655    app     info:    [ipc-requests] No longer handling requests in the background
2023-12-01 22:59:00.366    app     info:    [server-manager] Starting refresh cycle for Tranquility
2023-12-01 22:59:00.513    app     info:    [server-manager] Previous Tranquility build: 2440374, current build: 2440374
2023-12-01 22:59:00.514    app     info:    [server-manager] Tranquility build is unchanged.
2023-12-01 22:59:00.518    app     info:    [server-manager] Ready to play!
2023-12-01 22:59:00.521    app     info:    [server-manager] Finished refresh cycle for Tranquility
2023-12-01 22:59:00.844    app     info:    [self-update] Checking for a launcher update...
2023-12-01 22:59:01.117    app     info:    [self-update] Currently running the latest launcher version. Scheduling update check in 5 minutes.
2023-12-01 22:59:06.558    app     info:    [ipc-requests] Handling requests in the background
2023-12-01 22:59:07.574    app     info:    [ipc-requests] No longer handling requests in the background
2023-12-01 22:59:08.537    app     info:    [ipc-requests] Handling requests in the background
2023-12-01 22:59:09.544    app     info:    [ipc-requests] No longer handling requests in the background
2023-12-01 22:59:45.638    app     info:    [main-window] Main window minimized to tray    { windowId: 2 }
2023-12-01 22:59:45.655    app     info:    [main-window] Sent notification that the application is minimized to tray    { windowId: 2 }
2023-12-01 22:59:45.661    app     info:    [ipc-requests] Handling requests in the background
2023-12-01 22:59:46.665    app     info:    [ipc-requests] No longer handling requests in the background
2023-12-01 23:04:00.531    app     info:    [server-manager] Starting refresh cycle for Tranquility
2023-12-01 23:04:00.654    app     info:    [server-manager] Previous Tranquility build: 2440374, current build: 2440374
2023-12-01 23:04:00.655    app     info:    [server-manager] Tranquility build is unchanged.
2023-12-01 23:04:00.660    app     info:    [server-manager] Ready to play!
2023-12-01 23:04:00.662    app     info:    [server-manager] Finished refresh cycle for Tranquility
2023-12-01 23:04:01.123    app     info:    [self-update] Checking for a launcher update...
2023-12-01 23:04:01.413    app     info:    [self-update] Currently running the latest launcher version. Scheduling update check in 5 minutes.
2023-12-01 23:09:00.677    app     info:    [server-manager] Starting refresh cycle for Tranquility
2023-12-01 23:09:00.839    app     info:    [server-manager] Previous Tranquility build: 2440374, current build: 2440374
2023-12-01 23:09:00.839    app     info:    [server-manager] Tranquility build is unchanged.
2023-12-01 23:09:00.843    app     info:    [server-manager] Ready to play!
2023-12-01 23:09:00.846    app     info:    [server-manager] Finished refresh cycle for Tranquility
2023-12-01 23:09:01.425    app     info:    [self-update] Checking for a launcher update...
2023-12-01 23:09:01.713    app     info:    [self-update] Currently running the latest launcher version. Scheduling update check in 5 minutes.
2023-12-01 23:14:00.855    app     info:    [server-manager] Starting refresh cycle for Tranquility
2023-12-01 23:14:00.989    app     info:    [server-manager] Previous Tranquility build: 2440374, current build: 2440374
2023-12-01 23:14:00.990    app     info:    [server-manager] Tranquility build is unchanged.
2023-12-01 23:14:00.994    app     info:    [server-manager] Ready to play!
2023-12-01 23:14:00.996    app     info:    [server-manager] Finished refresh cycle for Tranquility
2023-12-01 23:14:01.727    app     info:    [self-update] Checking for a launcher update...
2023-12-01 23:14:02.020    app     info:    [self-update] Currently running the latest launcher version. Scheduling update check in 5 minutes.
2023-12-01 23:19:01.010    app     info:    [server-manager] Starting refresh cycle for Tranquility
2023-12-01 23:19:01.145    app     info:    [server-manager] Previous Tranquility build: 2440374, current build: 2440374
2023-12-01 23:19:01.145    app     info:    [server-manager] Tranquility build is unchanged.
2023-12-01 23:19:01.149    app     info:    [server-manager] Ready to play!
2023-12-01 23:19:01.152    app     info:    [server-manager] Finished refresh cycle for Tranquility
2023-12-01 23:19:02.022    app     info:    [self-update] Checking for a launcher update...
2023-12-01 23:19:02.437    app     info:    [self-update] Currently running the latest launcher version. Scheduling update check in 5 minutes.
2023-12-01 23:24:01.154    app     info:    [server-manager] Starting refresh cycle for Tranquility
2023-12-01 23:24:01.297    app     info:    [server-manager] Previous Tranquility build: 2440374, current build: 2440374
2023-12-01 23:24:01.297    app     info:    [server-manager] Tranquility build is unchanged.
2023-12-01 23:24:01.302    app     info:    [server-manager] Ready to play!
2023-12-01 23:24:01.306    app     info:    [server-manager] Finished refresh cycle for Tranquility
2023-12-01 23:24:02.451    app     info:    [self-update] Checking for a launcher update...
2023-12-01 23:24:02.756    app     info:    [self-update] Currently running the latest launcher version. Scheduling update check in 5 minutes.
2023-12-01 23:29:01.321    app     info:    [server-manager] Starting refresh cycle for Tranquility
2023-12-01 23:29:01.470    app     info:    [server-manager] Previous Tranquility build: 2440374, current build: 2440374
2023-12-01 23:29:01.470    app     info:    [server-manager] Tranquility build is unchanged.
2023-12-01 23:29:01.474    app     info:    [server-manager] Ready to play!
2023-12-01 23:29:01.477    app     info:    [server-manager] Finished refresh cycle for Tranquility
2023-12-01 23:29:02.760    app     info:    [self-update] Checking for a launcher update...
2023-12-01 23:29:03.077    app     info:    [self-update] Currently running the latest launcher version. Scheduling update check in 5 minutes.
2023-12-01 23:34:01.487    app     info:    [server-manager] Starting refresh cycle for Tranquility
2023-12-01 23:34:01.626    app     info:    [server-manager] Previous Tranquility build: 2440374, current build: 2440374
2023-12-01 23:34:01.626    app     info:    [server-manager] Tranquility build is unchanged.
2023-12-01 23:34:01.630    app     info:    [server-manager] Ready to play!
2023-12-01 23:34:01.633    app     info:    [server-manager] Finished refresh cycle for Tranquility
2023-12-01 23:34:03.079    app     info:    [self-update] Checking for a launcher update...
2023-12-01 23:34:03.389    app     info:    [self-update] Currently running the latest launcher version. Scheduling update check in 5 minutes.
2023-12-01 23:39:01.648    app     info:    [server-manager] Starting refresh cycle for Tranquility
2023-12-01 23:39:01.826    app     info:    [server-manager] Previous Tranquility build: 2440374, current build: 2440374
2023-12-01 23:39:01.826    app     info:    [server-manager] Tranquility build is unchanged.
2023-12-01 23:39:01.833    app     info:    [server-manager] Ready to play!
2023-12-01 23:39:01.837    app     info:    [server-manager] Finished refresh cycle for Tranquility
2023-12-01 23:39:03.398    app     info:    [self-update] Checking for a launcher update...
2023-12-01 23:39:03.735    app     info:    [self-update] Currently running the latest launcher version. Scheduling update check in 5 minutes.
2023-12-01 23:44:01.841    app     info:    [server-manager] Starting refresh cycle for Tranquility
2023-12-01 23:44:01.978    app     info:    [server-manager] Previous Tranquility build: 2440374, current build: 2440374
2023-12-01 23:44:01.978    app     info:    [server-manager] Tranquility build is unchanged.
2023-12-01 23:44:01.982    app     info:    [server-manager] Ready to play!
2023-12-01 23:44:01.985    app     info:    [server-manager] Finished refresh cycle for Tranquility
2023-12-01 23:44:03.745    app     info:    [self-update] Checking for a launcher update...
2023-12-01 23:44:04.047    app     info:    [self-update] Currently running the latest launcher version. Scheduling update check in 5 minutes.
2023-12-01 23:49:01.996    app     info:    [server-manager] Starting refresh cycle for Tranquility
2023-12-01 23:49:02.131    app     info:    [server-manager] Previous Tranquility build: 2440374, current build: 2440374
2023-12-01 23:49:02.132    app     info:    [server-manager] Tranquility build is unchanged.
2023-12-01 23:49:02.136    app     info:    [server-manager] Ready to play!
2023-12-01 23:49:02.138    app     info:    [server-manager] Finished refresh cycle for Tranquility
2023-12-01 23:49:04.056    app     info:    [self-update] Checking for a launcher update...
2023-12-01 23:49:04.360    app     info:    [self-update] Currently running the latest launcher version. Scheduling update check in 5 minutes.
2023-12-01 23:54:02.153    app     info:    [server-manager] Starting refresh cycle for Tranquility
2023-12-01 23:54:02.276    app     info:    [server-manager] Previous Tranquility build: 2440374, current build: 2440374
2023-12-01 23:54:02.277    app     info:    [server-manager] Tranquility build is unchanged.
2023-12-01 23:54:02.281    app     info:    [server-manager] Ready to play!
2023-12-01 23:54:02.283    app     info:    [server-manager] Finished refresh cycle for Tranquility
2023-12-01 23:54:04.366    app     info:    [self-update] Checking for a launcher update...
2023-12-01 23:54:04.669    app     info:    [self-update] Currently running the latest launcher version. Scheduling update check in 5 minutes.
2023-12-01 23:59:02.285    app     info:    [server-manager] Starting refresh cycle for Tranquility
2023-12-01 23:59:02.418    app     info:    [server-manager] Previous Tranquility build: 2440374, current build: 2440374
2023-12-01 23:59:02.419    app     info:    [server-manager] Tranquility build is unchanged.
2023-12-01 23:59:02.423    app     info:    [server-manager] Ready to play!
2023-12-01 23:59:02.427    app     info:    [server-manager] Finished refresh cycle for Tranquility
2023-12-01 23:59:04.670    app     info:    [self-update] Checking for a launcher update...
2023-12-01 23:59:04.955    app     info:    [self-update] Currently running the latest launcher version. Scheduling update check in 5 minutes.
