2023-11-29 00:03:02.011    app     info:    [server-manager] Starting refresh cycle for Tranquility
2023-11-29 00:03:02.147    app     info:    [server-manager] Previous Tranquility build: 2435360, current build: 2435360
2023-11-29 00:03:02.148    app     info:    [server-manager] Tranquility build is unchanged.
2023-11-29 00:03:02.152    app     info:    [server-manager] Ready to play!
2023-11-29 00:03:02.154    app     info:    [server-manager] Finished refresh cycle for Tranquility
2023-11-29 00:03:18.412    app     info:    [self-update] Checking for a launcher update...
2023-11-29 00:03:18.698    app     info:    [self-update] Currently running the latest launcher version. Scheduling update check in 5 minutes.
2023-11-29 00:08:02.169    app     info:    [server-manager] Starting refresh cycle for Tranquility
2023-11-29 00:08:02.263    app     info:    [server-manager] Previous Tranquility build: 2435360, current build: 2435360
2023-11-29 00:08:02.263    app     info:    [server-manager] Tranquility build is unchanged.
2023-11-29 00:08:02.267    app     info:    [server-manager] Ready to play!
2023-11-29 00:08:02.269    app     info:    [server-manager] Finished refresh cycle for Tranquility
2023-11-29 00:08:18.706    app     info:    [self-update] Checking for a launcher update...
2023-11-29 00:08:18.981    app     info:    [self-update] Currently running the latest launcher version. Scheduling update check in 5 minutes.
2023-11-29 00:13:02.283    app     info:    [server-manager] Starting refresh cycle for Tranquility
2023-11-29 00:13:02.367    app     info:    [server-manager] Previous Tranquility build: 2435360, current build: 2435360
2023-11-29 00:13:02.367    app     info:    [server-manager] Tranquility build is unchanged.
2023-11-29 00:13:02.371    app     info:    [server-manager] Ready to play!
2023-11-29 00:13:02.374    app     info:    [server-manager] Finished refresh cycle for Tranquility
2023-11-29 00:13:18.983    app     info:    [self-update] Checking for a launcher update...
2023-11-29 00:13:19.255    app     info:    [self-update] Currently running the latest launcher version. Scheduling update check in 5 minutes.
2023-11-29 00:18:02.384    app     info:    [server-manager] Starting refresh cycle for Tranquility
2023-11-29 00:18:02.476    app     info:    [server-manager] Previous Tranquility build: 2435360, current build: 2435360
2023-11-29 00:18:02.476    app     info:    [server-manager] Tranquility build is unchanged.
2023-11-29 00:18:02.479    app     info:    [server-manager] Ready to play!
2023-11-29 00:18:02.482    app     info:    [server-manager] Finished refresh cycle for Tranquility
2023-11-29 00:18:19.270    app     info:    [self-update] Checking for a launcher update...
2023-11-29 00:18:19.553    app     info:    [self-update] Currently running the latest launcher version. Scheduling update check in 5 minutes.
2023-11-29 00:23:02.498    app     info:    [server-manager] Starting refresh cycle for Tranquility
2023-11-29 00:23:02.593    app     info:    [server-manager] Previous Tranquility build: 2435360, current build: 2435360
2023-11-29 00:23:02.593    app     info:    [server-manager] Tranquility build is unchanged.
2023-11-29 00:23:02.597    app     info:    [server-manager] Ready to play!
2023-11-29 00:23:02.599    app     info:    [server-manager] Finished refresh cycle for Tranquility
2023-11-29 00:23:19.556    app     info:    [self-update] Checking for a launcher update...
2023-11-29 00:23:19.824    app     info:    [self-update] Currently running the latest launcher version. Scheduling update check in 5 minutes.
2023-11-29 00:28:02.605    app     info:    [server-manager] Starting refresh cycle for Tranquility
2023-11-29 00:28:02.727    app     info:    [server-manager] Previous Tranquility build: 2435360, current build: 2435360
2023-11-29 00:28:02.727    app     info:    [server-manager] Tranquility build is unchanged.
2023-11-29 00:28:02.731    app     info:    [server-manager] Ready to play!
2023-11-29 00:28:02.734    app     info:    [server-manager] Finished refresh cycle for Tranquility
2023-11-29 00:28:19.826    app     info:    [self-update] Checking for a launcher update...
2023-11-29 00:28:20.095    app     info:    [self-update] Currently running the latest launcher version. Scheduling update check in 5 minutes.
2023-11-29 00:33:02.749    app     info:    [server-manager] Starting refresh cycle for Tranquility
2023-11-29 00:33:02.845    app     info:    [server-manager] Previous Tranquility build: 2435360, current build: 2435360
2023-11-29 00:33:02.845    app     info:    [server-manager] Tranquility build is unchanged.
2023-11-29 00:33:02.850    app     info:    [server-manager] Ready to play!
2023-11-29 00:33:02.852    app     info:    [server-manager] Finished refresh cycle for Tranquility
2023-11-29 00:33:20.103    app     info:    [self-update] Checking for a launcher update...
2023-11-29 00:33:20.412    app     info:    [self-update] Currently running the latest launcher version. Scheduling update check in 5 minutes.
2023-11-29 00:38:02.858    app     info:    [server-manager] Starting refresh cycle for Tranquility
2023-11-29 00:38:02.944    app     info:    [server-manager] Previous Tranquility build: 2435360, current build: 2435360
2023-11-29 00:38:02.945    app     info:    [server-manager] Tranquility build is unchanged.
2023-11-29 00:38:02.949    app     info:    [server-manager] Ready to play!
2023-11-29 00:38:02.951    app     info:    [server-manager] Finished refresh cycle for Tranquility
2023-11-29 00:38:20.421    app     info:    [self-update] Checking for a launcher update...
2023-11-29 00:38:20.689    app     info:    [self-update] Currently running the latest launcher version. Scheduling update check in 5 minutes.
2023-11-29 00:43:02.966    app     info:    [server-manager] Starting refresh cycle for Tranquility
2023-11-29 00:43:03.044    app     info:    [server-manager] Previous Tranquility build: 2435360, current build: 2435360
2023-11-29 00:43:03.045    app     info:    [server-manager] Tranquility build is unchanged.
2023-11-29 00:43:03.048    app     info:    [server-manager] Ready to play!
2023-11-29 00:43:03.051    app     info:    [server-manager] Finished refresh cycle for Tranquility
2023-11-29 00:43:20.704    app     info:    [self-update] Checking for a launcher update...
2023-11-29 00:43:20.994    app     info:    [self-update] Currently running the latest launcher version. Scheduling update check in 5 minutes.
2023-11-29 00:48:03.053    app     info:    [server-manager] Starting refresh cycle for Tranquility
2023-11-29 00:48:03.163    app     info:    [server-manager] Previous Tranquility build: 2435360, current build: 2435360
2023-11-29 00:48:03.163    app     info:    [server-manager] Tranquility build is unchanged.
2023-11-29 00:48:03.167    app     info:    [server-manager] Ready to play!
2023-11-29 00:48:03.169    app     info:    [server-manager] Finished refresh cycle for Tranquility
2023-11-29 00:48:20.998    app     info:    [self-update] Checking for a launcher update...
2023-11-29 00:48:21.282    app     info:    [self-update] Currently running the latest launcher version. Scheduling update check in 5 minutes.
2023-11-29 00:53:03.180    app     info:    [server-manager] Starting refresh cycle for Tranquility
2023-11-29 00:53:03.271    app     info:    [server-manager] Previous Tranquility build: 2435360, current build: 2435360
2023-11-29 00:53:03.271    app     info:    [server-manager] Tranquility build is unchanged.
2023-11-29 00:53:03.275    app     info:    [server-manager] Ready to play!
2023-11-29 00:53:03.277    app     info:    [server-manager] Finished refresh cycle for Tranquility
2023-11-29 00:53:21.286    app     info:    [self-update] Checking for a launcher update...
2023-11-29 00:53:21.570    app     info:    [self-update] Currently running the latest launcher version. Scheduling update check in 5 minutes.
2023-11-29 00:58:03.283    app     info:    [server-manager] Starting refresh cycle for Tranquility
2023-11-29 00:58:03.380    app     info:    [server-manager] Previous Tranquility build: 2435360, current build: 2435360
2023-11-29 00:58:03.380    app     info:    [server-manager] Tranquility build is unchanged.
2023-11-29 00:58:03.385    app     info:    [server-manager] Ready to play!
2023-11-29 00:58:03.388    app     info:    [server-manager] Finished refresh cycle for Tranquility
2023-11-29 00:58:21.586    app     info:    [self-update] Checking for a launcher update...
2023-11-29 00:58:21.853    app     info:    [self-update] Currently running the latest launcher version. Scheduling update check in 5 minutes.
2023-11-29 01:03:03.392    app     info:    [server-manager] Starting refresh cycle for Tranquility
2023-11-29 01:03:03.483    app     info:    [server-manager] Previous Tranquility build: 2435360, current build: 2435360
2023-11-29 01:03:03.483    app     info:    [server-manager] Tranquility build is unchanged.
2023-11-29 01:03:03.488    app     info:    [server-manager] Ready to play!
2023-11-29 01:03:03.490    app     info:    [server-manager] Finished refresh cycle for Tranquility
2023-11-29 01:03:21.862    app     info:    [self-update] Checking for a launcher update...
2023-11-29 01:03:22.154    app     info:    [self-update] Currently running the latest launcher version. Scheduling update check in 5 minutes.
2023-11-29 01:08:03.494    app     info:    [server-manager] Starting refresh cycle for Tranquility
2023-11-29 01:08:03.590    app     info:    [server-manager] Previous Tranquility build: 2435360, current build: 2435360
2023-11-29 01:08:03.590    app     info:    [server-manager] Tranquility build is unchanged.
2023-11-29 01:08:03.593    app     info:    [server-manager] Ready to play!
2023-11-29 01:08:03.595    app     info:    [server-manager] Finished refresh cycle for Tranquility
2023-11-29 01:08:22.157    app     info:    [self-update] Checking for a launcher update...
2023-11-29 01:08:22.433    app     info:    [self-update] Currently running the latest launcher version. Scheduling update check in 5 minutes.
2023-11-29 01:13:03.612    app     info:    [server-manager] Starting refresh cycle for Tranquility
2023-11-29 01:13:03.687    app     info:    [server-manager] Previous Tranquility build: 2435360, current build: 2435360
2023-11-29 01:13:03.688    app     info:    [server-manager] Tranquility build is unchanged.
2023-11-29 01:13:03.691    app     info:    [server-manager] Ready to play!
2023-11-29 01:13:03.694    app     info:    [server-manager] Finished refresh cycle for Tranquility
2023-11-29 01:13:22.446    app     info:    [self-update] Checking for a launcher update...
2023-11-29 01:13:22.729    app     info:    [self-update] Currently running the latest launcher version. Scheduling update check in 5 minutes.
2023-11-29 01:15:19.797    app     info:    [client-manager] 'tranquility' for EVE game client for '17525312' exited with no errors.
2023-11-29 01:15:19.798    app     info:    [elg-events] Sending event    eve_launcher.electron.eve_client.GameClientExited
2023-11-29 01:15:19.806    app     info:    [server-manager] Starting refresh cycle for Tranquility
2023-11-29 01:15:19.884    app     info:    [server-manager] Previous Tranquility build: 2435360, current build: 2435360
2023-11-29 01:15:19.885    app     info:    [server-manager] Tranquility build is unchanged.
2023-11-29 01:15:19.888    app     info:    [server-manager] Ready to play!
2023-11-29 01:15:19.890    app     info:    [server-manager] Finished refresh cycle for Tranquility
