2023-12-31 11:55:56.901    app     info:    Startup arguments    []
2023-12-31 11:55:56.906    app     info:    [self-update] Starting automatic update checks
2023-12-31 11:55:56.907    app     info:    [self-update] Waiting for update feed before starting update checks
2023-12-31 11:55:56.910    app     info:    [preload] High DPI scaling enabled by settings
2023-12-31 11:55:57.045    app     info:    [i18next] Changed language    en
2023-12-31 11:55:57.165    app     info:    [authentication] Token for '16492377' on 'tranquility' is expired, refresh is required
2023-12-31 11:55:57.165    app     info:    [authentication] Refreshing token for '16492377' on 'tranquility'
2023-12-31 11:55:57.166    app     info:    [authentication] Token for '17525312' on 'tranquility' is expired, refresh is required
2023-12-31 11:55:57.166    app     info:    [authentication] Refreshing token for '17525312' on 'tranquility'
2023-12-31 11:55:57.167    app     info:    [authentication] Token for '25218835' on 'tranquility' is expired, refresh is required
2023-12-31 11:55:57.167    app     info:    [authentication] Refreshing token for '25218835' on 'tranquility'
2023-12-31 11:55:57.167    app     info:    [authentication] Token for '29280260' on 'tranquility' is expired, refresh is required
2023-12-31 11:55:57.168    app     info:    [authentication] Refreshing token for '29280260' on 'tranquility'
2023-12-31 11:55:57.168    app     info:    [authentication] Token for '29285645' on 'tranquility' is expired, refresh is required
2023-12-31 11:55:57.168    app     info:    [authentication] Refreshing token for '29285645' on 'tranquility'
2023-12-31 11:55:57.169    app     info:    [authentication] Token for '18034259' on 'tranquility' is expired, refresh is required
2023-12-31 11:55:57.169    app     info:    [authentication] Refreshing token for '18034259' on 'tranquility'
2023-12-31 11:55:57.169    app     info:    [authentication] Token for '28182799' on 'tranquility' is expired, refresh is required
2023-12-31 11:55:57.169    app     info:    [authentication] Refreshing token for '28182799' on 'tranquility'
2023-12-31 11:55:57.170    app     info:    [authentication] Token for '2110311' on 'tranquility' is expired, refresh is required
2023-12-31 11:55:57.170    app     info:    [authentication] Refreshing token for '2110311' on 'tranquility'
2023-12-31 11:55:57.170    app     info:    [authentication] Token for '23622903' on 'tranquility' is expired, refresh is required
2023-12-31 11:55:57.171    app     info:    [authentication] Refreshing token for '23622903' on 'tranquility'
2023-12-31 11:55:57.171    app     info:    [authentication] Token for '26239201' on 'tranquility' is expired, refresh is required
2023-12-31 11:55:57.171    app     info:    [authentication] Refreshing token for '26239201' on 'tranquility'
2023-12-31 11:55:57.171    app     info:    [authentication] Token for '18922386' on 'tranquility' is expired, refresh is required
2023-12-31 11:55:57.171    app     info:    [authentication] Refreshing token for '18922386' on 'tranquility'
2023-12-31 11:55:57.172    app     info:    [authentication] Token for '18000247' on 'tranquility' is expired, refresh is required
2023-12-31 11:55:57.172    app     info:    [authentication] Refreshing token for '18000247' on 'tranquility'
2023-12-31 11:55:57.172    app     info:    [authentication] Token for '13595732' on 'tranquility' is expired, refresh is required
2023-12-31 11:55:57.172    app     info:    [authentication] Refreshing token for '13595732' on 'tranquility'
2023-12-31 11:55:57.173    app     info:    [authentication] Token for '15136212' on 'tranquility' is expired, refresh is required
2023-12-31 11:55:57.173    app     info:    [authentication] Refreshing token for '15136212' on 'tranquility'
2023-12-31 11:55:57.173    app     info:    [device-id] Device id found in state
2023-12-31 11:55:57.181    app     info:    [analytics] Application name:    EVE Online
2023-12-31 11:55:57.181    app     info:    [analytics] Application version:    1.2.0
2023-12-31 11:55:57.181    app     info:    [analytics] Domain    undefined
2023-12-31 11:55:57.182    app     info:    [analytics] Working directory    C:\Users\REDACTED\AppData\Local\eve-online\app-1.2.0
2023-12-31 11:55:57.182    app     info:    [analytics] Username contains UTF8?    false
2023-12-31 11:55:57.976    app     info:    [elg-events] Sending event    eve_launcher.electron.application.PdmLoaded
2023-12-31 11:55:57.979    app     info:    [analytics] Operating system    {
  type: 'Windows',
  name: 'Windows 10 Education',
  version: '10.0 (19045)'
}
2023-12-31 11:55:57.980    app     info:    [analytics] Encryption available:    true
2023-12-31 11:55:57.980    app     info:    [analytics] Machine UUID    4E9F516C-5B97-47C6-8C67-E93D943CB7C8
2023-12-31 11:55:57.980    app     info:    [analytics] PDM Version    2.1.4
2023-12-31 11:55:57.981    app     info:    [analytics] Release channel    release
2023-12-31 11:55:57.985    app     info:    [initializers] Shared cache directory set to    C:\CCP\EVE Online
2023-12-31 11:55:58.012    app     info:    [initializers] Shared cache drive free space: 107,12 GiB / 433,74 GiB
2023-12-31 11:55:58.022    app     info:    [elg-events] Sending event    eve_launcher.electron.application.LauncherStarted
2023-12-31 11:55:58.026    app     info:    [elg-events] Sending event    eve_launcher.electron.application.CoreDataLoaded
2023-12-31 11:55:58.027    app     info:    [cdn-trace] Fetching CDN trace data from https://binaries.eveonline.com/cdn-cgi/trace
2023-12-31 11:55:58.043    app     info:    [feature-flags] Initializing feature flag client
2023-12-31 11:55:58.152    app     info:    [first-run] First application run was at 2023-11-27T10:29:20.506Z
2023-12-31 11:55:58.232    app     info:    [cache-protocol] Found 3 entries to remove
2023-12-31 11:55:58.236    app     info:    [cache-protocol] Cleaned 3 entries
2023-12-31 11:55:58.237    app     info:    [cache-protocol] Checking 3 folders to clean
2023-12-31 11:55:58.299    app     info:    [server-manager] Starting refresh cycle for eve-online / Tranquility
2023-12-31 11:55:58.304    app     info:    info: [LaunchDarkly] LaunchDarkly client initialized    []
2023-12-31 11:55:58.304    app     info:    info: [LaunchDarkly] Opening stream connection to https://clientstream.launchdarkly.com/eval/64c3d12e27a4b11365012d39/eyJrZXkiOiI0YTQzNmFkYi00Yjk5LTQwYTctODViMC00MmUyMDZmNDEyODYiLCJraW5kIjoidXNlciIsImN1c3RvbSI6eyJpc0ZpcnN0UnVuIjpmYWxzZSwiZGF5c1NpbmNlRmlyc3RSdW4iOjM0LCJsYW5ndWFnZSI6ImVuIiwiYXBwbGljYXRpb24iOiJldmUtb25saW5lIiwidmVyc2lvbiI6IjEuMi4wIiwicGxhdGZvcm0iOiJ3aW5kb3dzIiwib3NWZXJzaW9uRGVwcmVjYXRlZCI6ZmFsc2UsInVzZXJJZHMiOlsxNjQ5MjM3NywyNTIxODgzNSwyMTEwMzExLDI5Mjg1NjQ1XSwib21lZ2FDb3VudCI6MCwiYWxwaGFDb3VudCI6MTQsImFjY291bnRDb3VudCI6MTQsIm9sZGVzdEFjY291bnRBZ2UiOjYwMTcsInlvdW5nZXN0QWNjb3VudEFnZSI6Mjl9fQ?withReasons=true    []
2023-12-31 11:55:58.305    app     info:    [feature-flags] Client 4a436adb... ready, fetching flags
2023-12-31 11:55:58.310    app     info:    [feature-flags] Received 18 flags for client 4a436adb...
2023-12-31 11:55:58.310    app     info:    [feature-flags] Client initialized with key 4a436adb...
2023-12-31 11:55:58.312    app     info:    [self-update] Update feed set, starting update checks
2023-12-31 11:55:58.312    app     info:    [self-update] Starting automatic update checks
2023-12-31 11:55:58.313    app     info:    [self-update] Checking for a launcher update...
2023-12-31 11:55:58.351    app     info:    [customer-information] Agreements have been updated
2023-12-31 11:55:58.358    app     info:    [customer-information] Agreements have been updated
2023-12-31 11:55:58.429    app     info:    [authentication] Token for '28182799' on 'tranquility' has been successfully refreshed
2023-12-31 11:55:58.431    app     info:    [elg-events] Sending event    eve_launcher.electron.authentication.UserTokensRefreshed
2023-12-31 11:55:58.433    app     info:    [customer-information] Getting character information for '28182799' on 'tranquility'
2023-12-31 11:55:58.433    app     info:    [customer-information] Getting Omega status for '28182799' on 'tranquility'
2023-12-31 11:55:58.433    app     info:    [virtual-goods] Getting Plex status for '28182799' on 'tranquility'
2023-12-31 11:55:58.450    app     info:    [authentication] Token for '18000247' on 'tranquility' has been successfully refreshed
2023-12-31 11:55:58.452    app     info:    [elg-events] Sending event    eve_launcher.electron.authentication.UserTokensRefreshed
2023-12-31 11:55:58.453    app     info:    [customer-information] Getting character information for '18000247' on 'tranquility'
2023-12-31 11:55:58.453    app     info:    [customer-information] Getting Omega status for '18000247' on 'tranquility'
2023-12-31 11:55:58.453    app     info:    [virtual-goods] Getting Plex status for '18000247' on 'tranquility'
2023-12-31 11:55:58.464    app     info:    [authentication] Token for '18922386' on 'tranquility' has been successfully refreshed
2023-12-31 11:55:58.466    app     info:    [elg-events] Sending event    eve_launcher.electron.authentication.UserTokensRefreshed
2023-12-31 11:55:58.467    app     info:    [customer-information] Getting character information for '18922386' on 'tranquility'
2023-12-31 11:55:58.468    app     info:    [customer-information] Getting Omega status for '18922386' on 'tranquility'
2023-12-31 11:55:58.468    app     info:    [virtual-goods] Getting Plex status for '18922386' on 'tranquility'
2023-12-31 11:55:58.479    app     info:    [authentication] Token for '29280260' on 'tranquility' has been successfully refreshed
2023-12-31 11:55:58.481    app     info:    [elg-events] Sending event    eve_launcher.electron.authentication.UserTokensRefreshed
2023-12-31 11:55:58.482    app     info:    [customer-information] Getting character information for '29280260' on 'tranquility'
2023-12-31 11:55:58.483    app     info:    [customer-information] Getting Omega status for '29280260' on 'tranquility'
2023-12-31 11:55:58.483    app     info:    [virtual-goods] Getting Plex status for '29280260' on 'tranquility'
2023-12-31 11:55:58.495    app     info:    [authentication] Token for '2110311' on 'tranquility' has been successfully refreshed
2023-12-31 11:55:58.497    app     info:    [elg-events] Sending event    eve_launcher.electron.authentication.UserTokensRefreshed
2023-12-31 11:55:58.498    app     info:    [customer-information] Getting character information for '2110311' on 'tranquility'
2023-12-31 11:55:58.499    app     info:    [customer-information] Getting Omega status for '2110311' on 'tranquility'
2023-12-31 11:55:58.499    app     info:    [virtual-goods] Getting Plex status for '2110311' on 'tranquility'
2023-12-31 11:55:58.509    app     info:    [authentication] Token for '18034259' on 'tranquility' has been successfully refreshed
2023-12-31 11:55:58.511    app     info:    [elg-events] Sending event    eve_launcher.electron.authentication.UserTokensRefreshed
2023-12-31 11:55:58.513    app     info:    [customer-information] Getting character information for '18034259' on 'tranquility'
2023-12-31 11:55:58.513    app     info:    [customer-information] Getting Omega status for '18034259' on 'tranquility'
2023-12-31 11:55:58.514    app     info:    [virtual-goods] Getting Plex status for '18034259' on 'tranquility'
2023-12-31 11:55:58.526    app     info:    [authentication] Token for '23622903' on 'tranquility' has been successfully refreshed
2023-12-31 11:55:58.528    app     info:    [elg-events] Sending event    eve_launcher.electron.authentication.UserTokensRefreshed
2023-12-31 11:55:58.529    app     info:    [customer-information] Getting character information for '23622903' on 'tranquility'
2023-12-31 11:55:58.529    app     info:    [customer-information] Getting Omega status for '23622903' on 'tranquility'
2023-12-31 11:55:58.530    app     info:    [virtual-goods] Getting Plex status for '23622903' on 'tranquility'
2023-12-31 11:55:58.541    app     info:    [authentication] Token for '29285645' on 'tranquility' has been successfully refreshed
2023-12-31 11:55:58.543    app     info:    [elg-events] Sending event    eve_launcher.electron.authentication.UserTokensRefreshed
2023-12-31 11:55:58.544    app     info:    [customer-information] Getting character information for '29285645' on 'tranquility'
2023-12-31 11:55:58.544    app     info:    [customer-information] Getting Omega status for '29285645' on 'tranquility'
2023-12-31 11:55:58.545    app     info:    [virtual-goods] Getting Plex status for '29285645' on 'tranquility'
2023-12-31 11:55:58.557    app     info:    [authentication] Token for '15136212' on 'tranquility' has been successfully refreshed
2023-12-31 11:55:58.559    app     info:    [elg-events] Sending event    eve_launcher.electron.authentication.UserTokensRefreshed
2023-12-31 11:55:58.561    app     info:    [customer-information] Getting character information for '15136212' on 'tranquility'
2023-12-31 11:55:58.562    app     info:    [customer-information] Getting Omega status for '15136212' on 'tranquility'
2023-12-31 11:55:58.562    app     info:    [virtual-goods] Getting Plex status for '15136212' on 'tranquility'
2023-12-31 11:55:58.576    app     info:    [authentication] Token for '26239201' on 'tranquility' has been successfully refreshed
2023-12-31 11:55:58.578    app     info:    [elg-events] Sending event    eve_launcher.electron.authentication.UserTokensRefreshed
2023-12-31 11:55:58.579    app     info:    [customer-information] Getting character information for '26239201' on 'tranquility'
2023-12-31 11:55:58.579    app     info:    [customer-information] Getting Omega status for '26239201' on 'tranquility'
2023-12-31 11:55:58.579    app     info:    [virtual-goods] Getting Plex status for '26239201' on 'tranquility'
2023-12-31 11:55:58.592    app     info:    [authentication] Token for '25218835' on 'tranquility' has been successfully refreshed
2023-12-31 11:55:58.594    app     info:    [elg-events] Sending event    eve_launcher.electron.authentication.UserTokensRefreshed
2023-12-31 11:55:58.595    app     info:    [customer-information] Getting character information for '25218835' on 'tranquility'
2023-12-31 11:55:58.595    app     info:    [customer-information] Getting Omega status for '25218835' on 'tranquility'
2023-12-31 11:55:58.596    app     info:    [virtual-goods] Getting Plex status for '25218835' on 'tranquility'
2023-12-31 11:55:58.607    app     info:    [authentication] Token for '16492377' on 'tranquility' has been successfully refreshed
2023-12-31 11:55:58.609    app     info:    [elg-events] Sending event    eve_launcher.electron.authentication.UserTokensRefreshed
2023-12-31 11:55:58.611    app     info:    [customer-information] Getting character information for '16492377' on 'tranquility'
2023-12-31 11:55:58.611    app     info:    [customer-information] Getting Omega status for '16492377' on 'tranquility'
2023-12-31 11:55:58.611    app     info:    [virtual-goods] Getting Plex status for '16492377' on 'tranquility'
2023-12-31 11:55:58.622    app     info:    [authentication] Token for '17525312' on 'tranquility' has been successfully refreshed
2023-12-31 11:55:58.624    app     info:    [elg-events] Sending event    eve_launcher.electron.authentication.UserTokensRefreshed
2023-12-31 11:55:58.625    app     info:    [customer-information] Getting character information for '17525312' on 'tranquility'
2023-12-31 11:55:58.626    app     info:    [customer-information] Getting Omega status for '17525312' on 'tranquility'
2023-12-31 11:55:58.626    app     info:    [virtual-goods] Getting Plex status for '17525312' on 'tranquility'
2023-12-31 11:55:58.637    app     info:    [authentication] Token for '13595732' on 'tranquility' has been successfully refreshed
2023-12-31 11:55:58.639    app     info:    [elg-events] Sending event    eve_launcher.electron.authentication.UserTokensRefreshed
2023-12-31 11:55:58.640    app     info:    [customer-information] Getting character information for '13595732' on 'tranquility'
2023-12-31 11:55:58.641    app     info:    [customer-information] Getting Omega status for '13595732' on 'tranquility'
2023-12-31 11:55:58.641    app     info:    [virtual-goods] Getting Plex status for '13595732' on 'tranquility'
2023-12-31 11:55:58.652    app     info:    [AuthenticationMiddleware] Successfully restored 14 / 14 users
2023-12-31 11:55:58.664    app     info:    [server-manager] Previous Tranquility build: 2454674, current build: 2454674
2023-12-31 11:55:58.664    app     info:    [server-manager] Tranquility build is unchanged.
2023-12-31 11:55:58.670    app     info:    [server-manager] Ready to play!
2023-12-31 11:55:58.673    app     info:    [server-manager] Finished refresh cycle for Tranquility
2023-12-31 11:55:58.758    app     info:    [customer-information] Agreement status has been fetched for user '18034259'
2023-12-31 11:55:58.761    app     info:    [esi] Fetching character details for 2121174545
2023-12-31 11:55:58.769    app     info:    [self-update] Currently running the latest launcher version. Scheduling update check in 5 minutes.
2023-12-31 11:55:58.771    app     info:    [esi] Fetching character details for 2115479508
2023-12-31 11:55:58.783    app     info:    [customer-information] Agreement status has been fetched for user '28182799'
2023-12-31 11:55:58.791    app     info:    [customer-information] Agreement status has been fetched for user '29280260'
2023-12-31 11:55:58.793    app     info:    [esi] Fetching character details for 578564394, 2115457291
2023-12-31 11:55:58.803    app     info:    [esi] Fetching character details for 2118248041, 2121175776
2023-12-31 11:55:58.829    app     info:    [esi] Fetching character details for 2115031890, 2121177973
2023-12-31 11:55:58.838    app     info:    [esi] Fetching character details for 2121178171
2023-12-31 11:55:58.846    app     info:    [esi] Fetching character details for 2121853336
2023-12-31 11:55:58.859    app     info:    [esi] Fetching character details for 2121927031
2023-12-31 11:55:58.873    app     info:    [esi] Fetching character details for 2121891348
2023-12-31 11:55:58.900    app     info:    [customer-information] Agreement status has been fetched for user '2110311'
2023-12-31 11:55:58.913    app     info:    [customer-information] Agreement status has been fetched for user '23622903'
2023-12-31 11:55:58.914    app     info:    [esi] Fetching character details for 2119361891, 2120347635
2023-12-31 11:55:58.936    app     info:    [virtual-goods] Fetched Plex status for '28182799' on 'tranquility'
2023-12-31 11:55:58.946    app     info:    [customer-information] Agreement status has been fetched for user '26239201'
2023-12-31 11:55:58.947    app     info:    [virtual-goods] Fetched Plex status for '18000247' on 'tranquility'
2023-12-31 11:55:58.959    app     info:    [customer-information] Agreement status has been fetched for user '29285645'
2023-12-31 11:55:58.964    app     info:    [customer-information] Agreement status has been fetched for user '13595732'
2023-12-31 11:55:58.978    app     info:    [customer-information] Agreement status has been fetched for user '15136212'
2023-12-31 11:55:58.978    app     info:    [virtual-goods] Fetched Plex status for '18034259' on 'tranquility'
2023-12-31 11:55:58.983    app     info:    [AuthenticationMiddleware] User information updated
2023-12-31 11:55:58.988    app     info:    [customer-information] Agreement status has been fetched for user '17525312'
2023-12-31 11:55:58.989    app     info:    [virtual-goods] Fetched Plex status for '29280260' on 'tranquility'
2023-12-31 11:55:58.995    app     info:    [AuthenticationMiddleware] User information updated
2023-12-31 11:55:59.001    app     info:    [customer-information] Agreement status has been fetched for user '25218835'
2023-12-31 11:55:59.009    app     info:    [AuthenticationMiddleware] User information updated
2023-12-31 11:55:59.010    app     info:    [esi] Fetching character details for 2121927552
2023-12-31 11:55:59.029    app     info:    [customer-information] Agreement status has been fetched for user '16492377'
2023-12-31 11:55:59.039    app     info:    [customer-information] Agreement status has been fetched for user '18000247'
2023-12-31 11:55:59.069    app     info:    [customer-information] Agreement status has been fetched for user '18922386'
2023-12-31 11:55:59.075    app     info:    [esi] Fetching character details for 2121878074
2023-12-31 11:55:59.133    app     info:    [esi] Fetching character details for 2113875139, 2121174871
2023-12-31 11:55:59.142    app     info:    [virtual-goods] Fetched Plex status for '25218835' on 'tranquility'
2023-12-31 11:55:59.148    app     info:    [AuthenticationMiddleware] User information updated
2023-12-31 11:55:59.149    app     info:    [esi] Fetching character details for 2114656127, 2121178396
2023-12-31 11:55:59.157    app     info:    [virtual-goods] Fetched Plex status for '18922386' on 'tranquility'
2023-12-31 11:55:59.162    app     info:    [AuthenticationMiddleware] User information updated
2023-12-31 11:55:59.163    app     info:    [virtual-goods] Fetched Plex status for '2110311' on 'tranquility'
2023-12-31 11:55:59.169    app     info:    [AuthenticationMiddleware] User information updated
2023-12-31 11:55:59.169    app     info:    [virtual-goods] Fetched Plex status for '13595732' on 'tranquility'
2023-12-31 11:55:59.174    app     info:    [AuthenticationMiddleware] User information updated
2023-12-31 11:55:59.175    app     info:    [virtual-goods] Fetched Plex status for '29285645' on 'tranquility'
2023-12-31 11:55:59.184    app     info:    [AuthenticationMiddleware] User information updated
2023-12-31 11:55:59.184    app     info:    [virtual-goods] Fetched Plex status for '15136212' on 'tranquility'
2023-12-31 11:55:59.189    app     info:    [AuthenticationMiddleware] User information updated
2023-12-31 11:55:59.190    app     info:    [virtual-goods] Fetched Plex status for '17525312' on 'tranquility'
2023-12-31 11:55:59.196    app     info:    [AuthenticationMiddleware] User information updated
2023-12-31 11:55:59.197    app     info:    [virtual-goods] Fetched Plex status for '26239201' on 'tranquility'
2023-12-31 11:55:59.201    app     info:    [AuthenticationMiddleware] User information updated
2023-12-31 11:55:59.229    app     info:    [virtual-goods] Fetched Plex status for '23622903' on 'tranquility'
2023-12-31 11:55:59.234    app     info:    [AuthenticationMiddleware] User information updated
2023-12-31 11:55:59.247    app     info:    [virtual-goods] Fetched Plex status for '16492377' on 'tranquility'
2023-12-31 11:55:59.253    app     info:    [AuthenticationMiddleware] User information updated
2023-12-31 11:55:59.286    app     info:    [AuthenticationMiddleware] User information updated
2023-12-31 11:55:59.614    app     warn:    [steam-auth] Failed to initialize Steamworks client
2023-12-31 11:55:59.621    app     info:    [main-window] Registering main window    { windowId: 2 }
2023-12-31 11:55:59.633    app     info:    [cdn-trace] Fetching CDN trace data from https://binaries.eveonline.com/cdn-cgi/trace
2023-12-31 11:55:59.635    app     info:    [creatives] Requesting creatives
2023-12-31 11:55:59.640    app     info:    [elg-events] Sending event    eve_launcher.electron.application.RendererLoaded
2023-12-31 11:55:59.723    app     info:    [esi] Fetched 1 character details for 18922386
2023-12-31 11:55:59.744    app     info:    [esi] Fetched 1 character details for 28182799
2023-12-31 11:55:59.762    app     info:    [esi] Fetched 1 character details for 29280260
2023-12-31 11:55:59.766    app     info:    [esi] Fetched 1 character details for 26239201
2023-12-31 11:55:59.768    app     info:    [esi] Fetched 1 character details for 18000247
2023-12-31 11:55:59.771    app     info:    [esi] Fetched 1 character details for 13595732
2023-12-31 11:55:59.773    app     info:    [esi] Fetched 1 character details for 15136212
2023-12-31 11:55:59.776    app     info:    [creatives] Received 3 creatives
2023-12-31 11:55:59.802    app     info:    [esi] Fetched 2 character details for 18034259
2023-12-31 11:55:59.805    app     info:    [esi] Fetched 2 character details for 2110311
2023-12-31 11:55:59.807    app     info:    [esi] Fetched 2 character details for 25218835
2023-12-31 11:55:59.823    app     info:    [esi] Fetched 1 character details for 29285645
2023-12-31 11:55:59.845    app     info:    [esi] Fetched 2 character details for 16492377
2023-12-31 11:55:59.855    app     info:    [esi] Fetched 2 character details for 23622903
2023-12-31 11:55:59.861    app     info:    [esi] Fetched 2 character details for 17525312
2023-12-31 11:56:00.819     ui     info:    Initializing captcha    ccp://launcher/renderer/main_window/index.js    2
2023-12-31 11:56:04.501    app     info:    [analytics] Hardware rendering enabled:    true    { disabledViaCommandline: false, disabledViaSettings: false }
2023-12-31 11:56:28.396    app     warn:    Could not connect to LogLite    [
  Error: connect ECONNREFUSED 127.0.0.1:3273
      at TCPConnectWrap.afterConnect [as oncomplete] (node:net:1247:16) {
    errno: -4078,
    code: 'ECONNREFUSED',
    syscall: 'connect',
    address: '127.0.0.1',
    port: 3273
  }
]
