2023-12-04 00:03:25.218    app     info:    [server-manager] Starting refresh cycle for Tranquility
2023-12-04 00:03:25.321    app     info:    [server-manager] Previous Tranquility build: 2440374, current build: 2440374
2023-12-04 00:03:25.321    app     info:    [server-manager] Tranquility build is unchanged.
2023-12-04 00:03:25.326    app     info:    [server-manager] Ready to play!
2023-12-04 00:03:25.328    app     info:    [server-manager] Finished refresh cycle for Tranquility
2023-12-04 00:03:27.433    app     info:    [self-update] Checking for a launcher update...
2023-12-04 00:03:27.718    app     info:    [self-update] Currently running the latest launcher version. Scheduling update check in 5 minutes.
2023-12-04 00:06:42.791    app     info:    [creatives] Requesting creatives
2023-12-04 00:06:42.914    app     info:    [creatives] Received 3 creatives
2023-12-04 00:06:43.383    app     info:    [ipc-requests] Handling requests in the background
2023-12-04 00:06:44.386    app     info:    [ipc-requests] No longer handling requests in the background
2023-12-04 00:08:25.332    app     info:    [server-manager] Starting refresh cycle for Tranquility
2023-12-04 00:08:25.433    app     info:    [server-manager] Previous Tranquility build: 2440374, current build: 2440374
2023-12-04 00:08:25.433    app     info:    [server-manager] Tranquility build is unchanged.
2023-12-04 00:08:25.437    app     info:    [server-manager] Ready to play!
2023-12-04 00:08:25.441    app     info:    [server-manager] Finished refresh cycle for Tranquility
2023-12-04 00:08:27.731    app     info:    [self-update] Checking for a launcher update...
2023-12-04 00:08:28.018    app     info:    [self-update] Currently running the latest launcher version. Scheduling update check in 5 minutes.
2023-12-04 00:09:34.830    app     info:    [ipc-requests] Handling requests in the background
2023-12-04 00:09:35.838    app     info:    [ipc-requests] No longer handling requests in the background
2023-12-04 00:10:30.865    app     info:    [ipc-requests] Handling requests in the background
2023-12-04 00:10:31.874    app     info:    [ipc-requests] No longer handling requests in the background
2023-12-04 00:11:10.263    app     info:    [ipc-requests] Handling requests in the background
2023-12-04 00:11:11.265    app     info:    [ipc-requests] No longer handling requests in the background
2023-12-04 00:13:25.446    app     info:    [server-manager] Starting refresh cycle for Tranquility
2023-12-04 00:13:25.577    app     info:    [server-manager] Previous Tranquility build: 2440374, current build: 2440374
2023-12-04 00:13:25.578    app     info:    [server-manager] Tranquility build is unchanged.
2023-12-04 00:13:25.588    app     info:    [server-manager] Ready to play!
2023-12-04 00:13:25.594    app     info:    [server-manager] Finished refresh cycle for Tranquility
2023-12-04 00:13:28.030    app     info:    [self-update] Checking for a launcher update...
2023-12-04 00:13:28.326    app     info:    [self-update] Currently running the latest launcher version. Scheduling update check in 5 minutes.
2023-12-04 00:18:25.606    app     info:    [server-manager] Starting refresh cycle for Tranquility
2023-12-04 00:18:25.791    app     info:    [server-manager] Previous Tranquility build: 2440374, current build: 2440374
2023-12-04 00:18:25.791    app     info:    [server-manager] Tranquility build is unchanged.
2023-12-04 00:18:25.795    app     info:    [server-manager] Ready to play!
2023-12-04 00:18:25.798    app     info:    [server-manager] Finished refresh cycle for Tranquility
2023-12-04 00:18:28.339    app     info:    [self-update] Checking for a launcher update...
2023-12-04 00:18:28.619    app     info:    [self-update] Currently running the latest launcher version. Scheduling update check in 5 minutes.
2023-12-04 00:18:48.162    app     info:    [ipc-requests] Handling requests in the background
2023-12-04 00:18:49.165    app     info:    [ipc-requests] No longer handling requests in the background
2023-12-04 00:19:22.281    app     info:    [ipc-requests] Handling requests in the background
2023-12-04 00:19:23.282    app     info:    [ipc-requests] No longer handling requests in the background
2023-12-04 00:19:23.737    app     info:    [ipc-requests] Handling requests in the background
2023-12-04 00:19:24.738    app     info:    [ipc-requests] No longer handling requests in the background
2023-12-04 00:19:36.663    app     info:    [ipc-requests] Handling requests in the background
2023-12-04 00:19:37.675    app     info:    [ipc-requests] No longer handling requests in the background
2023-12-04 00:20:54.194    app     info:    [ipc-requests] Handling requests in the background
2023-12-04 00:20:55.209    app     info:    [ipc-requests] No longer handling requests in the background
2023-12-04 00:21:27.890    app     info:    [ipc-requests] Handling requests in the background
2023-12-04 00:21:28.896    app     info:    [ipc-requests] No longer handling requests in the background
2023-12-04 00:22:01.071    app     info:    [ipc-requests] Handling requests in the background
2023-12-04 00:22:02.073    app     info:    [ipc-requests] No longer handling requests in the background
2023-12-04 00:23:25.806    app     info:    [server-manager] Starting refresh cycle for Tranquility
2023-12-04 00:23:25.972    app     info:    [server-manager] Previous Tranquility build: 2440374, current build: 2440374
2023-12-04 00:23:25.973    app     info:    [server-manager] Tranquility build is unchanged.
2023-12-04 00:23:25.977    app     info:    [server-manager] Ready to play!
2023-12-04 00:23:25.980    app     info:    [server-manager] Finished refresh cycle for Tranquility
2023-12-04 00:23:28.632    app     info:    [self-update] Checking for a launcher update...
2023-12-04 00:23:28.924    app     info:    [self-update] Currently running the latest launcher version. Scheduling update check in 5 minutes.
2023-12-04 00:28:25.982    app     info:    [server-manager] Starting refresh cycle for Tranquility
2023-12-04 00:28:26.098    app     info:    [server-manager] Previous Tranquility build: 2440374, current build: 2440374
2023-12-04 00:28:26.099    app     info:    [server-manager] Tranquility build is unchanged.
2023-12-04 00:28:26.103    app     info:    [server-manager] Ready to play!
2023-12-04 00:28:26.106    app     info:    [server-manager] Finished refresh cycle for Tranquility
2023-12-04 00:28:28.924    app     info:    [self-update] Checking for a launcher update...
2023-12-04 00:28:29.210    app     info:    [self-update] Currently running the latest launcher version. Scheduling update check in 5 minutes.
2023-12-04 00:32:01.330    app     info:    [ipc-requests] Handling requests in the background
2023-12-04 00:32:02.329    app     info:    [ipc-requests] No longer handling requests in the background
2023-12-04 00:33:26.122    app     info:    [server-manager] Starting refresh cycle for Tranquility
2023-12-04 00:33:26.223    app     info:    [server-manager] Previous Tranquility build: 2440374, current build: 2440374
2023-12-04 00:33:26.223    app     info:    [server-manager] Tranquility build is unchanged.
2023-12-04 00:33:26.227    app     info:    [server-manager] Ready to play!
2023-12-04 00:33:26.230    app     info:    [server-manager] Finished refresh cycle for Tranquility
2023-12-04 00:33:29.218    app     info:    [self-update] Checking for a launcher update...
2023-12-04 00:33:29.504    app     info:    [self-update] Currently running the latest launcher version. Scheduling update check in 5 minutes.
2023-12-04 00:38:26.240    app     info:    [server-manager] Starting refresh cycle for Tranquility
2023-12-04 00:38:26.365    app     info:    [server-manager] Previous Tranquility build: 2440374, current build: 2440374
2023-12-04 00:38:26.365    app     info:    [server-manager] Tranquility build is unchanged.
2023-12-04 00:38:26.369    app     info:    [server-manager] Ready to play!
2023-12-04 00:38:26.372    app     info:    [server-manager] Finished refresh cycle for Tranquility
2023-12-04 00:38:29.518    app     info:    [self-update] Checking for a launcher update...
2023-12-04 00:38:29.792    app     info:    [self-update] Currently running the latest launcher version. Scheduling update check in 5 minutes.
2023-12-04 00:43:26.384    app     info:    [server-manager] Starting refresh cycle for Tranquility
2023-12-04 00:43:26.496    app     info:    [server-manager] Previous Tranquility build: 2440374, current build: 2440374
2023-12-04 00:43:26.496    app     info:    [server-manager] Tranquility build is unchanged.
2023-12-04 00:43:26.501    app     info:    [server-manager] Ready to play!
2023-12-04 00:43:26.504    app     info:    [server-manager] Finished refresh cycle for Tranquility
2023-12-04 00:43:29.807    app     info:    [self-update] Checking for a launcher update...
2023-12-04 00:43:30.090    app     info:    [self-update] Currently running the latest launcher version. Scheduling update check in 5 minutes.
2023-12-04 00:48:26.518    app     info:    [server-manager] Starting refresh cycle for Tranquility
2023-12-04 00:48:26.617    app     info:    [server-manager] Previous Tranquility build: 2440374, current build: 2440374
2023-12-04 00:48:26.617    app     info:    [server-manager] Tranquility build is unchanged.
2023-12-04 00:48:26.621    app     info:    [server-manager] Ready to play!
2023-12-04 00:48:26.624    app     info:    [server-manager] Finished refresh cycle for Tranquility
2023-12-04 00:48:30.095    app     info:    [self-update] Checking for a launcher update...
2023-12-04 00:48:30.367    app     info:    [self-update] Currently running the latest launcher version. Scheduling update check in 5 minutes.
2023-12-04 00:53:26.632    app     info:    [server-manager] Starting refresh cycle for Tranquility
2023-12-04 00:53:26.747    app     info:    [server-manager] Previous Tranquility build: 2440374, current build: 2440374
2023-12-04 00:53:26.748    app     info:    [server-manager] Tranquility build is unchanged.
2023-12-04 00:53:26.751    app     info:    [server-manager] Ready to play!
2023-12-04 00:53:26.754    app     info:    [server-manager] Finished refresh cycle for Tranquility
2023-12-04 00:53:30.374    app     info:    [self-update] Checking for a launcher update...
2023-12-04 00:53:30.640    app     info:    [self-update] Currently running the latest launcher version. Scheduling update check in 5 minutes.
2023-12-04 00:58:26.768    app     info:    [server-manager] Starting refresh cycle for Tranquility
2023-12-04 00:58:26.878    app     info:    [server-manager] Previous Tranquility build: 2440374, current build: 2440374
2023-12-04 00:58:26.879    app     info:    [server-manager] Tranquility build is unchanged.
2023-12-04 00:58:26.883    app     info:    [server-manager] Ready to play!
2023-12-04 00:58:26.886    app     info:    [server-manager] Finished refresh cycle for Tranquility
2023-12-04 00:58:30.640    app     info:    [self-update] Checking for a launcher update...
2023-12-04 00:58:30.923    app     info:    [self-update] Currently running the latest launcher version. Scheduling update check in 5 minutes.
2023-12-04 01:03:26.902    app     info:    [server-manager] Starting refresh cycle for Tranquility
2023-12-04 01:03:26.997    app     info:    [server-manager] Previous Tranquility build: 2440374, current build: 2440374
2023-12-04 01:03:26.998    app     info:    [server-manager] Tranquility build is unchanged.
2023-12-04 01:03:27.001    app     info:    [server-manager] Ready to play!
2023-12-04 01:03:27.004    app     info:    [server-manager] Finished refresh cycle for Tranquility
2023-12-04 01:03:30.933    app     info:    [self-update] Checking for a launcher update...
2023-12-04 01:03:31.214    app     info:    [self-update] Currently running the latest launcher version. Scheduling update check in 5 minutes.
2023-12-04 01:03:51.555    app     info:    [ipc-requests] Handling requests in the background
2023-12-04 01:03:52.561    app     info:    [ipc-requests] No longer handling requests in the background
2023-12-04 01:04:17.423    app     info:    [ipc-requests] Handling requests in the background
2023-12-04 01:04:18.425    app     info:    [ipc-requests] No longer handling requests in the background
2023-12-04 01:08:27.019    app     info:    [server-manager] Starting refresh cycle for Tranquility
2023-12-04 01:08:27.118    app     info:    [server-manager] Previous Tranquility build: 2440374, current build: 2440374
2023-12-04 01:08:27.118    app     info:    [server-manager] Tranquility build is unchanged.
2023-12-04 01:08:27.123    app     info:    [server-manager] Ready to play!
2023-12-04 01:08:27.125    app     info:    [server-manager] Finished refresh cycle for Tranquility
2023-12-04 01:08:31.219    app     info:    [self-update] Checking for a launcher update...
2023-12-04 01:08:31.504    app     info:    [self-update] Currently running the latest launcher version. Scheduling update check in 5 minutes.
2023-12-04 01:13:27.131    app     info:    [server-manager] Starting refresh cycle for Tranquility
2023-12-04 01:13:27.227    app     info:    [server-manager] Previous Tranquility build: 2440374, current build: 2440374
2023-12-04 01:13:27.228    app     info:    [server-manager] Tranquility build is unchanged.
2023-12-04 01:13:27.232    app     info:    [server-manager] Ready to play!
2023-12-04 01:13:27.235    app     info:    [server-manager] Finished refresh cycle for Tranquility
2023-12-04 01:13:31.515    app     info:    [self-update] Checking for a launcher update...
2023-12-04 01:13:31.783    app     info:    [self-update] Currently running the latest launcher version. Scheduling update check in 5 minutes.
2023-12-04 01:18:27.246    app     info:    [server-manager] Starting refresh cycle for Tranquility
2023-12-04 01:18:27.354    app     info:    [server-manager] Previous Tranquility build: 2440374, current build: 2440374
2023-12-04 01:18:27.354    app     info:    [server-manager] Tranquility build is unchanged.
2023-12-04 01:18:27.358    app     info:    [server-manager] Ready to play!
2023-12-04 01:18:27.361    app     info:    [server-manager] Finished refresh cycle for Tranquility
2023-12-04 01:18:31.794    app     info:    [self-update] Checking for a launcher update...
2023-12-04 01:18:32.106    app     info:    [self-update] Currently running the latest launcher version. Scheduling update check in 5 minutes.
2023-12-04 01:23:27.367    app     info:    [server-manager] Starting refresh cycle for Tranquility
2023-12-04 01:23:27.477    app     info:    [server-manager] Previous Tranquility build: 2440374, current build: 2440374
2023-12-04 01:23:27.478    app     info:    [server-manager] Tranquility build is unchanged.
2023-12-04 01:23:27.482    app     info:    [server-manager] Ready to play!
2023-12-04 01:23:27.484    app     info:    [server-manager] Finished refresh cycle for Tranquility
2023-12-04 01:23:32.121    app     info:    [self-update] Checking for a launcher update...
2023-12-04 01:23:32.393    app     info:    [self-update] Currently running the latest launcher version. Scheduling update check in 5 minutes.
2023-12-04 01:28:27.496    app     info:    [server-manager] Starting refresh cycle for Tranquility
2023-12-04 01:28:27.591    app     info:    [server-manager] Previous Tranquility build: 2440374, current build: 2440374
2023-12-04 01:28:27.591    app     info:    [server-manager] Tranquility build is unchanged.
2023-12-04 01:28:27.596    app     info:    [server-manager] Ready to play!
2023-12-04 01:28:27.598    app     info:    [server-manager] Finished refresh cycle for Tranquility
2023-12-04 01:28:32.396    app     info:    [self-update] Checking for a launcher update...
2023-12-04 01:28:32.681    app     info:    [self-update] Currently running the latest launcher version. Scheduling update check in 5 minutes.
2023-12-04 01:33:27.608    app     info:    [server-manager] Starting refresh cycle for Tranquility
2023-12-04 01:33:27.717    app     info:    [server-manager] Previous Tranquility build: 2440374, current build: 2440374
2023-12-04 01:33:27.717    app     info:    [server-manager] Tranquility build is unchanged.
2023-12-04 01:33:27.722    app     info:    [server-manager] Ready to play!
2023-12-04 01:33:27.725    app     info:    [server-manager] Finished refresh cycle for Tranquility
2023-12-04 01:33:32.686    app     info:    [self-update] Checking for a launcher update...
2023-12-04 01:33:33.121    app     info:    [self-update] Currently running the latest launcher version. Scheduling update check in 5 minutes.
2023-12-04 01:36:44.903    app     info:    [creatives] Requesting creatives
2023-12-04 01:36:45.022    app     info:    [creatives] Received 3 creatives
2023-12-04 01:36:45.256    app     info:    [ipc-requests] Handling requests in the background
2023-12-04 01:36:46.266    app     info:    [ipc-requests] No longer handling requests in the background
2023-12-04 01:36:46.609    app     info:    [ipc-requests] Handling requests in the background
2023-12-04 01:36:47.615    app     info:    [ipc-requests] No longer handling requests in the background
2023-12-04 01:38:27.740    app     info:    [server-manager] Starting refresh cycle for Tranquility
2023-12-04 01:38:27.837    app     info:    [server-manager] Previous Tranquility build: 2440374, current build: 2440374
2023-12-04 01:38:27.837    app     info:    [server-manager] Tranquility build is unchanged.
2023-12-04 01:38:27.841    app     info:    [server-manager] Ready to play!
2023-12-04 01:38:27.844    app     info:    [server-manager] Finished refresh cycle for Tranquility
2023-12-04 01:38:33.127    app     info:    [self-update] Checking for a launcher update...
2023-12-04 01:38:33.409    app     info:    [self-update] Currently running the latest launcher version. Scheduling update check in 5 minutes.
2023-12-04 01:43:27.853    app     info:    [server-manager] Starting refresh cycle for Tranquility
2023-12-04 01:43:27.954    app     info:    [server-manager] Previous Tranquility build: 2440374, current build: 2440374
2023-12-04 01:43:27.954    app     info:    [server-manager] Tranquility build is unchanged.
2023-12-04 01:43:27.958    app     info:    [server-manager] Ready to play!
2023-12-04 01:43:27.960    app     info:    [server-manager] Finished refresh cycle for Tranquility
2023-12-04 01:43:33.419    app     info:    [self-update] Checking for a launcher update...
2023-12-04 01:43:33.686    app     info:    [self-update] Currently running the latest launcher version. Scheduling update check in 5 minutes.
2023-12-04 01:48:27.971    app     info:    [server-manager] Starting refresh cycle for Tranquility
2023-12-04 01:48:28.078    app     info:    [server-manager] Previous Tranquility build: 2440374, current build: 2440374
2023-12-04 01:48:28.078    app     info:    [server-manager] Tranquility build is unchanged.
2023-12-04 01:48:28.083    app     info:    [server-manager] Ready to play!
2023-12-04 01:48:28.085    app     info:    [server-manager] Finished refresh cycle for Tranquility
2023-12-04 01:48:33.690    app     info:    [self-update] Checking for a launcher update...
2023-12-04 01:48:33.972    app     info:    [self-update] Currently running the latest launcher version. Scheduling update check in 5 minutes.
2023-12-04 01:53:28.099    app     info:    [server-manager] Starting refresh cycle for Tranquility
2023-12-04 01:53:28.196    app     info:    [server-manager] Previous Tranquility build: 2440374, current build: 2440374
2023-12-04 01:53:28.197    app     info:    [server-manager] Tranquility build is unchanged.
2023-12-04 01:53:28.202    app     info:    [server-manager] Ready to play!
2023-12-04 01:53:28.204    app     info:    [server-manager] Finished refresh cycle for Tranquility
2023-12-04 01:53:33.984    app     info:    [self-update] Checking for a launcher update...
2023-12-04 01:53:34.267    app     info:    [self-update] Currently running the latest launcher version. Scheduling update check in 5 minutes.
2023-12-04 01:58:28.209    app     info:    [server-manager] Starting refresh cycle for Tranquility
2023-12-04 01:58:28.538    app     info:    [server-manager] Previous Tranquility build: 2440374, current build: 2440374
2023-12-04 01:58:28.538    app     info:    [server-manager] Tranquility build is unchanged.
2023-12-04 01:58:28.543    app     info:    [server-manager] Ready to play!
2023-12-04 01:58:28.546    app     info:    [server-manager] Finished refresh cycle for Tranquility
2023-12-04 01:58:34.270    app     info:    [self-update] Checking for a launcher update...
2023-12-04 01:58:34.543    app     info:    [self-update] Currently running the latest launcher version. Scheduling update check in 5 minutes.
2023-12-04 02:03:28.561    app     info:    [server-manager] Starting refresh cycle for Tranquility
2023-12-04 02:03:28.702    app     info:    [server-manager] Previous Tranquility build: 2440374, current build: 2440374
2023-12-04 02:03:28.702    app     info:    [server-manager] Tranquility build is unchanged.
2023-12-04 02:03:28.707    app     info:    [server-manager] Ready to play!
2023-12-04 02:03:28.709    app     info:    [server-manager] Finished refresh cycle for Tranquility
2023-12-04 02:03:34.556    app     info:    [self-update] Checking for a launcher update...
2023-12-04 02:03:34.859    app     info:    [self-update] Currently running the latest launcher version. Scheduling update check in 5 minutes.
2023-12-04 02:04:41.226    app     info:    [ipc-requests] Handling requests in the background
2023-12-04 02:04:42.227    app     info:    [ipc-requests] No longer handling requests in the background
2023-12-04 02:05:02.073    app     info:    [ipc-requests] Handling requests in the background
2023-12-04 02:05:03.080    app     info:    [ipc-requests] No longer handling requests in the background
2023-12-04 02:08:28.717    app     info:    [server-manager] Starting refresh cycle for Tranquility
2023-12-04 02:08:28.805    app     info:    [server-manager] Previous Tranquility build: 2440374, current build: 2440374
2023-12-04 02:08:28.805    app     info:    [server-manager] Tranquility build is unchanged.
2023-12-04 02:08:28.809    app     info:    [server-manager] Ready to play!
2023-12-04 02:08:28.811    app     info:    [server-manager] Finished refresh cycle for Tranquility
2023-12-04 02:08:34.871    app     info:    [self-update] Checking for a launcher update...
2023-12-04 02:08:35.156    app     info:    [self-update] Currently running the latest launcher version. Scheduling update check in 5 minutes.
2023-12-04 02:13:28.818    app     info:    [server-manager] Starting refresh cycle for Tranquility
2023-12-04 02:13:28.916    app     info:    [server-manager] Previous Tranquility build: 2440374, current build: 2440374
2023-12-04 02:13:28.916    app     info:    [server-manager] Tranquility build is unchanged.
2023-12-04 02:13:28.921    app     info:    [server-manager] Ready to play!
2023-12-04 02:13:28.924    app     info:    [server-manager] Finished refresh cycle for Tranquility
2023-12-04 02:13:35.169    app     info:    [self-update] Checking for a launcher update...
2023-12-04 02:13:35.437    app     info:    [self-update] Currently running the latest launcher version. Scheduling update check in 5 minutes.
2023-12-04 02:16:54.996    app     info:    [ipc-requests] Handling requests in the background
2023-12-04 02:16:55.999    app     info:    [ipc-requests] No longer handling requests in the background
2023-12-04 02:17:28.151    app     info:    [ipc-requests] Handling requests in the background
2023-12-04 02:17:29.162    app     info:    [ipc-requests] No longer handling requests in the background
2023-12-04 02:18:28.935    app     info:    [server-manager] Starting refresh cycle for Tranquility
2023-12-04 02:18:29.034    app     info:    [server-manager] Previous Tranquility build: 2440374, current build: 2440374
2023-12-04 02:18:29.034    app     info:    [server-manager] Tranquility build is unchanged.
2023-12-04 02:18:29.038    app     info:    [server-manager] Ready to play!
2023-12-04 02:18:29.041    app     info:    [server-manager] Finished refresh cycle for Tranquility
2023-12-04 02:18:35.445    app     info:    [self-update] Checking for a launcher update...
2023-12-04 02:18:35.739    app     info:    [self-update] Currently running the latest launcher version. Scheduling update check in 5 minutes.
2023-12-04 02:23:29.043    app     info:    [server-manager] Starting refresh cycle for Tranquility
2023-12-04 02:23:29.137    app     info:    [server-manager] Previous Tranquility build: 2440374, current build: 2440374
2023-12-04 02:23:29.137    app     info:    [server-manager] Tranquility build is unchanged.
2023-12-04 02:23:29.141    app     info:    [server-manager] Ready to play!
2023-12-04 02:23:29.145    app     info:    [server-manager] Finished refresh cycle for Tranquility
2023-12-04 02:23:35.738    app     info:    [self-update] Checking for a launcher update...
2023-12-04 02:23:36.049    app     info:    [self-update] Currently running the latest launcher version. Scheduling update check in 5 minutes.
2023-12-04 02:28:29.154    app     info:    [server-manager] Starting refresh cycle for Tranquility
2023-12-04 02:28:29.300    app     info:    [server-manager] Previous Tranquility build: 2440374, current build: 2440374
2023-12-04 02:28:29.300    app     info:    [server-manager] Tranquility build is unchanged.
2023-12-04 02:28:29.305    app     info:    [server-manager] Ready to play!
2023-12-04 02:28:29.308    app     info:    [server-manager] Finished refresh cycle for Tranquility
2023-12-04 02:28:36.059    app     info:    [self-update] Checking for a launcher update...
2023-12-04 02:28:36.345    app     info:    [self-update] Currently running the latest launcher version. Scheduling update check in 5 minutes.
2023-12-04 02:33:29.318    app     info:    [server-manager] Starting refresh cycle for Tranquility
2023-12-04 02:33:29.411    app     info:    [server-manager] Previous Tranquility build: 2440374, current build: 2440374
2023-12-04 02:33:29.411    app     info:    [server-manager] Tranquility build is unchanged.
2023-12-04 02:33:29.415    app     info:    [server-manager] Ready to play!
2023-12-04 02:33:29.418    app     info:    [server-manager] Finished refresh cycle for Tranquility
2023-12-04 02:33:36.352    app     info:    [self-update] Checking for a launcher update...
2023-12-04 02:33:36.646    app     info:    [self-update] Currently running the latest launcher version. Scheduling update check in 5 minutes.
2023-12-04 02:38:29.421    app     info:    [server-manager] Starting refresh cycle for Tranquility
2023-12-04 02:38:29.538    app     info:    [server-manager] Previous Tranquility build: 2440374, current build: 2440374
2023-12-04 02:38:29.538    app     info:    [server-manager] Tranquility build is unchanged.
2023-12-04 02:38:29.542    app     info:    [server-manager] Ready to play!
2023-12-04 02:38:29.544    app     info:    [server-manager] Finished refresh cycle for Tranquility
2023-12-04 02:38:36.646    app     info:    [self-update] Checking for a launcher update...
2023-12-04 02:38:36.935    app     info:    [self-update] Currently running the latest launcher version. Scheduling update check in 5 minutes.
2023-12-04 02:43:29.558    app     info:    [server-manager] Starting refresh cycle for Tranquility
2023-12-04 02:43:29.656    app     info:    [server-manager] Previous Tranquility build: 2440374, current build: 2440374
2023-12-04 02:43:29.656    app     info:    [server-manager] Tranquility build is unchanged.
2023-12-04 02:43:29.660    app     info:    [server-manager] Ready to play!
2023-12-04 02:43:29.662    app     info:    [server-manager] Finished refresh cycle for Tranquility
2023-12-04 02:43:36.951    app     info:    [self-update] Checking for a launcher update...
2023-12-04 02:43:37.243    app     info:    [self-update] Currently running the latest launcher version. Scheduling update check in 5 minutes.
2023-12-04 02:48:29.673    app     info:    [server-manager] Starting refresh cycle for Tranquility
2023-12-04 02:48:29.781    app     info:    [server-manager] Previous Tranquility build: 2440374, current build: 2440374
2023-12-04 02:48:29.781    app     info:    [server-manager] Tranquility build is unchanged.
2023-12-04 02:48:29.785    app     info:    [server-manager] Ready to play!
2023-12-04 02:48:29.789    app     info:    [server-manager] Finished refresh cycle for Tranquility
2023-12-04 02:48:37.258    app     info:    [self-update] Checking for a launcher update...
2023-12-04 02:48:37.552    app     info:    [self-update] Currently running the latest launcher version. Scheduling update check in 5 minutes.
2023-12-04 02:53:29.799    app     info:    [server-manager] Starting refresh cycle for Tranquility
2023-12-04 02:53:29.910    app     info:    [server-manager] Previous Tranquility build: 2440374, current build: 2440374
2023-12-04 02:53:29.911    app     info:    [server-manager] Tranquility build is unchanged.
2023-12-04 02:53:29.915    app     info:    [server-manager] Ready to play!
2023-12-04 02:53:29.918    app     info:    [server-manager] Finished refresh cycle for Tranquility
2023-12-04 02:53:37.562    app     info:    [self-update] Checking for a launcher update...
2023-12-04 02:53:37.841    app     info:    [self-update] Currently running the latest launcher version. Scheduling update check in 5 minutes.
2023-12-04 02:53:57.167    app     info:    [creatives] Requesting creatives
2023-12-04 02:53:57.288    app     info:    [creatives] Received 3 creatives
2023-12-04 02:53:57.383    app     info:    [ipc-requests] Handling requests in the background
2023-12-04 02:53:58.388    app     info:    [ipc-requests] No longer handling requests in the background
2023-12-04 02:58:29.921    app     info:    [server-manager] Starting refresh cycle for Tranquility
2023-12-04 02:58:30.281    app     info:    [server-manager] Previous Tranquility build: 2440374, current build: 2440374
2023-12-04 02:58:30.281    app     info:    [server-manager] Tranquility build is unchanged.
2023-12-04 02:58:30.285    app     info:    [server-manager] Ready to play!
2023-12-04 02:58:30.287    app     info:    [server-manager] Finished refresh cycle for Tranquility
2023-12-04 02:58:37.856    app     info:    [self-update] Checking for a launcher update...
2023-12-04 02:58:38.139    app     info:    [self-update] Currently running the latest launcher version. Scheduling update check in 5 minutes.
2023-12-04 03:03:30.292    app     info:    [server-manager] Starting refresh cycle for Tranquility
2023-12-04 03:03:30.395    app     info:    [server-manager] Previous Tranquility build: 2440374, current build: 2440374
2023-12-04 03:03:30.395    app     info:    [server-manager] Tranquility build is unchanged.
2023-12-04 03:03:30.399    app     info:    [server-manager] Ready to play!
2023-12-04 03:03:30.401    app     info:    [server-manager] Finished refresh cycle for Tranquility
2023-12-04 03:03:38.148    app     info:    [self-update] Checking for a launcher update...
2023-12-04 03:03:38.438    app     info:    [self-update] Currently running the latest launcher version. Scheduling update check in 5 minutes.
2023-12-04 03:08:30.410    app     info:    [server-manager] Starting refresh cycle for Tranquility
2023-12-04 03:08:30.497    app     info:    [server-manager] Previous Tranquility build: 2440374, current build: 2440374
2023-12-04 03:08:30.497    app     info:    [server-manager] Tranquility build is unchanged.
2023-12-04 03:08:30.501    app     info:    [server-manager] Ready to play!
2023-12-04 03:08:30.505    app     info:    [server-manager] Finished refresh cycle for Tranquility
2023-12-04 03:08:38.445    app     info:    [self-update] Checking for a launcher update...
2023-12-04 03:08:38.721    app     info:    [self-update] Currently running the latest launcher version. Scheduling update check in 5 minutes.
2023-12-04 03:09:02.735    app     info:    [ipc-requests] Handling requests in the background
2023-12-04 03:09:03.741    app     info:    [ipc-requests] No longer handling requests in the background
2023-12-04 03:13:30.515    app     info:    [server-manager] Starting refresh cycle for Tranquility
2023-12-04 03:13:30.638    app     info:    [server-manager] Previous Tranquility build: 2440374, current build: 2440374
2023-12-04 03:13:30.638    app     info:    [server-manager] Tranquility build is unchanged.
2023-12-04 03:13:30.642    app     info:    [server-manager] Ready to play!
2023-12-04 03:13:30.645    app     info:    [server-manager] Finished refresh cycle for Tranquility
2023-12-04 03:13:38.736    app     info:    [self-update] Checking for a launcher update...
2023-12-04 03:13:39.011    app     info:    [self-update] Currently running the latest launcher version. Scheduling update check in 5 minutes.
2023-12-04 03:14:19.955    app     info:    [ipc-requests] Handling requests in the background
2023-12-04 03:14:20.957    app     info:    [ipc-requests] No longer handling requests in the background
2023-12-04 03:15:03.289    app     info:    [ipc-requests] Handling requests in the background
2023-12-04 03:15:04.300    app     info:    [ipc-requests] No longer handling requests in the background
2023-12-04 03:18:30.659    app     info:    [server-manager] Starting refresh cycle for Tranquility
2023-12-04 03:18:30.767    app     info:    [server-manager] Previous Tranquility build: 2440374, current build: 2440374
2023-12-04 03:18:30.767    app     info:    [server-manager] Tranquility build is unchanged.
2023-12-04 03:18:30.771    app     info:    [server-manager] Ready to play!
2023-12-04 03:18:30.774    app     info:    [server-manager] Finished refresh cycle for Tranquility
2023-12-04 03:18:39.022    app     info:    [self-update] Checking for a launcher update...
2023-12-04 03:18:39.311    app     info:    [self-update] Currently running the latest launcher version. Scheduling update check in 5 minutes.
2023-12-04 03:23:30.789    app     info:    [server-manager] Starting refresh cycle for Tranquility
2023-12-04 03:23:30.886    app     info:    [server-manager] Previous Tranquility build: 2440374, current build: 2440374
2023-12-04 03:23:30.886    app     info:    [server-manager] Tranquility build is unchanged.
2023-12-04 03:23:30.890    app     info:    [server-manager] Ready to play!
2023-12-04 03:23:30.892    app     info:    [server-manager] Finished refresh cycle for Tranquility
2023-12-04 03:23:39.322    app     info:    [self-update] Checking for a launcher update...
2023-12-04 03:23:39.604    app     info:    [self-update] Currently running the latest launcher version. Scheduling update check in 5 minutes.
2023-12-04 03:28:30.906    app     info:    [server-manager] Starting refresh cycle for Tranquility
2023-12-04 03:28:30.995    app     info:    [server-manager] Previous Tranquility build: 2440374, current build: 2440374
2023-12-04 03:28:30.995    app     info:    [server-manager] Tranquility build is unchanged.
2023-12-04 03:28:30.999    app     info:    [server-manager] Ready to play!
2023-12-04 03:28:31.002    app     info:    [server-manager] Finished refresh cycle for Tranquility
2023-12-04 03:28:39.610    app     info:    [self-update] Checking for a launcher update...
2023-12-04 03:28:39.878    app     info:    [self-update] Currently running the latest launcher version. Scheduling update check in 5 minutes.
2023-12-04 03:33:31.015    app     info:    [server-manager] Starting refresh cycle for Tranquility
2023-12-04 03:33:31.131    app     info:    [server-manager] Previous Tranquility build: 2440374, current build: 2440374
2023-12-04 03:33:31.131    app     info:    [server-manager] Tranquility build is unchanged.
2023-12-04 03:33:31.135    app     info:    [server-manager] Ready to play!
2023-12-04 03:33:31.137    app     info:    [server-manager] Finished refresh cycle for Tranquility
2023-12-04 03:33:39.881    app     info:    [self-update] Checking for a launcher update...
2023-12-04 03:33:40.165    app     info:    [self-update] Currently running the latest launcher version. Scheduling update check in 5 minutes.
2023-12-04 03:38:31.145    app     info:    [server-manager] Starting refresh cycle for Tranquility
2023-12-04 03:38:31.238    app     info:    [server-manager] Previous Tranquility build: 2440374, current build: 2440374
2023-12-04 03:38:31.238    app     info:    [server-manager] Tranquility build is unchanged.
2023-12-04 03:38:31.242    app     info:    [server-manager] Ready to play!
2023-12-04 03:38:31.245    app     info:    [server-manager] Finished refresh cycle for Tranquility
2023-12-04 03:38:40.180    app     info:    [self-update] Checking for a launcher update...
2023-12-04 03:38:40.467    app     info:    [self-update] Currently running the latest launcher version. Scheduling update check in 5 minutes.
2023-12-04 03:43:31.251    app     info:    [server-manager] Starting refresh cycle for Tranquility
2023-12-04 03:43:31.338    app     info:    [server-manager] Previous Tranquility build: 2440374, current build: 2440374
2023-12-04 03:43:31.338    app     info:    [server-manager] Tranquility build is unchanged.
2023-12-04 03:43:31.342    app     info:    [server-manager] Ready to play!
2023-12-04 03:43:31.345    app     info:    [server-manager] Finished refresh cycle for Tranquility
2023-12-04 03:43:40.476    app     info:    [self-update] Checking for a launcher update...
2023-12-04 03:43:40.759    app     info:    [self-update] Currently running the latest launcher version. Scheduling update check in 5 minutes.
2023-12-04 03:45:48.556    app     info:    [ipc-requests] Handling requests in the background
2023-12-04 03:45:49.573    app     info:    [ipc-requests] No longer handling requests in the background
2023-12-04 03:46:09.683    app     info:    [ipc-requests] Handling requests in the background
2023-12-04 03:46:10.695    app     info:    [ipc-requests] No longer handling requests in the background
2023-12-04 03:46:32.640    app     info:    [ipc-requests] Handling requests in the background
2023-12-04 03:46:33.295    app     info:    [ipc-requests] Handling requests in the background
2023-12-04 03:46:33.644    app     info:    [ipc-requests] No longer handling requests in the background
2023-12-04 03:46:34.298    app     info:    [ipc-requests] No longer handling requests in the background
2023-12-04 03:48:31.352    app     info:    [server-manager] Starting refresh cycle for Tranquility
2023-12-04 03:48:31.446    app     info:    [server-manager] Previous Tranquility build: 2440374, current build: 2440374
2023-12-04 03:48:31.446    app     info:    [server-manager] Tranquility build is unchanged.
2023-12-04 03:48:31.451    app     info:    [server-manager] Ready to play!
2023-12-04 03:48:31.454    app     info:    [server-manager] Finished refresh cycle for Tranquility
2023-12-04 03:48:40.768    app     info:    [self-update] Checking for a launcher update...
2023-12-04 03:48:41.076    app     info:    [self-update] Currently running the latest launcher version. Scheduling update check in 5 minutes.
2023-12-04 03:53:31.457    app     info:    [server-manager] Starting refresh cycle for Tranquility
2023-12-04 03:53:31.561    app     info:    [server-manager] Previous Tranquility build: 2440374, current build: 2440374
2023-12-04 03:53:31.561    app     info:    [server-manager] Tranquility build is unchanged.
2023-12-04 03:53:31.566    app     info:    [server-manager] Ready to play!
2023-12-04 03:53:31.569    app     info:    [server-manager] Finished refresh cycle for Tranquility
2023-12-04 03:53:41.085    app     info:    [self-update] Checking for a launcher update...
2023-12-04 03:53:41.368    app     info:    [self-update] Currently running the latest launcher version. Scheduling update check in 5 minutes.
2023-12-04 03:58:31.585    app     info:    [server-manager] Starting refresh cycle for Tranquility
2023-12-04 03:58:31.685    app     info:    [server-manager] Previous Tranquility build: 2440374, current build: 2440374
2023-12-04 03:58:31.685    app     info:    [server-manager] Tranquility build is unchanged.
2023-12-04 03:58:31.689    app     info:    [server-manager] Ready to play!
2023-12-04 03:58:31.691    app     info:    [server-manager] Finished refresh cycle for Tranquility
2023-12-04 03:58:41.370    app     info:    [self-update] Checking for a launcher update...
2023-12-04 03:58:41.639    app     info:    [self-update] Currently running the latest launcher version. Scheduling update check in 5 minutes.
2023-12-04 04:03:31.697    app     info:    [server-manager] Starting refresh cycle for Tranquility
2023-12-04 04:03:31.889    app     info:    [server-manager] Previous Tranquility build: 2440374, current build: 2440374
2023-12-04 04:03:31.889    app     info:    [server-manager] Tranquility build is unchanged.
2023-12-04 04:03:31.894    app     info:    [server-manager] Ready to play!
2023-12-04 04:03:31.897    app     info:    [server-manager] Finished refresh cycle for Tranquility
2023-12-04 04:03:41.647    app     info:    [self-update] Checking for a launcher update...
2023-12-04 04:03:41.937    app     info:    [self-update] Currently running the latest launcher version. Scheduling update check in 5 minutes.
2023-12-04 04:08:31.899    app     info:    [server-manager] Starting refresh cycle for Tranquility
2023-12-04 04:08:32.005    app     info:    [server-manager] Previous Tranquility build: 2440374, current build: 2440374
2023-12-04 04:08:32.005    app     info:    [server-manager] Tranquility build is unchanged.
2023-12-04 04:08:32.010    app     info:    [server-manager] Ready to play!
2023-12-04 04:08:32.012    app     info:    [server-manager] Finished refresh cycle for Tranquility
2023-12-04 04:08:41.942    app     info:    [self-update] Checking for a launcher update...
2023-12-04 04:08:42.209    app     info:    [self-update] Currently running the latest launcher version. Scheduling update check in 5 minutes.
2023-12-04 04:08:48.279    app     info:    [creatives] Requesting creatives
2023-12-04 04:08:48.408    app     info:    [creatives] Received 3 creatives
2023-12-04 04:08:50.560    app     info:    [ipc-requests] Handling requests in the background
2023-12-04 04:08:51.562    app     info:    [ipc-requests] No longer handling requests in the background
2023-12-04 04:09:24.887    app     info:    [ipc-requests] Handling requests in the background
2023-12-04 04:09:25.899    app     info:    [ipc-requests] No longer handling requests in the background
2023-12-04 04:09:25.937    app     info:    [ipc-requests] Handling requests in the background
2023-12-04 04:09:26.940    app     info:    [ipc-requests] No longer handling requests in the background
2023-12-04 04:10:21.435    app     info:    [ipc-requests] Handling requests in the background
2023-12-04 04:10:22.438    app     info:    [ipc-requests] No longer handling requests in the background
2023-12-04 04:10:34.276    app     info:    [ipc-requests] Handling requests in the background
2023-12-04 04:10:35.290    app     info:    [ipc-requests] No longer handling requests in the background
2023-12-04 04:13:32.015    app     info:    [server-manager] Starting refresh cycle for Tranquility
2023-12-04 04:13:32.103    app     info:    [server-manager] Previous Tranquility build: 2440374, current build: 2440374
2023-12-04 04:13:32.104    app     info:    [server-manager] Tranquility build is unchanged.
2023-12-04 04:13:32.108    app     info:    [server-manager] Ready to play!
2023-12-04 04:13:32.112    app     info:    [server-manager] Finished refresh cycle for Tranquility
2023-12-04 04:13:42.223    app     info:    [self-update] Checking for a launcher update...
2023-12-04 04:13:42.520    app     info:    [self-update] Currently running the latest launcher version. Scheduling update check in 5 minutes.
2023-12-04 04:15:16.765    app     info:    [ipc-requests] Handling requests in the background
2023-12-04 04:15:17.765    app     info:    [ipc-requests] No longer handling requests in the background
2023-12-04 04:15:20.828    app     info:    [ipc-requests] Handling requests in the background
2023-12-04 04:15:21.830    app     info:    [ipc-requests] No longer handling requests in the background
2023-12-04 04:17:05.769    app     info:    [ipc-requests] Handling requests in the background
2023-12-04 04:17:06.782    app     info:    [ipc-requests] No longer handling requests in the background
2023-12-04 04:17:50.629    app     info:    [ipc-requests] Handling requests in the background
2023-12-04 04:17:51.648    app     info:    [ipc-requests] No longer handling requests in the background
2023-12-04 04:18:32.122    app     info:    [server-manager] Starting refresh cycle for Tranquility
2023-12-04 04:18:32.230    app     info:    [server-manager] Previous Tranquility build: 2440374, current build: 2440374
2023-12-04 04:18:32.230    app     info:    [server-manager] Tranquility build is unchanged.
2023-12-04 04:18:32.235    app     info:    [server-manager] Ready to play!
2023-12-04 04:18:32.239    app     info:    [server-manager] Finished refresh cycle for Tranquility
2023-12-04 04:18:42.526    app     info:    [self-update] Checking for a launcher update...
2023-12-04 04:18:42.816    app     info:    [self-update] Currently running the latest launcher version. Scheduling update check in 5 minutes.
2023-12-04 04:19:51.592    app     info:    [ipc-requests] Handling requests in the background
2023-12-04 04:19:52.602    app     info:    [ipc-requests] No longer handling requests in the background
2023-12-04 04:19:54.273    app     info:    [client-manager] 'tranquility' for EVE game client for '29280260' exited with no errors.
2023-12-04 04:19:54.275    app     info:    [elg-events] Sending event    eve_launcher.electron.eve_client.GameClientExited
2023-12-04 04:19:54.282    app     info:    [server-manager] Starting refresh cycle for Tranquility
2023-12-04 04:19:54.384    app     info:    [server-manager] Previous Tranquility build: 2440374, current build: 2440374
2023-12-04 04:19:54.384    app     info:    [server-manager] Tranquility build is unchanged.
2023-12-04 04:19:54.388    app     info:    [server-manager] Ready to play!
2023-12-04 04:19:54.391    app     info:    [server-manager] Finished refresh cycle for Tranquility
2023-12-04 04:20:00.893    app     info:    [main-window] Main window minimized to tray    { windowId: 2 }
2023-12-04 04:20:00.913    app     info:    [main-window] Sent notification that the application is minimized to tray    { windowId: 2 }
2023-12-04 04:20:00.918    app     info:    [ipc-requests] Handling requests in the background
2023-12-04 04:20:01.928    app     info:    [ipc-requests] No longer handling requests in the background
