2024-01-06 18:09:47.352    app     info:    Startup arguments    []
2024-01-06 18:09:47.357    app     info:    [self-update] Starting automatic update checks
2024-01-06 18:09:47.358    app     info:    [self-update] Waiting for update feed before starting update checks
2024-01-06 18:09:47.361    app     info:    [preload] High DPI scaling enabled by settings
2024-01-06 18:09:47.502    app     info:    [i18next] Changed language    en
2024-01-06 18:09:47.613    app     info:    [authentication] Token for '16492377' on 'tranquility' is expired, refresh is required
2024-01-06 18:09:47.613    app     info:    [authentication] Refreshing token for '16492377' on 'tranquility'
2024-01-06 18:09:47.614    app     info:    [authentication] Token for '17525312' on 'tranquility' is expired, refresh is required
2024-01-06 18:09:47.614    app     info:    [authentication] Refreshing token for '17525312' on 'tranquility'
2024-01-06 18:09:47.615    app     info:    [authentication] Token for '25218835' on 'tranquility' is expired, refresh is required
2024-01-06 18:09:47.615    app     info:    [authentication] Refreshing token for '25218835' on 'tranquility'
2024-01-06 18:09:47.616    app     info:    [customer-information] Getting character information for '29280260' on 'tranquility'
2024-01-06 18:09:47.617    app     info:    [customer-information] Getting Omega status for '29280260' on 'tranquility'
2024-01-06 18:09:47.617    app     info:    [virtual-goods] Getting Plex status for '29280260' on 'tranquility'
2024-01-06 18:09:47.620    app     info:    [customer-information] Getting character information for '29285645' on 'tranquility'
2024-01-06 18:09:47.620    app     info:    [customer-information] Getting Omega status for '29285645' on 'tranquility'
2024-01-06 18:09:47.621    app     info:    [virtual-goods] Getting Plex status for '29285645' on 'tranquility'
2024-01-06 18:09:47.621    app     info:    [authentication] Token for '18034259' on 'tranquility' is expired, refresh is required
2024-01-06 18:09:47.621    app     info:    [authentication] Refreshing token for '18034259' on 'tranquility'
2024-01-06 18:09:47.622    app     info:    [authentication] Token for '28182799' on 'tranquility' is expired, refresh is required
2024-01-06 18:09:47.622    app     info:    [authentication] Refreshing token for '28182799' on 'tranquility'
2024-01-06 18:09:47.622    app     info:    [authentication] Token for '2110311' on 'tranquility' is expired, refresh is required
2024-01-06 18:09:47.622    app     info:    [authentication] Refreshing token for '2110311' on 'tranquility'
2024-01-06 18:09:47.623    app     info:    [authentication] Token for '23622903' on 'tranquility' is expired, refresh is required
2024-01-06 18:09:47.623    app     info:    [authentication] Refreshing token for '23622903' on 'tranquility'
2024-01-06 18:09:47.623    app     info:    [authentication] Token for '26239201' on 'tranquility' is expired, refresh is required
2024-01-06 18:09:47.623    app     info:    [authentication] Refreshing token for '26239201' on 'tranquility'
2024-01-06 18:09:47.624    app     info:    [authentication] Token for '18922386' on 'tranquility' is expired, refresh is required
2024-01-06 18:09:47.624    app     info:    [authentication] Refreshing token for '18922386' on 'tranquility'
2024-01-06 18:09:47.624    app     info:    [authentication] Token for '18000247' on 'tranquility' is expired, refresh is required
2024-01-06 18:09:47.625    app     info:    [authentication] Refreshing token for '18000247' on 'tranquility'
2024-01-06 18:09:47.625    app     info:    [authentication] Token for '13595732' on 'tranquility' is expired, refresh is required
2024-01-06 18:09:47.625    app     info:    [authentication] Refreshing token for '13595732' on 'tranquility'
2024-01-06 18:09:47.626    app     info:    [authentication] Token for '15136212' on 'tranquility' is expired, refresh is required
2024-01-06 18:09:47.626    app     info:    [authentication] Refreshing token for '15136212' on 'tranquility'
2024-01-06 18:09:47.626    app     info:    [device-id] Device id found in state
2024-01-06 18:09:47.638    app     info:    [analytics] Application name:    EVE Online
2024-01-06 18:09:47.638    app     info:    [analytics] Application version:    1.2.1
2024-01-06 18:09:47.638    app     info:    [analytics] Domain    undefined
2024-01-06 18:09:47.639    app     info:    [analytics] Working directory    C:\Users\REDACTED\AppData\Local\eve-online\app-1.2.1
2024-01-06 18:09:47.640    app     info:    [analytics] Username contains UTF8?    false
2024-01-06 18:09:48.007    app     info:    [elg-events] Sending event    eve_launcher.electron.application.PdmLoaded
2024-01-06 18:09:48.014    app     info:    [analytics] Operating system    {
  type: 'Windows',
  name: 'Windows 10 Education',
  version: '10.0 (19045)'
}
2024-01-06 18:09:48.016    app     info:    [analytics] Encryption available:    true
2024-01-06 18:09:48.016    app     info:    [analytics] Machine UUID    4E9F516C-5B97-47C6-8C67-E93D943CB7C8
2024-01-06 18:09:48.016    app     info:    [analytics] PDM Version    2.1.4
2024-01-06 18:09:48.017    app     info:    [analytics] Release channel    release
2024-01-06 18:09:48.022    app     info:    [initializers] Shared cache directory set to    C:\CCP\EVE Online
2024-01-06 18:09:48.048    app     info:    [initializers] Shared cache drive free space: 96,85 GiB / 433,74 GiB
2024-01-06 18:09:48.057    app     info:    [elg-events] Sending event    eve_launcher.electron.application.LauncherStarted
2024-01-06 18:09:48.061    app     info:    [elg-events] Sending event    eve_launcher.electron.application.CoreDataLoaded
2024-01-06 18:09:48.062    app     info:    [cdn-trace] Fetching CDN trace data from https://binaries.eveonline.com/cdn-cgi/trace
2024-01-06 18:09:48.080    app     info:    [feature-flags] Initializing feature flag client
2024-01-06 18:09:48.200    app     info:    [first-run] First application run was at 2023-11-27T10:29:20.506Z
2024-01-06 18:09:48.258    app     info:    [cache-protocol] Found 0 entries to remove
2024-01-06 18:09:48.258    app     info:    [cache-protocol] Nothing to clean up.
2024-01-06 18:09:48.294    app     info:    [virtual-goods] Fetched Plex status for '29280260' on 'tranquility'
2024-01-06 18:09:48.301    app     info:    [virtual-goods] Fetched Plex status for '29285645' on 'tranquility'
2024-01-06 18:09:48.327    app     info:    [customer-information] Agreements have been updated
2024-01-06 18:09:48.331    app     info:    [esi] Fetching character details for 2121853336
2024-01-06 18:09:48.348    app     info:    [server-manager] Starting refresh cycle for eve-online / Tranquility
2024-01-06 18:09:48.353    app     info:    info: [LaunchDarkly] LaunchDarkly client initialized    []
2024-01-06 18:09:48.353    app     info:    info: [LaunchDarkly] Opening stream connection to https://clientstream.launchdarkly.com/eval/64c3d12e27a4b11365012d39/eyJrZXkiOiI0YTQzNmFkYi00Yjk5LTQwYTctODViMC00MmUyMDZmNDEyODYiLCJraW5kIjoidXNlciIsImN1c3RvbSI6eyJpc0ZpcnN0UnVuIjpmYWxzZSwiZGF5c1NpbmNlRmlyc3RSdW4iOjQwLCJsYW5ndWFnZSI6ImVuIiwiYXBwbGljYXRpb24iOiJldmUtb25saW5lIiwidmVyc2lvbiI6IjEuMi4xIiwicGxhdGZvcm0iOiJ3aW5kb3dzIiwiaXNHZUZvcmNlTm93IjpmYWxzZSwib3NWZXJzaW9uRGVwcmVjYXRlZCI6ZmFsc2UsInVzZXJJZHMiOlsxNjQ5MjM3NywyNTIxODgzNSwyMTEwMzExLDI5Mjg1NjQ1XSwib21lZ2FDb3VudCI6MCwiYWxwaGFDb3VudCI6MTQsImFjY291bnRDb3VudCI6MTQsIm9sZGVzdEFjY291bnRBZ2UiOjYwMjQsInlvdW5nZXN0QWNjb3VudEFnZSI6MzZ9fQ?withReasons=true    []
2024-01-06 18:09:48.355    app     info:    [feature-flags] Client 4a436adb... ready, fetching flags
2024-01-06 18:09:48.361    app     info:    [feature-flags] Received 20 flags for client 4a436adb...
2024-01-06 18:09:48.361    app     info:    [feature-flags] Client initialized with key 4a436adb...
2024-01-06 18:09:48.363    app     info:    [self-update] Update feed set, starting update checks
2024-01-06 18:09:48.363    app     info:    [self-update] Starting automatic update checks
2024-01-06 18:09:48.364    app     info:    [self-update] Checking for a launcher update...
2024-01-06 18:09:48.421    app     info:    [esi] Fetching character details for 2121878074
2024-01-06 18:09:48.531    app     info:    [authentication] Token for '28182799' on 'tranquility' has been successfully refreshed
2024-01-06 18:09:48.533    app     info:    [elg-events] Sending event    eve_launcher.electron.authentication.UserTokensRefreshed
2024-01-06 18:09:48.535    app     info:    [customer-information] Getting character information for '28182799' on 'tranquility'
2024-01-06 18:09:48.535    app     info:    [customer-information] Getting Omega status for '28182799' on 'tranquility'
2024-01-06 18:09:48.536    app     info:    [virtual-goods] Getting Plex status for '28182799' on 'tranquility'
2024-01-06 18:09:48.548    app     info:    [authentication] Token for '23622903' on 'tranquility' has been successfully refreshed
2024-01-06 18:09:48.550    app     info:    [elg-events] Sending event    eve_launcher.electron.authentication.UserTokensRefreshed
2024-01-06 18:09:48.552    app     info:    [customer-information] Getting character information for '23622903' on 'tranquility'
2024-01-06 18:09:48.552    app     info:    [customer-information] Getting Omega status for '23622903' on 'tranquility'
2024-01-06 18:09:48.552    app     info:    [virtual-goods] Getting Plex status for '23622903' on 'tranquility'
2024-01-06 18:09:48.563    app     info:    [authentication] Token for '18034259' on 'tranquility' has been successfully refreshed
2024-01-06 18:09:48.565    app     info:    [elg-events] Sending event    eve_launcher.electron.authentication.UserTokensRefreshed
2024-01-06 18:09:48.567    app     info:    [customer-information] Getting character information for '18034259' on 'tranquility'
2024-01-06 18:09:48.567    app     info:    [customer-information] Getting Omega status for '18034259' on 'tranquility'
2024-01-06 18:09:48.567    app     info:    [virtual-goods] Getting Plex status for '18034259' on 'tranquility'
2024-01-06 18:09:48.579    app     info:    [authentication] Token for '26239201' on 'tranquility' has been successfully refreshed
2024-01-06 18:09:48.581    app     info:    [elg-events] Sending event    eve_launcher.electron.authentication.UserTokensRefreshed
2024-01-06 18:09:48.583    app     info:    [customer-information] Getting character information for '26239201' on 'tranquility'
2024-01-06 18:09:48.583    app     info:    [customer-information] Getting Omega status for '26239201' on 'tranquility'
2024-01-06 18:09:48.583    app     info:    [virtual-goods] Getting Plex status for '26239201' on 'tranquility'
2024-01-06 18:09:48.593    app     info:    [authentication] Token for '15136212' on 'tranquility' has been successfully refreshed
2024-01-06 18:09:48.595    app     info:    [elg-events] Sending event    eve_launcher.electron.authentication.UserTokensRefreshed
2024-01-06 18:09:48.597    app     info:    [customer-information] Getting character information for '15136212' on 'tranquility'
2024-01-06 18:09:48.597    app     info:    [customer-information] Getting Omega status for '15136212' on 'tranquility'
2024-01-06 18:09:48.597    app     info:    [virtual-goods] Getting Plex status for '15136212' on 'tranquility'
2024-01-06 18:09:48.609    app     info:    [authentication] Token for '17525312' on 'tranquility' has been successfully refreshed
2024-01-06 18:09:48.611    app     info:    [elg-events] Sending event    eve_launcher.electron.authentication.UserTokensRefreshed
2024-01-06 18:09:48.615    app     info:    [customer-information] Getting character information for '17525312' on 'tranquility'
2024-01-06 18:09:48.615    app     info:    [customer-information] Getting Omega status for '17525312' on 'tranquility'
2024-01-06 18:09:48.615    app     info:    [virtual-goods] Getting Plex status for '17525312' on 'tranquility'
2024-01-06 18:09:48.627    app     info:    [authentication] Token for '18922386' on 'tranquility' has been successfully refreshed
2024-01-06 18:09:48.629    app     info:    [elg-events] Sending event    eve_launcher.electron.authentication.UserTokensRefreshed
2024-01-06 18:09:48.630    app     info:    [customer-information] Getting character information for '18922386' on 'tranquility'
2024-01-06 18:09:48.630    app     info:    [customer-information] Getting Omega status for '18922386' on 'tranquility'
2024-01-06 18:09:48.631    app     info:    [virtual-goods] Getting Plex status for '18922386' on 'tranquility'
2024-01-06 18:09:48.642    app     info:    [authentication] Token for '16492377' on 'tranquility' has been successfully refreshed
2024-01-06 18:09:48.643    app     info:    [elg-events] Sending event    eve_launcher.electron.authentication.UserTokensRefreshed
2024-01-06 18:09:48.645    app     info:    [customer-information] Getting character information for '16492377' on 'tranquility'
2024-01-06 18:09:48.645    app     info:    [customer-information] Getting Omega status for '16492377' on 'tranquility'
2024-01-06 18:09:48.645    app     info:    [virtual-goods] Getting Plex status for '16492377' on 'tranquility'
2024-01-06 18:09:48.656    app     info:    [authentication] Token for '18000247' on 'tranquility' has been successfully refreshed
2024-01-06 18:09:48.658    app     info:    [elg-events] Sending event    eve_launcher.electron.authentication.UserTokensRefreshed
2024-01-06 18:09:48.660    app     info:    [customer-information] Getting character information for '18000247' on 'tranquility'
2024-01-06 18:09:48.660    app     info:    [customer-information] Getting Omega status for '18000247' on 'tranquility'
2024-01-06 18:09:48.660    app     info:    [virtual-goods] Getting Plex status for '18000247' on 'tranquility'
2024-01-06 18:09:48.673    app     info:    [authentication] Token for '2110311' on 'tranquility' has been successfully refreshed
2024-01-06 18:09:48.676    app     info:    [elg-events] Sending event    eve_launcher.electron.authentication.UserTokensRefreshed
2024-01-06 18:09:48.677    app     info:    [customer-information] Getting character information for '2110311' on 'tranquility'
2024-01-06 18:09:48.677    app     info:    [customer-information] Getting Omega status for '2110311' on 'tranquility'
2024-01-06 18:09:48.677    app     info:    [virtual-goods] Getting Plex status for '2110311' on 'tranquility'
2024-01-06 18:09:48.695    app     info:    [authentication] Token for '13595732' on 'tranquility' has been successfully refreshed
2024-01-06 18:09:48.696    app     info:    [elg-events] Sending event    eve_launcher.electron.authentication.UserTokensRefreshed
2024-01-06 18:09:48.698    app     info:    [customer-information] Getting character information for '13595732' on 'tranquility'
2024-01-06 18:09:48.698    app     info:    [customer-information] Getting Omega status for '13595732' on 'tranquility'
2024-01-06 18:09:48.698    app     info:    [virtual-goods] Getting Plex status for '13595732' on 'tranquility'
2024-01-06 18:09:48.710    app     info:    [authentication] Token for '25218835' on 'tranquility' has been successfully refreshed
2024-01-06 18:09:48.711    app     info:    [elg-events] Sending event    eve_launcher.electron.authentication.UserTokensRefreshed
2024-01-06 18:09:48.713    app     info:    [customer-information] Getting character information for '25218835' on 'tranquility'
2024-01-06 18:09:48.713    app     info:    [customer-information] Getting Omega status for '25218835' on 'tranquility'
2024-01-06 18:09:48.713    app     info:    [virtual-goods] Getting Plex status for '25218835' on 'tranquility'
2024-01-06 18:09:48.722    app     info:    [AuthenticationMiddleware] Successfully restored 16 / 16 users
2024-01-06 18:09:48.736    app     info:    [server-manager] Previous Tranquility build: 2461603, current build: 2461603
2024-01-06 18:09:48.736    app     info:    [server-manager] Tranquility build is unchanged.
2024-01-06 18:09:48.742    app     info:    [server-manager] Ready to play!
2024-01-06 18:09:48.745    app     info:    [server-manager] Finished refresh cycle for Tranquility
2024-01-06 18:09:48.817    app     info:    [esi] Fetching character details for 2115479508
2024-01-06 18:09:48.837    app     info:    [virtual-goods] Fetched Plex status for '17525312' on 'tranquility'
2024-01-06 18:09:48.852    app     info:    [esi] Fetching character details for 2114656127, 2121178396
2024-01-06 18:09:48.862    app     info:    [AuthenticationMiddleware] User information updated
2024-01-06 18:09:48.863    app     info:    [virtual-goods] Fetched Plex status for '13595732' on 'tranquility'
2024-01-06 18:09:48.871    app     info:    [esi] Fetching character details for 2113875139, 2121174871
2024-01-06 18:09:48.880    app     info:    [virtual-goods] Fetched Plex status for '18000247' on 'tranquility'
2024-01-06 18:09:48.886    app     info:    [virtual-goods] Fetched Plex status for '26239201' on 'tranquility'
2024-01-06 18:09:48.907    app     info:    [esi] Fetching character details for 2118248041, 2121175776
2024-01-06 18:09:48.917    app     info:    [esi] Fetching character details for 2121174545
2024-01-06 18:09:48.925    app     info:    [virtual-goods] Fetched Plex status for '23622903' on 'tranquility'
2024-01-06 18:09:48.933    app     info:    [esi] Fetching character details for 2119361891, 2120347635
2024-01-06 18:09:48.956    app     info:    [esi] Fetching character details for 2121927552
2024-01-06 18:09:48.974    app     info:    [esi] Fetching character details for 2115031890, 2121177973
2024-01-06 18:09:48.991    app     info:    [virtual-goods] Fetched Plex status for '18034259' on 'tranquility'
2024-01-06 18:09:48.997    app     info:    [AuthenticationMiddleware] User information updated
2024-01-06 18:09:48.999    app     info:    [esi] Fetching character details for 2121927031
2024-01-06 18:09:49.025    app     info:    [esi] Fetching character details for 578564394, 2115457291
2024-01-06 18:09:49.035    app     info:    [esi] Fetching character details for 2121178171
2024-01-06 18:09:49.043    app     info:    [AuthenticationMiddleware] User information updated
2024-01-06 18:09:49.044    app     info:    [esi] Fetching character details for 2121891348
2024-01-06 18:09:49.052    app     info:    [AuthenticationMiddleware] User information updated
2024-01-06 18:09:49.061    app     info:    [AuthenticationMiddleware] User information updated
2024-01-06 18:09:49.068    app     info:    [AuthenticationMiddleware] User information updated
2024-01-06 18:09:49.070    app     info:    [self-update] Currently running the latest launcher version. Scheduling update check in 5 minutes.
2024-01-06 18:09:49.079    app     info:    [virtual-goods] Fetched Plex status for '2110311' on 'tranquility'
2024-01-06 18:09:49.085    app     info:    [AuthenticationMiddleware] User information updated
2024-01-06 18:09:49.085    app     info:    [virtual-goods] Fetched Plex status for '25218835' on 'tranquility'
2024-01-06 18:09:49.091    app     info:    [AuthenticationMiddleware] User information updated
2024-01-06 18:09:49.092    app     info:    [virtual-goods] Fetched Plex status for '15136212' on 'tranquility'
2024-01-06 18:09:49.098    app     info:    [AuthenticationMiddleware] User information updated
2024-01-06 18:09:49.098    app     info:    [virtual-goods] Fetched Plex status for '16492377' on 'tranquility'
2024-01-06 18:09:49.104    app     info:    [AuthenticationMiddleware] User information updated
2024-01-06 18:09:49.108    app     info:    [virtual-goods] Fetched Plex status for '28182799' on 'tranquility'
2024-01-06 18:09:49.113    app     info:    [AuthenticationMiddleware] User information updated
2024-01-06 18:09:49.118    app     info:    [virtual-goods] Fetched Plex status for '18922386' on 'tranquility'
2024-01-06 18:09:49.123    app     info:    [AuthenticationMiddleware] User information updated
2024-01-06 18:09:49.210    app     info:    [esi] Fetched 1 character details for 29280260
2024-01-06 18:09:49.247    app     info:    [esi] Fetched 1 character details for 29285645
2024-01-06 18:09:49.377    app     warn:    [steam-auth] Failed to initialize Steamworks client
2024-01-06 18:09:49.384    app     info:    [main-window] Registering main window    { windowId: 2 }
2024-01-06 18:09:49.395    app     info:    [cdn-trace] Fetching CDN trace data from https://binaries.eveonline.com/cdn-cgi/trace
2024-01-06 18:09:49.397    app     info:    [creatives] Requesting creatives
2024-01-06 18:09:49.403    app     info:    [elg-events] Sending event    eve_launcher.electron.application.RendererLoaded
2024-01-06 18:09:49.472    app     info:    [esi] Fetched 1 character details for 18922386
2024-01-06 18:09:49.525    app     info:    [creatives] Received 3 creatives
2024-01-06 18:09:49.530    app     info:    [esi] Fetched 1 character details for 26239201
2024-01-06 18:09:49.534    app     info:    [esi] Fetched 1 character details for 18000247
2024-01-06 18:09:49.542    app     info:    [esi] Fetched 2 character details for 25218835
2024-01-06 18:09:49.544    app     info:    [esi] Fetched 2 character details for 16492377
2024-01-06 18:09:49.546    app     info:    [esi] Fetched 1 character details for 13595732
2024-01-06 18:09:49.549    app     info:    [esi] Fetched 1 character details for 15136212
2024-01-06 18:09:49.551    app     info:    [esi] Fetched 1 character details for 28182799
2024-01-06 18:09:49.572    app     info:    [esi] Fetched 2 character details for 18034259
2024-01-06 18:09:49.575    app     info:    [esi] Fetched 2 character details for 2110311
2024-01-06 18:09:49.588    app     info:    [esi] Fetched 2 character details for 17525312
2024-01-06 18:09:49.694    app     info:    [esi] Fetched 2 character details for 23622903
2024-01-06 18:09:50.517     ui     info:    Initializing captcha    ccp://launcher/renderer/main_window/index.js    2
2024-01-06 18:09:54.713    app     info:    [analytics] Hardware rendering enabled:    true    { disabledViaCommandline: false, disabledViaSettings: false }
2024-01-06 18:09:58.369    app     info:    [AuthenticationMiddleware] Character information for '29280260' on 'tranquility' was loaded recently, skipping refresh.
2024-01-06 18:09:58.369    app     info:    [AuthenticationMiddleware] Plex information for '29280260' on 'tranquility' was loaded recently, skipping refresh.
2024-01-06 18:10:00.237    app     info:    [AuthenticationMiddleware] Character information for '29280260' on 'tranquility' was loaded recently, skipping refresh.
2024-01-06 18:10:00.238    app     info:    [AuthenticationMiddleware] Plex information for '29280260' on 'tranquility' was loaded recently, skipping refresh.
2024-01-06 18:10:01.469    app     info:    [client-queue] Queued client startup    {
  product: 'eve-online',
  tenant: 'tranquility',
  userId: 29280260,
  characterId: 2121853336,
  profile: ''
}
2024-01-06 18:10:01.471    app     info:    [elg-events] Sending event    eve_launcher.electron.eve_client.ClientQueued
2024-01-06 18:10:01.472    app     info:    [client-queue] No clients running for tranquility, copying files before starting a client
2024-01-06 18:10:01.477    app     info:    [elg-events] Sending event    eve_launcher.electron.eve_client.CopyingFilesStarted
2024-01-06 18:10:01.478    app     info:    [binary-copier] Copying 194 files (217 MB) to 'C:\CCP\EVE Online\tq'
2024-01-06 18:10:01.518    app     info:    [binary-copier] Removing old binaries
2024-01-06 18:10:01.533    app     info:    [binary-copier] Copying binaries from ResFiles
2024-01-06 18:10:01.971    app     info:    [binary-copier] Finished copying 194 files to 'C:\CCP\EVE Online\tq' in 0.496 seconds
2024-01-06 18:10:01.973    app     info:    [elg-events] Sending event    eve_launcher.electron.eve_client.CopyingFilesFinished
2024-01-06 18:10:01.980    app     info:    [client-manager] Starting EVE Online game client.    C:\CCP\EVE Online\tq\bin64\exefile.exe    Map(11) {
  'noconsole' => '/noconsole',
  'server' => '/server:tranquility.servers.eveonline.com',
  'triplatform' => '/triplatform=dx12',
  'ssotoken' => '/ssoToken=***',
  'refreshtoken' => '/refreshToken=***',
  'settingsprofile' => '/settingsprofile=Default',
  'deviceid' => '/deviceID=4a436adb-4b99-40a7-85b0-42e206f41286',
  'autoselectcharacter' => '/autoSelectCharacter:2121853336',
  'language' => '/language=en',
  'exp' => '1704569557',
  'tokenExpires' => '2024-01-06 21:32:37.000'
}    29280260
2024-01-06 18:10:02.023    app     info:    [client-queue] Started client from group startup    {
  product: 'eve-online',
  tenant: 'tranquility',
  characterId: 2121853336,
  profile: '',
  userId: 29280260
}
2024-01-06 18:10:02.089    app     info:    [quasar-events] Sent 'eve_launcher.electron.eve_client.GameClientStartRequested'
2024-01-06 18:10:02.089    app     info:    [quasar-events] Sent 'eve_launcher.electron.eve_client.TemporaryClientProcessAdded'
2024-01-06 18:10:02.555    app     info:    [client-manager] Found 'tranquility' client for '29280260' running:     {
  processId: 2128,
  createdDate: 1704564602064,
  userId: 29280260,
  characterId: 2121853336,
  profile: 'Default',
  dxVersion: 'dx12'
}
2024-01-06 18:10:02.644    app     info:    [quasar-events] Sent 'eve_launcher.electron.eve_client.TemporaryClientProcessMonitoringRetried'
2024-01-06 18:10:02.644    app     info:    [quasar-events] Sent 'eve_launcher.electron.eve_client.GameClientStarted'
2024-01-06 18:10:02.644    app     info:    [quasar-events] Sent 'eve_launcher.electron.eve_client.TemporaryClientProcessRemoved'
2024-01-06 18:10:03.038    app     info:    [client-queue] Queue has stopped running, no more clients pending startup.
2024-01-06 18:10:18.460    app     warn:    Could not connect to LogLite    [
  Error: connect ECONNREFUSED 127.0.0.1:3273
      at TCPConnectWrap.afterConnect [as oncomplete] (node:net:1247:16) {
    errno: -4078,
    code: 'ECONNREFUSED',
    syscall: 'connect',
    address: '127.0.0.1',
    port: 3273
  }
]
2024-01-06 18:10:28.272    app     info:    [AuthenticationMiddleware] Character information for '25218835' on 'tranquility' was loaded recently, skipping refresh.
2024-01-06 18:10:28.272    app     info:    [AuthenticationMiddleware] Plex information for '25218835' on 'tranquility' was loaded recently, skipping refresh.
2024-01-06 18:14:48.765    app     info:    [server-manager] Starting refresh cycle for eve-online / Tranquility
2024-01-06 18:14:48.904    app     info:    [server-manager] Previous Tranquility build: 2461603, current build: 2461603
2024-01-06 18:14:48.904    app     info:    [server-manager] Tranquility build is unchanged.
2024-01-06 18:14:48.910    app     info:    [server-manager] Ready to play!
2024-01-06 18:14:48.914    app     info:    [server-manager] Finished refresh cycle for Tranquility
2024-01-06 18:14:49.084    app     info:    [self-update] Checking for a launcher update...
2024-01-06 18:14:49.375    app     info:    [self-update] Currently running the latest launcher version. Scheduling update check in 5 minutes.
2024-01-06 18:19:48.916    app     info:    [server-manager] Starting refresh cycle for eve-online / Tranquility
2024-01-06 18:19:49.160    app     info:    [server-manager] Previous Tranquility build: 2461603, current build: 2461603
2024-01-06 18:19:49.161    app     info:    [server-manager] Tranquility build is unchanged.
2024-01-06 18:19:49.167    app     info:    [server-manager] Ready to play!
2024-01-06 18:19:49.171    app     info:    [server-manager] Finished refresh cycle for Tranquility
2024-01-06 18:19:49.394    app     info:    [self-update] Checking for a launcher update...
2024-01-06 18:19:49.678    app     info:    [self-update] Currently running the latest launcher version. Scheduling update check in 5 minutes.
2024-01-06 18:20:02.488    app     info:    [client-manager] 'tranquility' for EVE game client for '29280260' exited with no errors.
2024-01-06 18:20:02.497    app     info:    [server-manager] Starting refresh cycle for eve-online / Tranquility
2024-01-06 18:20:02.598    app     info:    [quasar-events] Sent 'eve_launcher.electron.eve_client.GameClientExited'
2024-01-06 18:20:02.709    app     info:    [server-manager] Previous Tranquility build: 2461603, current build: 2461603
2024-01-06 18:20:02.709    app     info:    [server-manager] Tranquility build is unchanged.
2024-01-06 18:20:02.716    app     info:    [server-manager] Ready to play!
2024-01-06 18:20:02.721    app     info:    [server-manager] Finished refresh cycle for Tranquility
2024-01-06 18:20:07.534    app     info:    [tray] Quitting application from tray
2024-01-06 18:20:07.536    app     info:    Application quitting. Cleanup needed: true
2024-01-06 18:20:07.538    app     info:    [elg-events] Sending event    eve_launcher.electron.application.LauncherShutdown
2024-01-06 18:20:07.540    app     info:    app.quit called, but we are still sending ELG events.
2024-01-06 18:20:08.154    app     info:    ELG stream closed, quitting.
2024-01-06 18:20:08.156    app     info:    [main-window] Main window closing    { windowId: 2 }
2024-01-06 18:20:08.175    app     info:    [ipc-requests] Handling requests in the background
2024-01-06 18:20:08.187    app     info:    Application closed    0
