2023-12-05 07:08:58.398    app     info:    Startup arguments    []
2023-12-05 07:08:58.406    app     info:    EVE Online Launcher is already running. This instance will now be closed.
2023-12-05 07:08:58.407    app     info:    Application quitting. Cleanup needed: true
2023-12-05 07:08:58.412    app     info:    [elg-events] Sending event    eve_launcher.electron.application.LauncherShutdown
2023-12-05 07:08:58.415    app     info:    [self-update] Starting automatic update checks
2023-12-05 07:08:58.416    app     info:    [self-update] Checking for a launcher update...
2023-12-05 07:08:58.449    app     info:    app.quit called, but we are still sending ELG events.
2023-12-05 07:08:58.534    app     info:    [i18next] Changed language    en
2023-12-05 07:08:58.556    app     info:    [authentication] Token for '16492377' on 'tranquility' is expired, refresh is required
2023-12-05 07:08:58.557    app     info:    [authentication] Refreshing token for '16492377' on 'tranquility'
2023-12-05 07:08:58.557    app     info:    [authentication] Token for '17525312' on 'tranquility' is expired, refresh is required
2023-12-05 07:08:58.558    app     info:    [authentication] Refreshing token for '17525312' on 'tranquility'
2023-12-05 07:08:58.558    app     info:    [authentication] Token for '25218835' on 'tranquility' is expired, refresh is required
2023-12-05 07:08:58.558    app     info:    [authentication] Refreshing token for '25218835' on 'tranquility'
2023-12-05 07:08:58.559    app     info:    [customer-information] Getting character information for '29280260' on 'tranquility'
2023-12-05 07:08:58.560    app     info:    [customer-information] Getting Omega status for '29280260' on 'tranquility'
2023-12-05 07:08:58.560    app     info:    [virtual-goods] Getting Plex status for '29280260' on 'tranquility'
2023-12-05 07:08:58.561    app     info:    [customer-information] Getting character information for '29285645' on 'tranquility'
2023-12-05 07:08:58.561    app     info:    [customer-information] Getting Omega status for '29285645' on 'tranquility'
2023-12-05 07:08:58.562    app     info:    [virtual-goods] Getting Plex status for '29285645' on 'tranquility'
2023-12-05 07:08:58.592    app     info:    [cache-protocol] Found 0 entries to remove
2023-12-05 07:08:58.593    app     info:    [cache-protocol] Nothing to clean up.
2023-12-05 07:08:58.735    app     info:    [customer-information] Agreements have been updated
2023-12-05 07:08:58.736    app     info:    [esi] Fetching character details for 2121853336
2023-12-05 07:08:58.753    app     info:    [first-run] First application run was at 2023-11-27T10:29:20.506Z
2023-12-05 07:08:58.765    app     info:    [self-update] Currently running the latest launcher version. Scheduling update check in 5 minutes.
2023-12-05 07:08:58.854    app     info:    [authentication] Token for '16492377' on 'tranquility' has been successfully refreshed
2023-12-05 07:08:58.858    app     info:    [elg-events] Sending event    eve_launcher.electron.authentication.UserTokensRefreshed
2023-12-05 07:08:58.861    app     info:    [customer-information] Getting character information for '16492377' on 'tranquility'
2023-12-05 07:08:58.862    app     info:    [customer-information] Getting Omega status for '16492377' on 'tranquility'
2023-12-05 07:08:58.862    app     info:    [virtual-goods] Getting Plex status for '16492377' on 'tranquility'
2023-12-05 07:08:58.879    app     info:    [authentication] Token for '25218835' on 'tranquility' has been successfully refreshed
2023-12-05 07:08:58.880    app     info:    [elg-events] Sending event    eve_launcher.electron.authentication.UserTokensRefreshed
2023-12-05 07:08:58.881    app     info:    [customer-information] Getting character information for '25218835' on 'tranquility'
2023-12-05 07:08:58.882    app     info:    [customer-information] Getting Omega status for '25218835' on 'tranquility'
2023-12-05 07:08:58.882    app     info:    [virtual-goods] Getting Plex status for '25218835' on 'tranquility'
2023-12-05 07:08:58.892    app     info:    [authentication] Token for '17525312' on 'tranquility' has been successfully refreshed
2023-12-05 07:08:58.893    app     info:    [elg-events] Sending event    eve_launcher.electron.authentication.UserTokensRefreshed
2023-12-05 07:08:58.894    app     info:    [customer-information] Getting character information for '17525312' on 'tranquility'
2023-12-05 07:08:58.894    app     info:    [customer-information] Getting Omega status for '17525312' on 'tranquility'
2023-12-05 07:08:58.894    app     info:    [virtual-goods] Getting Plex status for '17525312' on 'tranquility'
2023-12-05 07:08:58.904    app     info:    [virtual-goods] Fetched Plex status for '29285645' on 'tranquility'
2023-12-05 07:08:58.909    app     info:    [virtual-goods] Fetched Plex status for '29280260' on 'tranquility'
2023-12-05 07:08:58.988    app     info:    [AuthenticationMiddleware] Successfully restored 7 / 7 users
2023-12-05 07:08:59.016    app     info:    [virtual-goods] Fetched Plex status for '25218835' on 'tranquility'
2023-12-05 07:08:59.022    app     info:    [virtual-goods] Fetched Plex status for '17525312' on 'tranquility'
2023-12-05 07:08:59.033    app     info:    [esi] Fetching character details for 2114656127, 2121178396
2023-12-05 07:08:59.198    app     info:    [esi] Fetched 1 character details for 29280260
2023-12-05 07:08:59.211    app     info:    [virtual-goods] Fetched Plex status for '16492377' on 'tranquility'
2023-12-05 07:08:59.289    app     info:    [AuthenticationMiddleware] User information updated
2023-12-05 07:08:59.291    app     info:    [esi] Fetching character details for 2113875139, 2121174871
2023-12-05 07:08:59.299    app     info:    [AuthenticationMiddleware] User information updated
2023-12-05 07:08:59.300    app     info:    [esi] Fetching character details for 2119361891, 2120347635
2023-12-05 07:08:59.308    app     info:    [AuthenticationMiddleware] User information updated
2023-12-05 07:08:59.405    app     info:    [esi] Fetched 2 character details for 17525312
2023-12-05 07:08:59.463    app     info:    ELG stream closed, quitting.
