2023-12-27 11:21:08.933    app     info:    Startup arguments    []
2023-12-27 11:21:08.937    app     info:    [self-update] Starting automatic update checks
2023-12-27 11:21:08.938    app     info:    [self-update] Waiting for update feed before starting update checks
2023-12-27 11:21:08.940    app     info:    [preload] High DPI scaling enabled by settings
2023-12-27 11:21:09.080    app     info:    [i18next] Changed language    en
2023-12-27 11:21:09.187    app     info:    [authentication] Token for '16492377' on 'tranquility' is expired, refresh is required
2023-12-27 11:21:09.187    app     info:    [authentication] Refreshing token for '16492377' on 'tranquility'
2023-12-27 11:21:09.188    app     info:    [authentication] Token for '17525312' on 'tranquility' is expired, refresh is required
2023-12-27 11:21:09.188    app     info:    [authentication] Refreshing token for '17525312' on 'tranquility'
2023-12-27 11:21:09.188    app     info:    [authentication] Token for '25218835' on 'tranquility' is expired, refresh is required
2023-12-27 11:21:09.189    app     info:    [authentication] Refreshing token for '25218835' on 'tranquility'
2023-12-27 11:21:09.190    app     info:    [customer-information] Getting character information for '29280260' on 'tranquility'
2023-12-27 11:21:09.190    app     info:    [customer-information] Getting Omega status for '29280260' on 'tranquility'
2023-12-27 11:21:09.190    app     info:    [virtual-goods] Getting Plex status for '29280260' on 'tranquility'
2023-12-27 11:21:09.192    app     info:    [customer-information] Getting character information for '29285645' on 'tranquility'
2023-12-27 11:21:09.193    app     info:    [customer-information] Getting Omega status for '29285645' on 'tranquility'
2023-12-27 11:21:09.193    app     info:    [virtual-goods] Getting Plex status for '29285645' on 'tranquility'
2023-12-27 11:21:09.193    app     info:    [authentication] Token for '18034259' on 'tranquility' is expired, refresh is required
2023-12-27 11:21:09.193    app     info:    [authentication] Refreshing token for '18034259' on 'tranquility'
2023-12-27 11:21:09.194    app     info:    [authentication] Token for '28182799' on 'tranquility' is expired, refresh is required
2023-12-27 11:21:09.194    app     info:    [authentication] Refreshing token for '28182799' on 'tranquility'
2023-12-27 11:21:09.194    app     info:    [authentication] Token for '2110311' on 'tranquility' is expired, refresh is required
2023-12-27 11:21:09.194    app     info:    [authentication] Refreshing token for '2110311' on 'tranquility'
2023-12-27 11:21:09.195    app     info:    [authentication] Token for '23622903' on 'tranquility' is expired, refresh is required
2023-12-27 11:21:09.195    app     info:    [authentication] Refreshing token for '23622903' on 'tranquility'
2023-12-27 11:21:09.195    app     info:    [authentication] Token for '26239201' on 'tranquility' is expired, refresh is required
2023-12-27 11:21:09.195    app     info:    [authentication] Refreshing token for '26239201' on 'tranquility'
2023-12-27 11:21:09.196    app     info:    [authentication] Token for '18922386' on 'tranquility' is expired, refresh is required
2023-12-27 11:21:09.196    app     info:    [authentication] Refreshing token for '18922386' on 'tranquility'
2023-12-27 11:21:09.196    app     info:    [authentication] Token for '18000247' on 'tranquility' is expired, refresh is required
2023-12-27 11:21:09.196    app     info:    [authentication] Refreshing token for '18000247' on 'tranquility'
2023-12-27 11:21:09.196    app     info:    [authentication] Token for '13595732' on 'tranquility' is expired, refresh is required
2023-12-27 11:21:09.197    app     info:    [authentication] Refreshing token for '13595732' on 'tranquility'
2023-12-27 11:21:09.197    app     info:    [authentication] Token for '15136212' on 'tranquility' is expired, refresh is required
2023-12-27 11:21:09.197    app     info:    [authentication] Refreshing token for '15136212' on 'tranquility'
2023-12-27 11:21:09.197    app     info:    [device-id] Device id found in state
2023-12-27 11:21:09.204    app     info:    [analytics] Application name:    EVE Online
2023-12-27 11:21:09.204    app     info:    [analytics] Application version:    1.2.0
2023-12-27 11:21:09.204    app     info:    [analytics] Domain    undefined
2023-12-27 11:21:09.205    app     info:    [analytics] Working directory    C:\Users\REDACTED\AppData\Local\eve-online\app-1.2.0
2023-12-27 11:21:09.205    app     info:    [analytics] Username contains UTF8?    false
2023-12-27 11:21:09.505    app     info:    [elg-events] Sending event    eve_launcher.electron.application.PdmLoaded
2023-12-27 11:21:09.508    app     info:    [analytics] Operating system    {
  type: 'Windows',
  name: 'Windows 10 Education',
  version: '10.0 (19045)'
}
2023-12-27 11:21:09.509    app     info:    [analytics] Encryption available:    true
2023-12-27 11:21:09.509    app     info:    [analytics] Machine UUID    4E9F516C-5B97-47C6-8C67-E93D943CB7C8
2023-12-27 11:21:09.509    app     info:    [analytics] PDM Version    2.1.4
2023-12-27 11:21:09.509    app     info:    [analytics] Release channel    release
2023-12-27 11:21:09.513    app     info:    [initializers] Shared cache directory set to    C:\CCP\EVE Online
2023-12-27 11:21:09.541    app     info:    [initializers] Shared cache drive free space: 63,52 GiB / 465,75 GiB
2023-12-27 11:21:09.550    app     info:    [elg-events] Sending event    eve_launcher.electron.application.LauncherStarted
2023-12-27 11:21:09.554    app     info:    [elg-events] Sending event    eve_launcher.electron.application.CoreDataLoaded
2023-12-27 11:21:09.554    app     info:    [cdn-trace] Fetching CDN trace data from https://binaries.eveonline.com/cdn-cgi/trace
2023-12-27 11:21:09.570    app     info:    [feature-flags] Initializing feature flag client
2023-12-27 11:21:09.680    app     info:    [first-run] First application run was at 2023-11-27T10:29:20.506Z
2023-12-27 11:21:09.737    app     info:    [cache-protocol] Found 2 entries to remove
2023-12-27 11:21:09.740    app     info:    [cache-protocol] Cleaned 2 entries
2023-12-27 11:21:09.740    app     info:    [cache-protocol] Checking 2 folders to clean
2023-12-27 11:21:09.782    app     info:    [server-manager] Starting refresh cycle for eve-online / Tranquility
2023-12-27 11:21:09.792    app     info:    [esi] Fetching character details for 2121878074
2023-12-27 11:21:09.800    app     info:    [virtual-goods] Fetched Plex status for '29280260' on 'tranquility'
2023-12-27 11:21:09.807    app     info:    [esi] Fetching character details for 2121853336
2023-12-27 11:21:09.821    app     info:    [customer-information] Agreements have been updated
2023-12-27 11:21:09.910    app     info:    [authentication] Token for '26239201' on 'tranquility' has been successfully refreshed
2023-12-27 11:21:09.912    app     info:    [elg-events] Sending event    eve_launcher.electron.authentication.UserTokensRefreshed
2023-12-27 11:21:09.913    app     info:    [customer-information] Getting character information for '26239201' on 'tranquility'
2023-12-27 11:21:09.914    app     info:    [customer-information] Getting Omega status for '26239201' on 'tranquility'
2023-12-27 11:21:09.914    app     info:    [virtual-goods] Getting Plex status for '26239201' on 'tranquility'
2023-12-27 11:21:09.924    app     info:    [authentication] Token for '23622903' on 'tranquility' has been successfully refreshed
2023-12-27 11:21:09.926    app     info:    [elg-events] Sending event    eve_launcher.electron.authentication.UserTokensRefreshed
2023-12-27 11:21:09.927    app     info:    [customer-information] Getting character information for '23622903' on 'tranquility'
2023-12-27 11:21:09.928    app     info:    [customer-information] Getting Omega status for '23622903' on 'tranquility'
2023-12-27 11:21:09.928    app     info:    [virtual-goods] Getting Plex status for '23622903' on 'tranquility'
2023-12-27 11:21:09.939    app     info:    [authentication] Token for '15136212' on 'tranquility' has been successfully refreshed
2023-12-27 11:21:09.941    app     info:    [elg-events] Sending event    eve_launcher.electron.authentication.UserTokensRefreshed
2023-12-27 11:21:09.942    app     info:    [customer-information] Getting character information for '15136212' on 'tranquility'
2023-12-27 11:21:09.942    app     info:    [customer-information] Getting Omega status for '15136212' on 'tranquility'
2023-12-27 11:21:09.942    app     info:    [virtual-goods] Getting Plex status for '15136212' on 'tranquility'
2023-12-27 11:21:09.953    app     info:    [authentication] Token for '25218835' on 'tranquility' has been successfully refreshed
2023-12-27 11:21:09.955    app     info:    [elg-events] Sending event    eve_launcher.electron.authentication.UserTokensRefreshed
2023-12-27 11:21:09.956    app     info:    [customer-information] Getting character information for '25218835' on 'tranquility'
2023-12-27 11:21:09.956    app     info:    [customer-information] Getting Omega status for '25218835' on 'tranquility'
2023-12-27 11:21:09.956    app     info:    [virtual-goods] Getting Plex status for '25218835' on 'tranquility'
2023-12-27 11:21:09.967    app     info:    [authentication] Token for '18922386' on 'tranquility' has been successfully refreshed
2023-12-27 11:21:09.970    app     info:    [elg-events] Sending event    eve_launcher.electron.authentication.UserTokensRefreshed
2023-12-27 11:21:09.971    app     info:    [customer-information] Getting character information for '18922386' on 'tranquility'
2023-12-27 11:21:09.972    app     info:    [customer-information] Getting Omega status for '18922386' on 'tranquility'
2023-12-27 11:21:09.972    app     info:    [virtual-goods] Getting Plex status for '18922386' on 'tranquility'
2023-12-27 11:21:09.982    app     info:    [authentication] Token for '17525312' on 'tranquility' has been successfully refreshed
2023-12-27 11:21:09.984    app     info:    [elg-events] Sending event    eve_launcher.electron.authentication.UserTokensRefreshed
2023-12-27 11:21:09.985    app     info:    [customer-information] Getting character information for '17525312' on 'tranquility'
2023-12-27 11:21:09.985    app     info:    [customer-information] Getting Omega status for '17525312' on 'tranquility'
2023-12-27 11:21:09.985    app     info:    [virtual-goods] Getting Plex status for '17525312' on 'tranquility'
2023-12-27 11:21:09.996    app     info:    [authentication] Token for '18034259' on 'tranquility' has been successfully refreshed
2023-12-27 11:21:09.998    app     info:    [elg-events] Sending event    eve_launcher.electron.authentication.UserTokensRefreshed
2023-12-27 11:21:09.999    app     info:    [customer-information] Getting character information for '18034259' on 'tranquility'
2023-12-27 11:21:09.999    app     info:    [customer-information] Getting Omega status for '18034259' on 'tranquility'
2023-12-27 11:21:09.999    app     info:    [virtual-goods] Getting Plex status for '18034259' on 'tranquility'
2023-12-27 11:21:10.010    app     info:    [authentication] Token for '2110311' on 'tranquility' has been successfully refreshed
2023-12-27 11:21:10.012    app     info:    [elg-events] Sending event    eve_launcher.electron.authentication.UserTokensRefreshed
2023-12-27 11:21:10.013    app     info:    [customer-information] Getting character information for '2110311' on 'tranquility'
2023-12-27 11:21:10.013    app     info:    [customer-information] Getting Omega status for '2110311' on 'tranquility'
2023-12-27 11:21:10.013    app     info:    [virtual-goods] Getting Plex status for '2110311' on 'tranquility'
2023-12-27 11:21:10.023    app     info:    [authentication] Token for '16492377' on 'tranquility' has been successfully refreshed
2023-12-27 11:21:10.025    app     info:    [elg-events] Sending event    eve_launcher.electron.authentication.UserTokensRefreshed
2023-12-27 11:21:10.026    app     info:    [customer-information] Getting character information for '16492377' on 'tranquility'
2023-12-27 11:21:10.026    app     info:    [customer-information] Getting Omega status for '16492377' on 'tranquility'
2023-12-27 11:21:10.026    app     info:    [virtual-goods] Getting Plex status for '16492377' on 'tranquility'
2023-12-27 11:21:10.036    app     info:    [authentication] Token for '13595732' on 'tranquility' has been successfully refreshed
2023-12-27 11:21:10.038    app     info:    [elg-events] Sending event    eve_launcher.electron.authentication.UserTokensRefreshed
2023-12-27 11:21:10.039    app     info:    [customer-information] Getting character information for '13595732' on 'tranquility'
2023-12-27 11:21:10.039    app     info:    [customer-information] Getting Omega status for '13595732' on 'tranquility'
2023-12-27 11:21:10.040    app     info:    [virtual-goods] Getting Plex status for '13595732' on 'tranquility'
2023-12-27 11:21:10.051    app     info:    [authentication] Token for '28182799' on 'tranquility' has been successfully refreshed
2023-12-27 11:21:10.053    app     info:    [elg-events] Sending event    eve_launcher.electron.authentication.UserTokensRefreshed
2023-12-27 11:21:10.054    app     info:    [customer-information] Getting character information for '28182799' on 'tranquility'
2023-12-27 11:21:10.054    app     info:    [customer-information] Getting Omega status for '28182799' on 'tranquility'
2023-12-27 11:21:10.054    app     info:    [virtual-goods] Getting Plex status for '28182799' on 'tranquility'
2023-12-27 11:21:10.069    app     info:    info: [LaunchDarkly] LaunchDarkly client initialized    []
2023-12-27 11:21:10.070    app     info:    info: [LaunchDarkly] Opening stream connection to https://clientstream.launchdarkly.com/eval/64c3d12e27a4b11365012d39/eyJrZXkiOiI0YTQzNmFkYi00Yjk5LTQwYTctODViMC00MmUyMDZmNDEyODYiLCJraW5kIjoidXNlciIsImN1c3RvbSI6eyJpc0ZpcnN0UnVuIjpmYWxzZSwiZGF5c1NpbmNlRmlyc3RSdW4iOjMwLCJsYW5ndWFnZSI6ImVuIiwiYXBwbGljYXRpb24iOiJldmUtb25saW5lIiwidmVyc2lvbiI6IjEuMi4wIiwicGxhdGZvcm0iOiJ3aW5kb3dzIiwib3NWZXJzaW9uRGVwcmVjYXRlZCI6ZmFsc2UsInVzZXJJZHMiOlsxNjQ5MjM3NywyNTIxODgzNSwyMTEwMzExLDI5Mjg1NjQ1XSwib21lZ2FDb3VudCI6MCwiYWxwaGFDb3VudCI6MTQsImFjY291bnRDb3VudCI6MTQsIm9sZGVzdEFjY291bnRBZ2UiOjYwMTMsInlvdW5nZXN0QWNjb3VudEFnZSI6MjV9fQ?withReasons=true    []
2023-12-27 11:21:10.071    app     info:    [feature-flags] Client 4a436adb... ready, fetching flags
2023-12-27 11:21:10.075    app     info:    [feature-flags] Received 18 flags for client 4a436adb...
2023-12-27 11:21:10.075    app     info:    [feature-flags] Client initialized with key 4a436adb...
2023-12-27 11:21:10.076    app     info:    [self-update] Update feed set, starting update checks
2023-12-27 11:21:10.077    app     info:    [self-update] Starting automatic update checks
2023-12-27 11:21:10.077    app     info:    [self-update] Checking for a launcher update...
2023-12-27 11:21:10.108    app     info:    [server-manager] Previous Tranquility build: 2454674, current build: 2454674
2023-12-27 11:21:10.108    app     info:    [server-manager] Tranquility build is unchanged.
2023-12-27 11:21:10.114    app     info:    [server-manager] Ready to play!
2023-12-27 11:21:10.117    app     info:    [server-manager] Finished refresh cycle for Tranquility
2023-12-27 11:21:10.125    app     info:    [authentication] Token for '18000247' on 'tranquility' has been successfully refreshed
2023-12-27 11:21:10.127    app     info:    [elg-events] Sending event    eve_launcher.electron.authentication.UserTokensRefreshed
2023-12-27 11:21:10.128    app     info:    [customer-information] Getting character information for '18000247' on 'tranquility'
2023-12-27 11:21:10.128    app     info:    [customer-information] Getting Omega status for '18000247' on 'tranquility'
2023-12-27 11:21:10.129    app     info:    [virtual-goods] Getting Plex status for '18000247' on 'tranquility'
2023-12-27 11:21:10.147    app     info:    [virtual-goods] Fetched Plex status for '29285645' on 'tranquility'
2023-12-27 11:21:10.154    app     info:    [AuthenticationMiddleware] Successfully restored 16 / 16 users
2023-12-27 11:21:10.219    app     info:    [esi] Fetching character details for 2115479508
2023-12-27 11:21:10.236    app     info:    [esi] Fetching character details for 2121927552
2023-12-27 11:21:10.244    app     info:    [esi] Fetching character details for 2113875139, 2121174871
2023-12-27 11:21:10.260    app     info:    [esi] Fetching character details for 2121178171
2023-12-27 11:21:10.279    app     info:    [virtual-goods] Fetched Plex status for '23622903' on 'tranquility'
2023-12-27 11:21:10.288    app     info:    [virtual-goods] Fetched Plex status for '25218835' on 'tranquility'
2023-12-27 11:21:10.297    app     info:    [virtual-goods] Fetched Plex status for '18922386' on 'tranquility'
2023-12-27 11:21:10.304    app     info:    [virtual-goods] Fetched Plex status for '17525312' on 'tranquility'
2023-12-27 11:21:10.319    app     info:    [virtual-goods] Fetched Plex status for '15136212' on 'tranquility'
2023-12-27 11:21:10.328    app     info:    [esi] Fetching character details for 2118248041, 2121175776
2023-12-27 11:21:10.337    app     info:    [AuthenticationMiddleware] User information updated
2023-12-27 11:21:10.344    app     info:    [esi] Fetching character details for 2119361891, 2120347635
2023-12-27 11:21:10.353    app     info:    [AuthenticationMiddleware] User information updated
2023-12-27 11:21:10.363    app     info:    [esi] Fetching character details for 578564394, 2115457291
2023-12-27 11:21:10.380    app     info:    [esi] Fetching character details for 2121891348
2023-12-27 11:21:10.393    app     info:    [customer-information] Agreement status has been fetched for user '13595732'
2023-12-27 11:21:10.395    app     info:    [esi] Fetching character details for 2121174545
2023-12-27 11:21:10.410    app     info:    [virtual-goods] Fetched Plex status for '2110311' on 'tranquility'
2023-12-27 11:21:10.416    app     info:    [AuthenticationMiddleware] User information updated
2023-12-27 11:21:10.423    app     info:    [AuthenticationMiddleware] User information updated
2023-12-27 11:21:10.425    app     info:    [esi] Fetching character details for 2115031890, 2121177973
2023-12-27 11:21:10.435    app     info:    [esi] Fetching character details for 2114656127, 2121178396
2023-12-27 11:21:10.443    app     info:    [AuthenticationMiddleware] User information updated
2023-12-27 11:21:10.451    app     info:    [esi] Fetching character details for 2121927031
2023-12-27 11:21:10.464    app     info:    [customer-information] Agreement status has been fetched for user '15136212'
2023-12-27 11:21:10.464    app     info:    [AuthenticationMiddleware] User information updated
2023-12-27 11:21:10.482    app     info:    [virtual-goods] Fetched Plex status for '13595732' on 'tranquility'
2023-12-27 11:21:10.487    app     info:    [AuthenticationMiddleware] User information updated
2023-12-27 11:21:10.488    app     info:    [virtual-goods] Fetched Plex status for '28182799' on 'tranquility'
2023-12-27 11:21:10.493    app     info:    [AuthenticationMiddleware] User information updated
2023-12-27 11:21:10.494    app     info:    [virtual-goods] Fetched Plex status for '26239201' on 'tranquility'
2023-12-27 11:21:10.498    app     info:    [AuthenticationMiddleware] User information updated
2023-12-27 11:21:10.499    app     info:    [virtual-goods] Fetched Plex status for '16492377' on 'tranquility'
2023-12-27 11:21:10.505    app     info:    [AuthenticationMiddleware] User information updated
2023-12-27 11:21:10.506    app     info:    [virtual-goods] Fetched Plex status for '18034259' on 'tranquility'
2023-12-27 11:21:10.510    app     info:    [AuthenticationMiddleware] User information updated
2023-12-27 11:21:10.511    app     info:    [self-update] Currently running the latest launcher version. Scheduling update check in 5 minutes.
2023-12-27 11:21:10.512    app     info:    [virtual-goods] Fetched Plex status for '18000247' on 'tranquility'
2023-12-27 11:21:10.517    app     info:    [AuthenticationMiddleware] User information updated
2023-12-27 11:21:10.628    app     info:    [esi] Fetched 1 character details for 29280260
2023-12-27 11:21:10.708    app     warn:    [steam-auth] Failed to initialize Steamworks client
2023-12-27 11:21:10.716    app     info:    [main-window] Registering main window    { windowId: 2 }
2023-12-27 11:21:10.726    app     info:    [cdn-trace] Fetching CDN trace data from https://binaries.eveonline.com/cdn-cgi/trace
2023-12-27 11:21:10.728    app     info:    [creatives] Requesting creatives
2023-12-27 11:21:10.733    app     info:    [elg-events] Sending event    eve_launcher.electron.application.RendererLoaded
2023-12-27 11:21:10.740    app     info:    [esi] Fetched 1 character details for 29285645
2023-12-27 11:21:10.798    app     info:    [esi] Fetched 1 character details for 18922386
2023-12-27 11:21:10.850    app     info:    [esi] Fetched 1 character details for 26239201
2023-12-27 11:21:10.856    app     info:    [creatives] Received 2 creatives
2023-12-27 11:21:10.861    app     info:    [esi] Fetched 2 character details for 2110311
2023-12-27 11:21:10.863    app     info:    [esi] Fetched 1 character details for 28182799
2023-12-27 11:21:10.884    app     info:    [esi] Fetched 2 character details for 17525312
2023-12-27 11:21:10.886    app     info:    [esi] Fetched 2 character details for 25218835
2023-12-27 11:21:10.909    app     info:    [esi] Fetched 1 character details for 18000247
2023-12-27 11:21:10.971    app     info:    [esi] Fetched 2 character details for 18034259
2023-12-27 11:21:10.979    app     info:    [esi] Fetched 2 character details for 23622903
2023-12-27 11:21:11.072    app     info:    [esi] Fetched 1 character details for 13595732
2023-12-27 11:21:11.153    app     info:    [esi] Fetched 1 character details for 15136212
2023-12-27 11:21:11.157    app     info:    [esi] Fetched 2 character details for 16492377
2023-12-27 11:21:11.725    app     info:    [analytics] Hardware rendering enabled:    true    { disabledViaCommandline: false, disabledViaSettings: false }
2023-12-27 11:21:11.814     ui     info:    Initializing captcha    ccp://launcher/renderer/main_window/index.js    2
2023-12-27 11:21:16.988    app     info:    [AuthenticationMiddleware] Character information for '26239201' on 'tranquility' was loaded recently, skipping refresh.
2023-12-27 11:21:16.988    app     info:    [AuthenticationMiddleware] Plex information for '26239201' on 'tranquility' was loaded recently, skipping refresh.
2023-12-27 11:21:32.770    app     info:    [ipc-requests] Handling requests in the background
2023-12-27 11:21:33.770    app     info:    [ipc-requests] No longer handling requests in the background
2023-12-27 11:21:39.644    app     warn:    Could not connect to LogLite    [
  Error: connect ECONNREFUSED 127.0.0.1:3273
      at TCPConnectWrap.afterConnect [as oncomplete] (node:net:1247:16) {
    errno: -4078,
    code: 'ECONNREFUSED',
    syscall: 'connect',
    address: '127.0.0.1',
    port: 3273
  }
]
2023-12-27 11:23:06.952    app     info:    [ipc-requests] Handling requests in the background
2023-12-27 11:23:07.952    app     info:    [ipc-requests] No longer handling requests in the background
2023-12-27 11:26:06.453    app     info:    [ipc-requests] Handling requests in the background
2023-12-27 11:26:07.453    app     info:    [ipc-requests] No longer handling requests in the background
2023-12-27 11:26:10.123    app     info:    [server-manager] Starting refresh cycle for eve-online / Tranquility
2023-12-27 11:26:10.254    app     info:    [server-manager] Previous Tranquility build: 2454674, current build: 2454674
2023-12-27 11:26:10.255    app     info:    [server-manager] Tranquility build is unchanged.
2023-12-27 11:26:10.260    app     info:    [server-manager] Ready to play!
2023-12-27 11:26:10.263    app     info:    [server-manager] Finished refresh cycle for Tranquility
2023-12-27 11:26:10.513    app     info:    [self-update] Checking for a launcher update...
2023-12-27 11:26:10.795    app     info:    [self-update] Currently running the latest launcher version. Scheduling update check in 5 minutes.
2023-12-27 11:26:30.271    app     info:    [ipc-requests] Handling requests in the background
2023-12-27 11:26:31.270    app     info:    [ipc-requests] No longer handling requests in the background
2023-12-27 11:26:35.207    app     info:    [ipc-requests] Handling requests in the background
2023-12-27 11:26:36.207    app     info:    [ipc-requests] No longer handling requests in the background
2023-12-27 11:30:07.008    app     info:    [ipc-requests] Handling requests in the background
2023-12-27 11:30:08.010    app     info:    [ipc-requests] No longer handling requests in the background
2023-12-27 11:31:10.268    app     info:    [server-manager] Starting refresh cycle for eve-online / Tranquility
2023-12-27 11:31:10.438    app     info:    [server-manager] Previous Tranquility build: 2454674, current build: 2454674
2023-12-27 11:31:10.438    app     info:    [server-manager] Tranquility build is unchanged.
2023-12-27 11:31:10.443    app     info:    [server-manager] Ready to play!
2023-12-27 11:31:10.446    app     info:    [server-manager] Finished refresh cycle for Tranquility
2023-12-27 11:31:10.794    app     info:    [self-update] Checking for a launcher update...
2023-12-27 11:31:11.109    app     info:    [self-update] Currently running the latest launcher version. Scheduling update check in 5 minutes.
2023-12-27 11:34:14.221    app     info:    [ipc-requests] Handling requests in the background
2023-12-27 11:34:15.223    app     info:    [ipc-requests] No longer handling requests in the background
2023-12-27 11:35:08.197    app     info:    [ipc-requests] Handling requests in the background
2023-12-27 11:35:09.197    app     info:    [ipc-requests] No longer handling requests in the background
2023-12-27 11:35:53.946    app     info:    [ipc-requests] Handling requests in the background
2023-12-27 11:35:54.946    app     info:    [ipc-requests] No longer handling requests in the background
2023-12-27 11:36:10.454    app     info:    [server-manager] Starting refresh cycle for eve-online / Tranquility
2023-12-27 11:36:10.689    app     info:    [server-manager] Previous Tranquility build: 2454674, current build: 2454674
2023-12-27 11:36:10.689    app     info:    [server-manager] Tranquility build is unchanged.
2023-12-27 11:36:10.694    app     info:    [server-manager] Ready to play!
2023-12-27 11:36:10.697    app     info:    [server-manager] Finished refresh cycle for Tranquility
2023-12-27 11:36:11.112    app     info:    [self-update] Checking for a launcher update...
2023-12-27 11:36:11.412    app     info:    [self-update] Currently running the latest launcher version. Scheduling update check in 5 minutes.
2023-12-27 11:36:41.101    app     info:    [ipc-requests] Handling requests in the background
2023-12-27 11:36:42.101    app     info:    [ipc-requests] No longer handling requests in the background
2023-12-27 11:37:35.524    app     info:    [ipc-requests] Handling requests in the background
2023-12-27 11:37:36.525    app     info:    [ipc-requests] No longer handling requests in the background
2023-12-27 11:37:43.744    app     info:    [ipc-requests] Handling requests in the background
2023-12-27 11:37:44.745    app     info:    [ipc-requests] No longer handling requests in the background
2023-12-27 11:38:51.404    app     info:    [ipc-requests] Handling requests in the background
2023-12-27 11:38:52.405    app     info:    [ipc-requests] No longer handling requests in the background
2023-12-27 11:38:53.950    app     info:    [ipc-requests] Handling requests in the background
2023-12-27 11:38:54.951    app     info:    [ipc-requests] No longer handling requests in the background
2023-12-27 11:40:32.162    app     info:    [ipc-requests] Handling requests in the background
2023-12-27 11:40:33.163    app     info:    [ipc-requests] No longer handling requests in the background
2023-12-27 11:40:37.573    app     info:    [ipc-requests] Handling requests in the background
2023-12-27 11:40:38.575    app     info:    [ipc-requests] No longer handling requests in the background
2023-12-27 11:41:10.703    app     info:    [server-manager] Starting refresh cycle for eve-online / Tranquility
2023-12-27 11:41:10.866    app     info:    [server-manager] Previous Tranquility build: 2454674, current build: 2454674
2023-12-27 11:41:10.867    app     info:    [server-manager] Tranquility build is unchanged.
2023-12-27 11:41:10.877    app     info:    [server-manager] Ready to play!
2023-12-27 11:41:10.880    app     info:    [server-manager] Finished refresh cycle for Tranquility
2023-12-27 11:41:11.413    app     info:    [self-update] Checking for a launcher update...
2023-12-27 11:41:11.684    app     info:    [self-update] Currently running the latest launcher version. Scheduling update check in 5 minutes.
