2023-12-11 19:11:18.627    app     info:    Startup arguments    []
2023-12-11 19:11:18.658    app     info:    EVE Online Launcher is already running. This instance will now be closed.
2023-12-11 19:11:18.658    app     info:    Application quitting. Cleanup needed: true
2023-12-11 19:11:18.663    app     info:    [elg-events] Sending event    eve_launcher.electron.application.LauncherShutdown
2023-12-11 19:11:18.665    app     info:    [self-update] Starting automatic update checks
2023-12-11 19:11:18.666    app     info:    [self-update] Waiting for update feed before starting update checks
2023-12-11 19:11:18.670    app     info:    app.quit called, but we are still sending ELG events.
2023-12-11 19:11:18.790    app     info:    [i18next] Changed language    en
2023-12-11 19:11:18.820    app     info:    [authentication] Token for '16492377' on 'tranquility' is expired, refresh is required
2023-12-11 19:11:18.821    app     info:    [authentication] Refreshing token for '16492377' on 'tranquility'
2023-12-11 19:11:18.821    app     info:    [authentication] Token for '17525312' on 'tranquility' is expired, refresh is required
2023-12-11 19:11:18.822    app     info:    [authentication] Refreshing token for '17525312' on 'tranquility'
2023-12-11 19:11:18.823    app     info:    [authentication] Token for '25218835' on 'tranquility' is expired, refresh is required
2023-12-11 19:11:18.823    app     info:    [authentication] Refreshing token for '25218835' on 'tranquility'
2023-12-11 19:11:18.824    app     info:    [customer-information] Getting character information for '29280260' on 'tranquility'
2023-12-11 19:11:18.824    app     info:    [customer-information] Getting Omega status for '29280260' on 'tranquility'
2023-12-11 19:11:18.824    app     info:    [virtual-goods] Getting Plex status for '29280260' on 'tranquility'
2023-12-11 19:11:18.826    app     info:    [customer-information] Getting character information for '29285645' on 'tranquility'
2023-12-11 19:11:18.826    app     info:    [customer-information] Getting Omega status for '29285645' on 'tranquility'
2023-12-11 19:11:18.827    app     info:    [virtual-goods] Getting Plex status for '29285645' on 'tranquility'
2023-12-11 19:11:18.827    app     info:    [authentication] Token for '18034259' on 'tranquility' is expired, refresh is required
2023-12-11 19:11:18.827    app     info:    [authentication] Refreshing token for '18034259' on 'tranquility'
2023-12-11 19:11:18.828    app     info:    [authentication] Token for '28182799' on 'tranquility' is expired, refresh is required
2023-12-11 19:11:18.828    app     info:    [authentication] Refreshing token for '28182799' on 'tranquility'
2023-12-11 19:11:18.828    app     info:    [authentication] Token for '2110311' on 'tranquility' is expired, refresh is required
2023-12-11 19:11:18.828    app     info:    [authentication] Refreshing token for '2110311' on 'tranquility'
2023-12-11 19:11:18.829    app     info:    [authentication] Token for '23622903' on 'tranquility' is expired, refresh is required
2023-12-11 19:11:18.829    app     info:    [authentication] Refreshing token for '23622903' on 'tranquility'
2023-12-11 19:11:18.829    app     info:    [authentication] Token for '26239201' on 'tranquility' is expired, refresh is required
2023-12-11 19:11:18.829    app     info:    [authentication] Refreshing token for '26239201' on 'tranquility'
2023-12-11 19:11:18.881    app     info:    [cache-protocol] Found 0 entries to remove
2023-12-11 19:11:18.882    app     info:    [cache-protocol] Nothing to clean up.
2023-12-11 19:11:18.975    app     info:    [esi] Fetching character details for 2121853336
2023-12-11 19:11:18.987    app     info:    [virtual-goods] Fetched Plex status for '29280260' on 'tranquility'
2023-12-11 19:11:18.999    app     info:    [customer-information] Agreements have been updated
2023-12-11 19:11:19.007    app     info:    [esi] Fetching character details for 2121878074
2023-12-11 19:11:19.026    app     info:    [first-run] First application run was at 2023-11-27T10:29:20.506Z
2023-12-11 19:11:19.075    app     info:    [authentication] Token for '17525312' on 'tranquility' has been successfully refreshed
2023-12-11 19:11:19.078    app     info:    [elg-events] Sending event    eve_launcher.electron.authentication.UserTokensRefreshed
2023-12-11 19:11:19.081    app     info:    [customer-information] Getting character information for '17525312' on 'tranquility'
2023-12-11 19:11:19.081    app     info:    [customer-information] Getting Omega status for '17525312' on 'tranquility'
2023-12-11 19:11:19.081    app     info:    [virtual-goods] Getting Plex status for '17525312' on 'tranquility'
2023-12-11 19:11:19.094    app     info:    [authentication] Token for '18034259' on 'tranquility' has been successfully refreshed
2023-12-11 19:11:19.096    app     info:    [elg-events] Sending event    eve_launcher.electron.authentication.UserTokensRefreshed
2023-12-11 19:11:19.097    app     info:    [customer-information] Getting character information for '18034259' on 'tranquility'
2023-12-11 19:11:19.097    app     info:    [customer-information] Getting Omega status for '18034259' on 'tranquility'
2023-12-11 19:11:19.098    app     info:    [virtual-goods] Getting Plex status for '18034259' on 'tranquility'
2023-12-11 19:11:19.110    app     info:    [authentication] Token for '25218835' on 'tranquility' has been successfully refreshed
2023-12-11 19:11:19.111    app     info:    [elg-events] Sending event    eve_launcher.electron.authentication.UserTokensRefreshed
2023-12-11 19:11:19.112    app     info:    [customer-information] Getting character information for '25218835' on 'tranquility'
2023-12-11 19:11:19.112    app     info:    [customer-information] Getting Omega status for '25218835' on 'tranquility'
2023-12-11 19:11:19.112    app     info:    [virtual-goods] Getting Plex status for '25218835' on 'tranquility'
2023-12-11 19:11:19.126    app     info:    [authentication] Token for '26239201' on 'tranquility' has been successfully refreshed
2023-12-11 19:11:19.127    app     info:    [elg-events] Sending event    eve_launcher.electron.authentication.UserTokensRefreshed
2023-12-11 19:11:19.128    app     info:    [customer-information] Getting character information for '26239201' on 'tranquility'
2023-12-11 19:11:19.129    app     info:    [customer-information] Getting Omega status for '26239201' on 'tranquility'
2023-12-11 19:11:19.129    app     info:    [virtual-goods] Getting Plex status for '26239201' on 'tranquility'
2023-12-11 19:11:19.139    app     info:    [authentication] Token for '23622903' on 'tranquility' has been successfully refreshed
2023-12-11 19:11:19.141    app     info:    [elg-events] Sending event    eve_launcher.electron.authentication.UserTokensRefreshed
2023-12-11 19:11:19.142    app     info:    [customer-information] Getting character information for '23622903' on 'tranquility'
2023-12-11 19:11:19.142    app     info:    [customer-information] Getting Omega status for '23622903' on 'tranquility'
2023-12-11 19:11:19.142    app     info:    [virtual-goods] Getting Plex status for '23622903' on 'tranquility'
2023-12-11 19:11:19.152    app     info:    [authentication] Token for '16492377' on 'tranquility' has been successfully refreshed
2023-12-11 19:11:19.153    app     info:    [elg-events] Sending event    eve_launcher.electron.authentication.UserTokensRefreshed
2023-12-11 19:11:19.155    app     info:    [customer-information] Getting character information for '16492377' on 'tranquility'
2023-12-11 19:11:19.155    app     info:    [customer-information] Getting Omega status for '16492377' on 'tranquility'
2023-12-11 19:11:19.155    app     info:    [virtual-goods] Getting Plex status for '16492377' on 'tranquility'
2023-12-11 19:11:19.168    app     info:    [authentication] Token for '28182799' on 'tranquility' has been successfully refreshed
2023-12-11 19:11:19.169    app     info:    [elg-events] Sending event    eve_launcher.electron.authentication.UserTokensRefreshed
2023-12-11 19:11:19.170    app     info:    [customer-information] Getting character information for '28182799' on 'tranquility'
2023-12-11 19:11:19.170    app     info:    [customer-information] Getting Omega status for '28182799' on 'tranquility'
2023-12-11 19:11:19.170    app     info:    [virtual-goods] Getting Plex status for '28182799' on 'tranquility'
2023-12-11 19:11:19.181    app     info:    [authentication] Token for '2110311' on 'tranquility' has been successfully refreshed
2023-12-11 19:11:19.182    app     info:    [elg-events] Sending event    eve_launcher.electron.authentication.UserTokensRefreshed
2023-12-11 19:11:19.184    app     info:    [customer-information] Getting character information for '2110311' on 'tranquility'
2023-12-11 19:11:19.184    app     info:    [customer-information] Getting Omega status for '2110311' on 'tranquility'
2023-12-11 19:11:19.184    app     info:    [virtual-goods] Getting Plex status for '2110311' on 'tranquility'
2023-12-11 19:11:19.267    app     info:    [virtual-goods] Fetched Plex status for '29285645' on 'tranquility'
2023-12-11 19:11:19.279    app     info:    [AuthenticationMiddleware] Successfully restored 12 / 12 users
2023-12-11 19:11:19.280    app     info:    [virtual-goods] Fetched Plex status for '17525312' on 'tranquility'
2023-12-11 19:11:19.304    app     info:    [virtual-goods] Fetched Plex status for '18034259' on 'tranquility'
2023-12-11 19:11:19.310    app     info:    [virtual-goods] Fetched Plex status for '25218835' on 'tranquility'
2023-12-11 19:11:19.325    app     info:    [esi] Fetching character details for 2121178171
2023-12-11 19:11:19.338    app     info:    [esi] Fetching character details for 2121174545
2023-12-11 19:11:19.367    app     info:    [esi] Fetching character details for 2119361891, 2120347635
2023-12-11 19:11:19.380    app     info:    [AuthenticationMiddleware] User information updated
2023-12-11 19:11:19.389    app     info:    [esi] Fetching character details for 2113875139, 2121174871
2023-12-11 19:11:19.401    app     info:    [esi] Fetching character details for 2115031890, 2121177973
2023-12-11 19:11:19.427    app     info:    [AuthenticationMiddleware] User information updated
2023-12-11 19:11:19.428    app     info:    [esi] Fetching character details for 2114656127, 2121178396
2023-12-11 19:11:19.438    app     info:    [AuthenticationMiddleware] User information updated
2023-12-11 19:11:19.447    app     info:    [esi] Fetching character details for 578564394, 2115457291
2023-12-11 19:11:19.461    app     info:    [esi] Fetching character details for 2118248041, 2121175776
2023-12-11 19:11:19.475    app     info:    [virtual-goods] Fetched Plex status for '2110311' on 'tranquility'
2023-12-11 19:11:19.480    app     info:    [AuthenticationMiddleware] User information updated
2023-12-11 19:11:19.481    app     info:    [virtual-goods] Fetched Plex status for '16492377' on 'tranquility'
2023-12-11 19:11:19.486    app     info:    [AuthenticationMiddleware] User information updated
2023-12-11 19:11:19.486    app     info:    [virtual-goods] Fetched Plex status for '28182799' on 'tranquility'
2023-12-11 19:11:19.492    app     info:    [AuthenticationMiddleware] User information updated
2023-12-11 19:11:19.493    app     info:    [virtual-goods] Fetched Plex status for '26239201' on 'tranquility'
2023-12-11 19:11:19.499    app     info:    [AuthenticationMiddleware] User information updated
2023-12-11 19:11:19.504    app     info:    [virtual-goods] Fetched Plex status for '23622903' on 'tranquility'
2023-12-11 19:11:19.591    app     info:    [AuthenticationMiddleware] User information updated
2023-12-11 19:11:19.647    app     info:    [esi] Fetched 1 character details for 29285645
2023-12-11 19:11:19.689    app     info:    [esi] Fetched 1 character details for 29280260
2023-12-11 19:11:19.825    app     info:    ELG stream closed, quitting.
