2023-12-22 12:55:31.541    app     info:    Startup arguments    []
2023-12-22 12:55:31.547    app     info:    [self-update] Starting automatic update checks
2023-12-22 12:55:31.547    app     info:    [self-update] Waiting for update feed before starting update checks
2023-12-22 12:55:31.550    app     info:    [preload] High DPI scaling enabled by settings
2023-12-22 12:55:31.692    app     info:    [i18next] Changed language    en
2023-12-22 12:55:31.802    app     info:    [authentication] Token for '16492377' on 'tranquility' is expired, refresh is required
2023-12-22 12:55:31.802    app     info:    [authentication] Refreshing token for '16492377' on 'tranquility'
2023-12-22 12:55:31.803    app     info:    [authentication] Token for '17525312' on 'tranquility' is expired, refresh is required
2023-12-22 12:55:31.803    app     info:    [authentication] Refreshing token for '17525312' on 'tranquility'
2023-12-22 12:55:31.804    app     info:    [authentication] Token for '25218835' on 'tranquility' is expired, refresh is required
2023-12-22 12:55:31.804    app     info:    [authentication] Refreshing token for '25218835' on 'tranquility'
2023-12-22 12:55:31.805    app     info:    [customer-information] Getting character information for '29280260' on 'tranquility'
2023-12-22 12:55:31.805    app     info:    [customer-information] Getting Omega status for '29280260' on 'tranquility'
2023-12-22 12:55:31.805    app     info:    [virtual-goods] Getting Plex status for '29280260' on 'tranquility'
2023-12-22 12:55:31.807    app     info:    [customer-information] Getting character information for '29285645' on 'tranquility'
2023-12-22 12:55:31.808    app     info:    [customer-information] Getting Omega status for '29285645' on 'tranquility'
2023-12-22 12:55:31.808    app     info:    [virtual-goods] Getting Plex status for '29285645' on 'tranquility'
2023-12-22 12:55:31.809    app     info:    [authentication] Token for '18034259' on 'tranquility' is expired, refresh is required
2023-12-22 12:55:31.809    app     info:    [authentication] Refreshing token for '18034259' on 'tranquility'
2023-12-22 12:55:31.809    app     info:    [authentication] Token for '28182799' on 'tranquility' is expired, refresh is required
2023-12-22 12:55:31.809    app     info:    [authentication] Refreshing token for '28182799' on 'tranquility'
2023-12-22 12:55:31.810    app     info:    [authentication] Token for '2110311' on 'tranquility' is expired, refresh is required
2023-12-22 12:55:31.810    app     info:    [authentication] Refreshing token for '2110311' on 'tranquility'
2023-12-22 12:55:31.810    app     info:    [authentication] Token for '23622903' on 'tranquility' is expired, refresh is required
2023-12-22 12:55:31.811    app     info:    [authentication] Refreshing token for '23622903' on 'tranquility'
2023-12-22 12:55:31.811    app     info:    [authentication] Token for '26239201' on 'tranquility' is expired, refresh is required
2023-12-22 12:55:31.811    app     info:    [authentication] Refreshing token for '26239201' on 'tranquility'
2023-12-22 12:55:31.811    app     info:    [authentication] Token for '18922386' on 'tranquility' is expired, refresh is required
2023-12-22 12:55:31.811    app     info:    [authentication] Refreshing token for '18922386' on 'tranquility'
2023-12-22 12:55:31.812    app     info:    [authentication] Token for '18000247' on 'tranquility' is expired, refresh is required
2023-12-22 12:55:31.812    app     info:    [authentication] Refreshing token for '18000247' on 'tranquility'
2023-12-22 12:55:31.812    app     info:    [device-id] Device id found in state
2023-12-22 12:55:31.819    app     info:    [analytics] Application name:    EVE Online
2023-12-22 12:55:31.819    app     info:    [analytics] Application version:    1.2.0
2023-12-22 12:55:31.819    app     info:    [analytics] Domain    undefined
2023-12-22 12:55:31.820    app     info:    [analytics] Working directory    C:\Users\REDACTED\AppData\Local\eve-online\app-1.2.0
2023-12-22 12:55:31.820    app     info:    [analytics] Username contains UTF8?    false
2023-12-22 12:55:32.615    app     info:    [elg-events] Sending event    eve_launcher.electron.application.PdmLoaded
2023-12-22 12:55:32.618    app     info:    [analytics] Operating system    {
  type: 'Windows',
  name: 'Windows 10 Education',
  version: '10.0 (19045)'
}
2023-12-22 12:55:32.619    app     info:    [analytics] Encryption available:    true
2023-12-22 12:55:32.619    app     info:    [analytics] Machine UUID    4E9F516C-5B97-47C6-8C67-E93D943CB7C8
2023-12-22 12:55:32.619    app     info:    [analytics] PDM Version    2.1.4
2023-12-22 12:55:32.620    app     info:    [analytics] Release channel    release
2023-12-22 12:55:32.624    app     info:    [initializers] Shared cache directory set to    C:\CCP\EVE Online
2023-12-22 12:55:32.656    app     info:    [initializers] Shared cache drive free space: 116,99 GiB / 465,75 GiB
2023-12-22 12:55:32.665    app     info:    [elg-events] Sending event    eve_launcher.electron.application.LauncherStarted
2023-12-22 12:55:32.668    app     info:    [elg-events] Sending event    eve_launcher.electron.application.CoreDataLoaded
2023-12-22 12:55:32.669    app     info:    [cdn-trace] Fetching CDN trace data from https://binaries.eveonline.com/cdn-cgi/trace
2023-12-22 12:55:32.684    app     info:    [feature-flags] Initializing feature flag client
2023-12-22 12:55:32.791    app     info:    [first-run] First application run was at 2023-11-27T10:29:20.506Z
2023-12-22 12:55:32.846    app     info:    [cache-protocol] Found 0 entries to remove
2023-12-22 12:55:32.847    app     info:    [cache-protocol] Nothing to clean up.
2023-12-22 12:55:32.891    app     info:    [virtual-goods] Fetched Plex status for '29280260' on 'tranquility'
2023-12-22 12:55:32.901    app     info:    [virtual-goods] Fetched Plex status for '29285645' on 'tranquility'
2023-12-22 12:55:32.910    app     info:    [esi] Fetching character details for 2121878074
2023-12-22 12:55:32.924    app     info:    [esi] Fetching character details for 2121853336
2023-12-22 12:55:32.940    app     info:    [server-manager] Starting refresh cycle for eve-online / Tranquility
2023-12-22 12:55:32.950    app     info:    [customer-information] Agreements have been updated
2023-12-22 12:55:32.998    app     info:    info: [LaunchDarkly] LaunchDarkly client initialized    []
2023-12-22 12:55:32.999    app     info:    info: [LaunchDarkly] Opening stream connection to https://clientstream.launchdarkly.com/eval/64c3d12e27a4b11365012d39/eyJrZXkiOiI0YTQzNmFkYi00Yjk5LTQwYTctODViMC00MmUyMDZmNDEyODYiLCJraW5kIjoidXNlciIsImN1c3RvbSI6eyJpc0ZpcnN0UnVuIjpmYWxzZSwiZGF5c1NpbmNlRmlyc3RSdW4iOjI1LCJsYW5ndWFnZSI6ImVuIiwiYXBwbGljYXRpb24iOiJldmUtb25saW5lIiwidmVyc2lvbiI6IjEuMi4wIiwicGxhdGZvcm0iOiJ3aW5kb3dzIiwib3NWZXJzaW9uRGVwcmVjYXRlZCI6ZmFsc2UsInVzZXJJZHMiOlsxNjQ5MjM3NywxODAwMDI0NywyMTEwMzExLDI5Mjg1NjQ1XSwib21lZ2FDb3VudCI6MCwiYWxwaGFDb3VudCI6MTIsImFjY291bnRDb3VudCI6MTIsIm9sZGVzdEFjY291bnRBZ2UiOjYwMDgsInlvdW5nZXN0QWNjb3VudEFnZSI6MjF9fQ?withReasons=true    []
2023-12-22 12:55:33.000    app     info:    [feature-flags] Client 4a436adb... ready, fetching flags
2023-12-22 12:55:33.007    app     info:    [feature-flags] Received 18 flags for client 4a436adb...
2023-12-22 12:55:33.008    app     info:    [feature-flags] Client initialized with key 4a436adb...
2023-12-22 12:55:33.009    app     info:    [self-update] Update feed set, starting update checks
2023-12-22 12:55:33.009    app     info:    [self-update] Starting automatic update checks
2023-12-22 12:55:33.009    app     info:    [self-update] Checking for a launcher update...
2023-12-22 12:55:33.065    app     info:    [authentication] Token for '18034259' on 'tranquility' has been successfully refreshed
2023-12-22 12:55:33.066    app     info:    [elg-events] Sending event    eve_launcher.electron.authentication.UserTokensRefreshed
2023-12-22 12:55:33.068    app     info:    [customer-information] Getting character information for '18034259' on 'tranquility'
2023-12-22 12:55:33.068    app     info:    [customer-information] Getting Omega status for '18034259' on 'tranquility'
2023-12-22 12:55:33.068    app     info:    [virtual-goods] Getting Plex status for '18034259' on 'tranquility'
2023-12-22 12:55:33.081    app     info:    [authentication] Token for '23622903' on 'tranquility' has been successfully refreshed
2023-12-22 12:55:33.084    app     info:    [elg-events] Sending event    eve_launcher.electron.authentication.UserTokensRefreshed
2023-12-22 12:55:33.086    app     info:    [customer-information] Getting character information for '23622903' on 'tranquility'
2023-12-22 12:55:33.086    app     info:    [customer-information] Getting Omega status for '23622903' on 'tranquility'
2023-12-22 12:55:33.086    app     info:    [virtual-goods] Getting Plex status for '23622903' on 'tranquility'
2023-12-22 12:55:33.097    app     info:    [authentication] Token for '18000247' on 'tranquility' has been successfully refreshed
2023-12-22 12:55:33.098    app     info:    [elg-events] Sending event    eve_launcher.electron.authentication.UserTokensRefreshed
2023-12-22 12:55:33.100    app     info:    [customer-information] Getting character information for '18000247' on 'tranquility'
2023-12-22 12:55:33.100    app     info:    [customer-information] Getting Omega status for '18000247' on 'tranquility'
2023-12-22 12:55:33.100    app     info:    [virtual-goods] Getting Plex status for '18000247' on 'tranquility'
2023-12-22 12:55:33.110    app     info:    [authentication] Token for '18922386' on 'tranquility' has been successfully refreshed
2023-12-22 12:55:33.112    app     info:    [elg-events] Sending event    eve_launcher.electron.authentication.UserTokensRefreshed
2023-12-22 12:55:33.113    app     info:    [customer-information] Getting character information for '18922386' on 'tranquility'
2023-12-22 12:55:33.113    app     info:    [customer-information] Getting Omega status for '18922386' on 'tranquility'
2023-12-22 12:55:33.113    app     info:    [virtual-goods] Getting Plex status for '18922386' on 'tranquility'
2023-12-22 12:55:33.125    app     info:    [authentication] Token for '28182799' on 'tranquility' has been successfully refreshed
2023-12-22 12:55:33.126    app     info:    [elg-events] Sending event    eve_launcher.electron.authentication.UserTokensRefreshed
2023-12-22 12:55:33.128    app     info:    [customer-information] Getting character information for '28182799' on 'tranquility'
2023-12-22 12:55:33.128    app     info:    [customer-information] Getting Omega status for '28182799' on 'tranquility'
2023-12-22 12:55:33.128    app     info:    [virtual-goods] Getting Plex status for '28182799' on 'tranquility'
2023-12-22 12:55:33.140    app     info:    [authentication] Token for '26239201' on 'tranquility' has been successfully refreshed
2023-12-22 12:55:33.142    app     info:    [elg-events] Sending event    eve_launcher.electron.authentication.UserTokensRefreshed
2023-12-22 12:55:33.143    app     info:    [customer-information] Getting character information for '26239201' on 'tranquility'
2023-12-22 12:55:33.143    app     info:    [customer-information] Getting Omega status for '26239201' on 'tranquility'
2023-12-22 12:55:33.143    app     info:    [virtual-goods] Getting Plex status for '26239201' on 'tranquility'
2023-12-22 12:55:33.153    app     info:    [authentication] Token for '2110311' on 'tranquility' has been successfully refreshed
2023-12-22 12:55:33.155    app     info:    [elg-events] Sending event    eve_launcher.electron.authentication.UserTokensRefreshed
2023-12-22 12:55:33.156    app     info:    [customer-information] Getting character information for '2110311' on 'tranquility'
2023-12-22 12:55:33.156    app     info:    [customer-information] Getting Omega status for '2110311' on 'tranquility'
2023-12-22 12:55:33.156    app     info:    [virtual-goods] Getting Plex status for '2110311' on 'tranquility'
2023-12-22 12:55:33.167    app     info:    [authentication] Token for '16492377' on 'tranquility' has been successfully refreshed
2023-12-22 12:55:33.168    app     info:    [elg-events] Sending event    eve_launcher.electron.authentication.UserTokensRefreshed
2023-12-22 12:55:33.170    app     info:    [customer-information] Getting character information for '16492377' on 'tranquility'
2023-12-22 12:55:33.170    app     info:    [customer-information] Getting Omega status for '16492377' on 'tranquility'
2023-12-22 12:55:33.170    app     info:    [virtual-goods] Getting Plex status for '16492377' on 'tranquility'
2023-12-22 12:55:33.180    app     info:    [authentication] Token for '17525312' on 'tranquility' has been successfully refreshed
2023-12-22 12:55:33.182    app     info:    [elg-events] Sending event    eve_launcher.electron.authentication.UserTokensRefreshed
2023-12-22 12:55:33.183    app     info:    [customer-information] Getting character information for '17525312' on 'tranquility'
2023-12-22 12:55:33.183    app     info:    [customer-information] Getting Omega status for '17525312' on 'tranquility'
2023-12-22 12:55:33.183    app     info:    [virtual-goods] Getting Plex status for '17525312' on 'tranquility'
2023-12-22 12:55:33.194    app     info:    [authentication] Token for '25218835' on 'tranquility' has been successfully refreshed
2023-12-22 12:55:33.195    app     info:    [elg-events] Sending event    eve_launcher.electron.authentication.UserTokensRefreshed
2023-12-22 12:55:33.197    app     info:    [customer-information] Getting character information for '25218835' on 'tranquility'
2023-12-22 12:55:33.197    app     info:    [customer-information] Getting Omega status for '25218835' on 'tranquility'
2023-12-22 12:55:33.197    app     info:    [virtual-goods] Getting Plex status for '25218835' on 'tranquility'
2023-12-22 12:55:33.207    app     info:    [AuthenticationMiddleware] Successfully restored 14 / 14 users
2023-12-22 12:55:33.217    app     info:    [server-manager] Previous Tranquility build: 2454674, current build: 2454674
2023-12-22 12:55:33.218    app     info:    [server-manager] Tranquility build is unchanged.
2023-12-22 12:55:33.223    app     info:    [server-manager] Ready to play!
2023-12-22 12:55:33.227    app     info:    [server-manager] Finished refresh cycle for Tranquility
2023-12-22 12:55:33.310    app     info:    [esi] Fetching character details for 2115479508
2023-12-22 12:55:33.318    app     info:    [virtual-goods] Fetched Plex status for '18000247' on 'tranquility'
2023-12-22 12:55:33.325    app     info:    [esi] Fetching character details for 2115031890, 2121177973
2023-12-22 12:55:33.365    app     info:    [esi] Fetching character details for 2121178171
2023-12-22 12:55:33.373    app     info:    [esi] Fetching character details for 2121891348
2023-12-22 12:55:33.380    app     info:    [AuthenticationMiddleware] User information updated
2023-12-22 12:55:33.382    app     info:    [esi] Fetching character details for 2114656127, 2121178396
2023-12-22 12:55:33.403    app     info:    [esi] Fetching character details for 2113875139, 2121174871
2023-12-22 12:55:33.412    app     info:    [esi] Fetching character details for 2119361891, 2120347635
2023-12-22 12:55:33.422    app     info:    [esi] Fetching character details for 578564394, 2115457291
2023-12-22 12:55:33.432    app     info:    [esi] Fetching character details for 2118248041, 2121175776
2023-12-22 12:55:33.457    app     info:    [self-update] Currently running the latest launcher version. Scheduling update check in 5 minutes.
2023-12-22 12:55:33.469    app     info:    [virtual-goods] Fetched Plex status for '28182799' on 'tranquility'
2023-12-22 12:55:33.476    app     info:    [virtual-goods] Fetched Plex status for '2110311' on 'tranquility'
2023-12-22 12:55:33.482    app     info:    [AuthenticationMiddleware] User information updated
2023-12-22 12:55:33.483    app     info:    [virtual-goods] Fetched Plex status for '16492377' on 'tranquility'
2023-12-22 12:55:33.488    app     info:    [AuthenticationMiddleware] User information updated
2023-12-22 12:55:33.488    app     info:    [virtual-goods] Fetched Plex status for '25218835' on 'tranquility'
2023-12-22 12:55:33.493    app     info:    [AuthenticationMiddleware] User information updated
2023-12-22 12:55:33.494    app     info:    [virtual-goods] Fetched Plex status for '23622903' on 'tranquility'
2023-12-22 12:55:33.499    app     info:    [AuthenticationMiddleware] User information updated
2023-12-22 12:55:33.503    app     info:    [virtual-goods] Fetched Plex status for '18922386' on 'tranquility'
2023-12-22 12:55:33.508    app     info:    [AuthenticationMiddleware] User information updated
2023-12-22 12:55:33.508    app     info:    [virtual-goods] Fetched Plex status for '17525312' on 'tranquility'
2023-12-22 12:55:33.513    app     info:    [AuthenticationMiddleware] User information updated
2023-12-22 12:55:33.514    app     info:    [virtual-goods] Fetched Plex status for '18034259' on 'tranquility'
2023-12-22 12:55:33.519    app     info:    [AuthenticationMiddleware] User information updated
2023-12-22 12:55:33.576    app     info:    [esi] Fetched 1 character details for 29285645
2023-12-22 12:55:33.603    app     info:    [esi] Fetching character details for 2121174545
2023-12-22 12:55:33.609    app     info:    [AuthenticationMiddleware] User information updated
2023-12-22 12:55:33.631    app     info:    [esi] Fetched 1 character details for 29280260
2023-12-22 12:55:33.801    app     warn:    [steam-auth] Failed to initialize Steamworks client
2023-12-22 12:55:33.809    app     info:    [main-window] Registering main window    { windowId: 2 }
2023-12-22 12:55:33.818    app     info:    [cdn-trace] Fetching CDN trace data from https://binaries.eveonline.com/cdn-cgi/trace
2023-12-22 12:55:33.820    app     info:    [creatives] Requesting creatives
2023-12-22 12:55:33.826    app     info:    [elg-events] Sending event    eve_launcher.electron.application.RendererLoaded
2023-12-22 12:55:33.836    app     info:    [virtual-goods] Fetched Plex status for '26239201' on 'tranquility'
2023-12-22 12:55:33.841    app     info:    [AuthenticationMiddleware] User information updated
2023-12-22 12:55:33.842    app     info:    [esi] Fetched 1 character details for 18922386
2023-12-22 12:55:33.845    app     info:    [esi] Fetched 2 character details for 18034259
2023-12-22 12:55:33.897    app     info:    [esi] Fetched 2 character details for 17525312
2023-12-22 12:55:33.900    app     info:    [esi] Fetched 2 character details for 25218835
2023-12-22 12:55:33.902    app     info:    [esi] Fetched 1 character details for 18000247
2023-12-22 12:55:33.904    app     info:    [esi] Fetched 2 character details for 2110311
2023-12-22 12:55:33.906    app     info:    [esi] Fetched 2 character details for 16492377
2023-12-22 12:55:33.908    app     info:    [esi] Fetched 2 character details for 23622903
2023-12-22 12:55:33.910    app     info:    [esi] Fetched 1 character details for 26239201
2023-12-22 12:55:33.953    app     info:    [creatives] Received 3 creatives
2023-12-22 12:55:34.066    app     info:    [esi] Fetched 1 character details for 28182799
2023-12-22 12:55:34.749     ui     info:    Initializing captcha    ccp://launcher/renderer/main_window/index.js    2
2023-12-22 12:55:39.176    app     info:    [AuthenticationMiddleware] Character information for '16492377' on 'tranquility' was loaded recently, skipping refresh.
2023-12-22 12:55:39.176    app     info:    [AuthenticationMiddleware] Plex information for '16492377' on 'tranquility' was loaded recently, skipping refresh.
2023-12-22 12:55:40.144    app     info:    [client-queue] Queued client startup    {
  product: 'eve-online',
  tenant: 'tranquility',
  userId: 16492377,
  characterId: 2121174871,
  profile: ''
}
2023-12-22 12:55:40.147    app     info:    [elg-events] Sending event    eve_launcher.electron.eve_client.ClientQueued
2023-12-22 12:55:40.147    app     info:    [client-queue] No clients running for tranquility, copying files before starting a client
2023-12-22 12:55:40.153    app     info:    [elg-events] Sending event    eve_launcher.electron.eve_client.CopyingFilesStarted
2023-12-22 12:55:40.153    app     info:    [binary-copier] Copying 194 files (216 MB) to 'C:\CCP\EVE Online\tq'
2023-12-22 12:55:40.174    app     info:    [binary-copier] Removing old binaries
2023-12-22 12:55:40.194    app     info:    [binary-copier] Copying binaries from ResFiles
2023-12-22 12:55:40.591    app     info:    [analytics] Hardware rendering enabled:    true    { disabledViaCommandline: false, disabledViaSettings: false }
2023-12-22 12:55:40.639    app     info:    [binary-copier] Finished copying 194 files to 'C:\CCP\EVE Online\tq' in 0.488 seconds
2023-12-22 12:55:40.641    app     info:    [elg-events] Sending event    eve_launcher.electron.eve_client.CopyingFilesFinished
2023-12-22 12:55:40.646    app     info:    [client-manager] Starting EVE Online game client.    C:\CCP\EVE Online\tq\bin64\exefile.exe    Map(11) {
  'noconsole' => '/noconsole',
  'server' => '/server:tranquility.servers.eveonline.com',
  'triplatform' => '/triplatform=dx12',
  'ssotoken' => '/ssoToken=***',
  'refreshtoken' => '/refreshToken=***',
  'settingsprofile' => '/settingsprofile=Default',
  'deviceid' => '/deviceID=4a436adb-4b99-40a7-85b0-42e206f41286',
  'autoselectcharacter' => '/autoSelectCharacter:2121174871',
  'language' => '/language=en',
  'exp' => '1703250332',
  'tokenExpires' => '2023-12-22 15:05:32.000'
}    16492377
2023-12-22 12:55:40.659    app     info:    [client-queue] Started client from group startup    {
  product: 'eve-online',
  tenant: 'tranquility',
  characterId: 2121174871,
  profile: '',
  userId: 16492377
}
2023-12-22 12:55:40.765    app     info:    [quasar-events] Sent 'eve_launcher.electron.eve_client.GameClientStartRequested'
2023-12-22 12:55:40.766    app     info:    [quasar-events] Sent 'eve_launcher.electron.eve_client.TemporaryClientProcessAdded'
2023-12-22 12:55:41.175    app     info:    [client-manager] Found 'tranquility' client for '16492377' running:     {
  processId: 2424,
  createdDate: 1703249740661,
  userId: 16492377,
  characterId: 2121174871,
  profile: 'Default',
  dxVersion: 'dx12'
}
2023-12-22 12:55:41.274    app     info:    [quasar-events] Sent 'eve_launcher.electron.eve_client.TemporaryClientProcessMonitoringRetried'
2023-12-22 12:55:41.275    app     info:    [quasar-events] Sent 'eve_launcher.electron.eve_client.GameClientStarted'
2023-12-22 12:55:41.275    app     info:    [quasar-events] Sent 'eve_launcher.electron.eve_client.TemporaryClientProcessRemoved'
2023-12-22 12:55:41.672    app     info:    [client-queue] Queue has stopped running, no more clients pending startup.
2023-12-22 12:56:03.120    app     warn:    Could not connect to LogLite    [
  Error: connect ECONNREFUSED 127.0.0.1:3273
      at TCPConnectWrap.afterConnect [as oncomplete] (node:net:1247:16) {
    errno: -4078,
    code: 'ECONNREFUSED',
    syscall: 'connect',
    address: '127.0.0.1',
    port: 3273
  }
]
2023-12-22 13:00:33.227    app     info:    [server-manager] Starting refresh cycle for eve-online / Tranquility
2023-12-22 13:00:33.360    app     info:    [server-manager] Previous Tranquility build: 2454674, current build: 2454674
2023-12-22 13:00:33.360    app     info:    [server-manager] Tranquility build is unchanged.
2023-12-22 13:00:33.366    app     info:    [server-manager] Ready to play!
2023-12-22 13:00:33.371    app     info:    [server-manager] Finished refresh cycle for Tranquility
2023-12-22 13:00:33.462    app     info:    [self-update] Checking for a launcher update...
2023-12-22 13:00:33.762    app     info:    [self-update] Currently running the latest launcher version. Scheduling update check in 5 minutes.
2023-12-22 13:02:01.211    app     info:    [client-manager] 'tranquility' for EVE game client for '16492377' exited with no errors.
2023-12-22 13:02:01.221    app     info:    [server-manager] Starting refresh cycle for eve-online / Tranquility
2023-12-22 13:02:01.318    app     info:    [quasar-events] Sent 'eve_launcher.electron.eve_client.GameClientExited'
2023-12-22 13:02:01.348    app     info:    [server-manager] Previous Tranquility build: 2454674, current build: 2454674
2023-12-22 13:02:01.349    app     info:    [server-manager] Tranquility build is unchanged.
2023-12-22 13:02:01.354    app     info:    [server-manager] Ready to play!
2023-12-22 13:02:01.357    app     info:    [server-manager] Finished refresh cycle for Tranquility
2023-12-22 13:02:02.437    app     info:    [ipc-requests] Handling requests in the background
2023-12-22 13:02:03.449    app     info:    [ipc-requests] No longer handling requests in the background
2023-12-22 13:02:12.080    app     info:    [AuthenticationMiddleware] Character information for '17525312' on 'tranquility' was loaded recently, skipping refresh.
2023-12-22 13:02:12.080    app     info:    [AuthenticationMiddleware] Plex information for '17525312' on 'tranquility' was loaded recently, skipping refresh.
2023-12-22 13:02:26.772    app     info:    [client-queue] Queued client startup    {
  product: 'eve-online',
  tenant: 'tranquility',
  userId: 17525312,
  characterId: 2121178396,
  profile: ''
}
2023-12-22 13:02:26.774    app     info:    [elg-events] Sending event    eve_launcher.electron.eve_client.ClientQueued
2023-12-22 13:02:26.774    app     info:    [client-queue] No clients running for tranquility, copying files before starting a client
2023-12-22 13:02:26.778    app     info:    [elg-events] Sending event    eve_launcher.electron.eve_client.CopyingFilesStarted
2023-12-22 13:02:26.779    app     info:    [binary-copier] Copying 194 files (216 MB) to 'C:\CCP\EVE Online\tq'
2023-12-22 13:02:26.794    app     info:    [binary-copier] Removing old binaries
2023-12-22 13:02:26.823    app     info:    [binary-copier] Copying binaries from ResFiles
2023-12-22 13:02:27.163    app     info:    [binary-copier] Finished copying 194 files to 'C:\CCP\EVE Online\tq' in 0.387 seconds
2023-12-22 13:02:27.165    app     info:    [elg-events] Sending event    eve_launcher.electron.eve_client.CopyingFilesFinished
2023-12-22 13:02:27.170    app     info:    [client-manager] Starting EVE Online game client.    C:\CCP\EVE Online\tq\bin64\exefile.exe    Map(11) {
  'noconsole' => '/noconsole',
  'server' => '/server:tranquility.servers.eveonline.com',
  'triplatform' => '/triplatform=dx12',
  'ssotoken' => '/ssoToken=***',
  'refreshtoken' => '/refreshToken=***',
  'settingsprofile' => '/settingsprofile=Default',
  'deviceid' => '/deviceID=4a436adb-4b99-40a7-85b0-42e206f41286',
  'autoselectcharacter' => '/autoSelectCharacter:2121178396',
  'language' => '/language=en',
  'exp' => '1703250332',
  'tokenExpires' => '2023-12-22 15:05:32.000'
}    17525312
2023-12-22 13:02:27.203    app     info:    [client-queue] Started client from group startup    {
  product: 'eve-online',
  tenant: 'tranquility',
  characterId: 2121178396,
  profile: '',
  userId: 17525312
}
2023-12-22 13:02:27.277    app     info:    [quasar-events] Sent 'eve_launcher.electron.eve_client.GameClientStartRequested'
2023-12-22 13:02:27.277    app     info:    [quasar-events] Sent 'eve_launcher.electron.eve_client.TemporaryClientProcessAdded'
2023-12-22 13:02:27.719    app     info:    [client-manager] Found 'tranquility' client for '17525312' running:     {
  processId: 6852,
  createdDate: 1703250147205,
  userId: 17525312,
  characterId: 2121178396,
  profile: 'Default',
  dxVersion: 'dx12'
}
2023-12-22 13:02:27.820    app     info:    [quasar-events] Sent 'eve_launcher.electron.eve_client.TemporaryClientProcessMonitoringRetried'
2023-12-22 13:02:27.821    app     info:    [quasar-events] Sent 'eve_launcher.electron.eve_client.GameClientStarted'
2023-12-22 13:02:27.822    app     info:    [quasar-events] Sent 'eve_launcher.electron.eve_client.TemporaryClientProcessRemoved'
2023-12-22 13:02:28.218    app     info:    [client-queue] Queue has stopped running, no more clients pending startup.
2023-12-22 13:02:51.561    app     info:    [ipc-requests] Handling requests in the background
2023-12-22 13:02:52.575    app     info:    [ipc-requests] No longer handling requests in the background
2023-12-22 13:04:08.160    app     info:    [ipc-requests] Handling requests in the background
2023-12-22 13:04:08.588    app     info:    [ipc-requests] Handling requests in the background
2023-12-22 13:04:09.174    app     info:    [ipc-requests] No longer handling requests in the background
2023-12-22 13:04:09.597    app     info:    [ipc-requests] No longer handling requests in the background
2023-12-22 13:04:45.859    app     info:    [ipc-requests] Handling requests in the background
2023-12-22 13:04:46.863    app     info:    [ipc-requests] No longer handling requests in the background
2023-12-22 13:05:07.091    app     info:    [ipc-requests] Handling requests in the background
2023-12-22 13:05:08.103    app     info:    [ipc-requests] No longer handling requests in the background
2023-12-22 13:05:33.769    app     info:    [self-update] Checking for a launcher update...
2023-12-22 13:05:34.050    app     info:    [self-update] Currently running the latest launcher version. Scheduling update check in 5 minutes.
2023-12-22 13:05:40.206    app     info:    [ipc-requests] Handling requests in the background
2023-12-22 13:05:41.219    app     info:    [ipc-requests] No longer handling requests in the background
2023-12-22 13:06:17.886    app     info:    [ipc-requests] Handling requests in the background
2023-12-22 13:06:18.803    app     info:    [ipc-requests] Handling requests in the background
2023-12-22 13:06:18.905    app     info:    [ipc-requests] No longer handling requests in the background
2023-12-22 13:06:19.211    app     info:    [ipc-requests] Handling requests in the background
2023-12-22 13:06:19.815    app     info:    [ipc-requests] No longer handling requests in the background
2023-12-22 13:06:20.217    app     info:    [ipc-requests] No longer handling requests in the background
2023-12-22 13:06:41.507    app     info:    [ipc-requests] Handling requests in the background
2023-12-22 13:06:42.511    app     info:    [ipc-requests] No longer handling requests in the background
2023-12-22 13:06:50.029    app     info:    [ipc-requests] Handling requests in the background
2023-12-22 13:06:51.041    app     info:    [ipc-requests] No longer handling requests in the background
2023-12-22 13:07:01.364    app     info:    [server-manager] Starting refresh cycle for eve-online / Tranquility
2023-12-22 13:07:01.480    app     info:    [server-manager] Previous Tranquility build: 2454674, current build: 2454674
2023-12-22 13:07:01.480    app     info:    [server-manager] Tranquility build is unchanged.
2023-12-22 13:07:01.487    app     info:    [server-manager] Ready to play!
2023-12-22 13:07:01.491    app     info:    [server-manager] Finished refresh cycle for Tranquility
2023-12-22 13:07:07.788    app     info:    [ipc-requests] Handling requests in the background
2023-12-22 13:07:08.243    app     info:    [ipc-requests] Handling requests in the background
2023-12-22 13:07:08.797    app     info:    [ipc-requests] No longer handling requests in the background
2023-12-22 13:07:09.254    app     info:    [ipc-requests] No longer handling requests in the background
2023-12-22 13:07:28.893    app     info:    [ipc-requests] Handling requests in the background
2023-12-22 13:07:29.898    app     info:    [ipc-requests] No longer handling requests in the background
2023-12-22 13:07:31.731    app     info:    [ipc-requests] Handling requests in the background
2023-12-22 13:07:32.742    app     info:    [ipc-requests] No longer handling requests in the background
2023-12-22 13:07:33.628    app     info:    [ipc-requests] Handling requests in the background
2023-12-22 13:07:34.639    app     info:    [ipc-requests] No longer handling requests in the background
2023-12-22 13:07:35.887    app     info:    [ipc-requests] Handling requests in the background
2023-12-22 13:07:36.889    app     info:    [ipc-requests] No longer handling requests in the background
2023-12-22 13:07:53.471    app     info:    [ipc-requests] Handling requests in the background
2023-12-22 13:07:54.473    app     info:    [ipc-requests] No longer handling requests in the background
2023-12-22 13:10:28.288    app     info:    [ipc-requests] Handling requests in the background
2023-12-22 13:10:29.303    app     info:    [ipc-requests] No longer handling requests in the background
2023-12-22 13:10:34.054    app     info:    [self-update] Checking for a launcher update...
2023-12-22 13:10:34.337    app     info:    [self-update] Currently running the latest launcher version. Scheduling update check in 5 minutes.
2023-12-22 13:10:36.531    app     info:    [ipc-requests] Handling requests in the background
2023-12-22 13:10:37.533    app     info:    [ipc-requests] No longer handling requests in the background
2023-12-22 13:10:43.044    app     info:    [ipc-requests] Handling requests in the background
2023-12-22 13:10:44.048    app     info:    [ipc-requests] No longer handling requests in the background
2023-12-22 13:10:48.548    app     info:    [ipc-requests] Handling requests in the background
2023-12-22 13:10:49.549    app     info:    [ipc-requests] No longer handling requests in the background
2023-12-22 13:10:50.023    app     info:    [ipc-requests] Handling requests in the background
2023-12-22 13:10:51.028    app     info:    [ipc-requests] No longer handling requests in the background
2023-12-22 13:12:01.512    app     info:    [server-manager] Starting refresh cycle for eve-online / Tranquility
2023-12-22 13:12:01.685    app     info:    [server-manager] Previous Tranquility build: 2454674, current build: 2454674
2023-12-22 13:12:01.685    app     info:    [server-manager] Tranquility build is unchanged.
2023-12-22 13:12:01.690    app     info:    [server-manager] Ready to play!
2023-12-22 13:12:01.693    app     info:    [server-manager] Finished refresh cycle for Tranquility
2023-12-22 13:12:14.171    app     info:    [ipc-requests] Handling requests in the background
2023-12-22 13:12:15.185    app     info:    [ipc-requests] No longer handling requests in the background
2023-12-22 13:12:22.780    app     info:    [ipc-requests] Handling requests in the background
2023-12-22 13:12:23.793    app     info:    [ipc-requests] No longer handling requests in the background
2023-12-22 13:12:29.812    app     info:    [ipc-requests] Handling requests in the background
2023-12-22 13:12:30.825    app     info:    [ipc-requests] No longer handling requests in the background
2023-12-22 13:12:35.684    app     info:    [ipc-requests] Handling requests in the background
2023-12-22 13:12:36.689    app     info:    [ipc-requests] No longer handling requests in the background
2023-12-22 13:13:51.746    app     info:    [ipc-requests] Handling requests in the background
2023-12-22 13:13:52.753    app     info:    [ipc-requests] No longer handling requests in the background
2023-12-22 13:13:56.980    app     info:    [ipc-requests] Handling requests in the background
2023-12-22 13:13:57.996    app     info:    [ipc-requests] No longer handling requests in the background
2023-12-22 13:13:58.876    app     info:    [ipc-requests] Handling requests in the background
2023-12-22 13:13:59.881    app     info:    [ipc-requests] No longer handling requests in the background
2023-12-22 13:14:06.410    app     info:    [ipc-requests] Handling requests in the background
2023-12-22 13:14:07.418    app     info:    [ipc-requests] No longer handling requests in the background
2023-12-22 13:14:13.410    app     info:    [ipc-requests] Handling requests in the background
2023-12-22 13:14:14.415    app     info:    [ipc-requests] No longer handling requests in the background
2023-12-22 13:14:25.418    app     info:    [ipc-requests] Handling requests in the background
2023-12-22 13:14:26.424    app     info:    [ipc-requests] No longer handling requests in the background
2023-12-22 13:14:49.854    app     info:    [ipc-requests] Handling requests in the background
2023-12-22 13:14:50.865    app     info:    [ipc-requests] No longer handling requests in the background
2023-12-22 13:14:53.314    app     info:    [ipc-requests] Handling requests in the background
2023-12-22 13:14:54.317    app     info:    [ipc-requests] No longer handling requests in the background
2023-12-22 13:15:01.668    app     info:    [ipc-requests] Handling requests in the background
2023-12-22 13:15:02.674    app     info:    [ipc-requests] No longer handling requests in the background
2023-12-22 13:15:05.387    app     info:    [ipc-requests] Handling requests in the background
2023-12-22 13:15:06.389    app     info:    [ipc-requests] No longer handling requests in the background
2023-12-22 13:15:34.346    app     info:    [self-update] Checking for a launcher update...
2023-12-22 13:15:34.621    app     info:    [self-update] Currently running the latest launcher version. Scheduling update check in 5 minutes.
2023-12-22 13:16:27.327    app     info:    [ipc-requests] Handling requests in the background
2023-12-22 13:16:28.340    app     info:    [ipc-requests] No longer handling requests in the background
2023-12-22 13:17:01.714    app     info:    [server-manager] Starting refresh cycle for eve-online / Tranquility
2023-12-22 13:17:01.916    app     info:    [server-manager] Previous Tranquility build: 2454674, current build: 2454674
2023-12-22 13:17:01.916    app     info:    [server-manager] Tranquility build is unchanged.
2023-12-22 13:17:01.922    app     info:    [server-manager] Ready to play!
2023-12-22 13:17:01.924    app     info:    [server-manager] Finished refresh cycle for Tranquility
2023-12-22 13:18:48.044    app     info:    [ipc-requests] Handling requests in the background
2023-12-22 13:18:49.047    app     info:    [ipc-requests] No longer handling requests in the background
2023-12-22 13:18:57.395    app     info:    [ipc-requests] Handling requests in the background
2023-12-22 13:18:58.399    app     info:    [ipc-requests] No longer handling requests in the background
2023-12-22 13:19:03.275    app     info:    [ipc-requests] Handling requests in the background
2023-12-22 13:19:04.288    app     info:    [ipc-requests] No longer handling requests in the background
2023-12-22 13:19:04.503    app     info:    [ipc-requests] Handling requests in the background
2023-12-22 13:19:05.511    app     info:    [ipc-requests] No longer handling requests in the background
2023-12-22 13:19:08.995    app     info:    [ipc-requests] Handling requests in the background
2023-12-22 13:19:10.002    app     info:    [ipc-requests] No longer handling requests in the background
2023-12-22 13:19:16.120    app     info:    [ipc-requests] Handling requests in the background
2023-12-22 13:19:17.133    app     info:    [ipc-requests] No longer handling requests in the background
2023-12-22 13:19:28.970    app     info:    [ipc-requests] Handling requests in the background
2023-12-22 13:19:29.970    app     info:    [ipc-requests] No longer handling requests in the background
2023-12-22 13:19:42.883    app     info:    [ipc-requests] Handling requests in the background
2023-12-22 13:19:43.885    app     info:    [ipc-requests] No longer handling requests in the background
2023-12-22 13:19:55.568    app     info:    [ipc-requests] Handling requests in the background
2023-12-22 13:19:56.575    app     info:    [ipc-requests] No longer handling requests in the background
2023-12-22 13:20:01.085    app     info:    [ipc-requests] Handling requests in the background
2023-12-22 13:20:02.095    app     info:    [ipc-requests] No longer handling requests in the background
2023-12-22 13:20:07.322    app     info:    [ipc-requests] Handling requests in the background
2023-12-22 13:20:08.324    app     info:    [ipc-requests] No longer handling requests in the background
2023-12-22 13:20:12.976    app     info:    [ipc-requests] Handling requests in the background
2023-12-22 13:20:13.988    app     info:    [ipc-requests] No longer handling requests in the background
2023-12-22 13:20:34.634    app     info:    [self-update] Checking for a launcher update...
2023-12-22 13:20:34.925    app     info:    [self-update] Currently running the latest launcher version. Scheduling update check in 5 minutes.
2023-12-22 13:20:35.140    app     info:    [ipc-requests] Handling requests in the background
2023-12-22 13:20:36.143    app     info:    [ipc-requests] No longer handling requests in the background
2023-12-22 13:20:42.454    app     info:    [ipc-requests] Handling requests in the background
2023-12-22 13:20:43.468    app     info:    [ipc-requests] No longer handling requests in the background
2023-12-22 13:20:50.347    app     info:    [ipc-requests] Handling requests in the background
2023-12-22 13:20:51.361    app     info:    [ipc-requests] No longer handling requests in the background
2023-12-22 13:20:53.793    app     info:    [ipc-requests] Handling requests in the background
2023-12-22 13:20:54.802    app     info:    [ipc-requests] No longer handling requests in the background
2023-12-22 13:20:55.559    app     info:    [ipc-requests] Handling requests in the background
2023-12-22 13:20:56.563    app     info:    [ipc-requests] No longer handling requests in the background
2023-12-22 13:20:59.166    app     info:    [ipc-requests] Handling requests in the background
2023-12-22 13:21:00.169    app     info:    [ipc-requests] No longer handling requests in the background
2023-12-22 13:21:03.956    app     info:    [ipc-requests] Handling requests in the background
2023-12-22 13:21:04.958    app     info:    [ipc-requests] No longer handling requests in the background
2023-12-22 13:21:17.220    app     info:    [ipc-requests] Handling requests in the background
2023-12-22 13:21:18.228    app     info:    [ipc-requests] No longer handling requests in the background
2023-12-22 13:21:22.714    app     info:    [ipc-requests] Handling requests in the background
2023-12-22 13:21:23.717    app     info:    [ipc-requests] No longer handling requests in the background
2023-12-22 13:21:26.729    app     info:    [ipc-requests] Handling requests in the background
2023-12-22 13:21:27.734    app     info:    [ipc-requests] No longer handling requests in the background
2023-12-22 13:22:01.942    app     info:    [server-manager] Starting refresh cycle for eve-online / Tranquility
2023-12-22 13:22:02.084    app     info:    [server-manager] Previous Tranquility build: 2454674, current build: 2454674
2023-12-22 13:22:02.084    app     info:    [server-manager] Tranquility build is unchanged.
2023-12-22 13:22:02.089    app     info:    [server-manager] Ready to play!
2023-12-22 13:22:02.092    app     info:    [server-manager] Finished refresh cycle for Tranquility
2023-12-22 13:24:02.355    app     info:    [ipc-requests] Handling requests in the background
2023-12-22 13:24:03.357    app     info:    [ipc-requests] No longer handling requests in the background
2023-12-22 13:24:04.963    app     info:    [ipc-requests] Handling requests in the background
2023-12-22 13:24:05.971    app     info:    [ipc-requests] No longer handling requests in the background
2023-12-22 13:24:12.838    app     info:    [ipc-requests] Handling requests in the background
2023-12-22 13:24:13.844    app     info:    [ipc-requests] No longer handling requests in the background
2023-12-22 13:24:30.547    app     info:    [ipc-requests] Handling requests in the background
2023-12-22 13:24:31.549    app     info:    [ipc-requests] No longer handling requests in the background
2023-12-22 13:24:34.581    app     info:    [ipc-requests] Handling requests in the background
2023-12-22 13:24:35.593    app     info:    [ipc-requests] No longer handling requests in the background
2023-12-22 13:25:34.931    app     info:    [self-update] Checking for a launcher update...
2023-12-22 13:25:35.011    app     info:    [ipc-requests] Handling requests in the background
2023-12-22 13:25:35.288    app     info:    [self-update] Currently running the latest launcher version. Scheduling update check in 5 minutes.
2023-12-22 13:25:35.468    app     info:    [ipc-requests] Handling requests in the background
2023-12-22 13:25:36.013    app     info:    [ipc-requests] No longer handling requests in the background
2023-12-22 13:25:36.476    app     info:    [ipc-requests] No longer handling requests in the background
2023-12-22 13:25:44.340    app     info:    [ipc-requests] Handling requests in the background
2023-12-22 13:25:45.348    app     info:    [ipc-requests] No longer handling requests in the background
2023-12-22 13:25:53.204    app     info:    [ipc-requests] Handling requests in the background
2023-12-22 13:25:54.216    app     info:    [ipc-requests] No longer handling requests in the background
2023-12-22 13:25:57.033    app     info:    [ipc-requests] Handling requests in the background
2023-12-22 13:25:58.043    app     info:    [ipc-requests] No longer handling requests in the background
2023-12-22 13:26:02.656    app     info:    [ipc-requests] Handling requests in the background
2023-12-22 13:26:03.665    app     info:    [ipc-requests] No longer handling requests in the background
2023-12-22 13:26:44.386    app     info:    [ipc-requests] Handling requests in the background
2023-12-22 13:26:45.389    app     info:    [ipc-requests] No longer handling requests in the background
2023-12-22 13:26:46.584    app     info:    [ipc-requests] Handling requests in the background
2023-12-22 13:26:47.588    app     info:    [ipc-requests] No longer handling requests in the background
2023-12-22 13:26:53.308    app     info:    [ipc-requests] Handling requests in the background
2023-12-22 13:26:53.658    app     info:    [ipc-requests] Handling requests in the background
2023-12-22 13:26:54.320    app     info:    [ipc-requests] No longer handling requests in the background
2023-12-22 13:26:54.659    app     info:    [ipc-requests] No longer handling requests in the background
2023-12-22 13:27:02.104    app     info:    [server-manager] Starting refresh cycle for eve-online / Tranquility
2023-12-22 13:27:02.344    app     info:    [server-manager] Previous Tranquility build: 2454674, current build: 2454674
2023-12-22 13:27:02.344    app     info:    [server-manager] Tranquility build is unchanged.
2023-12-22 13:27:02.351    app     info:    [server-manager] Ready to play!
2023-12-22 13:27:02.354    app     info:    [server-manager] Finished refresh cycle for Tranquility
2023-12-22 13:27:43.091    app     info:    [ipc-requests] Handling requests in the background
2023-12-22 13:27:44.098    app     info:    [ipc-requests] No longer handling requests in the background
2023-12-22 13:28:00.876    app     info:    [ipc-requests] Handling requests in the background
2023-12-22 13:28:01.877    app     info:    [ipc-requests] No longer handling requests in the background
2023-12-22 13:28:23.380    app     info:    [ipc-requests] Handling requests in the background
2023-12-22 13:28:24.384    app     info:    [ipc-requests] No longer handling requests in the background
2023-12-22 13:28:26.560    app     info:    [ipc-requests] Handling requests in the background
2023-12-22 13:28:27.569    app     info:    [ipc-requests] No longer handling requests in the background
2023-12-22 13:29:21.731    app     info:    [ipc-requests] Handling requests in the background
2023-12-22 13:29:22.744    app     info:    [ipc-requests] No longer handling requests in the background
2023-12-22 13:29:31.000    app     info:    [ipc-requests] Handling requests in the background
2023-12-22 13:29:32.019    app     info:    [ipc-requests] No longer handling requests in the background
2023-12-22 13:29:35.779    app     info:    [ipc-requests] Handling requests in the background
2023-12-22 13:29:36.792    app     info:    [ipc-requests] No longer handling requests in the background
2023-12-22 13:29:41.863    app     info:    [ipc-requests] Handling requests in the background
2023-12-22 13:29:42.867    app     info:    [ipc-requests] No longer handling requests in the background
2023-12-22 13:29:47.275    app     info:    [ipc-requests] Handling requests in the background
2023-12-22 13:29:48.278    app     info:    [ipc-requests] No longer handling requests in the background
2023-12-22 13:29:48.664    app     info:    [ipc-requests] Handling requests in the background
2023-12-22 13:29:49.668    app     info:    [ipc-requests] No longer handling requests in the background
2023-12-22 13:30:35.291    app     info:    [self-update] Checking for a launcher update...
2023-12-22 13:30:35.568    app     info:    [self-update] Currently running the latest launcher version. Scheduling update check in 5 minutes.
2023-12-22 13:32:02.361    app     info:    [server-manager] Starting refresh cycle for eve-online / Tranquility
2023-12-22 13:32:02.572    app     info:    [server-manager] Previous Tranquility build: 2454674, current build: 2454674
2023-12-22 13:32:02.572    app     info:    [server-manager] Tranquility build is unchanged.
2023-12-22 13:32:02.576    app     info:    [server-manager] Ready to play!
2023-12-22 13:32:02.580    app     info:    [server-manager] Finished refresh cycle for Tranquility
2023-12-22 13:32:30.444    app     info:    [ipc-requests] Handling requests in the background
2023-12-22 13:32:31.450    app     info:    [ipc-requests] No longer handling requests in the background
2023-12-22 13:32:37.993    app     info:    [ipc-requests] Handling requests in the background
2023-12-22 13:32:39.001    app     info:    [ipc-requests] No longer handling requests in the background
2023-12-22 13:32:43.323    app     info:    [ipc-requests] Handling requests in the background
2023-12-22 13:32:44.334    app     info:    [ipc-requests] No longer handling requests in the background
2023-12-22 13:32:46.791    app     info:    [ipc-requests] Handling requests in the background
2023-12-22 13:32:47.807    app     info:    [ipc-requests] No longer handling requests in the background
2023-12-22 13:32:56.332    app     info:    [ipc-requests] Handling requests in the background
2023-12-22 13:32:57.332    app     info:    [ipc-requests] No longer handling requests in the background
2023-12-22 13:33:00.247    app     info:    [ipc-requests] Handling requests in the background
2023-12-22 13:33:00.575    app     info:    [ipc-requests] Handling requests in the background
2023-12-22 13:33:01.255    app     info:    [ipc-requests] No longer handling requests in the background
2023-12-22 13:33:01.581    app     info:    [ipc-requests] No longer handling requests in the background
2023-12-22 13:33:07.818    app     info:    [ipc-requests] Handling requests in the background
2023-12-22 13:33:08.820    app     info:    [ipc-requests] No longer handling requests in the background
2023-12-22 13:33:09.534    app     info:    [ipc-requests] Handling requests in the background
2023-12-22 13:33:10.543    app     info:    [ipc-requests] No longer handling requests in the background
2023-12-22 13:35:35.581    app     info:    [self-update] Checking for a launcher update...
2023-12-22 13:35:35.857    app     info:    [self-update] Currently running the latest launcher version. Scheduling update check in 5 minutes.
2023-12-22 13:37:02.584    app     info:    [server-manager] Starting refresh cycle for eve-online / Tranquility
2023-12-22 13:37:02.747    app     info:    [server-manager] Previous Tranquility build: 2454674, current build: 2454674
2023-12-22 13:37:02.747    app     info:    [server-manager] Tranquility build is unchanged.
2023-12-22 13:37:02.752    app     info:    [server-manager] Ready to play!
2023-12-22 13:37:02.755    app     info:    [server-manager] Finished refresh cycle for Tranquility
2023-12-22 13:39:10.313    app     info:    [ipc-requests] Handling requests in the background
2023-12-22 13:39:11.319    app     info:    [ipc-requests] No longer handling requests in the background
2023-12-22 13:39:58.540    app     info:    [ipc-requests] Handling requests in the background
2023-12-22 13:39:59.547    app     info:    [ipc-requests] No longer handling requests in the background
2023-12-22 13:40:35.870    app     info:    [self-update] Checking for a launcher update...
2023-12-22 13:40:36.153    app     info:    [self-update] Currently running the latest launcher version. Scheduling update check in 5 minutes.
2023-12-22 13:40:37.814    app     info:    [ipc-requests] Handling requests in the background
2023-12-22 13:40:38.410    app     info:    [ipc-requests] Handling requests in the background
2023-12-22 13:40:38.816    app     info:    [ipc-requests] No longer handling requests in the background
2023-12-22 13:40:39.420    app     info:    [ipc-requests] No longer handling requests in the background
2023-12-22 13:40:50.116    app     info:    [ipc-requests] Handling requests in the background
2023-12-22 13:40:51.119    app     info:    [ipc-requests] No longer handling requests in the background
2023-12-22 13:41:07.517    app     info:    [ipc-requests] Handling requests in the background
2023-12-22 13:41:08.519    app     info:    [ipc-requests] No longer handling requests in the background
2023-12-22 13:41:21.542    app     info:    [ipc-requests] Handling requests in the background
2023-12-22 13:41:22.554    app     info:    [ipc-requests] No longer handling requests in the background
2023-12-22 13:41:32.980    app     info:    [ipc-requests] Handling requests in the background
2023-12-22 13:41:33.993    app     info:    [ipc-requests] No longer handling requests in the background
2023-12-22 13:41:35.006    app     info:    [ipc-requests] Handling requests in the background
2023-12-22 13:41:36.014    app     info:    [ipc-requests] No longer handling requests in the background
2023-12-22 13:41:37.821    app     info:    [ipc-requests] Handling requests in the background
2023-12-22 13:41:38.822    app     info:    [ipc-requests] No longer handling requests in the background
2023-12-22 13:41:47.984    app     info:    [ipc-requests] Handling requests in the background
2023-12-22 13:41:48.996    app     info:    [ipc-requests] No longer handling requests in the background
2023-12-22 13:42:02.762    app     info:    [server-manager] Starting refresh cycle for eve-online / Tranquility
2023-12-22 13:42:03.028    app     info:    [server-manager] Previous Tranquility build: 2454674, current build: 2454674
2023-12-22 13:42:03.029    app     info:    [server-manager] Tranquility build is unchanged.
2023-12-22 13:42:03.042    app     info:    [server-manager] Ready to play!
2023-12-22 13:42:03.047    app     info:    [server-manager] Finished refresh cycle for Tranquility
2023-12-22 13:45:36.161    app     info:    [self-update] Checking for a launcher update...
2023-12-22 13:45:36.445    app     info:    [self-update] Currently running the latest launcher version. Scheduling update check in 5 minutes.
2023-12-22 13:47:03.055    app     info:    [server-manager] Starting refresh cycle for eve-online / Tranquility
2023-12-22 13:47:03.227    app     info:    [server-manager] Previous Tranquility build: 2454674, current build: 2454674
2023-12-22 13:47:03.227    app     info:    [server-manager] Tranquility build is unchanged.
2023-12-22 13:47:03.236    app     info:    [server-manager] Ready to play!
2023-12-22 13:47:03.242    app     info:    [server-manager] Finished refresh cycle for Tranquility
2023-12-22 13:47:09.221    app     info:    [ipc-requests] Handling requests in the background
2023-12-22 13:47:10.229    app     info:    [ipc-requests] No longer handling requests in the background
2023-12-22 13:47:20.315    app     info:    [ipc-requests] Handling requests in the background
2023-12-22 13:47:21.328    app     info:    [ipc-requests] No longer handling requests in the background
2023-12-22 13:50:11.331    app     info:    [ipc-requests] Handling requests in the background
2023-12-22 13:50:11.661    app     info:    [client-manager] 'tranquility' for EVE game client for '17525312' exited with no errors.
2023-12-22 13:50:11.671    app     info:    [server-manager] Starting refresh cycle for eve-online / Tranquility
2023-12-22 13:50:11.779    app     info:    [quasar-events] Sent 'eve_launcher.electron.eve_client.GameClientExited'
2023-12-22 13:50:11.848    app     info:    [server-manager] Previous Tranquility build: 2454674, current build: 2454674
2023-12-22 13:50:11.848    app     info:    [server-manager] Tranquility build is unchanged.
2023-12-22 13:50:11.864    app     info:    [server-manager] Ready to play!
2023-12-22 13:50:11.868    app     info:    [server-manager] Finished refresh cycle for Tranquility
2023-12-22 13:50:12.336    app     info:    [ipc-requests] No longer handling requests in the background
2023-12-22 13:50:17.523    app     info:    [ipc-requests] Handling requests in the background
2023-12-22 13:50:18.535    app     info:    [ipc-requests] No longer handling requests in the background
2023-12-22 13:50:36.456    app     info:    [self-update] Checking for a launcher update...
2023-12-22 13:50:36.793    app     info:    [self-update] Currently running the latest launcher version. Scheduling update check in 5 minutes.
2023-12-22 13:51:00.374    app     info:    [AuthenticationMiddleware] Character information for '16492377' on 'tranquility' was loaded recently, skipping refresh.
2023-12-22 13:51:00.375    app     info:    [AuthenticationMiddleware] Plex information for '16492377' on 'tranquility' was loaded recently, skipping refresh.
2023-12-22 13:51:01.496    app     info:    [client-queue] Queued client startup    {
  product: 'eve-online',
  tenant: 'tranquility',
  userId: 16492377,
  characterId: 2121174871,
  profile: ''
}
2023-12-22 13:51:01.498    app     info:    [elg-events] Sending event    eve_launcher.electron.eve_client.ClientQueued
2023-12-22 13:51:01.498    app     info:    [client-queue] No clients running for tranquility, copying files before starting a client
2023-12-22 13:51:01.502    app     info:    [elg-events] Sending event    eve_launcher.electron.eve_client.CopyingFilesStarted
2023-12-22 13:51:01.502    app     info:    [binary-copier] Copying 194 files (216 MB) to 'C:\CCP\EVE Online\tq'
2023-12-22 13:51:01.514    app     info:    [binary-copier] Removing old binaries
2023-12-22 13:51:01.543    app     info:    [binary-copier] Copying binaries from ResFiles
2023-12-22 13:51:01.880    app     info:    [binary-copier] Finished copying 194 files to 'C:\CCP\EVE Online\tq' in 0.380 seconds
2023-12-22 13:51:01.882    app     info:    [elg-events] Sending event    eve_launcher.electron.eve_client.CopyingFilesFinished
2023-12-22 13:51:01.885    app     info:    [authentication] Token for '16492377' on 'tranquility' is expired, refresh is required
2023-12-22 13:51:01.885    app     info:    [authentication] Refreshing token for '16492377' on 'tranquility'
2023-12-22 13:51:02.023    app     info:    [authentication] Token for '16492377' on 'tranquility' has been successfully refreshed
2023-12-22 13:51:02.026    app     info:    [elg-events] Sending event    eve_launcher.electron.authentication.UserTokensRefreshed
2023-12-22 13:51:02.027    app     info:    [AuthenticationMiddleware] Character information for '16492377' on 'tranquility' was loaded recently, skipping refresh.
2023-12-22 13:51:02.027    app     info:    [AuthenticationMiddleware] Plex information for '16492377' on 'tranquility' was loaded recently, skipping refresh.
2023-12-22 13:51:02.041    app     info:    [client-manager] Starting EVE Online game client.    C:\CCP\EVE Online\tq\bin64\exefile.exe    Map(11) {
  'noconsole' => '/noconsole',
  'server' => '/server:tranquility.servers.eveonline.com',
  'triplatform' => '/triplatform=dx12',
  'ssotoken' => '/ssoToken=***',
  'refreshtoken' => '/refreshToken=***',
  'settingsprofile' => '/settingsprofile=Default',
  'deviceid' => '/deviceID=4a436adb-4b99-40a7-85b0-42e206f41286',
  'autoselectcharacter' => '/autoSelectCharacter:2121174871',
  'language' => '/language=en',
  'exp' => '1703253661',
  'tokenExpires' => '2023-12-22 16:01:01.000'
}    16492377
2023-12-22 13:51:02.073    app     info:    [client-queue] Started client from group startup    {
  product: 'eve-online',
  tenant: 'tranquility',
  characterId: 2121174871,
  profile: '',
  userId: 16492377
}
2023-12-22 13:51:02.144    app     info:    [quasar-events] Sent 'eve_launcher.electron.eve_client.GameClientStartRequested'
2023-12-22 13:51:02.183    app     info:    [customer-information] Agreement status has been fetched for user '16492377'
2023-12-22 13:51:02.183    app     info:    [AuthenticationMiddleware] User information updated
2023-12-22 13:51:02.587    app     info:    [client-manager] Found 'tranquility' client for '16492377' running:     {
  processId: 10952,
  createdDate: 1703253062074,
  userId: 16492377,
  characterId: 2121174871,
  profile: 'Default',
  dxVersion: 'dx12'
}
2023-12-22 13:51:03.087    app     info:    [client-queue] Queue has stopped running, no more clients pending startup.
2023-12-22 13:52:35.489    app     info:    [client-manager] 'tranquility' for EVE game client for '16492377' exited with no errors.
2023-12-22 13:52:35.503    app     info:    [server-manager] Starting refresh cycle for eve-online / Tranquility
2023-12-22 13:52:35.745    app     info:    [server-manager] Previous Tranquility build: 2454674, current build: 2454674
2023-12-22 13:52:35.745    app     info:    [server-manager] Tranquility build is unchanged.
2023-12-22 13:52:35.750    app     info:    [server-manager] Ready to play!
2023-12-22 13:52:35.753    app     info:    [server-manager] Finished refresh cycle for Tranquility
2023-12-22 13:52:44.464    app     info:    [client-queue] Queued client startup    {
  product: 'eve-online',
  tenant: 'tranquility',
  userId: 16492377,
  characterId: 2121174871,
  profile: ''
}
2023-12-22 13:52:44.466    app     info:    [elg-events] Sending event    eve_launcher.electron.eve_client.ClientQueued
2023-12-22 13:52:44.466    app     info:    [client-queue] No clients running for tranquility, copying files before starting a client
2023-12-22 13:52:44.469    app     info:    [elg-events] Sending event    eve_launcher.electron.eve_client.CopyingFilesStarted
2023-12-22 13:52:44.469    app     info:    [binary-copier] Copying 194 files (216 MB) to 'C:\CCP\EVE Online\tq'
2023-12-22 13:52:44.484    app     info:    [binary-copier] Removing old binaries
2023-12-22 13:52:44.513    app     info:    [binary-copier] Copying binaries from ResFiles
2023-12-22 13:52:44.597    app     info:    [binary-copier] Finished copying 194 files to 'C:\CCP\EVE Online\tq' in 0.129 seconds
2023-12-22 13:52:44.598    app     info:    [elg-events] Sending event    eve_launcher.electron.eve_client.CopyingFilesFinished
2023-12-22 13:52:44.602    app     info:    [client-manager] Starting EVE Online game client.    C:\CCP\EVE Online\tq\bin64\exefile.exe    Map(11) {
  'noconsole' => '/noconsole',
  'server' => '/server:tranquility.servers.eveonline.com',
  'triplatform' => '/triplatform=dx12',
  'ssotoken' => '/ssoToken=***',
  'refreshtoken' => '/refreshToken=***',
  'settingsprofile' => '/settingsprofile=Default',
  'deviceid' => '/deviceID=4a436adb-4b99-40a7-85b0-42e206f41286',
  'autoselectcharacter' => '/autoSelectCharacter:2121174871',
  'language' => '/language=en',
  'exp' => '1703253661',
  'tokenExpires' => '2023-12-22 16:01:01.000'
}    16492377
2023-12-22 13:52:44.633    app     info:    [client-queue] Started client from group startup    {
  product: 'eve-online',
  tenant: 'tranquility',
  characterId: 2121174871,
  profile: '',
  userId: 16492377
}
2023-12-22 13:52:45.165    app     info:    [client-manager] Found 'tranquility' client for '16492377' running:     {
  processId: 12384,
  createdDate: 1703253164635,
  userId: 16492377,
  characterId: 2121174871,
  profile: 'Default',
  dxVersion: 'dx12'
}
2023-12-22 13:52:45.652    app     info:    [client-queue] Queue has stopped running, no more clients pending startup.
2023-12-22 13:52:54.308    app     info:    [ipc-requests] Handling requests in the background
2023-12-22 13:52:55.311    app     info:    [ipc-requests] No longer handling requests in the background
2023-12-22 13:55:36.796    app     info:    [self-update] Checking for a launcher update...
2023-12-22 13:55:37.137    app     info:    [self-update] Currently running the latest launcher version. Scheduling update check in 5 minutes.
2023-12-22 13:57:19.821    app     info:    [creatives] Requesting creatives
2023-12-22 13:57:19.939    app     info:    [creatives] Received 3 creatives
2023-12-22 13:57:20.688    app     info:    [ipc-requests] Handling requests in the background
2023-12-22 13:57:21.701    app     info:    [ipc-requests] No longer handling requests in the background
2023-12-22 13:57:35.770    app     info:    [server-manager] Starting refresh cycle for eve-online / Tranquility
2023-12-22 13:57:35.942    app     info:    [server-manager] Previous Tranquility build: 2454674, current build: 2454674
2023-12-22 13:57:35.942    app     info:    [server-manager] Tranquility build is unchanged.
2023-12-22 13:57:35.948    app     info:    [server-manager] Ready to play!
2023-12-22 13:57:35.951    app     info:    [server-manager] Finished refresh cycle for Tranquility
2023-12-22 13:59:09.476    app     info:    [ipc-requests] Handling requests in the background
2023-12-22 13:59:09.963    app     info:    [client-manager] 'tranquility' for EVE game client for '16492377' exited with no errors.
2023-12-22 13:59:09.976    app     info:    [server-manager] Starting refresh cycle for eve-online / Tranquility
2023-12-22 13:59:10.122    app     info:    [server-manager] Previous Tranquility build: 2454674, current build: 2454674
2023-12-22 13:59:10.122    app     info:    [server-manager] Tranquility build is unchanged.
2023-12-22 13:59:10.127    app     info:    [server-manager] Ready to play!
2023-12-22 13:59:10.130    app     info:    [server-manager] Finished refresh cycle for Tranquility
2023-12-22 13:59:10.486    app     info:    [ipc-requests] No longer handling requests in the background
2023-12-22 13:59:11.367    app     info:    [ipc-requests] Handling requests in the background
2023-12-22 13:59:12.382    app     info:    [ipc-requests] No longer handling requests in the background
2023-12-22 14:00:07.387    app     info:    [ipc-requests] Handling requests in the background
2023-12-22 14:00:08.394    app     info:    [ipc-requests] No longer handling requests in the background
2023-12-22 14:00:12.475    app     info:    [ipc-requests] Handling requests in the background
2023-12-22 14:00:13.484    app     info:    [ipc-requests] No longer handling requests in the background
2023-12-22 14:00:37.151    app     info:    [self-update] Checking for a launcher update...
2023-12-22 14:00:37.446    app     info:    [self-update] Currently running the latest launcher version. Scheduling update check in 5 minutes.
2023-12-22 14:00:49.541    app     info:    [ipc-requests] Handling requests in the background
2023-12-22 14:00:50.554    app     info:    [ipc-requests] No longer handling requests in the background
2023-12-22 14:00:52.856    app     info:    [ipc-requests] Handling requests in the background
2023-12-22 14:00:53.856    app     info:    [ipc-requests] No longer handling requests in the background
2023-12-22 14:00:54.659    app     info:    [ipc-requests] Handling requests in the background
2023-12-22 14:00:55.673    app     info:    [ipc-requests] No longer handling requests in the background
2023-12-22 14:00:56.368    app     info:    [ipc-requests] Handling requests in the background
2023-12-22 14:00:57.380    app     info:    [ipc-requests] No longer handling requests in the background
2023-12-22 14:01:14.855    app     info:    [main-window] Main window minimized to tray    { windowId: 2 }
2023-12-22 14:01:14.874    app     info:    [main-window] Sent notification that the application is minimized to tray    { windowId: 2 }
2023-12-22 14:01:14.880    app     info:    [ipc-requests] Handling requests in the background
2023-12-22 14:01:15.883    app     info:    [ipc-requests] No longer handling requests in the background
2023-12-22 14:01:19.076    app     info:    [tray] Quitting application from tray
2023-12-22 14:01:19.078    app     info:    Application quitting. Cleanup needed: true
2023-12-22 14:01:19.080    app     info:    [elg-events] Sending event    eve_launcher.electron.application.LauncherShutdown
2023-12-22 14:01:19.082    app     info:    app.quit called, but we are still sending ELG events.
2023-12-22 14:01:19.700    app     info:    ELG stream closed, quitting.
2023-12-22 14:01:19.702    app     info:    [main-window] Main window closing    { windowId: 2 }
2023-12-22 14:01:19.716    app     info:    Application closed    0
