2023-12-04 09:58:30.039    app     info:    Startup arguments    []
2023-12-04 09:58:30.043    app     info:    [self-update] Starting automatic update checks
2023-12-04 09:58:30.044    app     info:    [self-update] Checking for a launcher update...
2023-12-04 09:58:30.196    app     info:    [i18next] Changed language    en
2023-12-04 09:58:30.306    app     info:    [authentication] Token for '16492377' on 'tranquility' is expired, refresh is required
2023-12-04 09:58:30.307    app     info:    [authentication] Refreshing token for '16492377' on 'tranquility'
2023-12-04 09:58:30.307    app     info:    [authentication] Token for '17525312' on 'tranquility' is expired, refresh is required
2023-12-04 09:58:30.308    app     info:    [authentication] Refreshing token for '17525312' on 'tranquility'
2023-12-04 09:58:30.308    app     info:    [authentication] Token for '25218835' on 'tranquility' is expired, refresh is required
2023-12-04 09:58:30.308    app     info:    [authentication] Refreshing token for '25218835' on 'tranquility'
2023-12-04 09:58:30.309    app     info:    [customer-information] Getting character information for '29280260' on 'tranquility'
2023-12-04 09:58:30.310    app     info:    [customer-information] Getting Omega status for '29280260' on 'tranquility'
2023-12-04 09:58:30.310    app     info:    [virtual-goods] Getting Plex status for '29280260' on 'tranquility'
2023-12-04 09:58:30.311    app     info:    [customer-information] Getting character information for '29285645' on 'tranquility'
2023-12-04 09:58:30.312    app     info:    [customer-information] Getting Omega status for '29285645' on 'tranquility'
2023-12-04 09:58:30.312    app     info:    [virtual-goods] Getting Plex status for '29285645' on 'tranquility'
2023-12-04 09:58:30.312    app     info:    [device-id] Device id found in state
2023-12-04 09:58:30.315    app     info:    [analytics] Application name:    EVE Online
2023-12-04 09:58:30.315    app     info:    [analytics] Application version:    0.4.10
2023-12-04 09:58:30.315    app     info:    [analytics] Domain    undefined
2023-12-04 09:58:30.316    app     info:    [analytics] Working directory    C:\Users\REDACTED\AppData\Local\eve-online\app-0.4.10
2023-12-04 09:58:30.316    app     info:    [analytics] Username contains UTF8?    false
2023-12-04 09:58:31.124    app     info:    [elg-events] Sending event    eve_launcher.electron.application.PdmLoaded
2023-12-04 09:58:31.126    app     info:    [analytics] Operating system    {
  type: 'Windows',
  name: 'Windows 10 Education',
  version: '10.0 (19045)'
}
2023-12-04 09:58:31.127    app     info:    [analytics] Encryption available:    true
2023-12-04 09:58:31.127    app     info:    [analytics] Machine UUID    4E9F516C-5B97-47C6-8C67-E93D943CB7C8
2023-12-04 09:58:31.127    app     info:    [analytics] PDM Version    2.1.4
2023-12-04 09:58:31.127    app     info:    [analytics] Release channel    release
2023-12-04 09:58:31.130    app     info:    [initializers] Shared cache directory set to    C:\CCP\EVE Online
2023-12-04 09:58:31.160    app     info:    [initializers] Shared cache drive free space: 114,52 GiB / 465,75 GiB
2023-12-04 09:58:31.168    app     info:    [elg-events] Sending event    eve_launcher.electron.application.LauncherStarted
2023-12-04 09:58:31.171    app     info:    [elg-events] Sending event    eve_launcher.electron.application.CoreDataLoaded
2023-12-04 09:58:31.172    app     info:    [initializers] Starting up with product EVE Online
2023-12-04 09:58:31.173    app     info:    [cdn-trace] Fetching CDN trace data from https://binaries.eveonline.com/cdn-cgi/trace
2023-12-04 09:58:31.190    app     info:    [feature-flags] Initializing feature flag client
2023-12-04 09:58:31.253    app     info:    [self-update] Currently running the latest launcher version. Scheduling update check in 5 minutes.
2023-12-04 09:58:31.274    app     info:    [first-run] First application run was at 2023-11-27T10:29:20.506Z
2023-12-04 09:58:31.302    app     info:    [cache-protocol] Found 0 entries to remove
2023-12-04 09:58:31.302    app     info:    [cache-protocol] Nothing to clean up.
2023-12-04 09:58:31.401    app     info:    [esi] Fetching character details for 2121853336
2023-12-04 09:58:31.408    app     info:    [virtual-goods] Fetched Plex status for '29285645' on 'tranquility'
2023-12-04 09:58:31.441    app     info:    [customer-information] Agreements have been updated
2023-12-04 09:58:31.544    app     info:    [authentication] Token for '25218835' on 'tranquility' has been successfully refreshed
2023-12-04 09:58:31.545    app     info:    [elg-events] Sending event    eve_launcher.electron.authentication.UserTokensRefreshed
2023-12-04 09:58:31.547    app     info:    [customer-information] Getting character information for '25218835' on 'tranquility'
2023-12-04 09:58:31.547    app     info:    [customer-information] Getting Omega status for '25218835' on 'tranquility'
2023-12-04 09:58:31.547    app     info:    [virtual-goods] Getting Plex status for '25218835' on 'tranquility'
2023-12-04 09:58:31.559    app     info:    [authentication] Token for '17525312' on 'tranquility' has been successfully refreshed
2023-12-04 09:58:31.560    app     info:    [elg-events] Sending event    eve_launcher.electron.authentication.UserTokensRefreshed
2023-12-04 09:58:31.560    app     info:    [customer-information] Getting character information for '17525312' on 'tranquility'
2023-12-04 09:58:31.561    app     info:    [customer-information] Getting Omega status for '17525312' on 'tranquility'
2023-12-04 09:58:31.561    app     info:    [virtual-goods] Getting Plex status for '17525312' on 'tranquility'
2023-12-04 09:58:31.570    app     info:    [authentication] Token for '16492377' on 'tranquility' has been successfully refreshed
2023-12-04 09:58:31.571    app     info:    [elg-events] Sending event    eve_launcher.electron.authentication.UserTokensRefreshed
2023-12-04 09:58:31.572    app     info:    [customer-information] Getting character information for '16492377' on 'tranquility'
2023-12-04 09:58:31.572    app     info:    [customer-information] Getting Omega status for '16492377' on 'tranquility'
2023-12-04 09:58:31.573    app     info:    [virtual-goods] Getting Plex status for '16492377' on 'tranquility'
2023-12-04 09:58:31.589    app     info:    [server-manager] Starting refresh cycle for Tranquility
2023-12-04 09:58:31.629    app     info:    info: [LaunchDarkly] LaunchDarkly client initialized    []
2023-12-04 09:58:31.629    app     info:    info: [LaunchDarkly] Opening stream connection to https://clientstream.launchdarkly.com/eval/64c3d12e27a4b11365012d39/eyJrZXkiOiI0YTQzNmFkYi00Yjk5LTQwYTctODViMC00MmUyMDZmNDEyODYiLCJraW5kIjoidXNlciIsImN1c3RvbSI6eyJpc0ZpcnN0UnVuIjpmYWxzZSwiZGF5c1NpbmNlRmlyc3RSdW4iOjYsImxhbmd1YWdlIjoiZW4iLCJhcHBsaWNhdGlvbiI6ImV2ZS1vbmxpbmUiLCJ2ZXJzaW9uIjoiMC40LjEwIiwicGxhdGZvcm0iOiJ3aW5kb3dzIiwib3NWZXJzaW9uRGVwcmVjYXRlZCI6ZmFsc2UsInVzZXJJZHMiOlsxNjQ5MjM3NywxNzUyNTMxMiwyNTIxODgzNSwyOTI4MDI2MCwyOTI4NTY0NV0sImNoYXJhY3RlcklkcyI6WzIxMTM4NzUxMzksMjExNDY1NjEyNywyMTE5MzYxODkxLDIxMjAzNDc2MzUsMjEyMTE3NDg3MSwyMTIxMTc4Mzk2LDIxMjE4NTMzMzZdLCJvbWVnYUNvdW50IjowLCJhbHBoYUNvdW50Ijo1LCJhY2NvdW50Q291bnQiOjUsIm9sZGVzdEFjY291bnRBZ2UiOjIwOTksInlvdW5nZXN0QWNjb3VudEFnZSI6Mn19?withReasons=true    []
2023-12-04 09:58:31.630    app     info:    [feature-flags] Client 4a436adb... ready, fetching flags
2023-12-04 09:58:31.633    app     info:    [feature-flags] Received 13 flags for client 4a436adb...
2023-12-04 09:58:31.634    app     info:    [feature-flags] Client initialized with key 4a436adb...
2023-12-04 09:58:31.676    app     info:    [virtual-goods] Fetched Plex status for '25218835' on 'tranquility'
2023-12-04 09:58:31.700    app     info:    [virtual-goods] Fetched Plex status for '16492377' on 'tranquility'
2023-12-04 09:58:31.706    app     info:    [esi] Fetching character details for 2113875139, 2121174871
2023-12-04 09:58:31.718    app     info:    [AuthenticationMiddleware] User information updated
2023-12-04 09:58:31.742    app     info:    [server-manager] Previous Tranquility build: 2440374, current build: 2440374
2023-12-04 09:58:31.742    app     info:    [server-manager] Tranquility build is unchanged.
2023-12-04 09:58:31.746    app     info:    [server-manager] Ready to play!
2023-12-04 09:58:31.748    app     info:    [server-manager] Finished refresh cycle for Tranquility
2023-12-04 09:58:31.872    app     info:    [virtual-goods] Fetched Plex status for '17525312' on 'tranquility'
2023-12-04 09:58:31.891    app     info:    [virtual-goods] Fetched Plex status for '29280260' on 'tranquility'
2023-12-04 09:58:31.896    app     info:    [AuthenticationMiddleware] Successfully restored 7 / 7 users
2023-12-04 09:58:31.934    app     info:    [esi] Fetched 1 character details for 29280260
2023-12-04 09:58:31.976    app     info:    [esi] Fetching character details for 2119361891, 2120347635
2023-12-04 09:58:31.982    app     info:    [AuthenticationMiddleware] User information updated
2023-12-04 09:58:32.088    app     warn:    [steam-auth] Failed to initialize Steamworks client
2023-12-04 09:58:32.091    app     info:    [main-window] Registering main window    { windowId: 2 }
2023-12-04 09:58:32.100    app     info:    [cdn-trace] Fetching CDN trace data from https://binaries.eveonline.com/cdn-cgi/trace
2023-12-04 09:58:32.101    app     info:    [creatives] Requesting creatives
2023-12-04 09:58:32.105    app     info:    [elg-events] Sending event    eve_launcher.electron.application.RendererLoaded
2023-12-04 09:58:32.115    app     info:    [esi] Fetching character details for 2114656127, 2121178396
2023-12-04 09:58:32.122    app     info:    [AuthenticationMiddleware] User information updated
2023-12-04 09:58:32.215    app     info:    [esi] Fetched 2 character details for 16492377
2023-12-04 09:58:32.449    app     info:    [esi] Fetched 2 character details for 17525312
2023-12-04 09:58:32.455    app     info:    [esi] Fetched 2 character details for 25218835
2023-12-04 09:58:32.491    app     info:    [creatives] Received 3 creatives
2023-12-04 09:58:32.756     ui     info:    Initializing captcha    ccp://launcher/renderer/main_window/index.js    2
2023-12-04 09:58:38.933    app     info:    [analytics] Hardware rendering enabled:    true    { disabledViaCommandline: false, disabledViaSettings: false }
2023-12-04 09:58:39.684    app     info:    [client-queue] Queued client startup    {
  tenant: 'tranquility',
  userId: 29280260,
  characterId: 2121853336,
  profile: ''
}
2023-12-04 09:58:39.686    app     info:    [elg-events] Sending event    eve_launcher.electron.eve_client.ClientQueued
2023-12-04 09:58:39.686    app     info:    [client-queue] No clients running for tranquility, copying files before starting a client
2023-12-04 09:58:39.691    app     info:    [elg-events] Sending event    eve_launcher.electron.eve_client.CopyingFilesStarted
2023-12-04 09:58:39.692    app     info:    [binary-copier] Copying 198 files (217 MB) to 'C:\CCP\EVE Online\tq'
2023-12-04 09:58:39.729    app     info:    [binary-copier] Removing old binaries
2023-12-04 09:58:39.746    app     info:    [binary-copier] Copying binaries from ResFiles
2023-12-04 09:58:40.193    app     info:    [binary-copier] Finished copying 198 files to 'C:\CCP\EVE Online\tq' in 0.504 seconds
2023-12-04 09:58:40.195    app     info:    [elg-events] Sending event    eve_launcher.electron.eve_client.CopyingFilesFinished
2023-12-04 09:58:40.200    app     info:    [client-manager] Starting EVE Online game client.    C:\CCP\EVE Online\tq\bin64\exefile.exe    Map(11) {
  'noconsole' => '/noconsole',
  'server' => '/server:tranquility.servers.eveonline.com',
  'triplatform' => '/triplatform=dx12',
  'ssotoken' => '/ssoToken=***',
  'refreshtoken' => '/refreshToken=***',
  'settingsprofile' => '/settingsprofile=Default',
  'deviceid' => '/deviceID=4a436adb-4b99-40a7-85b0-42e206f41286',
  'autoselectcharacter' => '/autoSelectCharacter:2121853336',
  'language' => '/language=en',
  'exp' => '1701728300',
  'tokenExpires' => '2023-12-05 00:18:20.000'
}    29280260
2023-12-04 09:58:40.202    app     info:    [elg-events] Sending event    eve_launcher.electron.eve_client.GameClientStartRequested
2023-12-04 09:58:40.233    app     info:    [elg-events] Sending event    eve_launcher.electron.eve_client.TemporaryClientProcessAdded
2023-12-04 09:58:40.236    app     info:    [client-queue] Started client from group startup    {
  tenant: 'tranquility',
  characterId: 2121853336,
  profile: '',
  userId: 29280260
}
2023-12-04 09:58:40.750    app     info:    [elg-events] Sending event    eve_launcher.electron.eve_client.TemporaryClientProcessMonitoringRetried
2023-12-04 09:58:40.753    app     info:    [client-manager] Found 'tranquility' client for '29280260' running:     {
  processId: 10868,
  createdDate: 1701683920295,
  userId: 29280260,
  characterId: 2121853336,
  profile: 'Default',
  dxVersion: 'dx12'
}
2023-12-04 09:58:40.759    app     info:    [elg-events] Sending event    eve_launcher.electron.eve_client.GameClientStarted
2023-12-04 09:58:40.763    app     info:    [elg-events] Sending event    eve_launcher.electron.eve_client.TemporaryClientProcessRemoved
2023-12-04 09:58:41.249    app     info:    [client-queue] Queue has stopped running, no more clients pending startup.
2023-12-04 09:58:49.816    app     info:    [ipc-requests] Opening external link: https://www.eveonline.com/news/view/48-hour-cyber-monday-starter-pack-sale
2023-12-04 09:58:50.257    app     info:    [ipc-requests] Handling requests in the background
2023-12-04 09:58:51.261    app     info:    [ipc-requests] No longer handling requests in the background
2023-12-04 09:59:01.480    app     warn:    Could not connect to LogLite    [
  Error: connect ECONNREFUSED 127.0.0.1:3273
      at TCPConnectWrap.afterConnect [as oncomplete] (node:net:1247:16) {
    errno: -4078,
    code: 'ECONNREFUSED',
    syscall: 'connect',
    address: '127.0.0.1',
    port: 3273
  }
]
2023-12-04 09:59:46.613    app     info:    [main-window] Main window minimized to tray    { windowId: 2 }
2023-12-04 09:59:46.631    app     info:    [main-window] Sent notification that the application is minimized to tray    { windowId: 2 }
2023-12-04 09:59:46.637    app     info:    [ipc-requests] Handling requests in the background
2023-12-04 09:59:47.642    app     info:    [ipc-requests] No longer handling requests in the background
2023-12-04 10:03:31.277    app     info:    [self-update] Checking for a launcher update...
2023-12-04 10:03:31.567    app     info:    [self-update] Currently running the latest launcher version. Scheduling update check in 5 minutes.
2023-12-04 10:03:31.767    app     info:    [server-manager] Starting refresh cycle for Tranquility
2023-12-04 10:03:31.942    app     info:    [server-manager] Previous Tranquility build: 2440374, current build: 2440374
2023-12-04 10:03:31.942    app     info:    [server-manager] Tranquility build is unchanged.
2023-12-04 10:03:31.946    app     info:    [server-manager] Ready to play!
2023-12-04 10:03:31.949    app     info:    [server-manager] Finished refresh cycle for Tranquility
2023-12-04 10:08:31.581    app     info:    [self-update] Checking for a launcher update...
2023-12-04 10:08:31.876    app     info:    [self-update] Currently running the latest launcher version. Scheduling update check in 5 minutes.
2023-12-04 10:08:31.962    app     info:    [server-manager] Starting refresh cycle for Tranquility
2023-12-04 10:08:32.075    app     info:    [server-manager] Previous Tranquility build: 2440374, current build: 2440374
2023-12-04 10:08:32.076    app     info:    [server-manager] Tranquility build is unchanged.
2023-12-04 10:08:32.080    app     info:    [server-manager] Ready to play!
2023-12-04 10:08:32.084    app     info:    [server-manager] Finished refresh cycle for Tranquility
2023-12-04 10:13:31.879    app     info:    [self-update] Checking for a launcher update...
2023-12-04 10:13:32.086    app     info:    [server-manager] Starting refresh cycle for Tranquility
2023-12-04 10:13:32.166    app     info:    [self-update] Currently running the latest launcher version. Scheduling update check in 5 minutes.
2023-12-04 10:13:32.212    app     info:    [server-manager] Previous Tranquility build: 2440374, current build: 2440374
2023-12-04 10:13:32.212    app     info:    [server-manager] Tranquility build is unchanged.
2023-12-04 10:13:32.216    app     info:    [server-manager] Ready to play!
2023-12-04 10:13:32.219    app     info:    [server-manager] Finished refresh cycle for Tranquility
2023-12-04 10:18:32.175    app     info:    [self-update] Checking for a launcher update...
2023-12-04 10:18:32.224    app     info:    [server-manager] Starting refresh cycle for Tranquility
2023-12-04 10:18:32.364    app     info:    [server-manager] Previous Tranquility build: 2440374, current build: 2440374
2023-12-04 10:18:32.364    app     info:    [server-manager] Tranquility build is unchanged.
2023-12-04 10:18:32.369    app     info:    [server-manager] Ready to play!
2023-12-04 10:18:32.372    app     info:    [server-manager] Finished refresh cycle for Tranquility
2023-12-04 10:18:32.462    app     info:    [self-update] Currently running the latest launcher version. Scheduling update check in 5 minutes.
2023-12-04 10:23:32.383    app     info:    [server-manager] Starting refresh cycle for Tranquility
2023-12-04 10:23:32.475    app     info:    [self-update] Checking for a launcher update...
2023-12-04 10:23:32.514    app     info:    [server-manager] Previous Tranquility build: 2440374, current build: 2440374
2023-12-04 10:23:32.514    app     info:    [server-manager] Tranquility build is unchanged.
2023-12-04 10:23:32.520    app     info:    [server-manager] Ready to play!
2023-12-04 10:23:32.523    app     info:    [server-manager] Finished refresh cycle for Tranquility
2023-12-04 10:23:32.766    app     info:    [self-update] Currently running the latest launcher version. Scheduling update check in 5 minutes.
2023-12-04 10:28:32.531    app     info:    [server-manager] Starting refresh cycle for Tranquility
2023-12-04 10:28:32.716    app     info:    [server-manager] Previous Tranquility build: 2440374, current build: 2440374
2023-12-04 10:28:32.716    app     info:    [server-manager] Tranquility build is unchanged.
2023-12-04 10:28:32.721    app     info:    [server-manager] Ready to play!
2023-12-04 10:28:32.724    app     info:    [server-manager] Finished refresh cycle for Tranquility
2023-12-04 10:28:32.779    app     info:    [self-update] Checking for a launcher update...
2023-12-04 10:28:33.094    app     info:    [self-update] Currently running the latest launcher version. Scheduling update check in 5 minutes.
2023-12-04 10:33:32.726    app     info:    [server-manager] Starting refresh cycle for Tranquility
2023-12-04 10:33:32.872    app     info:    [server-manager] Previous Tranquility build: 2440374, current build: 2440374
2023-12-04 10:33:32.873    app     info:    [server-manager] Tranquility build is unchanged.
2023-12-04 10:33:32.878    app     info:    [server-manager] Ready to play!
2023-12-04 10:33:32.883    app     info:    [server-manager] Finished refresh cycle for Tranquility
2023-12-04 10:33:33.107    app     info:    [self-update] Checking for a launcher update...
2023-12-04 10:33:33.398    app     info:    [self-update] Currently running the latest launcher version. Scheduling update check in 5 minutes.
2023-12-04 10:38:32.887    app     info:    [server-manager] Starting refresh cycle for Tranquility
2023-12-04 10:38:33.016    app     info:    [server-manager] Previous Tranquility build: 2440374, current build: 2440374
2023-12-04 10:38:33.016    app     info:    [server-manager] Tranquility build is unchanged.
2023-12-04 10:38:33.020    app     info:    [server-manager] Ready to play!
2023-12-04 10:38:33.023    app     info:    [server-manager] Finished refresh cycle for Tranquility
2023-12-04 10:38:33.404    app     info:    [self-update] Checking for a launcher update...
2023-12-04 10:38:33.667    app     info:    [self-update] Currently running the latest launcher version. Scheduling update check in 5 minutes.
2023-12-04 10:43:33.028    app     info:    [server-manager] Starting refresh cycle for Tranquility
2023-12-04 10:43:33.152    app     info:    [server-manager] Previous Tranquility build: 2440374, current build: 2440374
2023-12-04 10:43:33.152    app     info:    [server-manager] Tranquility build is unchanged.
2023-12-04 10:43:33.156    app     info:    [server-manager] Ready to play!
2023-12-04 10:43:33.159    app     info:    [server-manager] Finished refresh cycle for Tranquility
2023-12-04 10:43:33.681    app     info:    [self-update] Checking for a launcher update...
2023-12-04 10:43:33.946    app     info:    [self-update] Currently running the latest launcher version. Scheduling update check in 5 minutes.
2023-12-04 10:48:33.171    app     info:    [server-manager] Starting refresh cycle for Tranquility
2023-12-04 10:48:33.322    app     info:    [server-manager] Previous Tranquility build: 2440374, current build: 2440374
2023-12-04 10:48:33.322    app     info:    [server-manager] Tranquility build is unchanged.
2023-12-04 10:48:33.328    app     info:    [server-manager] Ready to play!
2023-12-04 10:48:33.331    app     info:    [server-manager] Finished refresh cycle for Tranquility
2023-12-04 10:48:33.950    app     info:    [self-update] Checking for a launcher update...
2023-12-04 10:48:34.222    app     info:    [self-update] Currently running the latest launcher version. Scheduling update check in 5 minutes.
2023-12-04 10:53:33.344    app     info:    [server-manager] Starting refresh cycle for Tranquility
2023-12-04 10:53:33.479    app     info:    [server-manager] Previous Tranquility build: 2440374, current build: 2440374
2023-12-04 10:53:33.480    app     info:    [server-manager] Tranquility build is unchanged.
2023-12-04 10:53:33.484    app     info:    [server-manager] Ready to play!
2023-12-04 10:53:33.487    app     info:    [server-manager] Finished refresh cycle for Tranquility
2023-12-04 10:53:34.232    app     info:    [self-update] Checking for a launcher update...
2023-12-04 10:53:34.501    app     info:    [self-update] Currently running the latest launcher version. Scheduling update check in 5 minutes.
2023-12-04 10:58:33.499    app     info:    [server-manager] Starting refresh cycle for Tranquility
2023-12-04 10:58:33.658    app     info:    [server-manager] Previous Tranquility build: 2440374, current build: 2440374
2023-12-04 10:58:33.659    app     info:    [server-manager] Tranquility build is unchanged.
2023-12-04 10:58:33.663    app     info:    [server-manager] Ready to play!
2023-12-04 10:58:33.665    app     info:    [server-manager] Finished refresh cycle for Tranquility
2023-12-04 10:58:34.512    app     info:    [self-update] Checking for a launcher update...
2023-12-04 10:58:34.785    app     info:    [self-update] Currently running the latest launcher version. Scheduling update check in 5 minutes.
2023-12-04 11:01:19.547    app     info:    [client-manager] 'tranquility' for EVE game client for '29280260' exited with no errors.
2023-12-04 11:01:19.549    app     info:    [elg-events] Sending event    eve_launcher.electron.eve_client.GameClientExited
2023-12-04 11:01:19.556    app     info:    [server-manager] Starting refresh cycle for Tranquility
2023-12-04 11:01:19.768    app     info:    [server-manager] Previous Tranquility build: 2440374, current build: 2441868
2023-12-04 11:01:19.775    app     info:    [elg-events] Sending event    eve_launcher.electron.eve_client.GameClientUpdateStarted
2023-12-04 11:01:19.776    app     info:    [server-manager] Starting download of build 2441868 for Tranquility.
2023-12-04 11:01:20.039    app     info:    [manifest] Excluded 22 files from the manifest, leaving 176 entries
2023-12-04 11:01:20.039    app     info:    [server-manager] Downloading 176 binary files (164 MB)
2023-12-04 11:01:20.039    app     info:    [download-from-manifest] Preparing to download 176 files    { cdn: 1, concurrent: 10 }
2023-12-04 11:01:21.104    app     info:    [server-manager] Downloaded 10.37 MiB/156.34 MiB at 10.74 MiB/s
2023-12-04 11:01:22.103    app     info:    [server-manager] Downloaded 17.80 MiB/156.34 MiB at 9.94 MiB/s
2023-12-04 11:01:23.103    app     info:    [server-manager] Downloaded 27.49 MiB/156.34 MiB at 9.57 MiB/s
2023-12-04 11:01:24.104    app     info:    [server-manager] Downloaded 37.29 MiB/156.34 MiB at 9.66 MiB/s
2023-12-04 11:01:25.113    app     info:    [server-manager] Downloaded 46.87 MiB/156.34 MiB at 14.54 MiB/s
2023-12-04 11:01:26.115    app     info:    [server-manager] Downloaded 56.94 MiB/156.34 MiB at 5.36 MiB/s
2023-12-04 11:01:27.119    app     info:    [server-manager] Downloaded 66.85 MiB/156.34 MiB at 9.71 MiB/s
2023-12-04 11:01:28.130    app     info:    [server-manager] Downloaded 76.61 MiB/156.34 MiB at 4.84 MiB/s
2023-12-04 11:01:29.135    app     info:    [server-manager] Downloaded 86.54 MiB/156.34 MiB at 9.95 MiB/s
2023-12-04 11:01:30.135    app     info:    [server-manager] Downloaded 96.41 MiB/156.34 MiB at 9.55 MiB/s
2023-12-04 11:01:31.142    app     info:    [server-manager] Downloaded 106.23 MiB/156.34 MiB at 9.75 MiB/s
2023-12-04 11:01:32.145    app     info:    [server-manager] Downloaded 116.07 MiB/156.34 MiB at 9.85 MiB/s
2023-12-04 11:01:33.147    app     info:    [server-manager] Downloaded 125.85 MiB/156.34 MiB at 14.73 MiB/s
2023-12-04 11:01:34.148    app     info:    [server-manager] Downloaded 135.67 MiB/156.34 MiB at 4.97 MiB/s
2023-12-04 11:01:35.150    app     info:    [server-manager] Downloaded 145.47 MiB/156.34 MiB at 9.78 MiB/s
2023-12-04 11:01:36.029    app     info:    [download-from-manifest] Downloaded 176 files (155,30 MiB) in 15.989 seconds
2023-12-04 11:01:36.029    app     info:    [download-from-manifest] Average download speed: 9,71 MiB/s
2023-12-04 11:01:36.063    app     info:    [elg-events] Sending event    eve_launcher.electron.eve_client.CopyingFilesStarted
2023-12-04 11:01:36.063    app     info:    [binary-copier] Copying 198 files (217 MB) to 'C:\CCP\EVE Online\tq'
2023-12-04 11:01:36.080    app     info:    [binary-copier] Removing old binaries
2023-12-04 11:01:36.095    app     info:    [binary-copier] Copying binaries from ResFiles
2023-12-04 11:01:36.152    app     info:    [server-manager] Copying executables 1/198
2023-12-04 11:01:36.251    app     info:    [binary-copier] Finished copying 198 files to 'C:\CCP\EVE Online\tq' in 0.189 seconds
2023-12-04 11:01:36.252    app     info:    [elg-events] Sending event    eve_launcher.electron.eve_client.CopyingFilesFinished
2023-12-04 11:01:37.252    app     info:    [server-manager] Copying executables 198/198
2023-12-04 11:01:37.791    app     info:    [manifest] Excluded 49203 files from the manifest, leaving 86 entries
2023-12-04 11:01:37.792    app     info:    [server-manager] Downloading 86 prefetch files (682 MB)
2023-12-04 11:01:37.792    app     info:    [download-from-manifest] Preparing to download 86 files    { cdn: 2, concurrent: 10 }
2023-12-04 11:01:37.857    app     info:    [server-manager] Copying executables 198/198
2023-12-04 11:01:38.855    app     info:    [server-manager] Downloaded 7.90 MiB/650.17 MiB at 4.22 MiB/s
2023-12-04 11:01:39.857    app     info:    [server-manager] Downloaded 17.68 MiB/650.17 MiB at 9.71 MiB/s
2023-12-04 11:01:40.859    app     info:    [server-manager] Downloaded 27.36 MiB/650.17 MiB at 14.48 MiB/s
2023-12-04 11:01:41.863    app     info:    [server-manager] Downloaded 37.24 MiB/650.17 MiB at 9.99 MiB/s
2023-12-04 11:01:42.872    app     info:    [server-manager] Downloaded 47.12 MiB/650.17 MiB at 9.95 MiB/s
2023-12-04 11:01:43.874    app     info:    [server-manager] Downloaded 56.95 MiB/650.17 MiB at 9.99 MiB/s
2023-12-04 11:01:44.879    app     info:    [server-manager] Downloaded 66.77 MiB/650.17 MiB at 9.90 MiB/s
2023-12-04 11:01:45.880    app     info:    [server-manager] Downloaded 76.62 MiB/650.17 MiB at 9.89 MiB/s
2023-12-04 11:01:46.899    app     info:    [server-manager] Downloaded 86.49 MiB/650.17 MiB at 9.77 MiB/s
2023-12-04 11:01:47.901    app     info:    [server-manager] Downloaded 96.48 MiB/650.17 MiB at 10.10 MiB/s
2023-12-04 11:01:48.905    app     info:    [server-manager] Downloaded 106.21 MiB/650.17 MiB at 9.90 MiB/s
2023-12-04 11:01:49.907    app     info:    [server-manager] Downloaded 116.04 MiB/650.17 MiB at 14.58 MiB/s
2023-12-04 11:01:50.913    app     info:    [server-manager] Downloaded 125.90 MiB/650.17 MiB at 9.79 MiB/s
2023-12-04 11:01:51.915    app     info:    [server-manager] Downloaded 135.68 MiB/650.17 MiB at 9.94 MiB/s
2023-12-04 11:01:52.918    app     info:    [server-manager] Downloaded 145.48 MiB/650.17 MiB at 14.86 MiB/s
2023-12-04 11:01:53.923    app     info:    [server-manager] Downloaded 155.44 MiB/650.17 MiB at 9.91 MiB/s
2023-12-04 11:01:54.926    app     info:    [server-manager] Downloaded 165.18 MiB/650.17 MiB at 14.32 MiB/s
2023-12-04 11:01:55.931    app     info:    [server-manager] Downloaded 175.00 MiB/650.17 MiB at 9.72 MiB/s
2023-12-04 11:01:56.932    app     info:    [server-manager] Downloaded 184.79 MiB/650.17 MiB at 9.73 MiB/s
2023-12-04 11:01:57.938    app     info:    [server-manager] Downloaded 194.58 MiB/650.17 MiB at 4.77 MiB/s
2023-12-04 11:01:58.941    app     info:    [server-manager] Downloaded 204.54 MiB/650.17 MiB at 10.12 MiB/s
2023-12-04 11:01:59.947    app     info:    [server-manager] Downloaded 214.34 MiB/650.17 MiB at 5.05 MiB/s
2023-12-04 11:02:00.950    app     info:    [server-manager] Downloaded 224.11 MiB/650.17 MiB at 14.68 MiB/s
2023-12-04 11:02:01.952    app     info:    [server-manager] Downloaded 234.03 MiB/650.17 MiB at 10.01 MiB/s
2023-12-04 11:02:02.955    app     info:    [server-manager] Downloaded 243.85 MiB/650.17 MiB at 14.70 MiB/s
2023-12-04 11:02:03.965    app     info:    [server-manager] Downloaded 253.75 MiB/650.17 MiB at 5.05 MiB/s
2023-12-04 11:02:04.967    app     info:    [server-manager] Downloaded 263.42 MiB/650.17 MiB at 9.79 MiB/s
2023-12-04 11:02:05.970    app     info:    [server-manager] Downloaded 273.20 MiB/650.17 MiB at 9.98 MiB/s
2023-12-04 11:02:06.972    app     info:    [server-manager] Downloaded 283.10 MiB/650.17 MiB at 10.02 MiB/s
2023-12-04 11:02:07.979    app     info:    [server-manager] Downloaded 292.97 MiB/650.17 MiB at 9.86 MiB/s
2023-12-04 11:02:08.980    app     info:    [server-manager] Downloaded 302.68 MiB/650.17 MiB at 9.88 MiB/s
2023-12-04 11:02:09.994    app     info:    [server-manager] Downloaded 312.62 MiB/650.17 MiB at 9.95 MiB/s
2023-12-04 11:02:10.996    app     info:    [server-manager] Downloaded 322.63 MiB/650.17 MiB at 9.82 MiB/s
2023-12-04 11:02:12.001    app     info:    [server-manager] Downloaded 332.37 MiB/650.17 MiB at 9.77 MiB/s
2023-12-04 11:02:13.005    app     info:    [server-manager] Downloaded 342.15 MiB/650.17 MiB at 10.13 MiB/s
2023-12-04 11:02:14.008    app     info:    [server-manager] Downloaded 351.96 MiB/650.17 MiB at 9.86 MiB/s
2023-12-04 11:02:15.017    app     info:    [server-manager] Downloaded 361.69 MiB/650.17 MiB at 9.71 MiB/s
2023-12-04 11:02:16.020    app     info:    [server-manager] Downloaded 371.66 MiB/650.17 MiB at 10.15 MiB/s
2023-12-04 11:02:17.021    app     info:    [server-manager] Downloaded 381.34 MiB/650.17 MiB at 9.83 MiB/s
2023-12-04 11:02:18.027    app     info:    [server-manager] Downloaded 391.23 MiB/650.17 MiB at 15.00 MiB/s
2023-12-04 11:02:19.031    app     info:    [server-manager] Downloaded 401.25 MiB/650.17 MiB at 5.10 MiB/s
2023-12-04 11:02:20.035    app     info:    [server-manager] Downloaded 410.95 MiB/650.17 MiB at 14.66 MiB/s
2023-12-04 11:02:21.037    app     info:    [server-manager] Downloaded 420.90 MiB/650.17 MiB at 14.89 MiB/s
2023-12-04 11:02:22.053    app     info:    [server-manager] Downloaded 430.85 MiB/650.17 MiB at 9.71 MiB/s
2023-12-04 11:02:23.056    app     info:    [server-manager] Downloaded 440.70 MiB/650.17 MiB at 9.82 MiB/s
2023-12-04 11:02:24.058    app     info:    [server-manager] Downloaded 450.51 MiB/650.17 MiB at 9.80 MiB/s
2023-12-04 11:02:25.060    app     info:    [server-manager] Downloaded 460.23 MiB/650.17 MiB at 9.83 MiB/s
2023-12-04 11:02:26.062    app     info:    [server-manager] Downloaded 470.06 MiB/650.17 MiB at 9.66 MiB/s
2023-12-04 11:02:27.062    app     info:    [server-manager] Downloaded 479.86 MiB/650.17 MiB at 9.76 MiB/s
2023-12-04 11:02:28.063    app     info:    [server-manager] Downloaded 489.68 MiB/650.17 MiB at 9.81 MiB/s
2023-12-04 11:02:29.065    app     info:    [server-manager] Downloaded 499.47 MiB/650.17 MiB at 9.79 MiB/s
2023-12-04 11:02:30.068    app     info:    [server-manager] Downloaded 509.29 MiB/650.17 MiB at 9.81 MiB/s
2023-12-04 11:02:31.070    app     info:    [server-manager] Downloaded 519.12 MiB/650.17 MiB at 4.98 MiB/s
2023-12-04 11:02:32.072    app     info:    [server-manager] Downloaded 528.95 MiB/650.17 MiB at 9.81 MiB/s
2023-12-04 11:02:33.073    app     info:    [server-manager] Downloaded 538.76 MiB/650.17 MiB at 14.71 MiB/s
2023-12-04 11:02:34.076    app     info:    [server-manager] Downloaded 548.57 MiB/650.17 MiB at 9.84 MiB/s
2023-12-04 11:02:35.078    app     info:    [server-manager] Downloaded 558.35 MiB/650.17 MiB at 9.73 MiB/s
2023-12-04 11:02:36.080    app     info:    [server-manager] Downloaded 568.21 MiB/650.17 MiB at 9.79 MiB/s
2023-12-04 11:02:37.083    app     info:    [server-manager] Downloaded 577.99 MiB/650.17 MiB at 9.84 MiB/s
2023-12-04 11:02:38.086    app     info:    [server-manager] Downloaded 587.84 MiB/650.17 MiB at 9.86 MiB/s
2023-12-04 11:02:39.087    app     info:    [server-manager] Downloaded 597.66 MiB/650.17 MiB at 9.80 MiB/s
2023-12-04 11:02:40.089    app     info:    [server-manager] Downloaded 607.45 MiB/650.17 MiB at 9.70 MiB/s
2023-12-04 11:02:41.091    app     info:    [server-manager] Downloaded 617.30 MiB/650.17 MiB at 4.91 MiB/s
2023-12-04 11:02:42.107    app     info:    [server-manager] Downloaded 627.21 MiB/650.17 MiB at 9.98 MiB/s
2023-12-04 11:02:42.539    app     info:    Second instance    [
  'C:\\Users\\Dmytro\\AppData\\Local\\eve-online\\app-0.4.10\\eve-online.exe',
  '--allow-file-access-from-files',
  '--secure-schemes',
  '--bypasscsp-schemes=sentry-ipc',
  '--cors-schemes=sentry-ipc',
  '--fetch-schemes=sentry-ipc',
  '--service-worker-schemes',
  '--standard-schemes',
  '--streaming-schemes'
]
2023-12-04 11:02:42.546    app     info:    [tray] Main window restored from second instance    { windowId: 2 }
2023-12-04 11:02:42.569    app     info:    [creatives] Requesting creatives
2023-12-04 11:02:42.682    app    error:    [server-status-manager] Invalid response from server status check    {"userCount":0,"serverStatus":"unknown"}
2023-12-04 11:02:42.711    app     info:    [creatives] Received 3 creatives
2023-12-04 11:02:43.109    app     info:    [server-manager] Downloaded 637.04 MiB/650.17 MiB at 14.75 MiB/s
2023-12-04 11:02:44.112    app     info:    [server-manager] Downloaded 646.75 MiB/650.17 MiB at 9.68 MiB/s
2023-12-04 11:02:44.240    app     info:    [download-from-manifest] Downloaded 86 files (649,10 MiB) in 1 minutes, 6.445 seconds
2023-12-04 11:02:44.241    app     info:    [download-from-manifest] Average download speed: 9,77 MiB/s
2023-12-04 11:02:44.244    app     info:    [elg-events] Sending event    eve_launcher.electron.eve_client.GameClientUpdateFinished
2023-12-04 11:02:44.247    app     info:    [server-manager] Downloaded 650.17 MiB/650.17 MiB at 18.69 MiB/s
2023-12-04 11:02:44.249    app     info:    [server-manager] Ready to play!
2023-12-04 11:02:44.251    app     info:    [server-manager] Finished refresh cycle for Tranquility
2023-12-04 11:02:44.251    app     info:    [server-manager] Build for Tranquility is now 2441868
2023-12-04 11:02:46.598    app     info:    [client-queue] Queued client startup    {
  tenant: 'tranquility',
  userId: 29280260,
  characterId: 2121853336,
  profile: ''
}
2023-12-04 11:02:46.600    app     info:    [elg-events] Sending event    eve_launcher.electron.eve_client.ClientQueued
2023-12-04 11:02:46.600    app     info:    [client-queue] No clients running for tranquility, copying files before starting a client
2023-12-04 11:02:46.604    app     info:    [elg-events] Sending event    eve_launcher.electron.eve_client.CopyingFilesStarted
2023-12-04 11:02:46.604    app     info:    [binary-copier] Copying 198 files (217 MB) to 'C:\CCP\EVE Online\tq'
2023-12-04 11:02:46.620    app     info:    [binary-copier] Removing old binaries
2023-12-04 11:02:46.647    app     info:    [binary-copier] Copying binaries from ResFiles
2023-12-04 11:02:46.742    app     info:    [binary-copier] Finished copying 198 files to 'C:\CCP\EVE Online\tq' in 0.140 seconds
2023-12-04 11:02:46.744    app     info:    [elg-events] Sending event    eve_launcher.electron.eve_client.CopyingFilesFinished
2023-12-04 11:02:46.750    app     info:    [client-manager] Starting EVE Online game client.    C:\CCP\EVE Online\tq\bin64\exefile.exe    Map(11) {
  'noconsole' => '/noconsole',
  'server' => '/server:tranquility.servers.eveonline.com',
  'triplatform' => '/triplatform=dx12',
  'ssotoken' => '/ssoToken=***',
  'refreshtoken' => '/refreshToken=***',
  'settingsprofile' => '/settingsprofile=Default',
  'deviceid' => '/deviceID=4a436adb-4b99-40a7-85b0-42e206f41286',
  'autoselectcharacter' => '/autoSelectCharacter:2121853336',
  'language' => '/language=en',
  'exp' => '1701728300',
  'tokenExpires' => '2023-12-05 00:18:20.000'
}    29280260
2023-12-04 11:02:46.752    app     info:    [elg-events] Sending event    eve_launcher.electron.eve_client.GameClientStartRequested
2023-12-04 11:02:46.758    app     info:    [elg-events] Sending event    eve_launcher.electron.eve_client.TemporaryClientProcessAdded
2023-12-04 11:02:46.761    app     info:    [client-queue] Started client from group startup    {
  tenant: 'tranquility',
  characterId: 2121853336,
  profile: '',
  userId: 29280260
}
2023-12-04 11:02:47.272    app     info:    [elg-events] Sending event    eve_launcher.electron.eve_client.TemporaryClientProcessMonitoringRetried
2023-12-04 11:02:47.284    app     info:    [client-manager] Found 'tranquility' client for '29280260' running:     {
  processId: 5844,
  createdDate: 1701687766807,
  userId: 29280260,
  characterId: 2121853336,
  profile: 'Default',
  dxVersion: 'dx12'
}
2023-12-04 11:02:47.297    app     info:    [elg-events] Sending event    eve_launcher.electron.eve_client.GameClientStarted
2023-12-04 11:02:47.301    app     info:    [elg-events] Sending event    eve_launcher.electron.eve_client.TemporaryClientProcessRemoved
2023-12-04 11:02:47.784    app     info:    [client-queue] Queue has stopped running, no more clients pending startup.
2023-12-04 11:03:08.199    app     info:    [client-manager] 'tranquility' for EVE game client for '29280260' exited with no errors.
2023-12-04 11:03:08.201    app     info:    [elg-events] Sending event    eve_launcher.electron.eve_client.GameClientExited
2023-12-04 11:03:08.209    app     info:    [server-manager] Starting refresh cycle for Tranquility
2023-12-04 11:03:08.353    app     info:    [server-manager] Previous Tranquility build: 2441868, current build: 2441868
2023-12-04 11:03:08.353    app     info:    [server-manager] Tranquility build is unchanged.
2023-12-04 11:03:08.357    app     info:    [server-manager] Ready to play!
2023-12-04 11:03:08.362    app     info:    [server-manager] Finished refresh cycle for Tranquility
2023-12-04 11:03:12.794    app    error:    [server-status-manager] Invalid response from server status check    {"userCount":0,"serverStatus":"unknown"}
2023-12-04 11:03:21.565    app     info:    [ipc-requests] Handling requests in the background
2023-12-04 11:03:22.566    app     info:    [ipc-requests] No longer handling requests in the background
2023-12-04 11:03:34.791    app     info:    [self-update] Checking for a launcher update...
2023-12-04 11:03:35.104    app     info:    [self-update] Currently running the latest launcher version. Scheduling update check in 5 minutes.
2023-12-04 11:06:00.563    app    error:    [server-status-manager] Invalid response from server status check    {"userCount":0,"serverStatus":"unknown"}
2023-12-04 11:06:05.561    app     info:    [ipc-requests] Handling requests in the background
2023-12-04 11:06:06.562    app     info:    [ipc-requests] No longer handling requests in the background
2023-12-04 11:08:03.878    app    error:    [server-status-manager] Invalid response from server status check    {"userCount":0,"serverStatus":"online"}
2023-12-04 11:08:05.838    app     info:    [client-queue] Queued client startup    {
  tenant: 'tranquility',
  userId: 29280260,
  characterId: 2121853336,
  profile: ''
}
2023-12-04 11:08:05.840    app     info:    [elg-events] Sending event    eve_launcher.electron.eve_client.ClientQueued
2023-12-04 11:08:05.841    app     info:    [client-queue] No clients running for tranquility, copying files before starting a client
2023-12-04 11:08:05.844    app     info:    [elg-events] Sending event    eve_launcher.electron.eve_client.CopyingFilesStarted
2023-12-04 11:08:05.845    app     info:    [binary-copier] Copying 198 files (217 MB) to 'C:\CCP\EVE Online\tq'
2023-12-04 11:08:05.861    app     info:    [binary-copier] Removing old binaries
2023-12-04 11:08:05.891    app     info:    [binary-copier] Copying binaries from ResFiles
2023-12-04 11:08:05.988    app     info:    [binary-copier] Finished copying 198 files to 'C:\CCP\EVE Online\tq' in 0.145 seconds
2023-12-04 11:08:05.990    app     info:    [elg-events] Sending event    eve_launcher.electron.eve_client.CopyingFilesFinished
2023-12-04 11:08:05.995    app     info:    [client-manager] Starting EVE Online game client.    C:\CCP\EVE Online\tq\bin64\exefile.exe    Map(11) {
  'noconsole' => '/noconsole',
  'server' => '/server:tranquility.servers.eveonline.com',
  'triplatform' => '/triplatform=dx12',
  'ssotoken' => '/ssoToken=***',
  'refreshtoken' => '/refreshToken=***',
  'settingsprofile' => '/settingsprofile=Default',
  'deviceid' => '/deviceID=4a436adb-4b99-40a7-85b0-42e206f41286',
  'autoselectcharacter' => '/autoSelectCharacter:2121853336',
  'language' => '/language=en',
  'exp' => '1701728300',
  'tokenExpires' => '2023-12-05 00:18:20.000'
}    29280260
2023-12-04 11:08:05.997    app     info:    [elg-events] Sending event    eve_launcher.electron.eve_client.GameClientStartRequested
2023-12-04 11:08:06.002    app     info:    [elg-events] Sending event    eve_launcher.electron.eve_client.TemporaryClientProcessAdded
2023-12-04 11:08:06.006    app     info:    [client-queue] Started client from group startup    {
  tenant: 'tranquility',
  characterId: 2121853336,
  profile: '',
  userId: 29280260
}
2023-12-04 11:08:06.513    app     info:    [elg-events] Sending event    eve_launcher.electron.eve_client.TemporaryClientProcessMonitoringRetried
2023-12-04 11:08:06.518    app     info:    [client-manager] Found 'tranquility' client for '29280260' running:     {
  processId: 2080,
  createdDate: 1701688086041,
  userId: 29280260,
  characterId: 2121853336,
  profile: 'Default',
  dxVersion: 'dx12'
}
2023-12-04 11:08:06.526    app     info:    [elg-events] Sending event    eve_launcher.electron.eve_client.GameClientStarted
2023-12-04 11:08:06.530    app     info:    [elg-events] Sending event    eve_launcher.electron.eve_client.TemporaryClientProcessRemoved
2023-12-04 11:08:07.028    app     info:    [client-queue] Queue has stopped running, no more clients pending startup.
2023-12-04 11:08:07.566    app     info:    [ipc-requests] Handling requests in the background
2023-12-04 11:08:08.363    app     info:    [server-manager] Starting refresh cycle for Tranquility
2023-12-04 11:08:08.508    app     info:    [server-manager] Previous Tranquility build: 2441868, current build: 2441868
2023-12-04 11:08:08.508    app     info:    [server-manager] Tranquility build is unchanged.
2023-12-04 11:08:08.512    app     info:    [server-manager] Ready to play!
2023-12-04 11:08:08.515    app     info:    [server-manager] Finished refresh cycle for Tranquility
2023-12-04 11:08:08.573    app     info:    [ipc-requests] No longer handling requests in the background
2023-12-04 11:08:35.109    app     info:    [self-update] Checking for a launcher update...
2023-12-04 11:08:35.391    app     info:    [self-update] Currently running the latest launcher version. Scheduling update check in 5 minutes.
2023-12-04 11:08:47.012    app    error:    [server-status-manager] Invalid response from server status check    {"userCount":0,"serverStatus":"online"}
2023-12-04 11:09:17.058    app    error:    [server-status-manager] Invalid response from server status check    {"userCount":0,"serverStatus":"online"}
2023-12-04 11:09:47.020    app    error:    [server-status-manager] Invalid response from server status check    {"userCount":0,"serverStatus":"online"}
2023-12-04 11:10:17.026    app    error:    [server-status-manager] Invalid response from server status check    {"userCount":0,"serverStatus":"online"}
2023-12-04 11:13:08.529    app     info:    [server-manager] Starting refresh cycle for Tranquility
2023-12-04 11:13:08.750    app     info:    [server-manager] Previous Tranquility build: 2441868, current build: 2441868
2023-12-04 11:13:08.751    app     info:    [server-manager] Tranquility build is unchanged.
2023-12-04 11:13:08.755    app     info:    [server-manager] Ready to play!
2023-12-04 11:13:08.758    app     info:    [server-manager] Finished refresh cycle for Tranquility
2023-12-04 11:13:35.393    app     info:    [self-update] Checking for a launcher update...
2023-12-04 11:13:35.659    app     info:    [self-update] Currently running the latest launcher version. Scheduling update check in 5 minutes.
2023-12-04 11:18:08.766    app     info:    [server-manager] Starting refresh cycle for Tranquility
2023-12-04 11:18:09.934    app     info:    [server-manager] Previous Tranquility build: 2441868, current build: 2441868
2023-12-04 11:18:09.934    app     info:    [server-manager] Tranquility build is unchanged.
2023-12-04 11:18:09.938    app     info:    [server-manager] Ready to play!
2023-12-04 11:18:09.941    app     info:    [server-manager] Finished refresh cycle for Tranquility
2023-12-04 11:18:32.366    app     info:    [ipc-requests] Handling requests in the background
2023-12-04 11:18:33.375    app     info:    [ipc-requests] No longer handling requests in the background
2023-12-04 11:18:35.674    app     info:    [self-update] Checking for a launcher update...
2023-12-04 11:18:35.936    app     info:    [self-update] Currently running the latest launcher version. Scheduling update check in 5 minutes.
2023-12-04 11:19:08.544    app     info:    [ipc-requests] Handling requests in the background
2023-12-04 11:19:09.014    app     info:    [ipc-requests] Handling requests in the background
2023-12-04 11:19:09.547    app     info:    [ipc-requests] No longer handling requests in the background
2023-12-04 11:19:10.015    app     info:    [ipc-requests] No longer handling requests in the background
2023-12-04 11:23:09.953    app     info:    [server-manager] Starting refresh cycle for Tranquility
2023-12-04 11:23:10.112    app     info:    [server-manager] Previous Tranquility build: 2441868, current build: 2441868
2023-12-04 11:23:10.112    app     info:    [server-manager] Tranquility build is unchanged.
2023-12-04 11:23:10.117    app     info:    [server-manager] Ready to play!
2023-12-04 11:23:10.120    app     info:    [server-manager] Finished refresh cycle for Tranquility
2023-12-04 11:23:35.951    app     info:    [self-update] Checking for a launcher update...
2023-12-04 11:23:36.216    app     info:    [self-update] Currently running the latest launcher version. Scheduling update check in 5 minutes.
2023-12-04 11:28:10.128    app     info:    [server-manager] Starting refresh cycle for Tranquility
2023-12-04 11:28:10.268    app     info:    [server-manager] Previous Tranquility build: 2441868, current build: 2441868
2023-12-04 11:28:10.268    app     info:    [server-manager] Tranquility build is unchanged.
2023-12-04 11:28:10.273    app     info:    [server-manager] Ready to play!
2023-12-04 11:28:10.276    app     info:    [server-manager] Finished refresh cycle for Tranquility
2023-12-04 11:28:36.218    app     info:    [self-update] Checking for a launcher update...
2023-12-04 11:28:36.487    app     info:    [self-update] Currently running the latest launcher version. Scheduling update check in 5 minutes.
2023-12-04 11:33:10.290    app     info:    [server-manager] Starting refresh cycle for Tranquility
2023-12-04 11:33:10.426    app     info:    [server-manager] Previous Tranquility build: 2441868, current build: 2441868
2023-12-04 11:33:10.426    app     info:    [server-manager] Tranquility build is unchanged.
2023-12-04 11:33:10.430    app     info:    [server-manager] Ready to play!
2023-12-04 11:33:10.433    app     info:    [server-manager] Finished refresh cycle for Tranquility
2023-12-04 11:33:36.493    app     info:    [self-update] Checking for a launcher update...
2023-12-04 11:33:36.780    app     info:    [self-update] Currently running the latest launcher version. Scheduling update check in 5 minutes.
2023-12-04 11:38:10.449    app     info:    [server-manager] Starting refresh cycle for Tranquility
2023-12-04 11:38:10.611    app     info:    [server-manager] Previous Tranquility build: 2441868, current build: 2441868
2023-12-04 11:38:10.611    app     info:    [server-manager] Tranquility build is unchanged.
2023-12-04 11:38:10.616    app     info:    [server-manager] Ready to play!
2023-12-04 11:38:10.619    app     info:    [server-manager] Finished refresh cycle for Tranquility
2023-12-04 11:38:36.791    app     info:    [self-update] Checking for a launcher update...
2023-12-04 11:38:37.061    app     info:    [self-update] Currently running the latest launcher version. Scheduling update check in 5 minutes.
2023-12-04 11:43:10.634    app     info:    [server-manager] Starting refresh cycle for Tranquility
2023-12-04 11:43:10.781    app     info:    [server-manager] Previous Tranquility build: 2441868, current build: 2441868
2023-12-04 11:43:10.781    app     info:    [server-manager] Tranquility build is unchanged.
2023-12-04 11:43:10.785    app     info:    [server-manager] Ready to play!
2023-12-04 11:43:10.788    app     info:    [server-manager] Finished refresh cycle for Tranquility
2023-12-04 11:43:37.074    app     info:    [self-update] Checking for a launcher update...
2023-12-04 11:43:37.336    app     info:    [self-update] Currently running the latest launcher version. Scheduling update check in 5 minutes.
2023-12-04 11:48:10.790    app     info:    [server-manager] Starting refresh cycle for Tranquility
2023-12-04 11:48:10.949    app     info:    [server-manager] Previous Tranquility build: 2441868, current build: 2441868
2023-12-04 11:48:10.949    app     info:    [server-manager] Tranquility build is unchanged.
2023-12-04 11:48:10.953    app     info:    [server-manager] Ready to play!
2023-12-04 11:48:10.956    app     info:    [server-manager] Finished refresh cycle for Tranquility
2023-12-04 11:48:37.345    app     info:    [self-update] Checking for a launcher update...
2023-12-04 11:48:37.611    app     info:    [self-update] Currently running the latest launcher version. Scheduling update check in 5 minutes.
2023-12-04 11:53:10.960    app     info:    [server-manager] Starting refresh cycle for Tranquility
2023-12-04 11:53:11.084    app     info:    [server-manager] Previous Tranquility build: 2441868, current build: 2441868
2023-12-04 11:53:11.084    app     info:    [server-manager] Tranquility build is unchanged.
2023-12-04 11:53:11.088    app     info:    [server-manager] Ready to play!
2023-12-04 11:53:11.091    app     info:    [server-manager] Finished refresh cycle for Tranquility
2023-12-04 11:53:37.623    app     info:    [self-update] Checking for a launcher update...
2023-12-04 11:53:37.896    app     info:    [self-update] Currently running the latest launcher version. Scheduling update check in 5 minutes.
2023-12-04 11:58:11.095    app     info:    [server-manager] Starting refresh cycle for Tranquility
2023-12-04 11:58:11.214    app     info:    [server-manager] Previous Tranquility build: 2441868, current build: 2441868
2023-12-04 11:58:11.214    app     info:    [server-manager] Tranquility build is unchanged.
2023-12-04 11:58:11.217    app     info:    [server-manager] Ready to play!
2023-12-04 11:58:11.221    app     info:    [server-manager] Finished refresh cycle for Tranquility
2023-12-04 11:58:37.902    app     info:    [self-update] Checking for a launcher update...
2023-12-04 11:58:38.176    app     info:    [self-update] Currently running the latest launcher version. Scheduling update check in 5 minutes.
2023-12-04 12:03:11.237    app     info:    [server-manager] Starting refresh cycle for Tranquility
2023-12-04 12:03:11.375    app     info:    [server-manager] Previous Tranquility build: 2441868, current build: 2441868
2023-12-04 12:03:11.375    app     info:    [server-manager] Tranquility build is unchanged.
2023-12-04 12:03:11.379    app     info:    [server-manager] Ready to play!
2023-12-04 12:03:11.382    app     info:    [server-manager] Finished refresh cycle for Tranquility
2023-12-04 12:03:38.187    app     info:    [self-update] Checking for a launcher update...
2023-12-04 12:03:38.458    app     info:    [self-update] Currently running the latest launcher version. Scheduling update check in 5 minutes.
2023-12-04 12:08:11.388    app     info:    [server-manager] Starting refresh cycle for Tranquility
2023-12-04 12:08:11.539    app     info:    [server-manager] Previous Tranquility build: 2441868, current build: 2441868
2023-12-04 12:08:11.539    app     info:    [server-manager] Tranquility build is unchanged.
2023-12-04 12:08:11.543    app     info:    [server-manager] Ready to play!
2023-12-04 12:08:11.546    app     info:    [server-manager] Finished refresh cycle for Tranquility
2023-12-04 12:08:38.466    app     info:    [self-update] Checking for a launcher update...
2023-12-04 12:08:38.735    app     info:    [self-update] Currently running the latest launcher version. Scheduling update check in 5 minutes.
2023-12-04 12:13:11.558    app     info:    [server-manager] Starting refresh cycle for Tranquility
2023-12-04 12:13:11.708    app     info:    [server-manager] Previous Tranquility build: 2441868, current build: 2441868
2023-12-04 12:13:11.708    app     info:    [server-manager] Tranquility build is unchanged.
2023-12-04 12:13:11.713    app     info:    [server-manager] Ready to play!
2023-12-04 12:13:11.716    app     info:    [server-manager] Finished refresh cycle for Tranquility
2023-12-04 12:13:38.747    app     info:    [self-update] Checking for a launcher update...
2023-12-04 12:13:39.014    app     info:    [self-update] Currently running the latest launcher version. Scheduling update check in 5 minutes.
2023-12-04 12:18:11.728    app     info:    [server-manager] Starting refresh cycle for Tranquility
2023-12-04 12:18:11.868    app     info:    [server-manager] Previous Tranquility build: 2441868, current build: 2441868
2023-12-04 12:18:11.868    app     info:    [server-manager] Tranquility build is unchanged.
2023-12-04 12:18:11.871    app     info:    [server-manager] Ready to play!
2023-12-04 12:18:11.875    app     info:    [server-manager] Finished refresh cycle for Tranquility
2023-12-04 12:18:39.020    app     info:    [self-update] Checking for a launcher update...
2023-12-04 12:18:39.296    app     info:    [self-update] Currently running the latest launcher version. Scheduling update check in 5 minutes.
2023-12-04 12:23:11.889    app     info:    [server-manager] Starting refresh cycle for Tranquility
2023-12-04 12:23:12.062    app     info:    [server-manager] Previous Tranquility build: 2441868, current build: 2441868
2023-12-04 12:23:12.062    app     info:    [server-manager] Tranquility build is unchanged.
2023-12-04 12:23:12.066    app     info:    [server-manager] Ready to play!
2023-12-04 12:23:12.069    app     info:    [server-manager] Finished refresh cycle for Tranquility
2023-12-04 12:23:39.308    app     info:    [self-update] Checking for a launcher update...
2023-12-04 12:23:39.572    app     info:    [self-update] Currently running the latest launcher version. Scheduling update check in 5 minutes.
2023-12-04 12:28:12.086    app     info:    [server-manager] Starting refresh cycle for Tranquility
2023-12-04 12:28:12.259    app     info:    [server-manager] Previous Tranquility build: 2441868, current build: 2441868
2023-12-04 12:28:12.259    app     info:    [server-manager] Tranquility build is unchanged.
2023-12-04 12:28:12.263    app     info:    [server-manager] Ready to play!
2023-12-04 12:28:12.266    app     info:    [server-manager] Finished refresh cycle for Tranquility
2023-12-04 12:28:39.577    app     info:    [self-update] Checking for a launcher update...
2023-12-04 12:28:39.845    app     info:    [self-update] Currently running the latest launcher version. Scheduling update check in 5 minutes.
2023-12-04 12:33:12.282    app     info:    [server-manager] Starting refresh cycle for Tranquility
2023-12-04 12:33:12.451    app     info:    [server-manager] Previous Tranquility build: 2441868, current build: 2441868
2023-12-04 12:33:12.451    app     info:    [server-manager] Tranquility build is unchanged.
2023-12-04 12:33:12.456    app     info:    [server-manager] Ready to play!
2023-12-04 12:33:12.458    app     info:    [server-manager] Finished refresh cycle for Tranquility
2023-12-04 12:33:39.860    app     info:    [self-update] Checking for a launcher update...
2023-12-04 12:33:40.124    app     info:    [self-update] Currently running the latest launcher version. Scheduling update check in 5 minutes.
2023-12-04 12:38:12.466    app     info:    [server-manager] Starting refresh cycle for Tranquility
2023-12-04 12:38:12.598    app     info:    [server-manager] Previous Tranquility build: 2441868, current build: 2441868
2023-12-04 12:38:12.598    app     info:    [server-manager] Tranquility build is unchanged.
2023-12-04 12:38:12.602    app     info:    [server-manager] Ready to play!
2023-12-04 12:38:12.605    app     info:    [server-manager] Finished refresh cycle for Tranquility
2023-12-04 12:38:40.126    app     info:    [self-update] Checking for a launcher update...
2023-12-04 12:38:40.398    app     info:    [self-update] Currently running the latest launcher version. Scheduling update check in 5 minutes.
2023-12-04 12:43:12.618    app     info:    [server-manager] Starting refresh cycle for Tranquility
2023-12-04 12:43:13.525    app     info:    [server-manager] Previous Tranquility build: 2441868, current build: 2441868
2023-12-04 12:43:13.525    app     info:    [server-manager] Tranquility build is unchanged.
2023-12-04 12:43:13.529    app     info:    [server-manager] Ready to play!
2023-12-04 12:43:13.532    app     info:    [server-manager] Finished refresh cycle for Tranquility
2023-12-04 12:43:40.399    app     info:    [self-update] Checking for a launcher update...
2023-12-04 12:43:40.665    app     info:    [self-update] Currently running the latest launcher version. Scheduling update check in 5 minutes.
2023-12-04 12:48:13.535    app     info:    [server-manager] Starting refresh cycle for Tranquility
2023-12-04 12:48:13.688    app     info:    [server-manager] Previous Tranquility build: 2441868, current build: 2441868
2023-12-04 12:48:13.688    app     info:    [server-manager] Tranquility build is unchanged.
2023-12-04 12:48:13.693    app     info:    [server-manager] Ready to play!
2023-12-04 12:48:13.696    app     info:    [server-manager] Finished refresh cycle for Tranquility
2023-12-04 12:48:40.678    app     info:    [self-update] Checking for a launcher update...
2023-12-04 12:48:40.952    app     info:    [self-update] Currently running the latest launcher version. Scheduling update check in 5 minutes.
2023-12-04 12:53:13.712    app     info:    [server-manager] Starting refresh cycle for Tranquility
2023-12-04 12:53:14.014    app     info:    [server-manager] Previous Tranquility build: 2441868, current build: 2441868
2023-12-04 12:53:14.014    app     info:    [server-manager] Tranquility build is unchanged.
2023-12-04 12:53:14.018    app     info:    [server-manager] Ready to play!
2023-12-04 12:53:14.021    app     info:    [server-manager] Finished refresh cycle for Tranquility
2023-12-04 12:53:40.957    app     info:    [self-update] Checking for a launcher update...
2023-12-04 12:53:41.233    app     info:    [self-update] Currently running the latest launcher version. Scheduling update check in 5 minutes.
2023-12-04 12:58:14.036    app     info:    [server-manager] Starting refresh cycle for Tranquility
2023-12-04 12:58:14.209    app     info:    [server-manager] Previous Tranquility build: 2441868, current build: 2441868
2023-12-04 12:58:14.209    app     info:    [server-manager] Tranquility build is unchanged.
2023-12-04 12:58:14.213    app     info:    [server-manager] Ready to play!
2023-12-04 12:58:14.216    app     info:    [server-manager] Finished refresh cycle for Tranquility
2023-12-04 12:58:41.236    app     info:    [self-update] Checking for a launcher update...
2023-12-04 12:58:41.516    app     info:    [self-update] Currently running the latest launcher version. Scheduling update check in 5 minutes.
2023-12-04 13:03:14.233    app     info:    [server-manager] Starting refresh cycle for Tranquility
2023-12-04 13:03:14.394    app     info:    [server-manager] Previous Tranquility build: 2441868, current build: 2441868
2023-12-04 13:03:14.394    app     info:    [server-manager] Tranquility build is unchanged.
2023-12-04 13:03:14.398    app     info:    [server-manager] Ready to play!
2023-12-04 13:03:14.401    app     info:    [server-manager] Finished refresh cycle for Tranquility
2023-12-04 13:03:41.530    app     info:    [self-update] Checking for a launcher update...
2023-12-04 13:03:41.798    app     info:    [self-update] Currently running the latest launcher version. Scheduling update check in 5 minutes.
2023-12-04 13:08:14.414    app     info:    [server-manager] Starting refresh cycle for Tranquility
2023-12-04 13:08:14.552    app     info:    [server-manager] Previous Tranquility build: 2441868, current build: 2441868
2023-12-04 13:08:14.552    app     info:    [server-manager] Tranquility build is unchanged.
2023-12-04 13:08:14.558    app     info:    [server-manager] Ready to play!
2023-12-04 13:08:14.561    app     info:    [server-manager] Finished refresh cycle for Tranquility
2023-12-04 13:08:41.811    app     info:    [self-update] Checking for a launcher update...
2023-12-04 13:08:42.093    app     info:    [self-update] Currently running the latest launcher version. Scheduling update check in 5 minutes.
2023-12-04 13:13:14.574    app     info:    [server-manager] Starting refresh cycle for Tranquility
2023-12-04 13:13:14.782    app     info:    [server-manager] Previous Tranquility build: 2441868, current build: 2441868
2023-12-04 13:13:14.782    app     info:    [server-manager] Tranquility build is unchanged.
2023-12-04 13:13:14.786    app     info:    [server-manager] Ready to play!
2023-12-04 13:13:14.789    app     info:    [server-manager] Finished refresh cycle for Tranquility
2023-12-04 13:13:42.100    app     info:    [self-update] Checking for a launcher update...
2023-12-04 13:13:42.393    app     info:    [self-update] Currently running the latest launcher version. Scheduling update check in 5 minutes.
2023-12-04 13:18:14.800    app     info:    [server-manager] Starting refresh cycle for Tranquility
2023-12-04 13:18:14.964    app     info:    [server-manager] Previous Tranquility build: 2441868, current build: 2441868
2023-12-04 13:18:14.964    app     info:    [server-manager] Tranquility build is unchanged.
2023-12-04 13:18:14.967    app     info:    [server-manager] Ready to play!
2023-12-04 13:18:14.970    app     info:    [server-manager] Finished refresh cycle for Tranquility
2023-12-04 13:18:42.408    app     info:    [self-update] Checking for a launcher update...
2023-12-04 13:18:42.694    app     info:    [self-update] Currently running the latest launcher version. Scheduling update check in 5 minutes.
2023-12-04 13:23:14.985    app     info:    [server-manager] Starting refresh cycle for Tranquility
2023-12-04 13:23:15.180    app     info:    [server-manager] Previous Tranquility build: 2441868, current build: 2441868
2023-12-04 13:23:15.180    app     info:    [server-manager] Tranquility build is unchanged.
2023-12-04 13:23:15.184    app     info:    [server-manager] Ready to play!
2023-12-04 13:23:15.187    app     info:    [server-manager] Finished refresh cycle for Tranquility
2023-12-04 13:23:42.696    app     info:    [self-update] Checking for a launcher update...
2023-12-04 13:23:42.978    app     info:    [self-update] Currently running the latest launcher version. Scheduling update check in 5 minutes.
2023-12-04 13:28:15.199    app     info:    [server-manager] Starting refresh cycle for Tranquility
2023-12-04 13:28:15.420    app     info:    [server-manager] Previous Tranquility build: 2441868, current build: 2441868
2023-12-04 13:28:15.420    app     info:    [server-manager] Tranquility build is unchanged.
2023-12-04 13:28:15.424    app     info:    [server-manager] Ready to play!
2023-12-04 13:28:15.427    app     info:    [server-manager] Finished refresh cycle for Tranquility
2023-12-04 13:28:42.982    app     info:    [self-update] Checking for a launcher update...
2023-12-04 13:28:43.276    app     info:    [self-update] Currently running the latest launcher version. Scheduling update check in 5 minutes.
2023-12-04 13:33:15.438    app     info:    [server-manager] Starting refresh cycle for Tranquility
2023-12-04 13:33:15.561    app     info:    [server-manager] Previous Tranquility build: 2441868, current build: 2441868
2023-12-04 13:33:15.562    app     info:    [server-manager] Tranquility build is unchanged.
2023-12-04 13:33:15.566    app     info:    [server-manager] Ready to play!
2023-12-04 13:33:15.569    app     info:    [server-manager] Finished refresh cycle for Tranquility
2023-12-04 13:33:43.279    app     info:    [self-update] Checking for a launcher update...
2023-12-04 13:33:43.558    app     info:    [self-update] Currently running the latest launcher version. Scheduling update check in 5 minutes.
2023-12-04 13:38:15.575    app     info:    [server-manager] Starting refresh cycle for Tranquility
2023-12-04 13:38:15.723    app     info:    [server-manager] Previous Tranquility build: 2441868, current build: 2441868
2023-12-04 13:38:15.723    app     info:    [server-manager] Tranquility build is unchanged.
2023-12-04 13:38:15.727    app     info:    [server-manager] Ready to play!
2023-12-04 13:38:15.730    app     info:    [server-manager] Finished refresh cycle for Tranquility
2023-12-04 13:38:43.558    app     info:    [self-update] Checking for a launcher update...
2023-12-04 13:38:43.828    app     info:    [self-update] Currently running the latest launcher version. Scheduling update check in 5 minutes.
2023-12-04 13:43:15.745    app     info:    [server-manager] Starting refresh cycle for Tranquility
2023-12-04 13:43:15.885    app     info:    [server-manager] Previous Tranquility build: 2441868, current build: 2441868
2023-12-04 13:43:15.885    app     info:    [server-manager] Tranquility build is unchanged.
2023-12-04 13:43:15.889    app     info:    [server-manager] Ready to play!
2023-12-04 13:43:15.892    app     info:    [server-manager] Finished refresh cycle for Tranquility
2023-12-04 13:43:43.834    app     info:    [self-update] Checking for a launcher update...
2023-12-04 13:43:44.100    app     info:    [self-update] Currently running the latest launcher version. Scheduling update check in 5 minutes.
2023-12-04 13:48:15.898    app     info:    [server-manager] Starting refresh cycle for Tranquility
2023-12-04 13:48:16.032    app     info:    [server-manager] Previous Tranquility build: 2441868, current build: 2441868
2023-12-04 13:48:16.032    app     info:    [server-manager] Tranquility build is unchanged.
2023-12-04 13:48:16.036    app     info:    [server-manager] Ready to play!
2023-12-04 13:48:16.040    app     info:    [server-manager] Finished refresh cycle for Tranquility
2023-12-04 13:48:44.109    app     info:    [self-update] Checking for a launcher update...
2023-12-04 13:48:44.375    app     info:    [self-update] Currently running the latest launcher version. Scheduling update check in 5 minutes.
2023-12-04 13:53:16.048    app     info:    [server-manager] Starting refresh cycle for Tranquility
2023-12-04 13:53:16.190    app     info:    [server-manager] Previous Tranquility build: 2441868, current build: 2441868
2023-12-04 13:53:16.190    app     info:    [server-manager] Tranquility build is unchanged.
2023-12-04 13:53:16.194    app     info:    [server-manager] Ready to play!
2023-12-04 13:53:16.197    app     info:    [server-manager] Finished refresh cycle for Tranquility
2023-12-04 13:53:44.390    app     info:    [self-update] Checking for a launcher update...
2023-12-04 13:53:44.655    app     info:    [self-update] Currently running the latest launcher version. Scheduling update check in 5 minutes.
2023-12-04 13:58:16.209    app     info:    [server-manager] Starting refresh cycle for Tranquility
2023-12-04 13:58:16.325    app     info:    [server-manager] Previous Tranquility build: 2441868, current build: 2441868
2023-12-04 13:58:16.326    app     info:    [server-manager] Tranquility build is unchanged.
2023-12-04 13:58:16.329    app     info:    [server-manager] Ready to play!
2023-12-04 13:58:16.332    app     info:    [server-manager] Finished refresh cycle for Tranquility
2023-12-04 13:58:44.658    app     info:    [self-update] Checking for a launcher update...
2023-12-04 13:58:44.934    app     info:    [self-update] Currently running the latest launcher version. Scheduling update check in 5 minutes.
2023-12-04 14:03:16.343    app     info:    [server-manager] Starting refresh cycle for Tranquility
2023-12-04 14:03:16.511    app     info:    [server-manager] Previous Tranquility build: 2441868, current build: 2441868
2023-12-04 14:03:16.511    app     info:    [server-manager] Tranquility build is unchanged.
2023-12-04 14:03:16.515    app     info:    [server-manager] Ready to play!
2023-12-04 14:03:16.518    app     info:    [server-manager] Finished refresh cycle for Tranquility
2023-12-04 14:03:44.944    app     info:    [self-update] Checking for a launcher update...
2023-12-04 14:03:45.250    app     info:    [self-update] Currently running the latest launcher version. Scheduling update check in 5 minutes.
2023-12-04 14:08:16.522    app     info:    [server-manager] Starting refresh cycle for Tranquility
2023-12-04 14:08:16.726    app     info:    [server-manager] Previous Tranquility build: 2441868, current build: 2441868
2023-12-04 14:08:16.726    app     info:    [server-manager] Tranquility build is unchanged.
2023-12-04 14:08:16.731    app     info:    [server-manager] Ready to play!
2023-12-04 14:08:16.734    app     info:    [server-manager] Finished refresh cycle for Tranquility
2023-12-04 14:08:45.249    app     info:    [self-update] Checking for a launcher update...
2023-12-04 14:08:45.545    app     info:    [self-update] Currently running the latest launcher version. Scheduling update check in 5 minutes.
2023-12-04 14:13:16.739    app     info:    [server-manager] Starting refresh cycle for Tranquility
2023-12-04 14:13:16.852    app     info:    [server-manager] Previous Tranquility build: 2441868, current build: 2441868
2023-12-04 14:13:16.852    app     info:    [server-manager] Tranquility build is unchanged.
2023-12-04 14:13:16.856    app     info:    [server-manager] Ready to play!
2023-12-04 14:13:16.859    app     info:    [server-manager] Finished refresh cycle for Tranquility
2023-12-04 14:13:45.548    app     info:    [self-update] Checking for a launcher update...
2023-12-04 14:13:45.816    app     info:    [self-update] Currently running the latest launcher version. Scheduling update check in 5 minutes.
2023-12-04 14:18:16.860    app     info:    [server-manager] Starting refresh cycle for Tranquility
2023-12-04 14:18:17.008    app     info:    [server-manager] Previous Tranquility build: 2441868, current build: 2441868
2023-12-04 14:18:17.008    app     info:    [server-manager] Tranquility build is unchanged.
2023-12-04 14:18:17.012    app     info:    [server-manager] Ready to play!
2023-12-04 14:18:17.014    app     info:    [server-manager] Finished refresh cycle for Tranquility
2023-12-04 14:18:45.829    app     info:    [self-update] Checking for a launcher update...
2023-12-04 14:18:46.095    app     info:    [self-update] Currently running the latest launcher version. Scheduling update check in 5 minutes.
2023-12-04 14:23:17.021    app     info:    [server-manager] Starting refresh cycle for Tranquility
2023-12-04 14:23:17.237    app     info:    [server-manager] Previous Tranquility build: 2441868, current build: 2441868
2023-12-04 14:23:17.237    app     info:    [server-manager] Tranquility build is unchanged.
2023-12-04 14:23:17.241    app     info:    [server-manager] Ready to play!
2023-12-04 14:23:17.245    app     info:    [server-manager] Finished refresh cycle for Tranquility
2023-12-04 14:23:46.106    app     info:    [self-update] Checking for a launcher update...
2023-12-04 14:23:46.375    app     info:    [self-update] Currently running the latest launcher version. Scheduling update check in 5 minutes.
2023-12-04 14:28:17.251    app     info:    [server-manager] Starting refresh cycle for Tranquility
2023-12-04 14:28:17.368    app     info:    [server-manager] Previous Tranquility build: 2441868, current build: 2441868
2023-12-04 14:28:17.368    app     info:    [server-manager] Tranquility build is unchanged.
2023-12-04 14:28:17.372    app     info:    [server-manager] Ready to play!
2023-12-04 14:28:17.375    app     info:    [server-manager] Finished refresh cycle for Tranquility
2023-12-04 14:28:46.381    app     info:    [self-update] Checking for a launcher update...
2023-12-04 14:28:46.653    app     info:    [self-update] Currently running the latest launcher version. Scheduling update check in 5 minutes.
2023-12-04 14:33:17.387    app     info:    [server-manager] Starting refresh cycle for Tranquility
2023-12-04 14:33:17.526    app     info:    [server-manager] Previous Tranquility build: 2441868, current build: 2441868
2023-12-04 14:33:17.526    app     info:    [server-manager] Tranquility build is unchanged.
2023-12-04 14:33:17.530    app     info:    [server-manager] Ready to play!
2023-12-04 14:33:17.533    app     info:    [server-manager] Finished refresh cycle for Tranquility
2023-12-04 14:33:46.658    app     info:    [self-update] Checking for a launcher update...
2023-12-04 14:33:46.926    app     info:    [self-update] Currently running the latest launcher version. Scheduling update check in 5 minutes.
2023-12-04 14:38:17.543    app     info:    [server-manager] Starting refresh cycle for Tranquility
2023-12-04 14:38:17.675    app     info:    [server-manager] Previous Tranquility build: 2441868, current build: 2441868
2023-12-04 14:38:17.675    app     info:    [server-manager] Tranquility build is unchanged.
2023-12-04 14:38:17.679    app     info:    [server-manager] Ready to play!
2023-12-04 14:38:17.683    app     info:    [server-manager] Finished refresh cycle for Tranquility
2023-12-04 14:38:46.939    app     info:    [self-update] Checking for a launcher update...
2023-12-04 14:38:47.209    app     info:    [self-update] Currently running the latest launcher version. Scheduling update check in 5 minutes.
2023-12-04 14:43:17.698    app     info:    [server-manager] Starting refresh cycle for Tranquility
2023-12-04 14:43:17.817    app     info:    [server-manager] Previous Tranquility build: 2441868, current build: 2441868
2023-12-04 14:43:17.817    app     info:    [server-manager] Tranquility build is unchanged.
2023-12-04 14:43:17.821    app     info:    [server-manager] Ready to play!
2023-12-04 14:43:17.824    app     info:    [server-manager] Finished refresh cycle for Tranquility
2023-12-04 14:43:47.212    app     info:    [self-update] Checking for a launcher update...
2023-12-04 14:43:47.476    app     info:    [self-update] Currently running the latest launcher version. Scheduling update check in 5 minutes.
2023-12-04 14:48:17.833    app     info:    [server-manager] Starting refresh cycle for Tranquility
2023-12-04 14:48:17.972    app     info:    [server-manager] Previous Tranquility build: 2441868, current build: 2441868
2023-12-04 14:48:17.972    app     info:    [server-manager] Tranquility build is unchanged.
2023-12-04 14:48:17.977    app     info:    [server-manager] Ready to play!
2023-12-04 14:48:17.980    app     info:    [server-manager] Finished refresh cycle for Tranquility
2023-12-04 14:48:47.478    app     info:    [self-update] Checking for a launcher update...
2023-12-04 14:48:47.748    app     info:    [self-update] Currently running the latest launcher version. Scheduling update check in 5 minutes.
2023-12-04 14:53:17.984    app     info:    [server-manager] Starting refresh cycle for Tranquility
2023-12-04 14:53:18.158    app     info:    [server-manager] Previous Tranquility build: 2441868, current build: 2441868
2023-12-04 14:53:18.158    app     info:    [server-manager] Tranquility build is unchanged.
2023-12-04 14:53:18.161    app     info:    [server-manager] Ready to play!
2023-12-04 14:53:18.164    app     info:    [server-manager] Finished refresh cycle for Tranquility
2023-12-04 14:53:47.750    app     info:    [self-update] Checking for a launcher update...
2023-12-04 14:53:48.013    app     info:    [self-update] Currently running the latest launcher version. Scheduling update check in 5 minutes.
2023-12-04 14:58:18.179    app     info:    [server-manager] Starting refresh cycle for Tranquility
2023-12-04 14:58:18.340    app     info:    [server-manager] Previous Tranquility build: 2441868, current build: 2441868
2023-12-04 14:58:18.340    app     info:    [server-manager] Tranquility build is unchanged.
2023-12-04 14:58:18.343    app     info:    [server-manager] Ready to play!
2023-12-04 14:58:18.346    app     info:    [server-manager] Finished refresh cycle for Tranquility
2023-12-04 14:58:48.019    app     info:    [self-update] Checking for a launcher update...
2023-12-04 14:58:48.296    app     info:    [self-update] Currently running the latest launcher version. Scheduling update check in 5 minutes.
2023-12-04 15:03:18.356    app     info:    [server-manager] Starting refresh cycle for Tranquility
2023-12-04 15:03:18.494    app     info:    [server-manager] Previous Tranquility build: 2441868, current build: 2441868
2023-12-04 15:03:18.494    app     info:    [server-manager] Tranquility build is unchanged.
2023-12-04 15:03:18.498    app     info:    [server-manager] Ready to play!
2023-12-04 15:03:18.501    app     info:    [server-manager] Finished refresh cycle for Tranquility
2023-12-04 15:03:48.297    app     info:    [self-update] Checking for a launcher update...
2023-12-04 15:03:48.567    app     info:    [self-update] Currently running the latest launcher version. Scheduling update check in 5 minutes.
2023-12-04 15:08:18.505    app     info:    [server-manager] Starting refresh cycle for Tranquility
2023-12-04 15:08:18.646    app     info:    [server-manager] Previous Tranquility build: 2441868, current build: 2441868
2023-12-04 15:08:18.646    app     info:    [server-manager] Tranquility build is unchanged.
2023-12-04 15:08:18.650    app     info:    [server-manager] Ready to play!
2023-12-04 15:08:18.653    app     info:    [server-manager] Finished refresh cycle for Tranquility
2023-12-04 15:08:48.582    app     info:    [self-update] Checking for a launcher update...
2023-12-04 15:08:48.849    app     info:    [self-update] Currently running the latest launcher version. Scheduling update check in 5 minutes.
2023-12-04 15:13:18.669    app     info:    [server-manager] Starting refresh cycle for Tranquility
2023-12-04 15:13:18.834    app     info:    [server-manager] Previous Tranquility build: 2441868, current build: 2441868
2023-12-04 15:13:18.834    app     info:    [server-manager] Tranquility build is unchanged.
2023-12-04 15:13:18.838    app     info:    [server-manager] Ready to play!
2023-12-04 15:13:18.840    app     info:    [server-manager] Finished refresh cycle for Tranquility
2023-12-04 15:13:48.858    app     info:    [self-update] Checking for a launcher update...
2023-12-04 15:13:49.128    app     info:    [self-update] Currently running the latest launcher version. Scheduling update check in 5 minutes.
2023-12-04 15:18:18.856    app     info:    [server-manager] Starting refresh cycle for Tranquility
2023-12-04 15:18:19.005    app     info:    [server-manager] Previous Tranquility build: 2441868, current build: 2441868
2023-12-04 15:18:19.006    app     info:    [server-manager] Tranquility build is unchanged.
2023-12-04 15:18:19.010    app     info:    [server-manager] Ready to play!
2023-12-04 15:18:19.013    app     info:    [server-manager] Finished refresh cycle for Tranquility
2023-12-04 15:18:49.141    app     info:    [self-update] Checking for a launcher update...
2023-12-04 15:18:49.454    app     info:    [self-update] Currently running the latest launcher version. Scheduling update check in 5 minutes.
2023-12-04 15:23:19.028    app     info:    [server-manager] Starting refresh cycle for Tranquility
2023-12-04 15:23:19.396    app     info:    [server-manager] Previous Tranquility build: 2441868, current build: 2441868
2023-12-04 15:23:19.396    app     info:    [server-manager] Tranquility build is unchanged.
2023-12-04 15:23:19.400    app     info:    [server-manager] Ready to play!
2023-12-04 15:23:19.403    app     info:    [server-manager] Finished refresh cycle for Tranquility
2023-12-04 15:23:49.458    app     info:    [self-update] Checking for a launcher update...
2023-12-04 15:23:49.723    app     info:    [self-update] Currently running the latest launcher version. Scheduling update check in 5 minutes.
2023-12-04 15:24:52.284    app     info:    [client-manager] 'tranquility' for EVE game client for '29280260' exited with no errors.
2023-12-04 15:24:52.286    app     info:    [elg-events] Sending event    eve_launcher.electron.eve_client.GameClientExited
2023-12-04 15:24:52.294    app     info:    [server-manager] Starting refresh cycle for Tranquility
2023-12-04 15:24:52.655    app     info:    [server-manager] Previous Tranquility build: 2441868, current build: 2441868
2023-12-04 15:24:52.655    app     info:    [server-manager] Tranquility build is unchanged.
2023-12-04 15:24:52.660    app     info:    [server-manager] Ready to play!
2023-12-04 15:24:52.664    app     info:    [server-manager] Finished refresh cycle for Tranquility
2023-12-04 15:24:56.890    app     info:    [creatives] Requesting creatives
2023-12-04 15:24:57.016    app     info:    [creatives] Received 2 creatives
2023-12-04 15:24:59.211    app     info:    [main-window] Main window minimized to tray    { windowId: 2 }
2023-12-04 15:24:59.221    app     info:    [ipc-requests] Handling requests in the background
2023-12-04 15:25:00.234    app     info:    [ipc-requests] No longer handling requests in the background
