2023-12-22 15:53:16.705    app     info:    Startup arguments    []
2023-12-22 15:53:16.709    app     info:    [self-update] Starting automatic update checks
2023-12-22 15:53:16.709    app     info:    [self-update] Waiting for update feed before starting update checks
2023-12-22 15:53:16.711    app     info:    [preload] High DPI scaling enabled by settings
2023-12-22 15:53:16.793    app     info:    [i18next] Changed language    en
2023-12-22 15:53:16.832    app     info:    [authentication] Token for '16492377' on 'tranquility' is expired, refresh is required
2023-12-22 15:53:16.833    app     info:    [authentication] Refreshing token for '16492377' on 'tranquility'
2023-12-22 15:53:16.833    app     info:    [authentication] Token for '17525312' on 'tranquility' is expired, refresh is required
2023-12-22 15:53:16.833    app     info:    [authentication] Refreshing token for '17525312' on 'tranquility'
2023-12-22 15:53:16.834    app     info:    [authentication] Token for '25218835' on 'tranquility' is expired, refresh is required
2023-12-22 15:53:16.834    app     info:    [authentication] Refreshing token for '25218835' on 'tranquility'
2023-12-22 15:53:16.835    app     info:    [AuthenticationMiddleware] Character information for '29280260' on 'tranquility' was loaded recently, skipping refresh.
2023-12-22 15:53:16.835    app     info:    [AuthenticationMiddleware] Plex information for '29280260' on 'tranquility' was loaded recently, skipping refresh.
2023-12-22 15:53:16.837    app     info:    [AuthenticationMiddleware] Character information for '29285645' on 'tranquility' was loaded recently, skipping refresh.
2023-12-22 15:53:16.837    app     info:    [AuthenticationMiddleware] Plex information for '29285645' on 'tranquility' was loaded recently, skipping refresh.
2023-12-22 15:53:16.839    app     info:    [authentication] Token for '18034259' on 'tranquility' is expired, refresh is required
2023-12-22 15:53:16.839    app     info:    [authentication] Refreshing token for '18034259' on 'tranquility'
2023-12-22 15:53:16.839    app     info:    [authentication] Token for '28182799' on 'tranquility' is expired, refresh is required
2023-12-22 15:53:16.839    app     info:    [authentication] Refreshing token for '28182799' on 'tranquility'
2023-12-22 15:53:16.840    app     info:    [authentication] Token for '2110311' on 'tranquility' is expired, refresh is required
2023-12-22 15:53:16.840    app     info:    [authentication] Refreshing token for '2110311' on 'tranquility'
2023-12-22 15:53:16.840    app     info:    [authentication] Token for '23622903' on 'tranquility' is expired, refresh is required
2023-12-22 15:53:16.840    app     info:    [authentication] Refreshing token for '23622903' on 'tranquility'
2023-12-22 15:53:16.841    app     info:    [authentication] Token for '26239201' on 'tranquility' is expired, refresh is required
2023-12-22 15:53:16.841    app     info:    [authentication] Refreshing token for '26239201' on 'tranquility'
2023-12-22 15:53:16.841    app     info:    [authentication] Token for '18922386' on 'tranquility' is expired, refresh is required
2023-12-22 15:53:16.841    app     info:    [authentication] Refreshing token for '18922386' on 'tranquility'
2023-12-22 15:53:16.842    app     info:    [authentication] Token for '18000247' on 'tranquility' is expired, refresh is required
2023-12-22 15:53:16.842    app     info:    [authentication] Refreshing token for '18000247' on 'tranquility'
2023-12-22 15:53:16.842    app     info:    [device-id] Device id found in state
2023-12-22 15:53:16.849    app     info:    [analytics] Application name:    EVE Online
2023-12-22 15:53:16.849    app     info:    [analytics] Application version:    1.2.0
2023-12-22 15:53:16.849    app     info:    [analytics] Domain    undefined
2023-12-22 15:53:16.850    app     info:    [analytics] Working directory    C:\Users\REDACTED\AppData\Local\eve-online\app-1.2.0
2023-12-22 15:53:16.850    app     info:    [analytics] Username contains UTF8?    false
2023-12-22 15:53:17.694    app     info:    [elg-events] Sending event    eve_launcher.electron.application.PdmLoaded
2023-12-22 15:53:17.697    app     info:    [analytics] Operating system    {
  type: 'Windows',
  name: 'Windows 10 Education',
  version: '10.0 (19045)'
}
2023-12-22 15:53:17.697    app     info:    [analytics] Encryption available:    true
2023-12-22 15:53:17.698    app     info:    [analytics] Machine UUID    4E9F516C-5B97-47C6-8C67-E93D943CB7C8
2023-12-22 15:53:17.698    app     info:    [analytics] PDM Version    2.1.4
2023-12-22 15:53:17.698    app     info:    [analytics] Release channel    release
2023-12-22 15:53:17.700    app     info:    [initializers] Shared cache directory set to    C:\CCP\EVE Online
2023-12-22 15:53:17.710    app     info:    [initializers] Shared cache drive free space: 115,11 GiB / 465,75 GiB
2023-12-22 15:53:17.719    app     info:    [elg-events] Sending event    eve_launcher.electron.application.LauncherStarted
2023-12-22 15:53:17.722    app     info:    [elg-events] Sending event    eve_launcher.electron.application.CoreDataLoaded
2023-12-22 15:53:17.723    app     info:    [cdn-trace] Fetching CDN trace data from https://binaries.eveonline.com/cdn-cgi/trace
2023-12-22 15:53:17.738    app     info:    [feature-flags] Initializing feature flag client
2023-12-22 15:53:17.823    app     info:    [first-run] First application run was at 2023-11-27T10:29:20.506Z
2023-12-22 15:53:17.862    app     info:    [cache-protocol] Found 0 entries to remove
2023-12-22 15:53:17.863    app     info:    [cache-protocol] Nothing to clean up.
2023-12-22 15:53:17.913    app     info:    [server-manager] Starting refresh cycle for eve-online / Tranquility
2023-12-22 15:53:17.930    app     info:    [customer-information] Agreements have been updated
2023-12-22 15:53:17.947    app     info:    info: [LaunchDarkly] LaunchDarkly client initialized    []
2023-12-22 15:53:17.947    app     info:    info: [LaunchDarkly] Opening stream connection to https://clientstream.launchdarkly.com/eval/64c3d12e27a4b11365012d39/eyJrZXkiOiI0YTQzNmFkYi00Yjk5LTQwYTctODViMC00MmUyMDZmNDEyODYiLCJraW5kIjoidXNlciIsImN1c3RvbSI6eyJpc0ZpcnN0UnVuIjpmYWxzZSwiZGF5c1NpbmNlRmlyc3RSdW4iOjI1LCJsYW5ndWFnZSI6ImVuIiwiYXBwbGljYXRpb24iOiJldmUtb25saW5lIiwidmVyc2lvbiI6IjEuMi4wIiwicGxhdGZvcm0iOiJ3aW5kb3dzIiwib3NWZXJzaW9uRGVwcmVjYXRlZCI6ZmFsc2UsInVzZXJJZHMiOlsxNjQ5MjM3NywyNTIxODgzNSwyMTEwMzExLDI5Mjg1NjQ1XSwib21lZ2FDb3VudCI6MCwiYWxwaGFDb3VudCI6MTIsImFjY291bnRDb3VudCI6MTIsIm9sZGVzdEFjY291bnRBZ2UiOjYwMDgsInlvdW5nZXN0QWNjb3VudEFnZSI6MjF9fQ?withReasons=true    []
2023-12-22 15:53:17.949    app     info:    [feature-flags] Client 4a436adb... ready, fetching flags
2023-12-22 15:53:17.954    app     info:    [feature-flags] Received 18 flags for client 4a436adb...
2023-12-22 15:53:17.954    app     info:    [feature-flags] Client initialized with key 4a436adb...
2023-12-22 15:53:17.956    app     info:    [self-update] Update feed set, starting update checks
2023-12-22 15:53:17.956    app     info:    [self-update] Starting automatic update checks
2023-12-22 15:53:17.957    app     info:    [self-update] Checking for a launcher update...
2023-12-22 15:53:18.048    app     info:    [authentication] Token for '26239201' on 'tranquility' has been successfully refreshed
2023-12-22 15:53:18.050    app     info:    [elg-events] Sending event    eve_launcher.electron.authentication.UserTokensRefreshed
2023-12-22 15:53:18.051    app     info:    [AuthenticationMiddleware] Character information for '26239201' on 'tranquility' was loaded recently, skipping refresh.
2023-12-22 15:53:18.052    app     info:    [AuthenticationMiddleware] Plex information for '26239201' on 'tranquility' was loaded recently, skipping refresh.
2023-12-22 15:53:18.061    app     info:    [AuthenticationMiddleware] User information updated
2023-12-22 15:53:18.061    app     info:    [authentication] Token for '23622903' on 'tranquility' has been successfully refreshed
2023-12-22 15:53:18.063    app     info:    [elg-events] Sending event    eve_launcher.electron.authentication.UserTokensRefreshed
2023-12-22 15:53:18.064    app     info:    [AuthenticationMiddleware] Character information for '23622903' on 'tranquility' was loaded recently, skipping refresh.
2023-12-22 15:53:18.064    app     info:    [AuthenticationMiddleware] Plex information for '23622903' on 'tranquility' was loaded recently, skipping refresh.
2023-12-22 15:53:18.073    app     info:    [AuthenticationMiddleware] User information updated
2023-12-22 15:53:18.074    app     info:    [authentication] Token for '25218835' on 'tranquility' has been successfully refreshed
2023-12-22 15:53:18.075    app     info:    [elg-events] Sending event    eve_launcher.electron.authentication.UserTokensRefreshed
2023-12-22 15:53:18.076    app     info:    [AuthenticationMiddleware] Character information for '25218835' on 'tranquility' was loaded recently, skipping refresh.
2023-12-22 15:53:18.076    app     info:    [AuthenticationMiddleware] Plex information for '25218835' on 'tranquility' was loaded recently, skipping refresh.
2023-12-22 15:53:18.084    app     info:    [AuthenticationMiddleware] User information updated
2023-12-22 15:53:18.085    app     info:    [authentication] Token for '18034259' on 'tranquility' has been successfully refreshed
2023-12-22 15:53:18.086    app     info:    [elg-events] Sending event    eve_launcher.electron.authentication.UserTokensRefreshed
2023-12-22 15:53:18.087    app     info:    [AuthenticationMiddleware] Character information for '18034259' on 'tranquility' was loaded recently, skipping refresh.
2023-12-22 15:53:18.087    app     info:    [AuthenticationMiddleware] Plex information for '18034259' on 'tranquility' was loaded recently, skipping refresh.
2023-12-22 15:53:18.096    app     info:    [AuthenticationMiddleware] User information updated
2023-12-22 15:53:18.096    app     info:    [authentication] Token for '2110311' on 'tranquility' has been successfully refreshed
2023-12-22 15:53:18.098    app     info:    [elg-events] Sending event    eve_launcher.electron.authentication.UserTokensRefreshed
2023-12-22 15:53:18.099    app     info:    [AuthenticationMiddleware] Character information for '2110311' on 'tranquility' was loaded recently, skipping refresh.
2023-12-22 15:53:18.099    app     info:    [AuthenticationMiddleware] Plex information for '2110311' on 'tranquility' was loaded recently, skipping refresh.
2023-12-22 15:53:18.107    app     info:    [AuthenticationMiddleware] User information updated
2023-12-22 15:53:18.107    app     info:    [authentication] Token for '17525312' on 'tranquility' has been successfully refreshed
2023-12-22 15:53:18.109    app     info:    [elg-events] Sending event    eve_launcher.electron.authentication.UserTokensRefreshed
2023-12-22 15:53:18.110    app     info:    [AuthenticationMiddleware] Character information for '17525312' on 'tranquility' was loaded recently, skipping refresh.
2023-12-22 15:53:18.110    app     info:    [AuthenticationMiddleware] Plex information for '17525312' on 'tranquility' was loaded recently, skipping refresh.
2023-12-22 15:53:18.118    app     info:    [AuthenticationMiddleware] User information updated
2023-12-22 15:53:18.119    app     info:    [authentication] Token for '16492377' on 'tranquility' has been successfully refreshed
2023-12-22 15:53:18.120    app     info:    [elg-events] Sending event    eve_launcher.electron.authentication.UserTokensRefreshed
2023-12-22 15:53:18.121    app     info:    [AuthenticationMiddleware] Character information for '16492377' on 'tranquility' was loaded recently, skipping refresh.
2023-12-22 15:53:18.122    app     info:    [AuthenticationMiddleware] Plex information for '16492377' on 'tranquility' was loaded recently, skipping refresh.
2023-12-22 15:53:18.130    app     info:    [AuthenticationMiddleware] User information updated
2023-12-22 15:53:18.130    app     info:    [authentication] Token for '28182799' on 'tranquility' has been successfully refreshed
2023-12-22 15:53:18.132    app     info:    [elg-events] Sending event    eve_launcher.electron.authentication.UserTokensRefreshed
2023-12-22 15:53:18.133    app     info:    [AuthenticationMiddleware] Character information for '28182799' on 'tranquility' was loaded recently, skipping refresh.
2023-12-22 15:53:18.133    app     info:    [AuthenticationMiddleware] Plex information for '28182799' on 'tranquility' was loaded recently, skipping refresh.
2023-12-22 15:53:18.142    app     info:    [AuthenticationMiddleware] User information updated
2023-12-22 15:53:18.142    app     info:    [authentication] Token for '18000247' on 'tranquility' has been successfully refreshed
2023-12-22 15:53:18.144    app     info:    [elg-events] Sending event    eve_launcher.electron.authentication.UserTokensRefreshed
2023-12-22 15:53:18.145    app     info:    [AuthenticationMiddleware] Character information for '18000247' on 'tranquility' was loaded recently, skipping refresh.
2023-12-22 15:53:18.145    app     info:    [AuthenticationMiddleware] Plex information for '18000247' on 'tranquility' was loaded recently, skipping refresh.
2023-12-22 15:53:18.153    app     info:    [AuthenticationMiddleware] User information updated
2023-12-22 15:53:18.154    app     info:    [authentication] Token for '18922386' on 'tranquility' has been successfully refreshed
2023-12-22 15:53:18.155    app     info:    [elg-events] Sending event    eve_launcher.electron.authentication.UserTokensRefreshed
2023-12-22 15:53:18.157    app     info:    [AuthenticationMiddleware] Character information for '18922386' on 'tranquility' was loaded recently, skipping refresh.
2023-12-22 15:53:18.157    app     info:    [AuthenticationMiddleware] Plex information for '18922386' on 'tranquility' was loaded recently, skipping refresh.
2023-12-22 15:53:18.168    app     info:    [AuthenticationMiddleware] Successfully restored 14 / 14 users
2023-12-22 15:53:18.168    app     info:    [AuthenticationMiddleware] User information updated
2023-12-22 15:53:18.171    app     info:    [server-manager] Previous Tranquility build: 2454674, current build: 2454674
2023-12-22 15:53:18.171    app     info:    [server-manager] Tranquility build is unchanged.
2023-12-22 15:53:18.176    app     info:    [server-manager] Ready to play!
2023-12-22 15:53:18.179    app     info:    [server-manager] Finished refresh cycle for Tranquility
2023-12-22 15:53:18.234    app     info:    [self-update] Currently running the latest launcher version. Scheduling update check in 5 minutes.
2023-12-22 15:53:18.522    app     warn:    [steam-auth] Failed to initialize Steamworks client
2023-12-22 15:53:18.529    app     info:    [main-window] Registering main window    { windowId: 2 }
2023-12-22 15:53:18.541    app     info:    [cdn-trace] Fetching CDN trace data from https://binaries.eveonline.com/cdn-cgi/trace
2023-12-22 15:53:18.542    app     info:    [creatives] Requesting creatives
2023-12-22 15:53:18.549    app     info:    [elg-events] Sending event    eve_launcher.electron.application.RendererLoaded
2023-12-22 15:53:18.686    app     info:    [creatives] Received 3 creatives
2023-12-22 15:53:19.479     ui     info:    Initializing captcha    ccp://launcher/renderer/main_window/index.js    2
2023-12-22 15:53:22.205    app     info:    [AuthenticationMiddleware] Character information for '18034259' on 'tranquility' was loaded recently, skipping refresh.
2023-12-22 15:53:22.206    app     info:    [AuthenticationMiddleware] Plex information for '18034259' on 'tranquility' was loaded recently, skipping refresh.
2023-12-22 15:53:23.846    app     info:    [AuthenticationMiddleware] Character information for '18034259' on 'tranquility' was loaded recently, skipping refresh.
2023-12-22 15:53:23.846    app     info:    [AuthenticationMiddleware] Plex information for '18034259' on 'tranquility' was loaded recently, skipping refresh.
2023-12-22 15:53:24.342    app     info:    [client-queue] Queued client startup    {
  product: 'eve-online',
  tenant: 'tranquility',
  userId: 18034259,
  characterId: 2121177973,
  profile: ''
}
2023-12-22 15:53:24.345    app     info:    [elg-events] Sending event    eve_launcher.electron.eve_client.ClientQueued
2023-12-22 15:53:24.345    app     info:    [client-queue] No clients running for tranquility, copying files before starting a client
2023-12-22 15:53:24.350    app     info:    [elg-events] Sending event    eve_launcher.electron.eve_client.CopyingFilesStarted
2023-12-22 15:53:24.350    app     info:    [binary-copier] Copying 194 files (216 MB) to 'C:\CCP\EVE Online\tq'
2023-12-22 15:53:24.365    app     info:    [binary-copier] Removing old binaries
2023-12-22 15:53:24.395    app     info:    [binary-copier] Copying binaries from ResFiles
2023-12-22 15:53:24.730    app     info:    [binary-copier] Finished copying 194 files to 'C:\CCP\EVE Online\tq' in 0.382 seconds
2023-12-22 15:53:24.732    app     info:    [elg-events] Sending event    eve_launcher.electron.eve_client.CopyingFilesFinished
2023-12-22 15:53:24.737    app     info:    [client-manager] Starting EVE Online game client.    C:\CCP\EVE Online\tq\bin64\exefile.exe    Map(11) {
  'noconsole' => '/noconsole',
  'server' => '/server:tranquility.servers.eveonline.com',
  'triplatform' => '/triplatform=dx12',
  'ssotoken' => '/ssoToken=***',
  'refreshtoken' => '/refreshToken=***',
  'settingsprofile' => '/settingsprofile=Default',
  'deviceid' => '/deviceID=4a436adb-4b99-40a7-85b0-42e206f41286',
  'autoselectcharacter' => '/autoSelectCharacter:2121177973',
  'language' => '/language=en',
  'exp' => '1703260997',
  'tokenExpires' => '2023-12-22 18:03:17.000'
}    18034259
2023-12-22 15:53:24.769    app     info:    [client-queue] Started client from group startup    {
  product: 'eve-online',
  tenant: 'tranquility',
  characterId: 2121177973,
  profile: '',
  userId: 18034259
}
2023-12-22 15:53:24.852    app     info:    [quasar-events] Sent 'eve_launcher.electron.eve_client.GameClientStartRequested'
2023-12-22 15:53:24.852    app     info:    [quasar-events] Sent 'eve_launcher.electron.eve_client.TemporaryClientProcessAdded'
2023-12-22 15:53:25.280    app     info:    [client-manager] Found 'tranquility' client for '18034259' running:     {
  processId: 9400,
  createdDate: 1703260404772,
  userId: 18034259,
  characterId: 2121177973,
  profile: 'Default',
  dxVersion: 'dx12'
}
2023-12-22 15:53:25.379    app     info:    [quasar-events] Sent 'eve_launcher.electron.eve_client.TemporaryClientProcessMonitoringRetried'
2023-12-22 15:53:25.380    app     info:    [quasar-events] Sent 'eve_launcher.electron.eve_client.GameClientStarted'
2023-12-22 15:53:25.380    app     info:    [quasar-events] Sent 'eve_launcher.electron.eve_client.TemporaryClientProcessRemoved'
2023-12-22 15:53:25.612    app     info:    [analytics] Hardware rendering enabled:    true    { disabledViaCommandline: false, disabledViaSettings: false }
2023-12-22 15:53:25.789    app     info:    [client-queue] Queue has stopped running, no more clients pending startup.
2023-12-22 15:53:48.022    app     warn:    Could not connect to LogLite    [
  Error: connect ECONNREFUSED 127.0.0.1:3273
      at TCPConnectWrap.afterConnect [as oncomplete] (node:net:1247:16) {
    errno: -4078,
    code: 'ECONNREFUSED',
    syscall: 'connect',
    address: '127.0.0.1',
    port: 3273
  }
]
2023-12-22 15:58:18.186    app     info:    [server-manager] Starting refresh cycle for eve-online / Tranquility
2023-12-22 15:58:18.247    app     info:    [self-update] Checking for a launcher update...
2023-12-22 15:58:18.543    app     info:    [self-update] Currently running the latest launcher version. Scheduling update check in 5 minutes.
2023-12-22 15:58:18.584    app     info:    [server-manager] Previous Tranquility build: 2454674, current build: 2454674
2023-12-22 15:58:18.584    app     info:    [server-manager] Tranquility build is unchanged.
2023-12-22 15:58:18.590    app     info:    [server-manager] Ready to play!
2023-12-22 15:58:18.593    app     info:    [server-manager] Finished refresh cycle for Tranquility
2023-12-22 16:03:18.543    app     info:    [self-update] Checking for a launcher update...
2023-12-22 16:03:18.607    app     info:    [server-manager] Starting refresh cycle for eve-online / Tranquility
2023-12-22 16:03:18.739    app     info:    [server-manager] Previous Tranquility build: 2454674, current build: 2454674
2023-12-22 16:03:18.740    app     info:    [server-manager] Tranquility build is unchanged.
2023-12-22 16:03:18.744    app     info:    [server-manager] Ready to play!
2023-12-22 16:03:18.747    app     info:    [server-manager] Finished refresh cycle for Tranquility
2023-12-22 16:03:18.835    app     info:    [self-update] Currently running the latest launcher version. Scheduling update check in 5 minutes.
2023-12-22 16:06:52.659    app     info:    [client-manager] 'tranquility' for EVE game client for '18034259' exited with no errors.
2023-12-22 16:06:52.669    app     info:    [server-manager] Starting refresh cycle for eve-online / Tranquility
2023-12-22 16:06:52.763    app     info:    [quasar-events] Sent 'eve_launcher.electron.eve_client.GameClientExited'
2023-12-22 16:06:52.845    app     info:    [server-manager] Previous Tranquility build: 2454674, current build: 2454674
2023-12-22 16:06:52.846    app     info:    [server-manager] Tranquility build is unchanged.
2023-12-22 16:06:52.850    app     info:    [server-manager] Ready to play!
2023-12-22 16:06:52.853    app     info:    [server-manager] Finished refresh cycle for Tranquility
2023-12-22 16:07:48.773    app     info:    [AuthenticationMiddleware] Character information for '18922386' on 'tranquility' was loaded recently, skipping refresh.
2023-12-22 16:07:48.773    app     info:    [AuthenticationMiddleware] Plex information for '18922386' on 'tranquility' was loaded recently, skipping refresh.
2023-12-22 16:08:18.843    app     info:    [self-update] Checking for a launcher update...
2023-12-22 16:08:19.167    app     info:    [self-update] Currently running the latest launcher version. Scheduling update check in 5 minutes.
2023-12-22 16:08:36.957    app     info:    [client-queue] Queued client startup    {
  product: 'eve-online',
  tenant: 'tranquility',
  userId: 18922386,
  characterId: 2115479508,
  profile: ''
}
2023-12-22 16:08:36.959    app     info:    [elg-events] Sending event    eve_launcher.electron.eve_client.ClientQueued
2023-12-22 16:08:36.959    app     info:    [client-queue] No clients running for tranquility, copying files before starting a client
2023-12-22 16:08:36.963    app     info:    [elg-events] Sending event    eve_launcher.electron.eve_client.CopyingFilesStarted
2023-12-22 16:08:36.963    app     info:    [binary-copier] Copying 194 files (216 MB) to 'C:\CCP\EVE Online\tq'
2023-12-22 16:08:36.978    app     info:    [binary-copier] Removing old binaries
2023-12-22 16:08:37.007    app     info:    [binary-copier] Copying binaries from ResFiles
2023-12-22 16:08:37.343    app     info:    [binary-copier] Finished copying 194 files to 'C:\CCP\EVE Online\tq' in 0.382 seconds
2023-12-22 16:08:37.345    app     info:    [elg-events] Sending event    eve_launcher.electron.eve_client.CopyingFilesFinished
2023-12-22 16:08:37.349    app     info:    [authentication] Token for '18922386' on 'tranquility' is expired, refresh is required
2023-12-22 16:08:37.349    app     info:    [authentication] Refreshing token for '18922386' on 'tranquility'
2023-12-22 16:08:37.480    app     info:    [authentication] Token for '18922386' on 'tranquility' has been successfully refreshed
2023-12-22 16:08:37.484    app     info:    [elg-events] Sending event    eve_launcher.electron.authentication.UserTokensRefreshed
2023-12-22 16:08:37.485    app     info:    [AuthenticationMiddleware] Character information for '18922386' on 'tranquility' was loaded recently, skipping refresh.
2023-12-22 16:08:37.485    app     info:    [AuthenticationMiddleware] Plex information for '18922386' on 'tranquility' was loaded recently, skipping refresh.
2023-12-22 16:08:37.497    app     info:    [client-manager] Starting EVE Online game client.    C:\CCP\EVE Online\tq\bin64\exefile.exe    Map(11) {
  'noconsole' => '/noconsole',
  'server' => '/server:tranquility.servers.eveonline.com',
  'triplatform' => '/triplatform=dx12',
  'ssotoken' => '/ssoToken=***',
  'refreshtoken' => '/refreshToken=***',
  'settingsprofile' => '/settingsprofile=Default',
  'deviceid' => '/deviceID=4a436adb-4b99-40a7-85b0-42e206f41286',
  'autoselectcharacter' => '/autoSelectCharacter:2115479508',
  'language' => '/language=en',
  'exp' => '1703261916',
  'tokenExpires' => '2023-12-22 18:18:36.000'
}    18922386
2023-12-22 16:08:37.529    app     info:    [AuthenticationMiddleware] User information updated
2023-12-22 16:08:37.529    app     info:    [client-queue] Started client from group startup    {
  product: 'eve-online',
  tenant: 'tranquility',
  characterId: 2115479508,
  profile: '',
  userId: 18922386
}
2023-12-22 16:08:37.612    app     info:    [quasar-events] Sent 'eve_launcher.electron.eve_client.GameClientStartRequested'
2023-12-22 16:08:37.612    app     info:    [quasar-events] Sent 'eve_launcher.electron.eve_client.TemporaryClientProcessAdded'
2023-12-22 16:08:38.037    app     info:    [client-manager] Found 'tranquility' client for '18922386' running:     {
  processId: 12300,
  createdDate: 1703261317531,
  userId: 18922386,
  characterId: 2115479508,
  profile: 'Default',
  dxVersion: 'dx12'
}
2023-12-22 16:08:38.140    app     info:    [quasar-events] Sent 'eve_launcher.electron.eve_client.TemporaryClientProcessMonitoringRetried'
2023-12-22 16:08:38.140    app     info:    [quasar-events] Sent 'eve_launcher.electron.eve_client.GameClientStarted'
2023-12-22 16:08:38.141    app     info:    [quasar-events] Sent 'eve_launcher.electron.eve_client.TemporaryClientProcessRemoved'
2023-12-22 16:08:38.550    app     info:    [client-queue] Queue has stopped running, no more clients pending startup.
2023-12-22 16:09:13.024    app     info:    [client-manager] 'tranquility' for EVE game client for '18922386' exited with no errors.
2023-12-22 16:09:13.035    app     info:    [server-manager] Starting refresh cycle for eve-online / Tranquility
2023-12-22 16:09:13.137    app     info:    [quasar-events] Sent 'eve_launcher.electron.eve_client.GameClientExited'
2023-12-22 16:09:13.153    app     info:    [server-manager] Previous Tranquility build: 2454674, current build: 2454674
2023-12-22 16:09:13.154    app     info:    [server-manager] Tranquility build is unchanged.
2023-12-22 16:09:13.162    app     info:    [server-manager] Ready to play!
2023-12-22 16:09:13.165    app     info:    [server-manager] Finished refresh cycle for Tranquility
2023-12-22 16:09:29.098    app     info:    [tray] Quitting application from tray
2023-12-22 16:09:29.099    app     info:    Application quitting. Cleanup needed: true
2023-12-22 16:09:29.101    app     info:    [elg-events] Sending event    eve_launcher.electron.application.LauncherShutdown
2023-12-22 16:09:29.103    app     info:    app.quit called, but we are still sending ELG events.
2023-12-22 16:09:29.715    app     info:    ELG stream closed, quitting.
2023-12-22 16:09:29.718    app     info:    [main-window] Main window closing    { windowId: 2 }
2023-12-22 16:09:29.730    app     info:    [ipc-requests] Handling requests in the background
2023-12-22 16:09:29.745    app     info:    Application closed    0
