2023-11-29 03:27:31.426    app     info:    Startup arguments    []
2023-11-29 03:27:31.431    app     info:    [self-update] Checking for a launcher update...
2023-11-29 03:27:31.572    app     info:    [i18next] Changed language    en
2023-11-29 03:27:31.676    app     info:    [authentication] Token for '16492377' on 'tranquility' is expired, refresh is required
2023-11-29 03:27:31.677    app     info:    [authentication] Refreshing token for '16492377' on 'tranquility'
2023-11-29 03:27:31.677    app     info:    [authentication] Token for '17525312' on 'tranquility' is expired, refresh is required
2023-11-29 03:27:31.678    app     info:    [authentication] Refreshing token for '17525312' on 'tranquility'
2023-11-29 03:27:31.678    app     info:    [authentication] Token for '25218835' on 'tranquility' is expired, refresh is required
2023-11-29 03:27:31.678    app     info:    [authentication] Refreshing token for '25218835' on 'tranquility'
2023-11-29 03:27:31.678    app     info:    [device-id] Device id found in state
2023-11-29 03:27:31.684    app     info:    [analytics] Application name:    EVE Online
2023-11-29 03:27:31.685    app     info:    [analytics] Application version:    0.4.9
2023-11-29 03:27:31.685    app     info:    [analytics] Domain    undefined
2023-11-29 03:27:31.686    app     info:    [analytics] Working directory    C:\Users\REDACTED\AppData\Local\eve-online\app-0.4.9
2023-11-29 03:27:31.686    app     info:    [analytics] Username contains UTF8?    false
2023-11-29 03:27:31.967    app     info:    [elg-events] Sending event    eve_launcher.electron.application.PdmLoaded
2023-11-29 03:27:31.969    app     info:    [analytics] Operating system    {
  type: 'Windows',
  name: 'Windows 10 Education',
  version: '10.0 (19045)'
}
2023-11-29 03:27:31.970    app     info:    [analytics] Encryption available:    true
2023-11-29 03:27:31.970    app     info:    [analytics] Machine UUID    4E9F516C-5B97-47C6-8C67-E93D943CB7C8
2023-11-29 03:27:31.970    app     info:    [analytics] PDM Version    2.1.4
2023-11-29 03:27:31.970    app     info:    [analytics] Release channel    release
2023-11-29 03:27:31.975    app     info:    [initializers] Shared cache directory set to    C:\CCP\EVE Online
2023-11-29 03:27:32.000    app     info:    [initializers] Shared cache drive free space: 116,95 GiB / 465,75 GiB
2023-11-29 03:27:32.008    app     info:    [elg-events] Sending event    eve_launcher.electron.application.LauncherStarted
2023-11-29 03:27:32.011    app     info:    [elg-events] Sending event    eve_launcher.electron.application.CoreDataLoaded
2023-11-29 03:27:32.012    app     info:    [cdn-trace] Fetching CDN trace data from https://binaries.eveonline.com/cdn-cgi/trace
2023-11-29 03:27:32.091    app     info:    [self-update] Currently running the latest launcher version. Scheduling update check in 5 minutes.
2023-11-29 03:27:32.117    app     info:    [first-run] First application run was at 2023-11-27T10:29:20.506Z
2023-11-29 03:27:32.120    app     info:    [feature-flags] Initializing client: 4a436adb...
2023-11-29 03:27:32.151    app     info:    [cache-protocol] Found 0 entries to remove
2023-11-29 03:27:32.151    app     info:    [cache-protocol] Nothing to clean up.
2023-11-29 03:27:32.201    app     info:    [server-manager] Starting refresh cycle for Tranquility
2023-11-29 03:27:32.265    app     info:    [customer-information] Agreements have been updated
2023-11-29 03:27:32.278    app     info:    info: [LaunchDarkly] LaunchDarkly client initialized    []
2023-11-29 03:27:32.279    app     info:    info: [LaunchDarkly] Opening stream connection to https://clientstream.launchdarkly.com/eval/64c3d12e27a4b11365012d39/eyJrZXkiOiI0YTQzNmFkYi00Yjk5LTQwYTctODViMC00MmUyMDZmNDEyODYiLCJraW5kIjoidXNlciIsImN1c3RvbSI6eyJpc0ZpcnN0UnVuIjpmYWxzZSwiZGF5c1NpbmNlRmlyc3RSdW4iOjEsImxhbmd1YWdlIjoiZW4iLCJhcHBsaWNhdGlvbiI6ImV2ZS1vbmxpbmUiLCJ2ZXJzaW9uIjoiMC40LjkiLCJwbGF0Zm9ybSI6IndpbmRvd3MiLCJ1c2VySWRzIjpbMTY0OTIzNzcsMTc1MjUzMTIsMjUyMTg4MzVdLCJjaGFyYWN0ZXJJZHMiOlsyMTEzODc1MTM5LDIxMTQ2NTYxMjcsMjExOTM2MTg5MSwyMTIwMzQ3NjM1LDIxMjExNzQ4NzEsMjEyMTE3ODM5Nl0sIm9tZWdhQ291bnQiOjAsImFscGhhQ291bnQiOjMsImFjY291bnRDb3VudCI6Mywib2xkZXN0QWNjb3VudEFnZSI6MjA5NCwieW91bmdlc3RBY2NvdW50QWdlIjo3NDN9fQ?withReasons=true    []
2023-11-29 03:27:32.281    app     info:    [feature-flags] Received 13 flags for client 4a436adb...
2023-11-29 03:27:32.282    app     info:    [feature-flags] Client initialized with key 4a436adb...
2023-11-29 03:27:32.283    app     info:    [feature-flags] Client 4a436adb has 0 flags running...
2023-11-29 03:27:32.286    app     info:    [authentication] Token for '17525312' on 'tranquility' has been successfully refreshed
2023-11-29 03:27:32.287    app     info:    [elg-events] Sending event    eve_launcher.electron.authentication.UserTokensRefreshed
2023-11-29 03:27:32.289    app     info:    [customer-information] Getting character information for '17525312' on 'tranquility'
2023-11-29 03:27:32.289    app     info:    [customer-information] Getting Omega status for '17525312' on 'tranquility'
2023-11-29 03:27:32.289    app     info:    [virtual-goods] Getting Plex status for '17525312' on 'tranquility'
2023-11-29 03:27:32.302    app     info:    [authentication] Token for '25218835' on 'tranquility' has been successfully refreshed
2023-11-29 03:27:32.303    app     info:    [elg-events] Sending event    eve_launcher.electron.authentication.UserTokensRefreshed
2023-11-29 03:27:32.304    app     info:    [customer-information] Getting character information for '25218835' on 'tranquility'
2023-11-29 03:27:32.304    app     info:    [customer-information] Getting Omega status for '25218835' on 'tranquility'
2023-11-29 03:27:32.304    app     info:    [virtual-goods] Getting Plex status for '25218835' on 'tranquility'
2023-11-29 03:27:32.313    app     info:    [authentication] Token for '16492377' on 'tranquility' has been successfully refreshed
2023-11-29 03:27:32.314    app     info:    [elg-events] Sending event    eve_launcher.electron.authentication.UserTokensRefreshed
2023-11-29 03:27:32.315    app     info:    [customer-information] Getting character information for '16492377' on 'tranquility'
2023-11-29 03:27:32.315    app     info:    [customer-information] Getting Omega status for '16492377' on 'tranquility'
2023-11-29 03:27:32.315    app     info:    [virtual-goods] Getting Plex status for '16492377' on 'tranquility'
2023-11-29 03:27:32.323    app     info:    [AuthenticationMiddleware] Successfully restored 3 / 3 users
2023-11-29 03:27:32.325    app     info:    [server-manager] Previous Tranquility build: 2435360, current build: 2435360
2023-11-29 03:27:32.325    app     info:    [server-manager] Tranquility build is unchanged.
2023-11-29 03:27:32.328    app     info:    [server-manager] Ready to play!
2023-11-29 03:27:32.330    app     info:    [server-manager] Finished refresh cycle for Tranquility
2023-11-29 03:27:32.416    app     info:    [esi] Fetching character details for 2119361891, 2120347635
2023-11-29 03:27:32.429    app     info:    [esi] Fetching character details for 2113875139, 2121174871
2023-11-29 03:27:32.448    app     info:    [esi] Fetching character details for 2114656127, 2121178396
2023-11-29 03:27:32.604    app     info:    [virtual-goods] Fetched Plex status for '25218835' on 'tranquility'
2023-11-29 03:27:32.608    app     info:    [AuthenticationMiddleware] User information updated
2023-11-29 03:27:32.611    app     info:    [virtual-goods] Fetched Plex status for '17525312' on 'tranquility'
2023-11-29 03:27:32.615    app     info:    [AuthenticationMiddleware] User information updated
2023-11-29 03:27:32.850    app     info:    [esi] Fetched 2 character details for 16492377
2023-11-29 03:27:32.852    app     info:    [esi] Fetched 2 character details for 17525312
2023-11-29 03:27:32.875    app     info:    [esi] Fetched 2 character details for 25218835
2023-11-29 03:27:32.992    app     warn:    [steam-auth] Failed to initialize Steamworks client
2023-11-29 03:27:32.996    app     info:    [main-window] Registering main window    { windowId: 2 }
2023-11-29 03:27:33.004    app     info:    [cdn-trace] Fetching CDN trace data from https://binaries.eveonline.com/cdn-cgi/trace
2023-11-29 03:27:33.004    app     info:    [creatives] Requesting creatives
2023-11-29 03:27:33.008    app     info:    [elg-events] Sending event    eve_launcher.electron.application.RendererLoaded
2023-11-29 03:27:33.018    app     info:    [virtual-goods] Fetched Plex status for '16492377' on 'tranquility'
2023-11-29 03:27:33.023    app     info:    [AuthenticationMiddleware] User information updated
2023-11-29 03:27:33.136    app     info:    [creatives] Received 3 creatives
2023-11-29 03:27:33.469     ui     info:    Initializing captcha    ccp://launcher/renderer/main_window/index.js    2
2023-11-29 03:27:39.906    app     info:    [analytics] Hardware rendering enabled:    true    { disabledViaCommandline: false, disabledViaSettings: false }
2023-11-29 03:27:41.242    app     info:    [client-queue] Queued client startup    {
  tenant: 'tranquility',
  userId: 17525312,
  characterId: 2121178396,
  profile: ''
}
2023-11-29 03:27:41.243    app     info:    [elg-events] Sending event    eve_launcher.electron.eve_client.ClientQueued
2023-11-29 03:27:41.244    app     info:    [client-queue] No clients running for tranquility, copying files before starting a client
2023-11-29 03:27:41.248    app     info:    [elg-events] Sending event    eve_launcher.electron.eve_client.CopyingFilesStarted
2023-11-29 03:27:41.249    app     info:    [binary-copier] Copying 198 files (213 MB) to 'C:\CCP\EVE Online\tq'
2023-11-29 03:27:41.282    app     info:    [binary-copier] Removing old binaries
2023-11-29 03:27:41.296    app     info:    [binary-copier] Copying binaries from ResFiles
2023-11-29 03:27:41.778    app     info:    [binary-copier] Finished copying 198 files to 'C:\CCP\EVE Online\tq' in 0.531 seconds
2023-11-29 03:27:41.780    app     info:    [elg-events] Sending event    eve_launcher.electron.eve_client.CopyingFilesFinished
2023-11-29 03:27:41.786    app     info:    [client-manager] Starting EVE Online game client.    C:\CCP\EVE Online\tq\bin64\exefile.exe    Map(11) {
  'noconsole' => '/noconsole',
  'server' => '/server:tranquility.servers.eveonline.com',
  'triplatform' => '/triplatform=dx12',
  'ssotoken' => '/ssoToken=***',
  'refreshtoken' => '/refreshToken=***',
  'settingsprofile' => '/settingsprofile=Default',
  'deviceid' => '/deviceID=4a436adb-4b99-40a7-85b0-42e206f41286',
  'autoselectcharacter' => '/autoSelectCharacter:2121178396',
  'language' => '/language=en',
  'exp' => '1701229052',
  'tokenExpires' => '2023-11-29 05:37:32.000'
}    17525312
2023-11-29 03:27:41.788    app     info:    [elg-events] Sending event    eve_launcher.electron.eve_client.GameClientStartRequested
2023-11-29 03:27:41.816    app     info:    [elg-events] Sending event    eve_launcher.electron.eve_client.TemporaryClientProcessAdded
2023-11-29 03:27:41.819    app     info:    [client-queue] Started client from group startup    {
  tenant: 'tranquility',
  characterId: 2121178396,
  profile: '',
  userId: 17525312
}
2023-11-29 03:27:42.335    app     info:    [elg-events] Sending event    eve_launcher.electron.eve_client.TemporaryClientProcessMonitoringRetried
2023-11-29 03:27:42.346    app     info:    [client-manager] Found 'tranquility' client for '17525312' running:     {
  processId: 2076,
  createdDate: 1701228461861,
  userId: 17525312,
  characterId: 2121178396,
  profile: 'Default',
  dxVersion: 'dx12'
}
2023-11-29 03:27:42.363    app     info:    [elg-events] Sending event    eve_launcher.electron.eve_client.GameClientStarted
2023-11-29 03:27:42.370    app     info:    [elg-events] Sending event    eve_launcher.electron.eve_client.TemporaryClientProcessRemoved
2023-11-29 03:27:42.833    app     info:    [client-queue] Queue has stopped running, no more clients pending startup.
2023-11-29 03:28:02.376    app     warn:    Could not connect to LogLite    [
  Error: connect ECONNREFUSED 127.0.0.1:3273
      at TCPConnectWrap.afterConnect [as oncomplete] (node:net:1247:16) {
    errno: -4078,
    code: 'ECONNREFUSED',
    syscall: 'connect',
    address: '127.0.0.1',
    port: 3273
  }
]
2023-11-29 03:31:47.585    app     info:    [ipc-requests] Handling requests in the background
2023-11-29 03:31:48.590    app     info:    [ipc-requests] No longer handling requests in the background
2023-11-29 03:32:31.603    app     info:    [ipc-requests] Handling requests in the background
2023-11-29 03:32:32.093    app     info:    [self-update] Checking for a launcher update...
2023-11-29 03:32:32.344    app     info:    [server-manager] Starting refresh cycle for Tranquility
2023-11-29 03:32:32.440    app     info:    [server-manager] Previous Tranquility build: 2435360, current build: 2435360
2023-11-29 03:32:32.440    app     info:    [server-manager] Tranquility build is unchanged.
2023-11-29 03:32:32.444    app     info:    [server-manager] Ready to play!
2023-11-29 03:32:32.447    app     info:    [server-manager] Finished refresh cycle for Tranquility
2023-11-29 03:32:32.450    app     info:    [self-update] Currently running the latest launcher version. Scheduling update check in 5 minutes.
2023-11-29 03:32:32.612    app     info:    [ipc-requests] No longer handling requests in the background
2023-11-29 03:33:15.410    app     info:    [ipc-requests] Handling requests in the background
2023-11-29 03:33:16.410    app     info:    [ipc-requests] No longer handling requests in the background
2023-11-29 03:33:42.262    app     info:    [ipc-requests] Handling requests in the background
2023-11-29 03:33:43.268    app     info:    [ipc-requests] No longer handling requests in the background
2023-11-29 03:33:46.886    app     info:    [ipc-requests] Handling requests in the background
2023-11-29 03:33:47.889    app     info:    [ipc-requests] No longer handling requests in the background
2023-11-29 03:33:56.206    app     info:    [ipc-requests] Handling requests in the background
2023-11-29 03:33:57.206    app     info:    [ipc-requests] No longer handling requests in the background
2023-11-29 03:33:59.214    app     info:    [ipc-requests] Handling requests in the background
2023-11-29 03:34:00.216    app     info:    [ipc-requests] No longer handling requests in the background
2023-11-29 03:34:32.353    app     info:    [ipc-requests] Handling requests in the background
2023-11-29 03:34:33.356    app     info:    [ipc-requests] No longer handling requests in the background
2023-11-29 03:34:37.558    app     info:    [ipc-requests] Handling requests in the background
2023-11-29 03:34:38.561    app     info:    [ipc-requests] No longer handling requests in the background
2023-11-29 03:35:07.455    app     info:    [ipc-requests] Handling requests in the background
2023-11-29 03:35:08.468    app     info:    [ipc-requests] No longer handling requests in the background
2023-11-29 03:35:11.823    app     info:    [ipc-requests] Handling requests in the background
2023-11-29 03:35:12.826    app     info:    [ipc-requests] No longer handling requests in the background
2023-11-29 03:35:31.727    app     info:    [ipc-requests] Handling requests in the background
2023-11-29 03:35:32.732    app     info:    [ipc-requests] No longer handling requests in the background
2023-11-29 03:35:58.684    app     info:    [ipc-requests] Handling requests in the background
2023-11-29 03:35:59.704    app     info:    [ipc-requests] No longer handling requests in the background
2023-11-29 03:36:02.318    app     info:    [ipc-requests] Handling requests in the background
2023-11-29 03:36:03.323    app     info:    [ipc-requests] No longer handling requests in the background
2023-11-29 03:36:39.597    app     info:    [ipc-requests] Handling requests in the background
2023-11-29 03:36:40.605    app     info:    [ipc-requests] No longer handling requests in the background
2023-11-29 03:37:32.461    app     info:    [server-manager] Starting refresh cycle for Tranquility
2023-11-29 03:37:32.464    app     info:    [self-update] Checking for a launcher update...
2023-11-29 03:37:32.563    app     info:    [server-manager] Previous Tranquility build: 2435360, current build: 2435360
2023-11-29 03:37:32.564    app     info:    [server-manager] Tranquility build is unchanged.
2023-11-29 03:37:32.568    app     info:    [server-manager] Ready to play!
2023-11-29 03:37:32.571    app     info:    [server-manager] Finished refresh cycle for Tranquility
2023-11-29 03:37:32.762    app     info:    [self-update] Currently running the latest launcher version. Scheduling update check in 5 minutes.
2023-11-29 03:42:21.327    app     info:    [ipc-requests] Handling requests in the background
2023-11-29 03:42:22.339    app     info:    [ipc-requests] No longer handling requests in the background
2023-11-29 03:42:32.580    app     info:    [server-manager] Starting refresh cycle for Tranquility
2023-11-29 03:42:32.663    app     info:    [server-manager] Previous Tranquility build: 2435360, current build: 2435360
2023-11-29 03:42:32.663    app     info:    [server-manager] Tranquility build is unchanged.
2023-11-29 03:42:32.671    app     info:    [server-manager] Ready to play!
2023-11-29 03:42:32.676    app     info:    [server-manager] Finished refresh cycle for Tranquility
2023-11-29 03:42:32.773    app     info:    [self-update] Checking for a launcher update...
2023-11-29 03:42:33.058    app     info:    [self-update] Currently running the latest launcher version. Scheduling update check in 5 minutes.
2023-11-29 03:45:19.207    app     info:    [ipc-requests] Handling requests in the background
2023-11-29 03:45:20.208    app     info:    [ipc-requests] No longer handling requests in the background
2023-11-29 03:45:36.134    app     info:    [ipc-requests] Handling requests in the background
2023-11-29 03:45:37.142    app     info:    [ipc-requests] No longer handling requests in the background
2023-11-29 03:46:21.235    app     info:    [ipc-requests] Handling requests in the background
2023-11-29 03:46:22.247    app     info:    [ipc-requests] No longer handling requests in the background
2023-11-29 03:47:32.689    app     info:    [server-manager] Starting refresh cycle for Tranquility
2023-11-29 03:47:32.772    app     info:    [server-manager] Previous Tranquility build: 2435360, current build: 2435360
2023-11-29 03:47:32.773    app     info:    [server-manager] Tranquility build is unchanged.
2023-11-29 03:47:32.777    app     info:    [server-manager] Ready to play!
2023-11-29 03:47:32.781    app     info:    [server-manager] Finished refresh cycle for Tranquility
2023-11-29 03:47:33.071    app     info:    [self-update] Checking for a launcher update...
2023-11-29 03:47:33.353    app     info:    [self-update] Currently running the latest launcher version. Scheduling update check in 5 minutes.
2023-11-29 03:47:48.841    app     info:    [ipc-requests] Handling requests in the background
2023-11-29 03:47:49.856    app     info:    [ipc-requests] No longer handling requests in the background
2023-11-29 03:47:55.959    app     info:    [ipc-requests] Handling requests in the background
2023-11-29 03:47:56.973    app     info:    [ipc-requests] No longer handling requests in the background
2023-11-29 03:47:58.351    app     info:    [ipc-requests] Handling requests in the background
2023-11-29 03:47:59.356    app     info:    [ipc-requests] No longer handling requests in the background
2023-11-29 03:52:32.789    app     info:    [server-manager] Starting refresh cycle for Tranquility
2023-11-29 03:52:32.863    app     info:    [server-manager] Previous Tranquility build: 2435360, current build: 2435360
2023-11-29 03:52:32.863    app     info:    [server-manager] Tranquility build is unchanged.
2023-11-29 03:52:32.869    app     info:    [server-manager] Ready to play!
2023-11-29 03:52:32.872    app     info:    [server-manager] Finished refresh cycle for Tranquility
2023-11-29 03:52:33.366    app     info:    [self-update] Checking for a launcher update...
2023-11-29 03:52:33.670    app     info:    [self-update] Currently running the latest launcher version. Scheduling update check in 5 minutes.
2023-11-29 03:57:32.884    app     info:    [server-manager] Starting refresh cycle for Tranquility
2023-11-29 03:57:32.961    app     info:    [server-manager] Previous Tranquility build: 2435360, current build: 2435360
2023-11-29 03:57:32.961    app     info:    [server-manager] Tranquility build is unchanged.
2023-11-29 03:57:32.966    app     info:    [server-manager] Ready to play!
2023-11-29 03:57:32.970    app     info:    [server-manager] Finished refresh cycle for Tranquility
2023-11-29 03:57:33.681    app     info:    [self-update] Checking for a launcher update...
2023-11-29 03:57:33.972    app     info:    [self-update] Currently running the latest launcher version. Scheduling update check in 5 minutes.
2023-11-29 04:02:19.114    app     info:    [ipc-requests] Handling requests in the background
2023-11-29 04:02:20.114    app     info:    [ipc-requests] No longer handling requests in the background
2023-11-29 04:02:32.982    app     info:    [server-manager] Starting refresh cycle for Tranquility
2023-11-29 04:02:33.066    app     info:    [server-manager] Previous Tranquility build: 2435360, current build: 2435360
2023-11-29 04:02:33.066    app     info:    [server-manager] Tranquility build is unchanged.
2023-11-29 04:02:33.070    app     info:    [server-manager] Ready to play!
2023-11-29 04:02:33.073    app     info:    [server-manager] Finished refresh cycle for Tranquility
2023-11-29 04:02:33.980    app     info:    [self-update] Checking for a launcher update...
2023-11-29 04:02:34.265    app     info:    [self-update] Currently running the latest launcher version. Scheduling update check in 5 minutes.
2023-11-29 04:07:33.077    app     info:    [server-manager] Starting refresh cycle for Tranquility
2023-11-29 04:07:33.165    app     info:    [server-manager] Previous Tranquility build: 2435360, current build: 2435360
2023-11-29 04:07:33.166    app     info:    [server-manager] Tranquility build is unchanged.
2023-11-29 04:07:33.169    app     info:    [server-manager] Ready to play!
2023-11-29 04:07:33.171    app     info:    [server-manager] Finished refresh cycle for Tranquility
2023-11-29 04:07:34.276    app     info:    [self-update] Checking for a launcher update...
2023-11-29 04:07:34.556    app     info:    [self-update] Currently running the latest launcher version. Scheduling update check in 5 minutes.
2023-11-29 04:12:29.685    app     info:    [ipc-requests] Handling requests in the background
2023-11-29 04:12:30.688    app     info:    [ipc-requests] No longer handling requests in the background
2023-11-29 04:12:33.177    app     info:    [server-manager] Starting refresh cycle for Tranquility
2023-11-29 04:12:33.262    app     info:    [server-manager] Previous Tranquility build: 2435360, current build: 2435360
2023-11-29 04:12:33.263    app     info:    [server-manager] Tranquility build is unchanged.
2023-11-29 04:12:33.267    app     info:    [server-manager] Ready to play!
2023-11-29 04:12:33.270    app     info:    [server-manager] Finished refresh cycle for Tranquility
2023-11-29 04:12:34.571    app     info:    [self-update] Checking for a launcher update...
2023-11-29 04:12:34.945    app     info:    [self-update] Currently running the latest launcher version. Scheduling update check in 5 minutes.
2023-11-29 04:13:31.879    app     info:    [ipc-requests] Handling requests in the background
2023-11-29 04:13:32.882    app     info:    [ipc-requests] No longer handling requests in the background
2023-11-29 04:13:35.646    app     info:    [ipc-requests] Handling requests in the background
2023-11-29 04:13:36.648    app     info:    [ipc-requests] No longer handling requests in the background
2023-11-29 04:13:37.070    app     info:    [ipc-requests] Handling requests in the background
2023-11-29 04:13:38.082    app     info:    [ipc-requests] No longer handling requests in the background
2023-11-29 04:13:55.991    app     info:    [ipc-requests] Handling requests in the background
2023-11-29 04:13:57.001    app     info:    [ipc-requests] No longer handling requests in the background
2023-11-29 04:14:25.153    app     info:    [ipc-requests] Handling requests in the background
2023-11-29 04:14:26.171    app     info:    [ipc-requests] No longer handling requests in the background
2023-11-29 04:17:33.274    app     info:    [server-manager] Starting refresh cycle for Tranquility
2023-11-29 04:17:33.359    app     info:    [server-manager] Previous Tranquility build: 2435360, current build: 2435360
2023-11-29 04:17:33.360    app     info:    [server-manager] Tranquility build is unchanged.
2023-11-29 04:17:33.364    app     info:    [server-manager] Ready to play!
2023-11-29 04:17:33.366    app     info:    [server-manager] Finished refresh cycle for Tranquility
2023-11-29 04:17:34.956    app     info:    [self-update] Checking for a launcher update...
2023-11-29 04:17:35.237    app     info:    [self-update] Currently running the latest launcher version. Scheduling update check in 5 minutes.
2023-11-29 04:22:33.372    app     info:    [server-manager] Starting refresh cycle for Tranquility
2023-11-29 04:22:33.499    app     info:    [server-manager] Previous Tranquility build: 2435360, current build: 2435360
2023-11-29 04:22:33.500    app     info:    [server-manager] Tranquility build is unchanged.
2023-11-29 04:22:33.507    app     info:    [server-manager] Ready to play!
2023-11-29 04:22:33.509    app     info:    [server-manager] Finished refresh cycle for Tranquility
2023-11-29 04:22:35.236    app     info:    [self-update] Checking for a launcher update...
2023-11-29 04:22:35.522    app     info:    [self-update] Currently running the latest launcher version. Scheduling update check in 5 minutes.
2023-11-29 04:27:33.521    app     info:    [server-manager] Starting refresh cycle for Tranquility
2023-11-29 04:27:33.603    app     info:    [server-manager] Previous Tranquility build: 2435360, current build: 2435360
2023-11-29 04:27:33.604    app     info:    [server-manager] Tranquility build is unchanged.
2023-11-29 04:27:33.608    app     info:    [server-manager] Ready to play!
2023-11-29 04:27:33.610    app     info:    [server-manager] Finished refresh cycle for Tranquility
2023-11-29 04:27:35.536    app     info:    [self-update] Checking for a launcher update...
2023-11-29 04:27:35.828    app     info:    [self-update] Currently running the latest launcher version. Scheduling update check in 5 minutes.
2023-11-29 04:28:40.874    app     info:    [creatives] Requesting creatives
2023-11-29 04:28:40.995    app     info:    [creatives] Received 3 creatives
2023-11-29 04:28:41.314    app     info:    [ipc-requests] Handling requests in the background
2023-11-29 04:28:42.326    app     info:    [ipc-requests] No longer handling requests in the background
2023-11-29 04:29:32.914    app     info:    [ipc-requests] Handling requests in the background
2023-11-29 04:29:33.921    app     info:    [ipc-requests] No longer handling requests in the background
2023-11-29 04:29:38.487    app     info:    [ipc-requests] Handling requests in the background
2023-11-29 04:29:39.501    app     info:    [ipc-requests] No longer handling requests in the background
2023-11-29 04:29:44.430    app     info:    [ipc-requests] Handling requests in the background
2023-11-29 04:29:45.430    app     info:    [ipc-requests] No longer handling requests in the background
2023-11-29 04:32:33.611    app     info:    [server-manager] Starting refresh cycle for Tranquility
2023-11-29 04:32:33.695    app     info:    [server-manager] Previous Tranquility build: 2435360, current build: 2435360
2023-11-29 04:32:33.696    app     info:    [server-manager] Tranquility build is unchanged.
2023-11-29 04:32:33.706    app     info:    [server-manager] Ready to play!
2023-11-29 04:32:33.708    app     info:    [server-manager] Finished refresh cycle for Tranquility
2023-11-29 04:32:35.829    app     info:    [self-update] Checking for a launcher update...
2023-11-29 04:32:36.127    app     info:    [self-update] Currently running the latest launcher version. Scheduling update check in 5 minutes.
2023-11-29 04:37:33.720    app     info:    [server-manager] Starting refresh cycle for Tranquility
2023-11-29 04:37:33.828    app     info:    [server-manager] Previous Tranquility build: 2435360, current build: 2435360
2023-11-29 04:37:33.828    app     info:    [server-manager] Tranquility build is unchanged.
2023-11-29 04:37:33.833    app     info:    [server-manager] Ready to play!
2023-11-29 04:37:33.835    app     info:    [server-manager] Finished refresh cycle for Tranquility
2023-11-29 04:37:36.125    app     info:    [self-update] Checking for a launcher update...
2023-11-29 04:37:36.416    app     info:    [self-update] Currently running the latest launcher version. Scheduling update check in 5 minutes.
2023-11-29 04:42:33.855    app     info:    [server-manager] Starting refresh cycle for Tranquility
2023-11-29 04:42:33.948    app     info:    [server-manager] Previous Tranquility build: 2435360, current build: 2435360
2023-11-29 04:42:33.948    app     info:    [server-manager] Tranquility build is unchanged.
2023-11-29 04:42:33.955    app     info:    [server-manager] Ready to play!
2023-11-29 04:42:33.960    app     info:    [server-manager] Finished refresh cycle for Tranquility
2023-11-29 04:42:36.430    app     info:    [self-update] Checking for a launcher update...
2023-11-29 04:42:36.701    app     info:    [self-update] Currently running the latest launcher version. Scheduling update check in 5 minutes.
2023-11-29 04:44:13.315    app     info:    [ipc-requests] Handling requests in the background
2023-11-29 04:44:14.320    app     info:    [ipc-requests] No longer handling requests in the background
2023-11-29 04:47:33.965    app     info:    [server-manager] Starting refresh cycle for Tranquility
2023-11-29 04:47:34.058    app     info:    [server-manager] Previous Tranquility build: 2435360, current build: 2435360
2023-11-29 04:47:34.059    app     info:    [server-manager] Tranquility build is unchanged.
2023-11-29 04:47:34.066    app     info:    [server-manager] Ready to play!
2023-11-29 04:47:34.068    app     info:    [server-manager] Finished refresh cycle for Tranquility
2023-11-29 04:47:36.720    app     info:    [self-update] Checking for a launcher update...
2023-11-29 04:47:36.995    app     info:    [self-update] Currently running the latest launcher version. Scheduling update check in 5 minutes.
2023-11-29 04:52:10.410    app     info:    [ipc-requests] Handling requests in the background
2023-11-29 04:52:11.429    app     info:    [ipc-requests] No longer handling requests in the background
2023-11-29 04:52:28.851    app     info:    [ipc-requests] Handling requests in the background
2023-11-29 04:52:29.869    app     info:    [ipc-requests] No longer handling requests in the background
2023-11-29 04:52:34.081    app     info:    [server-manager] Starting refresh cycle for Tranquility
2023-11-29 04:52:34.163    app     info:    [server-manager] Previous Tranquility build: 2435360, current build: 2435360
2023-11-29 04:52:34.163    app     info:    [server-manager] Tranquility build is unchanged.
2023-11-29 04:52:34.167    app     info:    [server-manager] Ready to play!
2023-11-29 04:52:34.170    app     info:    [server-manager] Finished refresh cycle for Tranquility
2023-11-29 04:52:37.010    app     info:    [self-update] Checking for a launcher update...
2023-11-29 04:52:37.295    app     info:    [self-update] Currently running the latest launcher version. Scheduling update check in 5 minutes.
2023-11-29 04:53:03.366    app     info:    [ipc-requests] Handling requests in the background
2023-11-29 04:53:04.379    app     info:    [ipc-requests] No longer handling requests in the background
2023-11-29 04:56:52.226    app     info:    [ipc-requests] Handling requests in the background
2023-11-29 04:56:53.239    app     info:    [ipc-requests] No longer handling requests in the background
2023-11-29 04:57:34.175    app     info:    [server-manager] Starting refresh cycle for Tranquility
2023-11-29 04:57:34.302    app     info:    [server-manager] Previous Tranquility build: 2435360, current build: 2435360
2023-11-29 04:57:34.302    app     info:    [server-manager] Tranquility build is unchanged.
2023-11-29 04:57:34.307    app     info:    [server-manager] Ready to play!
2023-11-29 04:57:34.310    app     info:    [server-manager] Finished refresh cycle for Tranquility
2023-11-29 04:57:37.309    app     info:    [self-update] Checking for a launcher update...
2023-11-29 04:57:37.593    app     info:    [self-update] Currently running the latest launcher version. Scheduling update check in 5 minutes.
2023-11-29 05:02:34.319    app     info:    [server-manager] Starting refresh cycle for Tranquility
2023-11-29 05:02:34.423    app     info:    [server-manager] Previous Tranquility build: 2435360, current build: 2435360
2023-11-29 05:02:34.423    app     info:    [server-manager] Tranquility build is unchanged.
2023-11-29 05:02:34.428    app     info:    [server-manager] Ready to play!
2023-11-29 05:02:34.430    app     info:    [server-manager] Finished refresh cycle for Tranquility
2023-11-29 05:02:37.598    app     info:    [self-update] Checking for a launcher update...
2023-11-29 05:02:37.864    app     info:    [self-update] Currently running the latest launcher version. Scheduling update check in 5 minutes.
2023-11-29 05:03:31.632    app     info:    [ipc-requests] Handling requests in the background
2023-11-29 05:03:32.637    app     info:    [ipc-requests] No longer handling requests in the background
2023-11-29 05:04:54.250    app     info:    [ipc-requests] Handling requests in the background
2023-11-29 05:04:55.268    app     info:    [ipc-requests] No longer handling requests in the background
2023-11-29 05:06:05.955    app     info:    [ipc-requests] Handling requests in the background
2023-11-29 05:06:06.959    app     info:    [ipc-requests] No longer handling requests in the background
2023-11-29 05:06:42.579    app     info:    [ipc-requests] Handling requests in the background
2023-11-29 05:06:43.597    app     info:    [ipc-requests] No longer handling requests in the background
2023-11-29 05:06:56.922    app     info:    [ipc-requests] Handling requests in the background
2023-11-29 05:06:57.929    app     info:    [ipc-requests] No longer handling requests in the background
2023-11-29 05:06:59.222    app     info:    [ipc-requests] Handling requests in the background
2023-11-29 05:07:00.230    app     info:    [ipc-requests] No longer handling requests in the background
2023-11-29 05:07:03.007    app     info:    [ipc-requests] Handling requests in the background
2023-11-29 05:07:04.019    app     info:    [ipc-requests] No longer handling requests in the background
2023-11-29 05:07:13.087    app     info:    [ipc-requests] Handling requests in the background
2023-11-29 05:07:14.099    app     info:    [ipc-requests] No longer handling requests in the background
2023-11-29 05:07:27.111    app     info:    [ipc-requests] Handling requests in the background
2023-11-29 05:07:28.118    app     info:    [ipc-requests] No longer handling requests in the background
2023-11-29 05:07:30.962    app     info:    [ipc-requests] Handling requests in the background
2023-11-29 05:07:31.968    app     info:    [ipc-requests] No longer handling requests in the background
2023-11-29 05:07:34.443    app     info:    [server-manager] Starting refresh cycle for Tranquility
2023-11-29 05:07:34.575    app     info:    [server-manager] Previous Tranquility build: 2435360, current build: 2435360
2023-11-29 05:07:34.575    app     info:    [server-manager] Tranquility build is unchanged.
2023-11-29 05:07:34.581    app     info:    [server-manager] Ready to play!
2023-11-29 05:07:34.585    app     info:    [server-manager] Finished refresh cycle for Tranquility
2023-11-29 05:07:37.869    app     info:    [self-update] Checking for a launcher update...
2023-11-29 05:07:38.166    app     info:    [self-update] Currently running the latest launcher version. Scheduling update check in 5 minutes.
2023-11-29 05:09:12.217    app     info:    [ipc-requests] Handling requests in the background
2023-11-29 05:09:13.223    app     info:    [ipc-requests] No longer handling requests in the background
2023-11-29 05:09:16.038    app     info:    [ipc-requests] Handling requests in the background
2023-11-29 05:09:17.048    app     info:    [ipc-requests] No longer handling requests in the background
2023-11-29 05:09:19.382    app     info:    [ipc-requests] Handling requests in the background
2023-11-29 05:09:20.397    app     info:    [ipc-requests] No longer handling requests in the background
2023-11-29 05:09:29.214    app     info:    [ipc-requests] Handling requests in the background
2023-11-29 05:09:30.218    app     info:    [ipc-requests] No longer handling requests in the background
2023-11-29 05:09:30.891    app     info:    [ipc-requests] Handling requests in the background
2023-11-29 05:09:31.898    app     info:    [ipc-requests] No longer handling requests in the background
2023-11-29 05:10:15.330    app     info:    [ipc-requests] Handling requests in the background
2023-11-29 05:10:16.338    app     info:    [ipc-requests] No longer handling requests in the background
2023-11-29 05:11:58.095    app     info:    [ipc-requests] Handling requests in the background
2023-11-29 05:11:59.108    app     info:    [ipc-requests] No longer handling requests in the background
2023-11-29 05:12:32.770    app     info:    [ipc-requests] Handling requests in the background
2023-11-29 05:12:33.778    app     info:    [ipc-requests] No longer handling requests in the background
2023-11-29 05:12:34.600    app     info:    [server-manager] Starting refresh cycle for Tranquility
2023-11-29 05:12:34.716    app     info:    [server-manager] Previous Tranquility build: 2435360, current build: 2435360
2023-11-29 05:12:34.717    app     info:    [server-manager] Tranquility build is unchanged.
2023-11-29 05:12:34.724    app     info:    [server-manager] Ready to play!
2023-11-29 05:12:34.727    app     info:    [server-manager] Finished refresh cycle for Tranquility
2023-11-29 05:12:38.169    app     info:    [self-update] Checking for a launcher update...
2023-11-29 05:12:38.498    app     info:    [self-update] Currently running the latest launcher version. Scheduling update check in 5 minutes.
2023-11-29 05:12:57.031    app     info:    [ipc-requests] Handling requests in the background
2023-11-29 05:12:58.048    app     info:    [ipc-requests] No longer handling requests in the background
2023-11-29 05:13:58.160    app     info:    [ipc-requests] Handling requests in the background
2023-11-29 05:13:59.166    app     info:    [ipc-requests] No longer handling requests in the background
2023-11-29 05:15:22.995    app     info:    [ipc-requests] Handling requests in the background
2023-11-29 05:15:24.002    app     info:    [ipc-requests] No longer handling requests in the background
2023-11-29 05:15:53.238    app     info:    [ipc-requests] Handling requests in the background
2023-11-29 05:15:54.258    app     info:    [ipc-requests] No longer handling requests in the background
2023-11-29 05:16:33.322    app     info:    [ipc-requests] Handling requests in the background
2023-11-29 05:16:34.338    app     info:    [ipc-requests] No longer handling requests in the background
2023-11-29 05:17:34.728    app     info:    [server-manager] Starting refresh cycle for Tranquility
2023-11-29 05:17:34.836    app     info:    [server-manager] Previous Tranquility build: 2435360, current build: 2435360
2023-11-29 05:17:34.836    app     info:    [server-manager] Tranquility build is unchanged.
2023-11-29 05:17:34.839    app     info:    [server-manager] Ready to play!
2023-11-29 05:17:34.842    app     info:    [server-manager] Finished refresh cycle for Tranquility
2023-11-29 05:17:38.507    app     info:    [self-update] Checking for a launcher update...
2023-11-29 05:17:38.792    app     info:    [self-update] Currently running the latest launcher version. Scheduling update check in 5 minutes.
2023-11-29 05:19:50.625    app     info:    [ipc-requests] Handling requests in the background
2023-11-29 05:19:51.628    app     info:    [ipc-requests] No longer handling requests in the background
2023-11-29 05:22:34.853    app     info:    [server-manager] Starting refresh cycle for Tranquility
2023-11-29 05:22:34.953    app     info:    [server-manager] Previous Tranquility build: 2435360, current build: 2435360
2023-11-29 05:22:34.953    app     info:    [server-manager] Tranquility build is unchanged.
2023-11-29 05:22:34.963    app     info:    [server-manager] Ready to play!
2023-11-29 05:22:34.969    app     info:    [server-manager] Finished refresh cycle for Tranquility
2023-11-29 05:22:38.805    app     info:    [self-update] Checking for a launcher update...
2023-11-29 05:22:39.095    app     info:    [self-update] Currently running the latest launcher version. Scheduling update check in 5 minutes.
2023-11-29 05:23:36.164    app     info:    [ipc-requests] Handling requests in the background
2023-11-29 05:23:37.174    app     info:    [ipc-requests] No longer handling requests in the background
2023-11-29 05:23:47.302    app     info:    [ipc-requests] Handling requests in the background
2023-11-29 05:23:48.310    app     info:    [ipc-requests] No longer handling requests in the background
2023-11-29 05:24:34.019    app     info:    [ipc-requests] Handling requests in the background
2023-11-29 05:24:35.036    app     info:    [ipc-requests] No longer handling requests in the background
2023-11-29 05:24:48.354    app     info:    [ipc-requests] Handling requests in the background
2023-11-29 05:24:49.367    app     info:    [ipc-requests] No longer handling requests in the background
2023-11-29 05:27:34.985    app     info:    [server-manager] Starting refresh cycle for Tranquility
2023-11-29 05:27:35.132    app     info:    [server-manager] Previous Tranquility build: 2435360, current build: 2435360
2023-11-29 05:27:35.133    app     info:    [server-manager] Tranquility build is unchanged.
2023-11-29 05:27:35.140    app     info:    [server-manager] Ready to play!
2023-11-29 05:27:35.143    app     info:    [server-manager] Finished refresh cycle for Tranquility
2023-11-29 05:27:39.101    app     info:    [self-update] Checking for a launcher update...
2023-11-29 05:27:39.387    app     info:    [self-update] Currently running the latest launcher version. Scheduling update check in 5 minutes.
2023-11-29 05:28:33.810    app     info:    [ipc-requests] Handling requests in the background
2023-11-29 05:28:34.817    app     info:    [ipc-requests] No longer handling requests in the background
2023-11-29 05:28:54.081    app     info:    [creatives] Requesting creatives
2023-11-29 05:28:54.249    app     info:    [creatives] Received 3 creatives
2023-11-29 05:28:54.575    app     info:    [ipc-requests] Handling requests in the background
2023-11-29 05:28:55.591    app     info:    [ipc-requests] No longer handling requests in the background
2023-11-29 05:29:19.442    app     info:    [ipc-requests] Handling requests in the background
2023-11-29 05:29:20.446    app     info:    [ipc-requests] No longer handling requests in the background
2023-11-29 05:30:21.015    app     info:    [ipc-requests] Handling requests in the background
2023-11-29 05:30:22.017    app     info:    [ipc-requests] No longer handling requests in the background
2023-11-29 05:31:44.879    app     info:    [ipc-requests] Handling requests in the background
2023-11-29 05:31:45.887    app     info:    [ipc-requests] No longer handling requests in the background
2023-11-29 05:31:47.517    app     info:    [ipc-requests] Handling requests in the background
2023-11-29 05:31:48.526    app     info:    [ipc-requests] No longer handling requests in the background
2023-11-29 05:31:59.951    app     info:    [ipc-requests] Handling requests in the background
2023-11-29 05:32:00.957    app     info:    [ipc-requests] No longer handling requests in the background
2023-11-29 05:32:14.911    app     info:    [ipc-requests] Handling requests in the background
2023-11-29 05:32:15.927    app     info:    [ipc-requests] No longer handling requests in the background
2023-11-29 05:32:20.511    app     info:    [ipc-requests] Handling requests in the background
2023-11-29 05:32:21.527    app     info:    [ipc-requests] No longer handling requests in the background
2023-11-29 05:32:21.895    app     info:    [ipc-requests] Handling requests in the background
2023-11-29 05:32:22.912    app     info:    [ipc-requests] No longer handling requests in the background
2023-11-29 05:32:35.147    app     info:    [server-manager] Starting refresh cycle for Tranquility
2023-11-29 05:32:35.276    app     info:    [server-manager] Previous Tranquility build: 2435360, current build: 2435360
2023-11-29 05:32:35.276    app     info:    [server-manager] Tranquility build is unchanged.
2023-11-29 05:32:35.279    app     info:    [server-manager] Ready to play!
2023-11-29 05:32:35.282    app     info:    [server-manager] Finished refresh cycle for Tranquility
2023-11-29 05:32:39.390    app     info:    [self-update] Checking for a launcher update...
2023-11-29 05:32:39.691    app     info:    [self-update] Currently running the latest launcher version. Scheduling update check in 5 minutes.
2023-11-29 05:33:10.287    app     info:    [ipc-requests] Handling requests in the background
2023-11-29 05:33:11.300    app     info:    [ipc-requests] No longer handling requests in the background
2023-11-29 05:33:39.925    app     info:    [ipc-requests] Handling requests in the background
2023-11-29 05:33:40.935    app     info:    [ipc-requests] No longer handling requests in the background
2023-11-29 05:35:10.743    app     info:    [ipc-requests] Handling requests in the background
2023-11-29 05:35:11.756    app     info:    [ipc-requests] No longer handling requests in the background
2023-11-29 05:35:32.917    app     info:    [ipc-requests] Handling requests in the background
2023-11-29 05:35:33.930    app     info:    [ipc-requests] No longer handling requests in the background
2023-11-29 05:36:14.069    app     info:    [ipc-requests] Handling requests in the background
2023-11-29 05:36:15.084    app     info:    [ipc-requests] No longer handling requests in the background
2023-11-29 05:37:27.218    app     info:    [ipc-requests] Handling requests in the background
2023-11-29 05:37:28.224    app     info:    [ipc-requests] No longer handling requests in the background
2023-11-29 05:37:35.294    app     info:    [server-manager] Starting refresh cycle for Tranquility
2023-11-29 05:37:35.422    app     info:    [server-manager] Previous Tranquility build: 2435360, current build: 2435360
2023-11-29 05:37:35.422    app     info:    [server-manager] Tranquility build is unchanged.
2023-11-29 05:37:35.427    app     info:    [server-manager] Ready to play!
2023-11-29 05:37:35.431    app     info:    [server-manager] Finished refresh cycle for Tranquility
2023-11-29 05:37:39.691    app     info:    [self-update] Checking for a launcher update...
2023-11-29 05:37:39.970    app     info:    [self-update] Currently running the latest launcher version. Scheduling update check in 5 minutes.
2023-11-29 05:39:14.164    app     info:    [ipc-requests] Handling requests in the background
2023-11-29 05:39:15.166    app     info:    [ipc-requests] No longer handling requests in the background
2023-11-29 05:39:16.903    app     info:    [ipc-requests] Handling requests in the background
2023-11-29 05:39:17.918    app     info:    [ipc-requests] No longer handling requests in the background
2023-11-29 05:39:27.483    app     info:    [ipc-requests] Handling requests in the background
2023-11-29 05:39:28.487    app     info:    [ipc-requests] No longer handling requests in the background
2023-11-29 05:42:35.438    app     info:    [server-manager] Starting refresh cycle for Tranquility
2023-11-29 05:42:35.555    app     info:    [server-manager] Previous Tranquility build: 2435360, current build: 2435360
2023-11-29 05:42:35.555    app     info:    [server-manager] Tranquility build is unchanged.
2023-11-29 05:42:35.560    app     info:    [server-manager] Ready to play!
2023-11-29 05:42:35.562    app     info:    [server-manager] Finished refresh cycle for Tranquility
2023-11-29 05:42:39.986    app     info:    [self-update] Checking for a launcher update...
2023-11-29 05:42:40.290    app     info:    [self-update] Currently running the latest launcher version. Scheduling update check in 5 minutes.
2023-11-29 05:43:37.803    app     info:    [ipc-requests] Handling requests in the background
2023-11-29 05:43:38.811    app     info:    [ipc-requests] No longer handling requests in the background
2023-11-29 05:43:54.751    app     info:    [ipc-requests] Handling requests in the background
2023-11-29 05:43:55.765    app     info:    [ipc-requests] No longer handling requests in the background
2023-11-29 05:44:10.626    app     info:    [ipc-requests] Handling requests in the background
2023-11-29 05:44:11.631    app     info:    [ipc-requests] No longer handling requests in the background
2023-11-29 05:46:49.840    app     info:    [ipc-requests] Handling requests in the background
2023-11-29 05:46:50.855    app     info:    [ipc-requests] No longer handling requests in the background
2023-11-29 05:47:35.577    app     info:    [server-manager] Starting refresh cycle for Tranquility
2023-11-29 05:47:35.704    app     info:    [server-manager] Previous Tranquility build: 2435360, current build: 2435360
2023-11-29 05:47:35.705    app     info:    [server-manager] Tranquility build is unchanged.
2023-11-29 05:47:35.709    app     info:    [server-manager] Ready to play!
2023-11-29 05:47:35.712    app     info:    [server-manager] Finished refresh cycle for Tranquility
2023-11-29 05:47:40.306    app     info:    [self-update] Checking for a launcher update...
2023-11-29 05:47:40.589    app     info:    [self-update] Currently running the latest launcher version. Scheduling update check in 5 minutes.
2023-11-29 05:48:01.014    app     info:    [ipc-requests] Handling requests in the background
2023-11-29 05:48:02.022    app     info:    [ipc-requests] No longer handling requests in the background
2023-11-29 05:48:03.615    app     info:    [ipc-requests] Handling requests in the background
2023-11-29 05:48:04.626    app     info:    [ipc-requests] No longer handling requests in the background
2023-11-29 05:52:35.725    app     info:    [server-manager] Starting refresh cycle for Tranquility
2023-11-29 05:52:35.862    app     info:    [server-manager] Previous Tranquility build: 2435360, current build: 2435360
2023-11-29 05:52:35.862    app     info:    [server-manager] Tranquility build is unchanged.
2023-11-29 05:52:35.867    app     info:    [server-manager] Ready to play!
2023-11-29 05:52:35.869    app     info:    [server-manager] Finished refresh cycle for Tranquility
2023-11-29 05:52:40.605    app     info:    [self-update] Checking for a launcher update...
2023-11-29 05:52:40.874    app     info:    [self-update] Currently running the latest launcher version. Scheduling update check in 5 minutes.
2023-11-29 05:57:35.886    app     info:    [server-manager] Starting refresh cycle for Tranquility
2023-11-29 05:57:36.011    app     info:    [server-manager] Previous Tranquility build: 2435360, current build: 2435360
2023-11-29 05:57:36.011    app     info:    [server-manager] Tranquility build is unchanged.
2023-11-29 05:57:36.015    app     info:    [server-manager] Ready to play!
2023-11-29 05:57:36.018    app     info:    [server-manager] Finished refresh cycle for Tranquility
2023-11-29 05:57:40.885    app     info:    [self-update] Checking for a launcher update...
2023-11-29 05:57:41.153    app     info:    [self-update] Currently running the latest launcher version. Scheduling update check in 5 minutes.
2023-11-29 05:58:43.274    app     info:    [ipc-requests] Handling requests in the background
2023-11-29 05:58:44.285    app     info:    [ipc-requests] No longer handling requests in the background
2023-11-29 06:00:08.535    app     info:    [ipc-requests] Handling requests in the background
2023-11-29 06:00:09.554    app     info:    [ipc-requests] No longer handling requests in the background
2023-11-29 06:00:12.340    app     info:    [ipc-requests] Handling requests in the background
2023-11-29 06:00:13.344    app     info:    [ipc-requests] No longer handling requests in the background
2023-11-29 06:00:15.391    app     info:    [ipc-requests] Handling requests in the background
2023-11-29 06:00:16.406    app     info:    [ipc-requests] No longer handling requests in the background
2023-11-29 06:02:36.026    app     info:    [server-manager] Starting refresh cycle for Tranquility
2023-11-29 06:02:36.189    app     info:    [server-manager] Previous Tranquility build: 2435360, current build: 2435360
2023-11-29 06:02:36.189    app     info:    [server-manager] Tranquility build is unchanged.
2023-11-29 06:02:36.193    app     info:    [server-manager] Ready to play!
2023-11-29 06:02:36.196    app     info:    [server-manager] Finished refresh cycle for Tranquility
2023-11-29 06:02:41.154    app     info:    [self-update] Checking for a launcher update...
2023-11-29 06:02:41.458    app     info:    [self-update] Currently running the latest launcher version. Scheduling update check in 5 minutes.
2023-11-29 06:07:36.204    app     info:    [server-manager] Starting refresh cycle for Tranquility
2023-11-29 06:07:36.739    app     info:    [server-manager] Previous Tranquility build: 2435360, current build: 2435360
2023-11-29 06:07:36.739    app     info:    [server-manager] Tranquility build is unchanged.
2023-11-29 06:07:36.743    app     info:    [server-manager] Ready to play!
2023-11-29 06:07:36.746    app     info:    [server-manager] Finished refresh cycle for Tranquility
2023-11-29 06:07:41.473    app     info:    [self-update] Checking for a launcher update...
2023-11-29 06:07:41.742    app     info:    [self-update] Currently running the latest launcher version. Scheduling update check in 5 minutes.
2023-11-29 06:08:08.271    app     info:    [ipc-requests] Handling requests in the background
2023-11-29 06:08:09.275    app     info:    [ipc-requests] No longer handling requests in the background
2023-11-29 06:08:23.367    app     info:    [ipc-requests] Handling requests in the background
2023-11-29 06:08:24.373    app     info:    [ipc-requests] No longer handling requests in the background
2023-11-29 06:12:36.755    app     info:    [server-manager] Starting refresh cycle for Tranquility
2023-11-29 06:12:36.896    app     info:    [server-manager] Previous Tranquility build: 2435360, current build: 2435360
2023-11-29 06:12:36.896    app     info:    [server-manager] Tranquility build is unchanged.
2023-11-29 06:12:36.899    app     info:    [server-manager] Ready to play!
2023-11-29 06:12:36.901    app     info:    [server-manager] Finished refresh cycle for Tranquility
2023-11-29 06:12:41.745    app     info:    [self-update] Checking for a launcher update...
2023-11-29 06:12:42.026    app     info:    [self-update] Currently running the latest launcher version. Scheduling update check in 5 minutes.
2023-11-29 06:17:12.013    app     info:    [ipc-requests] Handling requests in the background
2023-11-29 06:17:13.013    app     info:    [ipc-requests] No longer handling requests in the background
2023-11-29 06:17:36.915    app     info:    [server-manager] Starting refresh cycle for Tranquility
2023-11-29 06:17:37.052    app     info:    [server-manager] Previous Tranquility build: 2435360, current build: 2435360
2023-11-29 06:17:37.052    app     info:    [server-manager] Tranquility build is unchanged.
2023-11-29 06:17:37.057    app     info:    [server-manager] Ready to play!
2023-11-29 06:17:37.060    app     info:    [server-manager] Finished refresh cycle for Tranquility
2023-11-29 06:17:42.029    app     info:    [self-update] Checking for a launcher update...
2023-11-29 06:17:42.340    app     info:    [self-update] Currently running the latest launcher version. Scheduling update check in 5 minutes.
2023-11-29 06:22:37.065    app     info:    [server-manager] Starting refresh cycle for Tranquility
2023-11-29 06:22:37.183    app     info:    [server-manager] Previous Tranquility build: 2435360, current build: 2435360
2023-11-29 06:22:37.183    app     info:    [server-manager] Tranquility build is unchanged.
2023-11-29 06:22:37.186    app     info:    [server-manager] Ready to play!
2023-11-29 06:22:37.189    app     info:    [server-manager] Finished refresh cycle for Tranquility
2023-11-29 06:22:42.354    app     info:    [self-update] Checking for a launcher update...
2023-11-29 06:22:42.660    app     info:    [self-update] Currently running the latest launcher version. Scheduling update check in 5 minutes.
2023-11-29 06:27:37.202    app     info:    [server-manager] Starting refresh cycle for Tranquility
2023-11-29 06:27:37.352    app     info:    [server-manager] Previous Tranquility build: 2435360, current build: 2435360
2023-11-29 06:27:37.352    app     info:    [server-manager] Tranquility build is unchanged.
2023-11-29 06:27:37.356    app     info:    [server-manager] Ready to play!
2023-11-29 06:27:37.359    app     info:    [server-manager] Finished refresh cycle for Tranquility
2023-11-29 06:27:42.663    app     info:    [self-update] Checking for a launcher update...
2023-11-29 06:27:42.947    app     info:    [self-update] Currently running the latest launcher version. Scheduling update check in 5 minutes.
2023-11-29 06:28:54.084    app     info:    [creatives] Requesting creatives
2023-11-29 06:28:54.204    app     info:    [creatives] Received 3 creatives
2023-11-29 06:32:37.375    app     info:    [server-manager] Starting refresh cycle for Tranquility
2023-11-29 06:32:37.494    app     info:    [server-manager] Previous Tranquility build: 2435360, current build: 2435360
2023-11-29 06:32:37.495    app     info:    [server-manager] Tranquility build is unchanged.
2023-11-29 06:32:37.498    app     info:    [server-manager] Ready to play!
2023-11-29 06:32:37.501    app     info:    [server-manager] Finished refresh cycle for Tranquility
2023-11-29 06:32:42.963    app     info:    [self-update] Checking for a launcher update...
2023-11-29 06:32:43.247    app     info:    [self-update] Currently running the latest launcher version. Scheduling update check in 5 minutes.
2023-11-29 06:37:37.504    app     info:    [server-manager] Starting refresh cycle for Tranquility
2023-11-29 06:37:37.628    app     info:    [server-manager] Previous Tranquility build: 2435360, current build: 2435360
2023-11-29 06:37:37.628    app     info:    [server-manager] Tranquility build is unchanged.
2023-11-29 06:37:37.632    app     info:    [server-manager] Ready to play!
2023-11-29 06:37:37.635    app     info:    [server-manager] Finished refresh cycle for Tranquility
2023-11-29 06:37:43.247    app     info:    [self-update] Checking for a launcher update...
2023-11-29 06:37:43.536    app     info:    [self-update] Currently running the latest launcher version. Scheduling update check in 5 minutes.
2023-11-29 06:42:37.649    app     info:    [server-manager] Starting refresh cycle for Tranquility
2023-11-29 06:42:37.793    app     info:    [server-manager] Previous Tranquility build: 2435360, current build: 2435360
2023-11-29 06:42:37.793    app     info:    [server-manager] Tranquility build is unchanged.
2023-11-29 06:42:37.796    app     info:    [server-manager] Ready to play!
2023-11-29 06:42:37.799    app     info:    [server-manager] Finished refresh cycle for Tranquility
2023-11-29 06:42:43.553    app     info:    [self-update] Checking for a launcher update...
2023-11-29 06:42:43.834    app     info:    [self-update] Currently running the latest launcher version. Scheduling update check in 5 minutes.
2023-11-29 06:44:18.063    app     info:    [ipc-requests] Handling requests in the background
2023-11-29 06:44:19.076    app     info:    [ipc-requests] No longer handling requests in the background
2023-11-29 06:45:33.711    app     info:    [ipc-requests] Handling requests in the background
2023-11-29 06:45:34.724    app     info:    [ipc-requests] No longer handling requests in the background
2023-11-29 06:46:19.026    app     info:    [ipc-requests] Handling requests in the background
2023-11-29 06:46:20.037    app     info:    [ipc-requests] No longer handling requests in the background
2023-11-29 06:47:00.631    app     info:    [ipc-requests] Handling requests in the background
2023-11-29 06:47:01.646    app     info:    [ipc-requests] No longer handling requests in the background
2023-11-29 06:47:24.017    app     info:    [ipc-requests] Handling requests in the background
2023-11-29 06:47:25.027    app     info:    [ipc-requests] No longer handling requests in the background
2023-11-29 06:47:37.806    app     info:    [server-manager] Starting refresh cycle for Tranquility
2023-11-29 06:47:37.976    app     info:    [server-manager] Previous Tranquility build: 2435360, current build: 2435360
2023-11-29 06:47:37.976    app     info:    [server-manager] Tranquility build is unchanged.
2023-11-29 06:47:37.980    app     info:    [server-manager] Ready to play!
2023-11-29 06:47:37.983    app     info:    [server-manager] Finished refresh cycle for Tranquility
2023-11-29 06:47:43.841    app     info:    [self-update] Checking for a launcher update...
2023-11-29 06:47:44.129    app     info:    [self-update] Currently running the latest launcher version. Scheduling update check in 5 minutes.
2023-11-29 06:47:53.909    app     info:    [ipc-requests] Handling requests in the background
2023-11-29 06:47:54.920    app     info:    [ipc-requests] No longer handling requests in the background
2023-11-29 06:48:10.222    app     info:    [ipc-requests] Handling requests in the background
2023-11-29 06:48:11.236    app     info:    [ipc-requests] No longer handling requests in the background
2023-11-29 06:48:24.266    app     info:    [ipc-requests] Handling requests in the background
2023-11-29 06:48:25.268    app     info:    [ipc-requests] No longer handling requests in the background
2023-11-29 06:48:49.391    app     info:    [ipc-requests] Handling requests in the background
2023-11-29 06:48:50.399    app     info:    [ipc-requests] No longer handling requests in the background
2023-11-29 06:50:09.471    app     info:    [ipc-requests] Handling requests in the background
2023-11-29 06:50:10.479    app     info:    [ipc-requests] No longer handling requests in the background
2023-11-29 06:50:13.864    app     info:    [ipc-requests] Handling requests in the background
2023-11-29 06:50:14.872    app     info:    [ipc-requests] No longer handling requests in the background
2023-11-29 06:52:37.999    app     info:    [server-manager] Starting refresh cycle for Tranquility
2023-11-29 06:52:38.140    app     info:    [server-manager] Previous Tranquility build: 2435360, current build: 2435360
2023-11-29 06:52:38.140    app     info:    [server-manager] Tranquility build is unchanged.
2023-11-29 06:52:38.144    app     info:    [server-manager] Ready to play!
2023-11-29 06:52:38.146    app     info:    [server-manager] Finished refresh cycle for Tranquility
2023-11-29 06:52:44.134    app     info:    [self-update] Checking for a launcher update...
2023-11-29 06:52:44.421    app     info:    [self-update] Currently running the latest launcher version. Scheduling update check in 5 minutes.
2023-11-29 06:53:20.799    app     info:    [ipc-requests] Handling requests in the background
2023-11-29 06:53:21.815    app     info:    [ipc-requests] No longer handling requests in the background
2023-11-29 06:54:02.339    app     info:    [ipc-requests] Handling requests in the background
2023-11-29 06:54:03.345    app     info:    [ipc-requests] No longer handling requests in the background
2023-11-29 06:54:14.027    app     info:    [ipc-requests] Handling requests in the background
2023-11-29 06:54:15.031    app     info:    [ipc-requests] No longer handling requests in the background
2023-11-29 06:54:16.159    app     info:    [ipc-requests] Handling requests in the background
2023-11-29 06:54:17.162    app     info:    [ipc-requests] No longer handling requests in the background
2023-11-29 06:56:39.849    app     info:    [ipc-requests] Handling requests in the background
2023-11-29 06:56:40.854    app     info:    [ipc-requests] No longer handling requests in the background
2023-11-29 06:56:41.722    app     info:    [ipc-requests] Handling requests in the background
2023-11-29 06:56:42.736    app     info:    [ipc-requests] No longer handling requests in the background
2023-11-29 06:56:44.146    app     info:    [ipc-requests] Handling requests in the background
2023-11-29 06:56:45.149    app     info:    [ipc-requests] No longer handling requests in the background
2023-11-29 06:56:47.083    app     info:    [ipc-requests] Handling requests in the background
2023-11-29 06:56:48.096    app     info:    [ipc-requests] No longer handling requests in the background
2023-11-29 06:57:32.619    app     info:    [ipc-requests] Handling requests in the background
2023-11-29 06:57:33.625    app     info:    [ipc-requests] No longer handling requests in the background
2023-11-29 06:57:38.156    app     info:    [server-manager] Starting refresh cycle for Tranquility
2023-11-29 06:57:38.280    app     info:    [server-manager] Previous Tranquility build: 2435360, current build: 2435360
2023-11-29 06:57:38.280    app     info:    [server-manager] Tranquility build is unchanged.
2023-11-29 06:57:38.284    app     info:    [server-manager] Ready to play!
2023-11-29 06:57:38.286    app     info:    [server-manager] Finished refresh cycle for Tranquility
2023-11-29 06:57:44.425    app     info:    [self-update] Checking for a launcher update...
2023-11-29 06:57:44.736    app     info:    [self-update] Currently running the latest launcher version. Scheduling update check in 5 minutes.
2023-11-29 06:57:48.663    app     info:    [ipc-requests] Handling requests in the background
2023-11-29 06:57:49.674    app     info:    [ipc-requests] No longer handling requests in the background
2023-11-29 06:58:07.294    app     info:    [ipc-requests] Handling requests in the background
2023-11-29 06:58:08.298    app     info:    [ipc-requests] No longer handling requests in the background
2023-11-29 06:58:25.682    app     info:    [ipc-requests] Handling requests in the background
2023-11-29 06:58:26.693    app     info:    [ipc-requests] No longer handling requests in the background
2023-11-29 06:58:30.936    app     info:    [ipc-requests] Handling requests in the background
2023-11-29 06:58:31.941    app     info:    [ipc-requests] No longer handling requests in the background
2023-11-29 06:58:57.153    app     info:    [ipc-requests] Handling requests in the background
2023-11-29 06:58:58.164    app     info:    [ipc-requests] No longer handling requests in the background
2023-11-29 06:59:22.024    app     info:    [ipc-requests] Handling requests in the background
2023-11-29 06:59:23.029    app     info:    [ipc-requests] No longer handling requests in the background
2023-11-29 06:59:33.754    app     info:    [ipc-requests] Handling requests in the background
2023-11-29 06:59:34.763    app     info:    [ipc-requests] No longer handling requests in the background
2023-11-29 06:59:50.289    app     info:    [ipc-requests] Handling requests in the background
2023-11-29 06:59:51.293    app     info:    [ipc-requests] No longer handling requests in the background
2023-11-29 07:00:24.898    app     info:    [ipc-requests] Handling requests in the background
2023-11-29 07:00:25.903    app     info:    [ipc-requests] No longer handling requests in the background
2023-11-29 07:00:39.739    app     info:    [ipc-requests] Handling requests in the background
2023-11-29 07:00:40.749    app     info:    [ipc-requests] No longer handling requests in the background
2023-11-29 07:01:31.950    app     info:    [ipc-requests] Handling requests in the background
2023-11-29 07:01:32.955    app     info:    [ipc-requests] No longer handling requests in the background
2023-11-29 07:02:01.259    app     info:    [ipc-requests] Handling requests in the background
2023-11-29 07:02:02.268    app     info:    [ipc-requests] No longer handling requests in the background
2023-11-29 07:02:38.290    app     info:    [server-manager] Starting refresh cycle for Tranquility
2023-11-29 07:02:38.418    app     info:    [server-manager] Previous Tranquility build: 2435360, current build: 2435360
2023-11-29 07:02:38.418    app     info:    [server-manager] Tranquility build is unchanged.
2023-11-29 07:02:38.422    app     info:    [server-manager] Ready to play!
2023-11-29 07:02:38.425    app     info:    [server-manager] Finished refresh cycle for Tranquility
2023-11-29 07:02:44.743    app     info:    [self-update] Checking for a launcher update...
2023-11-29 07:02:45.031    app     info:    [self-update] Currently running the latest launcher version. Scheduling update check in 5 minutes.
2023-11-29 07:02:47.628    app     info:    [ipc-requests] Handling requests in the background
2023-11-29 07:02:48.629    app     info:    [ipc-requests] No longer handling requests in the background
2023-11-29 07:03:46.301    app     info:    [ipc-requests] Handling requests in the background
2023-11-29 07:03:47.306    app     info:    [ipc-requests] No longer handling requests in the background
2023-11-29 07:07:38.428    app     info:    [server-manager] Starting refresh cycle for Tranquility
2023-11-29 07:07:38.581    app     info:    [server-manager] Previous Tranquility build: 2435360, current build: 2435360
2023-11-29 07:07:38.581    app     info:    [server-manager] Tranquility build is unchanged.
2023-11-29 07:07:38.584    app     info:    [server-manager] Ready to play!
2023-11-29 07:07:38.587    app     info:    [server-manager] Finished refresh cycle for Tranquility
2023-11-29 07:07:45.045    app     info:    [self-update] Checking for a launcher update...
2023-11-29 07:07:45.307    app     info:    [self-update] Currently running the latest launcher version. Scheduling update check in 5 minutes.
2023-11-29 07:12:38.598    app     info:    [server-manager] Starting refresh cycle for Tranquility
2023-11-29 07:12:39.801    app     info:    [server-manager] Previous Tranquility build: 2435360, current build: 2435360
2023-11-29 07:12:39.801    app     info:    [server-manager] Tranquility build is unchanged.
2023-11-29 07:12:39.805    app     info:    [server-manager] Ready to play!
2023-11-29 07:12:39.807    app     info:    [server-manager] Finished refresh cycle for Tranquility
2023-11-29 07:12:45.319    app     info:    [self-update] Checking for a launcher update...
2023-11-29 07:12:45.606    app     info:    [self-update] Currently running the latest launcher version. Scheduling update check in 5 minutes.
2023-11-29 07:17:39.819    app     info:    [server-manager] Starting refresh cycle for Tranquility
2023-11-29 07:17:40.090    app     info:    [server-manager] Previous Tranquility build: 2435360, current build: 2435360
2023-11-29 07:17:40.091    app     info:    [server-manager] Tranquility build is unchanged.
2023-11-29 07:17:40.094    app     info:    [server-manager] Ready to play!
2023-11-29 07:17:40.097    app     info:    [server-manager] Finished refresh cycle for Tranquility
2023-11-29 07:17:45.606    app     info:    [self-update] Checking for a launcher update...
2023-11-29 07:17:45.875    app     info:    [self-update] Currently running the latest launcher version. Scheduling update check in 5 minutes.
2023-11-29 07:22:40.101    app     info:    [server-manager] Starting refresh cycle for Tranquility
2023-11-29 07:22:40.263    app     info:    [server-manager] Previous Tranquility build: 2435360, current build: 2435360
2023-11-29 07:22:40.263    app     info:    [server-manager] Tranquility build is unchanged.
2023-11-29 07:22:40.267    app     info:    [server-manager] Ready to play!
2023-11-29 07:22:40.269    app     info:    [server-manager] Finished refresh cycle for Tranquility
2023-11-29 07:22:45.879    app     info:    [self-update] Checking for a launcher update...
2023-11-29 07:22:46.162    app     info:    [self-update] Currently running the latest launcher version. Scheduling update check in 5 minutes.
2023-11-29 07:25:40.949    app     info:    [ipc-requests] Handling requests in the background
2023-11-29 07:25:41.969    app     info:    [ipc-requests] No longer handling requests in the background
2023-11-29 07:25:45.001    app     info:    [ipc-requests] Handling requests in the background
2023-11-29 07:25:46.019    app     info:    [ipc-requests] No longer handling requests in the background
2023-11-29 07:27:40.290    app     info:    [server-manager] Starting refresh cycle for Tranquility
2023-11-29 07:27:40.438    app     info:    [server-manager] Previous Tranquility build: 2435360, current build: 2435360
2023-11-29 07:27:40.438    app     info:    [server-manager] Tranquility build is unchanged.
2023-11-29 07:27:40.442    app     info:    [server-manager] Ready to play!
2023-11-29 07:27:40.445    app     info:    [server-manager] Finished refresh cycle for Tranquility
2023-11-29 07:27:46.170    app     info:    [self-update] Checking for a launcher update...
2023-11-29 07:27:46.462    app     info:    [self-update] Currently running the latest launcher version. Scheduling update check in 5 minutes.
2023-11-29 07:31:36.305    app     info:    [creatives] Requesting creatives
2023-11-29 07:31:36.422    app     info:    [creatives] Received 3 creatives
2023-11-29 07:31:36.822    app     info:    [ipc-requests] Handling requests in the background
2023-11-29 07:31:37.830    app     info:    [ipc-requests] No longer handling requests in the background
2023-11-29 07:32:10.445    app     info:    [ipc-requests] Handling requests in the background
2023-11-29 07:32:11.448    app     info:    [ipc-requests] No longer handling requests in the background
2023-11-29 07:32:40.459    app     info:    [server-manager] Starting refresh cycle for Tranquility
2023-11-29 07:32:40.604    app     info:    [server-manager] Previous Tranquility build: 2435360, current build: 2435360
2023-11-29 07:32:40.605    app     info:    [server-manager] Tranquility build is unchanged.
2023-11-29 07:32:40.609    app     info:    [server-manager] Ready to play!
2023-11-29 07:32:40.611    app     info:    [server-manager] Finished refresh cycle for Tranquility
2023-11-29 07:32:46.477    app     info:    [self-update] Checking for a launcher update...
2023-11-29 07:32:46.768    app     info:    [self-update] Currently running the latest launcher version. Scheduling update check in 5 minutes.
2023-11-29 07:36:37.506    app     info:    [ipc-requests] Handling requests in the background
2023-11-29 07:36:38.511    app     info:    [ipc-requests] No longer handling requests in the background
2023-11-29 07:36:39.514    app     info:    [ipc-requests] Handling requests in the background
2023-11-29 07:36:40.528    app     info:    [ipc-requests] No longer handling requests in the background
2023-11-29 07:37:12.718    app     info:    [ipc-requests] Handling requests in the background
2023-11-29 07:37:13.738    app     info:    [ipc-requests] No longer handling requests in the background
2023-11-29 07:37:14.456    app     info:    [ipc-requests] Handling requests in the background
2023-11-29 07:37:15.468    app     info:    [ipc-requests] No longer handling requests in the background
2023-11-29 07:37:16.776    app     info:    [ipc-requests] Handling requests in the background
2023-11-29 07:37:17.788    app     info:    [ipc-requests] No longer handling requests in the background
2023-11-29 07:37:21.331    app     info:    [client-manager] 'tranquility' for EVE game client for '17525312' exited with no errors.
2023-11-29 07:37:21.332    app     info:    [elg-events] Sending event    eve_launcher.electron.eve_client.GameClientExited
2023-11-29 07:37:21.338    app     info:    [server-manager] Starting refresh cycle for Tranquility
2023-11-29 07:37:21.501    app     info:    [server-manager] Previous Tranquility build: 2435360, current build: 2435360
2023-11-29 07:37:21.501    app     info:    [server-manager] Tranquility build is unchanged.
2023-11-29 07:37:21.512    app     info:    [server-manager] Ready to play!
2023-11-29 07:37:21.519    app     info:    [server-manager] Finished refresh cycle for Tranquility
2023-11-29 07:37:21.672    app     info:    [ipc-requests] Handling requests in the background
2023-11-29 07:37:22.686    app     info:    [ipc-requests] No longer handling requests in the background
2023-11-29 07:37:25.989    app     info:    [ipc-requests] Handling requests in the background
2023-11-29 07:37:26.999    app     info:    [ipc-requests] No longer handling requests in the background
2023-11-29 07:37:46.782    app     info:    [self-update] Checking for a launcher update...
2023-11-29 07:37:47.074    app     info:    [self-update] Currently running the latest launcher version. Scheduling update check in 5 minutes.
