2023-11-28 11:51:34.168    app     info:    Startup arguments    []
2023-11-28 11:51:34.172    app     info:    [self-update] Checking for a launcher update...
2023-11-28 11:51:34.267    app     info:    [i18next] Changed language    en
2023-11-28 11:51:34.302    app     info:    [authentication] Token for '16492377' on 'tranquility' is expired, refresh is required
2023-11-28 11:51:34.303    app     info:    [authentication] Refreshing token for '16492377' on 'tranquility'
2023-11-28 11:51:34.303    app     info:    [authentication] Token for '17525312' on 'tranquility' is expired, refresh is required
2023-11-28 11:51:34.303    app     info:    [authentication] Refreshing token for '17525312' on 'tranquility'
2023-11-28 11:51:34.304    app     info:    [device-id] Device id found in state
2023-11-28 11:51:34.308    app     info:    [analytics] Application name:    EVE Online
2023-11-28 11:51:34.308    app     info:    [analytics] Application version:    0.4.9
2023-11-28 11:51:34.308    app     info:    [analytics] Domain    undefined
2023-11-28 11:51:34.311    app     info:    [analytics] Working directory    C:\Users\REDACTED\AppData\Local\eve-online\app-0.4.9
2023-11-28 11:51:34.312    app     info:    [analytics] Username contains UTF8?    false
2023-11-28 11:51:34.600    app     info:    [elg-events] Sending event    eve_launcher.electron.application.PdmLoaded
2023-11-28 11:51:34.603    app     info:    [analytics] Operating system    {
  type: 'Windows',
  name: 'Windows 10 Education',
  version: '10.0 (19045)'
}
2023-11-28 11:51:34.604    app     info:    [analytics] Encryption available:    true
2023-11-28 11:51:34.604    app     info:    [analytics] Machine UUID    4E9F516C-5B97-47C6-8C67-E93D943CB7C8
2023-11-28 11:51:34.604    app     info:    [analytics] PDM Version    2.1.4
2023-11-28 11:51:34.605    app     info:    [analytics] Release channel    release
2023-11-28 11:51:34.610    app     info:    [initializers] Shared cache directory set to    C:\CCP\EVE Online
2023-11-28 11:51:34.620    app     info:    [initializers] Shared cache drive free space: 118,81 GiB / 465,75 GiB
2023-11-28 11:51:34.627    app     info:    [elg-events] Sending event    eve_launcher.electron.application.LauncherStarted
2023-11-28 11:51:34.630    app     info:    [elg-events] Sending event    eve_launcher.electron.application.CoreDataLoaded
2023-11-28 11:51:34.631    app     info:    [cdn-trace] Fetching CDN trace data from https://binaries.eveonline.com/cdn-cgi/trace
2023-11-28 11:51:34.708    app     info:    [self-update] Currently running the latest launcher version. Scheduling update check in 5 minutes.
2023-11-28 11:51:34.722    app     info:    [first-run] First application run was at 2023-11-27T10:29:20.506Z
2023-11-28 11:51:34.726    app     info:    [feature-flags] Initializing client: 4a436adb...
2023-11-28 11:51:34.750    app     info:    [cache-protocol] Found 0 entries to remove
2023-11-28 11:51:34.751    app     info:    [cache-protocol] Nothing to clean up.
2023-11-28 11:51:34.805    app     info:    [server-manager] Starting refresh cycle for Tranquility
2023-11-28 11:51:34.832    app     info:    [customer-information] Agreements have been updated
2023-11-28 11:51:34.878    app     info:    info: [LaunchDarkly] LaunchDarkly client initialized    []
2023-11-28 11:51:34.878    app     info:    info: [LaunchDarkly] Opening stream connection to https://clientstream.launchdarkly.com/eval/64c3d12e27a4b11365012d39/eyJrZXkiOiI0YTQzNmFkYi00Yjk5LTQwYTctODViMC00MmUyMDZmNDEyODYiLCJraW5kIjoidXNlciIsImN1c3RvbSI6eyJpc0ZpcnN0UnVuIjpmYWxzZSwiZGF5c1NpbmNlRmlyc3RSdW4iOjEsImxhbmd1YWdlIjoiZW4iLCJhcHBsaWNhdGlvbiI6ImV2ZS1vbmxpbmUiLCJ2ZXJzaW9uIjoiMC40LjkiLCJwbGF0Zm9ybSI6IndpbmRvd3MiLCJ1c2VySWRzIjpbMTY0OTIzNzcsMTc1MjUzMTJdLCJjaGFyYWN0ZXJJZHMiOlsyMTEzODc1MTM5LDIxMTQ2NTYxMjcsMjEyMTE3NDg3MSwyMTIxMTc4Mzk2XSwib21lZ2FDb3VudCI6MCwiYWxwaGFDb3VudCI6MiwiYWNjb3VudENvdW50IjoyLCJvbGRlc3RBY2NvdW50QWdlIjoyMDkzLCJ5b3VuZ2VzdEFjY291bnRBZ2UiOjE4NDh9fQ?withReasons=true    []
2023-11-28 11:51:34.880    app     info:    [feature-flags] Received 13 flags for client 4a436adb...
2023-11-28 11:51:34.881    app     info:    [feature-flags] Client initialized with key 4a436adb...
2023-11-28 11:51:34.882    app     info:    [feature-flags] Client 4a436adb has 0 flags running...
2023-11-28 11:51:34.887    app     info:    [authentication] Token for '16492377' on 'tranquility' has been successfully refreshed
2023-11-28 11:51:34.888    app     info:    [elg-events] Sending event    eve_launcher.electron.authentication.UserTokensRefreshed
2023-11-28 11:51:34.889    app     info:    [AuthenticationMiddleware] Character information for '16492377' on 'tranquility' was loaded recently, skipping refresh.
2023-11-28 11:51:34.890    app     info:    [AuthenticationMiddleware] Plex information for '16492377' on 'tranquility' was loaded recently, skipping refresh.
2023-11-28 11:51:34.902    app     info:    [AuthenticationMiddleware] User information updated
2023-11-28 11:51:34.902    app     info:    [authentication] Token for '17525312' on 'tranquility' has been successfully refreshed
2023-11-28 11:51:34.903    app     info:    [elg-events] Sending event    eve_launcher.electron.authentication.UserTokensRefreshed
2023-11-28 11:51:34.904    app     info:    [AuthenticationMiddleware] Character information for '17525312' on 'tranquility' was loaded recently, skipping refresh.
2023-11-28 11:51:34.904    app     info:    [AuthenticationMiddleware] Plex information for '17525312' on 'tranquility' was loaded recently, skipping refresh.
2023-11-28 11:51:34.917    app     info:    [AuthenticationMiddleware] Successfully restored 2 / 2 users
2023-11-28 11:51:34.917    app     info:    [AuthenticationMiddleware] User information updated
2023-11-28 11:51:34.940    app     info:    [server-manager] Previous Tranquility build: 2435360, current build: 2435360
2023-11-28 11:51:34.941    app     info:    [server-manager] Tranquility build is unchanged.
2023-11-28 11:51:34.944    app     info:    [server-manager] Ready to play!
2023-11-28 11:51:34.945    app     info:    [server-manager] Finished refresh cycle for Tranquility
2023-11-28 11:51:35.440    app     warn:    [steam-auth] Failed to initialize Steamworks client
2023-11-28 11:51:35.445    app     info:    [main-window] Registering main window    { windowId: 2 }
2023-11-28 11:51:35.453    app     info:    [cdn-trace] Fetching CDN trace data from https://binaries.eveonline.com/cdn-cgi/trace
2023-11-28 11:51:35.454    app     info:    [creatives] Requesting creatives
2023-11-28 11:51:35.459    app     info:    [elg-events] Sending event    eve_launcher.electron.application.RendererLoaded
2023-11-28 11:51:35.580    app     info:    [creatives] Received 3 creatives
2023-11-28 11:51:35.881     ui     info:    Initializing captcha    ccp://launcher/renderer/main_window/index.js    2
2023-11-28 11:51:42.960    app     info:    [analytics] Hardware rendering enabled:    true    { disabledViaCommandline: false, disabledViaSettings: false }
2023-11-28 11:51:44.446    app     info:    [AuthenticationMiddleware] Character information for '17525312' on 'tranquility' was loaded recently, skipping refresh.
2023-11-28 11:51:44.446    app     info:    [AuthenticationMiddleware] Plex information for '17525312' on 'tranquility' was loaded recently, skipping refresh.
2023-11-28 11:51:45.845    app     info:    [AuthenticationMiddleware] Character information for '17525312' on 'tranquility' was loaded recently, skipping refresh.
2023-11-28 11:51:45.845    app     info:    [AuthenticationMiddleware] Plex information for '17525312' on 'tranquility' was loaded recently, skipping refresh.
2023-11-28 11:51:58.486    app     info:    [AuthenticationMiddleware] Character information for '16492377' on 'tranquility' was loaded recently, skipping refresh.
2023-11-28 11:51:58.486    app     info:    [AuthenticationMiddleware] Plex information for '16492377' on 'tranquility' was loaded recently, skipping refresh.
2023-11-28 11:52:01.179    app     info:    [AuthenticationMiddleware] Character information for '17525312' on 'tranquility' was loaded recently, skipping refresh.
2023-11-28 11:52:01.180    app     info:    [AuthenticationMiddleware] Plex information for '17525312' on 'tranquility' was loaded recently, skipping refresh.
2023-11-28 11:52:04.940    app     warn:    Could not connect to LogLite    [
  Error: connect ECONNREFUSED 127.0.0.1:3273
      at TCPConnectWrap.afterConnect [as oncomplete] (node:net:1247:16) {
    errno: -4078,
    code: 'ECONNREFUSED',
    syscall: 'connect',
    address: '127.0.0.1',
    port: 3273
  }
]
2023-11-28 11:52:05.499    app     info:    [client-queue] Queued client startup    {
  tenant: 'tranquility',
  userId: 17525312,
  characterId: 2121178396,
  profile: ''
}
2023-11-28 11:52:05.501    app     info:    [elg-events] Sending event    eve_launcher.electron.eve_client.ClientQueued
2023-11-28 11:52:05.501    app     info:    [client-queue] No clients running for tranquility, copying files before starting a client
2023-11-28 11:52:05.506    app     info:    [elg-events] Sending event    eve_launcher.electron.eve_client.CopyingFilesStarted
2023-11-28 11:52:05.506    app     info:    [binary-copier] Copying 198 files (213 MB) to 'C:\CCP\EVE Online\tq'
2023-11-28 11:52:05.523    app     info:    [binary-copier] Removing old binaries
2023-11-28 11:52:05.554    app     info:    [binary-copier] Copying binaries from ResFiles
2023-11-28 11:52:05.949    app     info:    [binary-copier] Finished copying 198 files to 'C:\CCP\EVE Online\tq' in 0.445 seconds
2023-11-28 11:52:05.950    app     info:    [elg-events] Sending event    eve_launcher.electron.eve_client.CopyingFilesFinished
2023-11-28 11:52:05.955    app     info:    [client-manager] Starting EVE Online game client.    C:\CCP\EVE Online\tq\bin64\exefile.exe    Map(11) {
  'noconsole' => '/noconsole',
  'server' => '/server:tranquility.servers.eveonline.com',
  'triplatform' => '/triplatform=dx12',
  'ssotoken' => '/ssoToken=***',
  'refreshtoken' => '/refreshToken=***',
  'settingsprofile' => '/settingsprofile=Default',
  'deviceid' => '/deviceID=4a436adb-4b99-40a7-85b0-42e206f41286',
  'autoselectcharacter' => '/autoSelectCharacter:2121178396',
  'language' => '/language=en',
  'exp' => '1701172893',
  'tokenExpires' => '2023-11-28 14:01:33.000'
}    17525312
2023-11-28 11:52:05.957    app     info:    [elg-events] Sending event    eve_launcher.electron.eve_client.GameClientStartRequested
2023-11-28 11:52:05.986    app     info:    [elg-events] Sending event    eve_launcher.electron.eve_client.TemporaryClientProcessAdded
2023-11-28 11:52:05.989    app     info:    [client-queue] Started client from group startup    {
  tenant: 'tranquility',
  characterId: 2121178396,
  profile: '',
  userId: 17525312
}
2023-11-28 11:52:06.511    app     info:    [elg-events] Sending event    eve_launcher.electron.eve_client.TemporaryClientProcessMonitoringRetried
2023-11-28 11:52:06.523    app     info:    [client-manager] Found 'tranquility' client for '17525312' running:     {
  processId: 10544,
  createdDate: 1701172326031,
  userId: 17525312,
  characterId: 2121178396,
  profile: 'Default',
  dxVersion: 'dx12'
}
2023-11-28 11:52:06.534    app     info:    [elg-events] Sending event    eve_launcher.electron.eve_client.GameClientStarted
2023-11-28 11:52:06.540    app     info:    [elg-events] Sending event    eve_launcher.electron.eve_client.TemporaryClientProcessRemoved
2023-11-28 11:52:06.999    app     info:    [client-queue] Queue has stopped running, no more clients pending startup.
2023-11-28 11:55:22.934    app     info:    [ipc-requests] Handling requests in the background
2023-11-28 11:55:23.936    app     info:    [ipc-requests] No longer handling requests in the background
2023-11-28 11:56:02.723    app     info:    [ipc-requests] Handling requests in the background
2023-11-28 11:56:03.741    app     info:    [ipc-requests] No longer handling requests in the background
2023-11-28 11:56:27.480    app     info:    [ipc-requests] Handling requests in the background
2023-11-28 11:56:28.491    app     info:    [ipc-requests] No longer handling requests in the background
2023-11-28 11:56:34.708    app     info:    [self-update] Checking for a launcher update...
2023-11-28 11:56:34.943    app     info:    [server-manager] Starting refresh cycle for Tranquility
2023-11-28 11:56:34.989    app     info:    [self-update] Currently running the latest launcher version. Scheduling update check in 5 minutes.
2023-11-28 11:56:35.068    app     info:    [server-manager] Previous Tranquility build: 2435360, current build: 2435360
2023-11-28 11:56:35.068    app     info:    [server-manager] Tranquility build is unchanged.
2023-11-28 11:56:35.074    app     info:    [server-manager] Ready to play!
2023-11-28 11:56:35.076    app     info:    [server-manager] Finished refresh cycle for Tranquility
2023-11-28 11:56:41.145    app     info:    [ipc-requests] Handling requests in the background
2023-11-28 11:56:42.148    app     info:    [ipc-requests] No longer handling requests in the background
2023-11-28 11:56:45.660    app     info:    [ipc-requests] Handling requests in the background
2023-11-28 11:56:46.667    app     info:    [ipc-requests] No longer handling requests in the background
2023-11-28 11:56:47.360    app     info:    [ipc-requests] Handling requests in the background
2023-11-28 11:56:48.367    app     info:    [ipc-requests] No longer handling requests in the background
2023-11-28 11:56:53.504    app     info:    [ipc-requests] Handling requests in the background
2023-11-28 11:56:54.507    app     info:    [ipc-requests] No longer handling requests in the background
2023-11-28 11:57:27.920    app     info:    [ipc-requests] Handling requests in the background
2023-11-28 11:57:28.937    app     info:    [ipc-requests] No longer handling requests in the background
2023-11-28 12:01:34.997    app     info:    [self-update] Checking for a launcher update...
2023-11-28 12:01:35.093    app     info:    [server-manager] Starting refresh cycle for Tranquility
2023-11-28 12:01:35.246    app     info:    [server-manager] Previous Tranquility build: 2435360, current build: 2435360
2023-11-28 12:01:35.246    app     info:    [server-manager] Tranquility build is unchanged.
2023-11-28 12:01:35.250    app     info:    [server-manager] Ready to play!
2023-11-28 12:01:35.253    app     info:    [server-manager] Finished refresh cycle for Tranquility
2023-11-28 12:01:35.281    app     info:    [self-update] Currently running the latest launcher version. Scheduling update check in 5 minutes.
2023-11-28 12:06:35.258    app     info:    [server-manager] Starting refresh cycle for Tranquility
2023-11-28 12:06:35.297    app     info:    [self-update] Checking for a launcher update...
2023-11-28 12:06:35.447    app     info:    [server-manager] Previous Tranquility build: 2435360, current build: 2435360
2023-11-28 12:06:35.447    app     info:    [server-manager] Tranquility build is unchanged.
2023-11-28 12:06:35.451    app     info:    [server-manager] Ready to play!
2023-11-28 12:06:35.453    app     info:    [server-manager] Finished refresh cycle for Tranquility
2023-11-28 12:06:35.583    app     info:    [self-update] Currently running the latest launcher version. Scheduling update check in 5 minutes.
2023-11-28 12:11:35.455    app     info:    [server-manager] Starting refresh cycle for Tranquility
2023-11-28 12:11:35.596    app     info:    [self-update] Checking for a launcher update...
2023-11-28 12:11:35.639    app     info:    [server-manager] Previous Tranquility build: 2435360, current build: 2435360
2023-11-28 12:11:35.639    app     info:    [server-manager] Tranquility build is unchanged.
2023-11-28 12:11:35.643    app     info:    [server-manager] Ready to play!
2023-11-28 12:11:35.646    app     info:    [server-manager] Finished refresh cycle for Tranquility
2023-11-28 12:11:35.880    app     info:    [self-update] Currently running the latest launcher version. Scheduling update check in 5 minutes.
2023-11-28 12:14:52.794    app     info:    [ipc-requests] Handling requests in the background
2023-11-28 12:14:53.796    app     info:    [ipc-requests] No longer handling requests in the background
2023-11-28 12:16:35.652    app     info:    [server-manager] Starting refresh cycle for Tranquility
2023-11-28 12:16:35.806    app     info:    [server-manager] Previous Tranquility build: 2435360, current build: 2435360
2023-11-28 12:16:35.806    app     info:    [server-manager] Tranquility build is unchanged.
2023-11-28 12:16:35.809    app     info:    [server-manager] Ready to play!
2023-11-28 12:16:35.812    app     info:    [server-manager] Finished refresh cycle for Tranquility
2023-11-28 12:16:35.896    app     info:    [self-update] Checking for a launcher update...
2023-11-28 12:16:36.174    app     info:    [self-update] Currently running the latest launcher version. Scheduling update check in 5 minutes.
2023-11-28 12:21:35.818    app     info:    [server-manager] Starting refresh cycle for Tranquility
2023-11-28 12:21:35.975    app     info:    [server-manager] Previous Tranquility build: 2435360, current build: 2435360
2023-11-28 12:21:35.976    app     info:    [server-manager] Tranquility build is unchanged.
2023-11-28 12:21:35.979    app     info:    [server-manager] Ready to play!
2023-11-28 12:21:35.981    app     info:    [server-manager] Finished refresh cycle for Tranquility
2023-11-28 12:21:36.177    app     info:    [self-update] Checking for a launcher update...
2023-11-28 12:21:36.465    app     info:    [self-update] Currently running the latest launcher version. Scheduling update check in 5 minutes.
2023-11-28 12:26:35.987    app     info:    [server-manager] Starting refresh cycle for Tranquility
2023-11-28 12:26:36.132    app     info:    [server-manager] Previous Tranquility build: 2435360, current build: 2435360
2023-11-28 12:26:36.132    app     info:    [server-manager] Tranquility build is unchanged.
2023-11-28 12:26:36.136    app     info:    [server-manager] Ready to play!
2023-11-28 12:26:36.138    app     info:    [server-manager] Finished refresh cycle for Tranquility
2023-11-28 12:26:36.466    app     info:    [self-update] Checking for a launcher update...
2023-11-28 12:26:36.745    app     info:    [self-update] Currently running the latest launcher version. Scheduling update check in 5 minutes.
2023-11-28 12:31:36.146    app     info:    [server-manager] Starting refresh cycle for Tranquility
2023-11-28 12:31:36.284    app     info:    [server-manager] Previous Tranquility build: 2435360, current build: 2435360
2023-11-28 12:31:36.285    app     info:    [server-manager] Tranquility build is unchanged.
2023-11-28 12:31:36.288    app     info:    [server-manager] Ready to play!
2023-11-28 12:31:36.290    app     info:    [server-manager] Finished refresh cycle for Tranquility
2023-11-28 12:31:36.745    app     info:    [self-update] Checking for a launcher update...
2023-11-28 12:31:37.028    app     info:    [self-update] Currently running the latest launcher version. Scheduling update check in 5 minutes.
2023-11-28 12:36:36.307    app     info:    [server-manager] Starting refresh cycle for Tranquility
2023-11-28 12:36:36.448    app     info:    [server-manager] Previous Tranquility build: 2435360, current build: 2435360
2023-11-28 12:36:36.448    app     info:    [server-manager] Tranquility build is unchanged.
2023-11-28 12:36:36.451    app     info:    [server-manager] Ready to play!
2023-11-28 12:36:36.453    app     info:    [server-manager] Finished refresh cycle for Tranquility
2023-11-28 12:36:37.046    app     info:    [self-update] Checking for a launcher update...
2023-11-28 12:36:37.329    app     info:    [self-update] Currently running the latest launcher version. Scheduling update check in 5 minutes.
2023-11-28 12:41:36.456    app     info:    [server-manager] Starting refresh cycle for Tranquility
2023-11-28 12:41:36.629    app     info:    [server-manager] Previous Tranquility build: 2435360, current build: 2435360
2023-11-28 12:41:36.629    app     info:    [server-manager] Tranquility build is unchanged.
2023-11-28 12:41:36.633    app     info:    [server-manager] Ready to play!
2023-11-28 12:41:36.635    app     info:    [server-manager] Finished refresh cycle for Tranquility
2023-11-28 12:41:37.336    app     info:    [self-update] Checking for a launcher update...
2023-11-28 12:41:37.622    app     info:    [self-update] Currently running the latest launcher version. Scheduling update check in 5 minutes.
2023-11-28 12:46:36.636    app     info:    [server-manager] Starting refresh cycle for Tranquility
2023-11-28 12:46:36.880    app     info:    [server-manager] Previous Tranquility build: 2435360, current build: 2435360
2023-11-28 12:46:36.880    app     info:    [server-manager] Tranquility build is unchanged.
2023-11-28 12:46:36.884    app     info:    [server-manager] Ready to play!
2023-11-28 12:46:36.886    app     info:    [server-manager] Finished refresh cycle for Tranquility
2023-11-28 12:46:37.634    app     info:    [self-update] Checking for a launcher update...
2023-11-28 12:46:37.916    app     info:    [self-update] Currently running the latest launcher version. Scheduling update check in 5 minutes.
2023-11-28 12:51:36.896    app     info:    [server-manager] Starting refresh cycle for Tranquility
2023-11-28 12:51:37.071    app     info:    [server-manager] Previous Tranquility build: 2435360, current build: 2435360
2023-11-28 12:51:37.071    app     info:    [server-manager] Tranquility build is unchanged.
2023-11-28 12:51:37.074    app     info:    [server-manager] Ready to play!
2023-11-28 12:51:37.077    app     info:    [server-manager] Finished refresh cycle for Tranquility
2023-11-28 12:51:37.935    app     info:    [self-update] Checking for a launcher update...
2023-11-28 12:51:38.217    app     info:    [self-update] Currently running the latest launcher version. Scheduling update check in 5 minutes.
2023-11-28 12:56:37.095    app     info:    [server-manager] Starting refresh cycle for Tranquility
2023-11-28 12:56:37.248    app     info:    [server-manager] Previous Tranquility build: 2435360, current build: 2435360
2023-11-28 12:56:37.249    app     info:    [server-manager] Tranquility build is unchanged.
2023-11-28 12:56:37.252    app     info:    [server-manager] Ready to play!
2023-11-28 12:56:37.254    app     info:    [server-manager] Finished refresh cycle for Tranquility
2023-11-28 12:56:38.234    app     info:    [self-update] Checking for a launcher update...
2023-11-28 12:56:38.517    app     info:    [self-update] Currently running the latest launcher version. Scheduling update check in 5 minutes.
2023-11-28 13:01:37.271    app     info:    [server-manager] Starting refresh cycle for Tranquility
2023-11-28 13:01:37.402    app     info:    [server-manager] Previous Tranquility build: 2435360, current build: 2435360
2023-11-28 13:01:37.402    app     info:    [server-manager] Tranquility build is unchanged.
2023-11-28 13:01:37.405    app     info:    [server-manager] Ready to play!
2023-11-28 13:01:37.408    app     info:    [server-manager] Finished refresh cycle for Tranquility
2023-11-28 13:01:38.534    app     info:    [self-update] Checking for a launcher update...
2023-11-28 13:01:38.819    app     info:    [self-update] Currently running the latest launcher version. Scheduling update check in 5 minutes.
2023-11-28 13:06:37.416    app     info:    [server-manager] Starting refresh cycle for Tranquility
2023-11-28 13:06:37.537    app     info:    [server-manager] Previous Tranquility build: 2435360, current build: 2435360
2023-11-28 13:06:37.537    app     info:    [server-manager] Tranquility build is unchanged.
2023-11-28 13:06:37.541    app     info:    [server-manager] Ready to play!
2023-11-28 13:06:37.543    app     info:    [server-manager] Finished refresh cycle for Tranquility
2023-11-28 13:06:38.825    app     info:    [self-update] Checking for a launcher update...
2023-11-28 13:06:39.107    app     info:    [self-update] Currently running the latest launcher version. Scheduling update check in 5 minutes.
2023-11-28 13:08:36.236    app     info:    [creatives] Requesting creatives
2023-11-28 13:08:36.359    app     info:    [creatives] Received 3 creatives
2023-11-28 13:08:37.187    app     info:    [ipc-requests] Handling requests in the background
2023-11-28 13:08:38.195    app     info:    [ipc-requests] No longer handling requests in the background
2023-11-28 13:11:37.545    app     info:    [server-manager] Starting refresh cycle for Tranquility
2023-11-28 13:11:37.726    app     info:    [server-manager] Previous Tranquility build: 2435360, current build: 2435360
2023-11-28 13:11:37.726    app     info:    [server-manager] Tranquility build is unchanged.
2023-11-28 13:11:37.730    app     info:    [server-manager] Ready to play!
2023-11-28 13:11:37.733    app     info:    [server-manager] Finished refresh cycle for Tranquility
2023-11-28 13:11:39.113    app     info:    [self-update] Checking for a launcher update...
2023-11-28 13:11:39.388    app     info:    [self-update] Currently running the latest launcher version. Scheduling update check in 5 minutes.
2023-11-28 13:16:12.998    app     info:    [ipc-requests] Handling requests in the background
2023-11-28 13:16:14.004    app     info:    [ipc-requests] No longer handling requests in the background
2023-11-28 13:16:37.755    app     info:    [server-manager] Starting refresh cycle for Tranquility
2023-11-28 13:16:37.915    app     info:    [server-manager] Previous Tranquility build: 2435360, current build: 2435360
2023-11-28 13:16:37.915    app     info:    [server-manager] Tranquility build is unchanged.
2023-11-28 13:16:37.919    app     info:    [server-manager] Ready to play!
2023-11-28 13:16:37.921    app     info:    [server-manager] Finished refresh cycle for Tranquility
2023-11-28 13:16:39.399    app     info:    [self-update] Checking for a launcher update...
2023-11-28 13:16:39.678    app     info:    [self-update] Currently running the latest launcher version. Scheduling update check in 5 minutes.
2023-11-28 13:21:37.936    app     info:    [server-manager] Starting refresh cycle for Tranquility
2023-11-28 13:21:38.071    app     info:    [server-manager] Previous Tranquility build: 2435360, current build: 2435360
2023-11-28 13:21:38.071    app     info:    [server-manager] Tranquility build is unchanged.
2023-11-28 13:21:38.075    app     info:    [server-manager] Ready to play!
2023-11-28 13:21:38.078    app     info:    [server-manager] Finished refresh cycle for Tranquility
2023-11-28 13:21:38.491    app     info:    [ipc-requests] Handling requests in the background
2023-11-28 13:21:39.505    app     info:    [ipc-requests] No longer handling requests in the background
2023-11-28 13:21:39.685    app     info:    [self-update] Checking for a launcher update...
2023-11-28 13:21:39.969    app     info:    [self-update] Currently running the latest launcher version. Scheduling update check in 5 minutes.
2023-11-28 13:26:38.084    app     info:    [server-manager] Starting refresh cycle for Tranquility
2023-11-28 13:26:38.232    app     info:    [server-manager] Previous Tranquility build: 2435360, current build: 2435360
2023-11-28 13:26:38.232    app     info:    [server-manager] Tranquility build is unchanged.
2023-11-28 13:26:38.236    app     info:    [server-manager] Ready to play!
2023-11-28 13:26:38.238    app     info:    [server-manager] Finished refresh cycle for Tranquility
2023-11-28 13:26:39.983    app     info:    [self-update] Checking for a launcher update...
2023-11-28 13:26:40.252    app     info:    [self-update] Currently running the latest launcher version. Scheduling update check in 5 minutes.
2023-11-28 13:31:38.254    app     info:    [server-manager] Starting refresh cycle for Tranquility
2023-11-28 13:31:38.406    app     info:    [server-manager] Previous Tranquility build: 2435360, current build: 2435360
2023-11-28 13:31:38.407    app     info:    [server-manager] Tranquility build is unchanged.
2023-11-28 13:31:38.410    app     info:    [server-manager] Ready to play!
2023-11-28 13:31:38.412    app     info:    [server-manager] Finished refresh cycle for Tranquility
2023-11-28 13:31:40.253    app     info:    [self-update] Checking for a launcher update...
2023-11-28 13:31:40.540    app     info:    [self-update] Currently running the latest launcher version. Scheduling update check in 5 minutes.
2023-11-28 13:36:38.425    app     info:    [server-manager] Starting refresh cycle for Tranquility
2023-11-28 13:36:39.134    app     info:    [server-manager] Previous Tranquility build: 2435360, current build: 2435360
2023-11-28 13:36:39.135    app     info:    [server-manager] Tranquility build is unchanged.
2023-11-28 13:36:39.138    app     info:    [server-manager] Ready to play!
2023-11-28 13:36:39.140    app     info:    [server-manager] Finished refresh cycle for Tranquility
2023-11-28 13:36:40.544    app     info:    [self-update] Checking for a launcher update...
2023-11-28 13:36:40.816    app     info:    [self-update] Currently running the latest launcher version. Scheduling update check in 5 minutes.
2023-11-28 13:41:39.154    app     info:    [server-manager] Starting refresh cycle for Tranquility
2023-11-28 13:41:39.326    app     info:    [server-manager] Previous Tranquility build: 2435360, current build: 2435360
2023-11-28 13:41:39.326    app     info:    [server-manager] Tranquility build is unchanged.
2023-11-28 13:41:39.329    app     info:    [server-manager] Ready to play!
2023-11-28 13:41:39.332    app     info:    [server-manager] Finished refresh cycle for Tranquility
2023-11-28 13:41:40.833    app     info:    [self-update] Checking for a launcher update...
2023-11-28 13:41:41.117    app     info:    [self-update] Currently running the latest launcher version. Scheduling update check in 5 minutes.
2023-11-28 13:46:39.334    app     info:    [server-manager] Starting refresh cycle for Tranquility
2023-11-28 13:46:39.557    app     info:    [server-manager] Previous Tranquility build: 2435360, current build: 2435360
2023-11-28 13:46:39.557    app     info:    [server-manager] Tranquility build is unchanged.
2023-11-28 13:46:39.560    app     info:    [server-manager] Ready to play!
2023-11-28 13:46:39.562    app     info:    [server-manager] Finished refresh cycle for Tranquility
2023-11-28 13:46:41.132    app     info:    [self-update] Checking for a launcher update...
2023-11-28 13:46:41.394    app     info:    [self-update] Currently running the latest launcher version. Scheduling update check in 5 minutes.
2023-11-28 13:51:39.574    app     info:    [server-manager] Starting refresh cycle for Tranquility
2023-11-28 13:51:39.749    app     info:    [server-manager] Previous Tranquility build: 2435360, current build: 2435360
2023-11-28 13:51:39.749    app     info:    [server-manager] Tranquility build is unchanged.
2023-11-28 13:51:39.753    app     info:    [server-manager] Ready to play!
2023-11-28 13:51:39.756    app     info:    [server-manager] Finished refresh cycle for Tranquility
2023-11-28 13:51:41.414    app     info:    [self-update] Checking for a launcher update...
2023-11-28 13:51:41.700    app     info:    [self-update] Currently running the latest launcher version. Scheduling update check in 5 minutes.
2023-11-28 13:51:53.312    app     info:    [ipc-requests] Handling requests in the background
2023-11-28 13:51:54.323    app     info:    [ipc-requests] No longer handling requests in the background
2023-11-28 13:52:05.214    app     info:    [ipc-requests] Handling requests in the background
2023-11-28 13:52:06.222    app     info:    [ipc-requests] No longer handling requests in the background
2023-11-28 13:52:28.302    app     info:    [ipc-requests] Handling requests in the background
2023-11-28 13:52:29.303    app     info:    [ipc-requests] No longer handling requests in the background
2023-11-28 13:52:49.854    app     info:    [ipc-requests] Handling requests in the background
2023-11-28 13:52:50.863    app     info:    [ipc-requests] No longer handling requests in the background
2023-11-28 13:53:27.409    app     info:    [ipc-requests] Handling requests in the background
2023-11-28 13:53:28.422    app     info:    [ipc-requests] No longer handling requests in the background
2023-11-28 13:53:30.670    app     info:    [ipc-requests] Handling requests in the background
2023-11-28 13:53:31.681    app     info:    [ipc-requests] No longer handling requests in the background
2023-11-28 13:54:41.687    app     info:    [ipc-requests] Handling requests in the background
2023-11-28 13:54:42.701    app     info:    [ipc-requests] No longer handling requests in the background
2023-11-28 13:55:03.360    app     info:    [ipc-requests] Handling requests in the background
2023-11-28 13:55:04.368    app     info:    [ipc-requests] No longer handling requests in the background
2023-11-28 13:55:20.656    app     info:    [ipc-requests] Handling requests in the background
2023-11-28 13:55:21.673    app     info:    [ipc-requests] No longer handling requests in the background
2023-11-28 13:56:39.764    app     info:    [server-manager] Starting refresh cycle for Tranquility
2023-11-28 13:56:40.215    app     info:    [server-manager] Previous Tranquility build: 2435360, current build: 2435360
2023-11-28 13:56:40.215    app     info:    [server-manager] Tranquility build is unchanged.
2023-11-28 13:56:40.219    app     info:    [server-manager] Ready to play!
2023-11-28 13:56:40.221    app     info:    [server-manager] Finished refresh cycle for Tranquility
2023-11-28 13:56:41.702    app     info:    [self-update] Checking for a launcher update...
2023-11-28 13:56:41.993    app     info:    [self-update] Currently running the latest launcher version. Scheduling update check in 5 minutes.
2023-11-28 14:01:40.223    app     info:    [server-manager] Starting refresh cycle for Tranquility
2023-11-28 14:01:40.332    app     info:    [server-manager] Previous Tranquility build: 2435360, current build: 2435360
2023-11-28 14:01:40.333    app     info:    [server-manager] Tranquility build is unchanged.
2023-11-28 14:01:40.336    app     info:    [server-manager] Ready to play!
2023-11-28 14:01:40.338    app     info:    [server-manager] Finished refresh cycle for Tranquility
2023-11-28 14:01:42.002    app     info:    [self-update] Checking for a launcher update...
2023-11-28 14:01:42.290    app     info:    [self-update] Currently running the latest launcher version. Scheduling update check in 5 minutes.
2023-11-28 14:03:21.861    app     info:    [ipc-requests] Handling requests in the background
2023-11-28 14:03:22.870    app     info:    [ipc-requests] No longer handling requests in the background
2023-11-28 14:03:50.967    app     info:    [ipc-requests] Handling requests in the background
2023-11-28 14:03:51.972    app     info:    [ipc-requests] No longer handling requests in the background
2023-11-28 14:03:56.224    app     info:    [ipc-requests] Handling requests in the background
2023-11-28 14:03:57.241    app     info:    [ipc-requests] No longer handling requests in the background
2023-11-28 14:04:26.279    app     info:    [ipc-requests] Handling requests in the background
2023-11-28 14:04:27.283    app     info:    [ipc-requests] No longer handling requests in the background
2023-11-28 14:04:27.856    app     info:    [ipc-requests] Handling requests in the background
2023-11-28 14:04:28.859    app     info:    [ipc-requests] No longer handling requests in the background
2023-11-28 14:04:50.310    app     info:    [ipc-requests] Handling requests in the background
2023-11-28 14:04:51.312    app     info:    [ipc-requests] No longer handling requests in the background
2023-11-28 14:04:53.561    app     info:    [ipc-requests] Handling requests in the background
2023-11-28 14:04:54.567    app     info:    [ipc-requests] No longer handling requests in the background
2023-11-28 14:06:03.534    app     info:    [ipc-requests] Handling requests in the background
2023-11-28 14:06:04.537    app     info:    [ipc-requests] No longer handling requests in the background
2023-11-28 14:06:12.478    app     info:    [ipc-requests] Handling requests in the background
2023-11-28 14:06:13.487    app     info:    [ipc-requests] No longer handling requests in the background
2023-11-28 14:06:40.345    app     info:    [server-manager] Starting refresh cycle for Tranquility
2023-11-28 14:06:40.799    app     info:    [server-manager] Previous Tranquility build: 2435360, current build: 2435360
2023-11-28 14:06:40.800    app     info:    [server-manager] Tranquility build is unchanged.
2023-11-28 14:06:40.804    app     info:    [server-manager] Ready to play!
2023-11-28 14:06:40.806    app     info:    [server-manager] Finished refresh cycle for Tranquility
2023-11-28 14:06:42.291    app     info:    [self-update] Checking for a launcher update...
2023-11-28 14:06:42.612    app     info:    [self-update] Currently running the latest launcher version. Scheduling update check in 5 minutes.
2023-11-28 14:06:52.391    app     info:    [ipc-requests] Handling requests in the background
2023-11-28 14:06:53.392    app     info:    [ipc-requests] No longer handling requests in the background
2023-11-28 14:06:57.454    app     info:    [ipc-requests] Handling requests in the background
2023-11-28 14:06:58.469    app     info:    [ipc-requests] No longer handling requests in the background
2023-11-28 14:07:39.373    app     info:    [ipc-requests] Handling requests in the background
2023-11-28 14:07:40.375    app     info:    [ipc-requests] No longer handling requests in the background
2023-11-28 14:07:50.937    app     info:    [ipc-requests] Handling requests in the background
2023-11-28 14:07:51.948    app     info:    [ipc-requests] No longer handling requests in the background
2023-11-28 14:08:23.286    app     info:    [ipc-requests] Handling requests in the background
2023-11-28 14:08:24.287    app     info:    [ipc-requests] No longer handling requests in the background
2023-11-28 14:08:38.810    app     info:    [feature-flags] Received update for 1 flags for client 4a436adb...
2023-11-28 14:08:41.576    app     info:    [creatives] Requesting creatives
2023-11-28 14:08:41.697    app     info:    [creatives] Received 3 creatives
2023-11-28 14:08:41.970    app     info:    [ipc-requests] Handling requests in the background
2023-11-28 14:08:42.985    app     info:    [ipc-requests] No longer handling requests in the background
2023-11-28 14:09:05.496    app     info:    [feature-flags] Received update for 1 flags for client 4a436adb...
2023-11-28 14:09:26.622    app     info:    [ipc-requests] Handling requests in the background
2023-11-28 14:09:27.631    app     info:    [ipc-requests] No longer handling requests in the background
2023-11-28 14:09:30.615    app     info:    [ipc-requests] Handling requests in the background
2023-11-28 14:09:31.622    app     info:    [ipc-requests] No longer handling requests in the background
2023-11-28 14:10:47.136    app     info:    [ipc-requests] Handling requests in the background
2023-11-28 14:10:48.147    app     info:    [ipc-requests] No longer handling requests in the background
2023-11-28 14:11:07.813    app     info:    [client-manager] 'tranquility' for EVE game client for '17525312' exited with no errors.
2023-11-28 14:11:07.815    app     info:    [elg-events] Sending event    eve_launcher.electron.eve_client.GameClientExited
2023-11-28 14:11:07.820    app     info:    [server-manager] Starting refresh cycle for Tranquility
2023-11-28 14:11:07.952    app     info:    [server-manager] Previous Tranquility build: 2435360, current build: 2435360
2023-11-28 14:11:07.952    app     info:    [server-manager] Tranquility build is unchanged.
2023-11-28 14:11:07.956    app     info:    [server-manager] Ready to play!
2023-11-28 14:11:07.958    app     info:    [server-manager] Finished refresh cycle for Tranquility
2023-11-28 14:11:42.625    app     info:    [self-update] Checking for a launcher update...
2023-11-28 14:11:42.930    app     info:    [self-update] Currently running the latest launcher version. Scheduling update check in 5 minutes.
2023-11-28 14:12:07.951    app     info:    [main-window] Main window minimized to tray    { windowId: 2 }
2023-11-28 14:12:07.971    app     info:    [main-window] Sent notification that the application is minimized to tray    { windowId: 2 }
2023-11-28 14:12:07.976    app     info:    [ipc-requests] Handling requests in the background
2023-11-28 14:12:08.979    app     info:    [ipc-requests] No longer handling requests in the background
