2023-12-26 00:01:51.717    app     info:    [server-manager] Starting refresh cycle for eve-online / Tranquility
2023-12-26 00:01:51.835    app     info:    [server-manager] Previous Tranquility build: 2454674, current build: 2454674
2023-12-26 00:01:51.835    app     info:    [server-manager] Tranquility build is unchanged.
2023-12-26 00:01:51.839    app     info:    [server-manager] Ready to play!
2023-12-26 00:01:51.843    app     info:    [server-manager] Finished refresh cycle for Tranquility
2023-12-26 00:01:53.819    app     info:    [self-update] Checking for a launcher update...
2023-12-26 00:01:54.114    app     info:    [self-update] Currently running the latest launcher version. Scheduling update check in 5 minutes.
2023-12-26 00:06:51.846    app     info:    [server-manager] Starting refresh cycle for eve-online / Tranquility
2023-12-26 00:06:52.004    app     info:    [server-manager] Previous Tranquility build: 2454674, current build: 2454674
2023-12-26 00:06:52.005    app     info:    [server-manager] Tranquility build is unchanged.
2023-12-26 00:06:52.011    app     info:    [server-manager] Ready to play!
2023-12-26 00:06:52.014    app     info:    [server-manager] Finished refresh cycle for Tranquility
2023-12-26 00:06:54.129    app     info:    [self-update] Checking for a launcher update...
2023-12-26 00:06:54.420    app     info:    [self-update] Currently running the latest launcher version. Scheduling update check in 5 minutes.
2023-12-26 00:11:52.018    app     info:    [server-manager] Starting refresh cycle for eve-online / Tranquility
2023-12-26 00:11:52.138    app     info:    [server-manager] Previous Tranquility build: 2454674, current build: 2454674
2023-12-26 00:11:52.139    app     info:    [server-manager] Tranquility build is unchanged.
2023-12-26 00:11:52.144    app     info:    [server-manager] Ready to play!
2023-12-26 00:11:52.148    app     info:    [server-manager] Finished refresh cycle for Tranquility
2023-12-26 00:11:54.429    app     info:    [self-update] Checking for a launcher update...
2023-12-26 00:11:54.718    app     info:    [self-update] Currently running the latest launcher version. Scheduling update check in 5 minutes.
2023-12-26 00:16:52.152    app     info:    [server-manager] Starting refresh cycle for eve-online / Tranquility
2023-12-26 00:16:52.294    app     info:    [server-manager] Previous Tranquility build: 2454674, current build: 2454674
2023-12-26 00:16:52.295    app     info:    [server-manager] Tranquility build is unchanged.
2023-12-26 00:16:52.300    app     info:    [server-manager] Ready to play!
2023-12-26 00:16:52.303    app     info:    [server-manager] Finished refresh cycle for Tranquility
2023-12-26 00:16:54.723    app     info:    [self-update] Checking for a launcher update...
2023-12-26 00:16:55.009    app     info:    [self-update] Currently running the latest launcher version. Scheduling update check in 5 minutes.
2023-12-26 00:21:52.307    app     info:    [server-manager] Starting refresh cycle for eve-online / Tranquility
2023-12-26 00:21:52.427    app     info:    [server-manager] Previous Tranquility build: 2454674, current build: 2454674
2023-12-26 00:21:52.428    app     info:    [server-manager] Tranquility build is unchanged.
2023-12-26 00:21:52.433    app     info:    [server-manager] Ready to play!
2023-12-26 00:21:52.437    app     info:    [server-manager] Finished refresh cycle for Tranquility
2023-12-26 00:21:55.012    app     info:    [self-update] Checking for a launcher update...
2023-12-26 00:21:55.295    app     info:    [self-update] Currently running the latest launcher version. Scheduling update check in 5 minutes.
2023-12-26 00:22:48.031    app     info:    [client-manager] 'tranquility' for EVE game client for '23622903' exited with no errors.
2023-12-26 00:22:48.040    app     info:    [server-manager] Starting refresh cycle for eve-online / Tranquility
2023-12-26 00:22:48.136    app     info:    [quasar-events] Sent 'eve_launcher.electron.eve_client.GameClientExited'
2023-12-26 00:22:48.160    app     info:    [server-manager] Previous Tranquility build: 2454674, current build: 2454674
2023-12-26 00:22:48.160    app     info:    [server-manager] Tranquility build is unchanged.
2023-12-26 00:22:48.165    app     info:    [server-manager] Ready to play!
2023-12-26 00:22:48.168    app     info:    [server-manager] Finished refresh cycle for Tranquility
