2023-12-01 14:41:03.306    app     info:    Startup arguments    [ 'eveonline://start/' ]
2023-12-01 14:41:03.317    app     info:    EVE Online Launcher is already running. This instance will now be closed.
2023-12-01 14:41:03.318    app     info:    Application quitting. Cleanup needed: true
2023-12-01 14:41:03.326    app     info:    [elg-events] Sending event    eve_launcher.electron.application.LauncherShutdown
2023-12-01 14:41:03.358    app     info:    [self-update] Starting automatic update checks
2023-12-01 14:41:03.361    app     info:    [self-update] Checking for a launcher update...
2023-12-01 14:41:03.402    app     info:    app.quit called, but we are still sending ELG events.
2023-12-01 14:41:03.496    app     info:    [i18next] Changed language    en
2023-12-01 14:41:03.514    app     info:    [AuthenticationMiddleware] Character information for '16492377' on 'tranquility' was loaded recently, skipping refresh.
2023-12-01 14:41:03.515    app     info:    [AuthenticationMiddleware] Plex information for '16492377' on 'tranquility' was loaded recently, skipping refresh.
2023-12-01 14:41:03.516    app     info:    [AuthenticationMiddleware] Character information for '17525312' on 'tranquility' was loaded recently, skipping refresh.
2023-12-01 14:41:03.517    app     info:    [AuthenticationMiddleware] Plex information for '17525312' on 'tranquility' was loaded recently, skipping refresh.
2023-12-01 14:41:03.517    app     info:    [AuthenticationMiddleware] Character information for '25218835' on 'tranquility' was loaded recently, skipping refresh.
2023-12-01 14:41:03.517    app     info:    [AuthenticationMiddleware] Plex information for '25218835' on 'tranquility' was loaded recently, skipping refresh.
2023-12-01 14:41:03.518    app     info:    [AuthenticationMiddleware] Character information for '29280260' on 'tranquility' was loaded recently, skipping refresh.
2023-12-01 14:41:03.518    app     info:    [AuthenticationMiddleware] Plex information for '29280260' on 'tranquility' was loaded recently, skipping refresh.
2023-12-01 14:41:03.518    app     info:    [AuthenticationMiddleware] Character information for '29285645' on 'tranquility' was loaded recently, skipping refresh.
2023-12-01 14:41:03.518    app     info:    [AuthenticationMiddleware] Plex information for '29285645' on 'tranquility' was loaded recently, skipping refresh.
2023-12-01 14:41:03.523    app     info:    [AuthenticationMiddleware] Successfully restored 10 / 10 users
2023-12-01 14:41:03.555    app     info:    [cache-protocol] Found 0 entries to remove
2023-12-01 14:41:03.555    app     info:    [cache-protocol] Nothing to clean up.
2023-12-01 14:41:03.684    app     info:    [customer-information] Agreements have been updated
2023-12-01 14:41:03.782    app     info:    [self-update] Currently running the latest launcher version. Scheduling update check in 5 minutes.
2023-12-01 14:41:04.289    app     info:    ELG stream closed, quitting.
2023-12-01 14:41:04.289    app     info:    Application closed    0
