2023-12-23 20:44:54.637    app     info:    Startup arguments    []
2023-12-23 20:44:54.642    app     info:    [self-update] Starting automatic update checks
2023-12-23 20:44:54.642    app     info:    [self-update] Waiting for update feed before starting update checks
2023-12-23 20:44:54.645    app     info:    [preload] High DPI scaling enabled by settings
2023-12-23 20:44:54.787    app     info:    [i18next] Changed language    en
2023-12-23 20:44:54.890    app     info:    [authentication] Token for '16492377' on 'tranquility' is expired, refresh is required
2023-12-23 20:44:54.890    app     info:    [authentication] Refreshing token for '16492377' on 'tranquility'
2023-12-23 20:44:54.891    app     info:    [authentication] Token for '17525312' on 'tranquility' is expired, refresh is required
2023-12-23 20:44:54.891    app     info:    [authentication] Refreshing token for '17525312' on 'tranquility'
2023-12-23 20:44:54.891    app     info:    [authentication] Token for '25218835' on 'tranquility' is expired, refresh is required
2023-12-23 20:44:54.892    app     info:    [authentication] Refreshing token for '25218835' on 'tranquility'
2023-12-23 20:44:54.892    app     info:    [authentication] Token for '29280260' on 'tranquility' is expired, refresh is required
2023-12-23 20:44:54.892    app     info:    [authentication] Refreshing token for '29280260' on 'tranquility'
2023-12-23 20:44:54.893    app     info:    [authentication] Token for '29285645' on 'tranquility' is expired, refresh is required
2023-12-23 20:44:54.893    app     info:    [authentication] Refreshing token for '29285645' on 'tranquility'
2023-12-23 20:44:54.893    app     info:    [authentication] Token for '18034259' on 'tranquility' is expired, refresh is required
2023-12-23 20:44:54.894    app     info:    [authentication] Refreshing token for '18034259' on 'tranquility'
2023-12-23 20:44:54.894    app     info:    [authentication] Token for '28182799' on 'tranquility' is expired, refresh is required
2023-12-23 20:44:54.894    app     info:    [authentication] Refreshing token for '28182799' on 'tranquility'
2023-12-23 20:44:54.894    app     info:    [authentication] Token for '2110311' on 'tranquility' is expired, refresh is required
2023-12-23 20:44:54.895    app     info:    [authentication] Refreshing token for '2110311' on 'tranquility'
2023-12-23 20:44:54.895    app     info:    [authentication] Token for '23622903' on 'tranquility' is expired, refresh is required
2023-12-23 20:44:54.895    app     info:    [authentication] Refreshing token for '23622903' on 'tranquility'
2023-12-23 20:44:54.895    app     info:    [authentication] Token for '26239201' on 'tranquility' is expired, refresh is required
2023-12-23 20:44:54.896    app     info:    [authentication] Refreshing token for '26239201' on 'tranquility'
2023-12-23 20:44:54.896    app     info:    [authentication] Token for '18922386' on 'tranquility' is expired, refresh is required
2023-12-23 20:44:54.896    app     info:    [authentication] Refreshing token for '18922386' on 'tranquility'
2023-12-23 20:44:54.897    app     info:    [authentication] Token for '18000247' on 'tranquility' is expired, refresh is required
2023-12-23 20:44:54.897    app     info:    [authentication] Refreshing token for '18000247' on 'tranquility'
2023-12-23 20:44:54.897    app     info:    [device-id] Device id found in state
2023-12-23 20:44:54.904    app     info:    [analytics] Application name:    EVE Online
2023-12-23 20:44:54.904    app     info:    [analytics] Application version:    1.2.0
2023-12-23 20:44:54.904    app     info:    [analytics] Domain    undefined
2023-12-23 20:44:54.905    app     info:    [analytics] Working directory    C:\Users\REDACTED\AppData\Local\eve-online\app-1.2.0
2023-12-23 20:44:54.905    app     info:    [analytics] Username contains UTF8?    false
2023-12-23 20:44:55.774    app     info:    [elg-events] Sending event    eve_launcher.electron.application.PdmLoaded
2023-12-23 20:44:55.777    app     info:    [analytics] Operating system    {
  type: 'Windows',
  name: 'Windows 10 Education',
  version: '10.0 (19045)'
}
2023-12-23 20:44:55.778    app     info:    [analytics] Encryption available:    true
2023-12-23 20:44:55.778    app     info:    [analytics] Machine UUID    4E9F516C-5B97-47C6-8C67-E93D943CB7C8
2023-12-23 20:44:55.778    app     info:    [analytics] PDM Version    2.1.4
2023-12-23 20:44:55.778    app     info:    [analytics] Release channel    release
2023-12-23 20:44:55.782    app     info:    [initializers] Shared cache directory set to    C:\CCP\EVE Online
2023-12-23 20:44:55.805    app     info:    [initializers] Shared cache drive free space: 69,99 GiB / 465,75 GiB
2023-12-23 20:44:55.813    app     info:    [elg-events] Sending event    eve_launcher.electron.application.LauncherStarted
2023-12-23 20:44:55.816    app     info:    [elg-events] Sending event    eve_launcher.electron.application.CoreDataLoaded
2023-12-23 20:44:55.818    app     info:    [cdn-trace] Fetching CDN trace data from https://binaries.eveonline.com/cdn-cgi/trace
2023-12-23 20:44:55.834    app     info:    [feature-flags] Initializing feature flag client
2023-12-23 20:44:55.931    app     info:    [first-run] First application run was at 2023-11-27T10:29:20.506Z
2023-12-23 20:44:55.983    app     info:    [cache-protocol] Found 4 entries to remove
2023-12-23 20:44:55.990    app     info:    [cache-protocol] Cleaned 4 entries
2023-12-23 20:44:55.991    app     info:    [cache-protocol] Checking 4 folders to clean
2023-12-23 20:44:56.029    app     info:    [server-manager] Starting refresh cycle for eve-online / Tranquility
2023-12-23 20:44:56.052    app     info:    [customer-information] Agreements have been updated
2023-12-23 20:44:56.067    app     info:    [customer-information] Agreements have been updated
2023-12-23 20:44:56.068    app     info:    info: [LaunchDarkly] LaunchDarkly client initialized    []
2023-12-23 20:44:56.069    app     info:    info: [LaunchDarkly] Opening stream connection to https://clientstream.launchdarkly.com/eval/64c3d12e27a4b11365012d39/eyJrZXkiOiI0YTQzNmFkYi00Yjk5LTQwYTctODViMC00MmUyMDZmNDEyODYiLCJraW5kIjoidXNlciIsImN1c3RvbSI6eyJpc0ZpcnN0UnVuIjpmYWxzZSwiZGF5c1NpbmNlRmlyc3RSdW4iOjI2LCJsYW5ndWFnZSI6ImVuIiwiYXBwbGljYXRpb24iOiJldmUtb25saW5lIiwidmVyc2lvbiI6IjEuMi4wIiwicGxhdGZvcm0iOiJ3aW5kb3dzIiwib3NWZXJzaW9uRGVwcmVjYXRlZCI6ZmFsc2UsInVzZXJJZHMiOlsxNjQ5MjM3NywyNTIxODgzNSwyMTEwMzExLDI5Mjg1NjQ1XSwib21lZ2FDb3VudCI6MCwiYWxwaGFDb3VudCI6MTIsImFjY291bnRDb3VudCI6MTIsIm9sZGVzdEFjY291bnRBZ2UiOjYwMTAsInlvdW5nZXN0QWNjb3VudEFnZSI6MjJ9fQ?withReasons=true    []
2023-12-23 20:44:56.070    app     info:    [feature-flags] Client 4a436adb... ready, fetching flags
2023-12-23 20:44:56.075    app     info:    [feature-flags] Received 18 flags for client 4a436adb...
2023-12-23 20:44:56.075    app     info:    [feature-flags] Client initialized with key 4a436adb...
2023-12-23 20:44:56.077    app     info:    [self-update] Update feed set, starting update checks
2023-12-23 20:44:56.077    app     info:    [self-update] Starting automatic update checks
2023-12-23 20:44:56.078    app     info:    [self-update] Checking for a launcher update...
2023-12-23 20:44:56.189    app     info:    [authentication] Token for '18034259' on 'tranquility' has been successfully refreshed
2023-12-23 20:44:56.191    app     info:    [elg-events] Sending event    eve_launcher.electron.authentication.UserTokensRefreshed
2023-12-23 20:44:56.193    app     info:    [customer-information] Getting character information for '18034259' on 'tranquility'
2023-12-23 20:44:56.193    app     info:    [customer-information] Getting Omega status for '18034259' on 'tranquility'
2023-12-23 20:44:56.193    app     info:    [virtual-goods] Getting Plex status for '18034259' on 'tranquility'
2023-12-23 20:44:56.206    app     info:    [authentication] Token for '18922386' on 'tranquility' has been successfully refreshed
2023-12-23 20:44:56.208    app     info:    [elg-events] Sending event    eve_launcher.electron.authentication.UserTokensRefreshed
2023-12-23 20:44:56.209    app     info:    [customer-information] Getting character information for '18922386' on 'tranquility'
2023-12-23 20:44:56.209    app     info:    [customer-information] Getting Omega status for '18922386' on 'tranquility'
2023-12-23 20:44:56.209    app     info:    [virtual-goods] Getting Plex status for '18922386' on 'tranquility'
2023-12-23 20:44:56.220    app     info:    [authentication] Token for '16492377' on 'tranquility' has been successfully refreshed
2023-12-23 20:44:56.221    app     info:    [elg-events] Sending event    eve_launcher.electron.authentication.UserTokensRefreshed
2023-12-23 20:44:56.222    app     info:    [customer-information] Getting character information for '16492377' on 'tranquility'
2023-12-23 20:44:56.223    app     info:    [customer-information] Getting Omega status for '16492377' on 'tranquility'
2023-12-23 20:44:56.223    app     info:    [virtual-goods] Getting Plex status for '16492377' on 'tranquility'
2023-12-23 20:44:56.234    app     info:    [authentication] Token for '2110311' on 'tranquility' has been successfully refreshed
2023-12-23 20:44:56.236    app     info:    [elg-events] Sending event    eve_launcher.electron.authentication.UserTokensRefreshed
2023-12-23 20:44:56.237    app     info:    [customer-information] Getting character information for '2110311' on 'tranquility'
2023-12-23 20:44:56.237    app     info:    [customer-information] Getting Omega status for '2110311' on 'tranquility'
2023-12-23 20:44:56.237    app     info:    [virtual-goods] Getting Plex status for '2110311' on 'tranquility'
2023-12-23 20:44:56.248    app     info:    [authentication] Token for '26239201' on 'tranquility' has been successfully refreshed
2023-12-23 20:44:56.249    app     info:    [elg-events] Sending event    eve_launcher.electron.authentication.UserTokensRefreshed
2023-12-23 20:44:56.250    app     info:    [customer-information] Getting character information for '26239201' on 'tranquility'
2023-12-23 20:44:56.250    app     info:    [customer-information] Getting Omega status for '26239201' on 'tranquility'
2023-12-23 20:44:56.251    app     info:    [virtual-goods] Getting Plex status for '26239201' on 'tranquility'
2023-12-23 20:44:56.260    app     info:    [authentication] Token for '28182799' on 'tranquility' has been successfully refreshed
2023-12-23 20:44:56.262    app     info:    [elg-events] Sending event    eve_launcher.electron.authentication.UserTokensRefreshed
2023-12-23 20:44:56.264    app     info:    [customer-information] Getting character information for '28182799' on 'tranquility'
2023-12-23 20:44:56.264    app     info:    [customer-information] Getting Omega status for '28182799' on 'tranquility'
2023-12-23 20:44:56.264    app     info:    [virtual-goods] Getting Plex status for '28182799' on 'tranquility'
2023-12-23 20:44:56.274    app     info:    [authentication] Token for '18000247' on 'tranquility' has been successfully refreshed
2023-12-23 20:44:56.276    app     info:    [elg-events] Sending event    eve_launcher.electron.authentication.UserTokensRefreshed
2023-12-23 20:44:56.277    app     info:    [customer-information] Getting character information for '18000247' on 'tranquility'
2023-12-23 20:44:56.278    app     info:    [customer-information] Getting Omega status for '18000247' on 'tranquility'
2023-12-23 20:44:56.278    app     info:    [virtual-goods] Getting Plex status for '18000247' on 'tranquility'
2023-12-23 20:44:56.287    app     info:    [authentication] Token for '25218835' on 'tranquility' has been successfully refreshed
2023-12-23 20:44:56.289    app     info:    [elg-events] Sending event    eve_launcher.electron.authentication.UserTokensRefreshed
2023-12-23 20:44:56.290    app     info:    [customer-information] Getting character information for '25218835' on 'tranquility'
2023-12-23 20:44:56.290    app     info:    [customer-information] Getting Omega status for '25218835' on 'tranquility'
2023-12-23 20:44:56.290    app     info:    [virtual-goods] Getting Plex status for '25218835' on 'tranquility'
2023-12-23 20:44:56.300    app     info:    [authentication] Token for '29280260' on 'tranquility' has been successfully refreshed
2023-12-23 20:44:56.303    app     info:    [elg-events] Sending event    eve_launcher.electron.authentication.UserTokensRefreshed
2023-12-23 20:44:56.305    app     info:    [customer-information] Getting character information for '29280260' on 'tranquility'
2023-12-23 20:44:56.305    app     info:    [customer-information] Getting Omega status for '29280260' on 'tranquility'
2023-12-23 20:44:56.305    app     info:    [virtual-goods] Getting Plex status for '29280260' on 'tranquility'
2023-12-23 20:44:56.315    app     info:    [authentication] Token for '23622903' on 'tranquility' has been successfully refreshed
2023-12-23 20:44:56.317    app     info:    [elg-events] Sending event    eve_launcher.electron.authentication.UserTokensRefreshed
2023-12-23 20:44:56.319    app     info:    [customer-information] Getting character information for '23622903' on 'tranquility'
2023-12-23 20:44:56.319    app     info:    [customer-information] Getting Omega status for '23622903' on 'tranquility'
2023-12-23 20:44:56.319    app     info:    [virtual-goods] Getting Plex status for '23622903' on 'tranquility'
2023-12-23 20:44:56.329    app     info:    [authentication] Token for '17525312' on 'tranquility' has been successfully refreshed
2023-12-23 20:44:56.330    app     info:    [elg-events] Sending event    eve_launcher.electron.authentication.UserTokensRefreshed
2023-12-23 20:44:56.332    app     info:    [customer-information] Getting character information for '17525312' on 'tranquility'
2023-12-23 20:44:56.332    app     info:    [customer-information] Getting Omega status for '17525312' on 'tranquility'
2023-12-23 20:44:56.332    app     info:    [virtual-goods] Getting Plex status for '17525312' on 'tranquility'
2023-12-23 20:44:56.342    app     info:    [authentication] Token for '29285645' on 'tranquility' has been successfully refreshed
2023-12-23 20:44:56.343    app     info:    [elg-events] Sending event    eve_launcher.electron.authentication.UserTokensRefreshed
2023-12-23 20:44:56.345    app     info:    [customer-information] Getting character information for '29285645' on 'tranquility'
2023-12-23 20:44:56.345    app     info:    [customer-information] Getting Omega status for '29285645' on 'tranquility'
2023-12-23 20:44:56.345    app     info:    [virtual-goods] Getting Plex status for '29285645' on 'tranquility'
2023-12-23 20:44:56.353    app     info:    [AuthenticationMiddleware] Successfully restored 12 / 12 users
2023-12-23 20:44:56.365    app     info:    [server-manager] Previous Tranquility build: 2454674, current build: 2454674
2023-12-23 20:44:56.365    app     info:    [server-manager] Tranquility build is unchanged.
2023-12-23 20:44:56.370    app     info:    [server-manager] Ready to play!
2023-12-23 20:44:56.374    app     info:    [server-manager] Finished refresh cycle for Tranquility
2023-12-23 20:44:56.457    app     info:    [customer-information] Agreement status has been fetched for user '28182799'
2023-12-23 20:44:56.459    app     info:    [esi] Fetching character details for 2121178171
2023-12-23 20:44:56.478    app     info:    [customer-information] Agreement status has been fetched for user '16492377'
2023-12-23 20:44:56.485    app     info:    [customer-information] Agreement status has been fetched for user '23622903'
2023-12-23 20:44:56.491    app     info:    [customer-information] Agreement status has been fetched for user '18034259'
2023-12-23 20:44:56.498    app     info:    [esi] Fetching character details for 2113875139, 2121174871
2023-12-23 20:44:56.522    app     info:    [customer-information] Agreement status has been fetched for user '29280260'
2023-12-23 20:44:56.529    app     info:    [esi] Fetching character details for 2119361891, 2120347635
2023-12-23 20:44:56.537    app     info:    [esi] Fetching character details for 2118248041, 2121175776
2023-12-23 20:44:56.545    app     info:    [esi] Fetching character details for 2121174545
2023-12-23 20:44:56.563    app     info:    [customer-information] Agreement status has been fetched for user '29285645'
2023-12-23 20:44:56.577    app     info:    [esi] Fetching character details for 2121853336
2023-12-23 20:44:56.586    app     info:    [esi] Fetching character details for 2115031890, 2121177973
2023-12-23 20:44:56.605    app     info:    [esi] Fetching character details for 2115479508
2023-12-23 20:44:56.618    app     info:    [customer-information] Agreement status has been fetched for user '17525312'
2023-12-23 20:44:56.632    app     info:    [customer-information] Agreement status has been fetched for user '26239201'
2023-12-23 20:44:56.635    app     info:    [esi] Fetching character details for 2121891348
2023-12-23 20:44:56.642    app     info:    [self-update] Currently running the latest launcher version. Scheduling update check in 5 minutes.
2023-12-23 20:44:56.647    app     info:    [customer-information] Agreement status has been fetched for user '25218835'
2023-12-23 20:44:56.667    app     info:    [customer-information] Agreement status has been fetched for user '18922386'
2023-12-23 20:44:56.669    app     info:    [esi] Fetching character details for 2121878074
2023-12-23 20:44:56.678    app     info:    [esi] Fetching character details for 578564394, 2115457291
2023-12-23 20:44:56.697    app     info:    [customer-information] Agreement status has been fetched for user '2110311'
2023-12-23 20:44:56.701    app     info:    [esi] Fetching character details for 2114656127, 2121178396
2023-12-23 20:44:56.713    app     info:    [customer-information] Agreement status has been fetched for user '18000247'
2023-12-23 20:44:56.714    app     info:    [virtual-goods] Fetched Plex status for '23622903' on 'tranquility'
2023-12-23 20:44:56.718    app     info:    [AuthenticationMiddleware] User information updated
2023-12-23 20:44:56.719    app     info:    [virtual-goods] Fetched Plex status for '18000247' on 'tranquility'
2023-12-23 20:44:56.724    app     info:    [AuthenticationMiddleware] User information updated
2023-12-23 20:44:56.725    app     info:    [virtual-goods] Fetched Plex status for '2110311' on 'tranquility'
2023-12-23 20:44:56.730    app     info:    [AuthenticationMiddleware] User information updated
2023-12-23 20:44:56.731    app     info:    [virtual-goods] Fetched Plex status for '16492377' on 'tranquility'
2023-12-23 20:44:56.735    app     info:    [AuthenticationMiddleware] User information updated
2023-12-23 20:44:56.736    app     info:    [virtual-goods] Fetched Plex status for '29285645' on 'tranquility'
2023-12-23 20:44:56.741    app     info:    [AuthenticationMiddleware] User information updated
2023-12-23 20:44:56.746    app     info:    [virtual-goods] Fetched Plex status for '17525312' on 'tranquility'
2023-12-23 20:44:56.751    app     info:    [AuthenticationMiddleware] User information updated
2023-12-23 20:44:57.005    app     warn:    [steam-auth] Failed to initialize Steamworks client
2023-12-23 20:44:57.012    app     info:    [main-window] Registering main window    { windowId: 2 }
2023-12-23 20:44:57.022    app     info:    [cdn-trace] Fetching CDN trace data from https://binaries.eveonline.com/cdn-cgi/trace
2023-12-23 20:44:57.024    app     info:    [creatives] Requesting creatives
2023-12-23 20:44:57.029    app     info:    [elg-events] Sending event    eve_launcher.electron.application.RendererLoaded
2023-12-23 20:44:57.050    app     info:    [virtual-goods] Fetched Plex status for '18034259' on 'tranquility'
2023-12-23 20:44:57.055    app     info:    [AuthenticationMiddleware] User information updated
2023-12-23 20:44:57.056    app     info:    [virtual-goods] Fetched Plex status for '25218835' on 'tranquility'
2023-12-23 20:44:57.061    app     info:    [AuthenticationMiddleware] User information updated
2023-12-23 20:44:57.061    app     info:    [virtual-goods] Fetched Plex status for '18922386' on 'tranquility'
2023-12-23 20:44:57.066    app     info:    [AuthenticationMiddleware] User information updated
2023-12-23 20:44:57.066    app     info:    [virtual-goods] Fetched Plex status for '28182799' on 'tranquility'
2023-12-23 20:44:57.072    app     info:    [AuthenticationMiddleware] User information updated
2023-12-23 20:44:57.072    app     info:    [virtual-goods] Fetched Plex status for '29280260' on 'tranquility'
2023-12-23 20:44:57.077    app     info:    [AuthenticationMiddleware] User information updated
2023-12-23 20:44:57.078    app     info:    [virtual-goods] Fetched Plex status for '26239201' on 'tranquility'
2023-12-23 20:44:57.083    app     info:    [AuthenticationMiddleware] User information updated
2023-12-23 20:44:57.156    app     info:    [esi] Fetched 1 character details for 26239201
2023-12-23 20:44:57.198    app     info:    [creatives] Received 2 creatives
2023-12-23 20:44:57.241    app     info:    [esi] Fetched 2 character details for 25218835
2023-12-23 20:44:57.244    app     info:    [esi] Fetched 1 character details for 29280260
2023-12-23 20:44:57.249    app     info:    [esi] Fetched 1 character details for 18922386
2023-12-23 20:44:57.251    app     info:    [esi] Fetched 2 character details for 23622903
2023-12-23 20:44:57.253    app     info:    [esi] Fetched 1 character details for 18000247
2023-12-23 20:44:57.257    app     info:    [esi] Fetched 1 character details for 29285645
2023-12-23 20:44:57.269    app     info:    [esi] Fetched 2 character details for 16492377
2023-12-23 20:44:57.271    app     info:    [esi] Fetched 2 character details for 2110311
2023-12-23 20:44:57.280    app     info:    [esi] Fetched 1 character details for 28182799
2023-12-23 20:44:57.285    app     info:    [esi] Fetched 2 character details for 18034259
2023-12-23 20:44:57.287    app     info:    [esi] Fetched 2 character details for 17525312
2023-12-23 20:44:58.100     ui     info:    Initializing captcha    ccp://launcher/renderer/main_window/index.js    2
2023-12-23 20:45:03.524    app     info:    [ipc-requests] Handling requests in the background
2023-12-23 20:45:04.193    app     info:    [analytics] Hardware rendering enabled:    true    { disabledViaCommandline: false, disabledViaSettings: false }
2023-12-23 20:45:04.528    app     info:    [ipc-requests] No longer handling requests in the background
2023-12-23 20:45:26.141    app     warn:    Could not connect to LogLite    [
  Error: connect ECONNREFUSED 127.0.0.1:3273
      at TCPConnectWrap.afterConnect [as oncomplete] (node:net:1247:16) {
    errno: -4078,
    code: 'ECONNREFUSED',
    syscall: 'connect',
    address: '127.0.0.1',
    port: 3273
  }
]
2023-12-23 20:49:01.581    app     info:    [ipc-requests] Handling requests in the background
2023-12-23 20:49:02.589    app     info:    [ipc-requests] No longer handling requests in the background
2023-12-23 20:49:56.380    app     info:    [server-manager] Starting refresh cycle for eve-online / Tranquility
2023-12-23 20:49:56.564    app     info:    [server-manager] Previous Tranquility build: 2454674, current build: 2454674
2023-12-23 20:49:56.564    app     info:    [server-manager] Tranquility build is unchanged.
2023-12-23 20:49:56.570    app     info:    [server-manager] Ready to play!
2023-12-23 20:49:56.572    app     info:    [server-manager] Finished refresh cycle for Tranquility
2023-12-23 20:49:56.642    app     info:    [self-update] Checking for a launcher update...
2023-12-23 20:49:56.919    app     info:    [self-update] Currently running the latest launcher version. Scheduling update check in 5 minutes.
2023-12-23 20:51:38.074    app     info:    [AuthenticationMiddleware] Character information for '16492377' on 'tranquility' was loaded recently, skipping refresh.
2023-12-23 20:51:38.074    app     info:    [AuthenticationMiddleware] Plex information for '16492377' on 'tranquility' was loaded recently, skipping refresh.
2023-12-23 20:51:38.090    app     info:    [AuthenticationMiddleware] Character information for '16492377' on 'tranquility' was loaded recently, skipping refresh.
2023-12-23 20:51:38.090    app     info:    [AuthenticationMiddleware] Plex information for '16492377' on 'tranquility' was loaded recently, skipping refresh.
2023-12-23 20:51:38.169    app     info:    [elg-events] Sending event    eve_launcher.electron.application.RendererLoaded
2023-12-23 20:51:42.929    app     info:    [ipc-requests] Handling requests in the background
2023-12-23 20:51:43.935    app     info:    [ipc-requests] No longer handling requests in the background
2023-12-23 20:54:20.620    app     info:    [AuthenticationMiddleware] Character information for '18034259' on 'tranquility' was loaded recently, skipping refresh.
2023-12-23 20:54:20.620    app     info:    [AuthenticationMiddleware] Plex information for '18034259' on 'tranquility' was loaded recently, skipping refresh.
2023-12-23 20:54:20.630    app     info:    [server-manager] Starting refresh cycle for eve-online / Tranquility
2023-12-23 20:54:20.712    app     info:    [elg-events] Sending event    eve_launcher.electron.application.RendererLoaded
2023-12-23 20:54:20.788    app     info:    [server-manager] Previous Tranquility build: 2454674, current build: 2454674
2023-12-23 20:54:20.788    app     info:    [server-manager] Tranquility build is unchanged.
2023-12-23 20:54:20.793    app     info:    [server-manager] Ready to play!
2023-12-23 20:54:20.796    app     info:    [server-manager] Finished refresh cycle for Tranquility
2023-12-23 20:54:21.982    app     info:    [AuthenticationMiddleware] Character information for '18034259' on 'tranquility' was loaded recently, skipping refresh.
2023-12-23 20:54:21.982    app     info:    [AuthenticationMiddleware] Plex information for '18034259' on 'tranquility' was loaded recently, skipping refresh.
2023-12-23 20:54:22.625    app     info:    [client-queue] Queued client startup    {
  product: 'eve-online',
  tenant: 'tranquility',
  userId: 18034259,
  characterId: 2121177973,
  profile: ''
}
2023-12-23 20:54:22.628    app     info:    [elg-events] Sending event    eve_launcher.electron.eve_client.ClientQueued
2023-12-23 20:54:22.632    app     info:    [client-queue] No clients running for tranquility, copying files before starting a client
2023-12-23 20:54:22.638    app     info:    [elg-events] Sending event    eve_launcher.electron.eve_client.CopyingFilesStarted
2023-12-23 20:54:22.638    app     info:    [binary-copier] Copying 194 files (216 MB) to 'C:\CCP\EVE Online\tq'
2023-12-23 20:54:22.685    app     info:    [binary-copier] Removing old binaries
2023-12-23 20:54:22.699    app     info:    [binary-copier] Copying binaries from ResFiles
2023-12-23 20:54:23.165    app     info:    [binary-copier] Finished copying 194 files to 'C:\CCP\EVE Online\tq' in 0.529 seconds
2023-12-23 20:54:23.167    app     info:    [elg-events] Sending event    eve_launcher.electron.eve_client.CopyingFilesFinished
2023-12-23 20:54:23.172    app     info:    [authentication] Token for '18034259' on 'tranquility' is expired, refresh is required
2023-12-23 20:54:23.173    app     info:    [authentication] Refreshing token for '18034259' on 'tranquility'
2023-12-23 20:54:23.287    app     info:    [authentication] Token for '18034259' on 'tranquility' has been successfully refreshed
2023-12-23 20:54:23.289    app     info:    [elg-events] Sending event    eve_launcher.electron.authentication.UserTokensRefreshed
2023-12-23 20:54:23.290    app     info:    [AuthenticationMiddleware] Character information for '18034259' on 'tranquility' was loaded recently, skipping refresh.
2023-12-23 20:54:23.291    app     info:    [AuthenticationMiddleware] Plex information for '18034259' on 'tranquility' was loaded recently, skipping refresh.
2023-12-23 20:54:23.324    app     info:    [client-manager] Starting EVE Online game client.    C:\CCP\EVE Online\tq\bin64\exefile.exe    Map(11) {
  'noconsole' => '/noconsole',
  'server' => '/server:tranquility.servers.eveonline.com',
  'triplatform' => '/triplatform=dx12',
  'ssotoken' => '/ssoToken=***',
  'refreshtoken' => '/refreshToken=***',
  'settingsprofile' => '/settingsprofile=Default',
  'deviceid' => '/deviceID=4a436adb-4b99-40a7-85b0-42e206f41286',
  'autoselectcharacter' => '/autoSelectCharacter:2121177973',
  'language' => '/language=en',
  'exp' => '1703365461',
  'tokenExpires' => '2023-12-23 23:04:21.000'
}    18034259
2023-12-23 20:54:23.362    app     info:    [AuthenticationMiddleware] User information updated
2023-12-23 20:54:23.362    app     info:    [client-queue] Started client from group startup    {
  product: 'eve-online',
  tenant: 'tranquility',
  characterId: 2121177973,
  profile: '',
  userId: 18034259
}
2023-12-23 20:54:23.437    app     info:    [quasar-events] Sent 'eve_launcher.electron.eve_client.GameClientStartRequested'
2023-12-23 20:54:23.437    app     info:    [quasar-events] Sent 'eve_launcher.electron.eve_client.TemporaryClientProcessAdded'
2023-12-23 20:54:23.878    app     info:    [client-manager] Found 'tranquility' client for '18034259' running:     {
  processId: 9584,
  createdDate: 1703364863376,
  userId: 18034259,
  characterId: 2121177973,
  profile: 'Default',
  dxVersion: 'dx12'
}
2023-12-23 20:54:23.987    app     info:    [quasar-events] Sent 'eve_launcher.electron.eve_client.TemporaryClientProcessMonitoringRetried'
2023-12-23 20:54:23.988    app     info:    [quasar-events] Sent 'eve_launcher.electron.eve_client.GameClientStarted'
2023-12-23 20:54:23.988    app     info:    [quasar-events] Sent 'eve_launcher.electron.eve_client.TemporaryClientProcessRemoved'
2023-12-23 20:54:24.378    app     info:    [client-queue] Queue has stopped running, no more clients pending startup.
2023-12-23 20:54:25.300    app     info:    [ipc-requests] Handling requests in the background
2023-12-23 20:54:26.314    app     info:    [ipc-requests] No longer handling requests in the background
2023-12-23 20:54:56.923    app     info:    [self-update] Checking for a launcher update...
2023-12-23 20:54:57.240    app     info:    [self-update] Currently running the latest launcher version. Scheduling update check in 5 minutes.
2023-12-23 20:55:04.011    app     info:    [ipc-requests] Handling requests in the background
2023-12-23 20:55:05.018    app     info:    [ipc-requests] No longer handling requests in the background
2023-12-23 20:59:20.808    app     info:    [server-manager] Starting refresh cycle for eve-online / Tranquility
2023-12-23 20:59:20.978    app     info:    [server-manager] Previous Tranquility build: 2454674, current build: 2454674
2023-12-23 20:59:20.978    app     info:    [server-manager] Tranquility build is unchanged.
2023-12-23 20:59:20.984    app     info:    [server-manager] Ready to play!
2023-12-23 20:59:20.987    app     info:    [server-manager] Finished refresh cycle for Tranquility
2023-12-23 20:59:57.256    app     info:    [self-update] Checking for a launcher update...
2023-12-23 20:59:57.537    app     info:    [self-update] Currently running the latest launcher version. Scheduling update check in 5 minutes.
2023-12-23 21:00:24.743    app     info:    [client-manager] 'tranquility' for EVE game client for '18034259' exited with no errors.
2023-12-23 21:00:24.751    app     info:    [server-manager] Starting refresh cycle for eve-online / Tranquility
2023-12-23 21:00:24.856    app     info:    [quasar-events] Sent 'eve_launcher.electron.eve_client.GameClientExited'
2023-12-23 21:00:24.914    app     info:    [server-manager] Previous Tranquility build: 2454674, current build: 2454674
2023-12-23 21:00:24.914    app     info:    [server-manager] Tranquility build is unchanged.
2023-12-23 21:00:24.929    app     info:    [server-manager] Ready to play!
2023-12-23 21:00:24.936    app     info:    [server-manager] Finished refresh cycle for Tranquility
2023-12-23 21:00:26.841    app     info:    [AuthenticationMiddleware] Character information for '16492377' on 'tranquility' was loaded recently, skipping refresh.
2023-12-23 21:00:26.841    app     info:    [AuthenticationMiddleware] Plex information for '16492377' on 'tranquility' was loaded recently, skipping refresh.
2023-12-23 21:00:27.906    app     info:    [client-queue] Queued client startup    {
  product: 'eve-online',
  tenant: 'tranquility',
  userId: 16492377,
  characterId: 2121174871,
  profile: ''
}
2023-12-23 21:00:27.908    app     info:    [elg-events] Sending event    eve_launcher.electron.eve_client.ClientQueued
2023-12-23 21:00:27.909    app     info:    [client-queue] No clients running for tranquility, copying files before starting a client
2023-12-23 21:00:27.913    app     info:    [elg-events] Sending event    eve_launcher.electron.eve_client.CopyingFilesStarted
2023-12-23 21:00:27.913    app     info:    [binary-copier] Copying 194 files (216 MB) to 'C:\CCP\EVE Online\tq'
2023-12-23 21:00:27.925    app     info:    [binary-copier] Removing old binaries
2023-12-23 21:00:27.951    app     info:    [binary-copier] Copying binaries from ResFiles
2023-12-23 21:00:28.311    app     info:    [binary-copier] Finished copying 194 files to 'C:\CCP\EVE Online\tq' in 0.400 seconds
2023-12-23 21:00:28.313    app     info:    [elg-events] Sending event    eve_launcher.electron.eve_client.CopyingFilesFinished
2023-12-23 21:00:28.318    app     info:    [authentication] Token for '16492377' on 'tranquility' is expired, refresh is required
2023-12-23 21:00:28.318    app     info:    [authentication] Refreshing token for '16492377' on 'tranquility'
2023-12-23 21:00:28.442    app     info:    [authentication] Token for '16492377' on 'tranquility' has been successfully refreshed
2023-12-23 21:00:28.444    app     info:    [elg-events] Sending event    eve_launcher.electron.authentication.UserTokensRefreshed
2023-12-23 21:00:28.445    app     info:    [AuthenticationMiddleware] Character information for '16492377' on 'tranquility' was loaded recently, skipping refresh.
2023-12-23 21:00:28.446    app     info:    [AuthenticationMiddleware] Plex information for '16492377' on 'tranquility' was loaded recently, skipping refresh.
2023-12-23 21:00:28.455    app     info:    [client-manager] Starting EVE Online game client.    C:\CCP\EVE Online\tq\bin64\exefile.exe    Map(11) {
  'noconsole' => '/noconsole',
  'server' => '/server:tranquility.servers.eveonline.com',
  'triplatform' => '/triplatform=dx12',
  'ssotoken' => '/ssoToken=***',
  'refreshtoken' => '/refreshToken=***',
  'settingsprofile' => '/settingsprofile=Default',
  'deviceid' => '/deviceID=4a436adb-4b99-40a7-85b0-42e206f41286',
  'autoselectcharacter' => '/autoSelectCharacter:2121174871',
  'language' => '/language=en',
  'exp' => '1703365826',
  'tokenExpires' => '2023-12-23 23:10:26.000'
}    16492377
2023-12-23 21:00:28.495    app     info:    [AuthenticationMiddleware] User information updated
2023-12-23 21:00:28.496    app     info:    [client-queue] Started client from group startup    {
  product: 'eve-online',
  tenant: 'tranquility',
  characterId: 2121174871,
  profile: '',
  userId: 16492377
}
2023-12-23 21:00:28.568    app     info:    [quasar-events] Sent 'eve_launcher.electron.eve_client.GameClientStartRequested'
2023-12-23 21:00:28.568    app     info:    [quasar-events] Sent 'eve_launcher.electron.eve_client.TemporaryClientProcessAdded'
2023-12-23 21:00:29.014    app     info:    [client-manager] Found 'tranquility' client for '16492377' running:     {
  processId: 1356,
  createdDate: 1703365228497,
  userId: 16492377,
  characterId: 2121174871,
  profile: 'Default',
  dxVersion: 'dx12'
}
2023-12-23 21:00:29.113    app     info:    [quasar-events] Sent 'eve_launcher.electron.eve_client.TemporaryClientProcessMonitoringRetried'
2023-12-23 21:00:29.114    app     info:    [quasar-events] Sent 'eve_launcher.electron.eve_client.GameClientStarted'
2023-12-23 21:00:29.114    app     info:    [quasar-events] Sent 'eve_launcher.electron.eve_client.TemporaryClientProcessRemoved'
2023-12-23 21:00:29.505    app     info:    [client-queue] Queue has stopped running, no more clients pending startup.
2023-12-23 21:00:46.909    app     info:    [AuthenticationMiddleware] Character information for '16492377' on 'tranquility' was loaded recently, skipping refresh.
2023-12-23 21:00:46.909    app     info:    [AuthenticationMiddleware] Plex information for '16492377' on 'tranquility' was loaded recently, skipping refresh.
2023-12-23 21:00:48.485    app     info:    [AuthenticationMiddleware] Character information for '17525312' on 'tranquility' was loaded recently, skipping refresh.
2023-12-23 21:00:48.485    app     info:    [AuthenticationMiddleware] Plex information for '17525312' on 'tranquility' was loaded recently, skipping refresh.
2023-12-23 21:00:50.446    app     info:    [AuthenticationMiddleware] Character information for '29280260' on 'tranquility' was loaded recently, skipping refresh.
2023-12-23 21:00:50.446    app     info:    [AuthenticationMiddleware] Plex information for '29280260' on 'tranquility' was loaded recently, skipping refresh.
2023-12-23 21:03:58.659    app     info:    [client-manager] 'tranquility' for EVE game client for '16492377' exited with no errors.
2023-12-23 21:03:58.674    app     info:    [server-manager] Starting refresh cycle for eve-online / Tranquility
2023-12-23 21:03:58.765    app     info:    [quasar-events] Sent 'eve_launcher.electron.eve_client.GameClientExited'
2023-12-23 21:03:59.083    app     info:    [server-manager] Previous Tranquility build: 2454674, current build: 2454674
2023-12-23 21:03:59.083    app     info:    [server-manager] Tranquility build is unchanged.
2023-12-23 21:03:59.089    app     info:    [server-manager] Ready to play!
2023-12-23 21:03:59.093    app     info:    [server-manager] Finished refresh cycle for Tranquility
2023-12-23 21:04:02.719    app     info:    [AuthenticationMiddleware] Character information for '18034259' on 'tranquility' was loaded recently, skipping refresh.
2023-12-23 21:04:02.719    app     info:    [AuthenticationMiddleware] Plex information for '18034259' on 'tranquility' was loaded recently, skipping refresh.
2023-12-23 21:04:03.630    app     info:    [AuthenticationMiddleware] Character information for '18034259' on 'tranquility' was loaded recently, skipping refresh.
2023-12-23 21:04:03.630    app     info:    [AuthenticationMiddleware] Plex information for '18034259' on 'tranquility' was loaded recently, skipping refresh.
2023-12-23 21:04:04.226    app     info:    [client-queue] Queued client startup    {
  product: 'eve-online',
  tenant: 'tranquility',
  userId: 18034259,
  characterId: 2121177973,
  profile: ''
}
2023-12-23 21:04:04.229    app     info:    [elg-events] Sending event    eve_launcher.electron.eve_client.ClientQueued
2023-12-23 21:04:04.229    app     info:    [client-queue] No clients running for tranquility, copying files before starting a client
2023-12-23 21:04:04.233    app     info:    [elg-events] Sending event    eve_launcher.electron.eve_client.CopyingFilesStarted
2023-12-23 21:04:04.233    app     info:    [binary-copier] Copying 194 files (216 MB) to 'C:\CCP\EVE Online\tq'
2023-12-23 21:04:04.249    app     info:    [binary-copier] Removing old binaries
2023-12-23 21:04:04.277    app     info:    [binary-copier] Copying binaries from ResFiles
2023-12-23 21:04:04.637    app     info:    [binary-copier] Finished copying 194 files to 'C:\CCP\EVE Online\tq' in 0.406 seconds
2023-12-23 21:04:04.639    app     info:    [elg-events] Sending event    eve_launcher.electron.eve_client.CopyingFilesFinished
2023-12-23 21:04:04.643    app     info:    [authentication] Token for '18034259' on 'tranquility' is expired, refresh is required
2023-12-23 21:04:04.644    app     info:    [authentication] Refreshing token for '18034259' on 'tranquility'
2023-12-23 21:04:04.776    app     info:    [authentication] Token for '18034259' on 'tranquility' has been successfully refreshed
2023-12-23 21:04:04.777    app     info:    [elg-events] Sending event    eve_launcher.electron.authentication.UserTokensRefreshed
2023-12-23 21:04:04.779    app     info:    [AuthenticationMiddleware] Character information for '18034259' on 'tranquility' was loaded recently, skipping refresh.
2023-12-23 21:04:04.779    app     info:    [AuthenticationMiddleware] Plex information for '18034259' on 'tranquility' was loaded recently, skipping refresh.
2023-12-23 21:04:04.790    app     info:    [client-manager] Starting EVE Online game client.    C:\CCP\EVE Online\tq\bin64\exefile.exe    Map(11) {
  'noconsole' => '/noconsole',
  'server' => '/server:tranquility.servers.eveonline.com',
  'triplatform' => '/triplatform=dx12',
  'ssotoken' => '/ssoToken=***',
  'refreshtoken' => '/refreshToken=***',
  'settingsprofile' => '/settingsprofile=Default',
  'deviceid' => '/deviceID=4a436adb-4b99-40a7-85b0-42e206f41286',
  'autoselectcharacter' => '/autoSelectCharacter:2121177973',
  'language' => '/language=en',
  'exp' => '1703366042',
  'tokenExpires' => '2023-12-23 23:14:02.000'
}    18034259
2023-12-23 21:04:04.823    app     info:    [AuthenticationMiddleware] User information updated
2023-12-23 21:04:04.823    app     info:    [client-queue] Started client from group startup    {
  product: 'eve-online',
  tenant: 'tranquility',
  characterId: 2121177973,
  profile: '',
  userId: 18034259
}
2023-12-23 21:04:04.896    app     info:    [quasar-events] Sent 'eve_launcher.electron.eve_client.GameClientStartRequested'
2023-12-23 21:04:04.896    app     info:    [quasar-events] Sent 'eve_launcher.electron.eve_client.TemporaryClientProcessAdded'
2023-12-23 21:04:05.357    app     info:    [client-manager] Found 'tranquility' client for '18034259' running:     {
  processId: 7996,
  createdDate: 1703365444825,
  userId: 18034259,
  characterId: 2121177973,
  profile: 'Default',
  dxVersion: 'dx12'
}
2023-12-23 21:04:05.446    app     info:    [quasar-events] Sent 'eve_launcher.electron.eve_client.TemporaryClientProcessMonitoringRetried'
2023-12-23 21:04:05.446    app     info:    [quasar-events] Sent 'eve_launcher.electron.eve_client.GameClientStarted'
2023-12-23 21:04:05.446    app     info:    [quasar-events] Sent 'eve_launcher.electron.eve_client.TemporaryClientProcessRemoved'
2023-12-23 21:04:05.843    app     info:    [client-queue] Queue has stopped running, no more clients pending startup.
2023-12-23 21:04:14.628    app     info:    [ipc-requests] Handling requests in the background
2023-12-23 21:04:15.633    app     info:    [ipc-requests] No longer handling requests in the background
2023-12-23 21:04:57.541    app     info:    [self-update] Checking for a launcher update...
2023-12-23 21:04:57.828    app     info:    [self-update] Currently running the latest launcher version. Scheduling update check in 5 minutes.
2023-12-23 21:06:59.889    app     info:    [main-window] Main window minimized to tray    { windowId: 2 }
2023-12-23 21:06:59.910    app     info:    [main-window] Sent notification that the application is minimized to tray    { windowId: 2 }
2023-12-23 21:06:59.915    app     info:    [ipc-requests] Handling requests in the background
2023-12-23 21:07:00.918    app     info:    [ipc-requests] No longer handling requests in the background
2023-12-23 21:08:59.099    app     info:    [server-manager] Starting refresh cycle for eve-online / Tranquility
2023-12-23 21:08:59.229    app     info:    [server-manager] Previous Tranquility build: 2454674, current build: 2454674
2023-12-23 21:08:59.230    app     info:    [server-manager] Tranquility build is unchanged.
2023-12-23 21:08:59.235    app     info:    [server-manager] Ready to play!
2023-12-23 21:08:59.239    app     info:    [server-manager] Finished refresh cycle for Tranquility
2023-12-23 21:09:57.830    app     info:    [self-update] Checking for a launcher update...
2023-12-23 21:09:58.119    app     info:    [self-update] Currently running the latest launcher version. Scheduling update check in 5 minutes.
2023-12-23 21:13:59.256    app     info:    [server-manager] Starting refresh cycle for eve-online / Tranquility
2023-12-23 21:13:59.396    app     info:    [server-manager] Previous Tranquility build: 2454674, current build: 2454674
2023-12-23 21:13:59.396    app     info:    [server-manager] Tranquility build is unchanged.
2023-12-23 21:13:59.402    app     info:    [server-manager] Ready to play!
2023-12-23 21:13:59.405    app     info:    [server-manager] Finished refresh cycle for Tranquility
2023-12-23 21:14:58.121    app     info:    [self-update] Checking for a launcher update...
2023-12-23 21:14:58.405    app     info:    [self-update] Currently running the latest launcher version. Scheduling update check in 5 minutes.
2023-12-23 21:18:59.419    app     info:    [server-manager] Starting refresh cycle for eve-online / Tranquility
2023-12-23 21:18:59.538    app     info:    [server-manager] Previous Tranquility build: 2454674, current build: 2454674
2023-12-23 21:18:59.539    app     info:    [server-manager] Tranquility build is unchanged.
2023-12-23 21:18:59.544    app     info:    [server-manager] Ready to play!
2023-12-23 21:18:59.547    app     info:    [server-manager] Finished refresh cycle for Tranquility
2023-12-23 21:19:58.409    app     info:    [self-update] Checking for a launcher update...
2023-12-23 21:19:58.697    app     info:    [self-update] Currently running the latest launcher version. Scheduling update check in 5 minutes.
2023-12-23 21:23:59.560    app     info:    [server-manager] Starting refresh cycle for eve-online / Tranquility
2023-12-23 21:24:00.448    app     info:    [server-manager] Previous Tranquility build: 2454674, current build: 2454674
2023-12-23 21:24:00.448    app     info:    [server-manager] Tranquility build is unchanged.
2023-12-23 21:24:00.452    app     info:    [server-manager] Ready to play!
2023-12-23 21:24:00.455    app     info:    [server-manager] Finished refresh cycle for Tranquility
2023-12-23 21:24:58.702    app     info:    [self-update] Checking for a launcher update...
2023-12-23 21:24:58.977    app     info:    [self-update] Currently running the latest launcher version. Scheduling update check in 5 minutes.
2023-12-23 21:29:00.460    app     info:    [server-manager] Starting refresh cycle for eve-online / Tranquility
2023-12-23 21:29:01.977    app     info:    [server-manager] Previous Tranquility build: 2454674, current build: 2454674
2023-12-23 21:29:01.977    app     info:    [server-manager] Tranquility build is unchanged.
2023-12-23 21:29:01.981    app     info:    [server-manager] Ready to play!
2023-12-23 21:29:01.985    app     info:    [server-manager] Finished refresh cycle for Tranquility
2023-12-23 21:29:58.980    app     info:    [self-update] Checking for a launcher update...
2023-12-23 21:29:59.268    app     info:    [self-update] Currently running the latest launcher version. Scheduling update check in 5 minutes.
2023-12-23 21:34:01.995    app     info:    [server-manager] Starting refresh cycle for eve-online / Tranquility
2023-12-23 21:34:02.163    app     info:    [server-manager] Previous Tranquility build: 2454674, current build: 2454674
2023-12-23 21:34:02.163    app     info:    [server-manager] Tranquility build is unchanged.
2023-12-23 21:34:02.169    app     info:    [server-manager] Ready to play!
2023-12-23 21:34:02.172    app     info:    [server-manager] Finished refresh cycle for Tranquility
2023-12-23 21:34:59.281    app     info:    [self-update] Checking for a launcher update...
2023-12-23 21:34:59.566    app     info:    [self-update] Currently running the latest launcher version. Scheduling update check in 5 minutes.
2023-12-23 21:39:02.184    app     info:    [server-manager] Starting refresh cycle for eve-online / Tranquility
2023-12-23 21:39:02.301    app     info:    [server-manager] Previous Tranquility build: 2454674, current build: 2454674
2023-12-23 21:39:02.301    app     info:    [server-manager] Tranquility build is unchanged.
2023-12-23 21:39:02.306    app     info:    [server-manager] Ready to play!
2023-12-23 21:39:02.309    app     info:    [server-manager] Finished refresh cycle for Tranquility
2023-12-23 21:39:59.575    app     info:    [self-update] Checking for a launcher update...
2023-12-23 21:39:59.859    app     info:    [self-update] Currently running the latest launcher version. Scheduling update check in 5 minutes.
2023-12-23 21:44:02.325    app     info:    [server-manager] Starting refresh cycle for eve-online / Tranquility
2023-12-23 21:44:02.571    app     info:    [server-manager] Previous Tranquility build: 2454674, current build: 2454674
2023-12-23 21:44:02.571    app     info:    [server-manager] Tranquility build is unchanged.
2023-12-23 21:44:02.576    app     info:    [server-manager] Ready to play!
2023-12-23 21:44:02.579    app     info:    [server-manager] Finished refresh cycle for Tranquility
2023-12-23 21:44:59.871    app     info:    [self-update] Checking for a launcher update...
2023-12-23 21:45:00.156    app     info:    [self-update] Currently running the latest launcher version. Scheduling update check in 5 minutes.
2023-12-23 21:49:02.585    app     info:    [server-manager] Starting refresh cycle for eve-online / Tranquility
2023-12-23 21:49:02.748    app     info:    [server-manager] Previous Tranquility build: 2454674, current build: 2454674
2023-12-23 21:49:02.748    app     info:    [server-manager] Tranquility build is unchanged.
2023-12-23 21:49:02.754    app     info:    [server-manager] Ready to play!
2023-12-23 21:49:02.757    app     info:    [server-manager] Finished refresh cycle for Tranquility
2023-12-23 21:50:00.170    app     info:    [self-update] Checking for a launcher update...
2023-12-23 21:50:00.475    app     info:    [self-update] Currently running the latest launcher version. Scheduling update check in 5 minutes.
2023-12-23 21:54:02.767    app     info:    [server-manager] Starting refresh cycle for eve-online / Tranquility
2023-12-23 21:54:02.881    app     info:    [server-manager] Previous Tranquility build: 2454674, current build: 2454674
2023-12-23 21:54:02.882    app     info:    [server-manager] Tranquility build is unchanged.
2023-12-23 21:54:02.887    app     info:    [server-manager] Ready to play!
2023-12-23 21:54:02.890    app     info:    [server-manager] Finished refresh cycle for Tranquility
2023-12-23 21:55:00.487    app     info:    [self-update] Checking for a launcher update...
2023-12-23 21:55:00.767    app     info:    [self-update] Currently running the latest launcher version. Scheduling update check in 5 minutes.
2023-12-23 21:59:02.895    app     info:    [server-manager] Starting refresh cycle for eve-online / Tranquility
2023-12-23 21:59:03.063    app     info:    [server-manager] Previous Tranquility build: 2454674, current build: 2454674
2023-12-23 21:59:03.063    app     info:    [server-manager] Tranquility build is unchanged.
2023-12-23 21:59:03.068    app     info:    [server-manager] Ready to play!
2023-12-23 21:59:03.071    app     info:    [server-manager] Finished refresh cycle for Tranquility
2023-12-23 22:00:00.780    app     info:    [self-update] Checking for a launcher update...
2023-12-23 22:00:01.054    app     info:    [self-update] Currently running the latest launcher version. Scheduling update check in 5 minutes.
2023-12-23 22:04:03.080    app     info:    [server-manager] Starting refresh cycle for eve-online / Tranquility
2023-12-23 22:04:03.228    app     info:    [server-manager] Previous Tranquility build: 2454674, current build: 2454674
2023-12-23 22:04:03.228    app     info:    [server-manager] Tranquility build is unchanged.
2023-12-23 22:04:03.233    app     info:    [server-manager] Ready to play!
2023-12-23 22:04:03.237    app     info:    [server-manager] Finished refresh cycle for Tranquility
2023-12-23 22:05:01.058    app     info:    [self-update] Checking for a launcher update...
2023-12-23 22:05:01.367    app     info:    [self-update] Currently running the latest launcher version. Scheduling update check in 5 minutes.
2023-12-23 22:09:03.255    app     info:    [server-manager] Starting refresh cycle for eve-online / Tranquility
2023-12-23 22:09:03.402    app     info:    [server-manager] Previous Tranquility build: 2454674, current build: 2454674
2023-12-23 22:09:03.403    app     info:    [server-manager] Tranquility build is unchanged.
2023-12-23 22:09:03.414    app     info:    [server-manager] Ready to play!
2023-12-23 22:09:03.417    app     info:    [server-manager] Finished refresh cycle for Tranquility
2023-12-23 22:10:01.377    app     info:    [self-update] Checking for a launcher update...
2023-12-23 22:10:01.677    app     info:    [self-update] Currently running the latest launcher version. Scheduling update check in 5 minutes.
2023-12-23 22:12:46.403    app     info:    [client-manager] 'tranquility' for EVE game client for '18034259' exited with no errors.
2023-12-23 22:12:46.413    app     info:    [server-manager] Starting refresh cycle for eve-online / Tranquility
2023-12-23 22:12:46.515    app     info:    [quasar-events] Sent 'eve_launcher.electron.eve_client.GameClientExited'
2023-12-23 22:12:46.532    app     info:    [server-manager] Previous Tranquility build: 2454674, current build: 2454674
2023-12-23 22:12:46.532    app     info:    [server-manager] Tranquility build is unchanged.
2023-12-23 22:12:46.538    app     info:    [server-manager] Ready to play!
2023-12-23 22:12:46.542    app     info:    [server-manager] Finished refresh cycle for Tranquility
2023-12-23 22:12:53.708    app     info:    Second instance    [
  'C:\\Users\\Dmytro\\AppData\\Local\\eve-online\\app-1.2.0\\eve-online.exe',
  '--allow-file-access-from-files',
  '--secure-schemes',
  '--bypasscsp-schemes=sentry-ipc',
  '--cors-schemes=sentry-ipc',
  '--fetch-schemes=sentry-ipc',
  '--service-worker-schemes',
  '--standard-schemes',
  '--streaming-schemes'
]
2023-12-23 22:12:53.714    app     info:    [tray] Main window restored from second instance    { windowId: 2 }
2023-12-23 22:12:53.726    app     info:    [creatives] Requesting creatives
2023-12-23 22:12:53.844    app     info:    [creatives] Received 2 creatives
2023-12-23 22:12:56.033    app     info:    [main-window] Main window minimized to tray    { windowId: 2 }
2023-12-23 22:12:56.041    app     info:    [ipc-requests] Handling requests in the background
2023-12-23 22:12:57.045    app     info:    [ipc-requests] No longer handling requests in the background
2023-12-23 22:13:12.543    app     info:    [tray] Main window restored from tray    { windowId: 2 }
2023-12-23 22:13:16.225    app     info:    [authentication] Token for '28182799' on 'tranquility' is expired, refresh is required
2023-12-23 22:13:16.225    app     info:    [authentication] Refreshing token for '28182799' on 'tranquility'
2023-12-23 22:13:16.324    app     info:    [authentication] Token for '28182799' on 'tranquility' has been successfully refreshed
2023-12-23 22:13:16.325    app     info:    [elg-events] Sending event    eve_launcher.electron.authentication.UserTokensRefreshed
2023-12-23 22:13:16.327    app     info:    [customer-information] Getting character information for '28182799' on 'tranquility'
2023-12-23 22:13:16.327    app     info:    [customer-information] Getting Omega status for '28182799' on 'tranquility'
2023-12-23 22:13:16.327    app     info:    [virtual-goods] Getting Plex status for '28182799' on 'tranquility'
2023-12-23 22:13:16.413    app     info:    [virtual-goods] Fetched Plex status for '28182799' on 'tranquility'
2023-12-23 22:13:16.442    app     info:    [esi] Fetching character details for 2121174545
2023-12-23 22:13:16.451    app     info:    [AuthenticationMiddleware] User information updated
2023-12-23 22:13:16.773    app     info:    [esi] Fetched 1 character details for 28182799
2023-12-23 22:13:17.629    app     info:    [AuthenticationMiddleware] Character information for '28182799' on 'tranquility' was loaded recently, skipping refresh.
2023-12-23 22:13:17.630    app     info:    [AuthenticationMiddleware] Plex information for '28182799' on 'tranquility' was loaded recently, skipping refresh.
2023-12-23 22:13:18.368    app     info:    [client-queue] Queued client startup    {
  product: 'eve-online',
  tenant: 'tranquility',
  userId: 28182799,
  characterId: 2121174545,
  profile: ''
}
2023-12-23 22:13:18.370    app     info:    [elg-events] Sending event    eve_launcher.electron.eve_client.ClientQueued
2023-12-23 22:13:18.370    app     info:    [client-queue] No clients running for tranquility, copying files before starting a client
2023-12-23 22:13:18.375    app     info:    [elg-events] Sending event    eve_launcher.electron.eve_client.CopyingFilesStarted
2023-12-23 22:13:18.375    app     info:    [binary-copier] Copying 194 files (216 MB) to 'C:\CCP\EVE Online\tq'
2023-12-23 22:13:18.389    app     info:    [binary-copier] Removing old binaries
2023-12-23 22:13:18.416    app     info:    [binary-copier] Copying binaries from ResFiles
2023-12-23 22:13:18.776    app     info:    [binary-copier] Finished copying 194 files to 'C:\CCP\EVE Online\tq' in 0.403 seconds
2023-12-23 22:13:18.777    app     info:    [elg-events] Sending event    eve_launcher.electron.eve_client.CopyingFilesFinished
2023-12-23 22:13:18.782    app     info:    [client-manager] Starting EVE Online game client.    C:\CCP\EVE Online\tq\bin64\exefile.exe    Map(11) {
  'noconsole' => '/noconsole',
  'server' => '/server:tranquility.servers.eveonline.com',
  'triplatform' => '/triplatform=dx12',
  'ssotoken' => '/ssoToken=***',
  'refreshtoken' => '/refreshToken=***',
  'settingsprofile' => '/settingsprofile=Default',
  'deviceid' => '/deviceID=4a436adb-4b99-40a7-85b0-42e206f41286',
  'autoselectcharacter' => '/autoSelectCharacter:2121174545',
  'language' => '/language=en',
  'exp' => '1703370194',
  'tokenExpires' => '2023-12-24 00:23:14.000'
}    28182799
2023-12-23 22:13:18.798    app     info:    [client-queue] Started client from group startup    {
  product: 'eve-online',
  tenant: 'tranquility',
  characterId: 2121174545,
  profile: '',
  userId: 28182799
}
2023-12-23 22:13:18.898    app     info:    [quasar-events] Sent 'eve_launcher.electron.eve_client.GameClientStartRequested'
2023-12-23 22:13:18.898    app     info:    [quasar-events] Sent 'eve_launcher.electron.eve_client.TemporaryClientProcessAdded'
2023-12-23 22:13:19.310    app     info:    [client-manager] Found 'tranquility' client for '28182799' running:     {
  processId: 2312,
  createdDate: 1703369598820,
  userId: 28182799,
  characterId: 2121174545,
  profile: 'Default',
  dxVersion: 'dx12'
}
2023-12-23 22:13:19.411    app     info:    [quasar-events] Sent 'eve_launcher.electron.eve_client.TemporaryClientProcessMonitoringRetried'
2023-12-23 22:13:19.412    app     info:    [quasar-events] Sent 'eve_launcher.electron.eve_client.GameClientStarted'
2023-12-23 22:13:19.412    app     info:    [quasar-events] Sent 'eve_launcher.electron.eve_client.TemporaryClientProcessRemoved'
2023-12-23 22:13:19.803    app     info:    [client-queue] Queue has stopped running, no more clients pending startup.
2023-12-23 22:15:01.689    app     info:    [self-update] Checking for a launcher update...
2023-12-23 22:15:01.945    app     info:    [self-update] Currently running the latest launcher version. Scheduling update check in 5 minutes.
2023-12-23 22:16:20.693    app     info:    [ipc-requests] Handling requests in the background
2023-12-23 22:16:21.702    app     info:    [ipc-requests] No longer handling requests in the background
2023-12-23 22:17:02.167    app     info:    [ipc-requests] Handling requests in the background
2023-12-23 22:17:03.172    app     info:    [ipc-requests] No longer handling requests in the background
2023-12-23 22:17:04.613    app     info:    [ipc-requests] Handling requests in the background
2023-12-23 22:17:05.617    app     info:    [ipc-requests] No longer handling requests in the background
2023-12-23 22:17:32.068    app     info:    [ipc-requests] Handling requests in the background
2023-12-23 22:17:33.076    app     info:    [ipc-requests] No longer handling requests in the background
2023-12-23 22:17:46.553    app     info:    [server-manager] Starting refresh cycle for eve-online / Tranquility
2023-12-23 22:17:46.695    app     info:    [server-manager] Previous Tranquility build: 2454674, current build: 2454674
2023-12-23 22:17:46.696    app     info:    [server-manager] Tranquility build is unchanged.
2023-12-23 22:17:46.701    app     info:    [server-manager] Ready to play!
2023-12-23 22:17:46.704    app     info:    [server-manager] Finished refresh cycle for Tranquility
2023-12-23 22:18:13.228    app     info:    [ipc-requests] Handling requests in the background
2023-12-23 22:18:14.241    app     info:    [ipc-requests] No longer handling requests in the background
2023-12-23 22:18:36.598    app     info:    [ipc-requests] Handling requests in the background
2023-12-23 22:18:37.608    app     info:    [ipc-requests] No longer handling requests in the background
2023-12-23 22:19:22.347    app     info:    [ipc-requests] Handling requests in the background
2023-12-23 22:19:23.351    app     info:    [ipc-requests] No longer handling requests in the background
2023-12-23 22:19:25.107    app     info:    [ipc-requests] Handling requests in the background
2023-12-23 22:19:26.116    app     info:    [ipc-requests] No longer handling requests in the background
2023-12-23 22:20:01.948    app     info:    [self-update] Checking for a launcher update...
2023-12-23 22:20:02.249    app     info:    [self-update] Currently running the latest launcher version. Scheduling update check in 5 minutes.
2023-12-23 22:20:10.204    app     info:    [ipc-requests] Handling requests in the background
2023-12-23 22:20:11.216    app     info:    [ipc-requests] No longer handling requests in the background
2023-12-23 22:20:41.885    app     info:    [ipc-requests] Handling requests in the background
2023-12-23 22:20:42.895    app     info:    [ipc-requests] No longer handling requests in the background
2023-12-23 22:20:56.572    app     info:    [ipc-requests] Handling requests in the background
2023-12-23 22:20:57.582    app     info:    [ipc-requests] No longer handling requests in the background
2023-12-23 22:21:07.845    app     info:    [ipc-requests] Handling requests in the background
2023-12-23 22:21:08.849    app     info:    [ipc-requests] No longer handling requests in the background
2023-12-23 22:21:38.277    app     info:    [ipc-requests] Handling requests in the background
2023-12-23 22:21:39.283    app     info:    [ipc-requests] No longer handling requests in the background
2023-12-23 22:21:44.557    app     info:    [ipc-requests] Handling requests in the background
2023-12-23 22:21:45.564    app     info:    [ipc-requests] No longer handling requests in the background
2023-12-23 22:22:46.709    app     info:    [server-manager] Starting refresh cycle for eve-online / Tranquility
2023-12-23 22:22:46.854    app     info:    [server-manager] Previous Tranquility build: 2454674, current build: 2454674
2023-12-23 22:22:46.854    app     info:    [server-manager] Tranquility build is unchanged.
2023-12-23 22:22:46.859    app     info:    [server-manager] Ready to play!
2023-12-23 22:22:46.862    app     info:    [server-manager] Finished refresh cycle for Tranquility
2023-12-23 22:25:02.250    app     info:    [self-update] Checking for a launcher update...
2023-12-23 22:25:02.539    app     info:    [self-update] Currently running the latest launcher version. Scheduling update check in 5 minutes.
2023-12-23 22:27:43.526    app     info:    [ipc-requests] Handling requests in the background
2023-12-23 22:27:44.531    app     info:    [ipc-requests] No longer handling requests in the background
2023-12-23 22:27:46.866    app     info:    [server-manager] Starting refresh cycle for eve-online / Tranquility
2023-12-23 22:27:46.995    app     info:    [server-manager] Previous Tranquility build: 2454674, current build: 2454674
2023-12-23 22:27:46.995    app     info:    [server-manager] Tranquility build is unchanged.
2023-12-23 22:27:47.008    app     info:    [server-manager] Ready to play!
2023-12-23 22:27:47.013    app     info:    [server-manager] Finished refresh cycle for Tranquility
2023-12-23 22:27:54.876    app     info:    [ipc-requests] Handling requests in the background
2023-12-23 22:27:55.895    app     info:    [ipc-requests] No longer handling requests in the background
2023-12-23 22:27:56.044    app     info:    [ipc-requests] Handling requests in the background
2023-12-23 22:27:57.053    app     info:    [ipc-requests] No longer handling requests in the background
2023-12-23 22:28:05.133    app     info:    [ipc-requests] Handling requests in the background
2023-12-23 22:28:06.144    app     info:    [ipc-requests] No longer handling requests in the background
2023-12-23 22:28:47.876    app     info:    [ipc-requests] Handling requests in the background
2023-12-23 22:28:48.889    app     info:    [ipc-requests] No longer handling requests in the background
2023-12-23 22:29:23.168    app     info:    [ipc-requests] Handling requests in the background
2023-12-23 22:29:24.180    app     info:    [ipc-requests] No longer handling requests in the background
2023-12-23 22:30:02.544    app     info:    [self-update] Checking for a launcher update...
2023-12-23 22:30:02.811    app     info:    [self-update] Currently running the latest launcher version. Scheduling update check in 5 minutes.
2023-12-23 22:32:47.024    app     info:    [server-manager] Starting refresh cycle for eve-online / Tranquility
2023-12-23 22:32:47.187    app     info:    [server-manager] Previous Tranquility build: 2454674, current build: 2454674
2023-12-23 22:32:47.187    app     info:    [server-manager] Tranquility build is unchanged.
2023-12-23 22:32:47.192    app     info:    [server-manager] Ready to play!
2023-12-23 22:32:47.194    app     info:    [server-manager] Finished refresh cycle for Tranquility
2023-12-23 22:35:02.822    app     info:    [self-update] Checking for a launcher update...
2023-12-23 22:35:03.084    app     info:    [self-update] Currently running the latest launcher version. Scheduling update check in 5 minutes.
2023-12-23 22:36:11.720    app     info:    [ipc-requests] Handling requests in the background
2023-12-23 22:36:12.730    app     info:    [ipc-requests] No longer handling requests in the background
2023-12-23 22:36:30.045    app     info:    [ipc-requests] Handling requests in the background
2023-12-23 22:36:31.046    app     info:    [ipc-requests] No longer handling requests in the background
2023-12-23 22:36:31.307    app     info:    [ipc-requests] Handling requests in the background
2023-12-23 22:36:32.317    app     info:    [ipc-requests] No longer handling requests in the background
2023-12-23 22:36:59.837    app     info:    [ipc-requests] Handling requests in the background
2023-12-23 22:37:00.846    app     info:    [ipc-requests] No longer handling requests in the background
2023-12-23 22:37:47.208    app     info:    [server-manager] Starting refresh cycle for eve-online / Tranquility
2023-12-23 22:37:47.967    app     info:    [server-manager] Previous Tranquility build: 2454674, current build: 2454674
2023-12-23 22:37:47.967    app     info:    [server-manager] Tranquility build is unchanged.
2023-12-23 22:37:47.972    app     info:    [server-manager] Ready to play!
2023-12-23 22:37:47.975    app     info:    [server-manager] Finished refresh cycle for Tranquility
2023-12-23 22:38:39.183    app     info:    [ipc-requests] Handling requests in the background
2023-12-23 22:38:40.198    app     info:    [ipc-requests] No longer handling requests in the background
2023-12-23 22:38:40.807    app     info:    [ipc-requests] Handling requests in the background
2023-12-23 22:38:41.823    app     info:    [ipc-requests] No longer handling requests in the background
2023-12-23 22:40:03.089    app     info:    [self-update] Checking for a launcher update...
2023-12-23 22:40:03.342    app     info:    [self-update] Currently running the latest launcher version. Scheduling update check in 5 minutes.
2023-12-23 22:42:47.976    app     info:    [server-manager] Starting refresh cycle for eve-online / Tranquility
2023-12-23 22:42:48.106    app     info:    [server-manager] Previous Tranquility build: 2454674, current build: 2454674
2023-12-23 22:42:48.106    app     info:    [server-manager] Tranquility build is unchanged.
2023-12-23 22:42:48.111    app     info:    [server-manager] Ready to play!
2023-12-23 22:42:48.114    app     info:    [server-manager] Finished refresh cycle for Tranquility
2023-12-23 22:45:03.346    app     info:    [self-update] Checking for a launcher update...
2023-12-23 22:45:03.706    app     info:    [self-update] Currently running the latest launcher version. Scheduling update check in 5 minutes.
2023-12-23 22:47:48.127    app     info:    [server-manager] Starting refresh cycle for eve-online / Tranquility
2023-12-23 22:47:48.323    app     info:    [server-manager] Previous Tranquility build: 2454674, current build: 2454674
2023-12-23 22:47:48.323    app     info:    [server-manager] Tranquility build is unchanged.
2023-12-23 22:47:48.328    app     info:    [server-manager] Ready to play!
2023-12-23 22:47:48.331    app     info:    [server-manager] Finished refresh cycle for Tranquility
2023-12-23 22:50:03.719    app     info:    [self-update] Checking for a launcher update...
2023-12-23 22:50:03.988    app     info:    [self-update] Currently running the latest launcher version. Scheduling update check in 5 minutes.
2023-12-23 22:52:48.339    app     info:    [server-manager] Starting refresh cycle for eve-online / Tranquility
2023-12-23 22:52:48.466    app     info:    [server-manager] Previous Tranquility build: 2454674, current build: 2454674
2023-12-23 22:52:48.466    app     info:    [server-manager] Tranquility build is unchanged.
2023-12-23 22:52:48.471    app     info:    [server-manager] Ready to play!
2023-12-23 22:52:48.474    app     info:    [server-manager] Finished refresh cycle for Tranquility
2023-12-23 22:55:03.997    app     info:    [self-update] Checking for a launcher update...
2023-12-23 22:55:04.268    app     info:    [self-update] Currently running the latest launcher version. Scheduling update check in 5 minutes.
2023-12-23 22:57:48.477    app     info:    [server-manager] Starting refresh cycle for eve-online / Tranquility
2023-12-23 22:57:48.590    app     info:    [server-manager] Previous Tranquility build: 2454674, current build: 2454674
2023-12-23 22:57:48.590    app     info:    [server-manager] Tranquility build is unchanged.
2023-12-23 22:57:48.595    app     info:    [server-manager] Ready to play!
2023-12-23 22:57:48.598    app     info:    [server-manager] Finished refresh cycle for Tranquility
2023-12-23 23:00:04.279    app     info:    [self-update] Checking for a launcher update...
2023-12-23 23:00:04.540    app     info:    [self-update] Currently running the latest launcher version. Scheduling update check in 5 minutes.
2023-12-23 23:02:35.484    app     info:    [ipc-requests] Handling requests in the background
2023-12-23 23:02:36.491    app     info:    [ipc-requests] No longer handling requests in the background
2023-12-23 23:02:48.607    app     info:    [server-manager] Starting refresh cycle for eve-online / Tranquility
2023-12-23 23:02:48.783    app     info:    [server-manager] Previous Tranquility build: 2454674, current build: 2454674
2023-12-23 23:02:48.783    app     info:    [server-manager] Tranquility build is unchanged.
2023-12-23 23:02:48.790    app     info:    [server-manager] Ready to play!
2023-12-23 23:02:48.793    app     info:    [server-manager] Finished refresh cycle for Tranquility
2023-12-23 23:02:56.228    app     info:    [ipc-requests] Handling requests in the background
2023-12-23 23:02:57.238    app     info:    [ipc-requests] No longer handling requests in the background
2023-12-23 23:05:04.546    app     info:    [self-update] Checking for a launcher update...
2023-12-23 23:05:04.807    app     info:    [self-update] Currently running the latest launcher version. Scheduling update check in 5 minutes.
2023-12-23 23:07:48.803    app     info:    [server-manager] Starting refresh cycle for eve-online / Tranquility
2023-12-23 23:07:48.957    app     info:    [server-manager] Previous Tranquility build: 2454674, current build: 2454674
2023-12-23 23:07:48.958    app     info:    [server-manager] Tranquility build is unchanged.
2023-12-23 23:07:48.962    app     info:    [server-manager] Ready to play!
2023-12-23 23:07:48.965    app     info:    [server-manager] Finished refresh cycle for Tranquility
2023-12-23 23:08:48.814    app     info:    [ipc-requests] Handling requests in the background
2023-12-23 23:08:49.816    app     info:    [ipc-requests] No longer handling requests in the background
2023-12-23 23:08:52.837    app     info:    [ipc-requests] Handling requests in the background
2023-12-23 23:08:53.847    app     info:    [ipc-requests] No longer handling requests in the background
2023-12-23 23:08:54.261    app     info:    [ipc-requests] Handling requests in the background
2023-12-23 23:08:55.268    app     info:    [ipc-requests] No longer handling requests in the background
2023-12-23 23:10:04.820    app     info:    [self-update] Checking for a launcher update...
2023-12-23 23:10:05.079    app     info:    [self-update] Currently running the latest launcher version. Scheduling update check in 5 minutes.
2023-12-23 23:10:18.211    app     info:    [client-manager] 'tranquility' for EVE game client for '28182799' exited with no errors.
2023-12-23 23:10:18.219    app     info:    [server-manager] Starting refresh cycle for eve-online / Tranquility
2023-12-23 23:10:18.325    app     info:    [quasar-events] Sent 'eve_launcher.electron.eve_client.GameClientExited'
2023-12-23 23:10:18.973    app     info:    [server-manager] Previous Tranquility build: 2454674, current build: 2454674
2023-12-23 23:10:18.973    app     info:    [server-manager] Tranquility build is unchanged.
2023-12-23 23:10:18.978    app     info:    [server-manager] Ready to play!
2023-12-23 23:10:18.980    app     info:    [server-manager] Finished refresh cycle for Tranquility
2023-12-23 23:11:17.678    app     info:    [main-window] Main window minimized to tray    { windowId: 2 }
2023-12-23 23:11:17.686    app     info:    [ipc-requests] Handling requests in the background
2023-12-23 23:11:18.688    app     info:    [ipc-requests] No longer handling requests in the background
