2023-12-25 00:02:18.161    app     info:    [self-update] Checking for a launcher update...
2023-12-25 00:02:18.241    app     info:    [server-manager] Starting refresh cycle for eve-online / Tranquility
2023-12-25 00:02:18.453    app     info:    [server-manager] Previous Tranquility build: 2454674, current build: 2454674
2023-12-25 00:02:18.454    app     info:    [server-manager] Tranquility build is unchanged.
2023-12-25 00:02:18.459    app     info:    [server-manager] Ready to play!
2023-12-25 00:02:18.463    app     info:    [server-manager] Finished refresh cycle for Tranquility
2023-12-25 00:02:18.463    app     info:    [self-update] Currently running the latest launcher version. Scheduling update check in 5 minutes.
2023-12-25 00:07:18.469    app     info:    [server-manager] Starting refresh cycle for eve-online / Tranquility
2023-12-25 00:07:18.472    app     info:    [self-update] Checking for a launcher update...
2023-12-25 00:07:18.598    app     info:    [server-manager] Previous Tranquility build: 2454674, current build: 2454674
2023-12-25 00:07:18.599    app     info:    [server-manager] Tranquility build is unchanged.
2023-12-25 00:07:18.603    app     info:    [server-manager] Ready to play!
2023-12-25 00:07:18.606    app     info:    [server-manager] Finished refresh cycle for Tranquility
2023-12-25 00:07:18.749    app     info:    [self-update] Currently running the latest launcher version. Scheduling update check in 5 minutes.
2023-12-25 00:12:18.616    app     info:    [server-manager] Starting refresh cycle for eve-online / Tranquility
2023-12-25 00:12:18.757    app     info:    [self-update] Checking for a launcher update...
2023-12-25 00:12:18.843    app     info:    [server-manager] Previous Tranquility build: 2454674, current build: 2454674
2023-12-25 00:12:18.843    app     info:    [server-manager] Tranquility build is unchanged.
2023-12-25 00:12:18.848    app     info:    [server-manager] Ready to play!
2023-12-25 00:12:18.851    app     info:    [server-manager] Finished refresh cycle for Tranquility
2023-12-25 00:12:19.044    app     info:    [self-update] Currently running the latest launcher version. Scheduling update check in 5 minutes.
2023-12-25 00:17:18.860    app     info:    [server-manager] Starting refresh cycle for eve-online / Tranquility
2023-12-25 00:17:18.987    app     info:    [server-manager] Previous Tranquility build: 2454674, current build: 2454674
2023-12-25 00:17:18.987    app     info:    [server-manager] Tranquility build is unchanged.
2023-12-25 00:17:18.992    app     info:    [server-manager] Ready to play!
2023-12-25 00:17:18.995    app     info:    [server-manager] Finished refresh cycle for Tranquility
2023-12-25 00:17:19.048    app     info:    [self-update] Checking for a launcher update...
2023-12-25 00:17:19.340    app     info:    [self-update] Currently running the latest launcher version. Scheduling update check in 5 minutes.
2023-12-25 00:22:19.006    app     info:    [server-manager] Starting refresh cycle for eve-online / Tranquility
2023-12-25 00:22:19.122    app     info:    [server-manager] Previous Tranquility build: 2454674, current build: 2454674
2023-12-25 00:22:19.122    app     info:    [server-manager] Tranquility build is unchanged.
2023-12-25 00:22:19.127    app     info:    [server-manager] Ready to play!
2023-12-25 00:22:19.130    app     info:    [server-manager] Finished refresh cycle for Tranquility
2023-12-25 00:22:19.351    app     info:    [self-update] Checking for a launcher update...
2023-12-25 00:22:19.639    app     info:    [self-update] Currently running the latest launcher version. Scheduling update check in 5 minutes.
2023-12-25 00:27:19.133    app     info:    [server-manager] Starting refresh cycle for eve-online / Tranquility
2023-12-25 00:27:19.245    app     info:    [server-manager] Previous Tranquility build: 2454674, current build: 2454674
2023-12-25 00:27:19.245    app     info:    [server-manager] Tranquility build is unchanged.
2023-12-25 00:27:19.251    app     info:    [server-manager] Ready to play!
2023-12-25 00:27:19.254    app     info:    [server-manager] Finished refresh cycle for Tranquility
2023-12-25 00:27:19.651    app     info:    [self-update] Checking for a launcher update...
2023-12-25 00:27:19.939    app     info:    [self-update] Currently running the latest launcher version. Scheduling update check in 5 minutes.
2023-12-25 00:32:19.260    app     info:    [server-manager] Starting refresh cycle for eve-online / Tranquility
2023-12-25 00:32:19.379    app     info:    [server-manager] Previous Tranquility build: 2454674, current build: 2454674
2023-12-25 00:32:19.380    app     info:    [server-manager] Tranquility build is unchanged.
2023-12-25 00:32:19.385    app     info:    [server-manager] Ready to play!
2023-12-25 00:32:19.388    app     info:    [server-manager] Finished refresh cycle for Tranquility
2023-12-25 00:32:19.948    app     info:    [self-update] Checking for a launcher update...
2023-12-25 00:32:20.232    app     info:    [self-update] Currently running the latest launcher version. Scheduling update check in 5 minutes.
2023-12-25 00:37:19.404    app     info:    [server-manager] Starting refresh cycle for eve-online / Tranquility
2023-12-25 00:37:19.517    app     info:    [server-manager] Previous Tranquility build: 2454674, current build: 2454674
2023-12-25 00:37:19.517    app     info:    [server-manager] Tranquility build is unchanged.
2023-12-25 00:37:19.521    app     info:    [server-manager] Ready to play!
2023-12-25 00:37:19.524    app     info:    [server-manager] Finished refresh cycle for Tranquility
2023-12-25 00:37:20.246    app     info:    [self-update] Checking for a launcher update...
2023-12-25 00:37:20.525    app     info:    [self-update] Currently running the latest launcher version. Scheduling update check in 5 minutes.
2023-12-25 00:42:19.541    app     info:    [server-manager] Starting refresh cycle for eve-online / Tranquility
2023-12-25 00:42:19.712    app     info:    [server-manager] Previous Tranquility build: 2454674, current build: 2454674
2023-12-25 00:42:19.712    app     info:    [server-manager] Tranquility build is unchanged.
2023-12-25 00:42:19.716    app     info:    [server-manager] Ready to play!
2023-12-25 00:42:19.719    app     info:    [server-manager] Finished refresh cycle for Tranquility
2023-12-25 00:42:20.540    app     info:    [self-update] Checking for a launcher update...
2023-12-25 00:42:20.827    app     info:    [self-update] Currently running the latest launcher version. Scheduling update check in 5 minutes.
2023-12-25 00:47:19.723    app     info:    [server-manager] Starting refresh cycle for eve-online / Tranquility
2023-12-25 00:47:19.854    app     info:    [server-manager] Previous Tranquility build: 2454674, current build: 2454674
2023-12-25 00:47:19.855    app     info:    [server-manager] Tranquility build is unchanged.
2023-12-25 00:47:19.860    app     info:    [server-manager] Ready to play!
2023-12-25 00:47:19.863    app     info:    [server-manager] Finished refresh cycle for Tranquility
2023-12-25 00:47:20.829    app     info:    [self-update] Checking for a launcher update...
2023-12-25 00:47:21.117    app     info:    [self-update] Currently running the latest launcher version. Scheduling update check in 5 minutes.
2023-12-25 00:52:11.178    app     info:    [creatives] Requesting creatives
2023-12-25 00:52:11.292    app     info:    [creatives] Received 2 creatives
2023-12-25 00:52:19.866    app     info:    [server-manager] Starting refresh cycle for eve-online / Tranquility
2023-12-25 00:52:19.982    app     info:    [server-manager] Previous Tranquility build: 2454674, current build: 2454674
2023-12-25 00:52:19.982    app     info:    [server-manager] Tranquility build is unchanged.
2023-12-25 00:52:19.988    app     info:    [server-manager] Ready to play!
2023-12-25 00:52:19.991    app     info:    [server-manager] Finished refresh cycle for Tranquility
2023-12-25 00:52:21.123    app     info:    [self-update] Checking for a launcher update...
2023-12-25 00:52:21.414    app     info:    [self-update] Currently running the latest launcher version. Scheduling update check in 5 minutes.
2023-12-25 00:57:20.002    app     info:    [server-manager] Starting refresh cycle for eve-online / Tranquility
2023-12-25 00:57:20.116    app     info:    [server-manager] Previous Tranquility build: 2454674, current build: 2454674
2023-12-25 00:57:20.116    app     info:    [server-manager] Tranquility build is unchanged.
2023-12-25 00:57:20.121    app     info:    [server-manager] Ready to play!
2023-12-25 00:57:20.124    app     info:    [server-manager] Finished refresh cycle for Tranquility
2023-12-25 00:57:21.421    app     info:    [self-update] Checking for a launcher update...
2023-12-25 00:57:21.708    app     info:    [self-update] Currently running the latest launcher version. Scheduling update check in 5 minutes.
2023-12-25 01:02:20.125    app     info:    [server-manager] Starting refresh cycle for eve-online / Tranquility
2023-12-25 01:02:20.240    app     info:    [server-manager] Previous Tranquility build: 2454674, current build: 2454674
2023-12-25 01:02:20.240    app     info:    [server-manager] Tranquility build is unchanged.
2023-12-25 01:02:20.245    app     info:    [server-manager] Ready to play!
2023-12-25 01:02:20.249    app     info:    [server-manager] Finished refresh cycle for Tranquility
2023-12-25 01:02:21.717    app     info:    [self-update] Checking for a launcher update...
2023-12-25 01:02:21.998    app     info:    [self-update] Currently running the latest launcher version. Scheduling update check in 5 minutes.
2023-12-25 01:07:20.252    app     info:    [server-manager] Starting refresh cycle for eve-online / Tranquility
2023-12-25 01:07:20.512    app     info:    [server-manager] Previous Tranquility build: 2454674, current build: 2454674
2023-12-25 01:07:20.512    app     info:    [server-manager] Tranquility build is unchanged.
2023-12-25 01:07:20.518    app     info:    [server-manager] Ready to play!
2023-12-25 01:07:20.521    app     info:    [server-manager] Finished refresh cycle for Tranquility
2023-12-25 01:07:22.011    app     info:    [self-update] Checking for a launcher update...
2023-12-25 01:07:22.294    app     info:    [self-update] Currently running the latest launcher version. Scheduling update check in 5 minutes.
2023-12-25 01:12:20.537    app     info:    [server-manager] Starting refresh cycle for eve-online / Tranquility
2023-12-25 01:12:20.650    app     info:    [server-manager] Previous Tranquility build: 2454674, current build: 2454674
2023-12-25 01:12:20.651    app     info:    [server-manager] Tranquility build is unchanged.
2023-12-25 01:12:20.655    app     info:    [server-manager] Ready to play!
2023-12-25 01:12:20.659    app     info:    [server-manager] Finished refresh cycle for Tranquility
2023-12-25 01:12:22.298    app     info:    [self-update] Checking for a launcher update...
2023-12-25 01:12:22.585    app     info:    [self-update] Currently running the latest launcher version. Scheduling update check in 5 minutes.
2023-12-25 01:17:20.675    app     info:    [server-manager] Starting refresh cycle for eve-online / Tranquility
2023-12-25 01:17:20.772    app     info:    [server-manager] Previous Tranquility build: 2454674, current build: 2454674
2023-12-25 01:17:20.772    app     info:    [server-manager] Tranquility build is unchanged.
2023-12-25 01:17:20.777    app     info:    [server-manager] Ready to play!
2023-12-25 01:17:20.780    app     info:    [server-manager] Finished refresh cycle for Tranquility
2023-12-25 01:17:22.595    app     info:    [self-update] Checking for a launcher update...
2023-12-25 01:17:22.878    app     info:    [self-update] Currently running the latest launcher version. Scheduling update check in 5 minutes.
2023-12-25 01:22:20.789    app     info:    [server-manager] Starting refresh cycle for eve-online / Tranquility
2023-12-25 01:22:20.902    app     info:    [server-manager] Previous Tranquility build: 2454674, current build: 2454674
2023-12-25 01:22:20.903    app     info:    [server-manager] Tranquility build is unchanged.
2023-12-25 01:22:20.907    app     info:    [server-manager] Ready to play!
2023-12-25 01:22:20.911    app     info:    [server-manager] Finished refresh cycle for Tranquility
2023-12-25 01:22:22.879    app     info:    [self-update] Checking for a launcher update...
2023-12-25 01:22:23.162    app     info:    [self-update] Currently running the latest launcher version. Scheduling update check in 5 minutes.
2023-12-25 01:25:09.081    app     info:    [client-manager] 'tranquility' for EVE game client for '23622903' exited with no errors.
2023-12-25 01:25:09.092    app     info:    [server-manager] Starting refresh cycle for eve-online / Tranquility
2023-12-25 01:25:09.189    app     info:    [quasar-events] Sent 'eve_launcher.electron.eve_client.GameClientExited'
2023-12-25 01:25:09.191    app     info:    [server-manager] Previous Tranquility build: 2454674, current build: 2454674
2023-12-25 01:25:09.192    app     info:    [server-manager] Tranquility build is unchanged.
2023-12-25 01:25:09.196    app     info:    [server-manager] Ready to play!
2023-12-25 01:25:09.200    app     info:    [server-manager] Finished refresh cycle for Tranquility
2023-12-25 01:25:10.274    app     info:    [main-window] Main window minimized to tray    { windowId: 2 }
2023-12-25 01:25:10.296    app     info:    [main-window] Sent notification that the application is minimized to tray    { windowId: 2 }
2023-12-25 01:25:10.302    app     info:    [ipc-requests] Handling requests in the background
2023-12-25 01:25:11.318    app     info:    [ipc-requests] No longer handling requests in the background
2023-12-25 01:27:23.170    app     info:    [self-update] Checking for a launcher update...
2023-12-25 01:27:23.498    app     info:    [self-update] Currently running the latest launcher version. Scheduling update check in 5 minutes.
2023-12-25 01:30:09.208    app     info:    [server-manager] Starting refresh cycle for eve-online / Tranquility
2023-12-25 01:30:09.336    app     info:    [server-manager] Previous Tranquility build: 2454674, current build: 2454674
2023-12-25 01:30:09.336    app     info:    [server-manager] Tranquility build is unchanged.
2023-12-25 01:30:09.340    app     info:    [server-manager] Ready to play!
2023-12-25 01:30:09.344    app     info:    [server-manager] Finished refresh cycle for Tranquility
2023-12-25 01:32:23.499    app     info:    [self-update] Checking for a launcher update...
2023-12-25 01:32:23.798    app     info:    [self-update] Currently running the latest launcher version. Scheduling update check in 5 minutes.
