2023-12-31 18:16:52.961    app     info:    Startup arguments    []
2023-12-31 18:16:52.966    app     info:    [self-update] Starting automatic update checks
2023-12-31 18:16:52.966    app     info:    [self-update] Waiting for update feed before starting update checks
2023-12-31 18:16:52.969    app     info:    [preload] High DPI scaling enabled by settings
2023-12-31 18:16:53.111    app     info:    [i18next] Changed language    en
2023-12-31 18:16:53.208    app     info:    [authentication] Token for '16492377' on 'tranquility' is expired, refresh is required
2023-12-31 18:16:53.208    app     info:    [authentication] Refreshing token for '16492377' on 'tranquility'
2023-12-31 18:16:53.209    app     info:    [authentication] Token for '17525312' on 'tranquility' is expired, refresh is required
2023-12-31 18:16:53.209    app     info:    [authentication] Refreshing token for '17525312' on 'tranquility'
2023-12-31 18:16:53.209    app     info:    [authentication] Token for '25218835' on 'tranquility' is expired, refresh is required
2023-12-31 18:16:53.210    app     info:    [authentication] Refreshing token for '25218835' on 'tranquility'
2023-12-31 18:16:53.210    app     info:    [customer-information] Getting character information for '29280260' on 'tranquility'
2023-12-31 18:16:53.211    app     info:    [customer-information] Getting Omega status for '29280260' on 'tranquility'
2023-12-31 18:16:53.211    app     info:    [virtual-goods] Getting Plex status for '29280260' on 'tranquility'
2023-12-31 18:16:53.213    app     info:    [customer-information] Getting character information for '29285645' on 'tranquility'
2023-12-31 18:16:53.214    app     info:    [customer-information] Getting Omega status for '29285645' on 'tranquility'
2023-12-31 18:16:53.214    app     info:    [virtual-goods] Getting Plex status for '29285645' on 'tranquility'
2023-12-31 18:16:53.214    app     info:    [authentication] Token for '18034259' on 'tranquility' is expired, refresh is required
2023-12-31 18:16:53.215    app     info:    [authentication] Refreshing token for '18034259' on 'tranquility'
2023-12-31 18:16:53.215    app     info:    [authentication] Token for '28182799' on 'tranquility' is expired, refresh is required
2023-12-31 18:16:53.215    app     info:    [authentication] Refreshing token for '28182799' on 'tranquility'
2023-12-31 18:16:53.215    app     info:    [authentication] Token for '2110311' on 'tranquility' is expired, refresh is required
2023-12-31 18:16:53.216    app     info:    [authentication] Refreshing token for '2110311' on 'tranquility'
2023-12-31 18:16:53.216    app     info:    [authentication] Token for '23622903' on 'tranquility' is expired, refresh is required
2023-12-31 18:16:53.216    app     info:    [authentication] Refreshing token for '23622903' on 'tranquility'
2023-12-31 18:16:53.216    app     info:    [authentication] Token for '26239201' on 'tranquility' is expired, refresh is required
2023-12-31 18:16:53.217    app     info:    [authentication] Refreshing token for '26239201' on 'tranquility'
2023-12-31 18:16:53.217    app     info:    [authentication] Token for '18922386' on 'tranquility' is expired, refresh is required
2023-12-31 18:16:53.217    app     info:    [authentication] Refreshing token for '18922386' on 'tranquility'
2023-12-31 18:16:53.217    app     info:    [authentication] Token for '18000247' on 'tranquility' is expired, refresh is required
2023-12-31 18:16:53.217    app     info:    [authentication] Refreshing token for '18000247' on 'tranquility'
2023-12-31 18:16:53.218    app     info:    [authentication] Token for '13595732' on 'tranquility' is expired, refresh is required
2023-12-31 18:16:53.218    app     info:    [authentication] Refreshing token for '13595732' on 'tranquility'
2023-12-31 18:16:53.218    app     info:    [authentication] Token for '15136212' on 'tranquility' is expired, refresh is required
2023-12-31 18:16:53.218    app     info:    [authentication] Refreshing token for '15136212' on 'tranquility'
2023-12-31 18:16:53.218    app     info:    [device-id] Device id found in state
2023-12-31 18:16:53.225    app     info:    [analytics] Application name:    EVE Online
2023-12-31 18:16:53.225    app     info:    [analytics] Application version:    1.2.0
2023-12-31 18:16:53.225    app     info:    [analytics] Domain    undefined
2023-12-31 18:16:53.226    app     info:    [analytics] Working directory    C:\Users\REDACTED\AppData\Local\eve-online\app-1.2.0
2023-12-31 18:16:53.226    app     info:    [analytics] Username contains UTF8?    false
2023-12-31 18:16:53.509    app     info:    [elg-events] Sending event    eve_launcher.electron.application.PdmLoaded
2023-12-31 18:16:53.517    app     info:    [analytics] Operating system    {
  type: 'Windows',
  name: 'Windows 10 Education',
  version: '10.0 (19045)'
}
2023-12-31 18:16:53.519    app     info:    [analytics] Encryption available:    true
2023-12-31 18:16:53.519    app     info:    [analytics] Machine UUID    4E9F516C-5B97-47C6-8C67-E93D943CB7C8
2023-12-31 18:16:53.519    app     info:    [analytics] PDM Version    2.1.4
2023-12-31 18:16:53.519    app     info:    [analytics] Release channel    release
2023-12-31 18:16:53.524    app     info:    [initializers] Shared cache directory set to    C:\CCP\EVE Online
2023-12-31 18:16:53.550    app     info:    [initializers] Shared cache drive free space: 106,81 GiB / 433,74 GiB
2023-12-31 18:16:53.558    app     info:    [elg-events] Sending event    eve_launcher.electron.application.LauncherStarted
2023-12-31 18:16:53.561    app     info:    [elg-events] Sending event    eve_launcher.electron.application.CoreDataLoaded
2023-12-31 18:16:53.562    app     info:    [cdn-trace] Fetching CDN trace data from https://binaries.eveonline.com/cdn-cgi/trace
2023-12-31 18:16:53.578    app     info:    [feature-flags] Initializing feature flag client
2023-12-31 18:16:53.682    app     info:    [first-run] First application run was at 2023-11-27T10:29:20.506Z
2023-12-31 18:16:53.738    app     info:    [cache-protocol] Found 0 entries to remove
2023-12-31 18:16:53.739    app     info:    [cache-protocol] Nothing to clean up.
2023-12-31 18:16:53.771    app     info:    [server-manager] Starting refresh cycle for eve-online / Tranquility
2023-12-31 18:16:53.780    app     info:    [virtual-goods] Fetched Plex status for '29280260' on 'tranquility'
2023-12-31 18:16:53.796    app     info:    [esi] Fetching character details for 2121853336
2023-12-31 18:16:53.809    app     info:    [esi] Fetching character details for 2121878074
2023-12-31 18:16:53.832    app     info:    [customer-information] Agreements have been updated
2023-12-31 18:16:53.879    app     info:    info: [LaunchDarkly] LaunchDarkly client initialized    []
2023-12-31 18:16:53.879    app     info:    info: [LaunchDarkly] Opening stream connection to https://clientstream.launchdarkly.com/eval/64c3d12e27a4b11365012d39/eyJrZXkiOiI0YTQzNmFkYi00Yjk5LTQwYTctODViMC00MmUyMDZmNDEyODYiLCJraW5kIjoidXNlciIsImN1c3RvbSI6eyJpc0ZpcnN0UnVuIjpmYWxzZSwiZGF5c1NpbmNlRmlyc3RSdW4iOjM0LCJsYW5ndWFnZSI6ImVuIiwiYXBwbGljYXRpb24iOiJldmUtb25saW5lIiwidmVyc2lvbiI6IjEuMi4wIiwicGxhdGZvcm0iOiJ3aW5kb3dzIiwib3NWZXJzaW9uRGVwcmVjYXRlZCI6ZmFsc2UsInVzZXJJZHMiOlsxNjQ5MjM3NywyNTIxODgzNSwyMTEwMzExLDI5Mjg1NjQ1XSwib21lZ2FDb3VudCI6MCwiYWxwaGFDb3VudCI6MTQsImFjY291bnRDb3VudCI6MTQsIm9sZGVzdEFjY291bnRBZ2UiOjYwMTgsInlvdW5nZXN0QWNjb3VudEFnZSI6MzB9fQ?withReasons=true    []
2023-12-31 18:16:53.881    app     info:    [feature-flags] Client 4a436adb... ready, fetching flags
2023-12-31 18:16:53.884    app     info:    [feature-flags] Received 18 flags for client 4a436adb...
2023-12-31 18:16:53.885    app     info:    [feature-flags] Client initialized with key 4a436adb...
2023-12-31 18:16:53.886    app     info:    [self-update] Update feed set, starting update checks
2023-12-31 18:16:53.886    app     info:    [self-update] Starting automatic update checks
2023-12-31 18:16:53.887    app     info:    [self-update] Checking for a launcher update...
2023-12-31 18:16:53.916    app     info:    [authentication] Token for '18922386' on 'tranquility' has been successfully refreshed
2023-12-31 18:16:53.917    app     info:    [elg-events] Sending event    eve_launcher.electron.authentication.UserTokensRefreshed
2023-12-31 18:16:53.919    app     info:    [customer-information] Getting character information for '18922386' on 'tranquility'
2023-12-31 18:16:53.919    app     info:    [customer-information] Getting Omega status for '18922386' on 'tranquility'
2023-12-31 18:16:53.919    app     info:    [virtual-goods] Getting Plex status for '18922386' on 'tranquility'
2023-12-31 18:16:53.930    app     info:    [authentication] Token for '2110311' on 'tranquility' has been successfully refreshed
2023-12-31 18:16:53.933    app     info:    [elg-events] Sending event    eve_launcher.electron.authentication.UserTokensRefreshed
2023-12-31 18:16:53.934    app     info:    [customer-information] Getting character information for '2110311' on 'tranquility'
2023-12-31 18:16:53.934    app     info:    [customer-information] Getting Omega status for '2110311' on 'tranquility'
2023-12-31 18:16:53.934    app     info:    [virtual-goods] Getting Plex status for '2110311' on 'tranquility'
2023-12-31 18:16:53.944    app     info:    [authentication] Token for '18034259' on 'tranquility' has been successfully refreshed
2023-12-31 18:16:53.945    app     info:    [elg-events] Sending event    eve_launcher.electron.authentication.UserTokensRefreshed
2023-12-31 18:16:53.947    app     info:    [customer-information] Getting character information for '18034259' on 'tranquility'
2023-12-31 18:16:53.947    app     info:    [customer-information] Getting Omega status for '18034259' on 'tranquility'
2023-12-31 18:16:53.947    app     info:    [virtual-goods] Getting Plex status for '18034259' on 'tranquility'
2023-12-31 18:16:53.956    app     info:    [authentication] Token for '17525312' on 'tranquility' has been successfully refreshed
2023-12-31 18:16:53.957    app     info:    [elg-events] Sending event    eve_launcher.electron.authentication.UserTokensRefreshed
2023-12-31 18:16:53.959    app     info:    [customer-information] Getting character information for '17525312' on 'tranquility'
2023-12-31 18:16:53.959    app     info:    [customer-information] Getting Omega status for '17525312' on 'tranquility'
2023-12-31 18:16:53.959    app     info:    [virtual-goods] Getting Plex status for '17525312' on 'tranquility'
2023-12-31 18:16:53.969    app     info:    [authentication] Token for '23622903' on 'tranquility' has been successfully refreshed
2023-12-31 18:16:53.971    app     info:    [elg-events] Sending event    eve_launcher.electron.authentication.UserTokensRefreshed
2023-12-31 18:16:53.972    app     info:    [customer-information] Getting character information for '23622903' on 'tranquility'
2023-12-31 18:16:53.972    app     info:    [customer-information] Getting Omega status for '23622903' on 'tranquility'
2023-12-31 18:16:53.972    app     info:    [virtual-goods] Getting Plex status for '23622903' on 'tranquility'
2023-12-31 18:16:53.983    app     info:    [authentication] Token for '16492377' on 'tranquility' has been successfully refreshed
2023-12-31 18:16:53.984    app     info:    [elg-events] Sending event    eve_launcher.electron.authentication.UserTokensRefreshed
2023-12-31 18:16:53.985    app     info:    [customer-information] Getting character information for '16492377' on 'tranquility'
2023-12-31 18:16:53.985    app     info:    [customer-information] Getting Omega status for '16492377' on 'tranquility'
2023-12-31 18:16:53.986    app     info:    [virtual-goods] Getting Plex status for '16492377' on 'tranquility'
2023-12-31 18:16:53.995    app     info:    [authentication] Token for '25218835' on 'tranquility' has been successfully refreshed
2023-12-31 18:16:53.996    app     info:    [elg-events] Sending event    eve_launcher.electron.authentication.UserTokensRefreshed
2023-12-31 18:16:53.998    app     info:    [customer-information] Getting character information for '25218835' on 'tranquility'
2023-12-31 18:16:53.998    app     info:    [customer-information] Getting Omega status for '25218835' on 'tranquility'
2023-12-31 18:16:53.998    app     info:    [virtual-goods] Getting Plex status for '25218835' on 'tranquility'
2023-12-31 18:16:54.009    app     info:    [authentication] Token for '26239201' on 'tranquility' has been successfully refreshed
2023-12-31 18:16:54.010    app     info:    [elg-events] Sending event    eve_launcher.electron.authentication.UserTokensRefreshed
2023-12-31 18:16:54.011    app     info:    [customer-information] Getting character information for '26239201' on 'tranquility'
2023-12-31 18:16:54.011    app     info:    [customer-information] Getting Omega status for '26239201' on 'tranquility'
2023-12-31 18:16:54.012    app     info:    [virtual-goods] Getting Plex status for '26239201' on 'tranquility'
2023-12-31 18:16:54.021    app     info:    [authentication] Token for '28182799' on 'tranquility' has been successfully refreshed
2023-12-31 18:16:54.023    app     info:    [elg-events] Sending event    eve_launcher.electron.authentication.UserTokensRefreshed
2023-12-31 18:16:54.024    app     info:    [customer-information] Getting character information for '28182799' on 'tranquility'
2023-12-31 18:16:54.024    app     info:    [customer-information] Getting Omega status for '28182799' on 'tranquility'
2023-12-31 18:16:54.024    app     info:    [virtual-goods] Getting Plex status for '28182799' on 'tranquility'
2023-12-31 18:16:54.034    app     info:    [authentication] Token for '15136212' on 'tranquility' has been successfully refreshed
2023-12-31 18:16:54.036    app     info:    [elg-events] Sending event    eve_launcher.electron.authentication.UserTokensRefreshed
2023-12-31 18:16:54.037    app     info:    [customer-information] Getting character information for '15136212' on 'tranquility'
2023-12-31 18:16:54.037    app     info:    [customer-information] Getting Omega status for '15136212' on 'tranquility'
2023-12-31 18:16:54.037    app     info:    [virtual-goods] Getting Plex status for '15136212' on 'tranquility'
2023-12-31 18:16:54.054    app     info:    [server-manager] Previous Tranquility build: 2454674, current build: 2454674
2023-12-31 18:16:54.054    app     info:    [server-manager] Tranquility build is unchanged.
2023-12-31 18:16:54.059    app     info:    [server-manager] Ready to play!
2023-12-31 18:16:54.062    app     info:    [server-manager] Finished refresh cycle for Tranquility
2023-12-31 18:16:54.067    app     info:    [authentication] Token for '18000247' on 'tranquility' has been successfully refreshed
2023-12-31 18:16:54.068    app     info:    [elg-events] Sending event    eve_launcher.electron.authentication.UserTokensRefreshed
2023-12-31 18:16:54.070    app     info:    [customer-information] Getting character information for '18000247' on 'tranquility'
2023-12-31 18:16:54.070    app     info:    [customer-information] Getting Omega status for '18000247' on 'tranquility'
2023-12-31 18:16:54.070    app     info:    [virtual-goods] Getting Plex status for '18000247' on 'tranquility'
2023-12-31 18:16:54.080    app     info:    [authentication] Token for '13595732' on 'tranquility' has been successfully refreshed
2023-12-31 18:16:54.082    app     info:    [elg-events] Sending event    eve_launcher.electron.authentication.UserTokensRefreshed
2023-12-31 18:16:54.083    app     info:    [customer-information] Getting character information for '13595732' on 'tranquility'
2023-12-31 18:16:54.083    app     info:    [customer-information] Getting Omega status for '13595732' on 'tranquility'
2023-12-31 18:16:54.083    app     info:    [virtual-goods] Getting Plex status for '13595732' on 'tranquility'
2023-12-31 18:16:54.168    app     info:    [esi] Fetching character details for 2121927552
2023-12-31 18:16:54.177    app     info:    [esi] Fetching character details for 2114656127, 2121178396
2023-12-31 18:16:54.199    app     info:    [esi] Fetching character details for 2113875139, 2121174871
2023-12-31 18:16:54.228    app     info:    [esi] Fetching character details for 2121174545
2023-12-31 18:16:54.259    app     info:    [esi] Fetching character details for 2121891348
2023-12-31 18:16:54.268    app     info:    [esi] Fetching character details for 2121178171
2023-12-31 18:16:54.277    app     info:    [esi] Fetching character details for 2115031890, 2121177973
2023-12-31 18:16:54.298    app     info:    [esi] Fetching character details for 2121927031
2023-12-31 18:16:54.307    app     info:    [esi] Fetching character details for 578564394, 2115457291
2023-12-31 18:16:54.322    app     info:    [esi] Fetching character details for 2118248041, 2121175776
2023-12-31 18:16:54.331    app     info:    [esi] Fetching character details for 2119361891, 2120347635
2023-12-31 18:16:54.339    app     info:    [virtual-goods] Fetched Plex status for '13595732' on 'tranquility'
2023-12-31 18:16:54.345    app     info:    [AuthenticationMiddleware] User information updated
2023-12-31 18:16:54.358    app     info:    [esi] Fetching character details for 2115479508
2023-12-31 18:16:54.366    app     info:    [self-update] Currently running the latest launcher version. Scheduling update check in 5 minutes.
2023-12-31 18:16:54.367    app     info:    [virtual-goods] Fetched Plex status for '29285645' on 'tranquility'
2023-12-31 18:16:54.374    app     info:    [AuthenticationMiddleware] Successfully restored 16 / 16 users
2023-12-31 18:16:54.377    app     info:    [virtual-goods] Fetched Plex status for '2110311' on 'tranquility'
2023-12-31 18:16:54.382    app     info:    [AuthenticationMiddleware] User information updated
2023-12-31 18:16:54.383    app     info:    [virtual-goods] Fetched Plex status for '25218835' on 'tranquility'
2023-12-31 18:16:54.387    app     info:    [AuthenticationMiddleware] User information updated
2023-12-31 18:16:54.388    app     info:    [virtual-goods] Fetched Plex status for '18922386' on 'tranquility'
2023-12-31 18:16:54.393    app     info:    [AuthenticationMiddleware] User information updated
2023-12-31 18:16:54.393    app     info:    [virtual-goods] Fetched Plex status for '23622903' on 'tranquility'
2023-12-31 18:16:54.398    app     info:    [AuthenticationMiddleware] User information updated
2023-12-31 18:16:54.400    app     info:    [virtual-goods] Fetched Plex status for '28182799' on 'tranquility'
2023-12-31 18:16:54.404    app     info:    [AuthenticationMiddleware] User information updated
2023-12-31 18:16:54.405    app     info:    [virtual-goods] Fetched Plex status for '18000247' on 'tranquility'
2023-12-31 18:16:54.410    app     info:    [AuthenticationMiddleware] User information updated
2023-12-31 18:16:54.477    app     info:    [esi] Fetched 1 character details for 29280260
2023-12-31 18:16:54.484    app     info:    [esi] Fetched 1 character details for 29285645
2023-12-31 18:16:54.594    app     warn:    [steam-auth] Failed to initialize Steamworks client
2023-12-31 18:16:54.600    app     info:    [main-window] Registering main window    { windowId: 2 }
2023-12-31 18:16:54.607    app     info:    [cdn-trace] Fetching CDN trace data from https://binaries.eveonline.com/cdn-cgi/trace
2023-12-31 18:16:54.608    app     info:    [creatives] Requesting creatives
2023-12-31 18:16:54.620    app     info:    [elg-events] Sending event    eve_launcher.electron.application.RendererLoaded
2023-12-31 18:16:54.624    app     info:    [virtual-goods] Fetched Plex status for '26239201' on 'tranquility'
2023-12-31 18:16:54.629    app     info:    [AuthenticationMiddleware] User information updated
2023-12-31 18:16:54.631    app     info:    [virtual-goods] Fetched Plex status for '17525312' on 'tranquility'
2023-12-31 18:16:54.635    app     info:    [AuthenticationMiddleware] User information updated
2023-12-31 18:16:54.638    app     info:    [virtual-goods] Fetched Plex status for '18034259' on 'tranquility'
2023-12-31 18:16:54.643    app     info:    [AuthenticationMiddleware] User information updated
2023-12-31 18:16:54.644    app     info:    [virtual-goods] Fetched Plex status for '16492377' on 'tranquility'
2023-12-31 18:16:54.649    app     info:    [AuthenticationMiddleware] User information updated
2023-12-31 18:16:54.663    app     info:    [virtual-goods] Fetched Plex status for '15136212' on 'tranquility'
2023-12-31 18:16:54.668    app     info:    [AuthenticationMiddleware] User information updated
2023-12-31 18:16:54.681    app     info:    [esi] Fetched 1 character details for 15136212
2023-12-31 18:16:54.726    app     info:    [esi] Fetched 1 character details for 26239201
2023-12-31 18:16:54.733    app     info:    [esi] Fetched 2 character details for 16492377
2023-12-31 18:16:54.735    app     info:    [esi] Fetched 1 character details for 13595732
2023-12-31 18:16:54.738    app     info:    [esi] Fetched 1 character details for 28182799
2023-12-31 18:16:54.741    app     info:    [esi] Fetched 2 character details for 18034259
2023-12-31 18:16:54.743    app     info:    [esi] Fetched 2 character details for 25218835
2023-12-31 18:16:54.745    app     info:    [esi] Fetched 1 character details for 18000247
2023-12-31 18:16:54.747    app     info:    [creatives] Received 3 creatives
2023-12-31 18:16:54.752    app     info:    [esi] Fetched 2 character details for 2110311
2023-12-31 18:16:54.803    app     info:    [esi] Fetched 1 character details for 18922386
2023-12-31 18:16:54.978    app     info:    [esi] Fetched 2 character details for 23622903
2023-12-31 18:16:54.982    app     info:    [esi] Fetched 2 character details for 17525312
2023-12-31 18:16:55.729     ui     info:    Initializing captcha    ccp://launcher/renderer/main_window/index.js    2
2023-12-31 18:17:00.849    app     info:    [AuthenticationMiddleware] Character information for '2110311' on 'tranquility' was loaded recently, skipping refresh.
2023-12-31 18:17:00.850    app     info:    [AuthenticationMiddleware] Plex information for '2110311' on 'tranquility' was loaded recently, skipping refresh.
2023-12-31 18:17:01.789    app     info:    [AuthenticationMiddleware] Character information for '2110311' on 'tranquility' was loaded recently, skipping refresh.
2023-12-31 18:17:01.789    app     info:    [AuthenticationMiddleware] Plex information for '2110311' on 'tranquility' was loaded recently, skipping refresh.
2023-12-31 18:17:02.465    app     info:    [analytics] Hardware rendering enabled:    true    { disabledViaCommandline: false, disabledViaSettings: false }
2023-12-31 18:17:02.751    app     info:    [client-queue] Queued client startup    {
  product: 'eve-online',
  tenant: 'tranquility',
  userId: 2110311,
  characterId: 2115457291,
  profile: ''
}
2023-12-31 18:17:02.753    app     info:    [elg-events] Sending event    eve_launcher.electron.eve_client.ClientQueued
2023-12-31 18:17:02.754    app     info:    [client-queue] No clients running for tranquility, copying files before starting a client
2023-12-31 18:17:02.759    app     info:    [elg-events] Sending event    eve_launcher.electron.eve_client.CopyingFilesStarted
2023-12-31 18:17:02.760    app     info:    [binary-copier] Copying 194 files (216 MB) to 'C:\CCP\EVE Online\tq'
2023-12-31 18:17:02.805    app     info:    [binary-copier] Removing old binaries
2023-12-31 18:17:02.819    app     info:    [binary-copier] Copying binaries from ResFiles
2023-12-31 18:17:03.270    app     info:    [binary-copier] Finished copying 194 files to 'C:\CCP\EVE Online\tq' in 0.512 seconds
2023-12-31 18:17:03.272    app     info:    [elg-events] Sending event    eve_launcher.electron.eve_client.CopyingFilesFinished
2023-12-31 18:17:03.278    app     info:    [client-manager] Starting EVE Online game client.    C:\CCP\EVE Online\tq\bin64\exefile.exe    Map(11) {
  'noconsole' => '/noconsole',
  'server' => '/server:tranquility.servers.eveonline.com',
  'triplatform' => '/triplatform=dx12',
  'ssotoken' => '/ssoToken=***',
  'refreshtoken' => '/refreshToken=***',
  'settingsprofile' => '/settingsprofile=Default',
  'deviceid' => '/deviceID=4a436adb-4b99-40a7-85b0-42e206f41286',
  'autoselectcharacter' => '/autoSelectCharacter:2115457291',
  'language' => '/language=en',
  'exp' => '1704047212',
  'tokenExpires' => '2023-12-31 20:26:52.000'
}    2110311
2023-12-31 18:17:03.318    app     info:    [client-queue] Started client from group startup    {
  product: 'eve-online',
  tenant: 'tranquility',
  characterId: 2115457291,
  profile: '',
  userId: 2110311
}
2023-12-31 18:17:03.395    app     info:    [quasar-events] Sent 'eve_launcher.electron.eve_client.GameClientStartRequested'
2023-12-31 18:17:03.396    app     info:    [quasar-events] Sent 'eve_launcher.electron.eve_client.TemporaryClientProcessAdded'
2023-12-31 18:17:03.831    app     info:    [client-manager] Found 'tranquility' client for '2110311' running:     {
  processId: 4500,
  createdDate: 1704046623370,
  userId: 2110311,
  characterId: 2115457291,
  profile: 'Default',
  dxVersion: 'dx12'
}
2023-12-31 18:17:03.932    app     info:    [quasar-events] Sent 'eve_launcher.electron.eve_client.TemporaryClientProcessMonitoringRetried'
2023-12-31 18:17:03.932    app     info:    [quasar-events] Sent 'eve_launcher.electron.eve_client.GameClientStarted'
2023-12-31 18:17:03.932    app     info:    [quasar-events] Sent 'eve_launcher.electron.eve_client.TemporaryClientProcessRemoved'
2023-12-31 18:17:04.328    app     info:    [client-queue] Queue has stopped running, no more clients pending startup.
2023-12-31 18:17:23.947    app     warn:    Could not connect to LogLite    [
  Error: connect ECONNREFUSED 127.0.0.1:3273
      at TCPConnectWrap.afterConnect [as oncomplete] (node:net:1247:16) {
    errno: -4078,
    code: 'ECONNREFUSED',
    syscall: 'connect',
    address: '127.0.0.1',
    port: 3273
  }
]
2023-12-31 18:21:54.093    app     info:    [server-manager] Starting refresh cycle for eve-online / Tranquility
2023-12-31 18:21:54.226    app     info:    [server-manager] Previous Tranquility build: 2454674, current build: 2454674
2023-12-31 18:21:54.226    app     info:    [server-manager] Tranquility build is unchanged.
2023-12-31 18:21:54.232    app     info:    [server-manager] Ready to play!
2023-12-31 18:21:54.235    app     info:    [server-manager] Finished refresh cycle for Tranquility
2023-12-31 18:21:54.381    app     info:    [self-update] Checking for a launcher update...
2023-12-31 18:21:54.670    app     info:    [self-update] Currently running the latest launcher version. Scheduling update check in 5 minutes.
2023-12-31 18:26:54.244    app     info:    [server-manager] Starting refresh cycle for eve-online / Tranquility
2023-12-31 18:26:54.398    app     info:    [server-manager] Previous Tranquility build: 2454674, current build: 2454674
2023-12-31 18:26:54.399    app     info:    [server-manager] Tranquility build is unchanged.
2023-12-31 18:26:54.405    app     info:    [server-manager] Ready to play!
2023-12-31 18:26:54.409    app     info:    [server-manager] Finished refresh cycle for Tranquility
2023-12-31 18:26:54.682    app     info:    [self-update] Checking for a launcher update...
2023-12-31 18:26:54.978    app     info:    [self-update] Currently running the latest launcher version. Scheduling update check in 5 minutes.
2023-12-31 18:31:54.424    app     info:    [server-manager] Starting refresh cycle for eve-online / Tranquility
2023-12-31 18:31:54.987    app     info:    [self-update] Checking for a launcher update...
2023-12-31 18:31:55.268    app     info:    [self-update] Currently running the latest launcher version. Scheduling update check in 5 minutes.
2023-12-31 18:31:55.527    app     info:    [server-manager] Previous Tranquility build: 2454674, current build: 2454674
2023-12-31 18:31:55.527    app     info:    [server-manager] Tranquility build is unchanged.
2023-12-31 18:31:55.533    app     info:    [server-manager] Ready to play!
2023-12-31 18:31:55.538    app     info:    [server-manager] Finished refresh cycle for Tranquility
2023-12-31 18:35:36.741    app     info:    [ipc-requests] Handling requests in the background
2023-12-31 18:35:37.746    app     info:    [ipc-requests] No longer handling requests in the background
2023-12-31 18:36:53.656    app     info:    [ipc-requests] Handling requests in the background
2023-12-31 18:36:54.667    app     info:    [ipc-requests] No longer handling requests in the background
2023-12-31 18:36:55.265    app     info:    [self-update] Checking for a launcher update...
2023-12-31 18:36:55.522    app     info:    [ipc-requests] Handling requests in the background
2023-12-31 18:36:55.538    app     info:    [server-manager] Starting refresh cycle for eve-online / Tranquility
2023-12-31 18:36:55.548    app     info:    [self-update] Currently running the latest launcher version. Scheduling update check in 5 minutes.
2023-12-31 18:36:55.767    app     info:    [server-manager] Previous Tranquility build: 2454674, current build: 2454674
2023-12-31 18:36:55.767    app     info:    [server-manager] Tranquility build is unchanged.
2023-12-31 18:36:55.774    app     info:    [server-manager] Ready to play!
2023-12-31 18:36:55.777    app     info:    [server-manager] Finished refresh cycle for Tranquility
2023-12-31 18:36:56.528    app     info:    [ipc-requests] No longer handling requests in the background
2023-12-31 18:37:11.489    app     info:    [ipc-requests] Handling requests in the background
2023-12-31 18:37:12.506    app     info:    [ipc-requests] No longer handling requests in the background
2023-12-31 18:41:55.571    app     info:    [self-update] Checking for a launcher update...
2023-12-31 18:41:55.793    app     info:    [server-manager] Starting refresh cycle for eve-online / Tranquility
2023-12-31 18:41:55.849    app     info:    [self-update] Currently running the latest launcher version. Scheduling update check in 5 minutes.
2023-12-31 18:41:55.908    app     info:    [server-manager] Previous Tranquility build: 2454674, current build: 2454674
2023-12-31 18:41:55.908    app     info:    [server-manager] Tranquility build is unchanged.
2023-12-31 18:41:55.913    app     info:    [server-manager] Ready to play!
2023-12-31 18:41:55.916    app     info:    [server-manager] Finished refresh cycle for Tranquility
2023-12-31 18:43:09.581    app     info:    [ipc-requests] Handling requests in the background
2023-12-31 18:43:10.601    app     info:    [ipc-requests] No longer handling requests in the background
2023-12-31 18:43:12.476    app     info:    [ipc-requests] Handling requests in the background
2023-12-31 18:43:13.481    app     info:    [ipc-requests] No longer handling requests in the background
2023-12-31 18:43:14.516    app     info:    [ipc-requests] Handling requests in the background
2023-12-31 18:43:15.531    app     info:    [ipc-requests] No longer handling requests in the background
2023-12-31 18:43:32.951    app     info:    [ipc-requests] Handling requests in the background
2023-12-31 18:43:33.961    app     info:    [ipc-requests] No longer handling requests in the background
2023-12-31 18:43:41.377    app     info:    [ipc-requests] Handling requests in the background
2023-12-31 18:43:42.381    app     info:    [ipc-requests] No longer handling requests in the background
2023-12-31 18:46:55.862    app     info:    [self-update] Checking for a launcher update...
2023-12-31 18:46:55.923    app     info:    [server-manager] Starting refresh cycle for eve-online / Tranquility
2023-12-31 18:46:56.030    app     info:    [server-manager] Previous Tranquility build: 2454674, current build: 2454674
2023-12-31 18:46:56.030    app     info:    [server-manager] Tranquility build is unchanged.
2023-12-31 18:46:56.035    app     info:    [server-manager] Ready to play!
2023-12-31 18:46:56.039    app     info:    [server-manager] Finished refresh cycle for Tranquility
2023-12-31 18:46:56.139    app     info:    [self-update] Currently running the latest launcher version. Scheduling update check in 5 minutes.
2023-12-31 18:51:56.041    app     info:    [server-manager] Starting refresh cycle for eve-online / Tranquility
2023-12-31 18:51:56.140    app     info:    [self-update] Checking for a launcher update...
2023-12-31 18:51:56.169    app     info:    [server-manager] Previous Tranquility build: 2454674, current build: 2454674
2023-12-31 18:51:56.169    app     info:    [server-manager] Tranquility build is unchanged.
2023-12-31 18:51:56.174    app     info:    [server-manager] Ready to play!
2023-12-31 18:51:56.177    app     info:    [server-manager] Finished refresh cycle for Tranquility
2023-12-31 18:51:56.423    app     info:    [self-update] Currently running the latest launcher version. Scheduling update check in 5 minutes.
2023-12-31 18:56:28.898    app     info:    [ipc-requests] Handling requests in the background
2023-12-31 18:56:29.910    app     info:    [ipc-requests] No longer handling requests in the background
2023-12-31 18:56:56.186    app     info:    [server-manager] Starting refresh cycle for eve-online / Tranquility
2023-12-31 18:56:56.318    app     info:    [server-manager] Previous Tranquility build: 2454674, current build: 2454674
2023-12-31 18:56:56.319    app     info:    [server-manager] Tranquility build is unchanged.
2023-12-31 18:56:56.331    app     info:    [server-manager] Ready to play!
2023-12-31 18:56:56.334    app     info:    [server-manager] Finished refresh cycle for Tranquility
2023-12-31 18:56:56.441    app     info:    [self-update] Checking for a launcher update...
2023-12-31 18:56:56.722    app     info:    [self-update] Currently running the latest launcher version. Scheduling update check in 5 minutes.
2023-12-31 18:57:27.693    app     info:    [ipc-requests] Handling requests in the background
2023-12-31 18:57:28.711    app     info:    [ipc-requests] No longer handling requests in the background
2023-12-31 18:57:31.936    app     info:    [ipc-requests] Handling requests in the background
2023-12-31 18:57:32.940    app     info:    [ipc-requests] No longer handling requests in the background
2023-12-31 19:00:19.595    app     info:    [ipc-requests] Handling requests in the background
2023-12-31 19:00:20.600    app     info:    [ipc-requests] No longer handling requests in the background
2023-12-31 19:01:35.817    app     info:    [main-window] Main window minimized to tray    { windowId: 2 }
2023-12-31 19:01:35.836    app     info:    [main-window] Sent notification that the application is minimized to tray    { windowId: 2 }
2023-12-31 19:01:35.842    app     info:    [ipc-requests] Handling requests in the background
2023-12-31 19:01:36.851    app     info:    [ipc-requests] No longer handling requests in the background
2023-12-31 19:01:39.123    app     info:    [client-manager] 'tranquility' for EVE game client for '2110311' exited with no errors.
2023-12-31 19:01:39.132    app     info:    [server-manager] Starting refresh cycle for eve-online / Tranquility
2023-12-31 19:01:39.238    app     info:    [quasar-events] Sent 'eve_launcher.electron.eve_client.GameClientExited'
2023-12-31 19:01:39.272    app     info:    [server-manager] Previous Tranquility build: 2454674, current build: 2454674
2023-12-31 19:01:39.273    app     info:    [server-manager] Tranquility build is unchanged.
2023-12-31 19:01:39.278    app     info:    [server-manager] Ready to play!
2023-12-31 19:01:39.281    app     info:    [server-manager] Finished refresh cycle for Tranquility
2023-12-31 19:01:40.854    app     info:    [tray] Quitting application from tray
2023-12-31 19:01:40.855    app     info:    Application quitting. Cleanup needed: true
2023-12-31 19:01:40.858    app     info:    [elg-events] Sending event    eve_launcher.electron.application.LauncherShutdown
2023-12-31 19:01:40.860    app     info:    app.quit called, but we are still sending ELG events.
2023-12-31 19:01:41.477    app     info:    ELG stream closed, quitting.
2023-12-31 19:01:41.479    app     info:    [main-window] Main window closing    { windowId: 2 }
2023-12-31 19:01:41.493    app     info:    Application closed    0
