2023-12-24 21:52:09.034    app     info:    Startup arguments    []
2023-12-24 21:52:09.038    app     info:    [self-update] Starting automatic update checks
2023-12-24 21:52:09.038    app     info:    [self-update] Waiting for update feed before starting update checks
2023-12-24 21:52:09.040    app     info:    [preload] High DPI scaling enabled by settings
2023-12-24 21:52:09.123    app     info:    [i18next] Changed language    en
2023-12-24 21:52:09.162    app     info:    [authentication] Token for '16492377' on 'tranquility' is expired, refresh is required
2023-12-24 21:52:09.162    app     info:    [authentication] Refreshing token for '16492377' on 'tranquility'
2023-12-24 21:52:09.163    app     info:    [authentication] Token for '17525312' on 'tranquility' is expired, refresh is required
2023-12-24 21:52:09.163    app     info:    [authentication] Refreshing token for '17525312' on 'tranquility'
2023-12-24 21:52:09.163    app     info:    [authentication] Token for '25218835' on 'tranquility' is expired, refresh is required
2023-12-24 21:52:09.164    app     info:    [authentication] Refreshing token for '25218835' on 'tranquility'
2023-12-24 21:52:09.164    app     info:    [authentication] Token for '29280260' on 'tranquility' is expired, refresh is required
2023-12-24 21:52:09.164    app     info:    [authentication] Refreshing token for '29280260' on 'tranquility'
2023-12-24 21:52:09.165    app     info:    [authentication] Token for '29285645' on 'tranquility' is expired, refresh is required
2023-12-24 21:52:09.165    app     info:    [authentication] Refreshing token for '29285645' on 'tranquility'
2023-12-24 21:52:09.165    app     info:    [authentication] Token for '18034259' on 'tranquility' is expired, refresh is required
2023-12-24 21:52:09.165    app     info:    [authentication] Refreshing token for '18034259' on 'tranquility'
2023-12-24 21:52:09.166    app     info:    [authentication] Token for '28182799' on 'tranquility' is expired, refresh is required
2023-12-24 21:52:09.166    app     info:    [authentication] Refreshing token for '28182799' on 'tranquility'
2023-12-24 21:52:09.166    app     info:    [authentication] Token for '2110311' on 'tranquility' is expired, refresh is required
2023-12-24 21:52:09.166    app     info:    [authentication] Refreshing token for '2110311' on 'tranquility'
2023-12-24 21:52:09.167    app     info:    [authentication] Token for '23622903' on 'tranquility' is expired, refresh is required
2023-12-24 21:52:09.167    app     info:    [authentication] Refreshing token for '23622903' on 'tranquility'
2023-12-24 21:52:09.167    app     info:    [authentication] Token for '26239201' on 'tranquility' is expired, refresh is required
2023-12-24 21:52:09.168    app     info:    [authentication] Refreshing token for '26239201' on 'tranquility'
2023-12-24 21:52:09.168    app     info:    [authentication] Token for '18922386' on 'tranquility' is expired, refresh is required
2023-12-24 21:52:09.168    app     info:    [authentication] Refreshing token for '18922386' on 'tranquility'
2023-12-24 21:52:09.169    app     info:    [authentication] Token for '18000247' on 'tranquility' is expired, refresh is required
2023-12-24 21:52:09.169    app     info:    [authentication] Refreshing token for '18000247' on 'tranquility'
2023-12-24 21:52:09.170    app     info:    [device-id] Device id found in state
2023-12-24 21:52:09.176    app     info:    [analytics] Application name:    EVE Online
2023-12-24 21:52:09.176    app     info:    [analytics] Application version:    1.2.0
2023-12-24 21:52:09.176    app     info:    [analytics] Domain    undefined
2023-12-24 21:52:09.177    app     info:    [analytics] Working directory    C:\Users\REDACTED\AppData\Local\eve-online\app-1.2.0
2023-12-24 21:52:09.177    app     info:    [analytics] Username contains UTF8?    false
2023-12-24 21:52:10.026    app     info:    [elg-events] Sending event    eve_launcher.electron.application.PdmLoaded
2023-12-24 21:52:10.029    app     info:    [analytics] Operating system    {
  type: 'Windows',
  name: 'Windows 10 Education',
  version: '10.0 (19045)'
}
2023-12-24 21:52:10.030    app     info:    [analytics] Encryption available:    true
2023-12-24 21:52:10.030    app     info:    [analytics] Machine UUID    4E9F516C-5B97-47C6-8C67-E93D943CB7C8
2023-12-24 21:52:10.030    app     info:    [analytics] PDM Version    2.1.4
2023-12-24 21:52:10.030    app     info:    [analytics] Release channel    release
2023-12-24 21:52:10.033    app     info:    [initializers] Shared cache directory set to    C:\CCP\EVE Online
2023-12-24 21:52:10.043    app     info:    [initializers] Shared cache drive free space: 126,95 GiB / 465,75 GiB
2023-12-24 21:52:10.051    app     info:    [elg-events] Sending event    eve_launcher.electron.application.LauncherStarted
2023-12-24 21:52:10.054    app     info:    [elg-events] Sending event    eve_launcher.electron.application.CoreDataLoaded
2023-12-24 21:52:10.055    app     info:    [cdn-trace] Fetching CDN trace data from https://binaries.eveonline.com/cdn-cgi/trace
2023-12-24 21:52:10.070    app     info:    [feature-flags] Initializing feature flag client
2023-12-24 21:52:10.154    app     info:    [first-run] First application run was at 2023-11-27T10:29:20.506Z
2023-12-24 21:52:10.191    app     info:    [cache-protocol] Found 0 entries to remove
2023-12-24 21:52:10.192    app     info:    [cache-protocol] Nothing to clean up.
2023-12-24 21:52:10.275    app     info:    [client-manager] No clients running anymore on 'tranquility'
2023-12-24 21:52:10.288    app     info:    [server-manager] Starting refresh cycle for eve-online / Tranquility
2023-12-24 21:52:10.292    app     info:    info: [LaunchDarkly] LaunchDarkly client initialized    []
2023-12-24 21:52:10.293    app     info:    info: [LaunchDarkly] Opening stream connection to https://clientstream.launchdarkly.com/eval/64c3d12e27a4b11365012d39/eyJrZXkiOiI0YTQzNmFkYi00Yjk5LTQwYTctODViMC00MmUyMDZmNDEyODYiLCJraW5kIjoidXNlciIsImN1c3RvbSI6eyJpc0ZpcnN0UnVuIjpmYWxzZSwiZGF5c1NpbmNlRmlyc3RSdW4iOjI3LCJsYW5ndWFnZSI6ImVuIiwiYXBwbGljYXRpb24iOiJldmUtb25saW5lIiwidmVyc2lvbiI6IjEuMi4wIiwicGxhdGZvcm0iOiJ3aW5kb3dzIiwib3NWZXJzaW9uRGVwcmVjYXRlZCI6ZmFsc2UsInVzZXJJZHMiOlsxNjQ5MjM3NywyNTIxODgzNSwyMTEwMzExLDI5Mjg1NjQ1XSwib21lZ2FDb3VudCI6MCwiYWxwaGFDb3VudCI6MTIsImFjY291bnRDb3VudCI6MTIsIm9sZGVzdEFjY291bnRBZ2UiOjYwMTEsInlvdW5nZXN0QWNjb3VudEFnZSI6MjN9fQ?withReasons=true    []
2023-12-24 21:52:10.294    app     info:    [feature-flags] Client 4a436adb... ready, fetching flags
2023-12-24 21:52:10.299    app     info:    [feature-flags] Received 18 flags for client 4a436adb...
2023-12-24 21:52:10.300    app     info:    [feature-flags] Client initialized with key 4a436adb...
2023-12-24 21:52:10.302    app     info:    [self-update] Update feed set, starting update checks
2023-12-24 21:52:10.302    app     info:    [self-update] Starting automatic update checks
2023-12-24 21:52:10.302    app     info:    [self-update] Checking for a launcher update...
2023-12-24 21:52:10.334    app     info:    [customer-information] Agreements have been updated
2023-12-24 21:52:10.387    app     info:    [quasar-events] Sent 'eve_launcher.electron.eve_client.GameClientClosedSinceLastSession'
2023-12-24 21:52:10.391    app     info:    [authentication] Token for '25218835' on 'tranquility' has been successfully refreshed
2023-12-24 21:52:10.392    app     info:    [elg-events] Sending event    eve_launcher.electron.authentication.UserTokensRefreshed
2023-12-24 21:52:10.394    app     info:    [customer-information] Getting character information for '25218835' on 'tranquility'
2023-12-24 21:52:10.395    app     info:    [customer-information] Getting Omega status for '25218835' on 'tranquility'
2023-12-24 21:52:10.395    app     info:    [virtual-goods] Getting Plex status for '25218835' on 'tranquility'
2023-12-24 21:52:10.408    app     info:    [authentication] Token for '2110311' on 'tranquility' has been successfully refreshed
2023-12-24 21:52:10.410    app     info:    [elg-events] Sending event    eve_launcher.electron.authentication.UserTokensRefreshed
2023-12-24 21:52:10.411    app     info:    [customer-information] Getting character information for '2110311' on 'tranquility'
2023-12-24 21:52:10.411    app     info:    [customer-information] Getting Omega status for '2110311' on 'tranquility'
2023-12-24 21:52:10.412    app     info:    [virtual-goods] Getting Plex status for '2110311' on 'tranquility'
2023-12-24 21:52:10.422    app     info:    [authentication] Token for '18000247' on 'tranquility' has been successfully refreshed
2023-12-24 21:52:10.423    app     info:    [elg-events] Sending event    eve_launcher.electron.authentication.UserTokensRefreshed
2023-12-24 21:52:10.424    app     info:    [customer-information] Getting character information for '18000247' on 'tranquility'
2023-12-24 21:52:10.424    app     info:    [customer-information] Getting Omega status for '18000247' on 'tranquility'
2023-12-24 21:52:10.425    app     info:    [virtual-goods] Getting Plex status for '18000247' on 'tranquility'
2023-12-24 21:52:10.435    app     info:    [authentication] Token for '16492377' on 'tranquility' has been successfully refreshed
2023-12-24 21:52:10.436    app     info:    [elg-events] Sending event    eve_launcher.electron.authentication.UserTokensRefreshed
2023-12-24 21:52:10.437    app     info:    [customer-information] Getting character information for '16492377' on 'tranquility'
2023-12-24 21:52:10.438    app     info:    [customer-information] Getting Omega status for '16492377' on 'tranquility'
2023-12-24 21:52:10.438    app     info:    [virtual-goods] Getting Plex status for '16492377' on 'tranquility'
2023-12-24 21:52:10.448    app     info:    [authentication] Token for '23622903' on 'tranquility' has been successfully refreshed
2023-12-24 21:52:10.450    app     info:    [elg-events] Sending event    eve_launcher.electron.authentication.UserTokensRefreshed
2023-12-24 21:52:10.451    app     info:    [customer-information] Getting character information for '23622903' on 'tranquility'
2023-12-24 21:52:10.451    app     info:    [customer-information] Getting Omega status for '23622903' on 'tranquility'
2023-12-24 21:52:10.451    app     info:    [virtual-goods] Getting Plex status for '23622903' on 'tranquility'
2023-12-24 21:52:10.461    app     info:    [authentication] Token for '29280260' on 'tranquility' has been successfully refreshed
2023-12-24 21:52:10.463    app     info:    [elg-events] Sending event    eve_launcher.electron.authentication.UserTokensRefreshed
2023-12-24 21:52:10.464    app     info:    [customer-information] Getting character information for '29280260' on 'tranquility'
2023-12-24 21:52:10.464    app     info:    [customer-information] Getting Omega status for '29280260' on 'tranquility'
2023-12-24 21:52:10.464    app     info:    [virtual-goods] Getting Plex status for '29280260' on 'tranquility'
2023-12-24 21:52:10.474    app     info:    [authentication] Token for '26239201' on 'tranquility' has been successfully refreshed
2023-12-24 21:52:10.475    app     info:    [elg-events] Sending event    eve_launcher.electron.authentication.UserTokensRefreshed
2023-12-24 21:52:10.476    app     info:    [customer-information] Getting character information for '26239201' on 'tranquility'
2023-12-24 21:52:10.477    app     info:    [customer-information] Getting Omega status for '26239201' on 'tranquility'
2023-12-24 21:52:10.477    app     info:    [virtual-goods] Getting Plex status for '26239201' on 'tranquility'
2023-12-24 21:52:10.488    app     info:    [authentication] Token for '29285645' on 'tranquility' has been successfully refreshed
2023-12-24 21:52:10.489    app     info:    [elg-events] Sending event    eve_launcher.electron.authentication.UserTokensRefreshed
2023-12-24 21:52:10.490    app     info:    [customer-information] Getting character information for '29285645' on 'tranquility'
2023-12-24 21:52:10.491    app     info:    [customer-information] Getting Omega status for '29285645' on 'tranquility'
2023-12-24 21:52:10.491    app     info:    [virtual-goods] Getting Plex status for '29285645' on 'tranquility'
2023-12-24 21:52:10.500    app     info:    [authentication] Token for '17525312' on 'tranquility' has been successfully refreshed
2023-12-24 21:52:10.502    app     info:    [elg-events] Sending event    eve_launcher.electron.authentication.UserTokensRefreshed
2023-12-24 21:52:10.503    app     info:    [customer-information] Getting character information for '17525312' on 'tranquility'
2023-12-24 21:52:10.503    app     info:    [customer-information] Getting Omega status for '17525312' on 'tranquility'
2023-12-24 21:52:10.503    app     info:    [virtual-goods] Getting Plex status for '17525312' on 'tranquility'
2023-12-24 21:52:10.513    app     info:    [authentication] Token for '18034259' on 'tranquility' has been successfully refreshed
2023-12-24 21:52:10.515    app     info:    [elg-events] Sending event    eve_launcher.electron.authentication.UserTokensRefreshed
2023-12-24 21:52:10.517    app     info:    [customer-information] Getting character information for '18034259' on 'tranquility'
2023-12-24 21:52:10.517    app     info:    [customer-information] Getting Omega status for '18034259' on 'tranquility'
2023-12-24 21:52:10.517    app     info:    [virtual-goods] Getting Plex status for '18034259' on 'tranquility'
2023-12-24 21:52:10.527    app     info:    [authentication] Token for '28182799' on 'tranquility' has been successfully refreshed
2023-12-24 21:52:10.529    app     info:    [elg-events] Sending event    eve_launcher.electron.authentication.UserTokensRefreshed
2023-12-24 21:52:10.530    app     info:    [customer-information] Getting character information for '28182799' on 'tranquility'
2023-12-24 21:52:10.531    app     info:    [customer-information] Getting Omega status for '28182799' on 'tranquility'
2023-12-24 21:52:10.531    app     info:    [virtual-goods] Getting Plex status for '28182799' on 'tranquility'
2023-12-24 21:52:10.541    app     info:    [authentication] Token for '18922386' on 'tranquility' has been successfully refreshed
2023-12-24 21:52:10.543    app     info:    [elg-events] Sending event    eve_launcher.electron.authentication.UserTokensRefreshed
2023-12-24 21:52:10.544    app     info:    [customer-information] Getting character information for '18922386' on 'tranquility'
2023-12-24 21:52:10.544    app     info:    [customer-information] Getting Omega status for '18922386' on 'tranquility'
2023-12-24 21:52:10.544    app     info:    [virtual-goods] Getting Plex status for '18922386' on 'tranquility'
2023-12-24 21:52:10.552    app     info:    [AuthenticationMiddleware] Successfully restored 12 / 12 users
2023-12-24 21:52:10.560    app     info:    [server-manager] Previous Tranquility build: 2454674, current build: 2454674
2023-12-24 21:52:10.561    app     info:    [server-manager] Tranquility build is unchanged.
2023-12-24 21:52:10.565    app     info:    [server-manager] Ready to play!
2023-12-24 21:52:10.569    app     info:    [server-manager] Finished refresh cycle for Tranquility
2023-12-24 21:52:10.591    app     info:    [self-update] Currently running the latest launcher version. Scheduling update check in 5 minutes.
2023-12-24 21:52:10.648    app     info:    [esi] Fetching character details for 2121853336
2023-12-24 21:52:10.662    app     info:    [customer-information] Agreement status has been fetched for user '25218835'
2023-12-24 21:52:10.664    app     info:    [esi] Fetching character details for 2121174545
2023-12-24 21:52:10.681    app     info:    [customer-information] Agreement status has been fetched for user '16492377'
2023-12-24 21:52:10.683    app     info:    [esi] Fetching character details for 2114656127, 2121178396
2023-12-24 21:52:10.691    app     info:    [esi] Fetching character details for 2121178171
2023-12-24 21:52:10.699    app     info:    [esi] Fetching character details for 2115031890, 2121177973
2023-12-24 21:52:10.712    app     info:    [customer-information] Agreement status has been fetched for user '29280260'
2023-12-24 21:52:10.732    app     info:    [esi] Fetching character details for 2115479508
2023-12-24 21:52:10.752    app     info:    [esi] Fetching character details for 2121878074
2023-12-24 21:52:10.760    app     info:    [esi] Fetching character details for 2119361891, 2120347635
2023-12-24 21:52:10.772    app     info:    [customer-information] Agreement status has been fetched for user '17525312'
2023-12-24 21:52:10.783    app     info:    [customer-information] Agreement status has been fetched for user '18034259'
2023-12-24 21:52:10.789    app     info:    [customer-information] Agreement status has been fetched for user '29285645'
2023-12-24 21:52:10.789    app     info:    [virtual-goods] Fetched Plex status for '18000247' on 'tranquility'
2023-12-24 21:52:10.794    app     info:    [virtual-goods] Fetched Plex status for '29285645' on 'tranquility'
2023-12-24 21:52:10.799    app     info:    [AuthenticationMiddleware] User information updated
2023-12-24 21:52:10.800    app     info:    [esi] Fetching character details for 578564394, 2115457291
2023-12-24 21:52:10.842    app     info:    [virtual-goods] Fetched Plex status for '16492377' on 'tranquility'
2023-12-24 21:52:10.847    app     info:    [virtual-goods] Fetched Plex status for '18922386' on 'tranquility'
2023-12-24 21:52:10.852    app     info:    [virtual-goods] Fetched Plex status for '17525312' on 'tranquility'
2023-12-24 21:52:10.858    app     info:    [virtual-goods] Fetched Plex status for '25218835' on 'tranquility'
2023-12-24 21:52:10.864    app     info:    [virtual-goods] Fetched Plex status for '26239201' on 'tranquility'
2023-12-24 21:52:10.869    app     info:    [virtual-goods] Fetched Plex status for '18034259' on 'tranquility'
2023-12-24 21:52:10.874    app     info:    [AuthenticationMiddleware] User information updated
2023-12-24 21:52:10.874    app     info:    [virtual-goods] Fetched Plex status for '23622903' on 'tranquility'
2023-12-24 21:52:10.880    app     info:    [virtual-goods] Fetched Plex status for '28182799' on 'tranquility'
2023-12-24 21:52:10.886    app     info:    [virtual-goods] Fetched Plex status for '29280260' on 'tranquility'
2023-12-24 21:52:10.891    app     info:    [AuthenticationMiddleware] User information updated
2023-12-24 21:52:10.893    app     info:    [virtual-goods] Fetched Plex status for '2110311' on 'tranquility'
2023-12-24 21:52:10.947    app     info:    [customer-information] Agreement status has been fetched for user '28182799'
2023-12-24 21:52:10.948    app     info:    [AuthenticationMiddleware] User information updated
2023-12-24 21:52:10.950    app     info:    [esi] Fetching character details for 2121891348
2023-12-24 21:52:10.971    app     info:    [customer-information] Agreement status has been fetched for user '23622903'
2023-12-24 21:52:10.976    app     info:    [customer-information] Agreement status has been fetched for user '18000247'
2023-12-24 21:52:10.976    app     info:    [AuthenticationMiddleware] User information updated
2023-12-24 21:52:10.978    app     info:    [esi] Fetching character details for 2113875139, 2121174871
2023-12-24 21:52:10.984    app     info:    [AuthenticationMiddleware] User information updated
2023-12-24 21:52:10.990    app     info:    [AuthenticationMiddleware] User information updated
2023-12-24 21:52:10.992    app     info:    [esi] Fetching character details for 2118248041, 2121175776
2023-12-24 21:52:10.998    app     info:    [AuthenticationMiddleware] User information updated
2023-12-24 21:52:11.004    app     info:    [AuthenticationMiddleware] User information updated
2023-12-24 21:52:11.011    app     info:    [customer-information] Agreement status has been fetched for user '18922386'
2023-12-24 21:52:11.012    app     info:    [AuthenticationMiddleware] User information updated
2023-12-24 21:52:11.025    app     info:    [customer-information] Agreement status has been fetched for user '2110311'
2023-12-24 21:52:11.025    app     info:    [AuthenticationMiddleware] User information updated
2023-12-24 21:52:11.032    app     info:    [customer-information] Agreement status has been fetched for user '26239201'
2023-12-24 21:52:11.032    app     info:    [AuthenticationMiddleware] User information updated
2023-12-24 21:52:11.144    app     warn:    [steam-auth] Failed to initialize Steamworks client
2023-12-24 21:52:11.151    app     info:    [main-window] Registering main window    { windowId: 2 }
2023-12-24 21:52:11.163    app     info:    [cdn-trace] Fetching CDN trace data from https://binaries.eveonline.com/cdn-cgi/trace
2023-12-24 21:52:11.164    app     info:    [creatives] Requesting creatives
2023-12-24 21:52:11.169    app     info:    [elg-events] Sending event    eve_launcher.electron.application.RendererLoaded
2023-12-24 21:52:11.293    app     info:    [creatives] Received 2 creatives
2023-12-24 21:52:11.342    app     info:    [esi] Fetched 1 character details for 29280260
2023-12-24 21:52:11.346    app     info:    [esi] Fetched 2 character details for 17525312
2023-12-24 21:52:11.348    app     info:    [esi] Fetched 1 character details for 28182799
2023-12-24 21:52:11.349    app     info:    [esi] Fetched 2 character details for 18034259
2023-12-24 21:52:11.355    app     info:    [esi] Fetched 1 character details for 26239201
2023-12-24 21:52:11.395    app     info:    [esi] Fetched 2 character details for 25218835
2023-12-24 21:52:11.397    app     info:    [esi] Fetched 1 character details for 29285645
2023-12-24 21:52:11.402    app     info:    [esi] Fetched 1 character details for 18922386
2023-12-24 21:52:11.404    app     info:    [esi] Fetched 2 character details for 2110311
2023-12-24 21:52:11.499    app     info:    [esi] Fetched 2 character details for 16492377
2023-12-24 21:52:11.501    app     info:    [esi] Fetched 1 character details for 18000247
2023-12-24 21:52:11.517    app     info:    [esi] Fetched 2 character details for 23622903
2023-12-24 21:52:12.120     ui     info:    Initializing captcha    ccp://launcher/renderer/main_window/index.js    2
2023-12-24 21:52:18.462    app     info:    [AuthenticationMiddleware] Character information for '18000247' on 'tranquility' was loaded recently, skipping refresh.
2023-12-24 21:52:18.462    app     info:    [AuthenticationMiddleware] Plex information for '18000247' on 'tranquility' was loaded recently, skipping refresh.
2023-12-24 21:52:19.105    app     info:    [analytics] Hardware rendering enabled:    true    { disabledViaCommandline: false, disabledViaSettings: false }
2023-12-24 21:52:19.522    app     info:    [AuthenticationMiddleware] Character information for '18000247' on 'tranquility' was loaded recently, skipping refresh.
2023-12-24 21:52:19.523    app     info:    [AuthenticationMiddleware] Plex information for '18000247' on 'tranquility' was loaded recently, skipping refresh.
2023-12-24 21:52:20.511    app     info:    [client-queue] Queued client startup    {
  product: 'eve-online',
  tenant: 'tranquility',
  userId: 18000247,
  characterId: 2121891348,
  profile: ''
}
2023-12-24 21:52:20.513    app     info:    [elg-events] Sending event    eve_launcher.electron.eve_client.ClientQueued
2023-12-24 21:52:20.514    app     info:    [client-queue] No clients running for tranquility, copying files before starting a client
2023-12-24 21:52:20.520    app     info:    [elg-events] Sending event    eve_launcher.electron.eve_client.CopyingFilesStarted
2023-12-24 21:52:20.520    app     info:    [binary-copier] Copying 194 files (216 MB) to 'C:\CCP\EVE Online\tq'
2023-12-24 21:52:20.538    app     info:    [binary-copier] Removing old binaries
2023-12-24 21:52:20.554    app     info:    [binary-copier] Copying binaries from ResFiles
2023-12-24 21:52:20.979    app     info:    [binary-copier] Finished copying 194 files to 'C:\CCP\EVE Online\tq' in 0.461 seconds
2023-12-24 21:52:20.981    app     info:    [elg-events] Sending event    eve_launcher.electron.eve_client.CopyingFilesFinished
2023-12-24 21:52:20.986    app     info:    [client-manager] Starting EVE Online game client.    C:\CCP\EVE Online\tq\bin64\exefile.exe    Map(11) {
  'noconsole' => '/noconsole',
  'server' => '/server:tranquility.servers.eveonline.com',
  'triplatform' => '/triplatform=dx12',
  'ssotoken' => '/ssoToken=***',
  'refreshtoken' => '/refreshToken=***',
  'settingsprofile' => '/settingsprofile=Default',
  'deviceid' => '/deviceID=4a436adb-4b99-40a7-85b0-42e206f41286',
  'autoselectcharacter' => '/autoSelectCharacter:2121891348',
  'language' => '/language=en',
  'exp' => '1703455328',
  'tokenExpires' => '2023-12-25 00:02:08.000'
}    18000247
2023-12-24 21:52:21.024    app     info:    [client-queue] Started client from group startup    {
  product: 'eve-online',
  tenant: 'tranquility',
  characterId: 2121891348,
  profile: '',
  userId: 18000247
}
2023-12-24 21:52:21.098    app     info:    [quasar-events] Sent 'eve_launcher.electron.eve_client.GameClientStartRequested'
2023-12-24 21:52:21.098    app     info:    [quasar-events] Sent 'eve_launcher.electron.eve_client.TemporaryClientProcessAdded'
2023-12-24 21:52:21.537    app     info:    [client-manager] Found 'tranquility' client for '18000247' running:     {
  processId: 6832,
  createdDate: 1703454741044,
  userId: 18000247,
  characterId: 2121891348,
  profile: 'Default',
  dxVersion: 'dx12'
}
2023-12-24 21:52:21.640    app     info:    [quasar-events] Sent 'eve_launcher.electron.eve_client.TemporaryClientProcessMonitoringRetried'
2023-12-24 21:52:21.640    app     info:    [quasar-events] Sent 'eve_launcher.electron.eve_client.GameClientStarted'
2023-12-24 21:52:21.640    app     info:    [quasar-events] Sent 'eve_launcher.electron.eve_client.TemporaryClientProcessRemoved'
2023-12-24 21:52:22.047    app     info:    [client-queue] Queue has stopped running, no more clients pending startup.
2023-12-24 21:52:40.450    app     warn:    Could not connect to LogLite    [
  Error: connect ECONNREFUSED 127.0.0.1:3273
      at TCPConnectWrap.afterConnect [as oncomplete] (node:net:1247:16) {
    errno: -4078,
    code: 'ECONNREFUSED',
    syscall: 'connect',
    address: '127.0.0.1',
    port: 3273
  }
]
2023-12-24 21:54:06.543    app     info:    [client-manager] 'tranquility' for EVE game client for '18000247' exited with no errors.
2023-12-24 21:54:06.554    app     info:    [server-manager] Starting refresh cycle for eve-online / Tranquility
2023-12-24 21:54:06.661    app     info:    [quasar-events] Sent 'eve_launcher.electron.eve_client.GameClientExited'
2023-12-24 21:54:06.708    app     info:    [server-manager] Previous Tranquility build: 2454674, current build: 2454674
2023-12-24 21:54:06.708    app     info:    [server-manager] Tranquility build is unchanged.
2023-12-24 21:54:06.713    app     info:    [server-manager] Ready to play!
2023-12-24 21:54:06.716    app     info:    [server-manager] Finished refresh cycle for Tranquility
2023-12-24 21:54:10.870    app     info:    [AuthenticationMiddleware] Character information for '23622903' on 'tranquility' was loaded recently, skipping refresh.
2023-12-24 21:54:10.870    app     info:    [AuthenticationMiddleware] Plex information for '23622903' on 'tranquility' was loaded recently, skipping refresh.
2023-12-24 21:54:12.348    app     info:    [AuthenticationMiddleware] Character information for '23622903' on 'tranquility' was loaded recently, skipping refresh.
2023-12-24 21:54:12.348    app     info:    [AuthenticationMiddleware] Plex information for '23622903' on 'tranquility' was loaded recently, skipping refresh.
2023-12-24 21:54:14.229    app     info:    [AuthenticationMiddleware] Character information for '23622903' on 'tranquility' was loaded recently, skipping refresh.
2023-12-24 21:54:14.229    app     info:    [AuthenticationMiddleware] Plex information for '23622903' on 'tranquility' was loaded recently, skipping refresh.
2023-12-24 21:54:14.991    app     info:    [client-queue] Queued client startup    {
  product: 'eve-online',
  tenant: 'tranquility',
  userId: 23622903,
  characterId: 2121175776,
  profile: ''
}
2023-12-24 21:54:14.994    app     info:    [elg-events] Sending event    eve_launcher.electron.eve_client.ClientQueued
2023-12-24 21:54:14.994    app     info:    [client-queue] No clients running for tranquility, copying files before starting a client
2023-12-24 21:54:14.998    app     info:    [elg-events] Sending event    eve_launcher.electron.eve_client.CopyingFilesStarted
2023-12-24 21:54:14.998    app     info:    [binary-copier] Copying 194 files (216 MB) to 'C:\CCP\EVE Online\tq'
2023-12-24 21:54:15.015    app     info:    [binary-copier] Removing old binaries
2023-12-24 21:54:15.046    app     info:    [binary-copier] Copying binaries from ResFiles
2023-12-24 21:54:15.402    app     info:    [binary-copier] Finished copying 194 files to 'C:\CCP\EVE Online\tq' in 0.406 seconds
2023-12-24 21:54:15.404    app     info:    [elg-events] Sending event    eve_launcher.electron.eve_client.CopyingFilesFinished
2023-12-24 21:54:15.408    app     info:    [client-manager] Starting EVE Online game client.    C:\CCP\EVE Online\tq\bin64\exefile.exe    Map(11) {
  'noconsole' => '/noconsole',
  'server' => '/server:tranquility.servers.eveonline.com',
  'triplatform' => '/triplatform=dx12',
  'ssotoken' => '/ssoToken=***',
  'refreshtoken' => '/refreshToken=***',
  'settingsprofile' => '/settingsprofile=Default',
  'deviceid' => '/deviceID=4a436adb-4b99-40a7-85b0-42e206f41286',
  'autoselectcharacter' => '/autoSelectCharacter:2121175776',
  'language' => '/language=en',
  'exp' => '1703455328',
  'tokenExpires' => '2023-12-25 00:02:08.000'
}    23622903
2023-12-24 21:54:15.441    app     info:    [client-queue] Started client from group startup    {
  product: 'eve-online',
  tenant: 'tranquility',
  characterId: 2121175776,
  profile: '',
  userId: 23622903
}
2023-12-24 21:54:15.523    app     info:    [quasar-events] Sent 'eve_launcher.electron.eve_client.GameClientStartRequested'
2023-12-24 21:54:15.523    app     info:    [quasar-events] Sent 'eve_launcher.electron.eve_client.TemporaryClientProcessAdded'
2023-12-24 21:54:15.951    app     info:    [client-manager] Found 'tranquility' client for '23622903' running:     {
  processId: 1860,
  createdDate: 1703454855463,
  userId: 23622903,
  characterId: 2121175776,
  profile: 'Default',
  dxVersion: 'dx12'
}
2023-12-24 21:54:16.053    app     info:    [quasar-events] Sent 'eve_launcher.electron.eve_client.TemporaryClientProcessMonitoringRetried'
2023-12-24 21:54:16.054    app     info:    [quasar-events] Sent 'eve_launcher.electron.eve_client.GameClientStarted'
2023-12-24 21:54:16.054    app     info:    [quasar-events] Sent 'eve_launcher.electron.eve_client.TemporaryClientProcessRemoved'
2023-12-24 21:54:16.460    app     info:    [client-queue] Queue has stopped running, no more clients pending startup.
2023-12-24 21:57:10.602    app     info:    [self-update] Checking for a launcher update...
2023-12-24 21:57:10.883    app     info:    [self-update] Currently running the latest launcher version. Scheduling update check in 5 minutes.
2023-12-24 21:59:06.726    app     info:    [server-manager] Starting refresh cycle for eve-online / Tranquility
2023-12-24 21:59:06.860    app     info:    [server-manager] Previous Tranquility build: 2454674, current build: 2454674
2023-12-24 21:59:06.860    app     info:    [server-manager] Tranquility build is unchanged.
2023-12-24 21:59:06.866    app     info:    [server-manager] Ready to play!
2023-12-24 21:59:06.869    app     info:    [server-manager] Finished refresh cycle for Tranquility
2023-12-24 22:01:46.930    app     info:    [ipc-requests] Handling requests in the background
2023-12-24 22:01:47.946    app     info:    [ipc-requests] No longer handling requests in the background
2023-12-24 22:02:10.887    app     info:    [self-update] Checking for a launcher update...
2023-12-24 22:02:11.179    app     info:    [self-update] Currently running the latest launcher version. Scheduling update check in 5 minutes.
2023-12-24 22:02:34.526    app     info:    [ipc-requests] Handling requests in the background
2023-12-24 22:02:35.533    app     info:    [ipc-requests] No longer handling requests in the background
2023-12-24 22:02:37.230    app     info:    [ipc-requests] Handling requests in the background
2023-12-24 22:02:38.242    app     info:    [ipc-requests] No longer handling requests in the background
2023-12-24 22:02:39.460    app     info:    [ipc-requests] Handling requests in the background
2023-12-24 22:02:40.461    app     info:    [ipc-requests] No longer handling requests in the background
2023-12-24 22:02:41.221    app     info:    [ipc-requests] Handling requests in the background
2023-12-24 22:02:42.233    app     info:    [ipc-requests] No longer handling requests in the background
2023-12-24 22:02:43.423    app     info:    [ipc-requests] Handling requests in the background
2023-12-24 22:02:44.435    app     info:    [ipc-requests] No longer handling requests in the background
2023-12-24 22:02:45.534    app     info:    [ipc-requests] Handling requests in the background
2023-12-24 22:02:46.534    app     info:    [ipc-requests] No longer handling requests in the background
2023-12-24 22:03:35.344    app     info:    [ipc-requests] Handling requests in the background
2023-12-24 22:03:36.358    app     info:    [ipc-requests] No longer handling requests in the background
2023-12-24 22:03:45.094    app     info:    [ipc-requests] Handling requests in the background
2023-12-24 22:03:46.097    app     info:    [ipc-requests] No longer handling requests in the background
2023-12-24 22:04:06.888    app     info:    [server-manager] Starting refresh cycle for eve-online / Tranquility
2023-12-24 22:04:07.028    app     info:    [server-manager] Previous Tranquility build: 2454674, current build: 2454674
2023-12-24 22:04:07.029    app     info:    [server-manager] Tranquility build is unchanged.
2023-12-24 22:04:07.034    app     info:    [server-manager] Ready to play!
2023-12-24 22:04:07.036    app     info:    [server-manager] Finished refresh cycle for Tranquility
2023-12-24 22:05:45.951    app     info:    [ipc-requests] Handling requests in the background
2023-12-24 22:05:46.962    app     info:    [ipc-requests] No longer handling requests in the background
2023-12-24 22:07:11.190    app     info:    [self-update] Checking for a launcher update...
2023-12-24 22:07:11.480    app     info:    [self-update] Currently running the latest launcher version. Scheduling update check in 5 minutes.
2023-12-24 22:09:07.054    app     info:    [server-manager] Starting refresh cycle for eve-online / Tranquility
2023-12-24 22:09:07.238    app     info:    [server-manager] Previous Tranquility build: 2454674, current build: 2454674
2023-12-24 22:09:07.238    app     info:    [server-manager] Tranquility build is unchanged.
2023-12-24 22:09:07.244    app     info:    [server-manager] Ready to play!
2023-12-24 22:09:07.247    app     info:    [server-manager] Finished refresh cycle for Tranquility
2023-12-24 22:12:11.489    app     info:    [self-update] Checking for a launcher update...
2023-12-24 22:12:11.794    app     info:    [self-update] Currently running the latest launcher version. Scheduling update check in 5 minutes.
2023-12-24 22:14:07.250    app     info:    [server-manager] Starting refresh cycle for eve-online / Tranquility
2023-12-24 22:14:07.354    app     info:    [server-manager] Previous Tranquility build: 2454674, current build: 2454674
2023-12-24 22:14:07.354    app     info:    [server-manager] Tranquility build is unchanged.
2023-12-24 22:14:07.360    app     info:    [server-manager] Ready to play!
2023-12-24 22:14:07.363    app     info:    [server-manager] Finished refresh cycle for Tranquility
2023-12-24 22:17:11.803    app     info:    [self-update] Checking for a launcher update...
2023-12-24 22:17:12.084    app     info:    [self-update] Currently running the latest launcher version. Scheduling update check in 5 minutes.
2023-12-24 22:19:07.367    app     info:    [server-manager] Starting refresh cycle for eve-online / Tranquility
2023-12-24 22:19:07.516    app     info:    [server-manager] Previous Tranquility build: 2454674, current build: 2454674
2023-12-24 22:19:07.516    app     info:    [server-manager] Tranquility build is unchanged.
2023-12-24 22:19:07.522    app     info:    [server-manager] Ready to play!
2023-12-24 22:19:07.526    app     info:    [server-manager] Finished refresh cycle for Tranquility
2023-12-24 22:22:12.096    app     info:    [self-update] Checking for a launcher update...
2023-12-24 22:22:12.386    app     info:    [self-update] Currently running the latest launcher version. Scheduling update check in 5 minutes.
2023-12-24 22:24:07.532    app     info:    [server-manager] Starting refresh cycle for eve-online / Tranquility
2023-12-24 22:24:07.694    app     info:    [server-manager] Previous Tranquility build: 2454674, current build: 2454674
2023-12-24 22:24:07.694    app     info:    [server-manager] Tranquility build is unchanged.
2023-12-24 22:24:07.700    app     info:    [server-manager] Ready to play!
2023-12-24 22:24:07.703    app     info:    [server-manager] Finished refresh cycle for Tranquility
2023-12-24 22:27:12.390    app     info:    [self-update] Checking for a launcher update...
2023-12-24 22:27:12.675    app     info:    [self-update] Currently running the latest launcher version. Scheduling update check in 5 minutes.
2023-12-24 22:29:07.712    app     info:    [server-manager] Starting refresh cycle for eve-online / Tranquility
2023-12-24 22:29:07.822    app     info:    [server-manager] Previous Tranquility build: 2454674, current build: 2454674
2023-12-24 22:29:07.823    app     info:    [server-manager] Tranquility build is unchanged.
2023-12-24 22:29:07.828    app     info:    [server-manager] Ready to play!
2023-12-24 22:29:07.834    app     info:    [server-manager] Finished refresh cycle for Tranquility
2023-12-24 22:32:12.677    app     info:    [self-update] Checking for a launcher update...
2023-12-24 22:32:12.971    app     info:    [self-update] Currently running the latest launcher version. Scheduling update check in 5 minutes.
2023-12-24 22:34:07.851    app     info:    [server-manager] Starting refresh cycle for eve-online / Tranquility
2023-12-24 22:34:08.011    app     info:    [server-manager] Previous Tranquility build: 2454674, current build: 2454674
2023-12-24 22:34:08.011    app     info:    [server-manager] Tranquility build is unchanged.
2023-12-24 22:34:08.017    app     info:    [server-manager] Ready to play!
2023-12-24 22:34:08.020    app     info:    [server-manager] Finished refresh cycle for Tranquility
2023-12-24 22:37:12.984    app     info:    [self-update] Checking for a launcher update...
2023-12-24 22:37:13.268    app     info:    [self-update] Currently running the latest launcher version. Scheduling update check in 5 minutes.
2023-12-24 22:39:08.031    app     info:    [server-manager] Starting refresh cycle for eve-online / Tranquility
2023-12-24 22:39:08.192    app     info:    [server-manager] Previous Tranquility build: 2454674, current build: 2454674
2023-12-24 22:39:08.192    app     info:    [server-manager] Tranquility build is unchanged.
2023-12-24 22:39:08.197    app     info:    [server-manager] Ready to play!
2023-12-24 22:39:08.200    app     info:    [server-manager] Finished refresh cycle for Tranquility
2023-12-24 22:40:22.121    app     info:    [client-manager] 'tranquility' for EVE game client for '23622903' exited with no errors.
2023-12-24 22:40:22.130    app     info:    [server-manager] Starting refresh cycle for eve-online / Tranquility
2023-12-24 22:40:22.227    app     info:    [quasar-events] Sent 'eve_launcher.electron.eve_client.GameClientExited'
2023-12-24 22:40:22.319    app     info:    [server-manager] Previous Tranquility build: 2454674, current build: 2454674
2023-12-24 22:40:22.319    app     info:    [server-manager] Tranquility build is unchanged.
2023-12-24 22:40:22.324    app     info:    [server-manager] Ready to play!
2023-12-24 22:40:22.327    app     info:    [server-manager] Finished refresh cycle for Tranquility
2023-12-24 22:40:46.383    app     info:    [AuthenticationMiddleware] Character information for '18922386' on 'tranquility' was loaded recently, skipping refresh.
2023-12-24 22:40:46.384    app     info:    [AuthenticationMiddleware] Plex information for '18922386' on 'tranquility' was loaded recently, skipping refresh.
2023-12-24 22:40:48.686    app     info:    [AuthenticationMiddleware] Character information for '23622903' on 'tranquility' was loaded recently, skipping refresh.
2023-12-24 22:40:48.686    app     info:    [AuthenticationMiddleware] Plex information for '23622903' on 'tranquility' was loaded recently, skipping refresh.
2023-12-24 22:40:52.695    app     info:    [AuthenticationMiddleware] Character information for '17525312' on 'tranquility' was loaded recently, skipping refresh.
2023-12-24 22:40:52.696    app     info:    [AuthenticationMiddleware] Plex information for '17525312' on 'tranquility' was loaded recently, skipping refresh.
2023-12-24 22:40:54.072    app     info:    [AuthenticationMiddleware] Character information for '17525312' on 'tranquility' was loaded recently, skipping refresh.
2023-12-24 22:40:54.072    app     info:    [AuthenticationMiddleware] Plex information for '17525312' on 'tranquility' was loaded recently, skipping refresh.
2023-12-24 22:40:55.865    app     info:    [client-queue] Queued client startup    {
  product: 'eve-online',
  tenant: 'tranquility',
  userId: 17525312,
  characterId: 2121178396,
  profile: ''
}
2023-12-24 22:40:55.867    app     info:    [elg-events] Sending event    eve_launcher.electron.eve_client.ClientQueued
2023-12-24 22:40:55.868    app     info:    [client-queue] No clients running for tranquility, copying files before starting a client
2023-12-24 22:40:55.872    app     info:    [elg-events] Sending event    eve_launcher.electron.eve_client.CopyingFilesStarted
2023-12-24 22:40:55.872    app     info:    [binary-copier] Copying 194 files (216 MB) to 'C:\CCP\EVE Online\tq'
2023-12-24 22:40:55.889    app     info:    [binary-copier] Removing old binaries
2023-12-24 22:40:55.910    app     info:    [binary-copier] Copying binaries from ResFiles
2023-12-24 22:40:56.334    app     info:    [binary-copier] Finished copying 194 files to 'C:\CCP\EVE Online\tq' in 0.464 seconds
2023-12-24 22:40:56.336    app     info:    [elg-events] Sending event    eve_launcher.electron.eve_client.CopyingFilesFinished
2023-12-24 22:40:56.340    app     info:    [authentication] Token for '17525312' on 'tranquility' is expired, refresh is required
2023-12-24 22:40:56.340    app     info:    [authentication] Refreshing token for '17525312' on 'tranquility'
2023-12-24 22:40:56.479    app     info:    [authentication] Token for '17525312' on 'tranquility' has been successfully refreshed
2023-12-24 22:40:56.481    app     info:    [elg-events] Sending event    eve_launcher.electron.authentication.UserTokensRefreshed
2023-12-24 22:40:56.483    app     info:    [AuthenticationMiddleware] Character information for '17525312' on 'tranquility' was loaded recently, skipping refresh.
2023-12-24 22:40:56.483    app     info:    [AuthenticationMiddleware] Plex information for '17525312' on 'tranquility' was loaded recently, skipping refresh.
2023-12-24 22:40:56.538    app     info:    [client-manager] Starting EVE Online game client.    C:\CCP\EVE Online\tq\bin64\exefile.exe    Map(11) {
  'noconsole' => '/noconsole',
  'server' => '/server:tranquility.servers.eveonline.com',
  'triplatform' => '/triplatform=dx12',
  'ssotoken' => '/ssoToken=***',
  'refreshtoken' => '/refreshToken=***',
  'settingsprofile' => '/settingsprofile=Default',
  'deviceid' => '/deviceID=4a436adb-4b99-40a7-85b0-42e206f41286',
  'autoselectcharacter' => '/autoSelectCharacter:2121178396',
  'language' => '/language=en',
  'exp' => '1703458254',
  'tokenExpires' => '2023-12-25 00:50:54.000'
}    17525312
2023-12-24 22:40:56.582    app     info:    [AuthenticationMiddleware] User information updated
2023-12-24 22:40:56.582    app     info:    [client-queue] Started client from group startup    {
  product: 'eve-online',
  tenant: 'tranquility',
  characterId: 2121178396,
  profile: '',
  userId: 17525312
}
2023-12-24 22:40:56.640    app     info:    [quasar-events] Sent 'eve_launcher.electron.eve_client.GameClientStartRequested'
2023-12-24 22:40:56.640    app     info:    [quasar-events] Sent 'eve_launcher.electron.eve_client.TemporaryClientProcessAdded'
2023-12-24 22:40:57.090    app     info:    [client-manager] Found 'tranquility' client for '17525312' running:     {
  processId: 6588,
  createdDate: 1703457656585,
  userId: 17525312,
  characterId: 2121178396,
  profile: 'Default',
  dxVersion: 'dx12'
}
2023-12-24 22:40:57.194    app     info:    [quasar-events] Sent 'eve_launcher.electron.eve_client.TemporaryClientProcessMonitoringRetried'
2023-12-24 22:40:57.194    app     info:    [quasar-events] Sent 'eve_launcher.electron.eve_client.GameClientStarted'
2023-12-24 22:40:57.194    app     info:    [quasar-events] Sent 'eve_launcher.electron.eve_client.TemporaryClientProcessRemoved'
2023-12-24 22:40:57.600    app     info:    [client-queue] Queue has stopped running, no more clients pending startup.
2023-12-24 22:42:13.273    app     info:    [self-update] Checking for a launcher update...
2023-12-24 22:42:13.566    app     info:    [self-update] Currently running the latest launcher version. Scheduling update check in 5 minutes.
2023-12-24 22:42:15.410    app     info:    [client-manager] 'tranquility' for EVE game client for '17525312' exited with no errors.
2023-12-24 22:42:15.420    app     info:    [server-manager] Starting refresh cycle for eve-online / Tranquility
2023-12-24 22:42:15.517    app     info:    [quasar-events] Sent 'eve_launcher.electron.eve_client.GameClientExited'
2023-12-24 22:42:15.591    app     info:    [server-manager] Previous Tranquility build: 2454674, current build: 2454674
2023-12-24 22:42:15.592    app     info:    [server-manager] Tranquility build is unchanged.
2023-12-24 22:42:15.601    app     info:    [server-manager] Ready to play!
2023-12-24 22:42:15.604    app     info:    [server-manager] Finished refresh cycle for Tranquility
2023-12-24 22:42:19.031    app     info:    [AuthenticationMiddleware] Character information for '23622903' on 'tranquility' was loaded recently, skipping refresh.
2023-12-24 22:42:19.031    app     info:    [AuthenticationMiddleware] Plex information for '23622903' on 'tranquility' was loaded recently, skipping refresh.
2023-12-24 22:42:20.847    app     info:    [AuthenticationMiddleware] Character information for '23622903' on 'tranquility' was loaded recently, skipping refresh.
2023-12-24 22:42:20.847    app     info:    [AuthenticationMiddleware] Plex information for '23622903' on 'tranquility' was loaded recently, skipping refresh.
2023-12-24 22:42:22.982    app     info:    [AuthenticationMiddleware] Character information for '23622903' on 'tranquility' was loaded recently, skipping refresh.
2023-12-24 22:42:22.982    app     info:    [AuthenticationMiddleware] Plex information for '23622903' on 'tranquility' was loaded recently, skipping refresh.
2023-12-24 22:42:23.657    app     info:    [client-queue] Queued client startup    {
  product: 'eve-online',
  tenant: 'tranquility',
  userId: 23622903,
  characterId: 2121175776,
  profile: ''
}
2023-12-24 22:42:23.659    app     info:    [elg-events] Sending event    eve_launcher.electron.eve_client.ClientQueued
2023-12-24 22:42:23.660    app     info:    [client-queue] No clients running for tranquility, copying files before starting a client
2023-12-24 22:42:23.664    app     info:    [elg-events] Sending event    eve_launcher.electron.eve_client.CopyingFilesStarted
2023-12-24 22:42:23.664    app     info:    [binary-copier] Copying 194 files (216 MB) to 'C:\CCP\EVE Online\tq'
2023-12-24 22:42:23.679    app     info:    [binary-copier] Removing old binaries
2023-12-24 22:42:23.708    app     info:    [binary-copier] Copying binaries from ResFiles
2023-12-24 22:42:23.925    app     info:    [binary-copier] Finished copying 194 files to 'C:\CCP\EVE Online\tq' in 0.263 seconds
2023-12-24 22:42:23.927    app     info:    [elg-events] Sending event    eve_launcher.electron.eve_client.CopyingFilesFinished
2023-12-24 22:42:23.931    app     info:    [authentication] Token for '23622903' on 'tranquility' is expired, refresh is required
2023-12-24 22:42:23.931    app     info:    [authentication] Refreshing token for '23622903' on 'tranquility'
2023-12-24 22:42:24.064    app     info:    [authentication] Token for '23622903' on 'tranquility' has been successfully refreshed
2023-12-24 22:42:24.065    app     info:    [elg-events] Sending event    eve_launcher.electron.authentication.UserTokensRefreshed
2023-12-24 22:42:24.067    app     info:    [AuthenticationMiddleware] Character information for '23622903' on 'tranquility' was loaded recently, skipping refresh.
2023-12-24 22:42:24.067    app     info:    [AuthenticationMiddleware] Plex information for '23622903' on 'tranquility' was loaded recently, skipping refresh.
2023-12-24 22:42:24.075    app     info:    [client-manager] Starting EVE Online game client.    C:\CCP\EVE Online\tq\bin64\exefile.exe    Map(11) {
  'noconsole' => '/noconsole',
  'server' => '/server:tranquility.servers.eveonline.com',
  'triplatform' => '/triplatform=dx12',
  'ssotoken' => '/ssoToken=***',
  'refreshtoken' => '/refreshToken=***',
  'settingsprofile' => '/settingsprofile=Default',
  'deviceid' => '/deviceID=4a436adb-4b99-40a7-85b0-42e206f41286',
  'autoselectcharacter' => '/autoSelectCharacter:2121175776',
  'language' => '/language=en',
  'exp' => '1703458342',
  'tokenExpires' => '2023-12-25 00:52:22.000'
}    23622903
2023-12-24 22:42:24.107    app     info:    [AuthenticationMiddleware] User information updated
2023-12-24 22:42:24.107    app     info:    [client-queue] Started client from group startup    {
  product: 'eve-online',
  tenant: 'tranquility',
  characterId: 2121175776,
  profile: '',
  userId: 23622903
}
2023-12-24 22:42:24.193    app     info:    [quasar-events] Sent 'eve_launcher.electron.eve_client.GameClientStartRequested'
2023-12-24 22:42:24.193    app     info:    [quasar-events] Sent 'eve_launcher.electron.eve_client.TemporaryClientProcessAdded'
2023-12-24 22:42:24.626    app     info:    [client-manager] Found 'tranquility' client for '23622903' running:     {
  processId: 3132,
  createdDate: 1703457744109,
  userId: 23622903,
  characterId: 2121175776,
  profile: 'Default',
  dxVersion: 'dx12'
}
2023-12-24 22:42:24.724    app     info:    [quasar-events] Sent 'eve_launcher.electron.eve_client.TemporaryClientProcessMonitoringRetried'
2023-12-24 22:42:24.724    app     info:    [quasar-events] Sent 'eve_launcher.electron.eve_client.GameClientStarted'
2023-12-24 22:42:24.724    app     info:    [quasar-events] Sent 'eve_launcher.electron.eve_client.TemporaryClientProcessRemoved'
2023-12-24 22:42:25.121    app     info:    [client-queue] Queue has stopped running, no more clients pending startup.
2023-12-24 22:47:13.581    app     info:    [self-update] Checking for a launcher update...
2023-12-24 22:47:13.878    app     info:    [self-update] Currently running the latest launcher version. Scheduling update check in 5 minutes.
2023-12-24 22:47:15.616    app     info:    [server-manager] Starting refresh cycle for eve-online / Tranquility
2023-12-24 22:47:15.775    app     info:    [server-manager] Previous Tranquility build: 2454674, current build: 2454674
2023-12-24 22:47:15.775    app     info:    [server-manager] Tranquility build is unchanged.
2023-12-24 22:47:15.780    app     info:    [server-manager] Ready to play!
2023-12-24 22:47:15.783    app     info:    [server-manager] Finished refresh cycle for Tranquility
2023-12-24 22:52:11.174    app     info:    [creatives] Requesting creatives
2023-12-24 22:52:11.293    app     info:    [creatives] Received 2 creatives
2023-12-24 22:52:13.891    app     info:    [self-update] Checking for a launcher update...
2023-12-24 22:52:14.175    app     info:    [self-update] Currently running the latest launcher version. Scheduling update check in 5 minutes.
2023-12-24 22:52:15.790    app     info:    [server-manager] Starting refresh cycle for eve-online / Tranquility
2023-12-24 22:52:15.980    app     info:    [server-manager] Previous Tranquility build: 2454674, current build: 2454674
2023-12-24 22:52:15.980    app     info:    [server-manager] Tranquility build is unchanged.
2023-12-24 22:52:15.986    app     info:    [server-manager] Ready to play!
2023-12-24 22:52:15.990    app     info:    [server-manager] Finished refresh cycle for Tranquility
2023-12-24 22:57:14.177    app     info:    [self-update] Checking for a launcher update...
2023-12-24 22:57:14.506    app     info:    [self-update] Currently running the latest launcher version. Scheduling update check in 5 minutes.
2023-12-24 22:57:16.001    app     info:    [server-manager] Starting refresh cycle for eve-online / Tranquility
2023-12-24 22:57:16.220    app     info:    [server-manager] Previous Tranquility build: 2454674, current build: 2454674
2023-12-24 22:57:16.220    app     info:    [server-manager] Tranquility build is unchanged.
2023-12-24 22:57:16.225    app     info:    [server-manager] Ready to play!
2023-12-24 22:57:16.228    app     info:    [server-manager] Finished refresh cycle for Tranquility
2023-12-24 23:02:14.518    app     info:    [self-update] Checking for a launcher update...
2023-12-24 23:02:14.830    app     info:    [self-update] Currently running the latest launcher version. Scheduling update check in 5 minutes.
2023-12-24 23:02:16.234    app     info:    [server-manager] Starting refresh cycle for eve-online / Tranquility
2023-12-24 23:02:16.360    app     info:    [server-manager] Previous Tranquility build: 2454674, current build: 2454674
2023-12-24 23:02:16.360    app     info:    [server-manager] Tranquility build is unchanged.
2023-12-24 23:02:16.365    app     info:    [server-manager] Ready to play!
2023-12-24 23:02:16.368    app     info:    [server-manager] Finished refresh cycle for Tranquility
2023-12-24 23:07:14.840    app     info:    [self-update] Checking for a launcher update...
2023-12-24 23:07:15.132    app     info:    [self-update] Currently running the latest launcher version. Scheduling update check in 5 minutes.
2023-12-24 23:07:16.384    app     info:    [server-manager] Starting refresh cycle for eve-online / Tranquility
2023-12-24 23:07:16.512    app     info:    [server-manager] Previous Tranquility build: 2454674, current build: 2454674
2023-12-24 23:07:16.512    app     info:    [server-manager] Tranquility build is unchanged.
2023-12-24 23:07:16.517    app     info:    [server-manager] Ready to play!
2023-12-24 23:07:16.520    app     info:    [server-manager] Finished refresh cycle for Tranquility
2023-12-24 23:12:15.140    app     info:    [self-update] Checking for a launcher update...
2023-12-24 23:12:15.423    app     info:    [self-update] Currently running the latest launcher version. Scheduling update check in 5 minutes.
2023-12-24 23:12:16.535    app     info:    [server-manager] Starting refresh cycle for eve-online / Tranquility
2023-12-24 23:12:16.693    app     info:    [server-manager] Previous Tranquility build: 2454674, current build: 2454674
2023-12-24 23:12:16.693    app     info:    [server-manager] Tranquility build is unchanged.
2023-12-24 23:12:16.697    app     info:    [server-manager] Ready to play!
2023-12-24 23:12:16.700    app     info:    [server-manager] Finished refresh cycle for Tranquility
2023-12-24 23:17:15.434    app     info:    [self-update] Checking for a launcher update...
2023-12-24 23:17:15.716    app     info:    [self-update] Currently running the latest launcher version. Scheduling update check in 5 minutes.
2023-12-24 23:17:16.716    app     info:    [server-manager] Starting refresh cycle for eve-online / Tranquility
2023-12-24 23:17:16.853    app     info:    [server-manager] Previous Tranquility build: 2454674, current build: 2454674
2023-12-24 23:17:16.853    app     info:    [server-manager] Tranquility build is unchanged.
2023-12-24 23:17:16.858    app     info:    [server-manager] Ready to play!
2023-12-24 23:17:16.861    app     info:    [server-manager] Finished refresh cycle for Tranquility
2023-12-24 23:22:15.718    app     info:    [self-update] Checking for a launcher update...
2023-12-24 23:22:16.015    app     info:    [self-update] Currently running the latest launcher version. Scheduling update check in 5 minutes.
2023-12-24 23:22:16.867    app     info:    [server-manager] Starting refresh cycle for eve-online / Tranquility
2023-12-24 23:22:16.978    app     info:    [server-manager] Previous Tranquility build: 2454674, current build: 2454674
2023-12-24 23:22:16.978    app     info:    [server-manager] Tranquility build is unchanged.
2023-12-24 23:22:16.983    app     info:    [server-manager] Ready to play!
2023-12-24 23:22:16.987    app     info:    [server-manager] Finished refresh cycle for Tranquility
2023-12-24 23:27:16.022    app     info:    [self-update] Checking for a launcher update...
2023-12-24 23:27:16.374    app     info:    [self-update] Currently running the latest launcher version. Scheduling update check in 5 minutes.
2023-12-24 23:27:16.991    app     info:    [server-manager] Starting refresh cycle for eve-online / Tranquility
2023-12-24 23:27:17.158    app     info:    [server-manager] Previous Tranquility build: 2454674, current build: 2454674
2023-12-24 23:27:17.158    app     info:    [server-manager] Tranquility build is unchanged.
2023-12-24 23:27:17.162    app     info:    [server-manager] Ready to play!
2023-12-24 23:27:17.166    app     info:    [server-manager] Finished refresh cycle for Tranquility
2023-12-24 23:32:16.376    app     info:    [self-update] Checking for a launcher update...
2023-12-24 23:32:16.664    app     info:    [self-update] Currently running the latest launcher version. Scheduling update check in 5 minutes.
2023-12-24 23:32:17.179    app     info:    [server-manager] Starting refresh cycle for eve-online / Tranquility
2023-12-24 23:32:17.339    app     info:    [server-manager] Previous Tranquility build: 2454674, current build: 2454674
2023-12-24 23:32:17.339    app     info:    [server-manager] Tranquility build is unchanged.
2023-12-24 23:32:17.344    app     info:    [server-manager] Ready to play!
2023-12-24 23:32:17.348    app     info:    [server-manager] Finished refresh cycle for Tranquility
2023-12-24 23:37:16.680    app     info:    [self-update] Checking for a launcher update...
2023-12-24 23:37:16.953    app     info:    [self-update] Currently running the latest launcher version. Scheduling update check in 5 minutes.
2023-12-24 23:37:17.356    app     info:    [server-manager] Starting refresh cycle for eve-online / Tranquility
2023-12-24 23:37:17.505    app     info:    [server-manager] Previous Tranquility build: 2454674, current build: 2454674
2023-12-24 23:37:17.505    app     info:    [server-manager] Tranquility build is unchanged.
2023-12-24 23:37:17.511    app     info:    [server-manager] Ready to play!
2023-12-24 23:37:17.514    app     info:    [server-manager] Finished refresh cycle for Tranquility
2023-12-24 23:42:16.963    app     info:    [self-update] Checking for a launcher update...
2023-12-24 23:42:17.251    app     info:    [self-update] Currently running the latest launcher version. Scheduling update check in 5 minutes.
2023-12-24 23:42:17.528    app     info:    [server-manager] Starting refresh cycle for eve-online / Tranquility
2023-12-24 23:42:17.687    app     info:    [server-manager] Previous Tranquility build: 2454674, current build: 2454674
2023-12-24 23:42:17.687    app     info:    [server-manager] Tranquility build is unchanged.
2023-12-24 23:42:17.692    app     info:    [server-manager] Ready to play!
2023-12-24 23:42:17.695    app     info:    [server-manager] Finished refresh cycle for Tranquility
2023-12-24 23:47:17.255    app     info:    [self-update] Checking for a launcher update...
2023-12-24 23:47:17.552    app     info:    [self-update] Currently running the latest launcher version. Scheduling update check in 5 minutes.
2023-12-24 23:47:17.702    app     info:    [server-manager] Starting refresh cycle for eve-online / Tranquility
2023-12-24 23:47:17.930    app     info:    [server-manager] Previous Tranquility build: 2454674, current build: 2454674
2023-12-24 23:47:17.930    app     info:    [server-manager] Tranquility build is unchanged.
2023-12-24 23:47:17.935    app     info:    [server-manager] Ready to play!
2023-12-24 23:47:17.939    app     info:    [server-manager] Finished refresh cycle for Tranquility
2023-12-24 23:52:11.177    app     info:    [creatives] Requesting creatives
2023-12-24 23:52:11.295    app     info:    [creatives] Received 2 creatives
2023-12-24 23:52:17.567    app     info:    [self-update] Checking for a launcher update...
2023-12-24 23:52:17.862    app     info:    [self-update] Currently running the latest launcher version. Scheduling update check in 5 minutes.
2023-12-24 23:52:17.947    app     info:    [server-manager] Starting refresh cycle for eve-online / Tranquility
2023-12-24 23:52:18.074    app     info:    [server-manager] Previous Tranquility build: 2454674, current build: 2454674
2023-12-24 23:52:18.074    app     info:    [server-manager] Tranquility build is unchanged.
2023-12-24 23:52:18.078    app     info:    [server-manager] Ready to play!
2023-12-24 23:52:18.081    app     info:    [server-manager] Finished refresh cycle for Tranquility
2023-12-24 23:57:17.865    app     info:    [self-update] Checking for a launcher update...
2023-12-24 23:57:18.089    app     info:    [server-manager] Starting refresh cycle for eve-online / Tranquility
2023-12-24 23:57:18.156    app     info:    [self-update] Currently running the latest launcher version. Scheduling update check in 5 minutes.
2023-12-24 23:57:18.223    app     info:    [server-manager] Previous Tranquility build: 2454674, current build: 2454674
2023-12-24 23:57:18.224    app     info:    [server-manager] Tranquility build is unchanged.
2023-12-24 23:57:18.228    app     info:    [server-manager] Ready to play!
2023-12-24 23:57:18.232    app     info:    [server-manager] Finished refresh cycle for Tranquility
