2023-12-06 15:53:34.458    app     info:    [migrations] Running 1 migrations
2023-12-06 15:53:34.559    app     info:    Startup arguments    []
2023-12-06 15:53:34.568    app     info:    EVE Online Launcher is already running. This instance will now be closed.
2023-12-06 15:53:34.569    app     info:    Application quitting. Cleanup needed: true
2023-12-06 15:53:34.576    app     info:    [elg-events] Sending event    eve_launcher.electron.application.LauncherShutdown
2023-12-06 15:53:34.581    app     info:    [self-update] Starting automatic update checks
2023-12-06 15:53:34.581    app     info:    [self-update] Waiting for update feed before starting update checks
2023-12-06 15:53:34.589    app     info:    app.quit called, but we are still sending ELG events.
2023-12-06 15:53:34.724    app     info:    [i18next] Changed language    en
2023-12-06 15:53:34.777    app     info:    [authentication] Token for '16492377' on 'tranquility' is expired, refresh is required
2023-12-06 15:53:34.777    app     info:    [authentication] Refreshing token for '16492377' on 'tranquility'
2023-12-06 15:53:34.778    app     info:    [authentication] Token for '17525312' on 'tranquility' is expired, refresh is required
2023-12-06 15:53:34.778    app     info:    [authentication] Refreshing token for '17525312' on 'tranquility'
2023-12-06 15:53:34.779    app     info:    [authentication] Token for '25218835' on 'tranquility' is expired, refresh is required
2023-12-06 15:53:34.779    app     info:    [authentication] Refreshing token for '25218835' on 'tranquility'
2023-12-06 15:53:34.780    app     info:    [customer-information] Getting character information for '29280260' on 'tranquility'
2023-12-06 15:53:34.780    app     info:    [customer-information] Getting Omega status for '29280260' on 'tranquility'
2023-12-06 15:53:34.781    app     info:    [virtual-goods] Getting Plex status for '29280260' on 'tranquility'
2023-12-06 15:53:34.783    app     info:    [customer-information] Getting character information for '29285645' on 'tranquility'
2023-12-06 15:53:34.783    app     info:    [customer-information] Getting Omega status for '29285645' on 'tranquility'
2023-12-06 15:53:34.783    app     info:    [virtual-goods] Getting Plex status for '29285645' on 'tranquility'
2023-12-06 15:53:34.784    app     info:    [authentication] Token for '18034259' on 'tranquility' is expired, refresh is required
2023-12-06 15:53:34.784    app     info:    [authentication] Refreshing token for '18034259' on 'tranquility'
2023-12-06 15:53:34.785    app     info:    [authentication] Token for '28182799' on 'tranquility' is expired, refresh is required
2023-12-06 15:53:34.785    app     info:    [authentication] Refreshing token for '28182799' on 'tranquility'
2023-12-06 15:53:34.785    app     info:    [authentication] Token for '2110311' on 'tranquility' is expired, refresh is required
2023-12-06 15:53:34.785    app     info:    [authentication] Refreshing token for '2110311' on 'tranquility'
2023-12-06 15:53:34.831    app     info:    [cache-protocol] Found 0 entries to remove
2023-12-06 15:53:34.832    app     info:    [cache-protocol] Nothing to clean up.
2023-12-06 15:53:34.947    app     info:    [virtual-goods] Fetched Plex status for '29280260' on 'tranquility'
2023-12-06 15:53:34.955    app     info:    [esi] Fetching character details for 2121853336
2023-12-06 15:53:34.970    app     info:    [virtual-goods] Fetched Plex status for '29285645' on 'tranquility'
2023-12-06 15:53:34.991    app     info:    [customer-information] Agreements have been updated
2023-12-06 15:53:34.997    app     info:    [first-run] First application run was at 2023-11-27T10:29:20.506Z
2023-12-06 15:53:35.074    app     info:    [authentication] Token for '28182799' on 'tranquility' has been successfully refreshed
2023-12-06 15:53:35.078    app     info:    [elg-events] Sending event    eve_launcher.electron.authentication.UserTokensRefreshed
2023-12-06 15:53:35.081    app     info:    [customer-information] Getting character information for '28182799' on 'tranquility'
2023-12-06 15:53:35.081    app     info:    [customer-information] Getting Omega status for '28182799' on 'tranquility'
2023-12-06 15:53:35.082    app     info:    [virtual-goods] Getting Plex status for '28182799' on 'tranquility'
2023-12-06 15:53:35.098    app     info:    [authentication] Token for '17525312' on 'tranquility' has been successfully refreshed
2023-12-06 15:53:35.099    app     info:    [elg-events] Sending event    eve_launcher.electron.authentication.UserTokensRefreshed
2023-12-06 15:53:35.102    app     info:    [customer-information] Getting character information for '17525312' on 'tranquility'
2023-12-06 15:53:35.103    app     info:    [customer-information] Getting Omega status for '17525312' on 'tranquility'
2023-12-06 15:53:35.103    app     info:    [virtual-goods] Getting Plex status for '17525312' on 'tranquility'
2023-12-06 15:53:35.115    app     info:    [authentication] Token for '16492377' on 'tranquility' has been successfully refreshed
2023-12-06 15:53:35.116    app     info:    [elg-events] Sending event    eve_launcher.electron.authentication.UserTokensRefreshed
2023-12-06 15:53:35.117    app     info:    [customer-information] Getting character information for '16492377' on 'tranquility'
2023-12-06 15:53:35.117    app     info:    [customer-information] Getting Omega status for '16492377' on 'tranquility'
2023-12-06 15:53:35.117    app     info:    [virtual-goods] Getting Plex status for '16492377' on 'tranquility'
2023-12-06 15:53:35.128    app     info:    [authentication] Token for '25218835' on 'tranquility' has been successfully refreshed
2023-12-06 15:53:35.129    app     info:    [elg-events] Sending event    eve_launcher.electron.authentication.UserTokensRefreshed
2023-12-06 15:53:35.130    app     info:    [customer-information] Getting character information for '25218835' on 'tranquility'
2023-12-06 15:53:35.130    app     info:    [customer-information] Getting Omega status for '25218835' on 'tranquility'
2023-12-06 15:53:35.130    app     info:    [virtual-goods] Getting Plex status for '25218835' on 'tranquility'
2023-12-06 15:53:35.140    app     info:    [authentication] Token for '18034259' on 'tranquility' has been successfully refreshed
2023-12-06 15:53:35.141    app     info:    [elg-events] Sending event    eve_launcher.electron.authentication.UserTokensRefreshed
2023-12-06 15:53:35.143    app     info:    [customer-information] Getting character information for '18034259' on 'tranquility'
2023-12-06 15:53:35.143    app     info:    [customer-information] Getting Omega status for '18034259' on 'tranquility'
2023-12-06 15:53:35.143    app     info:    [virtual-goods] Getting Plex status for '18034259' on 'tranquility'
2023-12-06 15:53:35.153    app     info:    [authentication] Token for '2110311' on 'tranquility' has been successfully refreshed
2023-12-06 15:53:35.154    app     info:    [elg-events] Sending event    eve_launcher.electron.authentication.UserTokensRefreshed
2023-12-06 15:53:35.155    app     info:    [customer-information] Getting character information for '2110311' on 'tranquility'
2023-12-06 15:53:35.155    app     info:    [customer-information] Getting Omega status for '2110311' on 'tranquility'
2023-12-06 15:53:35.155    app     info:    [virtual-goods] Getting Plex status for '2110311' on 'tranquility'
2023-12-06 15:53:35.240    app     info:    [AuthenticationMiddleware] Successfully restored 10 / 10 users
2023-12-06 15:53:35.247    app     info:    [virtual-goods] Fetched Plex status for '17525312' on 'tranquility'
2023-12-06 15:53:35.253    app     info:    [esi] Fetching character details for 2119361891, 2120347635
2023-12-06 15:53:35.271    app     info:    [esi] Fetching character details for 2114656127, 2121178396
2023-12-06 15:53:35.289    app     info:    [AuthenticationMiddleware] User information updated
2023-12-06 15:53:35.298    app     info:    [esi] Fetching character details for 2115031890, 2121177973
2023-12-06 15:53:35.332    app     info:    [esi] Fetching character details for 2121174545
2023-12-06 15:53:35.359    app     info:    [AuthenticationMiddleware] User information updated
2023-12-06 15:53:35.361    app     info:    [esi] Fetching character details for 2113875139, 2121174871
2023-12-06 15:53:35.403    app     info:    [virtual-goods] Fetched Plex status for '16492377' on 'tranquility'
2023-12-06 15:53:35.408    app     info:    [AuthenticationMiddleware] User information updated
2023-12-06 15:53:35.409    app     info:    [virtual-goods] Fetched Plex status for '18034259' on 'tranquility'
2023-12-06 15:53:35.415    app     info:    [AuthenticationMiddleware] User information updated
2023-12-06 15:53:35.415    app     info:    [virtual-goods] Fetched Plex status for '2110311' on 'tranquility'
2023-12-06 15:53:35.421    app     info:    [virtual-goods] Fetched Plex status for '28182799' on 'tranquility'
2023-12-06 15:53:35.426    app     info:    [AuthenticationMiddleware] User information updated
2023-12-06 15:53:35.597    app     info:    [esi] Fetched 1 character details for 29280260
2023-12-06 15:53:35.605    app     info:    [esi] Fetching character details for 578564394, 2115457291
2023-12-06 15:53:35.617    app     info:    [AuthenticationMiddleware] User information updated
2023-12-06 15:53:35.687    app     info:    ELG stream closed, quitting.
