2024-01-07 15:27:22.438    app     info:    Startup arguments    []
2024-01-07 15:27:22.444    app     info:    [self-update] Starting automatic update checks
2024-01-07 15:27:22.444    app     info:    [self-update] Waiting for update feed before starting update checks
2024-01-07 15:27:22.447    app     info:    [preload] High DPI scaling enabled by settings
2024-01-07 15:27:22.589    app     info:    [i18next] Changed language    en
2024-01-07 15:27:22.698    app     info:    [authentication] Token for '16492377' on 'tranquility' is expired, refresh is required
2024-01-07 15:27:22.698    app     info:    [authentication] Refreshing token for '16492377' on 'tranquility'
2024-01-07 15:27:22.699    app     info:    [authentication] Token for '17525312' on 'tranquility' is expired, refresh is required
2024-01-07 15:27:22.699    app     info:    [authentication] Refreshing token for '17525312' on 'tranquility'
2024-01-07 15:27:22.699    app     info:    [authentication] Token for '25218835' on 'tranquility' is expired, refresh is required
2024-01-07 15:27:22.700    app     info:    [authentication] Refreshing token for '25218835' on 'tranquility'
2024-01-07 15:27:22.701    app     info:    [customer-information] Getting character information for '29280260' on 'tranquility'
2024-01-07 15:27:22.701    app     info:    [customer-information] Getting Omega status for '29280260' on 'tranquility'
2024-01-07 15:27:22.701    app     info:    [virtual-goods] Getting Plex status for '29280260' on 'tranquility'
2024-01-07 15:27:22.704    app     info:    [customer-information] Getting character information for '29285645' on 'tranquility'
2024-01-07 15:27:22.704    app     info:    [customer-information] Getting Omega status for '29285645' on 'tranquility'
2024-01-07 15:27:22.704    app     info:    [virtual-goods] Getting Plex status for '29285645' on 'tranquility'
2024-01-07 15:27:22.705    app     info:    [authentication] Token for '18034259' on 'tranquility' is expired, refresh is required
2024-01-07 15:27:22.705    app     info:    [authentication] Refreshing token for '18034259' on 'tranquility'
2024-01-07 15:27:22.705    app     info:    [authentication] Token for '28182799' on 'tranquility' is expired, refresh is required
2024-01-07 15:27:22.705    app     info:    [authentication] Refreshing token for '28182799' on 'tranquility'
2024-01-07 15:27:22.706    app     info:    [authentication] Token for '2110311' on 'tranquility' is expired, refresh is required
2024-01-07 15:27:22.706    app     info:    [authentication] Refreshing token for '2110311' on 'tranquility'
2024-01-07 15:27:22.706    app     info:    [authentication] Token for '23622903' on 'tranquility' is expired, refresh is required
2024-01-07 15:27:22.707    app     info:    [authentication] Refreshing token for '23622903' on 'tranquility'
2024-01-07 15:27:22.707    app     info:    [authentication] Token for '26239201' on 'tranquility' is expired, refresh is required
2024-01-07 15:27:22.707    app     info:    [authentication] Refreshing token for '26239201' on 'tranquility'
2024-01-07 15:27:22.707    app     info:    [authentication] Token for '18922386' on 'tranquility' is expired, refresh is required
2024-01-07 15:27:22.708    app     info:    [authentication] Refreshing token for '18922386' on 'tranquility'
2024-01-07 15:27:22.708    app     info:    [authentication] Token for '18000247' on 'tranquility' is expired, refresh is required
2024-01-07 15:27:22.708    app     info:    [authentication] Refreshing token for '18000247' on 'tranquility'
2024-01-07 15:27:22.708    app     info:    [authentication] Token for '13595732' on 'tranquility' is expired, refresh is required
2024-01-07 15:27:22.709    app     info:    [authentication] Refreshing token for '13595732' on 'tranquility'
2024-01-07 15:27:22.709    app     info:    [authentication] Token for '15136212' on 'tranquility' is expired, refresh is required
2024-01-07 15:27:22.709    app     info:    [authentication] Refreshing token for '15136212' on 'tranquility'
2024-01-07 15:27:22.709    app     info:    [device-id] Device id found in state
2024-01-07 15:27:22.717    app     info:    [analytics] Application name:    EVE Online
2024-01-07 15:27:22.717    app     info:    [analytics] Application version:    1.2.1
2024-01-07 15:27:22.717    app     info:    [analytics] Domain    undefined
2024-01-07 15:27:22.718    app     info:    [analytics] Working directory    C:\Users\REDACTED\AppData\Local\eve-online\app-1.2.1
2024-01-07 15:27:22.718    app     info:    [analytics] Username contains UTF8?    false
2024-01-07 15:27:23.077    app     info:    [elg-events] Sending event    eve_launcher.electron.application.PdmLoaded
2024-01-07 15:27:23.080    app     info:    [analytics] Operating system    {
  type: 'Windows',
  name: 'Windows 10 Education',
  version: '10.0 (19045)'
}
2024-01-07 15:27:23.081    app     info:    [analytics] Encryption available:    true
2024-01-07 15:27:23.082    app     info:    [analytics] Machine UUID    4E9F516C-5B97-47C6-8C67-E93D943CB7C8
2024-01-07 15:27:23.082    app     info:    [analytics] PDM Version    2.1.4
2024-01-07 15:27:23.082    app     info:    [analytics] Release channel    release
2024-01-07 15:27:23.087    app     info:    [initializers] Shared cache directory set to    C:\CCP\EVE Online
2024-01-07 15:27:23.121    app     info:    [initializers] Shared cache drive free space: 91,41 GiB / 433,74 GiB
2024-01-07 15:27:23.130    app     info:    [elg-events] Sending event    eve_launcher.electron.application.LauncherStarted
2024-01-07 15:27:23.134    app     info:    [elg-events] Sending event    eve_launcher.electron.application.CoreDataLoaded
2024-01-07 15:27:23.135    app     info:    [cdn-trace] Fetching CDN trace data from https://binaries.eveonline.com/cdn-cgi/trace
2024-01-07 15:27:23.154    app     info:    [feature-flags] Initializing feature flag client
2024-01-07 15:27:23.269    app     info:    [first-run] First application run was at 2023-11-27T10:29:20.506Z
2024-01-07 15:27:23.330    app     info:    [cache-protocol] Found 2 entries to remove
2024-01-07 15:27:23.333    app     info:    [cache-protocol] Cleaned 2 entries
2024-01-07 15:27:23.333    app     info:    [cache-protocol] Checking 2 folders to clean
2024-01-07 15:27:23.372    app     info:    [virtual-goods] Fetched Plex status for '29285645' on 'tranquility'
2024-01-07 15:27:23.379    app     info:    [virtual-goods] Fetched Plex status for '29280260' on 'tranquility'
2024-01-07 15:27:23.410    app     info:    [customer-information] Agreements have been updated
2024-01-07 15:27:23.413    app     info:    [esi] Fetching character details for 2121878074
2024-01-07 15:27:23.431    app     info:    [server-manager] Starting refresh cycle for eve-online / Tranquility
2024-01-07 15:27:23.455    app     info:    info: [LaunchDarkly] LaunchDarkly client initialized    []
2024-01-07 15:27:23.455    app     info:    info: [LaunchDarkly] Opening stream connection to https://clientstream.launchdarkly.com/eval/64c3d12e27a4b11365012d39/eyJrZXkiOiI0YTQzNmFkYi00Yjk5LTQwYTctODViMC00MmUyMDZmNDEyODYiLCJraW5kIjoidXNlciIsImN1c3RvbSI6eyJpc0ZpcnN0UnVuIjpmYWxzZSwiZGF5c1NpbmNlRmlyc3RSdW4iOjQxLCJsYW5ndWFnZSI6ImVuIiwiYXBwbGljYXRpb24iOiJldmUtb25saW5lIiwidmVyc2lvbiI6IjEuMi4xIiwicGxhdGZvcm0iOiJ3aW5kb3dzIiwiaXNHZUZvcmNlTm93IjpmYWxzZSwib3NWZXJzaW9uRGVwcmVjYXRlZCI6ZmFsc2UsInVzZXJJZHMiOlsxNjQ5MjM3NywyNTIxODgzNSwyMTEwMzExLDI5Mjg1NjQ1XSwib21lZ2FDb3VudCI6MCwiYWxwaGFDb3VudCI6MTQsImFjY291bnRDb3VudCI6MTQsIm9sZGVzdEFjY291bnRBZ2UiOjYwMjQsInlvdW5nZXN0QWNjb3VudEFnZSI6Mzd9fQ?withReasons=true    []
2024-01-07 15:27:23.457    app     info:    [feature-flags] Client 4a436adb... ready, fetching flags
2024-01-07 15:27:23.463    app     info:    [feature-flags] Received 20 flags for client 4a436adb...
2024-01-07 15:27:23.463    app     info:    [feature-flags] Client initialized with key 4a436adb...
2024-01-07 15:27:23.465    app     info:    [self-update] Update feed set, starting update checks
2024-01-07 15:27:23.466    app     info:    [self-update] Starting automatic update checks
2024-01-07 15:27:23.466    app     info:    [self-update] Checking for a launcher update...
2024-01-07 15:27:23.549    app     info:    [authentication] Token for '18034259' on 'tranquility' has been successfully refreshed
2024-01-07 15:27:23.551    app     info:    [elg-events] Sending event    eve_launcher.electron.authentication.UserTokensRefreshed
2024-01-07 15:27:23.553    app     info:    [customer-information] Getting character information for '18034259' on 'tranquility'
2024-01-07 15:27:23.553    app     info:    [customer-information] Getting Omega status for '18034259' on 'tranquility'
2024-01-07 15:27:23.553    app     info:    [virtual-goods] Getting Plex status for '18034259' on 'tranquility'
2024-01-07 15:27:23.565    app     info:    [authentication] Token for '26239201' on 'tranquility' has been successfully refreshed
2024-01-07 15:27:23.568    app     info:    [elg-events] Sending event    eve_launcher.electron.authentication.UserTokensRefreshed
2024-01-07 15:27:23.570    app     info:    [customer-information] Getting character information for '26239201' on 'tranquility'
2024-01-07 15:27:23.570    app     info:    [customer-information] Getting Omega status for '26239201' on 'tranquility'
2024-01-07 15:27:23.570    app     info:    [virtual-goods] Getting Plex status for '26239201' on 'tranquility'
2024-01-07 15:27:23.581    app     info:    [authentication] Token for '16492377' on 'tranquility' has been successfully refreshed
2024-01-07 15:27:23.583    app     info:    [elg-events] Sending event    eve_launcher.electron.authentication.UserTokensRefreshed
2024-01-07 15:27:23.584    app     info:    [customer-information] Getting character information for '16492377' on 'tranquility'
2024-01-07 15:27:23.584    app     info:    [customer-information] Getting Omega status for '16492377' on 'tranquility'
2024-01-07 15:27:23.584    app     info:    [virtual-goods] Getting Plex status for '16492377' on 'tranquility'
2024-01-07 15:27:23.595    app     info:    [authentication] Token for '18922386' on 'tranquility' has been successfully refreshed
2024-01-07 15:27:23.597    app     info:    [elg-events] Sending event    eve_launcher.electron.authentication.UserTokensRefreshed
2024-01-07 15:27:23.598    app     info:    [customer-information] Getting character information for '18922386' on 'tranquility'
2024-01-07 15:27:23.598    app     info:    [customer-information] Getting Omega status for '18922386' on 'tranquility'
2024-01-07 15:27:23.598    app     info:    [virtual-goods] Getting Plex status for '18922386' on 'tranquility'
2024-01-07 15:27:23.611    app     info:    [authentication] Token for '28182799' on 'tranquility' has been successfully refreshed
2024-01-07 15:27:23.612    app     info:    [elg-events] Sending event    eve_launcher.electron.authentication.UserTokensRefreshed
2024-01-07 15:27:23.614    app     info:    [customer-information] Getting character information for '28182799' on 'tranquility'
2024-01-07 15:27:23.614    app     info:    [customer-information] Getting Omega status for '28182799' on 'tranquility'
2024-01-07 15:27:23.614    app     info:    [virtual-goods] Getting Plex status for '28182799' on 'tranquility'
2024-01-07 15:27:23.625    app     info:    [authentication] Token for '15136212' on 'tranquility' has been successfully refreshed
2024-01-07 15:27:23.627    app     info:    [elg-events] Sending event    eve_launcher.electron.authentication.UserTokensRefreshed
2024-01-07 15:27:23.629    app     info:    [customer-information] Getting character information for '15136212' on 'tranquility'
2024-01-07 15:27:23.629    app     info:    [customer-information] Getting Omega status for '15136212' on 'tranquility'
2024-01-07 15:27:23.629    app     info:    [virtual-goods] Getting Plex status for '15136212' on 'tranquility'
2024-01-07 15:27:23.640    app     info:    [authentication] Token for '25218835' on 'tranquility' has been successfully refreshed
2024-01-07 15:27:23.642    app     info:    [elg-events] Sending event    eve_launcher.electron.authentication.UserTokensRefreshed
2024-01-07 15:27:23.644    app     info:    [customer-information] Getting character information for '25218835' on 'tranquility'
2024-01-07 15:27:23.644    app     info:    [customer-information] Getting Omega status for '25218835' on 'tranquility'
2024-01-07 15:27:23.644    app     info:    [virtual-goods] Getting Plex status for '25218835' on 'tranquility'
2024-01-07 15:27:23.655    app     info:    [authentication] Token for '13595732' on 'tranquility' has been successfully refreshed
2024-01-07 15:27:23.657    app     info:    [elg-events] Sending event    eve_launcher.electron.authentication.UserTokensRefreshed
2024-01-07 15:27:23.659    app     info:    [customer-information] Getting character information for '13595732' on 'tranquility'
2024-01-07 15:27:23.659    app     info:    [customer-information] Getting Omega status for '13595732' on 'tranquility'
2024-01-07 15:27:23.659    app     info:    [virtual-goods] Getting Plex status for '13595732' on 'tranquility'
2024-01-07 15:27:23.671    app     info:    [authentication] Token for '23622903' on 'tranquility' has been successfully refreshed
2024-01-07 15:27:23.673    app     info:    [elg-events] Sending event    eve_launcher.electron.authentication.UserTokensRefreshed
2024-01-07 15:27:23.675    app     info:    [customer-information] Getting character information for '23622903' on 'tranquility'
2024-01-07 15:27:23.675    app     info:    [customer-information] Getting Omega status for '23622903' on 'tranquility'
2024-01-07 15:27:23.675    app     info:    [virtual-goods] Getting Plex status for '23622903' on 'tranquility'
2024-01-07 15:27:23.688    app     info:    [authentication] Token for '18000247' on 'tranquility' has been successfully refreshed
2024-01-07 15:27:23.690    app     info:    [elg-events] Sending event    eve_launcher.electron.authentication.UserTokensRefreshed
2024-01-07 15:27:23.691    app     info:    [customer-information] Getting character information for '18000247' on 'tranquility'
2024-01-07 15:27:23.691    app     info:    [customer-information] Getting Omega status for '18000247' on 'tranquility'
2024-01-07 15:27:23.692    app     info:    [virtual-goods] Getting Plex status for '18000247' on 'tranquility'
2024-01-07 15:27:23.703    app     info:    [authentication] Token for '2110311' on 'tranquility' has been successfully refreshed
2024-01-07 15:27:23.705    app     info:    [elg-events] Sending event    eve_launcher.electron.authentication.UserTokensRefreshed
2024-01-07 15:27:23.706    app     info:    [customer-information] Getting character information for '2110311' on 'tranquility'
2024-01-07 15:27:23.706    app     info:    [customer-information] Getting Omega status for '2110311' on 'tranquility'
2024-01-07 15:27:23.706    app     info:    [virtual-goods] Getting Plex status for '2110311' on 'tranquility'
2024-01-07 15:27:23.717    app     info:    [authentication] Token for '17525312' on 'tranquility' has been successfully refreshed
2024-01-07 15:27:23.719    app     info:    [elg-events] Sending event    eve_launcher.electron.authentication.UserTokensRefreshed
2024-01-07 15:27:23.720    app     info:    [customer-information] Getting character information for '17525312' on 'tranquility'
2024-01-07 15:27:23.720    app     info:    [customer-information] Getting Omega status for '17525312' on 'tranquility'
2024-01-07 15:27:23.720    app     info:    [virtual-goods] Getting Plex status for '17525312' on 'tranquility'
2024-01-07 15:27:23.744    app     info:    [server-manager] Previous Tranquility build: 2461603, current build: 2461603
2024-01-07 15:27:23.744    app     info:    [server-manager] Tranquility build is unchanged.
2024-01-07 15:27:23.751    app     info:    [server-manager] Ready to play!
2024-01-07 15:27:23.755    app     info:    [server-manager] Finished refresh cycle for Tranquility
2024-01-07 15:27:23.757    app     info:    [esi] Fetching character details for 2121853336
2024-01-07 15:27:23.766    app     info:    [AuthenticationMiddleware] Successfully restored 16 / 16 users
2024-01-07 15:27:23.843    app     info:    [virtual-goods] Fetched Plex status for '18034259' on 'tranquility'
2024-01-07 15:27:23.850    app     info:    [esi] Fetching character details for 2121174545
2024-01-07 15:27:23.859    app     info:    [virtual-goods] Fetched Plex status for '16492377' on 'tranquility'
2024-01-07 15:27:23.865    app     info:    [virtual-goods] Fetched Plex status for '17525312' on 'tranquility'
2024-01-07 15:27:23.871    app     info:    [virtual-goods] Fetched Plex status for '2110311' on 'tranquility'
2024-01-07 15:27:23.880    app     info:    [esi] Fetching character details for 2119361891, 2120347635
2024-01-07 15:27:23.897    app     info:    [esi] Fetching character details for 2121927552
2024-01-07 15:27:23.915    app     info:    [esi] Fetching character details for 2118248041, 2121175776
2024-01-07 15:27:23.926    app     info:    [esi] Fetching character details for 2113875139, 2121174871
2024-01-07 15:27:23.935    app     info:    [AuthenticationMiddleware] User information updated
2024-01-07 15:27:23.946    app     info:    [esi] Fetching character details for 578564394, 2115457291
2024-01-07 15:27:23.956    app     info:    [esi] Fetching character details for 2121927031
2024-01-07 15:27:23.972    app     info:    [esi] Fetching character details for 2114656127, 2121178396
2024-01-07 15:27:23.981    app     info:    [AuthenticationMiddleware] User information updated
2024-01-07 15:27:24.000    app     info:    [esi] Fetching character details for 2121178171
2024-01-07 15:27:24.088    app     info:    [self-update] Currently running the latest launcher version. Scheduling update check in 5 minutes.
2024-01-07 15:27:24.091    app     info:    [esi] Fetching character details for 2121891348
2024-01-07 15:27:24.100    app     info:    [virtual-goods] Fetched Plex status for '25218835' on 'tranquility'
2024-01-07 15:27:24.107    app     info:    [AuthenticationMiddleware] User information updated
2024-01-07 15:27:24.108    app     info:    [virtual-goods] Fetched Plex status for '26239201' on 'tranquility'
2024-01-07 15:27:24.114    app     info:    [AuthenticationMiddleware] User information updated
2024-01-07 15:27:24.115    app     info:    [virtual-goods] Fetched Plex status for '28182799' on 'tranquility'
2024-01-07 15:27:24.120    app     info:    [AuthenticationMiddleware] User information updated
2024-01-07 15:27:24.123    app     info:    [virtual-goods] Fetched Plex status for '13595732' on 'tranquility'
2024-01-07 15:27:24.128    app     info:    [AuthenticationMiddleware] User information updated
2024-01-07 15:27:24.129    app     info:    [virtual-goods] Fetched Plex status for '18922386' on 'tranquility'
2024-01-07 15:27:24.135    app     info:    [virtual-goods] Fetched Plex status for '23622903' on 'tranquility'
2024-01-07 15:27:24.140    app     info:    [AuthenticationMiddleware] User information updated
2024-01-07 15:27:24.141    app     info:    [virtual-goods] Fetched Plex status for '15136212' on 'tranquility'
2024-01-07 15:27:24.146    app     info:    [AuthenticationMiddleware] User information updated
2024-01-07 15:27:24.147    app     info:    [virtual-goods] Fetched Plex status for '18000247' on 'tranquility'
2024-01-07 15:27:24.152    app     info:    [AuthenticationMiddleware] User information updated
2024-01-07 15:27:24.160    app     info:    [esi] Fetching character details for 2115479508
2024-01-07 15:27:24.167    app     info:    [AuthenticationMiddleware] User information updated
2024-01-07 15:27:24.174    app     info:    [AuthenticationMiddleware] User information updated
2024-01-07 15:27:24.177    app     info:    [esi] Fetching character details for 2115031890, 2121177973
2024-01-07 15:27:24.186    app     info:    [AuthenticationMiddleware] User information updated
2024-01-07 15:27:24.278    app     info:    [esi] Fetched 1 character details for 29285645
2024-01-07 15:27:24.449    app     warn:    [steam-auth] Failed to initialize Steamworks client
2024-01-07 15:27:24.457    app     info:    [main-window] Registering main window    { windowId: 2 }
2024-01-07 15:27:24.468    app     info:    [cdn-trace] Fetching CDN trace data from https://binaries.eveonline.com/cdn-cgi/trace
2024-01-07 15:27:24.470    app     info:    [creatives] Requesting creatives
2024-01-07 15:27:24.486    app     info:    [elg-events] Sending event    eve_launcher.electron.application.RendererLoaded
2024-01-07 15:27:24.490    app     info:    [esi] Fetched 1 character details for 29280260
2024-01-07 15:27:24.492    app     info:    [esi] Fetched 1 character details for 28182799
2024-01-07 15:27:24.542    app     info:    [esi] Fetched 1 character details for 15136212
2024-01-07 15:27:24.545    app     info:    [esi] Fetched 2 character details for 2110311
2024-01-07 15:27:24.547    app     info:    [esi] Fetched 1 character details for 13595732
2024-01-07 15:27:24.551    app     info:    [esi] Fetched 1 character details for 26239201
2024-01-07 15:27:24.587    app     info:    [esi] Fetched 2 character details for 23622903
2024-01-07 15:27:24.590    app     info:    [esi] Fetched 2 character details for 25218835
2024-01-07 15:27:24.601    app     info:    [esi] Fetched 2 character details for 16492377
2024-01-07 15:27:24.603    app     info:    [esi] Fetched 1 character details for 18922386
2024-01-07 15:27:24.605    app     info:    [esi] Fetched 2 character details for 17525312
2024-01-07 15:27:24.611    app     info:    [creatives] Received 3 creatives
2024-01-07 15:27:24.617    app     info:    [esi] Fetched 1 character details for 18000247
2024-01-07 15:27:24.654    app     info:    [esi] Fetched 2 character details for 18034259
2024-01-07 15:27:25.609     ui     info:    Initializing captcha    ccp://launcher/renderer/main_window/index.js    2
2024-01-07 15:27:29.263    app     info:    [AuthenticationMiddleware] Character information for '18922386' on 'tranquility' was loaded recently, skipping refresh.
2024-01-07 15:27:29.264    app     info:    [AuthenticationMiddleware] Plex information for '18922386' on 'tranquility' was loaded recently, skipping refresh.
2024-01-07 15:27:30.546    app     info:    [client-queue] Queued client startup    {
  product: 'eve-online',
  tenant: 'tranquility',
  userId: 18922386,
  characterId: 2115479508,
  profile: ''
}
2024-01-07 15:27:30.548    app     info:    [elg-events] Sending event    eve_launcher.electron.eve_client.ClientQueued
2024-01-07 15:27:30.549    app     info:    [client-queue] No clients running for tranquility, copying files before starting a client
2024-01-07 15:27:30.555    app     info:    [elg-events] Sending event    eve_launcher.electron.eve_client.CopyingFilesStarted
2024-01-07 15:27:30.556    app     info:    [binary-copier] Copying 194 files (217 MB) to 'C:\CCP\EVE Online\tq'
2024-01-07 15:27:30.596    app     info:    [binary-copier] Removing old binaries
2024-01-07 15:27:30.612    app     info:    [binary-copier] Copying binaries from ResFiles
2024-01-07 15:27:31.062    app     info:    [binary-copier] Finished copying 194 files to 'C:\CCP\EVE Online\tq' in 0.509 seconds
2024-01-07 15:27:31.064    app     info:    [elg-events] Sending event    eve_launcher.electron.eve_client.CopyingFilesFinished
2024-01-07 15:27:31.071    app     info:    [client-manager] Starting EVE Online game client.    C:\CCP\EVE Online\tq\bin64\exefile.exe    Map(11) {
  'noconsole' => '/noconsole',
  'server' => '/server:tranquility.servers.eveonline.com',
  'triplatform' => '/triplatform=dx12',
  'ssotoken' => '/ssoToken=***',
  'refreshtoken' => '/refreshToken=***',
  'settingsprofile' => '/settingsprofile=Default',
  'deviceid' => '/deviceID=4a436adb-4b99-40a7-85b0-42e206f41286',
  'autoselectcharacter' => '/autoSelectCharacter:2115479508',
  'language' => '/language=en',
  'exp' => '1704641842',
  'tokenExpires' => '2024-01-07 17:37:22.000'
}    18922386
2024-01-07 15:27:31.087    app     info:    [client-queue] Started client from group startup    {
  product: 'eve-online',
  tenant: 'tranquility',
  characterId: 2115479508,
  profile: '',
  userId: 18922386
}
2024-01-07 15:27:31.181    app     info:    [quasar-events] Sent 'eve_launcher.electron.eve_client.GameClientStartRequested'
2024-01-07 15:27:31.181    app     info:    [quasar-events] Sent 'eve_launcher.electron.eve_client.TemporaryClientProcessAdded'
2024-01-07 15:27:31.608    app     info:    [client-manager] Found 'tranquility' client for '18922386' running:     {
  processId: 5868,
  createdDate: 1704641251131,
  userId: 18922386,
  characterId: 2115479508,
  profile: 'Default',
  dxVersion: 'dx12'
}
2024-01-07 15:27:31.710    app     info:    [quasar-events] Sent 'eve_launcher.electron.eve_client.TemporaryClientProcessMonitoringRetried'
2024-01-07 15:27:31.710    app     info:    [quasar-events] Sent 'eve_launcher.electron.eve_client.GameClientStarted'
2024-01-07 15:27:31.710    app     info:    [quasar-events] Sent 'eve_launcher.electron.eve_client.TemporaryClientProcessRemoved'
2024-01-07 15:27:32.102    app     info:    [client-queue] Queue has stopped running, no more clients pending startup.
2024-01-07 15:27:32.299    app     info:    [analytics] Hardware rendering enabled:    true    { disabledViaCommandline: false, disabledViaSettings: false }
2024-01-07 15:27:53.445    app     warn:    Could not connect to LogLite    [
  Error: connect ECONNREFUSED 127.0.0.1:3273
      at TCPConnectWrap.afterConnect [as oncomplete] (node:net:1247:16) {
    errno: -4078,
    code: 'ECONNREFUSED',
    syscall: 'connect',
    address: '127.0.0.1',
    port: 3273
  }
]
2024-01-07 15:31:27.444    app     info:    [ipc-requests] Handling requests in the background
2024-01-07 15:31:28.457    app     info:    [ipc-requests] No longer handling requests in the background
2024-01-07 15:32:00.693    app     info:    [ipc-requests] Handling requests in the background
2024-01-07 15:32:01.700    app     info:    [ipc-requests] No longer handling requests in the background
2024-01-07 15:32:19.553    app     info:    [ipc-requests] Handling requests in the background
2024-01-07 15:32:20.555    app     info:    [ipc-requests] No longer handling requests in the background
2024-01-07 15:32:23.764    app     info:    [server-manager] Starting refresh cycle for eve-online / Tranquility
2024-01-07 15:32:23.932    app     info:    [server-manager] Previous Tranquility build: 2461603, current build: 2461603
2024-01-07 15:32:23.932    app     info:    [server-manager] Tranquility build is unchanged.
2024-01-07 15:32:23.938    app     info:    [server-manager] Ready to play!
2024-01-07 15:32:23.943    app     info:    [server-manager] Finished refresh cycle for Tranquility
2024-01-07 15:32:24.092    app     info:    [self-update] Checking for a launcher update...
2024-01-07 15:32:24.424    app     info:    [self-update] Currently running the latest launcher version. Scheduling update check in 5 minutes.
2024-01-07 15:33:04.521    app     info:    [ipc-requests] Handling requests in the background
2024-01-07 15:33:05.534    app     info:    [ipc-requests] No longer handling requests in the background
2024-01-07 15:33:17.065    app     info:    [ipc-requests] Handling requests in the background
2024-01-07 15:33:18.068    app     info:    [ipc-requests] No longer handling requests in the background
2024-01-07 15:33:52.953    app     info:    [ipc-requests] Handling requests in the background
2024-01-07 15:33:53.964    app     info:    [ipc-requests] No longer handling requests in the background
2024-01-07 15:34:28.680    app     info:    [ipc-requests] Handling requests in the background
2024-01-07 15:34:29.693    app     info:    [ipc-requests] No longer handling requests in the background
2024-01-07 15:34:51.543    app     info:    [ipc-requests] Handling requests in the background
2024-01-07 15:34:52.547    app     info:    [ipc-requests] No longer handling requests in the background
2024-01-07 15:37:23.957    app     info:    [server-manager] Starting refresh cycle for eve-online / Tranquility
2024-01-07 15:37:24.122    app     info:    [server-manager] Previous Tranquility build: 2461603, current build: 2461603
2024-01-07 15:37:24.123    app     info:    [server-manager] Tranquility build is unchanged.
2024-01-07 15:37:24.127    app     info:    [server-manager] Ready to play!
2024-01-07 15:37:24.130    app     info:    [server-manager] Finished refresh cycle for Tranquility
2024-01-07 15:37:24.429    app     info:    [self-update] Checking for a launcher update...
2024-01-07 15:37:24.721    app     info:    [self-update] Currently running the latest launcher version. Scheduling update check in 5 minutes.
2024-01-07 15:42:24.136    app     info:    [server-manager] Starting refresh cycle for eve-online / Tranquility
2024-01-07 15:42:24.350    app     info:    [server-manager] Previous Tranquility build: 2461603, current build: 2461603
2024-01-07 15:42:24.350    app     info:    [server-manager] Tranquility build is unchanged.
2024-01-07 15:42:24.356    app     info:    [server-manager] Ready to play!
2024-01-07 15:42:24.359    app     info:    [server-manager] Finished refresh cycle for Tranquility
2024-01-07 15:42:24.730    app     info:    [self-update] Checking for a launcher update...
2024-01-07 15:42:25.006    app     info:    [self-update] Currently running the latest launcher version. Scheduling update check in 5 minutes.
2024-01-07 15:46:50.191    app     info:    [client-manager] 'tranquility' for EVE game client for '18922386' exited with no errors.
2024-01-07 15:46:50.201    app     info:    [server-manager] Starting refresh cycle for eve-online / Tranquility
2024-01-07 15:46:50.297    app     info:    [quasar-events] Sent 'eve_launcher.electron.eve_client.GameClientExited'
2024-01-07 15:46:50.364    app     info:    [server-manager] Previous Tranquility build: 2461603, current build: 2461603
2024-01-07 15:46:50.365    app     info:    [server-manager] Tranquility build is unchanged.
2024-01-07 15:46:50.378    app     info:    [server-manager] Ready to play!
2024-01-07 15:46:50.382    app     info:    [server-manager] Finished refresh cycle for Tranquility
2024-01-07 15:46:54.431    app     info:    [tray] Quitting application from tray
2024-01-07 15:46:54.433    app     info:    Application quitting. Cleanup needed: true
2024-01-07 15:46:54.435    app     info:    [elg-events] Sending event    eve_launcher.electron.application.LauncherShutdown
2024-01-07 15:46:54.437    app     info:    app.quit called, but we are still sending ELG events.
2024-01-07 15:46:55.044    app     info:    ELG stream closed, quitting.
2024-01-07 15:46:55.047    app     info:    [main-window] Main window closing    { windowId: 2 }
2024-01-07 15:46:55.060    app     info:    [ipc-requests] Handling requests in the background
2024-01-07 15:46:55.069    app     info:    Application closed    0
