2023-12-12 13:56:22.610    app     info:    Startup arguments    []
2023-12-12 13:56:22.613    app     info:    [self-update] Starting automatic update checks
2023-12-12 13:56:22.614    app     info:    [self-update] Waiting for update feed before starting update checks
2023-12-12 13:56:22.697    app     info:    [i18next] Changed language    en
2023-12-12 13:56:22.736    app     info:    [customer-information] Getting character information for '16492377' on 'tranquility'
2023-12-12 13:56:22.737    app     info:    [customer-information] Getting Omega status for '16492377' on 'tranquility'
2023-12-12 13:56:22.737    app     info:    [virtual-goods] Getting Plex status for '16492377' on 'tranquility'
2023-12-12 13:56:22.739    app     info:    [AuthenticationMiddleware] Character information for '17525312' on 'tranquility' was loaded recently, skipping refresh.
2023-12-12 13:56:22.739    app     info:    [AuthenticationMiddleware] Plex information for '17525312' on 'tranquility' was loaded recently, skipping refresh.
2023-12-12 13:56:22.740    app     info:    [authentication] Token for '25218835' on 'tranquility' is expired, refresh is required
2023-12-12 13:56:22.740    app     info:    [authentication] Refreshing token for '25218835' on 'tranquility'
2023-12-12 13:56:22.741    app     info:    [customer-information] Getting character information for '29280260' on 'tranquility'
2023-12-12 13:56:22.741    app     info:    [customer-information] Getting Omega status for '29280260' on 'tranquility'
2023-12-12 13:56:22.742    app     info:    [virtual-goods] Getting Plex status for '29280260' on 'tranquility'
2023-12-12 13:56:22.742    app     info:    [customer-information] Getting character information for '29285645' on 'tranquility'
2023-12-12 13:56:22.742    app     info:    [customer-information] Getting Omega status for '29285645' on 'tranquility'
2023-12-12 13:56:22.742    app     info:    [virtual-goods] Getting Plex status for '29285645' on 'tranquility'
2023-12-12 13:56:22.743    app     info:    [AuthenticationMiddleware] Character information for '18034259' on 'tranquility' was loaded recently, skipping refresh.
2023-12-12 13:56:22.743    app     info:    [AuthenticationMiddleware] Plex information for '18034259' on 'tranquility' was loaded recently, skipping refresh.
2023-12-12 13:56:22.743    app     info:    [authentication] Token for '28182799' on 'tranquility' is expired, refresh is required
2023-12-12 13:56:22.743    app     info:    [authentication] Refreshing token for '28182799' on 'tranquility'
2023-12-12 13:56:22.743    app     info:    [AuthenticationMiddleware] Character information for '2110311' on 'tranquility' was loaded recently, skipping refresh.
2023-12-12 13:56:22.744    app     info:    [AuthenticationMiddleware] Plex information for '2110311' on 'tranquility' was loaded recently, skipping refresh.
2023-12-12 13:56:22.744    app     info:    [AuthenticationMiddleware] Character information for '23622903' on 'tranquility' was loaded recently, skipping refresh.
2023-12-12 13:56:22.744    app     info:    [AuthenticationMiddleware] Plex information for '23622903' on 'tranquility' was loaded recently, skipping refresh.
2023-12-12 13:56:22.745    app     info:    [authentication] Token for '26239201' on 'tranquility' is expired, refresh is required
2023-12-12 13:56:22.745    app     info:    [authentication] Refreshing token for '26239201' on 'tranquility'
2023-12-12 13:56:22.745    app     info:    [device-id] Device id found in state
2023-12-12 13:56:22.749    app     info:    [analytics] Application name:    EVE Online
2023-12-12 13:56:22.749    app     info:    [analytics] Application version:    1.0.2
2023-12-12 13:56:22.749    app     info:    [analytics] Domain    undefined
2023-12-12 13:56:22.750    app     info:    [analytics] Working directory    C:\Users\REDACTED\AppData\Local\eve-online\app-1.0.2
2023-12-12 13:56:22.750    app     info:    [analytics] Username contains UTF8?    false
2023-12-12 13:56:23.545    app     info:    [elg-events] Sending event    eve_launcher.electron.application.PdmLoaded
2023-12-12 13:56:23.551    app     info:    [analytics] Operating system    {
  type: 'Windows',
  name: 'Windows 10 Education',
  version: '10.0 (19045)'
}
2023-12-12 13:56:23.552    app     info:    [analytics] Encryption available:    true
2023-12-12 13:56:23.552    app     info:    [analytics] Machine UUID    4E9F516C-5B97-47C6-8C67-E93D943CB7C8
2023-12-12 13:56:23.552    app     info:    [analytics] PDM Version    2.1.4
2023-12-12 13:56:23.553    app     info:    [analytics] Release channel    release
2023-12-12 13:56:23.555    app     info:    [initializers] Shared cache directory set to    C:\CCP\EVE Online
2023-12-12 13:56:23.565    app     info:    [initializers] Shared cache drive free space: 61,58 GiB / 465,75 GiB
2023-12-12 13:56:23.572    app     info:    [elg-events] Sending event    eve_launcher.electron.application.LauncherStarted
2023-12-12 13:56:23.575    app     info:    [elg-events] Sending event    eve_launcher.electron.application.CoreDataLoaded
2023-12-12 13:56:23.576    app     info:    [cdn-trace] Fetching CDN trace data from https://binaries.eveonline.com/cdn-cgi/trace
2023-12-12 13:56:23.592    app     info:    [feature-flags] Initializing feature flag client
2023-12-12 13:56:23.685    app     info:    [first-run] First application run was at 2023-11-27T10:29:20.506Z
2023-12-12 13:56:23.728    app     info:    [cache-protocol] Found 0 entries to remove
2023-12-12 13:56:23.729    app     info:    [cache-protocol] Nothing to clean up.
2023-12-12 13:56:23.776    app     info:    [virtual-goods] Fetched Plex status for '16492377' on 'tranquility'
2023-12-12 13:56:23.784    app     info:    [esi] Fetching character details for 2113875139, 2121174871
2023-12-12 13:56:23.798    app     info:    [virtual-goods] Fetched Plex status for '29285645' on 'tranquility'
2023-12-12 13:56:23.805    app     info:    [esi] Fetching character details for 2121878074
2023-12-12 13:56:23.837    app     info:    [customer-information] Agreements have been updated
2023-12-12 13:56:23.838    app     info:    info: [LaunchDarkly] LaunchDarkly client initialized    []
2023-12-12 13:56:23.838    app     info:    info: [LaunchDarkly] Opening stream connection to https://clientstream.launchdarkly.com/eval/64c3d12e27a4b11365012d39/eyJrZXkiOiI0YTQzNmFkYi00Yjk5LTQwYTctODViMC00MmUyMDZmNDEyODYiLCJraW5kIjoidXNlciIsImN1c3RvbSI6eyJpc0ZpcnN0UnVuIjpmYWxzZSwiZGF5c1NpbmNlRmlyc3RSdW4iOjE1LCJsYW5ndWFnZSI6ImVuIiwiYXBwbGljYXRpb24iOiJldmUtb25saW5lIiwidmVyc2lvbiI6IjEuMC4yIiwicGxhdGZvcm0iOiJ3aW5kb3dzIiwib3NWZXJzaW9uRGVwcmVjYXRlZCI6ZmFsc2UsInVzZXJJZHMiOlsxNjQ5MjM3NywxNzUyNTMxMiwxODAzNDI1OSwyMTEwMzExLDIzNjIyOTAzLDI1MjE4ODM1LDI2MjM5MjAxLDI4MTgyNzk5LDI5MjgwMjYwLDI5Mjg1NjQ1XSwiY2hhcmFjdGVySWRzIjpbMjExMzg3NTEzOSwyMTE0NjU2MTI3LDIxMTUwMzE4OTAsMjExNTQ1NzI5MSwyMTE4MjQ4MDQxLDIxMTkzNjE4OTEsMjEyMDM0NzYzNSwyMTIxMTc0NTQ1LDIxMjExNzQ4NzEsMjEyMTE3NTc3NiwyMTIxMTc3OTczLDIxMjExNzgxNzEsMjEyMTE3ODM5NiwyMTIxODUzMzM2LDIxMjE4NzgwNzQsNTc4NTY0Mzk0XSwib21lZ2FDb3VudCI6MCwiYWxwaGFDb3VudCI6MTAsImFjY291bnRDb3VudCI6MTAsIm9sZGVzdEFjY291bnRBZ2UiOjU5OTgsInlvdW5nZXN0QWNjb3VudEFnZSI6MTF9fQ?withReasons=true    []
2023-12-12 13:56:23.839    app     info:    [feature-flags] Client 4a436adb... ready, fetching flags
2023-12-12 13:56:23.843    app     info:    [feature-flags] Received 17 flags for client 4a436adb...
2023-12-12 13:56:23.844    app     info:    [feature-flags] Client initialized with key 4a436adb...
2023-12-12 13:56:23.845    app     info:    [self-update] Update feed set, starting update checks
2023-12-12 13:56:23.845    app     info:    [self-update] Starting automatic update checks
2023-12-12 13:56:23.846    app     info:    [self-update] Checking for a launcher update...
2023-12-12 13:56:23.870    app     info:    [esi] Fetching character details for 2121853336
2023-12-12 13:56:23.891    app     info:    [server-manager] Starting refresh cycle for eve-online / Tranquility
2023-12-12 13:56:23.946    app     info:    [authentication] Token for '26239201' on 'tranquility' has been successfully refreshed
2023-12-12 13:56:23.947    app     info:    [elg-events] Sending event    eve_launcher.electron.authentication.UserTokensRefreshed
2023-12-12 13:56:23.949    app     info:    [customer-information] Getting character information for '26239201' on 'tranquility'
2023-12-12 13:56:23.949    app     info:    [customer-information] Getting Omega status for '26239201' on 'tranquility'
2023-12-12 13:56:23.949    app     info:    [virtual-goods] Getting Plex status for '26239201' on 'tranquility'
2023-12-12 13:56:23.960    app     info:    [authentication] Token for '25218835' on 'tranquility' has been successfully refreshed
2023-12-12 13:56:23.961    app     info:    [elg-events] Sending event    eve_launcher.electron.authentication.UserTokensRefreshed
2023-12-12 13:56:23.963    app     info:    [AuthenticationMiddleware] Character information for '25218835' on 'tranquility' was loaded recently, skipping refresh.
2023-12-12 13:56:23.963    app     info:    [AuthenticationMiddleware] Plex information for '25218835' on 'tranquility' was loaded recently, skipping refresh.
2023-12-12 13:56:23.971    app     info:    [AuthenticationMiddleware] User information updated
2023-12-12 13:56:23.971    app     info:    [authentication] Token for '28182799' on 'tranquility' has been successfully refreshed
2023-12-12 13:56:23.973    app     info:    [elg-events] Sending event    eve_launcher.electron.authentication.UserTokensRefreshed
2023-12-12 13:56:23.974    app     info:    [customer-information] Getting character information for '28182799' on 'tranquility'
2023-12-12 13:56:23.974    app     info:    [customer-information] Getting Omega status for '28182799' on 'tranquility'
2023-12-12 13:56:23.974    app     info:    [virtual-goods] Getting Plex status for '28182799' on 'tranquility'
2023-12-12 13:56:23.985    app     info:    [virtual-goods] Fetched Plex status for '29280260' on 'tranquility'
2023-12-12 13:56:23.991    app     info:    [AuthenticationMiddleware] Successfully restored 17 / 17 users
2023-12-12 13:56:24.040    app     info:    [server-manager] Previous Tranquility build: 2450028, current build: 2450028
2023-12-12 13:56:24.040    app     info:    [server-manager] Tranquility build is unchanged.
2023-12-12 13:56:24.045    app     info:    [server-manager] Ready to play!
2023-12-12 13:56:24.048    app     info:    [server-manager] Finished refresh cycle for Tranquility
2023-12-12 13:56:24.069    app     info:    [virtual-goods] Fetched Plex status for '28182799' on 'tranquility'
2023-12-12 13:56:24.075    app     info:    [esi] Fetching character details for 2121174545
2023-12-12 13:56:24.088    app     info:    [AuthenticationMiddleware] User information updated
2023-12-12 13:56:24.089    app     info:    [virtual-goods] Fetched Plex status for '26239201' on 'tranquility'
2023-12-12 13:56:24.095    app     info:    [esi] Fetching character details for 2121178171
2023-12-12 13:56:24.107    app     info:    [AuthenticationMiddleware] User information updated
2023-12-12 13:56:24.147    app     info:    [self-update] Currently running the latest launcher version. Scheduling update check in 5 minutes.
2023-12-12 13:56:24.214    app     info:    [esi] Fetched 2 character details for 16492377
2023-12-12 13:56:24.220    app     info:    [esi] Fetched 1 character details for 29285645
2023-12-12 13:56:24.307    app     info:    [esi] Fetched 1 character details for 29280260
2023-12-12 13:56:24.378    app     warn:    [steam-auth] Failed to initialize Steamworks client
2023-12-12 13:56:24.386    app     info:    [main-window] Registering main window    { windowId: 2 }
2023-12-12 13:56:24.395    app     info:    [cdn-trace] Fetching CDN trace data from https://binaries.eveonline.com/cdn-cgi/trace
2023-12-12 13:56:24.396    app     info:    [creatives] Requesting creatives
2023-12-12 13:56:24.402    app     info:    [elg-events] Sending event    eve_launcher.electron.application.RendererLoaded
2023-12-12 13:56:24.485    app     info:    [esi] Fetched 1 character details for 28182799
2023-12-12 13:56:24.487    app     info:    [esi] Fetched 1 character details for 26239201
2023-12-12 13:56:24.539    app     info:    [creatives] Received 3 creatives
2023-12-12 13:56:25.173     ui     info:    Initializing captcha    ccp://launcher/renderer/main_window/index.js    2
2023-12-12 13:56:31.983    app     info:    [analytics] Hardware rendering enabled:    true    { disabledViaCommandline: false, disabledViaSettings: false }
2023-12-12 13:56:53.891    app     warn:    Could not connect to LogLite    [
  Error: connect ECONNREFUSED 127.0.0.1:3273
      at TCPConnectWrap.afterConnect [as oncomplete] (node:net:1247:16) {
    errno: -4078,
    code: 'ECONNREFUSED',
    syscall: 'connect',
    address: '127.0.0.1',
    port: 3273
  }
]
2023-12-12 13:56:58.390    app     info:    [ipc-requests] Handling requests in the background
2023-12-12 13:56:59.402    app     info:    [ipc-requests] No longer handling requests in the background
2023-12-12 13:57:15.008    app     info:    [ipc-requests] Handling requests in the background
2023-12-12 13:57:16.024    app     info:    [ipc-requests] No longer handling requests in the background
2023-12-12 13:58:53.323    app     info:    [ipc-requests] Handling requests in the background
2023-12-12 13:58:54.333    app     info:    [ipc-requests] No longer handling requests in the background
2023-12-12 13:59:05.986    app     info:    [AuthenticationMiddleware] Character information for '23622903' on 'tranquility' was loaded recently, skipping refresh.
2023-12-12 13:59:05.986    app     info:    [AuthenticationMiddleware] Plex information for '23622903' on 'tranquility' was loaded recently, skipping refresh.
2023-12-12 13:59:07.853    app     info:    [AuthenticationMiddleware] Character information for '23622903' on 'tranquility' was loaded recently, skipping refresh.
2023-12-12 13:59:07.853    app     info:    [AuthenticationMiddleware] Plex information for '23622903' on 'tranquility' was loaded recently, skipping refresh.
2023-12-12 14:00:06.646    app     info:    [ipc-requests] Handling requests in the background
2023-12-12 14:00:07.647    app     info:    [ipc-requests] No longer handling requests in the background
2023-12-12 14:00:18.965    app     info:    [client-queue] Queued client startup    {
  product: 'eve-online',
  tenant: 'tranquility',
  userId: 23622903,
  characterId: 2118248041,
  profile: ''
}
2023-12-12 14:00:18.967    app     info:    [elg-events] Sending event    eve_launcher.electron.eve_client.ClientQueued
2023-12-12 14:00:18.967    app     info:    [client-queue] No clients running for tranquility, copying files before starting a client
2023-12-12 14:00:18.972    app     info:    [elg-events] Sending event    eve_launcher.electron.eve_client.CopyingFilesStarted
2023-12-12 14:00:18.972    app     info:    [binary-copier] Copying 194 files (216 MB) to 'C:\CCP\EVE Online\tq'
2023-12-12 14:00:18.990    app     info:    [binary-copier] Removing old binaries
2023-12-12 14:00:19.026    app     info:    [binary-copier] Copying binaries from ResFiles
2023-12-12 14:00:19.387    app     info:    [binary-copier] Finished copying 194 files to 'C:\CCP\EVE Online\tq' in 0.417 seconds
2023-12-12 14:00:19.389    app     info:    [elg-events] Sending event    eve_launcher.electron.eve_client.CopyingFilesFinished
2023-12-12 14:00:19.395    app     info:    [client-manager] Starting EVE Online game client.    C:\CCP\EVE Online\tq\bin64\exefile.exe    Map(11) {
  'noconsole' => '/noconsole',
  'server' => '/server:tranquility.servers.eveonline.com',
  'triplatform' => '/triplatform=dx12',
  'ssotoken' => '/ssoToken=***',
  'refreshtoken' => '/refreshToken=***',
  'settingsprofile' => '/settingsprofile=Default',
  'deviceid' => '/deviceID=4a436adb-4b99-40a7-85b0-42e206f41286',
  'autoselectcharacter' => '/autoSelectCharacter:2118248041',
  'language' => '/language=en',
  'exp' => '1702389827',
  'tokenExpires' => '2023-12-12 16:03:47.000'
}    23622903
2023-12-12 14:00:19.429    app     info:    [client-queue] Started client from group startup    {
  product: 'eve-online',
  tenant: 'tranquility',
  characterId: 2118248041,
  profile: '',
  userId: 23622903
}
2023-12-12 14:00:19.505    app     info:    [quasar-events] Sent 'eve_launcher.electron.eve_client.GameClientStartRequested'
2023-12-12 14:00:19.505    app     info:    [quasar-events] Sent 'eve_launcher.electron.eve_client.TemporaryClientProcessAdded'
2023-12-12 14:00:19.957    app     info:    [client-manager] Found 'tranquility' client for '23622903' running:     {
  processId: 3520,
  createdDate: 1702389619466,
  userId: 23622903,
  characterId: 2118248041,
  profile: 'Default',
  dxVersion: 'dx12'
}
2023-12-12 14:00:20.066    app     info:    [quasar-events] Sent 'eve_launcher.electron.eve_client.TemporaryClientProcessMonitoringRetried'
2023-12-12 14:00:20.067    app     info:    [quasar-events] Sent 'eve_launcher.electron.eve_client.GameClientStarted'
2023-12-12 14:00:20.067    app     info:    [quasar-events] Sent 'eve_launcher.electron.eve_client.TemporaryClientProcessRemoved'
2023-12-12 14:00:20.447    app     info:    [client-queue] Queue has stopped running, no more clients pending startup.
2023-12-12 14:01:24.060    app     info:    [server-manager] Starting refresh cycle for eve-online / Tranquility
2023-12-12 14:01:24.152    app     info:    [self-update] Checking for a launcher update...
2023-12-12 14:01:24.220    app     info:    [server-manager] Previous Tranquility build: 2450028, current build: 2450028
2023-12-12 14:01:24.220    app     info:    [server-manager] Tranquility build is unchanged.
2023-12-12 14:01:24.225    app     info:    [server-manager] Ready to play!
2023-12-12 14:01:24.229    app     info:    [server-manager] Finished refresh cycle for Tranquility
2023-12-12 14:01:24.456    app     info:    [self-update] Currently running the latest launcher version. Scheduling update check in 5 minutes.
2023-12-12 14:03:07.444    app     info:    [client-manager] 'tranquility' for EVE game client for '23622903' exited with no errors.
2023-12-12 14:03:07.455    app     info:    [server-manager] Starting refresh cycle for eve-online / Tranquility
2023-12-12 14:03:07.557    app     info:    [quasar-events] Sent 'eve_launcher.electron.eve_client.GameClientExited'
2023-12-12 14:03:07.591    app     info:    [server-manager] Previous Tranquility build: 2450028, current build: 2450028
2023-12-12 14:03:07.592    app     info:    [server-manager] Tranquility build is unchanged.
2023-12-12 14:03:07.598    app     info:    [server-manager] Ready to play!
2023-12-12 14:03:07.602    app     info:    [server-manager] Finished refresh cycle for Tranquility
2023-12-12 14:03:09.347    app     info:    [AuthenticationMiddleware] Character information for '23622903' on 'tranquility' was loaded recently, skipping refresh.
2023-12-12 14:03:09.348    app     info:    [AuthenticationMiddleware] Plex information for '23622903' on 'tranquility' was loaded recently, skipping refresh.
2023-12-12 14:03:10.415    app     info:    [client-queue] Queued client startup    {
  product: 'eve-online',
  tenant: 'tranquility',
  userId: 23622903,
  characterId: 2121175776,
  profile: ''
}
2023-12-12 14:03:10.418    app     info:    [elg-events] Sending event    eve_launcher.electron.eve_client.ClientQueued
2023-12-12 14:03:10.418    app     info:    [client-queue] No clients running for tranquility, copying files before starting a client
2023-12-12 14:03:10.422    app     info:    [elg-events] Sending event    eve_launcher.electron.eve_client.CopyingFilesStarted
2023-12-12 14:03:10.422    app     info:    [binary-copier] Copying 194 files (216 MB) to 'C:\CCP\EVE Online\tq'
2023-12-12 14:03:10.439    app     info:    [binary-copier] Removing old binaries
2023-12-12 14:03:10.476    app     info:    [binary-copier] Copying binaries from ResFiles
2023-12-12 14:03:10.836    app     info:    [binary-copier] Finished copying 194 files to 'C:\CCP\EVE Online\tq' in 0.416 seconds
2023-12-12 14:03:10.838    app     info:    [elg-events] Sending event    eve_launcher.electron.eve_client.CopyingFilesFinished
2023-12-12 14:03:10.841    app     info:    [authentication] Token for '23622903' on 'tranquility' is expired, refresh is required
2023-12-12 14:03:10.842    app     info:    [authentication] Refreshing token for '23622903' on 'tranquility'
2023-12-12 14:03:10.940    app     info:    [authentication] Token for '23622903' on 'tranquility' has been successfully refreshed
2023-12-12 14:03:10.942    app     info:    [elg-events] Sending event    eve_launcher.electron.authentication.UserTokensRefreshed
2023-12-12 14:03:10.943    app     info:    [AuthenticationMiddleware] Character information for '23622903' on 'tranquility' was loaded recently, skipping refresh.
2023-12-12 14:03:10.943    app     info:    [AuthenticationMiddleware] Plex information for '23622903' on 'tranquility' was loaded recently, skipping refresh.
2023-12-12 14:03:11.052    app     info:    [client-manager] Starting EVE Online game client.    C:\CCP\EVE Online\tq\bin64\exefile.exe    Map(11) {
  'noconsole' => '/noconsole',
  'server' => '/server:tranquility.servers.eveonline.com',
  'triplatform' => '/triplatform=dx12',
  'ssotoken' => '/ssoToken=***',
  'refreshtoken' => '/refreshToken=***',
  'settingsprofile' => '/settingsprofile=Default',
  'deviceid' => '/deviceID=4a436adb-4b99-40a7-85b0-42e206f41286',
  'autoselectcharacter' => '/autoSelectCharacter:2121175776',
  'language' => '/language=en',
  'exp' => '1702390390',
  'tokenExpires' => '2023-12-12 16:13:10.000'
}    23622903
2023-12-12 14:03:11.107    app     info:    [AuthenticationMiddleware] User information updated
2023-12-12 14:03:11.107    app     info:    [client-queue] Started client from group startup    {
  product: 'eve-online',
  tenant: 'tranquility',
  characterId: 2121175776,
  profile: '',
  userId: 23622903
}
2023-12-12 14:03:11.163    app     info:    [quasar-events] Sent 'eve_launcher.electron.eve_client.GameClientStartRequested'
2023-12-12 14:03:11.163    app     info:    [quasar-events] Sent 'eve_launcher.electron.eve_client.TemporaryClientProcessAdded'
2023-12-12 14:03:11.617    app     info:    [client-manager] Found 'tranquility' client for '23622903' running:     {
  processId: 10732,
  createdDate: 1702389791112,
  userId: 23622903,
  characterId: 2121175776,
  profile: 'Default',
  dxVersion: 'dx12'
}
2023-12-12 14:03:11.724    app     info:    [quasar-events] Sent 'eve_launcher.electron.eve_client.TemporaryClientProcessMonitoringRetried'
2023-12-12 14:03:11.725    app     info:    [quasar-events] Sent 'eve_launcher.electron.eve_client.GameClientStarted'
2023-12-12 14:03:11.726    app     info:    [quasar-events] Sent 'eve_launcher.electron.eve_client.TemporaryClientProcessRemoved'
2023-12-12 14:03:12.117    app     info:    [client-queue] Queue has stopped running, no more clients pending startup.
2023-12-12 14:04:31.137    app     info:    [ipc-requests] Handling requests in the background
2023-12-12 14:04:32.144    app     info:    [ipc-requests] No longer handling requests in the background
2023-12-12 14:04:47.160    app     info:    [ipc-requests] Handling requests in the background
2023-12-12 14:04:48.173    app     info:    [ipc-requests] No longer handling requests in the background
2023-12-12 14:04:51.043    app     info:    [client-manager] 'tranquility' for EVE game client for '23622903' exited with no errors.
2023-12-12 14:04:51.053    app     info:    [server-manager] Starting refresh cycle for eve-online / Tranquility
2023-12-12 14:04:51.158    app     info:    [quasar-events] Sent 'eve_launcher.electron.eve_client.GameClientExited'
2023-12-12 14:04:51.228    app     info:    [server-manager] Previous Tranquility build: 2450028, current build: 2450028
2023-12-12 14:04:51.229    app     info:    [server-manager] Tranquility build is unchanged.
2023-12-12 14:04:51.245    app     info:    [server-manager] Ready to play!
2023-12-12 14:04:51.251    app     info:    [server-manager] Finished refresh cycle for Tranquility
2023-12-12 14:04:57.143    app     info:    [ipc-requests] Handling requests in the background
2023-12-12 14:04:58.148    app     info:    [ipc-requests] No longer handling requests in the background
2023-12-12 14:05:21.742    app     info:    [AuthenticationMiddleware] Character information for '29280260' on 'tranquility' was loaded recently, skipping refresh.
2023-12-12 14:05:21.743    app     info:    [AuthenticationMiddleware] Plex information for '29280260' on 'tranquility' was loaded recently, skipping refresh.
2023-12-12 14:05:21.754    app     info:    [AuthenticationMiddleware] Character information for '29280260' on 'tranquility' was loaded recently, skipping refresh.
2023-12-12 14:05:21.755    app     info:    [AuthenticationMiddleware] Plex information for '29280260' on 'tranquility' was loaded recently, skipping refresh.
2023-12-12 14:05:23.267    app     info:    [AuthenticationMiddleware] Character information for '29280260' on 'tranquility' was loaded recently, skipping refresh.
2023-12-12 14:05:23.267    app     info:    [AuthenticationMiddleware] Plex information for '29280260' on 'tranquility' was loaded recently, skipping refresh.
2023-12-12 14:05:24.543    app     info:    [client-queue] Queued client startup    {
  product: 'eve-online',
  tenant: 'tranquility',
  userId: 29280260,
  characterId: 2121853336,
  profile: ''
}
2023-12-12 14:05:24.545    app     info:    [elg-events] Sending event    eve_launcher.electron.eve_client.ClientQueued
2023-12-12 14:05:24.545    app     info:    [client-queue] No clients running for tranquility, copying files before starting a client
2023-12-12 14:05:24.549    app     info:    [elg-events] Sending event    eve_launcher.electron.eve_client.CopyingFilesStarted
2023-12-12 14:05:24.549    app     info:    [binary-copier] Copying 194 files (216 MB) to 'C:\CCP\EVE Online\tq'
2023-12-12 14:05:24.565    app     info:    [binary-copier] Removing old binaries
2023-12-12 14:05:24.596    app     info:    [binary-copier] Copying binaries from ResFiles
2023-12-12 14:05:24.957    app     info:    [binary-copier] Finished copying 194 files to 'C:\CCP\EVE Online\tq' in 0.409 seconds
2023-12-12 14:05:24.958    app     info:    [elg-events] Sending event    eve_launcher.electron.eve_client.CopyingFilesFinished
2023-12-12 14:05:24.963    app     info:    [client-manager] Starting EVE Online game client.    C:\CCP\EVE Online\tq\bin64\exefile.exe    Map(11) {
  'noconsole' => '/noconsole',
  'server' => '/server:tranquility.servers.eveonline.com',
  'triplatform' => '/triplatform=dx12',
  'ssotoken' => '/ssoToken=***',
  'refreshtoken' => '/refreshToken=***',
  'settingsprofile' => '/settingsprofile=Default',
  'deviceid' => '/deviceID=4a436adb-4b99-40a7-85b0-42e206f41286',
  'autoselectcharacter' => '/autoSelectCharacter:2121853336',
  'language' => '/language=en',
  'exp' => '1702449357',
  'tokenExpires' => '2023-12-13 08:35:57.000'
}    29280260
2023-12-12 14:05:24.995    app     info:    [client-queue] Started client from group startup    {
  product: 'eve-online',
  tenant: 'tranquility',
  characterId: 2121853336,
  profile: '',
  userId: 29280260
}
2023-12-12 14:05:25.079    app     info:    [quasar-events] Sent 'eve_launcher.electron.eve_client.GameClientStartRequested'
2023-12-12 14:05:25.079    app     info:    [quasar-events] Sent 'eve_launcher.electron.eve_client.TemporaryClientProcessAdded'
2023-12-12 14:05:25.510    app     info:    [client-manager] Found 'tranquility' client for '29280260' running:     {
  processId: 1856,
  createdDate: 1702389925032,
  userId: 29280260,
  characterId: 2121853336,
  profile: 'Default',
  dxVersion: 'dx12'
}
2023-12-12 14:05:25.607    app     info:    [quasar-events] Sent 'eve_launcher.electron.eve_client.TemporaryClientProcessMonitoringRetried'
2023-12-12 14:05:25.608    app     info:    [quasar-events] Sent 'eve_launcher.electron.eve_client.GameClientStarted'
2023-12-12 14:05:25.608    app     info:    [quasar-events] Sent 'eve_launcher.electron.eve_client.TemporaryClientProcessRemoved'
2023-12-12 14:05:26.016    app     info:    [client-queue] Queue has stopped running, no more clients pending startup.
2023-12-12 14:06:24.460    app     info:    [self-update] Checking for a launcher update...
2023-12-12 14:06:24.750    app     info:    [self-update] Currently running the latest launcher version. Scheduling update check in 5 minutes.
2023-12-12 14:06:41.172    app     info:    [client-manager] 'tranquility' for EVE game client for '29280260' exited with no errors.
2023-12-12 14:06:41.181    app     info:    [server-manager] Starting refresh cycle for eve-online / Tranquility
2023-12-12 14:06:41.275    app     info:    [quasar-events] Sent 'eve_launcher.electron.eve_client.GameClientExited'
2023-12-12 14:06:41.394    app     info:    [server-manager] Previous Tranquility build: 2450028, current build: 2450028
2023-12-12 14:06:41.394    app     info:    [server-manager] Tranquility build is unchanged.
2023-12-12 14:06:41.401    app     info:    [server-manager] Ready to play!
2023-12-12 14:06:41.406    app     info:    [server-manager] Finished refresh cycle for Tranquility
2023-12-12 14:06:42.033    app     info:    [ipc-requests] Handling requests in the background
2023-12-12 14:06:43.048    app     info:    [ipc-requests] No longer handling requests in the background
2023-12-12 14:06:48.657    app     info:    [AuthenticationMiddleware] Character information for '25218835' on 'tranquility' was loaded recently, skipping refresh.
2023-12-12 14:06:48.657    app     info:    [AuthenticationMiddleware] Plex information for '25218835' on 'tranquility' was loaded recently, skipping refresh.
2023-12-12 14:06:51.448    app     info:    [client-queue] Queued client startup    {
  product: 'eve-online',
  tenant: 'tranquility',
  userId: 25218835,
  characterId: 2119361891,
  profile: ''
}
2023-12-12 14:06:51.449    app     info:    [elg-events] Sending event    eve_launcher.electron.eve_client.ClientQueued
2023-12-12 14:06:51.450    app     info:    [client-queue] No clients running for tranquility, copying files before starting a client
2023-12-12 14:06:51.453    app     info:    [elg-events] Sending event    eve_launcher.electron.eve_client.CopyingFilesStarted
2023-12-12 14:06:51.454    app     info:    [binary-copier] Copying 194 files (216 MB) to 'C:\CCP\EVE Online\tq'
2023-12-12 14:06:51.470    app     info:    [binary-copier] Removing old binaries
2023-12-12 14:06:51.503    app     info:    [binary-copier] Copying binaries from ResFiles
2023-12-12 14:06:51.867    app     info:    [binary-copier] Finished copying 194 files to 'C:\CCP\EVE Online\tq' in 0.415 seconds
2023-12-12 14:06:51.869    app     info:    [elg-events] Sending event    eve_launcher.electron.eve_client.CopyingFilesFinished
2023-12-12 14:06:51.873    app     info:    [authentication] Token for '25218835' on 'tranquility' is expired, refresh is required
2023-12-12 14:06:51.874    app     info:    [authentication] Refreshing token for '25218835' on 'tranquility'
2023-12-12 14:06:52.011    app     info:    [authentication] Token for '25218835' on 'tranquility' has been successfully refreshed
2023-12-12 14:06:52.013    app     info:    [elg-events] Sending event    eve_launcher.electron.authentication.UserTokensRefreshed
2023-12-12 14:06:52.014    app     info:    [AuthenticationMiddleware] Character information for '25218835' on 'tranquility' was loaded recently, skipping refresh.
2023-12-12 14:06:52.014    app     info:    [AuthenticationMiddleware] Plex information for '25218835' on 'tranquility' was loaded recently, skipping refresh.
2023-12-12 14:06:52.026    app     info:    [client-manager] Starting EVE Online game client.    C:\CCP\EVE Online\tq\bin64\exefile.exe    Map(11) {
  'noconsole' => '/noconsole',
  'server' => '/server:tranquility.servers.eveonline.com',
  'triplatform' => '/triplatform=dx12',
  'ssotoken' => '/ssoToken=***',
  'refreshtoken' => '/refreshToken=***',
  'settingsprofile' => '/settingsprofile=Default',
  'deviceid' => '/deviceID=4a436adb-4b99-40a7-85b0-42e206f41286',
  'autoselectcharacter' => '/autoSelectCharacter:2119361891',
  'language' => '/language=en',
  'exp' => '1702390611',
  'tokenExpires' => '2023-12-12 16:16:51.000'
}    25218835
2023-12-12 14:06:52.055    app     info:    [AuthenticationMiddleware] User information updated
2023-12-12 14:06:52.056    app     info:    [client-queue] Started client from group startup    {
  product: 'eve-online',
  tenant: 'tranquility',
  characterId: 2119361891,
  profile: '',
  userId: 25218835
}
2023-12-12 14:06:52.136    app     info:    [quasar-events] Sent 'eve_launcher.electron.eve_client.GameClientStartRequested'
2023-12-12 14:06:52.137    app     info:    [quasar-events] Sent 'eve_launcher.electron.eve_client.TemporaryClientProcessAdded'
2023-12-12 14:06:52.581    app     info:    [client-manager] Found 'tranquility' client for '25218835' running:     {
  processId: 7784,
  createdDate: 1702390012059,
  userId: 25218835,
  characterId: 2119361891,
  profile: 'Default',
  dxVersion: 'dx12'
}
2023-12-12 14:06:52.678    app     info:    [quasar-events] Sent 'eve_launcher.electron.eve_client.TemporaryClientProcessMonitoringRetried'
2023-12-12 14:06:52.679    app     info:    [quasar-events] Sent 'eve_launcher.electron.eve_client.GameClientStarted'
2023-12-12 14:06:52.680    app     info:    [quasar-events] Sent 'eve_launcher.electron.eve_client.TemporaryClientProcessRemoved'
2023-12-12 14:06:53.071    app     info:    [client-queue] Queue has stopped running, no more clients pending startup.
2023-12-12 14:08:16.517    app     info:    [client-manager] 'tranquility' for EVE game client for '25218835' exited with no errors.
2023-12-12 14:08:16.531    app     info:    [server-manager] Starting refresh cycle for eve-online / Tranquility
2023-12-12 14:08:16.622    app     info:    [quasar-events] Sent 'eve_launcher.electron.eve_client.GameClientExited'
2023-12-12 14:08:16.680    app     info:    [server-manager] Previous Tranquility build: 2450028, current build: 2450028
2023-12-12 14:08:16.680    app     info:    [server-manager] Tranquility build is unchanged.
2023-12-12 14:08:16.686    app     info:    [server-manager] Ready to play!
2023-12-12 14:08:16.691    app     info:    [server-manager] Finished refresh cycle for Tranquility
2023-12-12 14:08:20.725    app     info:    [AuthenticationMiddleware] Character information for '16492377' on 'tranquility' was loaded recently, skipping refresh.
2023-12-12 14:08:20.725    app     info:    [AuthenticationMiddleware] Plex information for '16492377' on 'tranquility' was loaded recently, skipping refresh.
2023-12-12 14:08:22.347    app     info:    [AuthenticationMiddleware] Character information for '16492377' on 'tranquility' was loaded recently, skipping refresh.
2023-12-12 14:08:22.348    app     info:    [AuthenticationMiddleware] Plex information for '16492377' on 'tranquility' was loaded recently, skipping refresh.
2023-12-12 14:08:22.549    app     info:    [authentication] Token for '16492377' on 'tranquility' is expired, refresh is required
2023-12-12 14:08:22.549    app     info:    [authentication] Refreshing token for '16492377' on 'tranquility'
2023-12-12 14:08:22.676    app     info:    [authentication] Token for '16492377' on 'tranquility' has been successfully refreshed
2023-12-12 14:08:22.683    app     info:    [elg-events] Sending event    eve_launcher.electron.authentication.UserTokensRefreshed
2023-12-12 14:08:22.687    app     info:    [AuthenticationMiddleware] Character information for '16492377' on 'tranquility' was loaded recently, skipping refresh.
2023-12-12 14:08:22.687    app     info:    [AuthenticationMiddleware] Plex information for '16492377' on 'tranquility' was loaded recently, skipping refresh.
2023-12-12 14:08:22.699    app     info:    [AuthenticationMiddleware] User information updated
2023-12-12 14:08:28.511    app     info:    [client-queue] Queued client startup    {
  product: 'eve-online',
  tenant: 'tranquility',
  userId: 16492377,
  characterId: 2121174871,
  profile: ''
}
2023-12-12 14:08:28.513    app     info:    [elg-events] Sending event    eve_launcher.electron.eve_client.ClientQueued
2023-12-12 14:08:28.513    app     info:    [client-queue] No clients running for tranquility, copying files before starting a client
2023-12-12 14:08:28.516    app     info:    [elg-events] Sending event    eve_launcher.electron.eve_client.CopyingFilesStarted
2023-12-12 14:08:28.517    app     info:    [binary-copier] Copying 194 files (216 MB) to 'C:\CCP\EVE Online\tq'
2023-12-12 14:08:28.533    app     info:    [binary-copier] Removing old binaries
2023-12-12 14:08:28.569    app     info:    [binary-copier] Copying binaries from ResFiles
2023-12-12 14:08:28.933    app     info:    [binary-copier] Finished copying 194 files to 'C:\CCP\EVE Online\tq' in 0.418 seconds
2023-12-12 14:08:28.935    app     info:    [elg-events] Sending event    eve_launcher.electron.eve_client.CopyingFilesFinished
2023-12-12 14:08:28.939    app     info:    [client-manager] Starting EVE Online game client.    C:\CCP\EVE Online\tq\bin64\exefile.exe    Map(11) {
  'noconsole' => '/noconsole',
  'server' => '/server:tranquility.servers.eveonline.com',
  'triplatform' => '/triplatform=dx12',
  'ssotoken' => '/ssoToken=***',
  'refreshtoken' => '/refreshToken=***',
  'settingsprofile' => '/settingsprofile=Default',
  'deviceid' => '/deviceID=4a436adb-4b99-40a7-85b0-42e206f41286',
  'autoselectcharacter' => '/autoSelectCharacter:2121174871',
  'language' => '/language=en',
  'exp' => '1702390701',
  'tokenExpires' => '2023-12-12 16:18:21.000'
}    16492377
2023-12-12 14:08:28.971    app     info:    [client-queue] Started client from group startup    {
  product: 'eve-online',
  tenant: 'tranquility',
  characterId: 2121174871,
  profile: '',
  userId: 16492377
}
2023-12-12 14:08:29.053    app     info:    [quasar-events] Sent 'eve_launcher.electron.eve_client.GameClientStartRequested'
2023-12-12 14:08:29.053    app     info:    [quasar-events] Sent 'eve_launcher.electron.eve_client.TemporaryClientProcessAdded'
2023-12-12 14:08:29.482    app     info:    [client-manager] Found 'tranquility' client for '16492377' running:     {
  processId: 10172,
  createdDate: 1702390109009,
  userId: 16492377,
  characterId: 2121174871,
  profile: 'Default',
  dxVersion: 'dx12'
}
2023-12-12 14:08:29.583    app     info:    [quasar-events] Sent 'eve_launcher.electron.eve_client.TemporaryClientProcessMonitoringRetried'
2023-12-12 14:08:29.583    app     info:    [quasar-events] Sent 'eve_launcher.electron.eve_client.GameClientStarted'
2023-12-12 14:08:29.583    app     info:    [quasar-events] Sent 'eve_launcher.electron.eve_client.TemporaryClientProcessRemoved'
2023-12-12 14:08:29.991    app     info:    [client-queue] Queue has stopped running, no more clients pending startup.
2023-12-12 14:11:24.762    app     info:    [self-update] Checking for a launcher update...
2023-12-12 14:11:25.046    app     info:    [self-update] Currently running the latest launcher version. Scheduling update check in 5 minutes.
2023-12-12 14:11:53.437    app     info:    [client-manager] 'tranquility' for EVE game client for '16492377' exited with no errors.
2023-12-12 14:11:53.447    app     info:    [server-manager] Starting refresh cycle for eve-online / Tranquility
2023-12-12 14:11:53.553    app     info:    [quasar-events] Sent 'eve_launcher.electron.eve_client.GameClientExited'
2023-12-12 14:11:53.892    app     info:    [server-manager] Previous Tranquility build: 2450028, current build: 2450028
2023-12-12 14:11:53.893    app     info:    [server-manager] Tranquility build is unchanged.
2023-12-12 14:11:53.898    app     info:    [server-manager] Ready to play!
2023-12-12 14:11:53.902    app     info:    [server-manager] Finished refresh cycle for Tranquility
2023-12-12 14:11:54.312    app     info:    [ipc-requests] Handling requests in the background
2023-12-12 14:11:55.314    app     info:    [ipc-requests] No longer handling requests in the background
2023-12-12 14:12:08.722    app     info:    [AuthenticationMiddleware] Character information for '18034259' on 'tranquility' was loaded recently, skipping refresh.
2023-12-12 14:12:08.722    app     info:    [AuthenticationMiddleware] Plex information for '18034259' on 'tranquility' was loaded recently, skipping refresh.
2023-12-12 14:12:11.624    app     info:    [customer-information] Getting character information for '25218835' on 'tranquility'
2023-12-12 14:12:11.625    app     info:    [customer-information] Getting Omega status for '25218835' on 'tranquility'
2023-12-12 14:12:11.625    app     info:    [virtual-goods] Getting Plex status for '25218835' on 'tranquility'
2023-12-12 14:12:11.741    app     info:    [esi] Fetching character details for 2119361891, 2120347635
2023-12-12 14:12:11.797    app     info:    [virtual-goods] Fetched Plex status for '25218835' on 'tranquility'
2023-12-12 14:12:12.119    app     info:    [esi] Fetched 2 character details for 25218835
2023-12-12 14:12:15.440    app     info:    [AuthenticationMiddleware] Character information for '17525312' on 'tranquility' was loaded recently, skipping refresh.
2023-12-12 14:12:15.440    app     info:    [AuthenticationMiddleware] Plex information for '17525312' on 'tranquility' was loaded recently, skipping refresh.
2023-12-12 14:12:17.088    app     info:    [AuthenticationMiddleware] Character information for '2110311' on 'tranquility' was loaded recently, skipping refresh.
2023-12-12 14:12:17.088    app     info:    [AuthenticationMiddleware] Plex information for '2110311' on 'tranquility' was loaded recently, skipping refresh.
2023-12-12 14:12:18.136    app     info:    [AuthenticationMiddleware] Character information for '16492377' on 'tranquility' was loaded recently, skipping refresh.
2023-12-12 14:12:18.136    app     info:    [AuthenticationMiddleware] Plex information for '16492377' on 'tranquility' was loaded recently, skipping refresh.
2023-12-12 14:12:19.839    app     info:    [AuthenticationMiddleware] Character information for '18034259' on 'tranquility' was loaded recently, skipping refresh.
2023-12-12 14:12:19.839    app     info:    [AuthenticationMiddleware] Plex information for '18034259' on 'tranquility' was loaded recently, skipping refresh.
2023-12-12 14:12:20.879    app     info:    [AuthenticationMiddleware] Character information for '29280260' on 'tranquility' was loaded recently, skipping refresh.
2023-12-12 14:12:20.879    app     info:    [AuthenticationMiddleware] Plex information for '29280260' on 'tranquility' was loaded recently, skipping refresh.
2023-12-12 14:12:22.503    app     info:    [AuthenticationMiddleware] Character information for '29285645' on 'tranquility' was loaded recently, skipping refresh.
2023-12-12 14:12:22.503    app     info:    [AuthenticationMiddleware] Plex information for '29285645' on 'tranquility' was loaded recently, skipping refresh.
2023-12-12 14:12:23.207    app     info:    [AuthenticationMiddleware] Character information for '23622903' on 'tranquility' was loaded recently, skipping refresh.
2023-12-12 14:12:23.207    app     info:    [AuthenticationMiddleware] Plex information for '23622903' on 'tranquility' was loaded recently, skipping refresh.
2023-12-12 14:12:28.319    app     info:    [AuthenticationMiddleware] Character information for '23622903' on 'tranquility' was loaded recently, skipping refresh.
2023-12-12 14:12:28.320    app     info:    [AuthenticationMiddleware] Plex information for '23622903' on 'tranquility' was loaded recently, skipping refresh.
2023-12-12 14:12:29.375    app     info:    [client-queue] Queued client startup    {
  product: 'eve-online',
  tenant: 'tranquility',
  userId: 23622903,
  characterId: 2118248041,
  profile: ''
}
2023-12-12 14:12:29.377    app     info:    [elg-events] Sending event    eve_launcher.electron.eve_client.ClientQueued
2023-12-12 14:12:29.377    app     info:    [client-queue] No clients running for tranquility, copying files before starting a client
2023-12-12 14:12:29.381    app     info:    [elg-events] Sending event    eve_launcher.electron.eve_client.CopyingFilesStarted
2023-12-12 14:12:29.381    app     info:    [binary-copier] Copying 194 files (216 MB) to 'C:\CCP\EVE Online\tq'
2023-12-12 14:12:29.394    app     info:    [binary-copier] Removing old binaries
2023-12-12 14:12:29.426    app     info:    [binary-copier] Copying binaries from ResFiles
2023-12-12 14:12:29.788    app     info:    [binary-copier] Finished copying 194 files to 'C:\CCP\EVE Online\tq' in 0.409 seconds
2023-12-12 14:12:29.789    app     info:    [elg-events] Sending event    eve_launcher.electron.eve_client.CopyingFilesFinished
2023-12-12 14:12:29.793    app     info:    [authentication] Token for '23622903' on 'tranquility' is expired, refresh is required
2023-12-12 14:12:29.793    app     info:    [authentication] Refreshing token for '23622903' on 'tranquility'
2023-12-12 14:12:29.914    app     info:    [authentication] Token for '23622903' on 'tranquility' has been successfully refreshed
2023-12-12 14:12:29.916    app     info:    [elg-events] Sending event    eve_launcher.electron.authentication.UserTokensRefreshed
2023-12-12 14:12:29.917    app     info:    [AuthenticationMiddleware] Character information for '23622903' on 'tranquility' was loaded recently, skipping refresh.
2023-12-12 14:12:29.917    app     info:    [AuthenticationMiddleware] Plex information for '23622903' on 'tranquility' was loaded recently, skipping refresh.
2023-12-12 14:12:29.931    app     info:    [client-manager] Starting EVE Online game client.    C:\CCP\EVE Online\tq\bin64\exefile.exe    Map(11) {
  'noconsole' => '/noconsole',
  'server' => '/server:tranquility.servers.eveonline.com',
  'triplatform' => '/triplatform=dx12',
  'ssotoken' => '/ssoToken=***',
  'refreshtoken' => '/refreshToken=***',
  'settingsprofile' => '/settingsprofile=Default',
  'deviceid' => '/deviceID=4a436adb-4b99-40a7-85b0-42e206f41286',
  'autoselectcharacter' => '/autoSelectCharacter:2118248041',
  'language' => '/language=en',
  'exp' => '1702390949',
  'tokenExpires' => '2023-12-12 16:22:29.000'
}    23622903
2023-12-12 14:12:29.960    app     info:    [AuthenticationMiddleware] User information updated
2023-12-12 14:12:29.961    app     info:    [client-queue] Started client from group startup    {
  product: 'eve-online',
  tenant: 'tranquility',
  characterId: 2118248041,
  profile: '',
  userId: 23622903
}
2023-12-12 14:12:30.039    app     info:    [quasar-events] Sent 'eve_launcher.electron.eve_client.GameClientStartRequested'
2023-12-12 14:12:30.040    app     info:    [quasar-events] Sent 'eve_launcher.electron.eve_client.TemporaryClientProcessAdded'
2023-12-12 14:12:30.477    app     info:    [client-manager] Found 'tranquility' client for '23622903' running:     {
  processId: 5388,
  createdDate: 1702390349965,
  userId: 23622903,
  characterId: 2118248041,
  profile: 'Default',
  dxVersion: 'dx12'
}
2023-12-12 14:12:30.581    app     info:    [quasar-events] Sent 'eve_launcher.electron.eve_client.TemporaryClientProcessMonitoringRetried'
2023-12-12 14:12:30.581    app     info:    [quasar-events] Sent 'eve_launcher.electron.eve_client.GameClientStarted'
2023-12-12 14:12:30.581    app     info:    [quasar-events] Sent 'eve_launcher.electron.eve_client.TemporaryClientProcessRemoved'
2023-12-12 14:12:30.979    app     info:    [client-queue] Queue has stopped running, no more clients pending startup.
2023-12-12 14:15:15.971    app     info:    [client-manager] 'tranquility' for EVE game client for '23622903' exited with no errors.
2023-12-12 14:15:15.986    app     info:    [server-manager] Starting refresh cycle for eve-online / Tranquility
2023-12-12 14:15:16.077    app     info:    [quasar-events] Sent 'eve_launcher.electron.eve_client.GameClientExited'
2023-12-12 14:15:16.127    app     info:    [server-manager] Previous Tranquility build: 2450028, current build: 2450028
2023-12-12 14:15:16.128    app     info:    [server-manager] Tranquility build is unchanged.
2023-12-12 14:15:16.134    app     info:    [server-manager] Ready to play!
2023-12-12 14:15:16.138    app     info:    [server-manager] Finished refresh cycle for Tranquility
2023-12-12 14:15:21.512    app     info:    [AuthenticationMiddleware] Character information for '18034259' on 'tranquility' was loaded recently, skipping refresh.
2023-12-12 14:15:21.512    app     info:    [AuthenticationMiddleware] Plex information for '18034259' on 'tranquility' was loaded recently, skipping refresh.
2023-12-12 14:15:24.680    app     info:    [AuthenticationMiddleware] Character information for '18034259' on 'tranquility' was loaded recently, skipping refresh.
2023-12-12 14:15:24.681    app     info:    [AuthenticationMiddleware] Plex information for '18034259' on 'tranquility' was loaded recently, skipping refresh.
2023-12-12 14:15:24.883    app     info:    [authentication] Token for '18034259' on 'tranquility' is expired, refresh is required
2023-12-12 14:15:24.883    app     info:    [authentication] Refreshing token for '18034259' on 'tranquility'
2023-12-12 14:15:25.008    app     info:    [authentication] Token for '18034259' on 'tranquility' has been successfully refreshed
2023-12-12 14:15:25.016    app     info:    [elg-events] Sending event    eve_launcher.electron.authentication.UserTokensRefreshed
2023-12-12 14:15:25.020    app     info:    [AuthenticationMiddleware] Character information for '18034259' on 'tranquility' was loaded recently, skipping refresh.
2023-12-12 14:15:25.020    app     info:    [AuthenticationMiddleware] Plex information for '18034259' on 'tranquility' was loaded recently, skipping refresh.
2023-12-12 14:15:25.034    app     info:    [AuthenticationMiddleware] User information updated
2023-12-12 14:15:25.367    app     info:    [client-queue] Queued client startup    {
  product: 'eve-online',
  tenant: 'tranquility',
  userId: 18034259,
  characterId: 2115031890,
  profile: ''
}
2023-12-12 14:15:25.369    app     info:    [elg-events] Sending event    eve_launcher.electron.eve_client.ClientQueued
2023-12-12 14:15:25.369    app     info:    [client-queue] No clients running for tranquility, copying files before starting a client
2023-12-12 14:15:25.372    app     info:    [elg-events] Sending event    eve_launcher.electron.eve_client.CopyingFilesStarted
2023-12-12 14:15:25.372    app     info:    [binary-copier] Copying 194 files (216 MB) to 'C:\CCP\EVE Online\tq'
2023-12-12 14:15:25.386    app     info:    [binary-copier] Removing old binaries
2023-12-12 14:15:25.416    app     info:    [binary-copier] Copying binaries from ResFiles
2023-12-12 14:15:25.779    app     info:    [binary-copier] Finished copying 194 files to 'C:\CCP\EVE Online\tq' in 0.408 seconds
2023-12-12 14:15:25.780    app     info:    [elg-events] Sending event    eve_launcher.electron.eve_client.CopyingFilesFinished
2023-12-12 14:15:25.784    app     info:    [client-manager] Starting EVE Online game client.    C:\CCP\EVE Online\tq\bin64\exefile.exe    Map(11) {
  'noconsole' => '/noconsole',
  'server' => '/server:tranquility.servers.eveonline.com',
  'triplatform' => '/triplatform=dx12',
  'ssotoken' => '/ssoToken=***',
  'refreshtoken' => '/refreshToken=***',
  'settingsprofile' => '/settingsprofile=Default',
  'deviceid' => '/deviceID=4a436adb-4b99-40a7-85b0-42e206f41286',
  'autoselectcharacter' => '/autoSelectCharacter:2115031890',
  'language' => '/language=en',
  'exp' => '1702391124',
  'tokenExpires' => '2023-12-12 16:25:24.000'
}    18034259
2023-12-12 14:15:25.817    app     info:    [client-queue] Started client from group startup    {
  product: 'eve-online',
  tenant: 'tranquility',
  characterId: 2115031890,
  profile: '',
  userId: 18034259
}
2023-12-12 14:15:25.898    app     info:    [quasar-events] Sent 'eve_launcher.electron.eve_client.GameClientStartRequested'
2023-12-12 14:15:25.898    app     info:    [quasar-events] Sent 'eve_launcher.electron.eve_client.TemporaryClientProcessAdded'
2023-12-12 14:15:26.326    app     info:    [client-manager] Found 'tranquility' client for '18034259' running:     {
  processId: 11808,
  createdDate: 1702390525850,
  userId: 18034259,
  characterId: 2115031890,
  profile: 'Default',
  dxVersion: 'dx12'
}
2023-12-12 14:15:26.425    app     info:    [quasar-events] Sent 'eve_launcher.electron.eve_client.TemporaryClientProcessMonitoringRetried'
2023-12-12 14:15:26.426    app     info:    [quasar-events] Sent 'eve_launcher.electron.eve_client.GameClientStarted'
2023-12-12 14:15:26.426    app     info:    [quasar-events] Sent 'eve_launcher.electron.eve_client.TemporaryClientProcessRemoved'
2023-12-12 14:15:26.833    app     info:    [client-queue] Queue has stopped running, no more clients pending startup.
2023-12-12 14:16:25.056    app     info:    [self-update] Checking for a launcher update...
2023-12-12 14:16:25.362    app     info:    [self-update] Currently running the latest launcher version. Scheduling update check in 5 minutes.
2023-12-12 14:16:36.916    app     info:    [client-manager] 'tranquility' for EVE game client for '18034259' exited with no errors.
2023-12-12 14:16:36.930    app     info:    [server-manager] Starting refresh cycle for eve-online / Tranquility
2023-12-12 14:16:37.021    app     info:    [quasar-events] Sent 'eve_launcher.electron.eve_client.GameClientExited'
2023-12-12 14:16:37.165    app     info:    [server-manager] Previous Tranquility build: 2450028, current build: 2450028
2023-12-12 14:16:37.166    app     info:    [server-manager] Tranquility build is unchanged.
2023-12-12 14:16:37.171    app     info:    [server-manager] Ready to play!
2023-12-12 14:16:37.175    app     info:    [server-manager] Finished refresh cycle for Tranquility
2023-12-12 14:16:40.402    app     info:    [AuthenticationMiddleware] Character information for '23622903' on 'tranquility' was loaded recently, skipping refresh.
2023-12-12 14:16:40.402    app     info:    [AuthenticationMiddleware] Plex information for '23622903' on 'tranquility' was loaded recently, skipping refresh.
2023-12-12 14:16:42.216    app     info:    [AuthenticationMiddleware] Character information for '26239201' on 'tranquility' was loaded recently, skipping refresh.
2023-12-12 14:16:42.216    app     info:    [AuthenticationMiddleware] Plex information for '26239201' on 'tranquility' was loaded recently, skipping refresh.
2023-12-12 14:16:44.256    app     info:    [AuthenticationMiddleware] Character information for '25218835' on 'tranquility' was loaded recently, skipping refresh.
2023-12-12 14:16:44.256    app     info:    [AuthenticationMiddleware] Plex information for '25218835' on 'tranquility' was loaded recently, skipping refresh.
2023-12-12 14:16:45.934    app     info:    [AuthenticationMiddleware] Character information for '28182799' on 'tranquility' was loaded recently, skipping refresh.
2023-12-12 14:16:45.934    app     info:    [AuthenticationMiddleware] Plex information for '28182799' on 'tranquility' was loaded recently, skipping refresh.
2023-12-12 14:16:47.247    app     info:    [authentication] Token for '17525312' on 'tranquility' is expired, refresh is required
2023-12-12 14:16:47.247    app     info:    [authentication] Refreshing token for '17525312' on 'tranquility'
2023-12-12 14:16:47.381    app     info:    [authentication] Token for '17525312' on 'tranquility' has been successfully refreshed
2023-12-12 14:16:47.383    app     info:    [elg-events] Sending event    eve_launcher.electron.authentication.UserTokensRefreshed
2023-12-12 14:16:47.384    app     info:    [customer-information] Getting character information for '17525312' on 'tranquility'
2023-12-12 14:16:47.384    app     info:    [customer-information] Getting Omega status for '17525312' on 'tranquility'
2023-12-12 14:16:47.384    app     info:    [virtual-goods] Getting Plex status for '17525312' on 'tranquility'
2023-12-12 14:16:47.494    app     info:    [esi] Fetching character details for 2114656127, 2121178396
2023-12-12 14:16:47.603    app     info:    [virtual-goods] Fetched Plex status for '17525312' on 'tranquility'
2023-12-12 14:16:47.609    app     info:    [AuthenticationMiddleware] User information updated
2023-12-12 14:16:47.836    app     info:    [esi] Fetched 2 character details for 17525312
2023-12-12 14:16:49.760    app     info:    [AuthenticationMiddleware] Character information for '17525312' on 'tranquility' was loaded recently, skipping refresh.
2023-12-12 14:16:49.760    app     info:    [AuthenticationMiddleware] Plex information for '17525312' on 'tranquility' was loaded recently, skipping refresh.
2023-12-12 14:16:50.974    app     info:    [client-queue] Queued client startup    {
  product: 'eve-online',
  tenant: 'tranquility',
  userId: 17525312,
  characterId: 2114656127,
  profile: ''
}
2023-12-12 14:16:50.976    app     info:    [elg-events] Sending event    eve_launcher.electron.eve_client.ClientQueued
2023-12-12 14:16:50.976    app     info:    [client-queue] No clients running for tranquility, copying files before starting a client
2023-12-12 14:16:50.979    app     info:    [elg-events] Sending event    eve_launcher.electron.eve_client.CopyingFilesStarted
2023-12-12 14:16:50.980    app     info:    [binary-copier] Copying 194 files (216 MB) to 'C:\CCP\EVE Online\tq'
2023-12-12 14:16:50.995    app     info:    [binary-copier] Removing old binaries
2023-12-12 14:16:51.024    app     info:    [binary-copier] Copying binaries from ResFiles
2023-12-12 14:16:51.225    app     info:    [binary-copier] Finished copying 194 files to 'C:\CCP\EVE Online\tq' in 0.247 seconds
2023-12-12 14:16:51.227    app     info:    [elg-events] Sending event    eve_launcher.electron.eve_client.CopyingFilesFinished
2023-12-12 14:16:51.231    app     info:    [client-manager] Starting EVE Online game client.    C:\CCP\EVE Online\tq\bin64\exefile.exe    Map(11) {
  'noconsole' => '/noconsole',
  'server' => '/server:tranquility.servers.eveonline.com',
  'triplatform' => '/triplatform=dx12',
  'ssotoken' => '/ssoToken=***',
  'refreshtoken' => '/refreshToken=***',
  'settingsprofile' => '/settingsprofile=Default',
  'deviceid' => '/deviceID=4a436adb-4b99-40a7-85b0-42e206f41286',
  'autoselectcharacter' => '/autoSelectCharacter:2114656127',
  'language' => '/language=en',
  'exp' => '1702391206',
  'tokenExpires' => '2023-12-12 16:26:46.000'
}    17525312
2023-12-12 14:16:51.261    app     info:    [client-queue] Started client from group startup    {
  product: 'eve-online',
  tenant: 'tranquility',
  characterId: 2114656127,
  profile: '',
  userId: 17525312
}
2023-12-12 14:16:51.344    app     info:    [quasar-events] Sent 'eve_launcher.electron.eve_client.GameClientStartRequested'
2023-12-12 14:16:51.344    app     info:    [quasar-events] Sent 'eve_launcher.electron.eve_client.TemporaryClientProcessAdded'
2023-12-12 14:16:51.773    app     info:    [client-manager] Found 'tranquility' client for '17525312' running:     {
  processId: 7844,
  createdDate: 1702390611299,
  userId: 17525312,
  characterId: 2114656127,
  profile: 'Default',
  dxVersion: 'dx12'
}
2023-12-12 14:16:51.873    app     info:    [quasar-events] Sent 'eve_launcher.electron.eve_client.TemporaryClientProcessMonitoringRetried'
2023-12-12 14:16:51.873    app     info:    [quasar-events] Sent 'eve_launcher.electron.eve_client.GameClientStarted'
2023-12-12 14:16:51.873    app     info:    [quasar-events] Sent 'eve_launcher.electron.eve_client.TemporaryClientProcessRemoved'
2023-12-12 14:16:52.286    app     info:    [client-queue] Queue has stopped running, no more clients pending startup.
2023-12-12 14:17:45.344    app     info:    [client-manager] 'tranquility' for EVE game client for '17525312' exited with no errors.
2023-12-12 14:17:45.354    app     info:    [server-manager] Starting refresh cycle for eve-online / Tranquility
2023-12-12 14:17:45.461    app     info:    [quasar-events] Sent 'eve_launcher.electron.eve_client.GameClientExited'
2023-12-12 14:17:45.488    app     info:    [server-manager] Previous Tranquility build: 2450028, current build: 2450028
2023-12-12 14:17:45.489    app     info:    [server-manager] Tranquility build is unchanged.
2023-12-12 14:17:45.493    app     info:    [server-manager] Ready to play!
2023-12-12 14:17:45.497    app     info:    [server-manager] Finished refresh cycle for Tranquility
2023-12-12 14:17:47.706    app     info:    [AuthenticationMiddleware] Character information for '2110311' on 'tranquility' was loaded recently, skipping refresh.
2023-12-12 14:17:47.706    app     info:    [AuthenticationMiddleware] Plex information for '2110311' on 'tranquility' was loaded recently, skipping refresh.
2023-12-12 14:17:48.975    app     info:    [AuthenticationMiddleware] Character information for '2110311' on 'tranquility' was loaded recently, skipping refresh.
2023-12-12 14:17:48.975    app     info:    [AuthenticationMiddleware] Plex information for '2110311' on 'tranquility' was loaded recently, skipping refresh.
2023-12-12 14:17:49.166    app     info:    [authentication] Token for '2110311' on 'tranquility' is expired, refresh is required
2023-12-12 14:17:49.166    app     info:    [authentication] Refreshing token for '2110311' on 'tranquility'
2023-12-12 14:17:49.283    app     info:    [authentication] Token for '2110311' on 'tranquility' has been successfully refreshed
2023-12-12 14:17:49.285    app     info:    [elg-events] Sending event    eve_launcher.electron.authentication.UserTokensRefreshed
2023-12-12 14:17:49.286    app     info:    [AuthenticationMiddleware] Character information for '2110311' on 'tranquility' was loaded recently, skipping refresh.
2023-12-12 14:17:49.286    app     info:    [AuthenticationMiddleware] Plex information for '2110311' on 'tranquility' was loaded recently, skipping refresh.
2023-12-12 14:17:49.295    app     info:    [AuthenticationMiddleware] User information updated
2023-12-12 14:17:49.575    app     info:    [client-queue] Queued client startup    {
  product: 'eve-online',
  tenant: 'tranquility',
  userId: 2110311,
  characterId: 578564394,
  profile: ''
}
2023-12-12 14:17:49.577    app     info:    [elg-events] Sending event    eve_launcher.electron.eve_client.ClientQueued
2023-12-12 14:17:49.577    app     info:    [client-queue] No clients running for tranquility, copying files before starting a client
2023-12-12 14:17:49.581    app     info:    [elg-events] Sending event    eve_launcher.electron.eve_client.CopyingFilesStarted
2023-12-12 14:17:49.581    app     info:    [binary-copier] Copying 194 files (216 MB) to 'C:\CCP\EVE Online\tq'
2023-12-12 14:17:49.595    app     info:    [binary-copier] Removing old binaries
2023-12-12 14:17:49.624    app     info:    [binary-copier] Copying binaries from ResFiles
2023-12-12 14:17:49.777    app     info:    [binary-copier] Finished copying 194 files to 'C:\CCP\EVE Online\tq' in 0.198 seconds
2023-12-12 14:17:49.779    app     info:    [elg-events] Sending event    eve_launcher.electron.eve_client.CopyingFilesFinished
2023-12-12 14:17:49.784    app     info:    [client-manager] Starting EVE Online game client.    C:\CCP\EVE Online\tq\bin64\exefile.exe    Map(11) {
  'noconsole' => '/noconsole',
  'server' => '/server:tranquility.servers.eveonline.com',
  'triplatform' => '/triplatform=dx12',
  'ssotoken' => '/ssoToken=***',
  'refreshtoken' => '/refreshToken=***',
  'settingsprofile' => '/settingsprofile=Default',
  'deviceid' => '/deviceID=4a436adb-4b99-40a7-85b0-42e206f41286',
  'autoselectcharacter' => '/autoSelectCharacter:578564394',
  'language' => '/language=en',
  'exp' => '1702391268',
  'tokenExpires' => '2023-12-12 16:27:48.000'
}    2110311
2023-12-12 14:17:49.820    app     info:    [client-queue] Started client from group startup    {
  product: 'eve-online',
  tenant: 'tranquility',
  characterId: 578564394,
  profile: '',
  userId: 2110311
}
2023-12-12 14:17:49.891    app     info:    [quasar-events] Sent 'eve_launcher.electron.eve_client.GameClientStartRequested'
2023-12-12 14:17:49.891    app     info:    [quasar-events] Sent 'eve_launcher.electron.eve_client.TemporaryClientProcessAdded'
2023-12-12 14:17:50.336    app     info:    [client-manager] Found 'tranquility' client for '2110311' running:     {
  processId: 10536,
  createdDate: 1702390669874,
  userId: 2110311,
  characterId: 578564394,
  profile: 'Default',
  dxVersion: 'dx12'
}
2023-12-12 14:17:50.437    app     info:    [quasar-events] Sent 'eve_launcher.electron.eve_client.TemporaryClientProcessMonitoringRetried'
2023-12-12 14:17:50.437    app     info:    [quasar-events] Sent 'eve_launcher.electron.eve_client.GameClientStarted'
2023-12-12 14:17:50.437    app     info:    [quasar-events] Sent 'eve_launcher.electron.eve_client.TemporaryClientProcessRemoved'
2023-12-12 14:17:50.835    app     info:    [client-queue] Queue has stopped running, no more clients pending startup.
2023-12-12 14:18:09.468    app     info:    [main-window] Main window minimized to tray    { windowId: 2 }
2023-12-12 14:18:09.486    app     info:    [main-window] Sent notification that the application is minimized to tray    { windowId: 2 }
2023-12-12 14:18:09.494    app     info:    [ipc-requests] Handling requests in the background
2023-12-12 14:18:10.506    app     info:    [ipc-requests] No longer handling requests in the background
2023-12-12 14:19:15.177    app     info:    [client-manager] 'tranquility' for EVE game client for '2110311' exited with no errors.
2023-12-12 14:19:15.187    app     info:    [server-manager] Starting refresh cycle for eve-online / Tranquility
2023-12-12 14:19:15.293    app     info:    [quasar-events] Sent 'eve_launcher.electron.eve_client.GameClientExited'
2023-12-12 14:19:15.332    app     info:    [server-manager] Previous Tranquility build: 2450028, current build: 2450028
2023-12-12 14:19:15.332    app     info:    [server-manager] Tranquility build is unchanged.
2023-12-12 14:19:15.338    app     info:    [server-manager] Ready to play!
2023-12-12 14:19:15.341    app     info:    [server-manager] Finished refresh cycle for Tranquility
2023-12-12 14:19:22.727    app     info:    Second instance    [
  'C:\\Users\\Dmytro\\AppData\\Local\\eve-online\\app-1.0.2\\eve-online.exe',
  '--allow-file-access-from-files',
  '--secure-schemes',
  '--bypasscsp-schemes=sentry-ipc',
  '--cors-schemes=sentry-ipc',
  '--fetch-schemes=sentry-ipc',
  '--service-worker-schemes',
  '--standard-schemes',
  '--streaming-schemes'
]
2023-12-12 14:19:22.733    app     info:    [tray] Main window restored from second instance    { windowId: 2 }
2023-12-12 14:19:38.168    app     info:    [AuthenticationMiddleware] Character information for '23622903' on 'tranquility' was loaded recently, skipping refresh.
2023-12-12 14:19:38.168    app     info:    [AuthenticationMiddleware] Plex information for '23622903' on 'tranquility' was loaded recently, skipping refresh.
2023-12-12 14:19:40.992    app     info:    [AuthenticationMiddleware] Character information for '23622903' on 'tranquility' was loaded recently, skipping refresh.
2023-12-12 14:19:40.992    app     info:    [AuthenticationMiddleware] Plex information for '23622903' on 'tranquility' was loaded recently, skipping refresh.
2023-12-12 14:19:43.831    app     info:    [AuthenticationMiddleware] Character information for '29285645' on 'tranquility' was loaded recently, skipping refresh.
2023-12-12 14:19:43.831    app     info:    [AuthenticationMiddleware] Plex information for '29285645' on 'tranquility' was loaded recently, skipping refresh.
2023-12-12 14:19:45.991    app     info:    [AuthenticationMiddleware] Character information for '23622903' on 'tranquility' was loaded recently, skipping refresh.
2023-12-12 14:19:45.991    app     info:    [AuthenticationMiddleware] Plex information for '23622903' on 'tranquility' was loaded recently, skipping refresh.
2023-12-12 14:19:51.767    app     info:    [AuthenticationMiddleware] Character information for '18034259' on 'tranquility' was loaded recently, skipping refresh.
2023-12-12 14:19:51.768    app     info:    [AuthenticationMiddleware] Plex information for '18034259' on 'tranquility' was loaded recently, skipping refresh.
2023-12-12 14:19:53.183    app     info:    [AuthenticationMiddleware] Character information for '16492377' on 'tranquility' was loaded recently, skipping refresh.
2023-12-12 14:19:53.183    app     info:    [AuthenticationMiddleware] Plex information for '16492377' on 'tranquility' was loaded recently, skipping refresh.
2023-12-12 14:19:56.158    app     info:    [AuthenticationMiddleware] Character information for '16492377' on 'tranquility' was loaded recently, skipping refresh.
2023-12-12 14:19:56.159    app     info:    [AuthenticationMiddleware] Plex information for '16492377' on 'tranquility' was loaded recently, skipping refresh.
2023-12-12 14:19:57.782    app     info:    [client-queue] Queued client startup    {
  product: 'eve-online',
  tenant: 'tranquility',
  userId: 16492377,
  characterId: 2113875139,
  profile: ''
}
2023-12-12 14:19:57.784    app     info:    [elg-events] Sending event    eve_launcher.electron.eve_client.ClientQueued
2023-12-12 14:19:57.784    app     info:    [client-queue] No clients running for tranquility, copying files before starting a client
2023-12-12 14:19:57.788    app     info:    [elg-events] Sending event    eve_launcher.electron.eve_client.CopyingFilesStarted
2023-12-12 14:19:57.788    app     info:    [binary-copier] Copying 194 files (216 MB) to 'C:\CCP\EVE Online\tq'
2023-12-12 14:19:57.804    app     info:    [binary-copier] Removing old binaries
2023-12-12 14:19:57.832    app     info:    [binary-copier] Copying binaries from ResFiles
2023-12-12 14:19:58.199    app     info:    [binary-copier] Finished copying 194 files to 'C:\CCP\EVE Online\tq' in 0.412 seconds
2023-12-12 14:19:58.200    app     info:    [elg-events] Sending event    eve_launcher.electron.eve_client.CopyingFilesFinished
2023-12-12 14:19:58.204    app     info:    [authentication] Token for '16492377' on 'tranquility' is expired, refresh is required
2023-12-12 14:19:58.204    app     info:    [authentication] Refreshing token for '16492377' on 'tranquility'
2023-12-12 14:19:58.298    app     info:    [authentication] Token for '16492377' on 'tranquility' has been successfully refreshed
2023-12-12 14:19:58.299    app     info:    [elg-events] Sending event    eve_launcher.electron.authentication.UserTokensRefreshed
2023-12-12 14:19:58.300    app     info:    [AuthenticationMiddleware] Character information for '16492377' on 'tranquility' was loaded recently, skipping refresh.
2023-12-12 14:19:58.300    app     info:    [AuthenticationMiddleware] Plex information for '16492377' on 'tranquility' was loaded recently, skipping refresh.
2023-12-12 14:19:58.309    app     info:    [client-manager] Starting EVE Online game client.    C:\CCP\EVE Online\tq\bin64\exefile.exe    Map(11) {
  'noconsole' => '/noconsole',
  'server' => '/server:tranquility.servers.eveonline.com',
  'triplatform' => '/triplatform=dx12',
  'ssotoken' => '/ssoToken=***',
  'refreshtoken' => '/refreshToken=***',
  'settingsprofile' => '/settingsprofile=Default',
  'deviceid' => '/deviceID=4a436adb-4b99-40a7-85b0-42e206f41286',
  'autoselectcharacter' => '/autoSelectCharacter:2113875139',
  'language' => '/language=en',
  'exp' => '1702391397',
  'tokenExpires' => '2023-12-12 16:29:57.000'
}    16492377
2023-12-12 14:19:58.341    app     info:    [AuthenticationMiddleware] User information updated
2023-12-12 14:19:58.341    app     info:    [client-queue] Started client from group startup    {
  product: 'eve-online',
  tenant: 'tranquility',
  characterId: 2113875139,
  profile: '',
  userId: 16492377
}
2023-12-12 14:19:58.412    app     info:    [quasar-events] Sent 'eve_launcher.electron.eve_client.GameClientStartRequested'
2023-12-12 14:19:58.413    app     info:    [quasar-events] Sent 'eve_launcher.electron.eve_client.TemporaryClientProcessAdded'
2023-12-12 14:19:58.854    app     info:    [client-manager] Found 'tranquility' client for '16492377' running:     {
  processId: 2488,
  createdDate: 1702390798344,
  userId: 16492377,
  characterId: 2113875139,
  profile: 'Default',
  dxVersion: 'dx12'
}
2023-12-12 14:19:58.957    app     info:    [quasar-events] Sent 'eve_launcher.electron.eve_client.TemporaryClientProcessMonitoringRetried'
2023-12-12 14:19:58.957    app     info:    [quasar-events] Sent 'eve_launcher.electron.eve_client.GameClientStarted'
2023-12-12 14:19:58.958    app     info:    [quasar-events] Sent 'eve_launcher.electron.eve_client.TemporaryClientProcessRemoved'
2023-12-12 14:19:59.363    app     info:    [client-queue] Queue has stopped running, no more clients pending startup.
2023-12-12 14:21:25.366    app     info:    [self-update] Checking for a launcher update...
2023-12-12 14:21:25.693    app     info:    [self-update] Currently running the latest launcher version. Scheduling update check in 5 minutes.
2023-12-12 14:24:15.344    app     info:    [server-manager] Starting refresh cycle for eve-online / Tranquility
2023-12-12 14:24:15.475    app     info:    [server-manager] Previous Tranquility build: 2450028, current build: 2450028
2023-12-12 14:24:15.476    app     info:    [server-manager] Tranquility build is unchanged.
2023-12-12 14:24:15.480    app     info:    [server-manager] Ready to play!
2023-12-12 14:24:15.483    app     info:    [server-manager] Finished refresh cycle for Tranquility
2023-12-12 14:25:21.552    app     info:    [client-manager] 'tranquility' for EVE game client for '16492377' exited with no errors.
2023-12-12 14:25:21.560    app     info:    [server-manager] Starting refresh cycle for eve-online / Tranquility
2023-12-12 14:25:21.656    app     info:    [quasar-events] Sent 'eve_launcher.electron.eve_client.GameClientExited'
2023-12-12 14:25:21.686    app     info:    [server-manager] Previous Tranquility build: 2450028, current build: 2450028
2023-12-12 14:25:21.686    app     info:    [server-manager] Tranquility build is unchanged.
2023-12-12 14:25:21.691    app     info:    [server-manager] Ready to play!
2023-12-12 14:25:21.694    app     info:    [server-manager] Finished refresh cycle for Tranquility
2023-12-12 14:26:25.701    app     info:    [self-update] Checking for a launcher update...
2023-12-12 14:26:26.115    app     info:    [elg-events] Sending event    eve_launcher.electron.application.LauncherUpdateFound
2023-12-12 14:26:26.115    app     info:    [self-update] A new launcher version is available, the update is being downloaded.
2023-12-12 14:27:00.773    app     info:    Second instance    [
  'C:\\Users\\Dmytro\\AppData\\Local\\eve-online\\app-1.1.0\\eve-online.exe',
  '--squirrel-updated',
  '--allow-file-access-from-files',
  '--secure-schemes',
  '--bypasscsp-schemes=sentry-ipc',
  '--cors-schemes=sentry-ipc',
  '--fetch-schemes=sentry-ipc',
  '--service-worker-schemes',
  '--standard-schemes',
  '--streaming-schemes',
  '1.1.0'
]
2023-12-12 14:27:00.775    app     info:    [elg-events] Sending event    eve_launcher.electron.application.SquirrelUpdated
2023-12-12 14:27:03.748    app     info:    Second instance    [
  'C:\\Users\\Dmytro\\AppData\\Local\\eve-online\\app-1.0.0\\eve-online.exe',
  '--squirrel-obsolete',
  '--allow-file-access-from-files',
  '--secure-schemes',
  '--bypasscsp-schemes=sentry-ipc',
  '--cors-schemes=sentry-ipc',
  '--fetch-schemes=sentry-ipc',
  '--service-worker-schemes',
  '--standard-schemes',
  '--streaming-schemes',
  '1.0.0'
]
2023-12-12 14:27:13.499    app     info:    [self-update] Downloaded new launcher (1.1.0) that was released on Tue Dec 12 2023 16:27:13 GMT+0200 (Eastern European Standard Time).
2023-12-12 14:27:13.501    app     info:    [elg-events] Sending event    eve_launcher.electron.application.LauncherUpdateDownloaded
2023-12-12 14:28:57.980    app     info:    [ipc-requests] Application requested a restart
2023-12-12 14:28:57.982    app     info:    [ipc-requests] An update is available, quitting and starting up using the new version
2023-12-12 14:28:58.026    app     info:    Application quitting. Cleanup needed: true
2023-12-12 14:28:58.028    app     info:    [elg-events] Sending event    eve_launcher.electron.application.LauncherShutdown
2023-12-12 14:28:58.029    app     info:    app.quit called, but we are still sending ELG events.
2023-12-12 14:29:00.042    app     info:    [elg-events] Launcher is quitting, ELG could not send 10 events because of timeout
2023-12-12 14:29:00.043    app     info:    ELG stream closed, quitting.
2023-12-12 14:29:00.043    app     info:    [main-window] Main window closing instead of minimizing to tray    { windowId: 2 }
2023-12-12 14:29:00.043    app     info:    [main-window] Main window closing    { windowId: 2 }
2023-12-12 14:29:00.054    app     info:    [ipc-requests] Handling requests in the background
2023-12-12 14:29:00.065    app     info:    Application closed    0
