2023-12-28 15:55:37.900    app     info:    Startup arguments    []
2023-12-28 15:55:37.905    app     info:    [self-update] Starting automatic update checks
2023-12-28 15:55:37.906    app     info:    [self-update] Waiting for update feed before starting update checks
2023-12-28 15:55:37.908    app     info:    [preload] High DPI scaling enabled by settings
2023-12-28 15:55:38.044    app     info:    [i18next] Changed language    en
2023-12-28 15:55:38.157    app     info:    [authentication] Token for '16492377' on 'tranquility' is expired, refresh is required
2023-12-28 15:55:38.157    app     info:    [authentication] Refreshing token for '16492377' on 'tranquility'
2023-12-28 15:55:38.158    app     info:    [authentication] Token for '17525312' on 'tranquility' is expired, refresh is required
2023-12-28 15:55:38.158    app     info:    [authentication] Refreshing token for '17525312' on 'tranquility'
2023-12-28 15:55:38.158    app     info:    [authentication] Token for '25218835' on 'tranquility' is expired, refresh is required
2023-12-28 15:55:38.159    app     info:    [authentication] Refreshing token for '25218835' on 'tranquility'
2023-12-28 15:55:38.159    app     info:    [authentication] Token for '29280260' on 'tranquility' is expired, refresh is required
2023-12-28 15:55:38.159    app     info:    [authentication] Refreshing token for '29280260' on 'tranquility'
2023-12-28 15:55:38.160    app     info:    [authentication] Token for '29285645' on 'tranquility' is expired, refresh is required
2023-12-28 15:55:38.160    app     info:    [authentication] Refreshing token for '29285645' on 'tranquility'
2023-12-28 15:55:38.160    app     info:    [authentication] Token for '18034259' on 'tranquility' is expired, refresh is required
2023-12-28 15:55:38.161    app     info:    [authentication] Refreshing token for '18034259' on 'tranquility'
2023-12-28 15:55:38.161    app     info:    [authentication] Token for '28182799' on 'tranquility' is expired, refresh is required
2023-12-28 15:55:38.161    app     info:    [authentication] Refreshing token for '28182799' on 'tranquility'
2023-12-28 15:55:38.162    app     info:    [authentication] Token for '2110311' on 'tranquility' is expired, refresh is required
2023-12-28 15:55:38.162    app     info:    [authentication] Refreshing token for '2110311' on 'tranquility'
2023-12-28 15:55:38.163    app     info:    [authentication] Token for '23622903' on 'tranquility' is expired, refresh is required
2023-12-28 15:55:38.163    app     info:    [authentication] Refreshing token for '23622903' on 'tranquility'
2023-12-28 15:55:38.163    app     info:    [authentication] Token for '26239201' on 'tranquility' is expired, refresh is required
2023-12-28 15:55:38.163    app     info:    [authentication] Refreshing token for '26239201' on 'tranquility'
2023-12-28 15:55:38.164    app     info:    [authentication] Token for '18922386' on 'tranquility' is expired, refresh is required
2023-12-28 15:55:38.164    app     info:    [authentication] Refreshing token for '18922386' on 'tranquility'
2023-12-28 15:55:38.164    app     info:    [authentication] Token for '18000247' on 'tranquility' is expired, refresh is required
2023-12-28 15:55:38.164    app     info:    [authentication] Refreshing token for '18000247' on 'tranquility'
2023-12-28 15:55:38.165    app     info:    [authentication] Token for '13595732' on 'tranquility' is expired, refresh is required
2023-12-28 15:55:38.165    app     info:    [authentication] Refreshing token for '13595732' on 'tranquility'
2023-12-28 15:55:38.165    app     info:    [authentication] Token for '15136212' on 'tranquility' is expired, refresh is required
2023-12-28 15:55:38.165    app     info:    [authentication] Refreshing token for '15136212' on 'tranquility'
2023-12-28 15:55:38.165    app     info:    [device-id] Device id found in state
2023-12-28 15:55:38.172    app     info:    [analytics] Application name:    EVE Online
2023-12-28 15:55:38.172    app     info:    [analytics] Application version:    1.2.0
2023-12-28 15:55:38.173    app     info:    [analytics] Domain    undefined
2023-12-28 15:55:38.173    app     info:    [analytics] Working directory    C:\Users\REDACTED\AppData\Local\eve-online\app-1.2.0
2023-12-28 15:55:38.173    app     info:    [analytics] Username contains UTF8?    false
2023-12-28 15:55:38.966    app     info:    [elg-events] Sending event    eve_launcher.electron.application.PdmLoaded
2023-12-28 15:55:38.969    app     info:    [analytics] Operating system    {
  type: 'Windows',
  name: 'Windows 10 Education',
  version: '10.0 (19045)'
}
2023-12-28 15:55:38.970    app     info:    [analytics] Encryption available:    true
2023-12-28 15:55:38.970    app     info:    [analytics] Machine UUID    4E9F516C-5B97-47C6-8C67-E93D943CB7C8
2023-12-28 15:55:38.971    app     info:    [analytics] PDM Version    2.1.4
2023-12-28 15:55:38.971    app     info:    [analytics] Release channel    release
2023-12-28 15:55:38.975    app     info:    [initializers] Shared cache directory set to    C:\CCP\EVE Online
2023-12-28 15:55:39.001    app     info:    [initializers] Shared cache drive free space: 62,41 GiB / 465,75 GiB
2023-12-28 15:55:39.011    app     info:    [elg-events] Sending event    eve_launcher.electron.application.LauncherStarted
2023-12-28 15:55:39.015    app     info:    [elg-events] Sending event    eve_launcher.electron.application.CoreDataLoaded
2023-12-28 15:55:39.015    app     info:    [cdn-trace] Fetching CDN trace data from https://binaries.eveonline.com/cdn-cgi/trace
2023-12-28 15:55:39.032    app     info:    [feature-flags] Initializing feature flag client
2023-12-28 15:55:39.149    app     info:    [first-run] First application run was at 2023-11-27T10:29:20.506Z
2023-12-28 15:55:39.209    app     info:    [cache-protocol] Found 5 entries to remove
2023-12-28 15:55:39.214    app     info:    [cache-protocol] Cleaned 5 entries
2023-12-28 15:55:39.214    app     info:    [cache-protocol] Checking 5 folders to clean
2023-12-28 15:55:39.241    app     info:    [server-manager] Starting refresh cycle for eve-online / Tranquility
2023-12-28 15:55:39.278    app     info:    [customer-information] Agreements have been updated
2023-12-28 15:55:39.280    app     info:    info: [LaunchDarkly] LaunchDarkly client initialized    []
2023-12-28 15:55:39.280    app     info:    info: [LaunchDarkly] Opening stream connection to https://clientstream.launchdarkly.com/eval/64c3d12e27a4b11365012d39/eyJrZXkiOiI0YTQzNmFkYi00Yjk5LTQwYTctODViMC00MmUyMDZmNDEyODYiLCJraW5kIjoidXNlciIsImN1c3RvbSI6eyJpc0ZpcnN0UnVuIjpmYWxzZSwiZGF5c1NpbmNlRmlyc3RSdW4iOjMxLCJsYW5ndWFnZSI6ImVuIiwiYXBwbGljYXRpb24iOiJldmUtb25saW5lIiwidmVyc2lvbiI6IjEuMi4wIiwicGxhdGZvcm0iOiJ3aW5kb3dzIiwib3NWZXJzaW9uRGVwcmVjYXRlZCI6ZmFsc2UsInVzZXJJZHMiOlsxNjQ5MjM3NywyNTIxODgzNSwyMTEwMzExLDI5Mjg1NjQ1XSwib21lZ2FDb3VudCI6MCwiYWxwaGFDb3VudCI6MTQsImFjY291bnRDb3VudCI6MTQsIm9sZGVzdEFjY291bnRBZ2UiOjYwMTQsInlvdW5nZXN0QWNjb3VudEFnZSI6Mjd9fQ?withReasons=true    []
2023-12-28 15:55:39.281    app     info:    [feature-flags] Client 4a436adb... ready, fetching flags
2023-12-28 15:55:39.286    app     info:    [feature-flags] Received 18 flags for client 4a436adb...
2023-12-28 15:55:39.286    app     info:    [feature-flags] Client initialized with key 4a436adb...
2023-12-28 15:55:39.288    app     info:    [self-update] Update feed set, starting update checks
2023-12-28 15:55:39.288    app     info:    [self-update] Starting automatic update checks
2023-12-28 15:55:39.288    app     info:    [self-update] Checking for a launcher update...
2023-12-28 15:55:39.328    app     info:    [customer-information] Agreements have been updated
2023-12-28 15:55:39.393    app     info:    [authentication] Token for '13595732' on 'tranquility' has been successfully refreshed
2023-12-28 15:55:39.395    app     info:    [elg-events] Sending event    eve_launcher.electron.authentication.UserTokensRefreshed
2023-12-28 15:55:39.398    app     info:    [customer-information] Getting character information for '13595732' on 'tranquility'
2023-12-28 15:55:39.398    app     info:    [customer-information] Getting Omega status for '13595732' on 'tranquility'
2023-12-28 15:55:39.398    app     info:    [virtual-goods] Getting Plex status for '13595732' on 'tranquility'
2023-12-28 15:55:39.412    app     info:    [authentication] Token for '23622903' on 'tranquility' has been successfully refreshed
2023-12-28 15:55:39.415    app     info:    [elg-events] Sending event    eve_launcher.electron.authentication.UserTokensRefreshed
2023-12-28 15:55:39.416    app     info:    [customer-information] Getting character information for '23622903' on 'tranquility'
2023-12-28 15:55:39.416    app     info:    [customer-information] Getting Omega status for '23622903' on 'tranquility'
2023-12-28 15:55:39.416    app     info:    [virtual-goods] Getting Plex status for '23622903' on 'tranquility'
2023-12-28 15:55:39.429    app     info:    [authentication] Token for '28182799' on 'tranquility' has been successfully refreshed
2023-12-28 15:55:39.432    app     info:    [elg-events] Sending event    eve_launcher.electron.authentication.UserTokensRefreshed
2023-12-28 15:55:39.434    app     info:    [customer-information] Getting character information for '28182799' on 'tranquility'
2023-12-28 15:55:39.434    app     info:    [customer-information] Getting Omega status for '28182799' on 'tranquility'
2023-12-28 15:55:39.435    app     info:    [virtual-goods] Getting Plex status for '28182799' on 'tranquility'
2023-12-28 15:55:39.455    app     info:    [authentication] Token for '18034259' on 'tranquility' has been successfully refreshed
2023-12-28 15:55:39.457    app     info:    [elg-events] Sending event    eve_launcher.electron.authentication.UserTokensRefreshed
2023-12-28 15:55:39.459    app     info:    [customer-information] Getting character information for '18034259' on 'tranquility'
2023-12-28 15:55:39.459    app     info:    [customer-information] Getting Omega status for '18034259' on 'tranquility'
2023-12-28 15:55:39.459    app     info:    [virtual-goods] Getting Plex status for '18034259' on 'tranquility'
2023-12-28 15:55:39.481    app     info:    [authentication] Token for '15136212' on 'tranquility' has been successfully refreshed
2023-12-28 15:55:39.483    app     info:    [elg-events] Sending event    eve_launcher.electron.authentication.UserTokensRefreshed
2023-12-28 15:55:39.485    app     info:    [customer-information] Getting character information for '15136212' on 'tranquility'
2023-12-28 15:55:39.485    app     info:    [customer-information] Getting Omega status for '15136212' on 'tranquility'
2023-12-28 15:55:39.485    app     info:    [virtual-goods] Getting Plex status for '15136212' on 'tranquility'
2023-12-28 15:55:39.499    app     info:    [authentication] Token for '29280260' on 'tranquility' has been successfully refreshed
2023-12-28 15:55:39.502    app     info:    [elg-events] Sending event    eve_launcher.electron.authentication.UserTokensRefreshed
2023-12-28 15:55:39.504    app     info:    [customer-information] Getting character information for '29280260' on 'tranquility'
2023-12-28 15:55:39.504    app     info:    [customer-information] Getting Omega status for '29280260' on 'tranquility'
2023-12-28 15:55:39.504    app     info:    [virtual-goods] Getting Plex status for '29280260' on 'tranquility'
2023-12-28 15:55:39.529    app     info:    [authentication] Token for '26239201' on 'tranquility' has been successfully refreshed
2023-12-28 15:55:39.531    app     info:    [elg-events] Sending event    eve_launcher.electron.authentication.UserTokensRefreshed
2023-12-28 15:55:39.532    app     info:    [customer-information] Getting character information for '26239201' on 'tranquility'
2023-12-28 15:55:39.532    app     info:    [customer-information] Getting Omega status for '26239201' on 'tranquility'
2023-12-28 15:55:39.533    app     info:    [virtual-goods] Getting Plex status for '26239201' on 'tranquility'
2023-12-28 15:55:39.548    app     info:    [authentication] Token for '17525312' on 'tranquility' has been successfully refreshed
2023-12-28 15:55:39.550    app     info:    [elg-events] Sending event    eve_launcher.electron.authentication.UserTokensRefreshed
2023-12-28 15:55:39.552    app     info:    [customer-information] Getting character information for '17525312' on 'tranquility'
2023-12-28 15:55:39.552    app     info:    [customer-information] Getting Omega status for '17525312' on 'tranquility'
2023-12-28 15:55:39.552    app     info:    [virtual-goods] Getting Plex status for '17525312' on 'tranquility'
2023-12-28 15:55:39.571    app     info:    [authentication] Token for '18922386' on 'tranquility' has been successfully refreshed
2023-12-28 15:55:39.572    app     info:    [elg-events] Sending event    eve_launcher.electron.authentication.UserTokensRefreshed
2023-12-28 15:55:39.574    app     info:    [customer-information] Getting character information for '18922386' on 'tranquility'
2023-12-28 15:55:39.574    app     info:    [customer-information] Getting Omega status for '18922386' on 'tranquility'
2023-12-28 15:55:39.574    app     info:    [virtual-goods] Getting Plex status for '18922386' on 'tranquility'
2023-12-28 15:55:39.592    app     info:    [authentication] Token for '16492377' on 'tranquility' has been successfully refreshed
2023-12-28 15:55:39.594    app     info:    [elg-events] Sending event    eve_launcher.electron.authentication.UserTokensRefreshed
2023-12-28 15:55:39.596    app     info:    [customer-information] Getting character information for '16492377' on 'tranquility'
2023-12-28 15:55:39.596    app     info:    [customer-information] Getting Omega status for '16492377' on 'tranquility'
2023-12-28 15:55:39.597    app     info:    [virtual-goods] Getting Plex status for '16492377' on 'tranquility'
2023-12-28 15:55:39.608    app     info:    [authentication] Token for '25218835' on 'tranquility' has been successfully refreshed
2023-12-28 15:55:39.610    app     info:    [elg-events] Sending event    eve_launcher.electron.authentication.UserTokensRefreshed
2023-12-28 15:55:39.612    app     info:    [customer-information] Getting character information for '25218835' on 'tranquility'
2023-12-28 15:55:39.613    app     info:    [customer-information] Getting Omega status for '25218835' on 'tranquility'
2023-12-28 15:55:39.613    app     info:    [virtual-goods] Getting Plex status for '25218835' on 'tranquility'
2023-12-28 15:55:39.628    app     info:    [authentication] Token for '18000247' on 'tranquility' has been successfully refreshed
2023-12-28 15:55:39.630    app     info:    [elg-events] Sending event    eve_launcher.electron.authentication.UserTokensRefreshed
2023-12-28 15:55:39.632    app     info:    [customer-information] Getting character information for '18000247' on 'tranquility'
2023-12-28 15:55:39.632    app     info:    [customer-information] Getting Omega status for '18000247' on 'tranquility'
2023-12-28 15:55:39.633    app     info:    [virtual-goods] Getting Plex status for '18000247' on 'tranquility'
2023-12-28 15:55:39.645    app     info:    [authentication] Token for '2110311' on 'tranquility' has been successfully refreshed
2023-12-28 15:55:39.647    app     info:    [elg-events] Sending event    eve_launcher.electron.authentication.UserTokensRefreshed
2023-12-28 15:55:39.649    app     info:    [customer-information] Getting character information for '2110311' on 'tranquility'
2023-12-28 15:55:39.650    app     info:    [customer-information] Getting Omega status for '2110311' on 'tranquility'
2023-12-28 15:55:39.650    app     info:    [virtual-goods] Getting Plex status for '2110311' on 'tranquility'
2023-12-28 15:55:39.664    app     info:    [authentication] Token for '29285645' on 'tranquility' has been successfully refreshed
2023-12-28 15:55:39.666    app     info:    [elg-events] Sending event    eve_launcher.electron.authentication.UserTokensRefreshed
2023-12-28 15:55:39.667    app     info:    [customer-information] Getting character information for '29285645' on 'tranquility'
2023-12-28 15:55:39.668    app     info:    [customer-information] Getting Omega status for '29285645' on 'tranquility'
2023-12-28 15:55:39.668    app     info:    [virtual-goods] Getting Plex status for '29285645' on 'tranquility'
2023-12-28 15:55:39.678    app     info:    [AuthenticationMiddleware] Successfully restored 14 / 14 users
2023-12-28 15:55:39.693    app     info:    [server-manager] Previous Tranquility build: 2454674, current build: 2454674
2023-12-28 15:55:39.693    app     info:    [server-manager] Tranquility build is unchanged.
2023-12-28 15:55:39.700    app     info:    [server-manager] Ready to play!
2023-12-28 15:55:39.704    app     info:    [server-manager] Finished refresh cycle for Tranquility
2023-12-28 15:55:39.760    app     info:    [self-update] Currently running the latest launcher version. Scheduling update check in 5 minutes.
2023-12-28 15:55:39.809    app     info:    [customer-information] Agreement status has been fetched for user '29280260'
2023-12-28 15:55:39.812    app     info:    [esi] Fetching character details for 2121927552
2023-12-28 15:55:39.820    app     info:    [esi] Fetching character details for 2115031890, 2121177973
2023-12-28 15:55:39.842    app     info:    [esi] Fetching character details for 2121174545
2023-12-28 15:55:39.856    app     info:    [virtual-goods] Fetched Plex status for '13595732' on 'tranquility'
2023-12-28 15:55:39.863    app     info:    [esi] Fetching character details for 2121853336
2023-12-28 15:55:39.870    app     info:    [virtual-goods] Fetched Plex status for '23622903' on 'tranquility'
2023-12-28 15:55:39.875    app     info:    [esi] Fetching character details for 2121927031
2023-12-28 15:55:39.887    app     info:    [customer-information] Agreement status has been fetched for user '18922386'
2023-12-28 15:55:39.888    app     info:    [esi] Fetching character details for 2121878074
2023-12-28 15:55:39.911    app     info:    [customer-information] Agreement status has been fetched for user '17525312'
2023-12-28 15:55:39.919    app     info:    [esi] Fetching character details for 2115479508
2023-12-28 15:55:39.930    app     info:    [esi] Fetching character details for 2121178171
2023-12-28 15:55:39.944    app     info:    [customer-information] Agreement status has been fetched for user '26239201'
2023-12-28 15:55:39.951    app     info:    [customer-information] Agreement status has been fetched for user '25218835'
2023-12-28 15:55:39.953    app     info:    [esi] Fetching character details for 578564394, 2115457291
2023-12-28 15:55:40.002    app     info:    [customer-information] Agreement status has been fetched for user '16492377'
2023-12-28 15:55:40.021    app     info:    [esi] Fetching character details for 2114656127, 2121178396
2023-12-28 15:55:40.031    app     info:    [esi] Fetching character details for 2119361891, 2120347635
2023-12-28 15:55:40.040    app     info:    [virtual-goods] Fetched Plex status for '29280260' on 'tranquility'
2023-12-28 15:55:40.054    app     info:    [customer-information] Agreement status has been fetched for user '18000247'
2023-12-28 15:55:40.066    app     info:    [customer-information] Agreement status has been fetched for user '23622903'
2023-12-28 15:55:40.077    app     info:    [customer-information] Agreement status has been fetched for user '18034259'
2023-12-28 15:55:40.078    app     info:    [virtual-goods] Fetched Plex status for '15136212' on 'tranquility'
2023-12-28 15:55:40.088    app     info:    [customer-information] Agreement status has been fetched for user '13595732'
2023-12-28 15:55:40.096    app     info:    [customer-information] Agreement status has been fetched for user '2110311'
2023-12-28 15:55:40.096    app     info:    [virtual-goods] Fetched Plex status for '26239201' on 'tranquility'
2023-12-28 15:55:40.101    app     info:    [AuthenticationMiddleware] User information updated
2023-12-28 15:55:40.119    app     info:    [AuthenticationMiddleware] User information updated
2023-12-28 15:55:40.123    app     info:    [esi] Fetching character details for 2113875139, 2121174871
2023-12-28 15:55:40.131    app     info:    [virtual-goods] Fetched Plex status for '18922386' on 'tranquility'
2023-12-28 15:55:40.136    app     info:    [AuthenticationMiddleware] User information updated
2023-12-28 15:55:40.137    app     info:    [virtual-goods] Fetched Plex status for '29285645' on 'tranquility'
2023-12-28 15:55:40.155    app     info:    [virtual-goods] Fetched Plex status for '18034259' on 'tranquility'
2023-12-28 15:55:40.160    app     info:    [AuthenticationMiddleware] User information updated
2023-12-28 15:55:40.166    app     info:    [customer-information] Agreement status has been fetched for user '29285645'
2023-12-28 15:55:40.167    app     info:    [AuthenticationMiddleware] User information updated
2023-12-28 15:55:40.176    app     info:    [customer-information] Agreement status has been fetched for user '28182799'
2023-12-28 15:55:40.181    app     info:    [virtual-goods] Fetched Plex status for '17525312' on 'tranquility'
2023-12-28 15:55:40.186    app     info:    [AuthenticationMiddleware] User information updated
2023-12-28 15:55:40.186    app     info:    [virtual-goods] Fetched Plex status for '18000247' on 'tranquility'
2023-12-28 15:55:40.192    app     info:    [virtual-goods] Fetched Plex status for '25218835' on 'tranquility'
2023-12-28 15:55:40.198    app     info:    [AuthenticationMiddleware] User information updated
2023-12-28 15:55:40.198    app     info:    [virtual-goods] Fetched Plex status for '16492377' on 'tranquility'
2023-12-28 15:55:40.203    app     info:    [AuthenticationMiddleware] User information updated
2023-12-28 15:55:40.210    app     info:    [AuthenticationMiddleware] User information updated
2023-12-28 15:55:40.211    app     info:    [virtual-goods] Fetched Plex status for '28182799' on 'tranquility'
2023-12-28 15:55:40.216    app     info:    [AuthenticationMiddleware] User information updated
2023-12-28 15:55:40.217    app     info:    [esi] Fetching character details for 2121891348
2023-12-28 15:55:40.223    app     info:    [AuthenticationMiddleware] User information updated
2023-12-28 15:55:40.229    app     info:    [customer-information] Agreement status has been fetched for user '15136212'
2023-12-28 15:55:40.229    app     info:    [AuthenticationMiddleware] User information updated
2023-12-28 15:55:40.284    app     info:    [virtual-goods] Fetched Plex status for '2110311' on 'tranquility'
2023-12-28 15:55:40.289    app     info:    [AuthenticationMiddleware] User information updated
2023-12-28 15:55:40.292    app     info:    [esi] Fetching character details for 2118248041, 2121175776
2023-12-28 15:55:40.300    app     info:    [AuthenticationMiddleware] User information updated
2023-12-28 15:55:40.487    app     warn:    [steam-auth] Failed to initialize Steamworks client
2023-12-28 15:55:40.494    app     info:    [main-window] Registering main window    { windowId: 2 }
2023-12-28 15:55:40.504    app     info:    [cdn-trace] Fetching CDN trace data from https://binaries.eveonline.com/cdn-cgi/trace
2023-12-28 15:55:40.506    app     info:    [creatives] Requesting creatives
2023-12-28 15:55:40.511    app     info:    [elg-events] Sending event    eve_launcher.electron.application.RendererLoaded
2023-12-28 15:55:40.645    app     info:    [creatives] Received 2 creatives
2023-12-28 15:55:40.687    app     info:    [esi] Fetched 1 character details for 29285645
2023-12-28 15:55:40.690    app     info:    [esi] Fetched 1 character details for 29280260
2023-12-28 15:55:40.691    app     info:    [esi] Fetched 1 character details for 15136212
2023-12-28 15:55:40.693    app     info:    [esi] Fetched 1 character details for 13595732
2023-12-28 15:55:40.697    app     info:    [esi] Fetched 1 character details for 26239201
2023-12-28 15:55:40.703    app     info:    [esi] Fetched 1 character details for 18922386
2023-12-28 15:55:40.705    app     info:    [esi] Fetched 1 character details for 28182799
2023-12-28 15:55:40.753    app     info:    [esi] Fetched 1 character details for 18000247
2023-12-28 15:55:40.819    app     info:    [esi] Fetched 2 character details for 2110311
2023-12-28 15:55:40.825    app     info:    [esi] Fetched 2 character details for 25218835
2023-12-28 15:55:40.833    app     info:    [esi] Fetched 2 character details for 18034259
2023-12-28 15:55:40.840    app     info:    [esi] Fetched 2 character details for 16492377
2023-12-28 15:55:40.874    app     info:    [esi] Fetched 2 character details for 17525312
2023-12-28 15:55:41.075    app     info:    [esi] Fetched 2 character details for 23622903
2023-12-28 15:55:41.897     ui     info:    Initializing captcha    ccp://launcher/renderer/main_window/index.js    2
2023-12-28 15:55:44.303    app     info:    [analytics] Hardware rendering enabled:    true    { disabledViaCommandline: false, disabledViaSettings: false }
2023-12-28 15:55:44.328    app     info:    [AuthenticationMiddleware] Character information for '29285645' on 'tranquility' was loaded recently, skipping refresh.
2023-12-28 15:55:44.328    app     info:    [AuthenticationMiddleware] Plex information for '29285645' on 'tranquility' was loaded recently, skipping refresh.
2023-12-28 15:55:45.991    app     info:    [AuthenticationMiddleware] Character information for '29285645' on 'tranquility' was loaded recently, skipping refresh.
2023-12-28 15:55:45.991    app     info:    [AuthenticationMiddleware] Plex information for '29285645' on 'tranquility' was loaded recently, skipping refresh.
2023-12-28 15:55:46.815    app     info:    [client-queue] Queued client startup    {
  product: 'eve-online',
  tenant: 'tranquility',
  userId: 29285645,
  characterId: 2121878074,
  profile: ''
}
2023-12-28 15:55:46.817    app     info:    [elg-events] Sending event    eve_launcher.electron.eve_client.ClientQueued
2023-12-28 15:55:46.818    app     info:    [client-queue] No clients running for tranquility, copying files before starting a client
2023-12-28 15:55:46.823    app     info:    [elg-events] Sending event    eve_launcher.electron.eve_client.CopyingFilesStarted
2023-12-28 15:55:46.824    app     info:    [binary-copier] Copying 194 files (216 MB) to 'C:\CCP\EVE Online\tq'
2023-12-28 15:55:46.869    app     info:    [binary-copier] Removing old binaries
2023-12-28 15:55:46.884    app     info:    [binary-copier] Copying binaries from ResFiles
2023-12-28 15:55:47.353    app     info:    [binary-copier] Finished copying 194 files to 'C:\CCP\EVE Online\tq' in 0.531 seconds
2023-12-28 15:55:47.355    app     info:    [elg-events] Sending event    eve_launcher.electron.eve_client.CopyingFilesFinished
2023-12-28 15:55:47.360    app     info:    [client-manager] Starting EVE Online game client.    C:\CCP\EVE Online\tq\bin64\exefile.exe    Map(11) {
  'noconsole' => '/noconsole',
  'server' => '/server:tranquility.servers.eveonline.com',
  'triplatform' => '/triplatform=dx12',
  'ssotoken' => '/ssoToken=***',
  'refreshtoken' => '/refreshToken=***',
  'settingsprofile' => '/settingsprofile=Default',
  'deviceid' => '/deviceID=4a436adb-4b99-40a7-85b0-42e206f41286',
  'autoselectcharacter' => '/autoSelectCharacter:2121878074',
  'language' => '/language=en',
  'exp' => '1703865338',
  'tokenExpires' => '2023-12-29 17:55:38.000'
}    29285645
2023-12-28 15:55:47.373    app     info:    [client-queue] Started client from group startup    {
  product: 'eve-online',
  tenant: 'tranquility',
  characterId: 2121878074,
  profile: '',
  userId: 29285645
}
2023-12-28 15:55:47.473    app     info:    [quasar-events] Sent 'eve_launcher.electron.eve_client.GameClientStartRequested'
2023-12-28 15:55:47.473    app     info:    [quasar-events] Sent 'eve_launcher.electron.eve_client.TemporaryClientProcessAdded'
2023-12-28 15:55:47.889    app     info:    [client-manager] Found 'tranquility' client for '29285645' running:     {
  processId: 9288,
  createdDate: 1703778947406,
  userId: 29285645,
  characterId: 2121878074,
  profile: 'Default',
  dxVersion: 'dx12'
}
2023-12-28 15:55:47.987    app     info:    [quasar-events] Sent 'eve_launcher.electron.eve_client.TemporaryClientProcessMonitoringRetried'
2023-12-28 15:55:47.988    app     info:    [quasar-events] Sent 'eve_launcher.electron.eve_client.GameClientStarted'
2023-12-28 15:55:47.988    app     info:    [quasar-events] Sent 'eve_launcher.electron.eve_client.TemporaryClientProcessRemoved'
2023-12-28 15:55:48.395    app     info:    [client-queue] Queue has stopped running, no more clients pending startup.
2023-12-28 15:56:09.469    app     warn:    Could not connect to LogLite    [
  Error: connect ECONNREFUSED 127.0.0.1:3273
      at TCPConnectWrap.afterConnect [as oncomplete] (node:net:1247:16) {
    errno: -4078,
    code: 'ECONNREFUSED',
    syscall: 'connect',
    address: '127.0.0.1',
    port: 3273
  }
]
2023-12-28 15:57:31.055    app     info:    [client-manager] 'tranquility' for EVE game client for '29285645' exited with no errors.
2023-12-28 15:57:31.067    app     info:    [server-manager] Starting refresh cycle for eve-online / Tranquility
2023-12-28 15:57:31.160    app     info:    [quasar-events] Sent 'eve_launcher.electron.eve_client.GameClientExited'
2023-12-28 15:57:31.205    app     info:    [server-manager] Previous Tranquility build: 2454674, current build: 2454674
2023-12-28 15:57:31.206    app     info:    [server-manager] Tranquility build is unchanged.
2023-12-28 15:57:31.220    app     info:    [server-manager] Ready to play!
2023-12-28 15:57:31.226    app     info:    [server-manager] Finished refresh cycle for Tranquility
2023-12-28 15:57:33.616    app     info:    [main-window] Main window minimized to tray    { windowId: 2 }
2023-12-28 15:57:33.635    app     info:    [main-window] Sent notification that the application is minimized to tray    { windowId: 2 }
2023-12-28 15:57:33.642    app     info:    [ipc-requests] Handling requests in the background
2023-12-28 15:57:34.656    app     info:    [ipc-requests] No longer handling requests in the background
2023-12-28 16:00:39.769    app     info:    [self-update] Checking for a launcher update...
2023-12-28 16:00:40.061    app     info:    [self-update] Currently running the latest launcher version. Scheduling update check in 5 minutes.
2023-12-28 16:02:31.238    app     info:    [server-manager] Starting refresh cycle for eve-online / Tranquility
2023-12-28 16:02:31.421    app     info:    [server-manager] Previous Tranquility build: 2454674, current build: 2454674
2023-12-28 16:02:31.421    app     info:    [server-manager] Tranquility build is unchanged.
2023-12-28 16:02:31.428    app     info:    [server-manager] Ready to play!
2023-12-28 16:02:31.432    app     info:    [server-manager] Finished refresh cycle for Tranquility
2023-12-28 16:05:40.069    app     info:    [self-update] Checking for a launcher update...
2023-12-28 16:05:40.364    app     info:    [self-update] Currently running the latest launcher version. Scheduling update check in 5 minutes.
2023-12-28 16:07:31.443    app     info:    [server-manager] Starting refresh cycle for eve-online / Tranquility
2023-12-28 16:07:31.606    app     info:    [server-manager] Previous Tranquility build: 2454674, current build: 2454674
2023-12-28 16:07:31.607    app     info:    [server-manager] Tranquility build is unchanged.
2023-12-28 16:07:31.622    app     info:    [server-manager] Ready to play!
2023-12-28 16:07:31.627    app     info:    [server-manager] Finished refresh cycle for Tranquility
2023-12-28 16:10:40.375    app     info:    [self-update] Checking for a launcher update...
2023-12-28 16:10:40.681    app     info:    [self-update] Currently running the latest launcher version. Scheduling update check in 5 minutes.
2023-12-28 16:12:31.631    app     info:    [server-manager] Starting refresh cycle for eve-online / Tranquility
2023-12-28 16:12:31.804    app     info:    [server-manager] Previous Tranquility build: 2454674, current build: 2454674
2023-12-28 16:12:31.805    app     info:    [server-manager] Tranquility build is unchanged.
2023-12-28 16:12:31.823    app     info:    [server-manager] Ready to play!
2023-12-28 16:12:31.830    app     info:    [server-manager] Finished refresh cycle for Tranquility
2023-12-28 16:13:11.936    app     info:    [tray] Main window restored from tray    { windowId: 2 }
2023-12-28 16:13:14.201    app     info:    [main-window] Main window minimized to tray    { windowId: 2 }
2023-12-28 16:13:14.214    app     info:    [ipc-requests] Handling requests in the background
2023-12-28 16:13:15.228    app     info:    [ipc-requests] No longer handling requests in the background
2023-12-28 16:13:16.716    app     info:    [tray] Quitting application from tray
2023-12-28 16:13:16.719    app     info:    Application quitting. Cleanup needed: true
2023-12-28 16:13:16.721    app     info:    [elg-events] Sending event    eve_launcher.electron.application.LauncherShutdown
2023-12-28 16:13:16.723    app     info:    app.quit called, but we are still sending ELG events.
2023-12-28 16:13:17.331    app     info:    ELG stream closed, quitting.
2023-12-28 16:13:17.332    app     info:    [main-window] Main window closing    { windowId: 2 }
2023-12-28 16:13:17.341    app     info:    Application closed    0
