2023-12-23 22:12:53.705    app     info:    Startup arguments    []
2023-12-23 22:12:53.715    app     info:    EVE Online Launcher is already running. This instance will now be closed.
2023-12-23 22:12:53.716    app     info:    Application quitting. Cleanup needed: true
2023-12-23 22:12:53.721    app     info:    [elg-events] Sending event    eve_launcher.electron.application.LauncherShutdown
2023-12-23 22:12:53.724    app     info:    [self-update] Starting automatic update checks
2023-12-23 22:12:53.724    app     info:    [self-update] Waiting for update feed before starting update checks
2023-12-23 22:12:53.726    app     info:    [preload] High DPI scaling enabled by settings
2023-12-23 22:12:53.729    app     info:    app.quit called, but we are still sending ELG events.
2023-12-23 22:12:53.819    app     info:    [i18next] Changed language    en
2023-12-23 22:12:53.843    app     info:    [authentication] Token for '16492377' on 'tranquility' is expired, refresh is required
2023-12-23 22:12:53.844    app     info:    [authentication] Refreshing token for '16492377' on 'tranquility'
2023-12-23 22:12:53.845    app     info:    [authentication] Token for '17525312' on 'tranquility' is expired, refresh is required
2023-12-23 22:12:53.845    app     info:    [authentication] Refreshing token for '17525312' on 'tranquility'
2023-12-23 22:12:53.845    app     info:    [authentication] Token for '25218835' on 'tranquility' is expired, refresh is required
2023-12-23 22:12:53.845    app     info:    [authentication] Refreshing token for '25218835' on 'tranquility'
2023-12-23 22:12:53.846    app     info:    [customer-information] Getting character information for '29280260' on 'tranquility'
2023-12-23 22:12:53.847    app     info:    [customer-information] Getting Omega status for '29280260' on 'tranquility'
2023-12-23 22:12:53.847    app     info:    [virtual-goods] Getting Plex status for '29280260' on 'tranquility'
2023-12-23 22:12:53.849    app     info:    [customer-information] Getting character information for '29285645' on 'tranquility'
2023-12-23 22:12:53.849    app     info:    [customer-information] Getting Omega status for '29285645' on 'tranquility'
2023-12-23 22:12:53.849    app     info:    [virtual-goods] Getting Plex status for '29285645' on 'tranquility'
2023-12-23 22:12:53.850    app     info:    [authentication] Token for '18034259' on 'tranquility' is expired, refresh is required
2023-12-23 22:12:53.850    app     info:    [authentication] Refreshing token for '18034259' on 'tranquility'
2023-12-23 22:12:53.850    app     info:    [authentication] Token for '28182799' on 'tranquility' is expired, refresh is required
2023-12-23 22:12:53.850    app     info:    [authentication] Refreshing token for '28182799' on 'tranquility'
2023-12-23 22:12:53.851    app     info:    [authentication] Token for '2110311' on 'tranquility' is expired, refresh is required
2023-12-23 22:12:53.851    app     info:    [authentication] Refreshing token for '2110311' on 'tranquility'
2023-12-23 22:12:53.851    app     info:    [authentication] Token for '23622903' on 'tranquility' is expired, refresh is required
2023-12-23 22:12:53.851    app     info:    [authentication] Refreshing token for '23622903' on 'tranquility'
2023-12-23 22:12:53.852    app     info:    [authentication] Token for '26239201' on 'tranquility' is expired, refresh is required
2023-12-23 22:12:53.852    app     info:    [authentication] Refreshing token for '26239201' on 'tranquility'
2023-12-23 22:12:53.852    app     info:    [authentication] Token for '18922386' on 'tranquility' is expired, refresh is required
2023-12-23 22:12:53.852    app     info:    [authentication] Refreshing token for '18922386' on 'tranquility'
2023-12-23 22:12:53.852    app     info:    [authentication] Token for '18000247' on 'tranquility' is expired, refresh is required
2023-12-23 22:12:53.853    app     info:    [authentication] Refreshing token for '18000247' on 'tranquility'
2023-12-23 22:12:53.890    app     info:    [cache-protocol] Found 0 entries to remove
2023-12-23 22:12:53.890    app     info:    [cache-protocol] Nothing to clean up.
2023-12-23 22:12:53.974    app     info:    [virtual-goods] Fetched Plex status for '29280260' on 'tranquility'
2023-12-23 22:12:53.989    app     info:    [first-run] First application run was at 2023-11-27T10:29:20.506Z
2023-12-23 22:12:53.998    app     info:    [customer-information] Agreements have been updated
2023-12-23 22:12:54.000    app     info:    [esi] Fetching character details for 2121878074
2023-12-23 22:12:54.018    app     info:    [esi] Fetching character details for 2121853336
2023-12-23 22:12:54.106    app     info:    [authentication] Token for '18034259' on 'tranquility' has been successfully refreshed
2023-12-23 22:12:54.111    app     info:    [elg-events] Sending event    eve_launcher.electron.authentication.UserTokensRefreshed
2023-12-23 22:12:54.114    app     info:    [customer-information] Getting character information for '18034259' on 'tranquility'
2023-12-23 22:12:54.114    app     info:    [customer-information] Getting Omega status for '18034259' on 'tranquility'
2023-12-23 22:12:54.114    app     info:    [virtual-goods] Getting Plex status for '18034259' on 'tranquility'
2023-12-23 22:12:54.132    app     info:    [authentication] Token for '18922386' on 'tranquility' has been successfully refreshed
2023-12-23 22:12:54.133    app     info:    [elg-events] Sending event    eve_launcher.electron.authentication.UserTokensRefreshed
2023-12-23 22:12:54.134    app     info:    [customer-information] Getting character information for '18922386' on 'tranquility'
2023-12-23 22:12:54.135    app     info:    [customer-information] Getting Omega status for '18922386' on 'tranquility'
2023-12-23 22:12:54.135    app     info:    [virtual-goods] Getting Plex status for '18922386' on 'tranquility'
2023-12-23 22:12:54.147    app     info:    [authentication] Token for '28182799' on 'tranquility' has been successfully refreshed
2023-12-23 22:12:54.148    app     info:    [elg-events] Sending event    eve_launcher.electron.authentication.UserTokensRefreshed
2023-12-23 22:12:54.149    app     info:    [customer-information] Getting character information for '28182799' on 'tranquility'
2023-12-23 22:12:54.150    app     info:    [customer-information] Getting Omega status for '28182799' on 'tranquility'
2023-12-23 22:12:54.150    app     info:    [virtual-goods] Getting Plex status for '28182799' on 'tranquility'
2023-12-23 22:12:54.161    app     info:    [authentication] Token for '16492377' on 'tranquility' has been successfully refreshed
2023-12-23 22:12:54.163    app     info:    [elg-events] Sending event    eve_launcher.electron.authentication.UserTokensRefreshed
2023-12-23 22:12:54.164    app     info:    [customer-information] Getting character information for '16492377' on 'tranquility'
2023-12-23 22:12:54.164    app     info:    [customer-information] Getting Omega status for '16492377' on 'tranquility'
2023-12-23 22:12:54.164    app     info:    [virtual-goods] Getting Plex status for '16492377' on 'tranquility'
2023-12-23 22:12:54.176    app     info:    [authentication] Token for '2110311' on 'tranquility' has been successfully refreshed
2023-12-23 22:12:54.178    app     info:    [elg-events] Sending event    eve_launcher.electron.authentication.UserTokensRefreshed
2023-12-23 22:12:54.179    app     info:    [customer-information] Getting character information for '2110311' on 'tranquility'
2023-12-23 22:12:54.179    app     info:    [customer-information] Getting Omega status for '2110311' on 'tranquility'
2023-12-23 22:12:54.179    app     info:    [virtual-goods] Getting Plex status for '2110311' on 'tranquility'
2023-12-23 22:12:54.192    app     info:    [authentication] Token for '23622903' on 'tranquility' has been successfully refreshed
2023-12-23 22:12:54.193    app     info:    [elg-events] Sending event    eve_launcher.electron.authentication.UserTokensRefreshed
2023-12-23 22:12:54.194    app     info:    [customer-information] Getting character information for '23622903' on 'tranquility'
2023-12-23 22:12:54.194    app     info:    [customer-information] Getting Omega status for '23622903' on 'tranquility'
2023-12-23 22:12:54.194    app     info:    [virtual-goods] Getting Plex status for '23622903' on 'tranquility'
2023-12-23 22:12:54.206    app     info:    [authentication] Token for '26239201' on 'tranquility' has been successfully refreshed
2023-12-23 22:12:54.207    app     info:    [elg-events] Sending event    eve_launcher.electron.authentication.UserTokensRefreshed
2023-12-23 22:12:54.208    app     info:    [customer-information] Getting character information for '26239201' on 'tranquility'
2023-12-23 22:12:54.209    app     info:    [customer-information] Getting Omega status for '26239201' on 'tranquility'
2023-12-23 22:12:54.209    app     info:    [virtual-goods] Getting Plex status for '26239201' on 'tranquility'
2023-12-23 22:12:54.219    app     info:    [authentication] Token for '17525312' on 'tranquility' has been successfully refreshed
2023-12-23 22:12:54.221    app     info:    [elg-events] Sending event    eve_launcher.electron.authentication.UserTokensRefreshed
2023-12-23 22:12:54.221    app     info:    [customer-information] Getting character information for '17525312' on 'tranquility'
2023-12-23 22:12:54.222    app     info:    [customer-information] Getting Omega status for '17525312' on 'tranquility'
2023-12-23 22:12:54.222    app     info:    [virtual-goods] Getting Plex status for '17525312' on 'tranquility'
2023-12-23 22:12:54.235    app     info:    [authentication] Token for '25218835' on 'tranquility' has been successfully refreshed
2023-12-23 22:12:54.236    app     info:    [elg-events] Sending event    eve_launcher.electron.authentication.UserTokensRefreshed
2023-12-23 22:12:54.238    app     info:    [customer-information] Getting character information for '25218835' on 'tranquility'
2023-12-23 22:12:54.238    app     info:    [customer-information] Getting Omega status for '25218835' on 'tranquility'
2023-12-23 22:12:54.238    app     info:    [virtual-goods] Getting Plex status for '25218835' on 'tranquility'
2023-12-23 22:12:54.250    app     info:    [authentication] Token for '18000247' on 'tranquility' has been successfully refreshed
2023-12-23 22:12:54.251    app     info:    [elg-events] Sending event    eve_launcher.electron.authentication.UserTokensRefreshed
2023-12-23 22:12:54.252    app     info:    [customer-information] Getting character information for '18000247' on 'tranquility'
2023-12-23 22:12:54.252    app     info:    [customer-information] Getting Omega status for '18000247' on 'tranquility'
2023-12-23 22:12:54.253    app     info:    [virtual-goods] Getting Plex status for '18000247' on 'tranquility'
2023-12-23 22:12:54.267    app     info:    [virtual-goods] Fetched Plex status for '29285645' on 'tranquility'
2023-12-23 22:12:54.307    app     info:    [AuthenticationMiddleware] Successfully restored 14 / 14 users
2023-12-23 22:12:54.345    app     info:    [virtual-goods] Fetched Plex status for '18034259' on 'tranquility'
2023-12-23 22:12:54.362    app     info:    [virtual-goods] Fetched Plex status for '26239201' on 'tranquility'
2023-12-23 22:12:54.372    app     info:    [esi] Fetching character details for 2115031890, 2121177973
2023-12-23 22:12:54.388    app     info:    [esi] Fetching character details for 2121891348
2023-12-23 22:12:54.399    app     info:    [esi] Fetching character details for 2121174545
2023-12-23 22:12:54.421    app     info:    [virtual-goods] Fetched Plex status for '23622903' on 'tranquility'
2023-12-23 22:12:54.428    app     info:    [esi] Fetching character details for 2121178171
2023-12-23 22:12:54.441    app     info:    [esi] Fetching character details for 2113875139, 2121174871
2023-12-23 22:12:54.453    app     info:    [esi] Fetching character details for 578564394, 2115457291
2023-12-23 22:12:54.480    app     info:    [esi] Fetching character details for 2119361891, 2120347635
2023-12-23 22:12:54.506    app     info:    [AuthenticationMiddleware] User information updated
2023-12-23 22:12:54.507    app     info:    [esi] Fetching character details for 2114656127, 2121178396
2023-12-23 22:12:54.519    app     info:    [esi] Fetching character details for 2118248041, 2121175776
2023-12-23 22:12:54.549    app     info:    [AuthenticationMiddleware] User information updated
2023-12-23 22:12:54.557    app     info:    [esi] Fetching character details for 2115479508
2023-12-23 22:12:54.576    app     info:    [virtual-goods] Fetched Plex status for '18922386' on 'tranquility'
2023-12-23 22:12:54.581    app     info:    [AuthenticationMiddleware] User information updated
2023-12-23 22:12:54.592    app     info:    [virtual-goods] Fetched Plex status for '16492377' on 'tranquility'
2023-12-23 22:12:54.597    app     info:    [AuthenticationMiddleware] User information updated
2023-12-23 22:12:54.597    app     info:    [virtual-goods] Fetched Plex status for '28182799' on 'tranquility'
2023-12-23 22:12:54.602    app     info:    [AuthenticationMiddleware] User information updated
2023-12-23 22:12:54.602    app     info:    [virtual-goods] Fetched Plex status for '2110311' on 'tranquility'
2023-12-23 22:12:54.607    app     info:    [AuthenticationMiddleware] User information updated
2023-12-23 22:12:54.608    app     info:    [virtual-goods] Fetched Plex status for '18000247' on 'tranquility'
2023-12-23 22:12:54.612    app     info:    [AuthenticationMiddleware] User information updated
2023-12-23 22:12:54.613    app     info:    [virtual-goods] Fetched Plex status for '25218835' on 'tranquility'
2023-12-23 22:12:54.617    app     info:    [AuthenticationMiddleware] User information updated
2023-12-23 22:12:54.669    app     info:    [AuthenticationMiddleware] User information updated
2023-12-23 22:12:54.782    app     info:    [virtual-goods] Fetched Plex status for '17525312' on 'tranquility'
2023-12-23 22:12:54.788    app     info:    [AuthenticationMiddleware] User information updated
2023-12-23 22:12:54.789    app     info:    [esi] Fetched 1 character details for 29285645
2023-12-23 22:12:54.790    app     info:    [esi] Fetched 1 character details for 29280260
2023-12-23 22:12:54.915    app     info:    [esi] Fetched 1 character details for 18000247
2023-12-23 22:12:54.922    app     info:    [esi] Fetched 1 character details for 26239201
2023-12-23 22:12:54.940    app     info:    [esi] Fetched 2 character details for 16492377
2023-12-23 22:12:54.949    app     info:    [esi] Fetched 1 character details for 18922386
2023-12-23 22:12:54.955    app     info:    [esi] Fetched 2 character details for 25218835
2023-12-23 22:12:54.958    app     info:    [esi] Fetched 2 character details for 2110311
2023-12-23 22:12:54.959    app     info:    [esi] Fetched 1 character details for 28182799
2023-12-23 22:12:54.961    app     info:    [esi] Fetched 2 character details for 18034259
2023-12-23 22:12:54.970    app     info:    [esi] Fetched 2 character details for 23622903
2023-12-23 22:12:55.001    app     info:    ELG stream closed, quitting.
