2023-12-12 22:37:37.670    app     info:    Startup arguments    []
2023-12-12 22:37:37.680    app     info:    EVE Online Launcher is already running. This instance will now be closed.
2023-12-12 22:37:37.681    app     info:    Application quitting. Cleanup needed: true
2023-12-12 22:37:37.686    app     info:    [elg-events] Sending event    eve_launcher.electron.application.LauncherShutdown
2023-12-12 22:37:37.689    app     info:    [self-update] Starting automatic update checks
2023-12-12 22:37:37.690    app     info:    [self-update] Waiting for update feed before starting update checks
2023-12-12 22:37:37.695    app     info:    app.quit called, but we are still sending ELG events.
2023-12-12 22:37:37.788    app     info:    [i18next] Changed language    en
2023-12-12 22:37:37.813    app     info:    [authentication] Token for '16492377' on 'tranquility' is expired, refresh is required
2023-12-12 22:37:37.814    app     info:    [authentication] Refreshing token for '16492377' on 'tranquility'
2023-12-12 22:37:37.815    app     info:    [authentication] Token for '17525312' on 'tranquility' is expired, refresh is required
2023-12-12 22:37:37.815    app     info:    [authentication] Refreshing token for '17525312' on 'tranquility'
2023-12-12 22:37:37.815    app     info:    [authentication] Token for '25218835' on 'tranquility' is expired, refresh is required
2023-12-12 22:37:37.815    app     info:    [authentication] Refreshing token for '25218835' on 'tranquility'
2023-12-12 22:37:37.816    app     info:    [customer-information] Getting character information for '29280260' on 'tranquility'
2023-12-12 22:37:37.817    app     info:    [customer-information] Getting Omega status for '29280260' on 'tranquility'
2023-12-12 22:37:37.817    app     info:    [virtual-goods] Getting Plex status for '29280260' on 'tranquility'
2023-12-12 22:37:37.819    app     info:    [customer-information] Getting character information for '29285645' on 'tranquility'
2023-12-12 22:37:37.819    app     info:    [customer-information] Getting Omega status for '29285645' on 'tranquility'
2023-12-12 22:37:37.819    app     info:    [virtual-goods] Getting Plex status for '29285645' on 'tranquility'
2023-12-12 22:37:37.819    app     info:    [authentication] Token for '18034259' on 'tranquility' is expired, refresh is required
2023-12-12 22:37:37.820    app     info:    [authentication] Refreshing token for '18034259' on 'tranquility'
2023-12-12 22:37:37.820    app     info:    [authentication] Token for '28182799' on 'tranquility' is expired, refresh is required
2023-12-12 22:37:37.820    app     info:    [authentication] Refreshing token for '28182799' on 'tranquility'
2023-12-12 22:37:37.820    app     info:    [authentication] Token for '2110311' on 'tranquility' is expired, refresh is required
2023-12-12 22:37:37.820    app     info:    [authentication] Refreshing token for '2110311' on 'tranquility'
2023-12-12 22:37:37.821    app     info:    [authentication] Token for '23622903' on 'tranquility' is expired, refresh is required
2023-12-12 22:37:37.821    app     info:    [authentication] Refreshing token for '23622903' on 'tranquility'
2023-12-12 22:37:37.821    app     info:    [authentication] Token for '26239201' on 'tranquility' is expired, refresh is required
2023-12-12 22:37:37.821    app     info:    [authentication] Refreshing token for '26239201' on 'tranquility'
2023-12-12 22:37:37.822    app     info:    [authentication] Token for '18922386' on 'tranquility' is expired, refresh is required
2023-12-12 22:37:37.822    app     info:    [authentication] Refreshing token for '18922386' on 'tranquility'
2023-12-12 22:37:37.822    app     info:    [authentication] Token for '18000247' on 'tranquility' is expired, refresh is required
2023-12-12 22:37:37.822    app     info:    [authentication] Refreshing token for '18000247' on 'tranquility'
2023-12-12 22:37:37.857    app     info:    [cache-protocol] Found 0 entries to remove
2023-12-12 22:37:37.857    app     info:    [cache-protocol] Nothing to clean up.
2023-12-12 22:37:37.951    app     info:    [esi] Fetching character details for 2121853336
2023-12-12 22:37:37.968    app     info:    [customer-information] Agreements have been updated
2023-12-12 22:37:37.975    app     info:    [esi] Fetching character details for 2121878074
2023-12-12 22:37:37.986    app     info:    [virtual-goods] Fetched Plex status for '29285645' on 'tranquility'
2023-12-12 22:37:38.026    app     info:    [first-run] First application run was at 2023-11-27T10:29:20.506Z
2023-12-12 22:37:38.091    app     info:    [authentication] Token for '17525312' on 'tranquility' has been successfully refreshed
2023-12-12 22:37:38.093    app     info:    [elg-events] Sending event    eve_launcher.electron.authentication.UserTokensRefreshed
2023-12-12 22:37:38.094    app     info:    [customer-information] Getting character information for '17525312' on 'tranquility'
2023-12-12 22:37:38.094    app     info:    [customer-information] Getting Omega status for '17525312' on 'tranquility'
2023-12-12 22:37:38.094    app     info:    [virtual-goods] Getting Plex status for '17525312' on 'tranquility'
2023-12-12 22:37:38.110    app     info:    [authentication] Token for '23622903' on 'tranquility' has been successfully refreshed
2023-12-12 22:37:38.111    app     info:    [elg-events] Sending event    eve_launcher.electron.authentication.UserTokensRefreshed
2023-12-12 22:37:38.112    app     info:    [customer-information] Getting character information for '23622903' on 'tranquility'
2023-12-12 22:37:38.112    app     info:    [customer-information] Getting Omega status for '23622903' on 'tranquility'
2023-12-12 22:37:38.113    app     info:    [virtual-goods] Getting Plex status for '23622903' on 'tranquility'
2023-12-12 22:37:38.123    app     info:    [authentication] Token for '28182799' on 'tranquility' has been successfully refreshed
2023-12-12 22:37:38.125    app     info:    [elg-events] Sending event    eve_launcher.electron.authentication.UserTokensRefreshed
2023-12-12 22:37:38.126    app     info:    [customer-information] Getting character information for '28182799' on 'tranquility'
2023-12-12 22:37:38.127    app     info:    [customer-information] Getting Omega status for '28182799' on 'tranquility'
2023-12-12 22:37:38.127    app     info:    [virtual-goods] Getting Plex status for '28182799' on 'tranquility'
2023-12-12 22:37:38.139    app     info:    [authentication] Token for '25218835' on 'tranquility' has been successfully refreshed
2023-12-12 22:37:38.140    app     info:    [elg-events] Sending event    eve_launcher.electron.authentication.UserTokensRefreshed
2023-12-12 22:37:38.141    app     info:    [customer-information] Getting character information for '25218835' on 'tranquility'
2023-12-12 22:37:38.141    app     info:    [customer-information] Getting Omega status for '25218835' on 'tranquility'
2023-12-12 22:37:38.141    app     info:    [virtual-goods] Getting Plex status for '25218835' on 'tranquility'
2023-12-12 22:37:38.153    app     info:    [authentication] Token for '18034259' on 'tranquility' has been successfully refreshed
2023-12-12 22:37:38.154    app     info:    [elg-events] Sending event    eve_launcher.electron.authentication.UserTokensRefreshed
2023-12-12 22:37:38.155    app     info:    [customer-information] Getting character information for '18034259' on 'tranquility'
2023-12-12 22:37:38.156    app     info:    [customer-information] Getting Omega status for '18034259' on 'tranquility'
2023-12-12 22:37:38.156    app     info:    [virtual-goods] Getting Plex status for '18034259' on 'tranquility'
2023-12-12 22:37:38.169    app     info:    [authentication] Token for '2110311' on 'tranquility' has been successfully refreshed
2023-12-12 22:37:38.170    app     info:    [elg-events] Sending event    eve_launcher.electron.authentication.UserTokensRefreshed
2023-12-12 22:37:38.171    app     info:    [customer-information] Getting character information for '2110311' on 'tranquility'
2023-12-12 22:37:38.171    app     info:    [customer-information] Getting Omega status for '2110311' on 'tranquility'
2023-12-12 22:37:38.171    app     info:    [virtual-goods] Getting Plex status for '2110311' on 'tranquility'
2023-12-12 22:37:38.185    app     info:    [authentication] Token for '18000247' on 'tranquility' has been successfully refreshed
2023-12-12 22:37:38.187    app     info:    [elg-events] Sending event    eve_launcher.electron.authentication.UserTokensRefreshed
2023-12-12 22:37:38.187    app     info:    [AuthenticationMiddleware] Character information for '18000247' on 'tranquility' was loaded recently, skipping refresh.
2023-12-12 22:37:38.188    app     info:    [AuthenticationMiddleware] Plex information for '18000247' on 'tranquility' was loaded recently, skipping refresh.
2023-12-12 22:37:38.198    app     info:    [AuthenticationMiddleware] User information updated
2023-12-12 22:37:38.199    app     info:    [authentication] Token for '16492377' on 'tranquility' has been successfully refreshed
2023-12-12 22:37:38.200    app     info:    [elg-events] Sending event    eve_launcher.electron.authentication.UserTokensRefreshed
2023-12-12 22:37:38.202    app     info:    [customer-information] Getting character information for '16492377' on 'tranquility'
2023-12-12 22:37:38.202    app     info:    [customer-information] Getting Omega status for '16492377' on 'tranquility'
2023-12-12 22:37:38.202    app     info:    [virtual-goods] Getting Plex status for '16492377' on 'tranquility'
2023-12-12 22:37:38.214    app     info:    [authentication] Token for '18922386' on 'tranquility' has been successfully refreshed
2023-12-12 22:37:38.216    app     info:    [elg-events] Sending event    eve_launcher.electron.authentication.UserTokensRefreshed
2023-12-12 22:37:38.217    app     info:    [customer-information] Getting character information for '18922386' on 'tranquility'
2023-12-12 22:37:38.217    app     info:    [customer-information] Getting Omega status for '18922386' on 'tranquility'
2023-12-12 22:37:38.217    app     info:    [virtual-goods] Getting Plex status for '18922386' on 'tranquility'
2023-12-12 22:37:38.229    app     info:    [authentication] Token for '26239201' on 'tranquility' has been successfully refreshed
2023-12-12 22:37:38.230    app     info:    [elg-events] Sending event    eve_launcher.electron.authentication.UserTokensRefreshed
2023-12-12 22:37:38.231    app     info:    [customer-information] Getting character information for '26239201' on 'tranquility'
2023-12-12 22:37:38.232    app     info:    [customer-information] Getting Omega status for '26239201' on 'tranquility'
2023-12-12 22:37:38.232    app     info:    [virtual-goods] Getting Plex status for '26239201' on 'tranquility'
2023-12-12 22:37:38.329    app     info:    [esi] Fetching character details for 578564394, 2115457291
2023-12-12 22:37:38.370    app     info:    [virtual-goods] Fetched Plex status for '18034259' on 'tranquility'
2023-12-12 22:37:38.376    app     info:    [esi] Fetching character details for 2121174545
2023-12-12 22:37:38.388    app     info:    [esi] Fetching character details for 2115031890, 2121177973
2023-12-12 22:37:38.398    app     info:    [AuthenticationMiddleware] User information updated
2023-12-12 22:37:38.433    app     info:    [esi] Fetching character details for 2114656127, 2121178396
2023-12-12 22:37:38.445    app     info:    [esi] Fetching character details for 2115479508
2023-12-12 22:37:38.458    app     info:    [esi] Fetching character details for 2113875139, 2121174871
2023-12-12 22:37:38.472    app     info:    [virtual-goods] Fetched Plex status for '29280260' on 'tranquility'
2023-12-12 22:37:38.477    app     info:    [AuthenticationMiddleware] Successfully restored 14 / 14 users
2023-12-12 22:37:38.481    app     info:    [virtual-goods] Fetched Plex status for '28182799' on 'tranquility'
2023-12-12 22:37:38.487    app     info:    [AuthenticationMiddleware] User information updated
2023-12-12 22:37:38.490    app     info:    [virtual-goods] Fetched Plex status for '23622903' on 'tranquility'
2023-12-12 22:37:38.506    app     info:    [virtual-goods] Fetched Plex status for '25218835' on 'tranquility'
2023-12-12 22:37:38.623    app     info:    [esi] Fetching character details for 2119361891, 2120347635
2023-12-12 22:37:38.635    app     info:    [AuthenticationMiddleware] User information updated
2023-12-12 22:37:38.637    app     info:    [esi] Fetching character details for 2121178171
2023-12-12 22:37:38.652    app     info:    [esi] Fetching character details for 2118248041, 2121175776
2023-12-12 22:37:38.662    app     info:    [AuthenticationMiddleware] User information updated
2023-12-12 22:37:38.666    app     info:    [esi] Fetched 1 character details for 29285645
2023-12-12 22:37:38.696    app     info:    [esi] Fetched 1 character details for 29280260
2023-12-12 22:37:38.747    app     info:    [virtual-goods] Fetched Plex status for '26239201' on 'tranquility'
2023-12-12 22:37:38.765    app     info:    [AuthenticationMiddleware] User information updated
2023-12-12 22:37:38.770    app     info:    [virtual-goods] Fetched Plex status for '16492377' on 'tranquility'
2023-12-12 22:37:38.779    app     info:    [AuthenticationMiddleware] User information updated
2023-12-12 22:37:38.782    app     info:    [virtual-goods] Fetched Plex status for '17525312' on 'tranquility'
2023-12-12 22:37:38.788    app     info:    [AuthenticationMiddleware] User information updated
2023-12-12 22:37:38.789    app     info:    [virtual-goods] Fetched Plex status for '2110311' on 'tranquility'
2023-12-12 22:37:38.795    app     info:    [AuthenticationMiddleware] User information updated
2023-12-12 22:37:38.796    app     info:    [virtual-goods] Fetched Plex status for '18922386' on 'tranquility'
2023-12-12 22:37:38.801    app     info:    [AuthenticationMiddleware] User information updated
2023-12-12 22:37:38.802    app     info:    [esi] Fetched 1 character details for 28182799
2023-12-12 22:37:38.812    app     info:    [esi] Fetched 2 character details for 18034259
2023-12-12 22:37:38.836    app     info:    [esi] Fetched 2 character details for 16492377
2023-12-12 22:37:38.838    app     info:    [esi] Fetched 1 character details for 18922386
2023-12-12 22:37:38.840    app     info:    [esi] Fetched 2 character details for 17525312
2023-12-12 22:37:38.879    app     info:    ELG stream closed, quitting.
