2023-11-30 15:46:59.587    app     info:    Startup arguments    []
2023-11-30 15:46:59.591    app     info:    [self-update] Starting automatic update checks
2023-11-30 15:46:59.592    app     info:    [self-update] Checking for a launcher update...
2023-11-30 15:46:59.686    app     info:    [i18next] Changed language    en
2023-11-30 15:46:59.729    app     info:    [authentication] Token for '16492377' on 'tranquility' is expired, refresh is required
2023-11-30 15:46:59.730    app     info:    [authentication] Refreshing token for '16492377' on 'tranquility'
2023-11-30 15:46:59.730    app     info:    [authentication] Token for '17525312' on 'tranquility' is expired, refresh is required
2023-11-30 15:46:59.730    app     info:    [authentication] Refreshing token for '17525312' on 'tranquility'
2023-11-30 15:46:59.731    app     info:    [authentication] Token for '25218835' on 'tranquility' is expired, refresh is required
2023-11-30 15:46:59.731    app     info:    [authentication] Refreshing token for '25218835' on 'tranquility'
2023-11-30 15:46:59.732    app     info:    [customer-information] Getting character information for '29280260' on 'tranquility'
2023-11-30 15:46:59.732    app     info:    [customer-information] Getting Omega status for '29280260' on 'tranquility'
2023-11-30 15:46:59.733    app     info:    [virtual-goods] Getting Plex status for '29280260' on 'tranquility'
2023-11-30 15:46:59.734    app     info:    [device-id] Device id found in state
2023-11-30 15:46:59.738    app     info:    [analytics] Application name:    EVE Online
2023-11-30 15:46:59.738    app     info:    [analytics] Application version:    0.4.10
2023-11-30 15:46:59.739    app     info:    [analytics] Domain    undefined
2023-11-30 15:46:59.739    app     info:    [analytics] Working directory    C:\Users\REDACTED\AppData\Local\eve-online\app-0.4.10
2023-11-30 15:46:59.739    app     info:    [analytics] Username contains UTF8?    false
2023-11-30 15:47:00.548    app     info:    [elg-events] Sending event    eve_launcher.electron.application.PdmLoaded
2023-11-30 15:47:00.550    app     info:    [analytics] Operating system    {
  type: 'Windows',
  name: 'Windows 10 Education',
  version: '10.0 (19045)'
}
2023-11-30 15:47:00.551    app     info:    [analytics] Encryption available:    true
2023-11-30 15:47:00.551    app     info:    [analytics] Machine UUID    4E9F516C-5B97-47C6-8C67-E93D943CB7C8
2023-11-30 15:47:00.552    app     info:    [analytics] PDM Version    2.1.4
2023-11-30 15:47:00.552    app     info:    [analytics] Release channel    release
2023-11-30 15:47:00.554    app     info:    [initializers] Shared cache directory set to    C:\CCP\EVE Online
2023-11-30 15:47:00.564    app     info:    [initializers] Shared cache drive free space: 105,78 GiB / 465,75 GiB
2023-11-30 15:47:00.571    app     info:    [elg-events] Sending event    eve_launcher.electron.application.LauncherStarted
2023-11-30 15:47:00.574    app     info:    [elg-events] Sending event    eve_launcher.electron.application.CoreDataLoaded
2023-11-30 15:47:00.575    app     info:    [initializers] Starting up with product EVE Online
2023-11-30 15:47:00.576    app     info:    [cdn-trace] Fetching CDN trace data from https://binaries.eveonline.com/cdn-cgi/trace
2023-11-30 15:47:00.593    app     info:    [feature-flags] Initializing feature flag client
2023-11-30 15:47:00.655    app     info:    [self-update] Currently running the latest launcher version. Scheduling update check in 5 minutes.
2023-11-30 15:47:00.671    app     info:    [first-run] First application run was at 2023-11-27T10:29:20.506Z
2023-11-30 15:47:00.700    app     info:    [cache-protocol] Found 0 entries to remove
2023-11-30 15:47:00.701    app     info:    [cache-protocol] Nothing to clean up.
2023-11-30 15:47:00.758    app     info:    [server-manager] Starting refresh cycle for Tranquility
2023-11-30 15:47:00.776    app     info:    [customer-information] Agreements have been updated
2023-11-30 15:47:00.778    app     info:    [esi] Fetching character details for 2121853336
2023-11-30 15:47:00.786    app     info:    [virtual-goods] Fetched Plex status for '29280260' on 'tranquility'
2023-11-30 15:47:00.803    app     info:    info: [LaunchDarkly] LaunchDarkly client initialized    []
2023-11-30 15:47:00.804    app     info:    info: [LaunchDarkly] Opening stream connection to https://clientstream.launchdarkly.com/eval/64c3d12e27a4b11365012d39/eyJrZXkiOiI0YTQzNmFkYi00Yjk5LTQwYTctODViMC00MmUyMDZmNDEyODYiLCJraW5kIjoidXNlciIsImN1c3RvbSI6eyJpc0ZpcnN0UnVuIjpmYWxzZSwiZGF5c1NpbmNlRmlyc3RSdW4iOjMsImxhbmd1YWdlIjoiZW4iLCJhcHBsaWNhdGlvbiI6ImV2ZS1vbmxpbmUiLCJ2ZXJzaW9uIjoiMC40LjEwIiwicGxhdGZvcm0iOiJ3aW5kb3dzIiwib3NWZXJzaW9uRGVwcmVjYXRlZCI6ZmFsc2UsInVzZXJJZHMiOlsxNjQ5MjM3NywxNzUyNTMxMiwyNTIxODgzNSwyOTI4MDI2MF0sImNoYXJhY3RlcklkcyI6WzIxMTM4NzUxMzksMjExNDY1NjEyNywyMTE5MzYxODkxLDIxMjAzNDc2MzUsMjEyMTE3NDg3MSwyMTIxMTc4Mzk2XSwib21lZ2FDb3VudCI6MCwiYWxwaGFDb3VudCI6NCwiYWNjb3VudENvdW50Ijo0LCJvbGRlc3RBY2NvdW50QWdlIjoyMDk1LCJ5b3VuZ2VzdEFjY291bnRBZ2UiOjB9fQ?withReasons=true    []
2023-11-30 15:47:00.805    app     info:    [feature-flags] Client 4a436adb... ready, fetching flags
2023-11-30 15:47:00.808    app     info:    [feature-flags] Received 13 flags for client 4a436adb...
2023-11-30 15:47:00.808    app     info:    [feature-flags] Client initialized with key 4a436adb...
2023-11-30 15:47:00.869    app     info:    [authentication] Token for '25218835' on 'tranquility' has been successfully refreshed
2023-11-30 15:47:00.870    app     info:    [elg-events] Sending event    eve_launcher.electron.authentication.UserTokensRefreshed
2023-11-30 15:47:00.871    app     info:    [customer-information] Getting character information for '25218835' on 'tranquility'
2023-11-30 15:47:00.871    app     info:    [customer-information] Getting Omega status for '25218835' on 'tranquility'
2023-11-30 15:47:00.871    app     info:    [virtual-goods] Getting Plex status for '25218835' on 'tranquility'
2023-11-30 15:47:00.882    app     info:    [authentication] Token for '17525312' on 'tranquility' has been successfully refreshed
2023-11-30 15:47:00.883    app     info:    [elg-events] Sending event    eve_launcher.electron.authentication.UserTokensRefreshed
2023-11-30 15:47:00.883    app     info:    [customer-information] Getting character information for '17525312' on 'tranquility'
2023-11-30 15:47:00.884    app     info:    [customer-information] Getting Omega status for '17525312' on 'tranquility'
2023-11-30 15:47:00.884    app     info:    [virtual-goods] Getting Plex status for '17525312' on 'tranquility'
2023-11-30 15:47:00.892    app     info:    [authentication] Token for '16492377' on 'tranquility' has been successfully refreshed
2023-11-30 15:47:00.893    app     info:    [elg-events] Sending event    eve_launcher.electron.authentication.UserTokensRefreshed
2023-11-30 15:47:00.894    app     info:    [customer-information] Getting character information for '16492377' on 'tranquility'
2023-11-30 15:47:00.895    app     info:    [customer-information] Getting Omega status for '16492377' on 'tranquility'
2023-11-30 15:47:00.895    app     info:    [virtual-goods] Getting Plex status for '16492377' on 'tranquility'
2023-11-30 15:47:00.903    app     info:    [AuthenticationMiddleware] Successfully restored 5 / 5 users
2023-11-30 15:47:00.908    app     info:    info: [LaunchDarkly] Closing stream connection    []
2023-11-30 15:47:00.908    app     info:    info: [LaunchDarkly] Opening stream connection to https://clientstream.launchdarkly.com/eval/64c3d12e27a4b11365012d39/eyJrZXkiOiI0YTQzNmFkYi00Yjk5LTQwYTctODViMC00MmUyMDZmNDEyODYiLCJraW5kIjoidXNlciIsImN1c3RvbSI6eyJpc0ZpcnN0UnVuIjpmYWxzZSwiZGF5c1NpbmNlRmlyc3RSdW4iOjMsImxhbmd1YWdlIjoiZW4iLCJhcHBsaWNhdGlvbiI6ImV2ZS1vbmxpbmUiLCJ2ZXJzaW9uIjoiMC40LjEwIiwicGxhdGZvcm0iOiJ3aW5kb3dzIiwib3NWZXJzaW9uRGVwcmVjYXRlZCI6ZmFsc2UsInVzZXJJZHMiOlsxNjQ5MjM3NywxNzUyNTMxMiwyNTIxODgzNSwyOTI4MDI2MF0sImNoYXJhY3RlcklkcyI6WzIxMTM4NzUxMzksMjExNDY1NjEyNywyMTE5MzYxODkxLDIxMjAzNDc2MzUsMjEyMTE3NDg3MSwyMTIxMTc4Mzk2LDIxMjE4NTMzMzZdLCJvbWVnYUNvdW50IjowLCJhbHBoYUNvdW50Ijo0LCJhY2NvdW50Q291bnQiOjQsIm9sZGVzdEFjY291bnRBZ2UiOjIwOTUsInlvdW5nZXN0QWNjb3VudEFnZSI6MH19?withReasons=true    []
2023-11-30 15:47:00.936    app     info:    [server-manager] Previous Tranquility build: 2438956, current build: 2438956
2023-11-30 15:47:00.937    app     info:    [server-manager] Tranquility build is unchanged.
2023-11-30 15:47:00.940    app     info:    [server-manager] Ready to play!
2023-11-30 15:47:00.942    app     info:    [server-manager] Finished refresh cycle for Tranquility
2023-11-30 15:47:00.986    app     info:    [virtual-goods] Fetched Plex status for '25218835' on 'tranquility'
2023-11-30 15:47:00.991    app     info:    [esi] Fetching character details for 2119361891, 2120347635
2023-11-30 15:47:01.010    app     info:    [esi] Fetching character details for 2114656127, 2121178396
2023-11-30 15:47:01.018    app     info:    [esi] Fetching character details for 2113875139, 2121174871
2023-11-30 15:47:01.029    app     info:    [AuthenticationMiddleware] User information updated
2023-11-30 15:47:01.161    app     info:    [virtual-goods] Fetched Plex status for '17525312' on 'tranquility'
2023-11-30 15:47:01.166    app     info:    [AuthenticationMiddleware] User information updated
2023-11-30 15:47:01.176    app     info:    [virtual-goods] Fetched Plex status for '16492377' on 'tranquility'
2023-11-30 15:47:01.181    app     info:    [AuthenticationMiddleware] User information updated
2023-11-30 15:47:01.191    app     info:    [esi] Fetched 1 character details for 29280260
2023-11-30 15:47:01.392    app     info:    [esi] Fetched 2 character details for 16492377
2023-11-30 15:47:01.395    app     info:    [esi] Fetched 2 character details for 17525312
2023-11-30 15:47:01.405    app     info:    [esi] Fetched 2 character details for 25218835
2023-11-30 15:47:01.602    app     warn:    [steam-auth] Failed to initialize Steamworks client
2023-11-30 15:47:01.606    app     info:    [main-window] Registering main window    { windowId: 2 }
2023-11-30 15:47:01.614    app     info:    [cdn-trace] Fetching CDN trace data from https://binaries.eveonline.com/cdn-cgi/trace
2023-11-30 15:47:01.615    app     info:    [creatives] Requesting creatives
2023-11-30 15:47:01.620    app     info:    [elg-events] Sending event    eve_launcher.electron.application.RendererLoaded
2023-11-30 15:47:01.747    app     info:    [creatives] Received 3 creatives
2023-11-30 15:47:02.072     ui     info:    Initializing captcha    ccp://launcher/renderer/main_window/index.js    2
2023-11-30 15:47:09.070    app     info:    [analytics] Hardware rendering enabled:    true    { disabledViaCommandline: false, disabledViaSettings: false }
2023-11-30 15:47:30.863    app     warn:    Could not connect to LogLite    [
  Error: connect ECONNREFUSED 127.0.0.1:3273
      at TCPConnectWrap.afterConnect [as oncomplete] (node:net:1247:16) {
    errno: -4078,
    code: 'ECONNREFUSED',
    syscall: 'connect',
    address: '127.0.0.1',
    port: 3273
  }
]
2023-11-30 15:47:33.195    app     info:    [client-queue] Queued client startup    {
  tenant: 'tranquility',
  userId: 29280260,
  characterId: 2121853336,
  profile: ''
}
2023-11-30 15:47:33.198    app     info:    [elg-events] Sending event    eve_launcher.electron.eve_client.ClientQueued
2023-11-30 15:47:33.198    app     info:    [client-queue] No clients running for tranquility, copying files before starting a client
2023-11-30 15:47:33.205    app     info:    [elg-events] Sending event    eve_launcher.electron.eve_client.CopyingFilesStarted
2023-11-30 15:47:33.206    app     info:    [binary-copier] Copying 198 files (216 MB) to 'C:\CCP\EVE Online\tq'
2023-11-30 15:47:33.226    app     info:    [binary-copier] Removing old binaries
2023-11-30 15:47:33.242    app     info:    [binary-copier] Copying binaries from ResFiles
2023-11-30 15:47:33.660    app     info:    [binary-copier] Finished copying 198 files to 'C:\CCP\EVE Online\tq' in 0.457 seconds
2023-11-30 15:47:33.663    app     info:    [elg-events] Sending event    eve_launcher.electron.eve_client.CopyingFilesFinished
2023-11-30 15:47:33.670    app     info:    [client-manager] Starting EVE Online game client.    C:\CCP\EVE Online\tq\bin64\exefile.exe    Map(11) {
  'noconsole' => '/noconsole',
  'server' => '/server:tranquility.servers.eveonline.com',
  'triplatform' => '/triplatform=dx12',
  'ssotoken' => '/ssoToken=***',
  'refreshtoken' => '/refreshToken=***',
  'settingsprofile' => '/settingsprofile=Default',
  'deviceid' => '/deviceID=4a436adb-4b99-40a7-85b0-42e206f41286',
  'autoselectcharacter' => '/autoSelectCharacter:2121853336',
  'language' => '/language=en',
  'exp' => '1701435091',
  'tokenExpires' => '2023-12-01 14:51:31.000'
}    29280260
2023-11-30 15:47:33.672    app     info:    [elg-events] Sending event    eve_launcher.electron.eve_client.GameClientStartRequested
2023-11-30 15:47:33.700    app     info:    [elg-events] Sending event    eve_launcher.electron.eve_client.TemporaryClientProcessAdded
2023-11-30 15:47:33.703    app     info:    [client-queue] Started client from group startup    {
  tenant: 'tranquility',
  characterId: 2121853336,
  profile: '',
  userId: 29280260
}
2023-11-30 15:47:34.215    app     info:    [elg-events] Sending event    eve_launcher.electron.eve_client.TemporaryClientProcessMonitoringRetried
2023-11-30 15:47:34.222    app     info:    [client-manager] Found 'tranquility' client for '29280260' running:     {
  processId: 5756,
  createdDate: 1701359253733,
  userId: 29280260,
  characterId: 2121853336,
  profile: 'Default',
  dxVersion: 'dx12'
}
2023-11-30 15:47:34.232    app     info:    [elg-events] Sending event    eve_launcher.electron.eve_client.GameClientStarted
2023-11-30 15:47:34.237    app     info:    [elg-events] Sending event    eve_launcher.electron.eve_client.TemporaryClientProcessRemoved
2023-11-30 15:47:34.723    app     info:    [client-queue] Queue has stopped running, no more clients pending startup.
2023-11-30 15:51:07.651    app     info:    [ipc-requests] Handling requests in the background
2023-11-30 15:51:08.664    app     info:    [ipc-requests] No longer handling requests in the background
2023-11-30 15:52:00.656    app     info:    [self-update] Checking for a launcher update...
2023-11-30 15:52:00.955    app     info:    [server-manager] Starting refresh cycle for Tranquility
2023-11-30 15:52:00.994    app     info:    [self-update] Currently running the latest launcher version. Scheduling update check in 5 minutes.
2023-11-30 15:52:01.097    app     info:    [server-manager] Previous Tranquility build: 2438956, current build: 2438956
2023-11-30 15:52:01.097    app     info:    [server-manager] Tranquility build is unchanged.
2023-11-30 15:52:01.102    app     info:    [server-manager] Ready to play!
2023-11-30 15:52:01.105    app     info:    [server-manager] Finished refresh cycle for Tranquility
2023-11-30 15:52:21.997    app     info:    [ipc-requests] Handling requests in the background
2023-11-30 15:52:23.001    app     info:    [ipc-requests] No longer handling requests in the background
2023-11-30 15:52:54.534    app     info:    [ipc-requests] Handling requests in the background
2023-11-30 15:52:55.533    app     info:    [ipc-requests] No longer handling requests in the background
2023-11-30 15:57:01.009    app     info:    [self-update] Checking for a launcher update...
2023-11-30 15:57:01.122    app     info:    [server-manager] Starting refresh cycle for Tranquility
2023-11-30 15:57:01.278    app     info:    [server-manager] Previous Tranquility build: 2438956, current build: 2438956
2023-11-30 15:57:01.278    app     info:    [server-manager] Tranquility build is unchanged.
2023-11-30 15:57:01.285    app     info:    [server-manager] Ready to play!
2023-11-30 15:57:01.288    app     info:    [server-manager] Finished refresh cycle for Tranquility
2023-11-30 15:57:01.288    app     info:    [self-update] Currently running the latest launcher version. Scheduling update check in 5 minutes.
2023-11-30 15:58:40.815    app     info:    [elg-events] ELG connection closed with ECONNRESET, restarting connection in 30s
2023-11-30 16:02:01.303    app     info:    [server-manager] Starting refresh cycle for Tranquility
2023-11-30 16:02:01.305    app     info:    [self-update] Checking for a launcher update...
2023-11-30 16:02:01.468    app     info:    [server-manager] Previous Tranquility build: 2438956, current build: 2438956
2023-11-30 16:02:01.468    app     info:    [server-manager] Tranquility build is unchanged.
2023-11-30 16:02:01.473    app     info:    [server-manager] Ready to play!
2023-11-30 16:02:01.476    app     info:    [server-manager] Finished refresh cycle for Tranquility
2023-11-30 16:02:01.591    app     info:    [self-update] Currently running the latest launcher version. Scheduling update check in 5 minutes.
2023-11-30 16:03:22.313    app     info:    [ipc-requests] Handling requests in the background
2023-11-30 16:03:23.320    app     info:    [ipc-requests] No longer handling requests in the background
2023-11-30 16:03:37.212    app     info:    [ipc-requests] Handling requests in the background
2023-11-30 16:03:38.213    app     info:    [ipc-requests] No longer handling requests in the background
2023-11-30 16:03:38.919    app     info:    [ipc-requests] Handling requests in the background
2023-11-30 16:03:39.930    app     info:    [ipc-requests] No longer handling requests in the background
2023-11-30 16:03:51.768    app     info:    [ipc-requests] Handling requests in the background
2023-11-30 16:03:52.780    app     info:    [ipc-requests] No longer handling requests in the background
2023-11-30 16:04:20.161    app     info:    [ipc-requests] Handling requests in the background
2023-11-30 16:04:21.168    app     info:    [ipc-requests] No longer handling requests in the background
2023-11-30 16:04:49.942    app     info:    [ipc-requests] Handling requests in the background
2023-11-30 16:04:50.955    app     info:    [ipc-requests] No longer handling requests in the background
2023-11-30 16:05:00.020    app     info:    [ipc-requests] Handling requests in the background
2023-11-30 16:05:01.031    app     info:    [ipc-requests] No longer handling requests in the background
2023-11-30 16:07:01.483    app     info:    [server-manager] Starting refresh cycle for Tranquility
2023-11-30 16:07:01.591    app     info:    [self-update] Checking for a launcher update...
2023-11-30 16:07:01.631    app     info:    [server-manager] Previous Tranquility build: 2438956, current build: 2438956
2023-11-30 16:07:01.631    app     info:    [server-manager] Tranquility build is unchanged.
2023-11-30 16:07:01.635    app     info:    [server-manager] Ready to play!
2023-11-30 16:07:01.638    app     info:    [server-manager] Finished refresh cycle for Tranquility
2023-11-30 16:07:01.876    app     info:    [self-update] Currently running the latest launcher version. Scheduling update check in 5 minutes.
2023-11-30 16:12:01.655    app     info:    [server-manager] Starting refresh cycle for Tranquility
2023-11-30 16:12:01.811    app     info:    [server-manager] Previous Tranquility build: 2438956, current build: 2438956
2023-11-30 16:12:01.811    app     info:    [server-manager] Tranquility build is unchanged.
2023-11-30 16:12:01.815    app     info:    [server-manager] Ready to play!
2023-11-30 16:12:01.818    app     info:    [server-manager] Finished refresh cycle for Tranquility
2023-11-30 16:12:01.886    app     info:    [self-update] Checking for a launcher update...
2023-11-30 16:12:02.174    app     info:    [self-update] Currently running the latest launcher version. Scheduling update check in 5 minutes.
2023-11-30 16:17:01.821    app     info:    [server-manager] Starting refresh cycle for Tranquility
2023-11-30 16:17:01.962    app     info:    [server-manager] Previous Tranquility build: 2438956, current build: 2438956
2023-11-30 16:17:01.962    app     info:    [server-manager] Tranquility build is unchanged.
2023-11-30 16:17:01.966    app     info:    [server-manager] Ready to play!
2023-11-30 16:17:01.969    app     info:    [server-manager] Finished refresh cycle for Tranquility
2023-11-30 16:17:02.183    app     info:    [self-update] Checking for a launcher update...
2023-11-30 16:17:02.484    app     info:    [self-update] Currently running the latest launcher version. Scheduling update check in 5 minutes.
2023-11-30 16:20:43.816    app     info:    [ipc-requests] Handling requests in the background
2023-11-30 16:20:44.824    app     info:    [ipc-requests] No longer handling requests in the background
2023-11-30 16:21:07.810    app     info:    [ipc-requests] Handling requests in the background
2023-11-30 16:21:08.814    app     info:    [ipc-requests] No longer handling requests in the background
2023-11-30 16:21:09.035    app     info:    [ipc-requests] Handling requests in the background
2023-11-30 16:21:10.046    app     info:    [ipc-requests] No longer handling requests in the background
2023-11-30 16:21:13.276    app     info:    [ipc-requests] Handling requests in the background
2023-11-30 16:21:14.289    app     info:    [ipc-requests] No longer handling requests in the background
2023-11-30 16:22:01.973    app     info:    [server-manager] Starting refresh cycle for Tranquility
2023-11-30 16:22:02.409    app     info:    [server-manager] Previous Tranquility build: 2438956, current build: 2438956
2023-11-30 16:22:02.409    app     info:    [server-manager] Tranquility build is unchanged.
2023-11-30 16:22:02.415    app     info:    [server-manager] Ready to play!
2023-11-30 16:22:02.420    app     info:    [server-manager] Finished refresh cycle for Tranquility
2023-11-30 16:22:02.488    app     info:    [self-update] Checking for a launcher update...
2023-11-30 16:22:02.794    app     info:    [self-update] Currently running the latest launcher version. Scheduling update check in 5 minutes.
2023-11-30 16:22:12.701    app     info:    [ipc-requests] Handling requests in the background
2023-11-30 16:22:13.703    app     info:    [ipc-requests] No longer handling requests in the background
2023-11-30 16:27:02.430    app     info:    [server-manager] Starting refresh cycle for Tranquility
2023-11-30 16:27:02.586    app     info:    [server-manager] Previous Tranquility build: 2438956, current build: 2438956
2023-11-30 16:27:02.586    app     info:    [server-manager] Tranquility build is unchanged.
2023-11-30 16:27:02.591    app     info:    [server-manager] Ready to play!
2023-11-30 16:27:02.593    app     info:    [server-manager] Finished refresh cycle for Tranquility
2023-11-30 16:27:02.803    app     info:    [self-update] Checking for a launcher update...
2023-11-30 16:27:03.084    app     info:    [self-update] Currently running the latest launcher version. Scheduling update check in 5 minutes.
2023-11-30 16:32:02.610    app     info:    [server-manager] Starting refresh cycle for Tranquility
2023-11-30 16:32:02.729    app     info:    [server-manager] Previous Tranquility build: 2438956, current build: 2438956
2023-11-30 16:32:02.730    app     info:    [server-manager] Tranquility build is unchanged.
2023-11-30 16:32:02.734    app     info:    [server-manager] Ready to play!
2023-11-30 16:32:02.737    app     info:    [server-manager] Finished refresh cycle for Tranquility
2023-11-30 16:32:03.096    app     info:    [self-update] Checking for a launcher update...
2023-11-30 16:32:03.382    app     info:    [self-update] Currently running the latest launcher version. Scheduling update check in 5 minutes.
2023-11-30 16:37:02.738    app     info:    [server-manager] Starting refresh cycle for Tranquility
2023-11-30 16:37:02.894    app     info:    [server-manager] Previous Tranquility build: 2438956, current build: 2438956
2023-11-30 16:37:02.895    app     info:    [server-manager] Tranquility build is unchanged.
2023-11-30 16:37:02.899    app     info:    [server-manager] Ready to play!
2023-11-30 16:37:02.901    app     info:    [server-manager] Finished refresh cycle for Tranquility
2023-11-30 16:37:03.391    app     info:    [self-update] Checking for a launcher update...
2023-11-30 16:37:03.672    app     info:    [self-update] Currently running the latest launcher version. Scheduling update check in 5 minutes.
2023-11-30 16:42:02.915    app     info:    [server-manager] Starting refresh cycle for Tranquility
2023-11-30 16:42:03.116    app     info:    [server-manager] Previous Tranquility build: 2438956, current build: 2438956
2023-11-30 16:42:03.117    app     info:    [server-manager] Tranquility build is unchanged.
2023-11-30 16:42:03.121    app     info:    [server-manager] Ready to play!
2023-11-30 16:42:03.124    app     info:    [server-manager] Finished refresh cycle for Tranquility
2023-11-30 16:42:03.683    app     info:    [self-update] Checking for a launcher update...
2023-11-30 16:42:03.966    app     info:    [self-update] Currently running the latest launcher version. Scheduling update check in 5 minutes.
2023-11-30 16:47:03.134    app     info:    [server-manager] Starting refresh cycle for Tranquility
2023-11-30 16:47:03.266    app     info:    [server-manager] Previous Tranquility build: 2438956, current build: 2438956
2023-11-30 16:47:03.267    app     info:    [server-manager] Tranquility build is unchanged.
2023-11-30 16:47:03.271    app     info:    [server-manager] Ready to play!
2023-11-30 16:47:03.275    app     info:    [server-manager] Finished refresh cycle for Tranquility
2023-11-30 16:47:03.975    app     info:    [self-update] Checking for a launcher update...
2023-11-30 16:47:04.260    app     info:    [self-update] Currently running the latest launcher version. Scheduling update check in 5 minutes.
2023-11-30 16:52:03.288    app     info:    [server-manager] Starting refresh cycle for Tranquility
2023-11-30 16:52:03.771    app     info:    [server-manager] Previous Tranquility build: 2438956, current build: 2438956
2023-11-30 16:52:03.771    app     info:    [server-manager] Tranquility build is unchanged.
2023-11-30 16:52:03.776    app     info:    [server-manager] Ready to play!
2023-11-30 16:52:03.779    app     info:    [server-manager] Finished refresh cycle for Tranquility
2023-11-30 16:52:04.272    app     info:    [self-update] Checking for a launcher update...
2023-11-30 16:52:04.555    app     info:    [self-update] Currently running the latest launcher version. Scheduling update check in 5 minutes.
2023-11-30 16:57:03.793    app     info:    [server-manager] Starting refresh cycle for Tranquility
2023-11-30 16:57:03.957    app     info:    [server-manager] Previous Tranquility build: 2438956, current build: 2438956
2023-11-30 16:57:03.957    app     info:    [server-manager] Tranquility build is unchanged.
2023-11-30 16:57:03.962    app     info:    [server-manager] Ready to play!
2023-11-30 16:57:03.964    app     info:    [server-manager] Finished refresh cycle for Tranquility
2023-11-30 16:57:04.558    app     info:    [self-update] Checking for a launcher update...
2023-11-30 16:57:04.836    app     info:    [self-update] Currently running the latest launcher version. Scheduling update check in 5 minutes.
2023-11-30 17:02:03.971    app     info:    [server-manager] Starting refresh cycle for Tranquility
2023-11-30 17:02:04.121    app     info:    [server-manager] Previous Tranquility build: 2438956, current build: 2438956
2023-11-30 17:02:04.121    app     info:    [server-manager] Tranquility build is unchanged.
2023-11-30 17:02:04.126    app     info:    [server-manager] Ready to play!
2023-11-30 17:02:04.128    app     info:    [server-manager] Finished refresh cycle for Tranquility
2023-11-30 17:02:04.841    app     info:    [self-update] Checking for a launcher update...
2023-11-30 17:02:05.122    app     info:    [self-update] Currently running the latest launcher version. Scheduling update check in 5 minutes.
2023-11-30 17:07:04.137    app     info:    [server-manager] Starting refresh cycle for Tranquility
2023-11-30 17:07:04.317    app     info:    [server-manager] Previous Tranquility build: 2438956, current build: 2438956
2023-11-30 17:07:04.318    app     info:    [server-manager] Tranquility build is unchanged.
2023-11-30 17:07:04.322    app     info:    [server-manager] Ready to play!
2023-11-30 17:07:04.324    app     info:    [server-manager] Finished refresh cycle for Tranquility
2023-11-30 17:07:05.135    app     info:    [self-update] Checking for a launcher update...
2023-11-30 17:07:05.398    app     info:    [self-update] Currently running the latest launcher version. Scheduling update check in 5 minutes.
2023-11-30 17:12:04.331    app     info:    [server-manager] Starting refresh cycle for Tranquility
2023-11-30 17:12:04.476    app     info:    [server-manager] Previous Tranquility build: 2438956, current build: 2438956
2023-11-30 17:12:04.476    app     info:    [server-manager] Tranquility build is unchanged.
2023-11-30 17:12:04.480    app     info:    [server-manager] Ready to play!
2023-11-30 17:12:04.484    app     info:    [server-manager] Finished refresh cycle for Tranquility
2023-11-30 17:12:05.403    app     info:    [self-update] Checking for a launcher update...
2023-11-30 17:12:05.710    app     info:    [self-update] Currently running the latest launcher version. Scheduling update check in 5 minutes.
2023-11-30 17:17:04.500    app     info:    [server-manager] Starting refresh cycle for Tranquility
2023-11-30 17:17:04.629    app     info:    [server-manager] Previous Tranquility build: 2438956, current build: 2438956
2023-11-30 17:17:04.630    app     info:    [server-manager] Tranquility build is unchanged.
2023-11-30 17:17:04.633    app     info:    [server-manager] Ready to play!
2023-11-30 17:17:04.636    app     info:    [server-manager] Finished refresh cycle for Tranquility
2023-11-30 17:17:05.713    app     info:    [self-update] Checking for a launcher update...
2023-11-30 17:17:06.013    app     info:    [self-update] Currently running the latest launcher version. Scheduling update check in 5 minutes.
2023-11-30 17:22:04.650    app     info:    [server-manager] Starting refresh cycle for Tranquility
2023-11-30 17:22:04.785    app     info:    [server-manager] Previous Tranquility build: 2438956, current build: 2438956
2023-11-30 17:22:04.785    app     info:    [server-manager] Tranquility build is unchanged.
2023-11-30 17:22:04.790    app     info:    [server-manager] Ready to play!
2023-11-30 17:22:04.792    app     info:    [server-manager] Finished refresh cycle for Tranquility
2023-11-30 17:22:06.020    app     info:    [self-update] Checking for a launcher update...
2023-11-30 17:22:06.335    app     info:    [self-update] Currently running the latest launcher version. Scheduling update check in 5 minutes.
2023-11-30 17:23:37.379    app     info:    [creatives] Requesting creatives
2023-11-30 17:23:37.505    app     info:    [creatives] Received 3 creatives
2023-11-30 17:23:38.190    app     info:    [ipc-requests] Handling requests in the background
2023-11-30 17:23:39.200    app     info:    [ipc-requests] No longer handling requests in the background
2023-11-30 17:23:42.462    app     info:    [ipc-requests] Handling requests in the background
2023-11-30 17:23:43.464    app     info:    [ipc-requests] No longer handling requests in the background
2023-11-30 17:24:03.261    app     info:    [ipc-requests] Handling requests in the background
2023-11-30 17:24:04.272    app     info:    [ipc-requests] No longer handling requests in the background
2023-11-30 17:24:10.255    app     info:    [ipc-requests] Handling requests in the background
2023-11-30 17:24:11.269    app     info:    [ipc-requests] No longer handling requests in the background
2023-11-30 17:24:19.348    app     info:    [ipc-requests] Handling requests in the background
2023-11-30 17:24:20.359    app     info:    [ipc-requests] No longer handling requests in the background
2023-11-30 17:24:25.822    app     info:    [ipc-requests] Handling requests in the background
2023-11-30 17:24:26.836    app     info:    [ipc-requests] No longer handling requests in the background
2023-11-30 17:24:28.029    app     info:    [ipc-requests] Handling requests in the background
2023-11-30 17:24:29.035    app     info:    [ipc-requests] No longer handling requests in the background
2023-11-30 17:24:33.236    app     info:    [ipc-requests] Handling requests in the background
2023-11-30 17:24:34.244    app     info:    [ipc-requests] No longer handling requests in the background
2023-11-30 17:24:36.553    app     info:    [ipc-requests] Handling requests in the background
2023-11-30 17:24:37.563    app     info:    [ipc-requests] No longer handling requests in the background
2023-11-30 17:24:41.327    app     info:    [ipc-requests] Handling requests in the background
2023-11-30 17:24:42.336    app     info:    [ipc-requests] No longer handling requests in the background
2023-11-30 17:27:04.807    app     info:    [server-manager] Starting refresh cycle for Tranquility
2023-11-30 17:27:05.207    app     info:    [server-manager] Previous Tranquility build: 2438956, current build: 2438956
2023-11-30 17:27:05.208    app     info:    [server-manager] Tranquility build is unchanged.
2023-11-30 17:27:05.212    app     info:    [server-manager] Ready to play!
2023-11-30 17:27:05.215    app     info:    [server-manager] Finished refresh cycle for Tranquility
2023-11-30 17:27:06.343    app     info:    [self-update] Checking for a launcher update...
2023-11-30 17:27:06.626    app     info:    [self-update] Currently running the latest launcher version. Scheduling update check in 5 minutes.
2023-11-30 17:32:05.218    app     info:    [server-manager] Starting refresh cycle for Tranquility
2023-11-30 17:32:05.461    app     info:    [server-manager] Previous Tranquility build: 2438956, current build: 2438956
2023-11-30 17:32:05.461    app     info:    [server-manager] Tranquility build is unchanged.
2023-11-30 17:32:05.465    app     info:    [server-manager] Ready to play!
2023-11-30 17:32:05.468    app     info:    [server-manager] Finished refresh cycle for Tranquility
2023-11-30 17:32:06.635    app     info:    [self-update] Checking for a launcher update...
2023-11-30 17:32:06.903    app     info:    [self-update] Currently running the latest launcher version. Scheduling update check in 5 minutes.
2023-11-30 17:37:05.477    app     info:    [server-manager] Starting refresh cycle for Tranquility
2023-11-30 17:37:05.615    app     info:    [server-manager] Previous Tranquility build: 2438956, current build: 2438956
2023-11-30 17:37:05.615    app     info:    [server-manager] Tranquility build is unchanged.
2023-11-30 17:37:05.618    app     info:    [server-manager] Ready to play!
2023-11-30 17:37:05.621    app     info:    [server-manager] Finished refresh cycle for Tranquility
2023-11-30 17:37:06.908    app     info:    [self-update] Checking for a launcher update...
2023-11-30 17:37:07.190    app     info:    [self-update] Currently running the latest launcher version. Scheduling update check in 5 minutes.
2023-11-30 17:38:26.148    app     info:    [ipc-requests] Handling requests in the background
2023-11-30 17:38:27.156    app     info:    [ipc-requests] No longer handling requests in the background
2023-11-30 17:38:38.054    app     info:    [ipc-requests] Handling requests in the background
2023-11-30 17:38:39.068    app     info:    [ipc-requests] No longer handling requests in the background
2023-11-30 17:40:18.087    app     info:    [ipc-requests] Handling requests in the background
2023-11-30 17:40:19.099    app     info:    [ipc-requests] No longer handling requests in the background
2023-11-30 17:40:56.421    app     info:    [ipc-requests] Handling requests in the background
2023-11-30 17:40:57.435    app     info:    [ipc-requests] No longer handling requests in the background
2023-11-30 17:42:05.637    app     info:    [server-manager] Starting refresh cycle for Tranquility
2023-11-30 17:42:05.769    app     info:    [server-manager] Previous Tranquility build: 2438956, current build: 2438956
2023-11-30 17:42:05.769    app     info:    [server-manager] Tranquility build is unchanged.
2023-11-30 17:42:05.773    app     info:    [server-manager] Ready to play!
2023-11-30 17:42:05.775    app     info:    [server-manager] Finished refresh cycle for Tranquility
2023-11-30 17:42:07.194    app     info:    [self-update] Checking for a launcher update...
2023-11-30 17:42:07.466    app     info:    [self-update] Currently running the latest launcher version. Scheduling update check in 5 minutes.
2023-11-30 17:42:52.071    app     info:    [ipc-requests] Handling requests in the background
2023-11-30 17:42:53.080    app     info:    [ipc-requests] No longer handling requests in the background
2023-11-30 17:42:55.121    app     info:    [ipc-requests] Handling requests in the background
2023-11-30 17:42:56.135    app     info:    [ipc-requests] No longer handling requests in the background
2023-11-30 17:47:05.783    app     info:    [server-manager] Starting refresh cycle for Tranquility
2023-11-30 17:47:05.982    app     info:    [server-manager] Previous Tranquility build: 2438956, current build: 2438956
2023-11-30 17:47:05.982    app     info:    [server-manager] Tranquility build is unchanged.
2023-11-30 17:47:05.986    app     info:    [server-manager] Ready to play!
2023-11-30 17:47:05.989    app     info:    [server-manager] Finished refresh cycle for Tranquility
2023-11-30 17:47:07.483    app     info:    [self-update] Checking for a launcher update...
2023-11-30 17:47:07.769    app     info:    [self-update] Currently running the latest launcher version. Scheduling update check in 5 minutes.
2023-11-30 17:52:06.000    app     info:    [server-manager] Starting refresh cycle for Tranquility
2023-11-30 17:52:06.128    app     info:    [server-manager] Previous Tranquility build: 2438956, current build: 2438956
2023-11-30 17:52:06.128    app     info:    [server-manager] Tranquility build is unchanged.
2023-11-30 17:52:06.132    app     info:    [server-manager] Ready to play!
2023-11-30 17:52:06.135    app     info:    [server-manager] Finished refresh cycle for Tranquility
2023-11-30 17:52:07.771    app     info:    [self-update] Checking for a launcher update...
2023-11-30 17:52:08.036    app     info:    [self-update] Currently running the latest launcher version. Scheduling update check in 5 minutes.
2023-11-30 17:52:56.006    app     info:    [client-manager] 'tranquility' for EVE game client for '29280260' exited with no errors.
2023-11-30 17:52:56.008    app     info:    [elg-events] Sending event    eve_launcher.electron.eve_client.GameClientExited
2023-11-30 17:52:56.014    app     info:    [server-manager] Starting refresh cycle for Tranquility
2023-11-30 17:52:56.151    app     info:    [server-manager] Previous Tranquility build: 2438956, current build: 2438956
2023-11-30 17:52:56.152    app     info:    [server-manager] Tranquility build is unchanged.
2023-11-30 17:52:56.156    app     info:    [server-manager] Ready to play!
2023-11-30 17:52:56.158    app     info:    [server-manager] Finished refresh cycle for Tranquility
2023-11-30 17:53:04.158    app     info:    [main-window] Main window minimized to tray    { windowId: 2 }
2023-11-30 17:53:04.180    app     info:    [main-window] Sent notification that the application is minimized to tray    { windowId: 2 }
2023-11-30 17:53:04.185    app     info:    [ipc-requests] Handling requests in the background
2023-11-30 17:53:05.191    app     info:    [ipc-requests] No longer handling requests in the background
2023-11-30 17:57:08.044    app     info:    [self-update] Checking for a launcher update...
2023-11-30 17:57:08.340    app     info:    [self-update] Currently running the latest launcher version. Scheduling update check in 5 minutes.
2023-11-30 17:57:56.164    app     info:    [server-manager] Starting refresh cycle for Tranquility
2023-11-30 17:57:56.281    app     info:    [server-manager] Previous Tranquility build: 2438956, current build: 2438956
2023-11-30 17:57:56.282    app     info:    [server-manager] Tranquility build is unchanged.
2023-11-30 17:57:56.286    app     info:    [server-manager] Ready to play!
2023-11-30 17:57:56.288    app     info:    [server-manager] Finished refresh cycle for Tranquility
2023-11-30 17:58:31.096    app     info:    Second instance    [
  'C:\\Users\\Dmytro\\AppData\\Local\\eve-online\\app-0.4.10\\eve-online.exe',
  '--allow-file-access-from-files',
  '--secure-schemes',
  '--bypasscsp-schemes=sentry-ipc',
  '--cors-schemes=sentry-ipc',
  '--fetch-schemes=sentry-ipc',
  '--service-worker-schemes',
  '--standard-schemes',
  '--streaming-schemes'
]
2023-11-30 17:58:31.103    app     info:    [tray] Main window restored from second instance    { windowId: 2 }
2023-11-30 17:58:35.261    app     info:    [client-queue] Queued client startup    {
  tenant: 'tranquility',
  userId: 29280260,
  characterId: 2121853336,
  profile: ''
}
2023-11-30 17:58:35.263    app     info:    [elg-events] Sending event    eve_launcher.electron.eve_client.ClientQueued
2023-11-30 17:58:35.263    app     info:    [client-queue] No clients running for tranquility, copying files before starting a client
2023-11-30 17:58:35.268    app     info:    [elg-events] Sending event    eve_launcher.electron.eve_client.CopyingFilesStarted
2023-11-30 17:58:35.268    app     info:    [binary-copier] Copying 198 files (216 MB) to 'C:\CCP\EVE Online\tq'
2023-11-30 17:58:35.283    app     info:    [binary-copier] Removing old binaries
2023-11-30 17:58:35.298    app     info:    [binary-copier] Copying binaries from ResFiles
2023-11-30 17:58:35.711    app     info:    [binary-copier] Finished copying 198 files to 'C:\CCP\EVE Online\tq' in 0.445 seconds
2023-11-30 17:58:35.713    app     info:    [elg-events] Sending event    eve_launcher.electron.eve_client.CopyingFilesFinished
2023-11-30 17:58:35.717    app     info:    [client-manager] Starting EVE Online game client.    C:\CCP\EVE Online\tq\bin64\exefile.exe    Map(11) {
  'noconsole' => '/noconsole',
  'server' => '/server:tranquility.servers.eveonline.com',
  'triplatform' => '/triplatform=dx12',
  'ssotoken' => '/ssoToken=***',
  'refreshtoken' => '/refreshToken=***',
  'settingsprofile' => '/settingsprofile=Default',
  'deviceid' => '/deviceID=4a436adb-4b99-40a7-85b0-42e206f41286',
  'autoselectcharacter' => '/autoSelectCharacter:2121853336',
  'language' => '/language=en',
  'exp' => '1701435091',
  'tokenExpires' => '2023-12-01 14:51:31.000'
}    29280260
2023-11-30 17:58:35.719    app     info:    [elg-events] Sending event    eve_launcher.electron.eve_client.GameClientStartRequested
2023-11-30 17:58:35.745    app     info:    [elg-events] Sending event    eve_launcher.electron.eve_client.TemporaryClientProcessAdded
2023-11-30 17:58:35.747    app     info:    [client-queue] Started client from group startup    {
  tenant: 'tranquility',
  characterId: 2121853336,
  profile: '',
  userId: 29280260
}
2023-11-30 17:58:36.252    app     info:    [elg-events] Sending event    eve_launcher.electron.eve_client.TemporaryClientProcessMonitoringRetried
2023-11-30 17:58:36.255    app     info:    [client-manager] Found 'tranquility' client for '29280260' running:     {
  processId: 2492,
  createdDate: 1701367115781,
  userId: 29280260,
  characterId: 2121853336,
  profile: 'Default',
  dxVersion: 'dx12'
}
2023-11-30 17:58:36.261    app     info:    [elg-events] Sending event    eve_launcher.electron.eve_client.GameClientStarted
2023-11-30 17:58:36.265    app     info:    [elg-events] Sending event    eve_launcher.electron.eve_client.TemporaryClientProcessRemoved
2023-11-30 17:58:36.760    app     info:    [client-queue] Queue has stopped running, no more clients pending startup.
2023-11-30 18:02:08.343    app     info:    [self-update] Checking for a launcher update...
2023-11-30 18:02:08.628    app     info:    [self-update] Currently running the latest launcher version. Scheduling update check in 5 minutes.
2023-11-30 18:02:56.295    app     info:    [server-manager] Starting refresh cycle for Tranquility
2023-11-30 18:02:56.721    app     info:    [server-manager] Previous Tranquility build: 2438956, current build: 2438956
2023-11-30 18:02:56.721    app     info:    [server-manager] Tranquility build is unchanged.
2023-11-30 18:02:56.725    app     info:    [server-manager] Ready to play!
2023-11-30 18:02:56.727    app     info:    [server-manager] Finished refresh cycle for Tranquility
2023-11-30 18:07:08.641    app     info:    [self-update] Checking for a launcher update...
2023-11-30 18:07:08.928    app     info:    [self-update] Currently running the latest launcher version. Scheduling update check in 5 minutes.
2023-11-30 18:07:56.732    app     info:    [server-manager] Starting refresh cycle for Tranquility
2023-11-30 18:07:56.860    app     info:    [server-manager] Previous Tranquility build: 2438956, current build: 2438956
2023-11-30 18:07:56.860    app     info:    [server-manager] Tranquility build is unchanged.
2023-11-30 18:07:56.864    app     info:    [server-manager] Ready to play!
2023-11-30 18:07:56.867    app     info:    [server-manager] Finished refresh cycle for Tranquility
2023-11-30 18:12:08.935    app     info:    [self-update] Checking for a launcher update...
2023-11-30 18:12:09.219    app     info:    [self-update] Currently running the latest launcher version. Scheduling update check in 5 minutes.
2023-11-30 18:12:56.869    app     info:    [server-manager] Starting refresh cycle for Tranquility
2023-11-30 18:12:57.035    app     info:    [server-manager] Previous Tranquility build: 2438956, current build: 2438956
2023-11-30 18:12:57.035    app     info:    [server-manager] Tranquility build is unchanged.
2023-11-30 18:12:57.039    app     info:    [server-manager] Ready to play!
2023-11-30 18:12:57.041    app     info:    [server-manager] Finished refresh cycle for Tranquility
2023-11-30 18:13:07.594    app     info:    [ipc-requests] Handling requests in the background
2023-11-30 18:13:08.598    app     info:    [ipc-requests] No longer handling requests in the background
2023-11-30 18:14:00.615    app     info:    [ipc-requests] Handling requests in the background
2023-11-30 18:14:01.625    app     info:    [ipc-requests] No longer handling requests in the background
2023-11-30 18:14:05.148    app     info:    [ipc-requests] Handling requests in the background
2023-11-30 18:14:06.148    app     info:    [ipc-requests] No longer handling requests in the background
2023-11-30 18:14:54.590    app     info:    [ipc-requests] Handling requests in the background
2023-11-30 18:14:55.597    app     info:    [ipc-requests] No longer handling requests in the background
2023-11-30 18:14:56.913    app     info:    [ipc-requests] Handling requests in the background
2023-11-30 18:14:57.916    app     info:    [ipc-requests] No longer handling requests in the background
2023-11-30 18:15:42.140    app     info:    [ipc-requests] Handling requests in the background
2023-11-30 18:15:43.155    app     info:    [ipc-requests] No longer handling requests in the background
2023-11-30 18:16:02.096    app     info:    [main-window] Main window minimized to tray    { windowId: 2 }
2023-11-30 18:16:02.102    app     info:    [ipc-requests] Handling requests in the background
2023-11-30 18:16:03.117    app     info:    [ipc-requests] No longer handling requests in the background
2023-11-30 18:17:09.234    app     info:    [self-update] Checking for a launcher update...
2023-11-30 18:17:09.519    app     info:    [self-update] Currently running the latest launcher version. Scheduling update check in 5 minutes.
2023-11-30 18:17:57.047    app     info:    [server-manager] Starting refresh cycle for Tranquility
2023-11-30 18:17:57.219    app     info:    [server-manager] Previous Tranquility build: 2438956, current build: 2438956
2023-11-30 18:17:57.219    app     info:    [server-manager] Tranquility build is unchanged.
2023-11-30 18:17:57.223    app     info:    [server-manager] Ready to play!
2023-11-30 18:17:57.225    app     info:    [server-manager] Finished refresh cycle for Tranquility
2023-11-30 18:22:09.533    app     info:    [self-update] Checking for a launcher update...
2023-11-30 18:22:09.802    app     info:    [self-update] Currently running the latest launcher version. Scheduling update check in 5 minutes.
2023-11-30 18:22:57.233    app     info:    [server-manager] Starting refresh cycle for Tranquility
2023-11-30 18:22:57.393    app     info:    [server-manager] Previous Tranquility build: 2438956, current build: 2438956
2023-11-30 18:22:57.393    app     info:    [server-manager] Tranquility build is unchanged.
2023-11-30 18:22:57.399    app     info:    [server-manager] Ready to play!
2023-11-30 18:22:57.402    app     info:    [server-manager] Finished refresh cycle for Tranquility
2023-11-30 18:26:22.513    app     info:    [client-manager] 'tranquility' for EVE game client for '29280260' exited with no errors.
2023-11-30 18:26:22.515    app     info:    [elg-events] Sending event    eve_launcher.electron.eve_client.GameClientExited
2023-11-30 18:26:22.521    app     info:    [server-manager] Starting refresh cycle for Tranquility
2023-11-30 18:26:22.621    app     info:    [server-manager] Previous Tranquility build: 2438956, current build: 2438956
2023-11-30 18:26:22.621    app     info:    [server-manager] Tranquility build is unchanged.
2023-11-30 18:26:22.625    app     info:    [server-manager] Ready to play!
2023-11-30 18:26:22.627    app     info:    [server-manager] Finished refresh cycle for Tranquility
2023-11-30 18:26:25.045    app     info:    [tray] Quitting application from tray
2023-11-30 18:26:25.047    app     info:    Application quitting. Cleanup needed: true
2023-11-30 18:26:25.049    app     info:    [elg-events] Sending event    eve_launcher.electron.application.LauncherShutdown
2023-11-30 18:26:25.050    app     info:    app.quit called, but we are still sending ELG events.
2023-11-30 18:26:25.656    app     info:    ELG stream closed, quitting.
2023-11-30 18:26:25.658    app     info:    [main-window] Main window closing    { windowId: 2 }
2023-11-30 18:26:25.670    app     info:    Application closed    0
