2023-12-05 19:52:24.891    app     info:    Startup arguments    []
2023-12-05 19:52:24.896    app     info:    [self-update] Starting automatic update checks
2023-12-05 19:52:24.897    app     info:    [self-update] Checking for a launcher update...
2023-12-05 19:52:25.050    app     info:    [i18next] Changed language    en
2023-12-05 19:52:25.163    app     info:    [authentication] Token for '16492377' on 'tranquility' is expired, refresh is required
2023-12-05 19:52:25.163    app     info:    [authentication] Refreshing token for '16492377' on 'tranquility'
2023-12-05 19:52:25.164    app     info:    [authentication] Token for '17525312' on 'tranquility' is expired, refresh is required
2023-12-05 19:52:25.164    app     info:    [authentication] Refreshing token for '17525312' on 'tranquility'
2023-12-05 19:52:25.165    app     info:    [authentication] Token for '25218835' on 'tranquility' is expired, refresh is required
2023-12-05 19:52:25.165    app     info:    [authentication] Refreshing token for '25218835' on 'tranquility'
2023-12-05 19:52:25.166    app     info:    [customer-information] Getting character information for '29280260' on 'tranquility'
2023-12-05 19:52:25.166    app     info:    [customer-information] Getting Omega status for '29280260' on 'tranquility'
2023-12-05 19:52:25.167    app     info:    [virtual-goods] Getting Plex status for '29280260' on 'tranquility'
2023-12-05 19:52:25.168    app     info:    [customer-information] Getting character information for '29285645' on 'tranquility'
2023-12-05 19:52:25.169    app     info:    [customer-information] Getting Omega status for '29285645' on 'tranquility'
2023-12-05 19:52:25.169    app     info:    [virtual-goods] Getting Plex status for '29285645' on 'tranquility'
2023-12-05 19:52:25.169    app     info:    [authentication] Token for '18034259' on 'tranquility' is expired, refresh is required
2023-12-05 19:52:25.169    app     info:    [authentication] Refreshing token for '18034259' on 'tranquility'
2023-12-05 19:52:25.170    app     info:    [authentication] Token for '28182799' on 'tranquility' is expired, refresh is required
2023-12-05 19:52:25.170    app     info:    [authentication] Refreshing token for '28182799' on 'tranquility'
2023-12-05 19:52:25.170    app     info:    [authentication] Token for '2110311' on 'tranquility' is expired, refresh is required
2023-12-05 19:52:25.170    app     info:    [authentication] Refreshing token for '2110311' on 'tranquility'
2023-12-05 19:52:25.171    app     info:    [device-id] Device id found in state
2023-12-05 19:52:25.174    app     info:    [analytics] Application name:    EVE Online
2023-12-05 19:52:25.175    app     info:    [analytics] Application version:    0.4.10
2023-12-05 19:52:25.175    app     info:    [analytics] Domain    undefined
2023-12-05 19:52:25.175    app     info:    [analytics] Working directory    C:\Users\REDACTED\AppData\Local\eve-online\app-0.4.10
2023-12-05 19:52:25.176    app     info:    [analytics] Username contains UTF8?    false
2023-12-05 19:52:25.984    app     info:    [elg-events] Sending event    eve_launcher.electron.application.PdmLoaded
2023-12-05 19:52:25.987    app     info:    [analytics] Operating system    {
  type: 'Windows',
  name: 'Windows 10 Education',
  version: '10.0 (19045)'
}
2023-12-05 19:52:25.987    app     info:    [analytics] Encryption available:    true
2023-12-05 19:52:25.988    app     info:    [analytics] Machine UUID    4E9F516C-5B97-47C6-8C67-E93D943CB7C8
2023-12-05 19:52:25.988    app     info:    [analytics] PDM Version    2.1.4
2023-12-05 19:52:25.988    app     info:    [analytics] Release channel    release
2023-12-05 19:52:25.991    app     info:    [initializers] Shared cache directory set to    C:\CCP\EVE Online
2023-12-05 19:52:26.024    app     info:    [initializers] Shared cache drive free space: 105,66 GiB / 465,75 GiB
2023-12-05 19:52:26.033    app     info:    [elg-events] Sending event    eve_launcher.electron.application.LauncherStarted
2023-12-05 19:52:26.036    app     info:    [elg-events] Sending event    eve_launcher.electron.application.CoreDataLoaded
2023-12-05 19:52:26.037    app     info:    [initializers] Starting up with product EVE Online
2023-12-05 19:52:26.039    app     info:    [cdn-trace] Fetching CDN trace data from https://binaries.eveonline.com/cdn-cgi/trace
2023-12-05 19:52:26.056    app     info:    [feature-flags] Initializing feature flag client
2023-12-05 19:52:26.142    app     info:    [elg-events] Sending event    eve_launcher.electron.application.LauncherUpdateFound
2023-12-05 19:52:26.142    app     info:    [self-update] A new launcher version is available, the update is being downloaded.
2023-12-05 19:52:26.184    app     info:    [first-run] First application run was at 2023-11-27T10:29:20.506Z
2023-12-05 19:52:26.228    app     info:    [cache-protocol] Found 2 entries to remove
2023-12-05 19:52:26.232    app     info:    [cache-protocol] Cleaned 2 entries
2023-12-05 19:52:26.232    app     info:    [cache-protocol] Checking 2 folders to clean
2023-12-05 19:52:26.274    app     info:    [client-manager] No clients running anymore on 'tranquility'
2023-12-05 19:52:26.281    app     info:    [elg-events] Sending event    eve_launcher.electron.eve_client.GameClientClosedSinceLastSession
2023-12-05 19:52:26.283    app     info:    [server-manager] Starting refresh cycle for Tranquility
2023-12-05 19:52:26.286    app     info:    [virtual-goods] Fetched Plex status for '29280260' on 'tranquility'
2023-12-05 19:52:26.299    app     info:    [customer-information] Agreements have been updated
2023-12-05 19:52:26.312    app     info:    [esi] Fetching character details for 2121853336
2023-12-05 19:52:26.371    app     info:    info: [LaunchDarkly] LaunchDarkly client initialized    []
2023-12-05 19:52:26.372    app     info:    info: [LaunchDarkly] Opening stream connection to https://clientstream.launchdarkly.com/eval/64c3d12e27a4b11365012d39/eyJrZXkiOiI0YTQzNmFkYi00Yjk5LTQwYTctODViMC00MmUyMDZmNDEyODYiLCJraW5kIjoidXNlciIsImN1c3RvbSI6eyJpc0ZpcnN0UnVuIjpmYWxzZSwiZGF5c1NpbmNlRmlyc3RSdW4iOjgsImxhbmd1YWdlIjoiZW4iLCJhcHBsaWNhdGlvbiI6ImV2ZS1vbmxpbmUiLCJ2ZXJzaW9uIjoiMC40LjEwIiwicGxhdGZvcm0iOiJ3aW5kb3dzIiwib3NWZXJzaW9uRGVwcmVjYXRlZCI6ZmFsc2UsInVzZXJJZHMiOlsxNjQ5MjM3NywxNzUyNTMxMiwxODAzNDI1OSwyMTEwMzExLDI1MjE4ODM1LDI4MTgyNzk5LDI5MjgwMjYwLDI5Mjg1NjQ1XSwiY2hhcmFjdGVySWRzIjpbMjExMzg3NTEzOSwyMTE0NjU2MTI3LDIxMTUwMzE4OTAsMjExNTQ1NzI5MSwyMTE5MzYxODkxLDIxMjAzNDc2MzUsMjEyMTE3NDU0NSwyMTIxMTc0ODcxLDIxMjExNzc5NzMsMjEyMTE3ODM5NiwyMTIxODUzMzM2LDU3ODU2NDM5NF0sIm9tZWdhQ291bnQiOjAsImFscGhhQ291bnQiOjgsImFjY291bnRDb3VudCI6OCwib2xkZXN0QWNjb3VudEFnZSI6NTk5MiwieW91bmdlc3RBY2NvdW50QWdlIjo0fX0?withReasons=true    []
2023-12-05 19:52:26.373    app     info:    [feature-flags] Client 4a436adb... ready, fetching flags
2023-12-05 19:52:26.380    app     info:    [feature-flags] Received 14 flags for client 4a436adb...
2023-12-05 19:52:26.380    app     info:    [feature-flags] Client initialized with key 4a436adb...
2023-12-05 19:52:26.399    app     info:    [authentication] Token for '18034259' on 'tranquility' has been successfully refreshed
2023-12-05 19:52:26.400    app     info:    [elg-events] Sending event    eve_launcher.electron.authentication.UserTokensRefreshed
2023-12-05 19:52:26.402    app     info:    [customer-information] Getting character information for '18034259' on 'tranquility'
2023-12-05 19:52:26.402    app     info:    [customer-information] Getting Omega status for '18034259' on 'tranquility'
2023-12-05 19:52:26.402    app     info:    [virtual-goods] Getting Plex status for '18034259' on 'tranquility'
2023-12-05 19:52:26.412    app     info:    [authentication] Token for '25218835' on 'tranquility' has been successfully refreshed
2023-12-05 19:52:26.413    app     info:    [elg-events] Sending event    eve_launcher.electron.authentication.UserTokensRefreshed
2023-12-05 19:52:26.414    app     info:    [customer-information] Getting character information for '25218835' on 'tranquility'
2023-12-05 19:52:26.415    app     info:    [customer-information] Getting Omega status for '25218835' on 'tranquility'
2023-12-05 19:52:26.415    app     info:    [virtual-goods] Getting Plex status for '25218835' on 'tranquility'
2023-12-05 19:52:26.424    app     info:    [authentication] Token for '17525312' on 'tranquility' has been successfully refreshed
2023-12-05 19:52:26.425    app     info:    [elg-events] Sending event    eve_launcher.electron.authentication.UserTokensRefreshed
2023-12-05 19:52:26.426    app     info:    [customer-information] Getting character information for '17525312' on 'tranquility'
2023-12-05 19:52:26.426    app     info:    [customer-information] Getting Omega status for '17525312' on 'tranquility'
2023-12-05 19:52:26.426    app     info:    [virtual-goods] Getting Plex status for '17525312' on 'tranquility'
2023-12-05 19:52:26.435    app     info:    [authentication] Token for '16492377' on 'tranquility' has been successfully refreshed
2023-12-05 19:52:26.437    app     info:    [elg-events] Sending event    eve_launcher.electron.authentication.UserTokensRefreshed
2023-12-05 19:52:26.438    app     info:    [customer-information] Getting character information for '16492377' on 'tranquility'
2023-12-05 19:52:26.438    app     info:    [customer-information] Getting Omega status for '16492377' on 'tranquility'
2023-12-05 19:52:26.438    app     info:    [virtual-goods] Getting Plex status for '16492377' on 'tranquility'
2023-12-05 19:52:26.447    app     info:    [authentication] Token for '2110311' on 'tranquility' has been successfully refreshed
2023-12-05 19:52:26.448    app     info:    [elg-events] Sending event    eve_launcher.electron.authentication.UserTokensRefreshed
2023-12-05 19:52:26.449    app     info:    [customer-information] Getting character information for '2110311' on 'tranquility'
2023-12-05 19:52:26.449    app     info:    [customer-information] Getting Omega status for '2110311' on 'tranquility'
2023-12-05 19:52:26.450    app     info:    [virtual-goods] Getting Plex status for '2110311' on 'tranquility'
2023-12-05 19:52:26.462    app     info:    [virtual-goods] Fetched Plex status for '29285645' on 'tranquility'
2023-12-05 19:52:26.471    app     info:    [server-manager] Previous Tranquility build: 2443636, current build: 2443636
2023-12-05 19:52:26.471    app     info:    [server-manager] Tranquility build is unchanged.
2023-12-05 19:52:26.476    app     info:    [server-manager] Ready to play!
2023-12-05 19:52:26.479    app     info:    [server-manager] Finished refresh cycle for Tranquility
2023-12-05 19:52:26.568    app     info:    [virtual-goods] Fetched Plex status for '17525312' on 'tranquility'
2023-12-05 19:52:26.581    app     info:    [esi] Fetching character details for 2113875139, 2121174871
2023-12-05 19:52:26.589    app     info:    [virtual-goods] Fetched Plex status for '18034259' on 'tranquility'
2023-12-05 19:52:26.595    app     info:    [esi] Fetching character details for 2114656127, 2121178396
2023-12-05 19:52:26.603    app     info:    [esi] Fetching character details for 2115031890, 2121177973
2023-12-05 19:52:26.612    app     info:    [esi] Fetching character details for 578564394, 2115457291
2023-12-05 19:52:26.634    app     info:    [AuthenticationMiddleware] User information updated
2023-12-05 19:52:26.636    app     info:    [esi] Fetching character details for 2119361891, 2120347635
2023-12-05 19:52:26.647    app     info:    [authentication] Token for '28182799' on 'tranquility' has been successfully refreshed
2023-12-05 19:52:26.649    app     info:    [elg-events] Sending event    eve_launcher.electron.authentication.UserTokensRefreshed
2023-12-05 19:52:26.650    app     info:    [customer-information] Getting character information for '28182799' on 'tranquility'
2023-12-05 19:52:26.650    app     info:    [customer-information] Getting Omega status for '28182799' on 'tranquility'
2023-12-05 19:52:26.650    app     info:    [virtual-goods] Getting Plex status for '28182799' on 'tranquility'
2023-12-05 19:52:26.658    app     info:    [AuthenticationMiddleware] Successfully restored 10 / 10 users
2023-12-05 19:52:26.737    app     info:    [virtual-goods] Fetched Plex status for '16492377' on 'tranquility'
2023-12-05 19:52:26.742    app     info:    [virtual-goods] Fetched Plex status for '2110311' on 'tranquility'
2023-12-05 19:52:26.747    app     info:    [AuthenticationMiddleware] User information updated
2023-12-05 19:52:26.761    app     info:    [virtual-goods] Fetched Plex status for '25218835' on 'tranquility'
2023-12-05 19:52:26.781    app     info:    [AuthenticationMiddleware] User information updated
2023-12-05 19:52:26.784    app     info:    [virtual-goods] Fetched Plex status for '28182799' on 'tranquility'
2023-12-05 19:52:26.798    app     info:    [AuthenticationMiddleware] User information updated
2023-12-05 19:52:26.807    app     info:    [esi] Fetching character details for 2121174545
2023-12-05 19:52:26.814    app     info:    [AuthenticationMiddleware] User information updated
2023-12-05 19:52:26.823    app     info:    [esi] Fetched 1 character details for 29280260
2023-12-05 19:52:26.900    app     info:    [AuthenticationMiddleware] User information updated
2023-12-05 19:52:27.068    app     warn:    [steam-auth] Failed to initialize Steamworks client
2023-12-05 19:52:27.074    app     info:    [main-window] Registering main window    { windowId: 2 }
2023-12-05 19:52:27.085    app     info:    [cdn-trace] Fetching CDN trace data from https://binaries.eveonline.com/cdn-cgi/trace
2023-12-05 19:52:27.086    app     info:    [creatives] Requesting creatives
2023-12-05 19:52:27.099    app     info:    [elg-events] Sending event    eve_launcher.electron.application.RendererLoaded
2023-12-05 19:52:27.102    app     info:    [esi] Fetched 2 character details for 18034259
2023-12-05 19:52:27.104    app     info:    [esi] Fetched 2 character details for 2110311
2023-12-05 19:52:27.106    app     info:    [esi] Fetched 2 character details for 17525312
2023-12-05 19:52:27.109    app     info:    [esi] Fetched 2 character details for 25218835
2023-12-05 19:52:27.217    app     info:    [creatives] Received 3 creatives
2023-12-05 19:52:27.312    app     info:    [esi] Fetched 1 character details for 28182799
2023-12-05 19:52:27.853     ui     info:    Initializing captcha    ccp://launcher/renderer/main_window/index.js    2
2023-12-05 19:52:28.297    app     info:    [esi] Fetched 2 character details for 16492377
2023-12-05 19:52:30.453    app     info:    [client-queue] Queued client startup    {
  tenant: 'tranquility',
  userId: 29280260,
  characterId: 2121853336,
  profile: ''
}
2023-12-05 19:52:30.455    app     info:    [elg-events] Sending event    eve_launcher.electron.eve_client.ClientQueued
2023-12-05 19:52:30.456    app     info:    [client-queue] No clients running for tranquility, copying files before starting a client
2023-12-05 19:52:30.462    app     info:    [elg-events] Sending event    eve_launcher.electron.eve_client.CopyingFilesStarted
2023-12-05 19:52:30.464    app     info:    [binary-copier] Copying 198 files (217 MB) to 'C:\CCP\EVE Online\tq'
2023-12-05 19:52:30.588    app     info:    [binary-copier] Removing old binaries
2023-12-05 19:52:30.604    app     info:    [binary-copier] Copying binaries from ResFiles
2023-12-05 19:52:31.054    app     info:    [binary-copier] Finished copying 198 files to 'C:\CCP\EVE Online\tq' in 0.594 seconds
2023-12-05 19:52:31.056    app     info:    [elg-events] Sending event    eve_launcher.electron.eve_client.CopyingFilesFinished
2023-12-05 19:52:31.061    app     info:    [client-manager] Starting EVE Online game client.    C:\CCP\EVE Online\tq\bin64\exefile.exe    Map(11) {
  'noconsole' => '/noconsole',
  'server' => '/server:tranquility.servers.eveonline.com',
  'triplatform' => '/triplatform=dx12',
  'ssotoken' => '/ssoToken=***',
  'refreshtoken' => '/refreshToken=***',
  'settingsprofile' => '/settingsprofile=Default',
  'deviceid' => '/deviceID=4a436adb-4b99-40a7-85b0-42e206f41286',
  'autoselectcharacter' => '/autoSelectCharacter:2121853336',
  'language' => '/language=en',
  'exp' => '1701824994',
  'tokenExpires' => '2023-12-06 03:09:54.000'
}    29280260
2023-12-05 19:52:31.063    app     info:    [elg-events] Sending event    eve_launcher.electron.eve_client.GameClientStartRequested
2023-12-05 19:52:31.070    app     info:    [elg-events] Sending event    eve_launcher.electron.eve_client.TemporaryClientProcessAdded
2023-12-05 19:52:31.073    app     info:    [client-queue] Started client from group startup    {
  tenant: 'tranquility',
  characterId: 2121853336,
  profile: '',
  userId: 29280260
}
2023-12-05 19:52:31.576    app     info:    [elg-events] Sending event    eve_launcher.electron.eve_client.TemporaryClientProcessMonitoringRetried
2023-12-05 19:52:31.580    app     info:    [client-manager] Found 'tranquility' client for '29280260' running:     {
  processId: 9280,
  createdDate: 1701805951124,
  userId: 29280260,
  characterId: 2121853336,
  profile: 'Default',
  dxVersion: 'dx12'
}
2023-12-05 19:52:31.586    app     info:    [elg-events] Sending event    eve_launcher.electron.eve_client.GameClientStarted
2023-12-05 19:52:31.590    app     info:    [elg-events] Sending event    eve_launcher.electron.eve_client.TemporaryClientProcessRemoved
2023-12-05 19:52:32.084    app     info:    [client-queue] Queue has stopped running, no more clients pending startup.
2023-12-05 19:52:34.013    app     info:    [analytics] Hardware rendering enabled:    true    { disabledViaCommandline: false, disabledViaSettings: false }
2023-12-05 19:52:34.729    app     info:    [ipc-requests] Handling requests in the background
2023-12-05 19:52:35.733    app     info:    [ipc-requests] No longer handling requests in the background
2023-12-05 19:52:56.402    app     warn:    Could not connect to LogLite    [
  Error: connect ECONNREFUSED 127.0.0.1:3273
      at TCPConnectWrap.afterConnect [as oncomplete] (node:net:1247:16) {
    errno: -4078,
    code: 'ECONNREFUSED',
    syscall: 'connect',
    address: '127.0.0.1',
    port: 3273
  }
]
2023-12-05 19:53:02.935    app     info:    Second instance    [
  'C:\\Users\\Dmytro\\AppData\\Local\\eve-online\\app-1.0.0\\eve-online.exe',
  '--squirrel-updated',
  '--allow-file-access-from-files',
  '--secure-schemes',
  '--bypasscsp-schemes=sentry-ipc',
  '--cors-schemes=sentry-ipc',
  '--fetch-schemes=sentry-ipc',
  '--service-worker-schemes',
  '--standard-schemes',
  '--streaming-schemes',
  '1.0.0'
]
2023-12-05 19:53:02.938    app     info:    [elg-events] Sending event    eve_launcher.electron.application.SquirrelUpdated
2023-12-05 19:53:07.598    app     info:    Second instance    [
  'C:\\Users\\Dmytro\\AppData\\Local\\eve-online\\app-0.4.9\\eve-online.exe',
  '--squirrel-obsolete',
  '--allow-file-access-from-files',
  '--secure-schemes',
  '--bypasscsp-schemes=sentry-ipc',
  '--cors-schemes=sentry-ipc',
  '--fetch-schemes=sentry-ipc',
  '--service-worker-schemes',
  '--standard-schemes',
  '--streaming-schemes',
  '0.4.9'
]
2023-12-05 19:53:15.694    app     info:    [self-update] Downloaded new launcher (1.0.0) that was released on Tue Dec 05 2023 21:53:15 GMT+0200 (Eastern European Standard Time).
2023-12-05 19:53:15.696    app     info:    [elg-events] Sending event    eve_launcher.electron.application.LauncherUpdateDownloaded
2023-12-05 19:57:26.486    app     info:    [server-manager] Starting refresh cycle for Tranquility
2023-12-05 19:57:26.649    app     info:    [server-manager] Previous Tranquility build: 2443636, current build: 2443636
2023-12-05 19:57:26.650    app     info:    [server-manager] Tranquility build is unchanged.
2023-12-05 19:57:26.655    app     info:    [server-manager] Ready to play!
2023-12-05 19:57:26.658    app     info:    [server-manager] Finished refresh cycle for Tranquility
2023-12-05 19:59:16.741    app     info:    [ipc-requests] Handling requests in the background
2023-12-05 19:59:17.755    app     info:    [ipc-requests] No longer handling requests in the background
2023-12-05 19:59:21.017    app     info:    [ipc-requests] Handling requests in the background
2023-12-05 19:59:22.026    app     info:    [ipc-requests] No longer handling requests in the background
2023-12-05 19:59:27.505    app     info:    [ipc-requests] Handling requests in the background
2023-12-05 19:59:28.516    app     info:    [ipc-requests] No longer handling requests in the background
2023-12-05 19:59:31.384    app     info:    [ipc-requests] Handling requests in the background
2023-12-05 19:59:32.387    app     info:    [ipc-requests] No longer handling requests in the background
2023-12-05 20:01:33.289    app     info:    [ipc-requests] Handling requests in the background
2023-12-05 20:01:34.298    app     info:    [ipc-requests] No longer handling requests in the background
2023-12-05 20:01:39.201    app     info:    [ipc-requests] Handling requests in the background
2023-12-05 20:01:40.203    app     info:    [ipc-requests] No longer handling requests in the background
2023-12-05 20:02:26.674    app     info:    [server-manager] Starting refresh cycle for Tranquility
2023-12-05 20:02:26.819    app     info:    [server-manager] Previous Tranquility build: 2443636, current build: 2443636
2023-12-05 20:02:26.819    app     info:    [server-manager] Tranquility build is unchanged.
2023-12-05 20:02:26.824    app     info:    [server-manager] Ready to play!
2023-12-05 20:02:26.826    app     info:    [server-manager] Finished refresh cycle for Tranquility
2023-12-05 20:07:26.836    app     info:    [server-manager] Starting refresh cycle for Tranquility
2023-12-05 20:07:26.989    app     info:    [server-manager] Previous Tranquility build: 2443636, current build: 2443636
2023-12-05 20:07:26.989    app     info:    [server-manager] Tranquility build is unchanged.
2023-12-05 20:07:26.994    app     info:    [server-manager] Ready to play!
2023-12-05 20:07:26.997    app     info:    [server-manager] Finished refresh cycle for Tranquility
2023-12-05 20:11:49.037    app     info:    [ipc-requests] Handling requests in the background
2023-12-05 20:11:50.041    app     info:    [ipc-requests] No longer handling requests in the background
2023-12-05 20:12:04.610    app     info:    [ipc-requests] Handling requests in the background
2023-12-05 20:12:05.625    app     info:    [ipc-requests] No longer handling requests in the background
2023-12-05 20:12:08.544    app     info:    [ipc-requests] Handling requests in the background
2023-12-05 20:12:09.552    app     info:    [ipc-requests] No longer handling requests in the background
2023-12-05 20:12:27.002    app     info:    [server-manager] Starting refresh cycle for Tranquility
2023-12-05 20:12:27.185    app     info:    [server-manager] Previous Tranquility build: 2443636, current build: 2443636
2023-12-05 20:12:27.186    app     info:    [server-manager] Tranquility build is unchanged.
2023-12-05 20:12:27.190    app     info:    [server-manager] Ready to play!
2023-12-05 20:12:27.194    app     info:    [server-manager] Finished refresh cycle for Tranquility
2023-12-05 20:12:56.185    app     info:    [ipc-requests] Handling requests in the background
2023-12-05 20:12:57.188    app     info:    [ipc-requests] No longer handling requests in the background
2023-12-05 20:13:02.541    app     info:    [main-window] Main window minimized to tray    { windowId: 2 }
2023-12-05 20:13:02.560    app     info:    [main-window] Sent notification that the application is minimized to tray    { windowId: 2 }
2023-12-05 20:13:02.566    app     info:    [ipc-requests] Handling requests in the background
2023-12-05 20:13:03.573    app     info:    [ipc-requests] No longer handling requests in the background
2023-12-05 20:13:06.930    app     info:    [tray] Quitting application from tray
2023-12-05 20:13:06.932    app     info:    Application quitting. Cleanup needed: true
2023-12-05 20:13:06.934    app     info:    [elg-events] Sending event    eve_launcher.electron.application.LauncherShutdown
2023-12-05 20:13:06.938    app     info:    app.quit called, but we are still sending ELG events.
2023-12-05 20:13:07.541    app     info:    ELG stream closed, quitting.
2023-12-05 20:13:07.542    app     info:    [main-window] Main window closing    { windowId: 2 }
2023-12-05 20:13:07.552    app     info:    Application closed    0
