2023-12-22 15:29:19.791    app     info:    Startup arguments    []
2023-12-22 15:29:19.795    app     info:    [self-update] Starting automatic update checks
2023-12-22 15:29:19.795    app     info:    [self-update] Waiting for update feed before starting update checks
2023-12-22 15:29:19.797    app     info:    [preload] High DPI scaling enabled by settings
2023-12-22 15:29:19.883    app     info:    [i18next] Changed language    en
2023-12-22 15:29:19.920    app     info:    [authentication] Token for '16492377' on 'tranquility' is expired, refresh is required
2023-12-22 15:29:19.920    app     info:    [authentication] Refreshing token for '16492377' on 'tranquility'
2023-12-22 15:29:19.921    app     info:    [authentication] Token for '17525312' on 'tranquility' is expired, refresh is required
2023-12-22 15:29:19.921    app     info:    [authentication] Refreshing token for '17525312' on 'tranquility'
2023-12-22 15:29:19.921    app     info:    [authentication] Token for '25218835' on 'tranquility' is expired, refresh is required
2023-12-22 15:29:19.921    app     info:    [authentication] Refreshing token for '25218835' on 'tranquility'
2023-12-22 15:29:19.922    app     info:    [customer-information] Getting character information for '29280260' on 'tranquility'
2023-12-22 15:29:19.923    app     info:    [customer-information] Getting Omega status for '29280260' on 'tranquility'
2023-12-22 15:29:19.923    app     info:    [virtual-goods] Getting Plex status for '29280260' on 'tranquility'
2023-12-22 15:29:19.925    app     info:    [customer-information] Getting character information for '29285645' on 'tranquility'
2023-12-22 15:29:19.926    app     info:    [customer-information] Getting Omega status for '29285645' on 'tranquility'
2023-12-22 15:29:19.926    app     info:    [virtual-goods] Getting Plex status for '29285645' on 'tranquility'
2023-12-22 15:29:19.926    app     info:    [authentication] Token for '18034259' on 'tranquility' is expired, refresh is required
2023-12-22 15:29:19.926    app     info:    [authentication] Refreshing token for '18034259' on 'tranquility'
2023-12-22 15:29:19.927    app     info:    [authentication] Token for '28182799' on 'tranquility' is expired, refresh is required
2023-12-22 15:29:19.927    app     info:    [authentication] Refreshing token for '28182799' on 'tranquility'
2023-12-22 15:29:19.927    app     info:    [authentication] Token for '2110311' on 'tranquility' is expired, refresh is required
2023-12-22 15:29:19.927    app     info:    [authentication] Refreshing token for '2110311' on 'tranquility'
2023-12-22 15:29:19.928    app     info:    [authentication] Token for '23622903' on 'tranquility' is expired, refresh is required
2023-12-22 15:29:19.928    app     info:    [authentication] Refreshing token for '23622903' on 'tranquility'
2023-12-22 15:29:19.928    app     info:    [authentication] Token for '26239201' on 'tranquility' is expired, refresh is required
2023-12-22 15:29:19.928    app     info:    [authentication] Refreshing token for '26239201' on 'tranquility'
2023-12-22 15:29:19.929    app     info:    [authentication] Token for '18922386' on 'tranquility' is expired, refresh is required
2023-12-22 15:29:19.929    app     info:    [authentication] Refreshing token for '18922386' on 'tranquility'
2023-12-22 15:29:19.929    app     info:    [authentication] Token for '18000247' on 'tranquility' is expired, refresh is required
2023-12-22 15:29:19.929    app     info:    [authentication] Refreshing token for '18000247' on 'tranquility'
2023-12-22 15:29:19.929    app     info:    [device-id] Device id found in state
2023-12-22 15:29:19.936    app     info:    [analytics] Application name:    EVE Online
2023-12-22 15:29:19.936    app     info:    [analytics] Application version:    1.2.0
2023-12-22 15:29:19.936    app     info:    [analytics] Domain    undefined
2023-12-22 15:29:19.937    app     info:    [analytics] Working directory    C:\Users\REDACTED\AppData\Local\eve-online\app-1.2.0
2023-12-22 15:29:19.937    app     info:    [analytics] Username contains UTF8?    false
2023-12-22 15:29:20.280    app     info:    [elg-events] Sending event    eve_launcher.electron.application.PdmLoaded
2023-12-22 15:29:20.286    app     info:    [analytics] Operating system    {
  type: 'Windows',
  name: 'Windows 10 Education',
  version: '10.0 (19045)'
}
2023-12-22 15:29:20.288    app     info:    [analytics] Encryption available:    true
2023-12-22 15:29:20.288    app     info:    [analytics] Machine UUID    4E9F516C-5B97-47C6-8C67-E93D943CB7C8
2023-12-22 15:29:20.289    app     info:    [analytics] PDM Version    2.1.4
2023-12-22 15:29:20.289    app     info:    [analytics] Release channel    release
2023-12-22 15:29:20.292    app     info:    [initializers] Shared cache directory set to    C:\CCP\EVE Online
2023-12-22 15:29:20.307    app     info:    [initializers] Shared cache drive free space: 115,12 GiB / 465,75 GiB
2023-12-22 15:29:20.315    app     info:    [elg-events] Sending event    eve_launcher.electron.application.LauncherStarted
2023-12-22 15:29:20.318    app     info:    [elg-events] Sending event    eve_launcher.electron.application.CoreDataLoaded
2023-12-22 15:29:20.319    app     info:    [cdn-trace] Fetching CDN trace data from https://binaries.eveonline.com/cdn-cgi/trace
2023-12-22 15:29:20.334    app     info:    [feature-flags] Initializing feature flag client
2023-12-22 15:29:20.414    app     info:    [first-run] First application run was at 2023-11-27T10:29:20.506Z
2023-12-22 15:29:20.457    app     info:    [cache-protocol] Found 0 entries to remove
2023-12-22 15:29:20.457    app     info:    [cache-protocol] Nothing to clean up.
2023-12-22 15:29:20.503    app     info:    [server-manager] Starting refresh cycle for eve-online / Tranquility
2023-12-22 15:29:20.515    app     info:    [customer-information] Agreements have been updated
2023-12-22 15:29:20.525    app     info:    [esi] Fetching character details for 2121853336
2023-12-22 15:29:20.549    app     info:    info: [LaunchDarkly] LaunchDarkly client initialized    []
2023-12-22 15:29:20.550    app     info:    info: [LaunchDarkly] Opening stream connection to https://clientstream.launchdarkly.com/eval/64c3d12e27a4b11365012d39/eyJrZXkiOiI0YTQzNmFkYi00Yjk5LTQwYTctODViMC00MmUyMDZmNDEyODYiLCJraW5kIjoidXNlciIsImN1c3RvbSI6eyJpc0ZpcnN0UnVuIjpmYWxzZSwiZGF5c1NpbmNlRmlyc3RSdW4iOjI1LCJsYW5ndWFnZSI6ImVuIiwiYXBwbGljYXRpb24iOiJldmUtb25saW5lIiwidmVyc2lvbiI6IjEuMi4wIiwicGxhdGZvcm0iOiJ3aW5kb3dzIiwib3NWZXJzaW9uRGVwcmVjYXRlZCI6ZmFsc2UsInVzZXJJZHMiOlsxNjQ5MjM3NywyNTIxODgzNSwyMTEwMzExLDI5Mjg1NjQ1XSwib21lZ2FDb3VudCI6MCwiYWxwaGFDb3VudCI6MTIsImFjY291bnRDb3VudCI6MTIsIm9sZGVzdEFjY291bnRBZ2UiOjYwMDgsInlvdW5nZXN0QWNjb3VudEFnZSI6MjF9fQ?withReasons=true    []
2023-12-22 15:29:20.551    app     info:    [feature-flags] Client 4a436adb... ready, fetching flags
2023-12-22 15:29:20.556    app     info:    [feature-flags] Received 18 flags for client 4a436adb...
2023-12-22 15:29:20.556    app     info:    [feature-flags] Client initialized with key 4a436adb...
2023-12-22 15:29:20.558    app     info:    [self-update] Update feed set, starting update checks
2023-12-22 15:29:20.558    app     info:    [self-update] Starting automatic update checks
2023-12-22 15:29:20.559    app     info:    [self-update] Checking for a launcher update...
2023-12-22 15:29:20.651    app     info:    [authentication] Token for '17525312' on 'tranquility' has been successfully refreshed
2023-12-22 15:29:20.652    app     info:    [elg-events] Sending event    eve_launcher.electron.authentication.UserTokensRefreshed
2023-12-22 15:29:20.654    app     info:    [customer-information] Getting character information for '17525312' on 'tranquility'
2023-12-22 15:29:20.654    app     info:    [customer-information] Getting Omega status for '17525312' on 'tranquility'
2023-12-22 15:29:20.654    app     info:    [virtual-goods] Getting Plex status for '17525312' on 'tranquility'
2023-12-22 15:29:20.665    app     info:    [authentication] Token for '23622903' on 'tranquility' has been successfully refreshed
2023-12-22 15:29:20.667    app     info:    [elg-events] Sending event    eve_launcher.electron.authentication.UserTokensRefreshed
2023-12-22 15:29:20.668    app     info:    [customer-information] Getting character information for '23622903' on 'tranquility'
2023-12-22 15:29:20.668    app     info:    [customer-information] Getting Omega status for '23622903' on 'tranquility'
2023-12-22 15:29:20.668    app     info:    [virtual-goods] Getting Plex status for '23622903' on 'tranquility'
2023-12-22 15:29:20.677    app     info:    [authentication] Token for '26239201' on 'tranquility' has been successfully refreshed
2023-12-22 15:29:20.679    app     info:    [elg-events] Sending event    eve_launcher.electron.authentication.UserTokensRefreshed
2023-12-22 15:29:20.680    app     info:    [customer-information] Getting character information for '26239201' on 'tranquility'
2023-12-22 15:29:20.680    app     info:    [customer-information] Getting Omega status for '26239201' on 'tranquility'
2023-12-22 15:29:20.681    app     info:    [virtual-goods] Getting Plex status for '26239201' on 'tranquility'
2023-12-22 15:29:20.691    app     info:    [authentication] Token for '18034259' on 'tranquility' has been successfully refreshed
2023-12-22 15:29:20.692    app     info:    [elg-events] Sending event    eve_launcher.electron.authentication.UserTokensRefreshed
2023-12-22 15:29:20.693    app     info:    [customer-information] Getting character information for '18034259' on 'tranquility'
2023-12-22 15:29:20.693    app     info:    [customer-information] Getting Omega status for '18034259' on 'tranquility'
2023-12-22 15:29:20.694    app     info:    [virtual-goods] Getting Plex status for '18034259' on 'tranquility'
2023-12-22 15:29:20.703    app     info:    [authentication] Token for '28182799' on 'tranquility' has been successfully refreshed
2023-12-22 15:29:20.704    app     info:    [elg-events] Sending event    eve_launcher.electron.authentication.UserTokensRefreshed
2023-12-22 15:29:20.705    app     info:    [customer-information] Getting character information for '28182799' on 'tranquility'
2023-12-22 15:29:20.706    app     info:    [customer-information] Getting Omega status for '28182799' on 'tranquility'
2023-12-22 15:29:20.706    app     info:    [virtual-goods] Getting Plex status for '28182799' on 'tranquility'
2023-12-22 15:29:20.715    app     info:    [authentication] Token for '25218835' on 'tranquility' has been successfully refreshed
2023-12-22 15:29:20.717    app     info:    [elg-events] Sending event    eve_launcher.electron.authentication.UserTokensRefreshed
2023-12-22 15:29:20.718    app     info:    [customer-information] Getting character information for '25218835' on 'tranquility'
2023-12-22 15:29:20.718    app     info:    [customer-information] Getting Omega status for '25218835' on 'tranquility'
2023-12-22 15:29:20.718    app     info:    [virtual-goods] Getting Plex status for '25218835' on 'tranquility'
2023-12-22 15:29:20.729    app     info:    [authentication] Token for '18922386' on 'tranquility' has been successfully refreshed
2023-12-22 15:29:20.730    app     info:    [elg-events] Sending event    eve_launcher.electron.authentication.UserTokensRefreshed
2023-12-22 15:29:20.732    app     info:    [customer-information] Getting character information for '18922386' on 'tranquility'
2023-12-22 15:29:20.732    app     info:    [customer-information] Getting Omega status for '18922386' on 'tranquility'
2023-12-22 15:29:20.732    app     info:    [virtual-goods] Getting Plex status for '18922386' on 'tranquility'
2023-12-22 15:29:20.742    app     info:    [authentication] Token for '2110311' on 'tranquility' has been successfully refreshed
2023-12-22 15:29:20.743    app     info:    [elg-events] Sending event    eve_launcher.electron.authentication.UserTokensRefreshed
2023-12-22 15:29:20.744    app     info:    [customer-information] Getting character information for '2110311' on 'tranquility'
2023-12-22 15:29:20.745    app     info:    [customer-information] Getting Omega status for '2110311' on 'tranquility'
2023-12-22 15:29:20.745    app     info:    [virtual-goods] Getting Plex status for '2110311' on 'tranquility'
2023-12-22 15:29:20.754    app     info:    [authentication] Token for '18000247' on 'tranquility' has been successfully refreshed
2023-12-22 15:29:20.756    app     info:    [elg-events] Sending event    eve_launcher.electron.authentication.UserTokensRefreshed
2023-12-22 15:29:20.757    app     info:    [customer-information] Getting character information for '18000247' on 'tranquility'
2023-12-22 15:29:20.757    app     info:    [customer-information] Getting Omega status for '18000247' on 'tranquility'
2023-12-22 15:29:20.757    app     info:    [virtual-goods] Getting Plex status for '18000247' on 'tranquility'
2023-12-22 15:29:20.770    app     info:    [authentication] Token for '16492377' on 'tranquility' has been successfully refreshed
2023-12-22 15:29:20.771    app     info:    [elg-events] Sending event    eve_launcher.electron.authentication.UserTokensRefreshed
2023-12-22 15:29:20.773    app     info:    [customer-information] Getting character information for '16492377' on 'tranquility'
2023-12-22 15:29:20.773    app     info:    [customer-information] Getting Omega status for '16492377' on 'tranquility'
2023-12-22 15:29:20.773    app     info:    [virtual-goods] Getting Plex status for '16492377' on 'tranquility'
2023-12-22 15:29:20.788    app     info:    [server-manager] Previous Tranquility build: 2454674, current build: 2454674
2023-12-22 15:29:20.788    app     info:    [server-manager] Tranquility build is unchanged.
2023-12-22 15:29:20.793    app     info:    [server-manager] Ready to play!
2023-12-22 15:29:20.796    app     info:    [server-manager] Finished refresh cycle for Tranquility
2023-12-22 15:29:20.801    app     info:    [esi] Fetching character details for 2121878074
2023-12-22 15:29:20.837    app     info:    [self-update] Currently running the latest launcher version. Scheduling update check in 5 minutes.
2023-12-22 15:29:20.892    app     info:    [esi] Fetching character details for 2121891348
2023-12-22 15:29:20.906    app     info:    [esi] Fetching character details for 2114656127, 2121178396
2023-12-22 15:29:20.921    app     info:    [esi] Fetching character details for 2121174545
2023-12-22 15:29:20.930    app     info:    [esi] Fetching character details for 2121178171
2023-12-22 15:29:20.939    app     info:    [esi] Fetching character details for 2115479508
2023-12-22 15:29:20.953    app     info:    [esi] Fetching character details for 2113875139, 2121174871
2023-12-22 15:29:20.967    app     info:    [esi] Fetching character details for 2119361891, 2120347635
2023-12-22 15:29:20.976    app     info:    [esi] Fetching character details for 578564394, 2115457291
2023-12-22 15:29:20.985    app     info:    [esi] Fetching character details for 2118248041, 2121175776
2023-12-22 15:29:20.993    app     info:    [virtual-goods] Fetched Plex status for '23622903' on 'tranquility'
2023-12-22 15:29:21.017    app     info:    [virtual-goods] Fetched Plex status for '29280260' on 'tranquility'
2023-12-22 15:29:21.030    app     info:    [virtual-goods] Fetched Plex status for '29285645' on 'tranquility'
2023-12-22 15:29:21.035    app     info:    [AuthenticationMiddleware] Successfully restored 14 / 14 users
2023-12-22 15:29:21.041    app     info:    [virtual-goods] Fetched Plex status for '28182799' on 'tranquility'
2023-12-22 15:29:21.045    app     info:    [AuthenticationMiddleware] User information updated
2023-12-22 15:29:21.078    app     info:    [virtual-goods] Fetched Plex status for '18922386' on 'tranquility'
2023-12-22 15:29:21.083    app     info:    [AuthenticationMiddleware] User information updated
2023-12-22 15:29:21.091    app     info:    [virtual-goods] Fetched Plex status for '18000247' on 'tranquility'
2023-12-22 15:29:21.096    app     info:    [AuthenticationMiddleware] User information updated
2023-12-22 15:29:21.097    app     info:    [virtual-goods] Fetched Plex status for '26239201' on 'tranquility'
2023-12-22 15:29:21.103    app     info:    [AuthenticationMiddleware] User information updated
2023-12-22 15:29:21.104    app     info:    [virtual-goods] Fetched Plex status for '16492377' on 'tranquility'
2023-12-22 15:29:21.109    app     info:    [AuthenticationMiddleware] User information updated
2023-12-22 15:29:21.111    app    error:    [esi] Failed to fetch character details for 29280260 r is not iterable    TypeError: r is not iterable
    at C:\Users\Dmytro\AppData\Local\eve-online\app-1.2.0\resources\app.asar\.webpack\main\index.js:8:2507998
    at process.processTicksAndRejections (node:internal/process/task_queues:96:5)
    at async C:\Users\Dmytro\AppData\Local\eve-online\app-1.2.0\resources\app.asar\.webpack\main\index.js:8:2507742
    at async rF (C:\Users\Dmytro\AppData\Local\eve-online\app-1.2.0\resources\app.asar\.webpack\main\index.js:8:2506897)
2023-12-22 15:29:21.189    app     warn:    [steam-auth] Failed to initialize Steamworks client
2023-12-22 15:29:21.196    app     info:    [main-window] Registering main window    { windowId: 2 }
2023-12-22 15:29:21.206    app     info:    [cdn-trace] Fetching CDN trace data from https://binaries.eveonline.com/cdn-cgi/trace
2023-12-22 15:29:21.208    app     info:    [creatives] Requesting creatives
2023-12-22 15:29:21.214    app     info:    [elg-events] Sending event    eve_launcher.electron.application.RendererLoaded
2023-12-22 15:29:21.224    app     info:    [AuthenticationMiddleware] User information updated
2023-12-22 15:29:21.229    app     info:    [esi] Fetching character details for 2115031890, 2121177973
2023-12-22 15:29:21.280    app    error:    [esi] Failed to fetch character details for 29285645 r is not iterable    TypeError: r is not iterable
    at C:\Users\Dmytro\AppData\Local\eve-online\app-1.2.0\resources\app.asar\.webpack\main\index.js:8:2507998
    at process.processTicksAndRejections (node:internal/process/task_queues:96:5)
    at async C:\Users\Dmytro\AppData\Local\eve-online\app-1.2.0\resources\app.asar\.webpack\main\index.js:8:2507742
    at async rF (C:\Users\Dmytro\AppData\Local\eve-online\app-1.2.0\resources\app.asar\.webpack\main\index.js:8:2506897)
2023-12-22 15:29:21.336    app     info:    [creatives] Received 3 creatives
2023-12-22 15:29:21.341    app    error:    [esi] Failed to fetch character details for 18000247 r is not iterable    TypeError: r is not iterable
    at C:\Users\Dmytro\AppData\Local\eve-online\app-1.2.0\resources\app.asar\.webpack\main\index.js:8:2507998
    at process.processTicksAndRejections (node:internal/process/task_queues:96:5)
    at async C:\Users\Dmytro\AppData\Local\eve-online\app-1.2.0\resources\app.asar\.webpack\main\index.js:8:2507742
    at async rF (C:\Users\Dmytro\AppData\Local\eve-online\app-1.2.0\resources\app.asar\.webpack\main\index.js:8:2506897)
2023-12-22 15:29:21.346    app    error:    [esi] Failed to fetch character details for 18922386 r is not iterable    TypeError: r is not iterable
    at C:\Users\Dmytro\AppData\Local\eve-online\app-1.2.0\resources\app.asar\.webpack\main\index.js:8:2507998
    at process.processTicksAndRejections (node:internal/process/task_queues:96:5)
    at async C:\Users\Dmytro\AppData\Local\eve-online\app-1.2.0\resources\app.asar\.webpack\main\index.js:8:2507742
    at async rF (C:\Users\Dmytro\AppData\Local\eve-online\app-1.2.0\resources\app.asar\.webpack\main\index.js:8:2506897)
2023-12-22 15:29:21.355    app    error:    [esi] Failed to fetch character details for 26239201 r is not iterable    TypeError: r is not iterable
    at C:\Users\Dmytro\AppData\Local\eve-online\app-1.2.0\resources\app.asar\.webpack\main\index.js:8:2507998
    at process.processTicksAndRejections (node:internal/process/task_queues:96:5)
    at async C:\Users\Dmytro\AppData\Local\eve-online\app-1.2.0\resources\app.asar\.webpack\main\index.js:8:2507742
    at async rF (C:\Users\Dmytro\AppData\Local\eve-online\app-1.2.0\resources\app.asar\.webpack\main\index.js:8:2506897)
2023-12-22 15:29:21.370    app     info:    [virtual-goods] Fetched Plex status for '18034259' on 'tranquility'
2023-12-22 15:29:21.375    app     info:    [AuthenticationMiddleware] User information updated
2023-12-22 15:29:21.376    app     info:    [virtual-goods] Fetched Plex status for '25218835' on 'tranquility'
2023-12-22 15:29:21.382    app     info:    [AuthenticationMiddleware] User information updated
2023-12-22 15:29:21.383    app     info:    [virtual-goods] Fetched Plex status for '2110311' on 'tranquility'
2023-12-22 15:29:21.388    app     info:    [AuthenticationMiddleware] User information updated
2023-12-22 15:29:21.393    app     info:    [esi] Fetched 1 character details for 28182799
2023-12-22 15:29:21.395    app     info:    [esi] Fetched 2 character details for 17525312
2023-12-22 15:29:21.404    app     info:    [virtual-goods] Fetched Plex status for '17525312' on 'tranquility'
2023-12-22 15:29:21.408    app     info:    [AuthenticationMiddleware] User information updated
2023-12-22 15:29:21.409    app     info:    [esi] Fetched 2 character details for 2110311
2023-12-22 15:29:21.411    app     info:    [esi] Fetched 2 character details for 16492377
2023-12-22 15:29:21.413    app    error:    [esi] Failed to fetch character details for 23622903 r is not iterable    TypeError: r is not iterable
    at C:\Users\Dmytro\AppData\Local\eve-online\app-1.2.0\resources\app.asar\.webpack\main\index.js:8:2507998
    at process.processTicksAndRejections (node:internal/process/task_queues:96:5)
    at async C:\Users\Dmytro\AppData\Local\eve-online\app-1.2.0\resources\app.asar\.webpack\main\index.js:8:2507742
    at async rF (C:\Users\Dmytro\AppData\Local\eve-online\app-1.2.0\resources\app.asar\.webpack\main\index.js:8:2506897)
2023-12-22 15:29:21.414    app     info:    [esi] Fetched 2 character details for 25218835
2023-12-22 15:29:21.579    app     info:    [esi] Fetched 2 character details for 18034259
2023-12-22 15:29:22.300     ui     info:    Initializing captcha    ccp://launcher/renderer/main_window/index.js    2
2023-12-22 15:29:26.855    app     info:    [AuthenticationMiddleware] Character information for '18034259' on 'tranquility' was loaded recently, skipping refresh.
2023-12-22 15:29:26.855    app     info:    [AuthenticationMiddleware] Plex information for '18034259' on 'tranquility' was loaded recently, skipping refresh.
2023-12-22 15:29:29.282    app     info:    [analytics] Hardware rendering enabled:    true    { disabledViaCommandline: false, disabledViaSettings: false }
2023-12-22 15:29:45.264    app     info:    [AuthenticationMiddleware] Character information for '18000247' on 'tranquility' was loaded recently, skipping refresh.
2023-12-22 15:29:45.265    app     info:    [AuthenticationMiddleware] Plex information for '18000247' on 'tranquility' was loaded recently, skipping refresh.
2023-12-22 15:29:46.847    app     info:    [AuthenticationMiddleware] Character information for '18000247' on 'tranquility' was loaded recently, skipping refresh.
2023-12-22 15:29:46.847    app     info:    [AuthenticationMiddleware] Plex information for '18000247' on 'tranquility' was loaded recently, skipping refresh.
2023-12-22 15:29:47.586    app     info:    [client-queue] Queued client startup    {
  product: 'eve-online',
  tenant: 'tranquility',
  userId: 18000247,
  characterId: 2121891348,
  profile: ''
}
2023-12-22 15:29:47.589    app     info:    [elg-events] Sending event    eve_launcher.electron.eve_client.ClientQueued
2023-12-22 15:29:47.592    app     info:    [client-queue] No clients running for tranquility, copying files before starting a client
2023-12-22 15:29:47.598    app     info:    [elg-events] Sending event    eve_launcher.electron.eve_client.CopyingFilesStarted
2023-12-22 15:29:47.598    app     info:    [binary-copier] Copying 194 files (216 MB) to 'C:\CCP\EVE Online\tq'
2023-12-22 15:29:47.615    app     info:    [binary-copier] Removing old binaries
2023-12-22 15:29:47.642    app     info:    [binary-copier] Copying binaries from ResFiles
2023-12-22 15:29:47.981    app     info:    [binary-copier] Finished copying 194 files to 'C:\CCP\EVE Online\tq' in 0.385 seconds
2023-12-22 15:29:47.983    app     info:    [elg-events] Sending event    eve_launcher.electron.eve_client.CopyingFilesFinished
2023-12-22 15:29:47.989    app     info:    [client-manager] Starting EVE Online game client.    C:\CCP\EVE Online\tq\bin64\exefile.exe    Map(11) {
  'noconsole' => '/noconsole',
  'server' => '/server:tranquility.servers.eveonline.com',
  'triplatform' => '/triplatform=dx12',
  'ssotoken' => '/ssoToken=***',
  'refreshtoken' => '/refreshToken=***',
  'settingsprofile' => '/settingsprofile=Default',
  'deviceid' => '/deviceID=4a436adb-4b99-40a7-85b0-42e206f41286',
  'autoselectcharacter' => '/autoSelectCharacter:2121891348',
  'language' => '/language=en',
  'exp' => '1703259559',
  'tokenExpires' => '2023-12-22 17:39:19.000'
}    18000247
2023-12-22 15:29:48.022    app     info:    [client-queue] Started client from group startup    {
  product: 'eve-online',
  tenant: 'tranquility',
  characterId: 2121891348,
  profile: '',
  userId: 18000247
}
2023-12-22 15:29:48.104    app     info:    [quasar-events] Sent 'eve_launcher.electron.eve_client.GameClientStartRequested'
2023-12-22 15:29:48.104    app     info:    [quasar-events] Sent 'eve_launcher.electron.eve_client.TemporaryClientProcessAdded'
2023-12-22 15:29:48.534    app     info:    [client-manager] Found 'tranquility' client for '18000247' running:     {
  processId: 5028,
  createdDate: 1703258988023,
  userId: 18000247,
  characterId: 2121891348,
  profile: 'Default',
  dxVersion: 'dx12'
}
2023-12-22 15:29:48.632    app     info:    [quasar-events] Sent 'eve_launcher.electron.eve_client.TemporaryClientProcessMonitoringRetried'
2023-12-22 15:29:48.632    app     info:    [quasar-events] Sent 'eve_launcher.electron.eve_client.GameClientStarted'
2023-12-22 15:29:48.632    app     info:    [quasar-events] Sent 'eve_launcher.electron.eve_client.TemporaryClientProcessRemoved'
2023-12-22 15:29:49.039    app     info:    [client-queue] Queue has stopped running, no more clients pending startup.
2023-12-22 15:29:50.619    app     warn:    Could not connect to LogLite    [
  Error: connect ECONNREFUSED 127.0.0.1:3273
      at TCPConnectWrap.afterConnect [as oncomplete] (node:net:1247:16) {
    errno: -4078,
    code: 'ECONNREFUSED',
    syscall: 'connect',
    address: '127.0.0.1',
    port: 3273
  }
]
2023-12-22 15:31:28.691    app     info:    [ipc-requests] Handling requests in the background
2023-12-22 15:31:29.707    app     info:    [ipc-requests] No longer handling requests in the background
2023-12-22 15:31:29.978    app     info:    [ipc-requests] Handling requests in the background
2023-12-22 15:31:30.990    app     info:    [ipc-requests] No longer handling requests in the background
2023-12-22 15:34:20.813    app     info:    [server-manager] Starting refresh cycle for eve-online / Tranquility
2023-12-22 15:34:20.842    app     info:    [self-update] Checking for a launcher update...
2023-12-22 15:34:21.078    app     info:    [server-manager] Previous Tranquility build: 2454674, current build: 2454674
2023-12-22 15:34:21.078    app     info:    [server-manager] Tranquility build is unchanged.
2023-12-22 15:34:21.083    app     info:    [server-manager] Ready to play!
2023-12-22 15:34:21.087    app     info:    [server-manager] Finished refresh cycle for Tranquility
2023-12-22 15:34:21.116    app     info:    [esi] Fetching character details for 2121853336
2023-12-22 15:34:21.138    app     info:    [self-update] Currently running the latest launcher version. Scheduling update check in 5 minutes.
2023-12-22 15:34:21.283    app     info:    [esi] Fetching character details for 2121878074
2023-12-22 15:34:21.346    app     info:    [esi] Fetching character details for 2121891348
2023-12-22 15:34:21.347    app     info:    [esi] Fetching character details for 2115479508
2023-12-22 15:34:21.361    app     info:    [esi] Fetching character details for 2121178171
2023-12-22 15:34:21.413    app     info:    [esi] Fetching character details for 2118248041, 2121175776
2023-12-22 15:34:21.455    app    error:    [esi] Failed to fetch character details for 29280260 r is not iterable    TypeError: r is not iterable
    at C:\Users\Dmytro\AppData\Local\eve-online\app-1.2.0\resources\app.asar\.webpack\main\index.js:8:2507998
    at process.processTicksAndRejections (node:internal/process/task_queues:96:5)
    at async C:\Users\Dmytro\AppData\Local\eve-online\app-1.2.0\resources\app.asar\.webpack\main\index.js:8:2507742
    at async rF (C:\Users\Dmytro\AppData\Local\eve-online\app-1.2.0\resources\app.asar\.webpack\main\index.js:8:2506897)
2023-12-22 15:34:21.607    app    error:    [esi] Failed to fetch character details for 29285645 r is not iterable    TypeError: r is not iterable
    at C:\Users\Dmytro\AppData\Local\eve-online\app-1.2.0\resources\app.asar\.webpack\main\index.js:8:2507998
    at process.processTicksAndRejections (node:internal/process/task_queues:96:5)
    at async C:\Users\Dmytro\AppData\Local\eve-online\app-1.2.0\resources\app.asar\.webpack\main\index.js:8:2507742
    at async rF (C:\Users\Dmytro\AppData\Local\eve-online\app-1.2.0\resources\app.asar\.webpack\main\index.js:8:2506897)
2023-12-22 15:34:21.676    app    error:    [esi] Failed to fetch character details for 18000247 r is not iterable    TypeError: r is not iterable
    at C:\Users\Dmytro\AppData\Local\eve-online\app-1.2.0\resources\app.asar\.webpack\main\index.js:8:2507998
    at process.processTicksAndRejections (node:internal/process/task_queues:96:5)
    at async C:\Users\Dmytro\AppData\Local\eve-online\app-1.2.0\resources\app.asar\.webpack\main\index.js:8:2507742
    at async rF (C:\Users\Dmytro\AppData\Local\eve-online\app-1.2.0\resources\app.asar\.webpack\main\index.js:8:2506897)
2023-12-22 15:34:21.686    app    error:    [esi] Failed to fetch character details for 18922386 r is not iterable    TypeError: r is not iterable
    at C:\Users\Dmytro\AppData\Local\eve-online\app-1.2.0\resources\app.asar\.webpack\main\index.js:8:2507998
    at process.processTicksAndRejections (node:internal/process/task_queues:96:5)
    at async C:\Users\Dmytro\AppData\Local\eve-online\app-1.2.0\resources\app.asar\.webpack\main\index.js:8:2507742
    at async rF (C:\Users\Dmytro\AppData\Local\eve-online\app-1.2.0\resources\app.asar\.webpack\main\index.js:8:2506897)
2023-12-22 15:34:21.691    app    error:    [esi] Failed to fetch character details for 26239201 r is not iterable    TypeError: r is not iterable
    at C:\Users\Dmytro\AppData\Local\eve-online\app-1.2.0\resources\app.asar\.webpack\main\index.js:8:2507998
    at process.processTicksAndRejections (node:internal/process/task_queues:96:5)
    at async C:\Users\Dmytro\AppData\Local\eve-online\app-1.2.0\resources\app.asar\.webpack\main\index.js:8:2507742
    at async rF (C:\Users\Dmytro\AppData\Local\eve-online\app-1.2.0\resources\app.asar\.webpack\main\index.js:8:2506897)
2023-12-22 15:34:21.752    app    error:    [esi] Failed to fetch character details for 23622903 r is not iterable    TypeError: r is not iterable
    at C:\Users\Dmytro\AppData\Local\eve-online\app-1.2.0\resources\app.asar\.webpack\main\index.js:8:2507998
    at process.processTicksAndRejections (node:internal/process/task_queues:96:5)
    at async C:\Users\Dmytro\AppData\Local\eve-online\app-1.2.0\resources\app.asar\.webpack\main\index.js:8:2507742
    at async rF (C:\Users\Dmytro\AppData\Local\eve-online\app-1.2.0\resources\app.asar\.webpack\main\index.js:8:2506897)
2023-12-22 15:35:12.375    app     info:    [ipc-requests] Handling requests in the background
2023-12-22 15:35:12.791    app     info:    [client-manager] 'tranquility' for EVE game client for '18000247' exited with no errors.
2023-12-22 15:35:12.804    app     info:    [server-manager] Starting refresh cycle for eve-online / Tranquility
2023-12-22 15:35:12.903    app     info:    [quasar-events] Sent 'eve_launcher.electron.eve_client.GameClientExited'
2023-12-22 15:35:12.970    app     info:    [server-manager] Previous Tranquility build: 2454674, current build: 2454674
2023-12-22 15:35:12.970    app     info:    [server-manager] Tranquility build is unchanged.
2023-12-22 15:35:12.975    app     info:    [server-manager] Ready to play!
2023-12-22 15:35:12.978    app     info:    [server-manager] Finished refresh cycle for Tranquility
2023-12-22 15:35:13.382    app     info:    [ipc-requests] No longer handling requests in the background
2023-12-22 15:35:18.197    app     info:    [ipc-requests] Handling requests in the background
2023-12-22 15:35:19.203    app     info:    [ipc-requests] No longer handling requests in the background
2023-12-22 15:36:12.756    app     info:    [ipc-requests] Handling requests in the background
2023-12-22 15:36:13.761    app     info:    [ipc-requests] No longer handling requests in the background
2023-12-22 15:36:52.031    app     info:    [AuthenticationMiddleware] Character information for '18922386' on 'tranquility' was loaded recently, skipping refresh.
2023-12-22 15:36:52.031    app     info:    [AuthenticationMiddleware] Plex information for '18922386' on 'tranquility' was loaded recently, skipping refresh.
2023-12-22 15:36:53.057    app     info:    [client-queue] Queued client startup    {
  product: 'eve-online',
  tenant: 'tranquility',
  userId: 18922386,
  characterId: 2115479508,
  profile: ''
}
2023-12-22 15:36:53.059    app     info:    [elg-events] Sending event    eve_launcher.electron.eve_client.ClientQueued
2023-12-22 15:36:53.059    app     info:    [client-queue] No clients running for tranquility, copying files before starting a client
2023-12-22 15:36:53.062    app     info:    [elg-events] Sending event    eve_launcher.electron.eve_client.CopyingFilesStarted
2023-12-22 15:36:53.062    app     info:    [binary-copier] Copying 194 files (216 MB) to 'C:\CCP\EVE Online\tq'
2023-12-22 15:36:53.080    app     info:    [binary-copier] Removing old binaries
2023-12-22 15:36:53.111    app     info:    [binary-copier] Copying binaries from ResFiles
2023-12-22 15:36:53.450    app     info:    [binary-copier] Finished copying 194 files to 'C:\CCP\EVE Online\tq' in 0.389 seconds
2023-12-22 15:36:53.452    app     info:    [elg-events] Sending event    eve_launcher.electron.eve_client.CopyingFilesFinished
2023-12-22 15:36:53.456    app     info:    [client-manager] Starting EVE Online game client.    C:\CCP\EVE Online\tq\bin64\exefile.exe    Map(11) {
  'noconsole' => '/noconsole',
  'server' => '/server:tranquility.servers.eveonline.com',
  'triplatform' => '/triplatform=dx12',
  'ssotoken' => '/ssoToken=***',
  'refreshtoken' => '/refreshToken=***',
  'settingsprofile' => '/settingsprofile=Default',
  'deviceid' => '/deviceID=4a436adb-4b99-40a7-85b0-42e206f41286',
  'autoselectcharacter' => '/autoSelectCharacter:2115479508',
  'language' => '/language=en',
  'exp' => '1703259559',
  'tokenExpires' => '2023-12-22 17:39:19.000'
}    18922386
2023-12-22 15:36:53.486    app     info:    [client-queue] Started client from group startup    {
  product: 'eve-online',
  tenant: 'tranquility',
  characterId: 2115479508,
  profile: '',
  userId: 18922386
}
2023-12-22 15:36:53.559    app     info:    [quasar-events] Sent 'eve_launcher.electron.eve_client.GameClientStartRequested'
2023-12-22 15:36:53.560    app     info:    [quasar-events] Sent 'eve_launcher.electron.eve_client.TemporaryClientProcessAdded'
2023-12-22 15:36:53.998    app     info:    [client-manager] Found 'tranquility' client for '18922386' running:     {
  processId: 10772,
  createdDate: 1703259413488,
  userId: 18922386,
  characterId: 2115479508,
  profile: 'Default',
  dxVersion: 'dx12'
}
2023-12-22 15:36:54.103    app     info:    [quasar-events] Sent 'eve_launcher.electron.eve_client.TemporaryClientProcessMonitoringRetried'
2023-12-22 15:36:54.103    app     info:    [quasar-events] Sent 'eve_launcher.electron.eve_client.GameClientStarted'
2023-12-22 15:36:54.104    app     info:    [quasar-events] Sent 'eve_launcher.electron.eve_client.TemporaryClientProcessRemoved'
2023-12-22 15:36:54.509    app     info:    [client-queue] Queue has stopped running, no more clients pending startup.
2023-12-22 15:39:21.146    app     info:    [self-update] Checking for a launcher update...
2023-12-22 15:39:21.423    app     info:    [self-update] Currently running the latest launcher version. Scheduling update check in 5 minutes.
2023-12-22 15:40:12.992    app     info:    [server-manager] Starting refresh cycle for eve-online / Tranquility
2023-12-22 15:40:13.193    app     info:    [server-manager] Previous Tranquility build: 2454674, current build: 2454674
2023-12-22 15:40:13.194    app     info:    [server-manager] Tranquility build is unchanged.
2023-12-22 15:40:13.199    app     info:    [server-manager] Ready to play!
2023-12-22 15:40:13.206    app     info:    [server-manager] Finished refresh cycle for Tranquility
2023-12-22 15:44:21.426    app     info:    [self-update] Checking for a launcher update...
2023-12-22 15:44:21.704    app     info:    [self-update] Currently running the latest launcher version. Scheduling update check in 5 minutes.
2023-12-22 15:44:36.625    app     info:    [client-manager] 'tranquility' for EVE game client for '18922386' exited with no errors.
2023-12-22 15:44:36.634    app     info:    [server-manager] Starting refresh cycle for eve-online / Tranquility
2023-12-22 15:44:36.740    app     info:    [quasar-events] Sent 'eve_launcher.electron.eve_client.GameClientExited'
2023-12-22 15:44:36.838    app     info:    [server-manager] Previous Tranquility build: 2454674, current build: 2454674
2023-12-22 15:44:36.838    app     info:    [server-manager] Tranquility build is unchanged.
2023-12-22 15:44:36.850    app     info:    [server-manager] Ready to play!
2023-12-22 15:44:36.857    app     info:    [server-manager] Finished refresh cycle for Tranquility
2023-12-22 15:44:41.860    app     info:    [main-window] Main window minimized to tray    { windowId: 2 }
2023-12-22 15:44:41.879    app     info:    [main-window] Sent notification that the application is minimized to tray    { windowId: 2 }
2023-12-22 15:44:41.886    app     info:    [ipc-requests] Handling requests in the background
2023-12-22 15:44:42.893    app     info:    [ipc-requests] No longer handling requests in the background
2023-12-22 15:44:44.653    app     info:    [tray] Quitting application from tray
2023-12-22 15:44:44.655    app     info:    Application quitting. Cleanup needed: true
2023-12-22 15:44:44.657    app     info:    [elg-events] Sending event    eve_launcher.electron.application.LauncherShutdown
2023-12-22 15:44:44.659    app     info:    app.quit called, but we are still sending ELG events.
2023-12-22 15:44:46.671    app     info:    [elg-events] Launcher is quitting, ELG could not send 6 events because of timeout
2023-12-22 15:44:46.672    app     info:    ELG stream closed, quitting.
2023-12-22 15:44:46.673    app     info:    [main-window] Main window closing    { windowId: 2 }
2023-12-22 15:44:46.686    app     info:    Application closed    0
