2023-11-28 11:00:11.424    app     info:    Startup arguments    []
2023-11-28 11:00:11.429    app     info:    [self-update] Checking for a launcher update...
2023-11-28 11:00:11.572    app     info:    [i18next] Changed language    en
2023-11-28 11:00:11.688    app     info:    [authentication] Token for '16492377' on 'tranquility' is expired, refresh is required
2023-11-28 11:00:11.689    app     info:    [authentication] Refreshing token for '16492377' on 'tranquility'
2023-11-28 11:00:11.689    app     info:    [authentication] Token for '17525312' on 'tranquility' is expired, refresh is required
2023-11-28 11:00:11.689    app     info:    [authentication] Refreshing token for '17525312' on 'tranquility'
2023-11-28 11:00:11.690    app     info:    [device-id] Device id found in state
2023-11-28 11:00:11.694    app     info:    [analytics] Application name:    EVE Online
2023-11-28 11:00:11.694    app     info:    [analytics] Application version:    0.4.9
2023-11-28 11:00:11.694    app     info:    [analytics] Domain    undefined
2023-11-28 11:00:11.695    app     info:    [analytics] Working directory    C:\Users\REDACTED\AppData\Local\eve-online\app-0.4.9
2023-11-28 11:00:11.696    app     info:    [analytics] Username contains UTF8?    false
2023-11-28 11:00:12.492    app     info:    [elg-events] Sending event    eve_launcher.electron.application.PdmLoaded
2023-11-28 11:00:12.494    app     info:    [analytics] Operating system    {
  type: 'Windows',
  name: 'Windows 10 Education',
  version: '10.0 (19045)'
}
2023-11-28 11:00:12.495    app     info:    [analytics] Encryption available:    true
2023-11-28 11:00:12.495    app     info:    [analytics] Machine UUID    4E9F516C-5B97-47C6-8C67-E93D943CB7C8
2023-11-28 11:00:12.496    app     info:    [analytics] PDM Version    2.1.4
2023-11-28 11:00:12.496    app     info:    [analytics] Release channel    release
2023-11-28 11:00:12.501    app     info:    [initializers] Shared cache directory set to    C:\CCP\EVE Online
2023-11-28 11:00:12.524    app     info:    [initializers] Shared cache drive free space: 120,32 GiB / 465,75 GiB
2023-11-28 11:00:12.532    app     info:    [elg-events] Sending event    eve_launcher.electron.application.LauncherStarted
2023-11-28 11:00:12.536    app     info:    [elg-events] Sending event    eve_launcher.electron.application.CoreDataLoaded
2023-11-28 11:00:12.536    app     info:    [cdn-trace] Fetching CDN trace data from https://binaries.eveonline.com/cdn-cgi/trace
2023-11-28 11:00:12.636    app     info:    [self-update] Currently running the latest launcher version. Scheduling update check in 5 minutes.
2023-11-28 11:00:12.660    app     info:    [first-run] First application run was at 2023-11-27T10:29:20.506Z
2023-11-28 11:00:12.663    app     info:    [feature-flags] Initializing client: 4a436adb...
2023-11-28 11:00:12.695    app     info:    [cache-protocol] Found 2 entries to remove
2023-11-28 11:00:12.701    app     info:    [cache-protocol] Cleaned 2 entries
2023-11-28 11:00:12.701    app     info:    [cache-protocol] Checking 2 folders to clean
2023-11-28 11:00:12.777    app     info:    info: [LaunchDarkly] LaunchDarkly client initialized    []
2023-11-28 11:00:12.778    app     info:    info: [LaunchDarkly] Opening stream connection to https://clientstream.launchdarkly.com/eval/64c3d12e27a4b11365012d39/eyJrZXkiOiI0YTQzNmFkYi00Yjk5LTQwYTctODViMC00MmUyMDZmNDEyODYiLCJraW5kIjoidXNlciIsImN1c3RvbSI6eyJpc0ZpcnN0UnVuIjpmYWxzZSwiZGF5c1NpbmNlRmlyc3RSdW4iOjEsImxhbmd1YWdlIjoiZW4iLCJhcHBsaWNhdGlvbiI6ImV2ZS1vbmxpbmUiLCJ2ZXJzaW9uIjoiMC40LjkiLCJwbGF0Zm9ybSI6IndpbmRvd3MiLCJ1c2VySWRzIjpbMTY0OTIzNzcsMTc1MjUzMTJdLCJjaGFyYWN0ZXJJZHMiOlsyMTEzODc1MTM5LDIxMTQ2NTYxMjcsMjEyMTE3NDg3MSwyMTIxMTc4Mzk2XSwib21lZ2FDb3VudCI6MCwiYWxwaGFDb3VudCI6MiwiYWNjb3VudENvdW50IjoyLCJvbGRlc3RBY2NvdW50QWdlIjoyMDkzLCJ5b3VuZ2VzdEFjY291bnRBZ2UiOjE4NDh9fQ?withReasons=true    []
2023-11-28 11:00:12.780    app     info:    [feature-flags] Received 13 flags for client 4a436adb...
2023-11-28 11:00:12.784    app     info:    [feature-flags] Client initialized with key 4a436adb...
2023-11-28 11:00:12.786    app     info:    [feature-flags] Client 4a436adb has 0 flags running...
2023-11-28 11:00:12.794    app     info:    [server-manager] Starting refresh cycle for Tranquility
2023-11-28 11:00:12.895    app     info:    [authentication] Token for '17525312' on 'tranquility' has been successfully refreshed
2023-11-28 11:00:12.896    app     info:    [elg-events] Sending event    eve_launcher.electron.authentication.UserTokensRefreshed
2023-11-28 11:00:12.898    app     info:    [customer-information] Getting character information for '17525312' on 'tranquility'
2023-11-28 11:00:12.898    app     info:    [customer-information] Getting Omega status for '17525312' on 'tranquility'
2023-11-28 11:00:12.899    app     info:    [virtual-goods] Getting Plex status for '17525312' on 'tranquility'
2023-11-28 11:00:12.910    app     info:    [authentication] Token for '16492377' on 'tranquility' has been successfully refreshed
2023-11-28 11:00:12.911    app     info:    [elg-events] Sending event    eve_launcher.electron.authentication.UserTokensRefreshed
2023-11-28 11:00:12.912    app     info:    [customer-information] Getting character information for '16492377' on 'tranquility'
2023-11-28 11:00:12.912    app     info:    [customer-information] Getting Omega status for '16492377' on 'tranquility'
2023-11-28 11:00:12.913    app     info:    [virtual-goods] Getting Plex status for '16492377' on 'tranquility'
2023-11-28 11:00:12.921    app     info:    [AuthenticationMiddleware] Successfully restored 2 / 2 users
2023-11-28 11:00:12.955    app     info:    [server-manager] Previous Tranquility build: 2434480, current build: 2434480
2023-11-28 11:00:12.956    app     info:    [server-manager] Tranquility build is unchanged.
2023-11-28 11:00:12.958    app     info:    [server-manager] Ready to play!
2023-11-28 11:00:12.960    app     info:    [server-manager] Finished refresh cycle for Tranquility
2023-11-28 11:00:13.029    app     info:    [esi] Fetching character details for 2113875139, 2121174871
2023-11-28 11:00:13.046    app     info:    [customer-information] Agreement status has been fetched for user '17525312'
2023-11-28 11:00:13.051    app     info:    [esi] Fetching character details for 2114656127, 2121178396
2023-11-28 11:00:13.084    app     info:    [customer-information] Agreements have been updated
2023-11-28 11:00:13.198    app     info:    [virtual-goods] Fetched Plex status for '16492377' on 'tranquility'
2023-11-28 11:00:13.355    app     info:    [AuthenticationMiddleware] User information updated
2023-11-28 11:00:13.530    app     info:    [virtual-goods] Fetched Plex status for '17525312' on 'tranquility'
2023-11-28 11:00:13.534    app     info:    [AuthenticationMiddleware] User information updated
2023-11-28 11:00:13.828    app     warn:    [steam-auth] Failed to initialize Steamworks client
2023-11-28 11:00:13.832    app     info:    [main-window] Registering main window    { windowId: 2 }
2023-11-28 11:00:13.839    app     info:    [cdn-trace] Fetching CDN trace data from https://binaries.eveonline.com/cdn-cgi/trace
2023-11-28 11:00:13.840    app     info:    [creatives] Requesting creatives
2023-11-28 11:00:13.843    app     info:    [elg-events] Sending event    eve_launcher.electron.application.RendererLoaded
2023-11-28 11:00:13.966    app     info:    [creatives] Received 3 creatives
2023-11-28 11:00:14.311     ui     info:    Initializing captcha    ccp://launcher/renderer/main_window/index.js    2
2023-11-28 11:00:18.692    app     info:    [ipc-requests] Handling requests in the background
2023-11-28 11:00:19.700    app     info:    [ipc-requests] No longer handling requests in the background
2023-11-28 11:00:21.515    app     info:    [analytics] Hardware rendering enabled:    true    { disabledViaCommandline: false, disabledViaSettings: false }
2023-11-28 11:00:23.024    app     info:    [ipc-requests] Handling requests in the background
2023-11-28 11:00:23.268    app     warn:    [esi] Failed to fetch character details for 1 characters
2023-11-28 11:00:23.435    app     info:    [esi] Fetched 1 character details for 16492377
2023-11-28 11:00:23.444    app    error:    [esi] Failed to fetch character details for 17525312 r is not iterable    TypeError: r is not iterable
    at C:\Users\Dmytro\AppData\Local\eve-online\app-0.4.9\resources\app.asar\.webpack\main\index.js:8:2317496
    at process.processTicksAndRejections (node:internal/process/task_queues:96:5)
    at async C:\Users\Dmytro\AppData\Local\eve-online\app-0.4.9\resources\app.asar\.webpack\main\index.js:8:2317246
    at async Fj (C:\Users\Dmytro\AppData\Local\eve-online\app-0.4.9\resources\app.asar\.webpack\main\index.js:8:2316401)
2023-11-28 11:00:24.034    app     info:    [ipc-requests] No longer handling requests in the background
2023-11-28 11:00:26.682    app     info:    [AuthenticationMiddleware] Character information for '16492377' on 'tranquility' was loaded recently, skipping refresh.
2023-11-28 11:00:26.682    app     info:    [AuthenticationMiddleware] Plex information for '16492377' on 'tranquility' was loaded recently, skipping refresh.
2023-11-28 11:00:29.830    app     info:    [client-queue] Queued client startup    {
  tenant: 'tranquility',
  userId: 16492377,
  characterId: 2121174871,
  profile: ''
}
2023-11-28 11:00:29.832    app     info:    [elg-events] Sending event    eve_launcher.electron.eve_client.ClientQueued
2023-11-28 11:00:29.833    app     info:    [client-queue] No clients running for tranquility, copying files before starting a client
2023-11-28 11:00:29.839    app     info:    [elg-events] Sending event    eve_launcher.electron.eve_client.CopyingFilesStarted
2023-11-28 11:00:29.840    app     info:    [binary-copier] Copying 198 files (213 MB) to 'C:\CCP\EVE Online\tq'
2023-11-28 11:00:29.878    app     info:    [binary-copier] Removing old binaries
2023-11-28 11:00:29.893    app     info:    [binary-copier] Copying binaries from ResFiles
2023-11-28 11:00:30.383    app     info:    [binary-copier] Finished copying 198 files to 'C:\CCP\EVE Online\tq' in 0.546 seconds
2023-11-28 11:00:30.385    app     info:    [elg-events] Sending event    eve_launcher.electron.eve_client.CopyingFilesFinished
2023-11-28 11:00:30.391    app     info:    [client-manager] Starting EVE Online game client.    C:\CCP\EVE Online\tq\bin64\exefile.exe    Map(11) {
  'noconsole' => '/noconsole',
  'server' => '/server:tranquility.servers.eveonline.com',
  'triplatform' => '/triplatform=dx12',
  'ssotoken' => '/ssoToken=***',
  'refreshtoken' => '/refreshToken=***',
  'settingsprofile' => '/settingsprofile=Default',
  'deviceid' => '/deviceID=4a436adb-4b99-40a7-85b0-42e206f41286',
  'autoselectcharacter' => '/autoSelectCharacter:2121174871',
  'language' => '/language=en',
  'exp' => '1701169811',
  'tokenExpires' => '2023-11-28 13:10:11.000'
}    16492377
2023-11-28 11:00:30.393    app     info:    [elg-events] Sending event    eve_launcher.electron.eve_client.GameClientStartRequested
2023-11-28 11:00:30.424    app     info:    [elg-events] Sending event    eve_launcher.electron.eve_client.TemporaryClientProcessAdded
2023-11-28 11:00:30.427    app     info:    [client-queue] Started client from group startup    {
  tenant: 'tranquility',
  characterId: 2121174871,
  profile: '',
  userId: 16492377
}
2023-11-28 11:00:30.930    app     info:    [elg-events] Sending event    eve_launcher.electron.eve_client.TemporaryClientProcessMonitoringRetried
2023-11-28 11:00:30.933    app     info:    [client-manager] Found 'tranquility' client for '16492377' running:     {
  processId: 10836,
  createdDate: 1701169230469,
  userId: 16492377,
  characterId: 2121174871,
  profile: 'Default',
  dxVersion: 'dx12'
}
2023-11-28 11:00:30.943    app     info:    [elg-events] Sending event    eve_launcher.electron.eve_client.GameClientStarted
2023-11-28 11:00:30.948    app     info:    [elg-events] Sending event    eve_launcher.electron.eve_client.TemporaryClientProcessRemoved
2023-11-28 11:00:31.122    app     info:    [ipc-requests] Handling requests in the background
2023-11-28 11:00:31.450    app     info:    [client-queue] Queue has stopped running, no more clients pending startup.
2023-11-28 11:00:32.135    app     info:    [ipc-requests] No longer handling requests in the background
2023-11-28 11:00:42.807    app     warn:    Could not connect to LogLite    [
  Error: connect ECONNREFUSED 127.0.0.1:3273
      at TCPConnectWrap.afterConnect [as oncomplete] (node:net:1247:16) {
    errno: -4078,
    code: 'ECONNREFUSED',
    syscall: 'connect',
    address: '127.0.0.1',
    port: 3273
  }
]
2023-11-28 11:02:00.693    app    error:    [server-status-manager] Invalid response from server status check    {"userCount":0,"serverStatus":"unknown"}
2023-11-28 11:02:01.637    app     info:    [ipc-requests] Handling requests in the background
2023-11-28 11:02:02.643    app     info:    [ipc-requests] No longer handling requests in the background
2023-11-28 11:02:31.260    app    error:    [server-status-manager] Invalid response from server status check    {"userCount":0,"serverStatus":"unknown"}
2023-11-28 11:02:32.886    app     info:    [ipc-requests] Handling requests in the background
2023-11-28 11:02:33.894    app     info:    [ipc-requests] No longer handling requests in the background
2023-11-28 11:02:47.744    app     info:    [ipc-requests] Handling requests in the background
2023-11-28 11:02:48.754    app     info:    [ipc-requests] No longer handling requests in the background
2023-11-28 11:03:02.262    app     info:    [client-manager] 'tranquility' for EVE game client for '16492377' exited with no errors.
2023-11-28 11:03:02.265    app     info:    [elg-events] Sending event    eve_launcher.electron.eve_client.GameClientExited
2023-11-28 11:03:02.271    app     info:    [server-manager] Starting refresh cycle for Tranquility
2023-11-28 11:03:02.420    app     info:    [server-manager] Previous Tranquility build: 2434480, current build: 2435360
2023-11-28 11:03:02.422    app     info:    [elg-events] Sending event    eve_launcher.electron.eve_client.GameClientUpdateStarted
2023-11-28 11:03:02.422    app     info:    [server-manager] Starting download of build 2435360 for Tranquility.
2023-11-28 11:03:02.681    app     info:    [manifest] Excluded 188 files from the manifest, leaving 10 entries
2023-11-28 11:03:02.681    app     info:    [server-manager] Downloading 10 binary files (96.2 MB)
2023-11-28 11:03:02.682    app     info:    [download-from-manifest] Preparing to download 10 files    { cdn: 1, concurrent: 10 }
2023-11-28 11:03:03.757    app     info:    [server-manager] Downloaded 10.36 MiB/91.70 MiB at 5.36 MiB/s
2023-11-28 11:03:04.756    app     info:    [server-manager] Downloaded 17.66 MiB/91.70 MiB at 9.70 MiB/s
2023-11-28 11:03:05.757    app     info:    [server-manager] Downloaded 29.88 MiB/91.70 MiB at 9.76 MiB/s
2023-11-28 11:03:06.757    app     info:    [server-manager] Downloaded 37.21 MiB/91.70 MiB at 9.73 MiB/s
2023-11-28 11:03:07.757    app     info:    [server-manager] Downloaded 47.01 MiB/91.70 MiB at 9.79 MiB/s
2023-11-28 11:03:08.761    app     info:    [server-manager] Downloaded 56.85 MiB/91.70 MiB at 14.72 MiB/s
2023-11-28 11:03:09.764    app     info:    [server-manager] Downloaded 66.66 MiB/91.70 MiB at 9.79 MiB/s
2023-11-28 11:03:10.765    app     info:    [server-manager] Downloaded 76.47 MiB/91.70 MiB at 9.84 MiB/s
2023-11-28 11:03:11.768    app     info:    [server-manager] Downloaded 86.26 MiB/91.70 MiB at 9.87 MiB/s
2023-11-28 11:03:12.081    app     info:    [download-from-manifest] Downloaded 10 files (91,10 MiB) in 9.399 seconds
2023-11-28 11:03:12.082    app     info:    [download-from-manifest] Average download speed: 9,69 MiB/s
2023-11-28 11:03:12.141    app     info:    [elg-events] Sending event    eve_launcher.electron.eve_client.CopyingFilesStarted
2023-11-28 11:03:12.142    app     info:    [binary-copier] Copying 198 files (213 MB) to 'C:\CCP\EVE Online\tq'
2023-11-28 11:03:12.166    app     info:    [binary-copier] Removing old binaries
2023-11-28 11:03:12.195    app     info:    [binary-copier] Copying binaries from ResFiles
2023-11-28 11:03:12.440    app     info:    [binary-copier] Finished copying 198 files to 'C:\CCP\EVE Online\tq' in 0.302 seconds
2023-11-28 11:03:12.441    app     info:    [elg-events] Sending event    eve_launcher.electron.eve_client.CopyingFilesFinished
2023-11-28 11:03:13.084    app     info:    [server-manager] Copying executables 198/198
2023-11-28 11:03:14.082    app     info:    [manifest] Excluded 49230 files from the manifest, leaving 23 entries
2023-11-28 11:03:14.083    app     info:    [server-manager] Downloading 23 prefetch files (942 MB)
2023-11-28 11:03:14.083    app     info:    [download-from-manifest] Preparing to download 23 files    { cdn: 2, concurrent: 10 }
2023-11-28 11:03:14.160    app     info:    [server-manager] Copying executables 198/198
2023-11-28 11:03:15.159    app     info:    [server-manager] Downloaded 8.08 MiB/898.34 MiB at 4.14 MiB/s
2023-11-28 11:03:16.161    app     info:    [server-manager] Downloaded 17.90 MiB/898.34 MiB at 5.19 MiB/s
2023-11-28 11:03:17.165    app     info:    [server-manager] Downloaded 27.73 MiB/898.34 MiB at 14.56 MiB/s
2023-11-28 11:03:18.168    app     info:    [server-manager] Downloaded 37.54 MiB/898.34 MiB at 9.65 MiB/s
2023-11-28 11:03:19.174    app     info:    [server-manager] Downloaded 47.33 MiB/898.34 MiB at 9.98 MiB/s
2023-11-28 11:03:20.176    app     info:    [server-manager] Downloaded 57.15 MiB/898.34 MiB at 14.78 MiB/s
2023-11-28 11:03:21.177    app     info:    [server-manager] Downloaded 66.92 MiB/898.34 MiB at 9.91 MiB/s
2023-11-28 11:03:22.186    app     info:    [server-manager] Downloaded 76.81 MiB/898.34 MiB at 10.06 MiB/s
2023-11-28 11:03:23.189    app     info:    [server-manager] Downloaded 86.72 MiB/898.34 MiB at 9.90 MiB/s
2023-11-28 11:03:24.192    app     info:    [server-manager] Downloaded 96.45 MiB/898.34 MiB at 14.56 MiB/s
2023-11-28 11:03:25.195    app     info:    [server-manager] Downloaded 106.33 MiB/898.34 MiB at 9.86 MiB/s
2023-11-28 11:03:26.197    app     info:    [server-manager] Downloaded 116.04 MiB/898.34 MiB at 9.65 MiB/s
2023-11-28 11:03:27.200    app     info:    [server-manager] Downloaded 125.84 MiB/898.34 MiB at 10.04 MiB/s
2023-11-28 11:03:28.202    app     info:    [server-manager] Downloaded 135.69 MiB/898.34 MiB at 9.93 MiB/s
2023-11-28 11:03:29.204    app     info:    [server-manager] Downloaded 145.52 MiB/898.34 MiB at 9.85 MiB/s
2023-11-28 11:03:30.215    app     info:    [server-manager] Downloaded 155.32 MiB/898.34 MiB at 4.89 MiB/s
2023-11-28 11:03:31.219    app     info:    [server-manager] Downloaded 165.10 MiB/898.34 MiB at 9.77 MiB/s
2023-11-28 11:03:32.220    app     info:    [server-manager] Downloaded 174.90 MiB/898.34 MiB at 10.05 MiB/s
2023-11-28 11:03:33.223    app     info:    [server-manager] Downloaded 184.72 MiB/898.34 MiB at 9.99 MiB/s
2023-11-28 11:03:34.227    app     info:    [server-manager] Downloaded 194.54 MiB/898.34 MiB at 9.99 MiB/s
2023-11-28 11:03:35.229    app     info:    [server-manager] Downloaded 204.34 MiB/898.34 MiB at 10.10 MiB/s
2023-11-28 11:03:36.232    app     info:    [server-manager] Downloaded 214.24 MiB/898.34 MiB at 9.94 MiB/s
2023-11-28 11:03:37.234    app     info:    [server-manager] Downloaded 224.11 MiB/898.34 MiB at 9.56 MiB/s
2023-11-28 11:03:38.236    app     info:    [server-manager] Downloaded 233.87 MiB/898.34 MiB at 4.93 MiB/s
2023-11-28 11:03:39.239    app     info:    [server-manager] Downloaded 243.73 MiB/898.34 MiB at 14.55 MiB/s
2023-11-28 11:03:40.253    app     info:    [server-manager] Downloaded 253.57 MiB/898.34 MiB at 9.72 MiB/s
2023-11-28 11:03:41.257    app     info:    [server-manager] Downloaded 263.38 MiB/898.34 MiB at 9.80 MiB/s
2023-11-28 11:03:42.261    app     info:    [server-manager] Downloaded 273.26 MiB/898.34 MiB at 14.67 MiB/s
2023-11-28 11:03:43.264    app     info:    [server-manager] Downloaded 283.00 MiB/898.34 MiB at 9.82 MiB/s
2023-11-28 11:03:44.272    app     info:    [server-manager] Downloaded 292.73 MiB/898.34 MiB at 9.84 MiB/s
2023-11-28 11:03:45.276    app     info:    [server-manager] Downloaded 302.66 MiB/898.34 MiB at 10.27 MiB/s
2023-11-28 11:03:46.279    app     info:    [server-manager] Downloaded 312.59 MiB/898.34 MiB at 9.93 MiB/s
2023-11-28 11:03:47.281    app     info:    [server-manager] Downloaded 322.24 MiB/898.34 MiB at 9.68 MiB/s
2023-11-28 11:03:48.284    app     info:    [server-manager] Downloaded 331.95 MiB/898.34 MiB at 9.71 MiB/s
2023-11-28 11:03:49.293    app     info:    [server-manager] Downloaded 341.98 MiB/898.34 MiB at 10.19 MiB/s
2023-11-28 11:03:50.297    app     info:    [server-manager] Downloaded 351.76 MiB/898.34 MiB at 5.05 MiB/s
2023-11-28 11:03:51.300    app     info:    [server-manager] Downloaded 361.69 MiB/898.34 MiB at 10.00 MiB/s
2023-11-28 11:03:52.311    app     info:    [server-manager] Downloaded 371.50 MiB/898.34 MiB at 4.89 MiB/s
2023-11-28 11:03:53.313    app     info:    [server-manager] Downloaded 381.25 MiB/898.34 MiB at 4.91 MiB/s
2023-11-28 11:03:54.315    app     info:    [server-manager] Downloaded 391.04 MiB/898.34 MiB at 9.91 MiB/s
2023-11-28 11:03:55.318    app     info:    [server-manager] Downloaded 400.81 MiB/898.34 MiB at 10.13 MiB/s
2023-11-28 11:03:56.320    app     info:    [server-manager] Downloaded 410.72 MiB/898.34 MiB at 9.91 MiB/s
2023-11-28 11:03:57.322    app     info:    [server-manager] Downloaded 420.46 MiB/898.34 MiB at 9.62 MiB/s
2023-11-28 11:03:58.351    app     info:    [server-manager] Downloaded 430.61 MiB/898.34 MiB at 9.82 MiB/s
2023-11-28 11:03:59.353    app     info:    [server-manager] Downloaded 440.34 MiB/898.34 MiB at 9.48 MiB/s
2023-11-28 11:04:00.365    app     info:    [server-manager] Downloaded 450.37 MiB/898.34 MiB at 9.89 MiB/s
2023-11-28 11:04:01.367    app     info:    [server-manager] Downloaded 460.10 MiB/898.34 MiB at 9.63 MiB/s
2023-11-28 11:04:02.373    app     info:    [server-manager] Downloaded 470.08 MiB/898.34 MiB at 9.84 MiB/s
2023-11-28 11:04:03.381    app     info:    [server-manager] Downloaded 479.89 MiB/898.34 MiB at 9.25 MiB/s
2023-11-28 11:04:04.388    app     info:    [server-manager] Downloaded 489.58 MiB/898.34 MiB at 9.76 MiB/s
2023-11-28 11:04:05.393    app     info:    [server-manager] Downloaded 499.43 MiB/898.34 MiB at 10.03 MiB/s
2023-11-28 11:04:06.396    app     info:    [server-manager] Downloaded 509.35 MiB/898.34 MiB at 9.69 MiB/s
2023-11-28 11:04:07.403    app     info:    [server-manager] Downloaded 519.08 MiB/898.34 MiB at 4.96 MiB/s
2023-11-28 11:04:08.405    app     info:    [server-manager] Downloaded 528.80 MiB/898.34 MiB at 9.95 MiB/s
2023-11-28 11:04:09.411    app     info:    [server-manager] Downloaded 538.85 MiB/898.34 MiB at 10.23 MiB/s
2023-11-28 11:04:10.414    app     info:    [server-manager] Downloaded 548.66 MiB/898.34 MiB at 9.89 MiB/s
2023-11-28 11:04:11.416    app     info:    [server-manager] Downloaded 558.53 MiB/898.34 MiB at 9.95 MiB/s
2023-11-28 11:04:12.419    app     info:    [server-manager] Downloaded 568.30 MiB/898.34 MiB at 14.49 MiB/s
2023-11-28 11:04:13.420    app     info:    [server-manager] Downloaded 578.07 MiB/898.34 MiB at 9.86 MiB/s
2023-11-28 11:04:14.425    app     info:    [server-manager] Downloaded 587.85 MiB/898.34 MiB at 9.64 MiB/s
2023-11-28 11:04:15.427    app     info:    [server-manager] Downloaded 597.59 MiB/898.34 MiB at 9.49 MiB/s
2023-11-28 11:04:16.433    app     info:    [server-manager] Downloaded 607.48 MiB/898.34 MiB at 9.90 MiB/s
2023-11-28 11:04:17.436    app     info:    [server-manager] Downloaded 617.28 MiB/898.34 MiB at 9.89 MiB/s
2023-11-28 11:04:18.440    app     info:    [server-manager] Downloaded 627.15 MiB/898.34 MiB at 9.89 MiB/s
2023-11-28 11:04:19.442    app     info:    [server-manager] Downloaded 636.92 MiB/898.34 MiB at 9.90 MiB/s
2023-11-28 11:04:20.446    app     info:    [server-manager] Downloaded 646.77 MiB/898.34 MiB at 9.93 MiB/s
2023-11-28 11:04:21.448    app     info:    [server-manager] Downloaded 656.47 MiB/898.34 MiB at 9.90 MiB/s
2023-11-28 11:04:22.459    app     info:    [server-manager] Downloaded 666.36 MiB/898.34 MiB at 10.17 MiB/s
2023-11-28 11:04:23.462    app     info:    [server-manager] Downloaded 676.33 MiB/898.34 MiB at 15.04 MiB/s
2023-11-28 11:04:24.463    app     info:    [server-manager] Downloaded 686.02 MiB/898.34 MiB at 4.84 MiB/s
2023-11-28 11:04:25.464    app     info:    [server-manager] Downloaded 695.84 MiB/898.34 MiB at 4.88 MiB/s
2023-11-28 11:04:26.466    app     info:    [server-manager] Downloaded 705.65 MiB/898.34 MiB at 9.71 MiB/s
2023-11-28 11:04:27.469    app     info:    [server-manager] Downloaded 715.46 MiB/898.34 MiB at 9.84 MiB/s
2023-11-28 11:04:28.474    app     info:    [server-manager] Downloaded 725.26 MiB/898.34 MiB at 9.83 MiB/s
2023-11-28 11:04:29.476    app     info:    [server-manager] Downloaded 735.10 MiB/898.34 MiB at 9.89 MiB/s
2023-11-28 11:04:30.478    app     info:    [server-manager] Downloaded 744.92 MiB/898.34 MiB at 9.83 MiB/s
2023-11-28 11:04:31.481    app     info:    [server-manager] Downloaded 754.71 MiB/898.34 MiB at 14.75 MiB/s
2023-11-28 11:04:32.484    app     info:    [server-manager] Downloaded 764.55 MiB/898.34 MiB at 4.99 MiB/s
2023-11-28 11:04:33.486    app     info:    [server-manager] Downloaded 774.34 MiB/898.34 MiB at 9.80 MiB/s
2023-11-28 11:04:34.486    app     info:    [server-manager] Downloaded 784.08 MiB/898.34 MiB at 9.79 MiB/s
2023-11-28 11:04:35.488    app     info:    [server-manager] Downloaded 793.89 MiB/898.34 MiB at 14.73 MiB/s
2023-11-28 11:04:36.489    app     info:    [server-manager] Downloaded 803.68 MiB/898.34 MiB at 9.79 MiB/s
2023-11-28 11:04:37.490    app     info:    [server-manager] Downloaded 813.47 MiB/898.34 MiB at 9.79 MiB/s
2023-11-28 11:04:38.490    app     info:    [server-manager] Downloaded 823.26 MiB/898.34 MiB at 4.89 MiB/s
2023-11-28 11:04:39.496    app     info:    [server-manager] Downloaded 833.09 MiB/898.34 MiB at 9.85 MiB/s
2023-11-28 11:04:40.499    app     info:    [server-manager] Downloaded 842.93 MiB/898.34 MiB at 9.90 MiB/s
2023-11-28 11:04:41.501    app     info:    [server-manager] Downloaded 852.73 MiB/898.34 MiB at 9.81 MiB/s
2023-11-28 11:04:42.503    app     info:    [server-manager] Downloaded 862.55 MiB/898.34 MiB at 9.82 MiB/s
2023-11-28 11:04:43.505    app     info:    [server-manager] Downloaded 872.35 MiB/898.34 MiB at 9.76 MiB/s
2023-11-28 11:04:44.507    app     info:    [server-manager] Downloaded 882.12 MiB/898.34 MiB at 14.66 MiB/s
2023-11-28 11:04:45.509    app     info:    [server-manager] Downloaded 891.42 MiB/898.34 MiB at 4.70 MiB/s
2023-11-28 11:04:45.976    app     info:    [download-from-manifest] Downloaded 23 files (896,33 MiB) in 1 minutes, 31.891 seconds
2023-11-28 11:04:45.977    app     info:    [download-from-manifest] Average download speed: 9,75 MiB/s
2023-11-28 11:04:45.980    app     info:    [elg-events] Sending event    eve_launcher.electron.eve_client.GameClientUpdateFinished
2023-11-28 11:04:45.983    app     info:    [server-manager] Downloaded 898.34 MiB/898.34 MiB at 10.55 MiB/s
2023-11-28 11:04:45.984    app     info:    [server-manager] Ready to play!
2023-11-28 11:04:45.986    app     info:    [server-manager] Finished refresh cycle for Tranquility
2023-11-28 11:04:45.986    app     info:    [server-manager] Build for Tranquility is now 2435360
2023-11-28 11:05:12.655    app     info:    [self-update] Checking for a launcher update...
2023-11-28 11:05:12.968    app     info:    [self-update] Currently running the latest launcher version. Scheduling update check in 5 minutes.
2023-11-28 11:05:23.455    app     info:    [esi] Fetching character details for 2114656127, 2121178396
2023-11-28 11:05:33.792    app    error:    [esi] Failed to fetch character details for 17525312 r is not iterable    TypeError: r is not iterable
    at C:\Users\Dmytro\AppData\Local\eve-online\app-0.4.9\resources\app.asar\.webpack\main\index.js:8:2317496
    at process.processTicksAndRejections (node:internal/process/task_queues:96:5)
    at async C:\Users\Dmytro\AppData\Local\eve-online\app-0.4.9\resources\app.asar\.webpack\main\index.js:8:2317246
    at async Fj (C:\Users\Dmytro\AppData\Local\eve-online\app-0.4.9\resources\app.asar\.webpack\main\index.js:8:2316401)
2023-11-28 11:07:52.494    app    error:    [server-status-manager] Invalid response from server status check    {"userCount":0,"serverStatus":"online"}
2023-11-28 11:07:59.813    app     info:    [client-queue] Queued client startup    {
  tenant: 'tranquility',
  userId: 16492377,
  characterId: 2121174871,
  profile: ''
}
2023-11-28 11:07:59.815    app     info:    [elg-events] Sending event    eve_launcher.electron.eve_client.ClientQueued
2023-11-28 11:07:59.815    app     info:    [client-queue] No clients running for tranquility, copying files before starting a client
2023-11-28 11:07:59.819    app     info:    [elg-events] Sending event    eve_launcher.electron.eve_client.CopyingFilesStarted
2023-11-28 11:07:59.819    app     info:    [binary-copier] Copying 198 files (213 MB) to 'C:\CCP\EVE Online\tq'
2023-11-28 11:07:59.834    app     info:    [binary-copier] Removing old binaries
2023-11-28 11:07:59.861    app     info:    [binary-copier] Copying binaries from ResFiles
2023-11-28 11:07:59.958    app     info:    [binary-copier] Finished copying 198 files to 'C:\CCP\EVE Online\tq' in 0.140 seconds
2023-11-28 11:07:59.959    app     info:    [elg-events] Sending event    eve_launcher.electron.eve_client.CopyingFilesFinished
2023-11-28 11:07:59.965    app     info:    [client-manager] Starting EVE Online game client.    C:\CCP\EVE Online\tq\bin64\exefile.exe    Map(11) {
  'noconsole' => '/noconsole',
  'server' => '/server:tranquility.servers.eveonline.com',
  'triplatform' => '/triplatform=dx12',
  'ssotoken' => '/ssoToken=***',
  'refreshtoken' => '/refreshToken=***',
  'settingsprofile' => '/settingsprofile=Default',
  'deviceid' => '/deviceID=4a436adb-4b99-40a7-85b0-42e206f41286',
  'autoselectcharacter' => '/autoSelectCharacter:2121174871',
  'language' => '/language=en',
  'exp' => '1701169811',
  'tokenExpires' => '2023-11-28 13:10:11.000'
}    16492377
2023-11-28 11:07:59.967    app     info:    [elg-events] Sending event    eve_launcher.electron.eve_client.GameClientStartRequested
2023-11-28 11:08:00.003    app     info:    [elg-events] Sending event    eve_launcher.electron.eve_client.TemporaryClientProcessAdded
2023-11-28 11:08:00.006    app     info:    [client-queue] Started client from group startup    {
  tenant: 'tranquility',
  characterId: 2121174871,
  profile: '',
  userId: 16492377
}
2023-11-28 11:08:00.522    app     info:    [elg-events] Sending event    eve_launcher.electron.eve_client.TemporaryClientProcessMonitoringRetried
2023-11-28 11:08:00.528    app     info:    [client-manager] Found 'tranquility' client for '16492377' running:     {
  processId: 10740,
  createdDate: 1701169680057,
  userId: 16492377,
  characterId: 2121174871,
  profile: 'Default',
  dxVersion: 'dx12'
}
2023-11-28 11:08:00.538    app     info:    [elg-events] Sending event    eve_launcher.electron.eve_client.GameClientStarted
2023-11-28 11:08:00.544    app     info:    [elg-events] Sending event    eve_launcher.electron.eve_client.TemporaryClientProcessRemoved
2023-11-28 11:08:01.025    app     info:    [client-queue] Queue has stopped running, no more clients pending startup.
2023-11-28 11:08:22.595    app    error:    [server-status-manager] Invalid response from server status check    {"userCount":0,"serverStatus":"online"}
2023-11-28 11:08:52.600    app    error:    [server-status-manager] Invalid response from server status check    {"userCount":0,"serverStatus":"online"}
2023-11-28 11:09:22.608    app    error:    [server-status-manager] Invalid response from server status check    {"userCount":0,"serverStatus":"online"}
2023-11-28 11:09:46.004    app     info:    [server-manager] Starting refresh cycle for Tranquility
2023-11-28 11:09:46.132    app     info:    [server-manager] Previous Tranquility build: 2435360, current build: 2435360
2023-11-28 11:09:46.133    app     info:    [server-manager] Tranquility build is unchanged.
2023-11-28 11:09:46.137    app     info:    [server-manager] Ready to play!
2023-11-28 11:09:46.140    app     info:    [server-manager] Finished refresh cycle for Tranquility
2023-11-28 11:09:52.632    app    error:    [server-status-manager] Invalid response from server status check    {"userCount":0,"serverStatus":"online"}
2023-11-28 11:10:12.983    app     info:    [self-update] Checking for a launcher update...
2023-11-28 11:10:13.287    app     info:    [self-update] Currently running the latest launcher version. Scheduling update check in 5 minutes.
2023-11-28 11:14:46.140    app     info:    [server-manager] Starting refresh cycle for Tranquility
2023-11-28 11:14:46.314    app     info:    [server-manager] Previous Tranquility build: 2435360, current build: 2435360
2023-11-28 11:14:46.314    app     info:    [server-manager] Tranquility build is unchanged.
2023-11-28 11:14:46.318    app     info:    [server-manager] Ready to play!
2023-11-28 11:14:46.321    app     info:    [server-manager] Finished refresh cycle for Tranquility
2023-11-28 11:15:13.294    app     info:    [self-update] Checking for a launcher update...
2023-11-28 11:15:13.582    app     info:    [self-update] Currently running the latest launcher version. Scheduling update check in 5 minutes.
2023-11-28 11:18:33.846    app     info:    [ipc-requests] Handling requests in the background
2023-11-28 11:18:34.860    app     info:    [ipc-requests] No longer handling requests in the background
2023-11-28 11:19:38.400    app     info:    [ipc-requests] Handling requests in the background
2023-11-28 11:19:39.402    app     info:    [ipc-requests] No longer handling requests in the background
2023-11-28 11:19:46.340    app     info:    [server-manager] Starting refresh cycle for Tranquility
2023-11-28 11:19:46.563    app     info:    [server-manager] Previous Tranquility build: 2435360, current build: 2435360
2023-11-28 11:19:46.563    app     info:    [server-manager] Tranquility build is unchanged.
2023-11-28 11:19:46.567    app     info:    [server-manager] Ready to play!
2023-11-28 11:19:46.570    app     info:    [server-manager] Finished refresh cycle for Tranquility
2023-11-28 11:19:46.594    app     info:    [ipc-requests] Handling requests in the background
2023-11-28 11:19:47.602    app     info:    [ipc-requests] No longer handling requests in the background
2023-11-28 11:19:48.840    app     info:    [ipc-requests] Handling requests in the background
2023-11-28 11:19:49.842    app     info:    [ipc-requests] No longer handling requests in the background
2023-11-28 11:19:52.752    app     info:    [ipc-requests] Handling requests in the background
2023-11-28 11:19:53.761    app     info:    [ipc-requests] No longer handling requests in the background
2023-11-28 11:20:13.602    app     info:    [self-update] Checking for a launcher update...
2023-11-28 11:20:13.908    app     info:    [self-update] Currently running the latest launcher version. Scheduling update check in 5 minutes.
2023-11-28 11:20:30.881    app     info:    [ipc-requests] Handling requests in the background
2023-11-28 11:20:31.885    app     info:    [ipc-requests] No longer handling requests in the background
2023-11-28 11:21:40.375    app     info:    [ipc-requests] Handling requests in the background
2023-11-28 11:21:41.379    app     info:    [ipc-requests] No longer handling requests in the background
2023-11-28 11:22:13.085    app     info:    [ipc-requests] Handling requests in the background
2023-11-28 11:22:14.088    app     info:    [ipc-requests] No longer handling requests in the background
2023-11-28 11:22:15.636    app     info:    [ipc-requests] Handling requests in the background
2023-11-28 11:22:16.639    app     info:    [ipc-requests] No longer handling requests in the background
2023-11-28 11:22:39.169    app     info:    [ipc-requests] Handling requests in the background
2023-11-28 11:22:40.181    app     info:    [ipc-requests] No longer handling requests in the background
2023-11-28 11:22:43.370    app     info:    [ipc-requests] Handling requests in the background
2023-11-28 11:22:44.370    app     info:    [ipc-requests] No longer handling requests in the background
2023-11-28 11:23:19.456    app     info:    [ipc-requests] Handling requests in the background
2023-11-28 11:23:20.461    app     info:    [ipc-requests] No longer handling requests in the background
2023-11-28 11:23:29.570    app     info:    [client-manager] 'tranquility' for EVE game client for '16492377' exited with no errors.
2023-11-28 11:23:29.572    app     info:    [elg-events] Sending event    eve_launcher.electron.eve_client.GameClientExited
2023-11-28 11:23:29.579    app     info:    [server-manager] Starting refresh cycle for Tranquility
2023-11-28 11:23:29.730    app     info:    [server-manager] Previous Tranquility build: 2435360, current build: 2435360
2023-11-28 11:23:29.730    app     info:    [server-manager] Tranquility build is unchanged.
2023-11-28 11:23:29.733    app     info:    [server-manager] Ready to play!
2023-11-28 11:23:29.735    app     info:    [server-manager] Finished refresh cycle for Tranquility
2023-11-28 11:24:06.607    app     info:    [tray] Main window moved to top from tray    { windowId: 2 }
2023-11-28 11:24:08.061    app     info:    [tray] Quitting application from tray
2023-11-28 11:24:08.062    app     info:    Application quitting. Cleanup needed: true
2023-11-28 11:24:08.064    app     info:    [elg-events] Sending event    eve_launcher.electron.application.LauncherShutdown
2023-11-28 11:24:08.065    app     info:    app.quit called, but we are still sending ELG events.
2023-11-28 11:24:08.687    app     info:    ELG stream closed, quitting.
2023-11-28 11:24:08.689    app     info:    [main-window] Main window closing    { windowId: 2 }
2023-11-28 11:24:08.703    app     info:    [ipc-requests] Handling requests in the background
2023-11-28 11:24:08.713    app     info:    Application closed    0
