2023-12-24 17:18:52.817    app     info:    Startup arguments    []
2023-12-24 17:18:52.828    app     info:    EVE Online Launcher is already running. This instance will now be closed.
2023-12-24 17:18:52.828    app     info:    Application quitting. Cleanup needed: true
2023-12-24 17:18:52.834    app     info:    [elg-events] Sending event    eve_launcher.electron.application.LauncherShutdown
2023-12-24 17:18:52.836    app     info:    [self-update] Starting automatic update checks
2023-12-24 17:18:52.837    app     info:    [self-update] Waiting for update feed before starting update checks
2023-12-24 17:18:52.840    app     info:    [preload] High DPI scaling enabled by settings
2023-12-24 17:18:52.843    app     info:    app.quit called, but we are still sending ELG events.
2023-12-24 17:18:52.936    app     info:    [i18next] Changed language    en
2023-12-24 17:18:52.961    app     info:    [authentication] Token for '16492377' on 'tranquility' is expired, refresh is required
2023-12-24 17:18:52.962    app     info:    [authentication] Refreshing token for '16492377' on 'tranquility'
2023-12-24 17:18:52.963    app     info:    [authentication] Token for '17525312' on 'tranquility' is expired, refresh is required
2023-12-24 17:18:52.963    app     info:    [authentication] Refreshing token for '17525312' on 'tranquility'
2023-12-24 17:18:52.963    app     info:    [authentication] Token for '25218835' on 'tranquility' is expired, refresh is required
2023-12-24 17:18:52.965    app     info:    [authentication] Refreshing token for '25218835' on 'tranquility'
2023-12-24 17:18:52.965    app     info:    [customer-information] Getting character information for '29280260' on 'tranquility'
2023-12-24 17:18:52.966    app     info:    [customer-information] Getting Omega status for '29280260' on 'tranquility'
2023-12-24 17:18:52.966    app     info:    [virtual-goods] Getting Plex status for '29280260' on 'tranquility'
2023-12-24 17:18:52.968    app     info:    [customer-information] Getting character information for '29285645' on 'tranquility'
2023-12-24 17:18:52.968    app     info:    [customer-information] Getting Omega status for '29285645' on 'tranquility'
2023-12-24 17:18:52.969    app     info:    [virtual-goods] Getting Plex status for '29285645' on 'tranquility'
2023-12-24 17:18:52.969    app     info:    [authentication] Token for '18034259' on 'tranquility' is expired, refresh is required
2023-12-24 17:18:52.969    app     info:    [authentication] Refreshing token for '18034259' on 'tranquility'
2023-12-24 17:18:52.970    app     info:    [authentication] Token for '28182799' on 'tranquility' is expired, refresh is required
2023-12-24 17:18:52.970    app     info:    [authentication] Refreshing token for '28182799' on 'tranquility'
2023-12-24 17:18:52.970    app     info:    [authentication] Token for '2110311' on 'tranquility' is expired, refresh is required
2023-12-24 17:18:52.970    app     info:    [authentication] Refreshing token for '2110311' on 'tranquility'
2023-12-24 17:18:52.971    app     info:    [authentication] Token for '23622903' on 'tranquility' is expired, refresh is required
2023-12-24 17:18:52.971    app     info:    [authentication] Refreshing token for '23622903' on 'tranquility'
2023-12-24 17:18:52.971    app     info:    [authentication] Token for '26239201' on 'tranquility' is expired, refresh is required
2023-12-24 17:18:52.971    app     info:    [authentication] Refreshing token for '26239201' on 'tranquility'
2023-12-24 17:18:52.972    app     info:    [authentication] Token for '18922386' on 'tranquility' is expired, refresh is required
2023-12-24 17:18:52.972    app     info:    [authentication] Refreshing token for '18922386' on 'tranquility'
2023-12-24 17:18:52.972    app     info:    [authentication] Token for '18000247' on 'tranquility' is expired, refresh is required
2023-12-24 17:18:52.972    app     info:    [authentication] Refreshing token for '18000247' on 'tranquility'
2023-12-24 17:18:53.015    app     info:    [cache-protocol] Found 0 entries to remove
2023-12-24 17:18:53.016    app     info:    [cache-protocol] Nothing to clean up.
2023-12-24 17:18:53.110    app     info:    [virtual-goods] Fetched Plex status for '29280260' on 'tranquility'
2023-12-24 17:18:53.122    app     info:    [esi] Fetching character details for 2121853336
2023-12-24 17:18:53.135    app     info:    [customer-information] Agreements have been updated
2023-12-24 17:18:53.137    app     info:    [esi] Fetching character details for 2121878074
2023-12-24 17:18:53.155    app     info:    [first-run] First application run was at 2023-11-27T10:29:20.506Z
2023-12-24 17:18:53.254    app     info:    [authentication] Token for '18922386' on 'tranquility' has been successfully refreshed
2023-12-24 17:18:53.259    app     info:    [elg-events] Sending event    eve_launcher.electron.authentication.UserTokensRefreshed
2023-12-24 17:18:53.263    app     info:    [customer-information] Getting character information for '18922386' on 'tranquility'
2023-12-24 17:18:53.263    app     info:    [customer-information] Getting Omega status for '18922386' on 'tranquility'
2023-12-24 17:18:53.264    app     info:    [virtual-goods] Getting Plex status for '18922386' on 'tranquility'
2023-12-24 17:18:53.281    app     info:    [authentication] Token for '17525312' on 'tranquility' has been successfully refreshed
2023-12-24 17:18:53.283    app     info:    [elg-events] Sending event    eve_launcher.electron.authentication.UserTokensRefreshed
2023-12-24 17:18:53.284    app     info:    [customer-information] Getting character information for '17525312' on 'tranquility'
2023-12-24 17:18:53.285    app     info:    [customer-information] Getting Omega status for '17525312' on 'tranquility'
2023-12-24 17:18:53.285    app     info:    [virtual-goods] Getting Plex status for '17525312' on 'tranquility'
2023-12-24 17:18:53.296    app     info:    [authentication] Token for '18000247' on 'tranquility' has been successfully refreshed
2023-12-24 17:18:53.297    app     info:    [elg-events] Sending event    eve_launcher.electron.authentication.UserTokensRefreshed
2023-12-24 17:18:53.299    app     info:    [customer-information] Getting character information for '18000247' on 'tranquility'
2023-12-24 17:18:53.299    app     info:    [customer-information] Getting Omega status for '18000247' on 'tranquility'
2023-12-24 17:18:53.299    app     info:    [virtual-goods] Getting Plex status for '18000247' on 'tranquility'
2023-12-24 17:18:53.310    app     info:    [authentication] Token for '25218835' on 'tranquility' has been successfully refreshed
2023-12-24 17:18:53.311    app     info:    [elg-events] Sending event    eve_launcher.electron.authentication.UserTokensRefreshed
2023-12-24 17:18:53.312    app     info:    [customer-information] Getting character information for '25218835' on 'tranquility'
2023-12-24 17:18:53.312    app     info:    [customer-information] Getting Omega status for '25218835' on 'tranquility'
2023-12-24 17:18:53.312    app     info:    [virtual-goods] Getting Plex status for '25218835' on 'tranquility'
2023-12-24 17:18:53.323    app     info:    [authentication] Token for '26239201' on 'tranquility' has been successfully refreshed
2023-12-24 17:18:53.324    app     info:    [elg-events] Sending event    eve_launcher.electron.authentication.UserTokensRefreshed
2023-12-24 17:18:53.325    app     info:    [customer-information] Getting character information for '26239201' on 'tranquility'
2023-12-24 17:18:53.325    app     info:    [customer-information] Getting Omega status for '26239201' on 'tranquility'
2023-12-24 17:18:53.326    app     info:    [virtual-goods] Getting Plex status for '26239201' on 'tranquility'
2023-12-24 17:18:53.337    app     info:    [authentication] Token for '28182799' on 'tranquility' has been successfully refreshed
2023-12-24 17:18:53.338    app     info:    [elg-events] Sending event    eve_launcher.electron.authentication.UserTokensRefreshed
2023-12-24 17:18:53.339    app     info:    [customer-information] Getting character information for '28182799' on 'tranquility'
2023-12-24 17:18:53.339    app     info:    [customer-information] Getting Omega status for '28182799' on 'tranquility'
2023-12-24 17:18:53.339    app     info:    [virtual-goods] Getting Plex status for '28182799' on 'tranquility'
2023-12-24 17:18:53.350    app     info:    [authentication] Token for '2110311' on 'tranquility' has been successfully refreshed
2023-12-24 17:18:53.351    app     info:    [elg-events] Sending event    eve_launcher.electron.authentication.UserTokensRefreshed
2023-12-24 17:18:53.352    app     info:    [customer-information] Getting character information for '2110311' on 'tranquility'
2023-12-24 17:18:53.352    app     info:    [customer-information] Getting Omega status for '2110311' on 'tranquility'
2023-12-24 17:18:53.352    app     info:    [virtual-goods] Getting Plex status for '2110311' on 'tranquility'
2023-12-24 17:18:53.363    app     info:    [authentication] Token for '16492377' on 'tranquility' has been successfully refreshed
2023-12-24 17:18:53.364    app     info:    [elg-events] Sending event    eve_launcher.electron.authentication.UserTokensRefreshed
2023-12-24 17:18:53.365    app     info:    [customer-information] Getting character information for '16492377' on 'tranquility'
2023-12-24 17:18:53.366    app     info:    [customer-information] Getting Omega status for '16492377' on 'tranquility'
2023-12-24 17:18:53.366    app     info:    [virtual-goods] Getting Plex status for '16492377' on 'tranquility'
2023-12-24 17:18:53.376    app     info:    [authentication] Token for '18034259' on 'tranquility' has been successfully refreshed
2023-12-24 17:18:53.378    app     info:    [elg-events] Sending event    eve_launcher.electron.authentication.UserTokensRefreshed
2023-12-24 17:18:53.379    app     info:    [customer-information] Getting character information for '18034259' on 'tranquility'
2023-12-24 17:18:53.379    app     info:    [customer-information] Getting Omega status for '18034259' on 'tranquility'
2023-12-24 17:18:53.379    app     info:    [virtual-goods] Getting Plex status for '18034259' on 'tranquility'
2023-12-24 17:18:53.390    app     info:    [authentication] Token for '23622903' on 'tranquility' has been successfully refreshed
2023-12-24 17:18:53.391    app     info:    [elg-events] Sending event    eve_launcher.electron.authentication.UserTokensRefreshed
2023-12-24 17:18:53.392    app     info:    [customer-information] Getting character information for '23622903' on 'tranquility'
2023-12-24 17:18:53.392    app     info:    [customer-information] Getting Omega status for '23622903' on 'tranquility'
2023-12-24 17:18:53.392    app     info:    [virtual-goods] Getting Plex status for '23622903' on 'tranquility'
2023-12-24 17:18:53.480    app     info:    [virtual-goods] Fetched Plex status for '17525312' on 'tranquility'
2023-12-24 17:18:53.487    app     info:    [virtual-goods] Fetched Plex status for '28182799' on 'tranquility'
2023-12-24 17:18:53.500    app     info:    [esi] Fetching character details for 2121178171
2023-12-24 17:18:53.513    app     info:    [esi] Fetching character details for 2121891348
2023-12-24 17:18:53.532    app     info:    [esi] Fetching character details for 2119361891, 2120347635
2023-12-24 17:18:53.544    app     info:    [esi] Fetching character details for 2115479508
2023-12-24 17:18:53.564    app     info:    [esi] Fetching character details for 2114656127, 2121178396
2023-12-24 17:18:53.576    app     info:    [AuthenticationMiddleware] User information updated
2023-12-24 17:18:53.578    app     info:    [esi] Fetching character details for 2113875139, 2121174871
2023-12-24 17:18:53.614    app     info:    [esi] Fetching character details for 2115031890, 2121177973
2023-12-24 17:18:53.637    app     info:    [esi] Fetching character details for 2118248041, 2121175776
2023-12-24 17:18:53.657    app     info:    [esi] Fetching character details for 578564394, 2115457291
2023-12-24 17:18:53.669    app     info:    [virtual-goods] Fetched Plex status for '29285645' on 'tranquility'
2023-12-24 17:18:53.675    app     info:    [AuthenticationMiddleware] Successfully restored 14 / 14 users
2023-12-24 17:18:53.698    app     info:    [esi] Fetching character details for 2121174545
2023-12-24 17:18:53.708    app     info:    [AuthenticationMiddleware] User information updated
2023-12-24 17:18:53.717    app     info:    [virtual-goods] Fetched Plex status for '16492377' on 'tranquility'
2023-12-24 17:18:53.721    app     info:    [AuthenticationMiddleware] User information updated
2023-12-24 17:18:53.722    app     info:    [virtual-goods] Fetched Plex status for '2110311' on 'tranquility'
2023-12-24 17:18:53.727    app     info:    [AuthenticationMiddleware] User information updated
2023-12-24 17:18:53.729    app     info:    [virtual-goods] Fetched Plex status for '18922386' on 'tranquility'
2023-12-24 17:18:53.733    app     info:    [AuthenticationMiddleware] User information updated
2023-12-24 17:18:53.734    app     info:    [virtual-goods] Fetched Plex status for '18000247' on 'tranquility'
2023-12-24 17:18:53.740    app     info:    [AuthenticationMiddleware] User information updated
2023-12-24 17:18:53.741    app     info:    [virtual-goods] Fetched Plex status for '23622903' on 'tranquility'
2023-12-24 17:18:53.751    app     info:    [AuthenticationMiddleware] User information updated
2023-12-24 17:18:53.751    app     info:    [virtual-goods] Fetched Plex status for '18034259' on 'tranquility'
2023-12-24 17:18:53.756    app     info:    [AuthenticationMiddleware] User information updated
2023-12-24 17:18:53.756    app     info:    [virtual-goods] Fetched Plex status for '26239201' on 'tranquility'
2023-12-24 17:18:53.761    app     info:    [AuthenticationMiddleware] User information updated
2023-12-24 17:18:53.762    app     info:    [virtual-goods] Fetched Plex status for '25218835' on 'tranquility'
2023-12-24 17:18:53.766    app     info:    [AuthenticationMiddleware] User information updated
2023-12-24 17:18:53.891    app     info:    [esi] Fetched 1 character details for 29280260
2023-12-24 17:18:53.895    app     info:    [esi] Fetched 1 character details for 29285645
2023-12-24 17:18:53.995    app     info:    [esi] Fetched 1 character details for 26239201
2023-12-24 17:18:54.019    app     info:    ELG stream closed, quitting.
