2023-12-27 00:01:54.578    app     info:    [server-manager] Starting refresh cycle for eve-online / Tranquility
2023-12-27 00:01:55.557    app     info:    [server-manager] Previous Tranquility build: 2454674, current build: 2454674
2023-12-27 00:01:55.557    app     info:    [server-manager] Tranquility build is unchanged.
2023-12-27 00:01:55.562    app     info:    [server-manager] Ready to play!
2023-12-27 00:01:55.565    app     info:    [server-manager] Finished refresh cycle for Tranquility
2023-12-27 00:01:55.705    app     info:    [self-update] Checking for a launcher update...
2023-12-27 00:01:55.994    app     info:    [self-update] Currently running the latest launcher version. Scheduling update check in 5 minutes.
2023-12-27 00:06:55.571    app     info:    [server-manager] Starting refresh cycle for eve-online / Tranquility
2023-12-27 00:06:55.740    app     info:    [server-manager] Previous Tranquility build: 2454674, current build: 2454674
2023-12-27 00:06:55.740    app     info:    [server-manager] Tranquility build is unchanged.
2023-12-27 00:06:55.746    app     info:    [server-manager] Ready to play!
2023-12-27 00:06:55.750    app     info:    [server-manager] Finished refresh cycle for Tranquility
2023-12-27 00:06:56.004    app     info:    [self-update] Checking for a launcher update...
2023-12-27 00:06:56.372    app     info:    [self-update] Currently running the latest launcher version. Scheduling update check in 5 minutes.
2023-12-27 00:11:55.752    app     info:    [server-manager] Starting refresh cycle for eve-online / Tranquility
2023-12-27 00:11:55.904    app     info:    [server-manager] Previous Tranquility build: 2454674, current build: 2454674
2023-12-27 00:11:55.904    app     info:    [server-manager] Tranquility build is unchanged.
2023-12-27 00:11:55.910    app     info:    [server-manager] Ready to play!
2023-12-27 00:11:55.913    app     info:    [server-manager] Finished refresh cycle for Tranquility
2023-12-27 00:11:56.385    app     info:    [self-update] Checking for a launcher update...
2023-12-27 00:11:56.736    app     info:    [self-update] Currently running the latest launcher version. Scheduling update check in 5 minutes.
2023-12-27 00:16:55.924    app     info:    [server-manager] Starting refresh cycle for eve-online / Tranquility
2023-12-27 00:16:56.058    app     info:    [server-manager] Previous Tranquility build: 2454674, current build: 2454674
2023-12-27 00:16:56.058    app     info:    [server-manager] Tranquility build is unchanged.
2023-12-27 00:16:56.065    app     info:    [server-manager] Ready to play!
2023-12-27 00:16:56.069    app     info:    [server-manager] Finished refresh cycle for Tranquility
2023-12-27 00:16:56.746    app     info:    [self-update] Checking for a launcher update...
2023-12-27 00:16:57.107    app     info:    [self-update] Currently running the latest launcher version. Scheduling update check in 5 minutes.
2023-12-27 00:21:56.081    app     info:    [server-manager] Starting refresh cycle for eve-online / Tranquility
2023-12-27 00:21:56.179    app     info:    [server-manager] Previous Tranquility build: 2454674, current build: 2454674
2023-12-27 00:21:56.179    app     info:    [server-manager] Tranquility build is unchanged.
2023-12-27 00:21:56.184    app     info:    [server-manager] Ready to play!
2023-12-27 00:21:56.187    app     info:    [server-manager] Finished refresh cycle for Tranquility
2023-12-27 00:21:57.121    app     info:    [self-update] Checking for a launcher update...
2023-12-27 00:21:57.462    app     info:    [self-update] Currently running the latest launcher version. Scheduling update check in 5 minutes.
2023-12-27 00:26:56.193    app     info:    [server-manager] Starting refresh cycle for eve-online / Tranquility
2023-12-27 00:26:56.326    app     info:    [server-manager] Previous Tranquility build: 2454674, current build: 2454674
2023-12-27 00:26:56.326    app     info:    [server-manager] Tranquility build is unchanged.
2023-12-27 00:26:56.331    app     info:    [server-manager] Ready to play!
2023-12-27 00:26:56.335    app     info:    [server-manager] Finished refresh cycle for Tranquility
2023-12-27 00:26:57.466    app     info:    [self-update] Checking for a launcher update...
2023-12-27 00:26:57.807    app     info:    [self-update] Currently running the latest launcher version. Scheduling update check in 5 minutes.
2023-12-27 00:31:56.349    app     info:    [server-manager] Starting refresh cycle for eve-online / Tranquility
2023-12-27 00:31:56.469    app     info:    [server-manager] Previous Tranquility build: 2454674, current build: 2454674
2023-12-27 00:31:56.469    app     info:    [server-manager] Tranquility build is unchanged.
2023-12-27 00:31:56.474    app     info:    [server-manager] Ready to play!
2023-12-27 00:31:56.477    app     info:    [server-manager] Finished refresh cycle for Tranquility
2023-12-27 00:31:57.822    app     info:    [self-update] Checking for a launcher update...
2023-12-27 00:31:58.167    app     info:    [self-update] Currently running the latest launcher version. Scheduling update check in 5 minutes.
2023-12-27 00:36:54.522    app     info:    [creatives] Requesting creatives
2023-12-27 00:36:54.638    app     info:    [creatives] Received 2 creatives
2023-12-27 00:36:56.491    app     info:    [server-manager] Starting refresh cycle for eve-online / Tranquility
2023-12-27 00:36:56.664    app     info:    [server-manager] Previous Tranquility build: 2454674, current build: 2454674
2023-12-27 00:36:56.664    app     info:    [server-manager] Tranquility build is unchanged.
2023-12-27 00:36:56.669    app     info:    [server-manager] Ready to play!
2023-12-27 00:36:56.673    app     info:    [server-manager] Finished refresh cycle for Tranquility
2023-12-27 00:36:58.182    app     info:    [self-update] Checking for a launcher update...
2023-12-27 00:36:58.527    app     info:    [self-update] Currently running the latest launcher version. Scheduling update check in 5 minutes.
2023-12-27 00:41:56.679    app     info:    [server-manager] Starting refresh cycle for eve-online / Tranquility
2023-12-27 00:41:56.810    app     info:    [server-manager] Previous Tranquility build: 2454674, current build: 2454674
2023-12-27 00:41:56.810    app     info:    [server-manager] Tranquility build is unchanged.
2023-12-27 00:41:56.815    app     info:    [server-manager] Ready to play!
2023-12-27 00:41:56.818    app     info:    [server-manager] Finished refresh cycle for Tranquility
2023-12-27 00:41:58.536    app     info:    [self-update] Checking for a launcher update...
2023-12-27 00:41:58.875    app     info:    [self-update] Currently running the latest launcher version. Scheduling update check in 5 minutes.
2023-12-27 00:46:23.534    app     info:    [ipc-requests] Handling requests in the background
2023-12-27 00:46:24.541    app     info:    [ipc-requests] No longer handling requests in the background
2023-12-27 00:46:56.824    app     info:    [server-manager] Starting refresh cycle for eve-online / Tranquility
2023-12-27 00:46:56.926    app     info:    [server-manager] Previous Tranquility build: 2454674, current build: 2454674
2023-12-27 00:46:56.926    app     info:    [server-manager] Tranquility build is unchanged.
2023-12-27 00:46:56.931    app     info:    [server-manager] Ready to play!
2023-12-27 00:46:56.934    app     info:    [server-manager] Finished refresh cycle for Tranquility
2023-12-27 00:46:58.884    app     info:    [self-update] Checking for a launcher update...
2023-12-27 00:46:59.223    app     info:    [self-update] Currently running the latest launcher version. Scheduling update check in 5 minutes.
2023-12-27 00:49:34.725    app     info:    [ipc-requests] Handling requests in the background
2023-12-27 00:49:35.739    app     info:    [ipc-requests] No longer handling requests in the background
2023-12-27 00:50:17.463    app     info:    [client-manager] 'tranquility' for EVE game client for '15136212' exited with no errors.
2023-12-27 00:50:17.472    app     info:    [server-manager] Starting refresh cycle for eve-online / Tranquility
2023-12-27 00:50:17.574    app     info:    [quasar-events] Sent 'eve_launcher.electron.eve_client.GameClientExited'
2023-12-27 00:50:17.584    app     info:    [server-manager] Previous Tranquility build: 2454674, current build: 2454674
2023-12-27 00:50:17.585    app     info:    [server-manager] Tranquility build is unchanged.
2023-12-27 00:50:17.601    app     info:    [server-manager] Ready to play!
2023-12-27 00:50:17.608    app     info:    [server-manager] Finished refresh cycle for Tranquility
2023-12-27 00:50:26.309    app     info:    [authentication] Token for '15136212' on 'tranquility' is expired, refresh is required
2023-12-27 00:50:26.310    app     info:    [authentication] Refreshing token for '15136212' on 'tranquility'
2023-12-27 00:50:26.418    app     info:    [authentication] Token for '15136212' on 'tranquility' has been successfully refreshed
2023-12-27 00:50:26.427    app     info:    [elg-events] Sending event    eve_launcher.electron.authentication.UserTokensRefreshed
2023-12-27 00:50:26.431    app     info:    [customer-information] Getting character information for '15136212' on 'tranquility'
2023-12-27 00:50:26.432    app     info:    [customer-information] Getting Omega status for '15136212' on 'tranquility'
2023-12-27 00:50:26.432    app     info:    [virtual-goods] Getting Plex status for '15136212' on 'tranquility'
2023-12-27 00:50:26.523    app     info:    [esi] Fetching character details for 2121927552
2023-12-27 00:50:26.919    app     info:    [esi] Fetched 1 character details for 15136212
2023-12-27 00:50:27.019    app     info:    [virtual-goods] Fetched Plex status for '15136212' on 'tranquility'
2023-12-27 00:50:27.044    app     info:    [AuthenticationMiddleware] User information updated
2023-12-27 00:50:27.101    app     info:    [client-queue] Queued client startup    {
  product: 'eve-online',
  tenant: 'tranquility',
  userId: 15136212,
  characterId: 2121927552,
  profile: ''
}
2023-12-27 00:50:27.104    app     info:    [elg-events] Sending event    eve_launcher.electron.eve_client.ClientQueued
2023-12-27 00:50:27.104    app     info:    [client-queue] No clients running for tranquility, copying files before starting a client
2023-12-27 00:50:27.107    app     info:    [elg-events] Sending event    eve_launcher.electron.eve_client.CopyingFilesStarted
2023-12-27 00:50:27.108    app     info:    [binary-copier] Copying 194 files (216 MB) to 'C:\CCP\EVE Online\tq'
2023-12-27 00:50:27.124    app     info:    [binary-copier] Removing old binaries
2023-12-27 00:50:27.143    app     info:    [binary-copier] Copying binaries from ResFiles
2023-12-27 00:50:27.541    app     info:    [binary-copier] Finished copying 194 files to 'C:\CCP\EVE Online\tq' in 0.435 seconds
2023-12-27 00:50:27.543    app     info:    [elg-events] Sending event    eve_launcher.electron.eve_client.CopyingFilesFinished
2023-12-27 00:50:27.547    app     info:    [client-manager] Starting EVE Online game client.    C:\CCP\EVE Online\tq\bin64\exefile.exe    Map(11) {
  'noconsole' => '/noconsole',
  'server' => '/server:tranquility.servers.eveonline.com',
  'triplatform' => '/triplatform=dx12',
  'ssotoken' => '/ssoToken=***',
  'refreshtoken' => '/refreshToken=***',
  'settingsprofile' => '/settingsprofile=Default',
  'deviceid' => '/deviceID=4a436adb-4b99-40a7-85b0-42e206f41286',
  'autoselectcharacter' => '/autoSelectCharacter:2121927552',
  'language' => '/language=en',
  'exp' => '1703638827',
  'tokenExpires' => '2023-12-27 03:00:27.000'
}    15136212
2023-12-27 00:50:27.622    app     info:    [client-queue] Started client from group startup    {
  product: 'eve-online',
  tenant: 'tranquility',
  characterId: 2121927552,
  profile: '',
  userId: 15136212
}
2023-12-27 00:50:27.658    app     info:    [quasar-events] Sent 'eve_launcher.electron.eve_client.GameClientStartRequested'
2023-12-27 00:50:27.769    app     info:    [quasar-events] Sent 'eve_launcher.electron.eve_client.TemporaryClientProcessAdded'
2023-12-27 00:50:28.135    app     info:    [client-manager] Found 'tranquility' client for '15136212' running:     {
  processId: 11712,
  createdDate: 1703638227645,
  userId: 15136212,
  characterId: 2121927552,
  profile: 'Default',
  dxVersion: 'dx12'
}
2023-12-27 00:50:28.239    app     info:    [quasar-events] Sent 'eve_launcher.electron.eve_client.TemporaryClientProcessMonitoringRetried'
2023-12-27 00:50:28.239    app     info:    [quasar-events] Sent 'eve_launcher.electron.eve_client.GameClientStarted'
2023-12-27 00:50:28.240    app     info:    [quasar-events] Sent 'eve_launcher.electron.eve_client.TemporaryClientProcessRemoved'
2023-12-27 00:50:28.630    app     info:    [client-queue] Queue has stopped running, no more clients pending startup.
2023-12-27 00:51:59.237    app     info:    [self-update] Checking for a launcher update...
2023-12-27 00:51:59.588    app     info:    [self-update] Currently running the latest launcher version. Scheduling update check in 5 minutes.
2023-12-27 00:53:54.384    app     info:    warn: [LaunchDarkly] Error on stream connection: Read timeout, received no data in 300000ms, assuming connection is dead, will continue retrying after 771 milliseconds.    []
2023-12-27 00:53:54.384    app     info:    info: [LaunchDarkly] Closing stream connection    []
2023-12-27 00:53:55.157    app     info:    info: [LaunchDarkly] Opening stream connection to https://clientstream.launchdarkly.com/eval/64c3d12e27a4b11365012d39/eyJrZXkiOiI0YTQzNmFkYi00Yjk5LTQwYTctODViMC00MmUyMDZmNDEyODYiLCJraW5kIjoidXNlciIsImN1c3RvbSI6eyJpc0ZpcnN0UnVuIjpmYWxzZSwiZGF5c1NpbmNlRmlyc3RSdW4iOjI5LCJsYW5ndWFnZSI6ImVuIiwiYXBwbGljYXRpb24iOiJldmUtb25saW5lIiwidmVyc2lvbiI6IjEuMi4wIiwicGxhdGZvcm0iOiJ3aW5kb3dzIiwib3NWZXJzaW9uRGVwcmVjYXRlZCI6ZmFsc2UsInVzZXJJZHMiOlsxNjQ5MjM3NywyNTIxODgzNSwyMTEwMzExLDI5Mjg1NjQ1XSwib21lZ2FDb3VudCI6MCwiYWxwaGFDb3VudCI6MTQsImFjY291bnRDb3VudCI6MTQsIm9sZGVzdEFjY291bnRBZ2UiOjYwMTMsInlvdW5nZXN0QWNjb3VudEFnZSI6MjV9fQ?withReasons=true    []
2023-12-27 00:55:17.617    app     info:    [server-manager] Starting refresh cycle for eve-online / Tranquility
2023-12-27 00:55:17.742    app     info:    [server-manager] Previous Tranquility build: 2454674, current build: 2454674
2023-12-27 00:55:17.742    app     info:    [server-manager] Tranquility build is unchanged.
2023-12-27 00:55:17.747    app     info:    [server-manager] Ready to play!
2023-12-27 00:55:17.750    app     info:    [server-manager] Finished refresh cycle for Tranquility
2023-12-27 00:55:21.559    app     info:    [client-manager] 'tranquility' for EVE game client for '15136212' exited with no errors.
2023-12-27 00:55:21.569    app     info:    [server-manager] Starting refresh cycle for eve-online / Tranquility
2023-12-27 00:55:21.670    app     info:    [quasar-events] Sent 'eve_launcher.electron.eve_client.GameClientExited'
2023-12-27 00:55:22.469    app     info:    [client-queue] Queued client startup    {
  product: 'eve-online',
  tenant: 'tranquility',
  userId: 15136212,
  characterId: 2121927552,
  profile: ''
}
2023-12-27 00:55:22.471    app     info:    [elg-events] Sending event    eve_launcher.electron.eve_client.ClientQueued
2023-12-27 00:55:22.471    app     info:    [client-queue] No clients running for tranquility, copying files before starting a client
2023-12-27 00:55:22.475    app     info:    [elg-events] Sending event    eve_launcher.electron.eve_client.CopyingFilesStarted
2023-12-27 00:55:22.475    app     info:    [binary-copier] Copying 194 files (216 MB) to 'C:\CCP\EVE Online\tq'
2023-12-27 00:55:22.490    app     info:    [binary-copier] Removing old binaries
2023-12-27 00:55:22.520    app     info:    [binary-copier] Copying binaries from ResFiles
2023-12-27 00:55:22.889    app     info:    [binary-copier] Finished copying 194 files to 'C:\CCP\EVE Online\tq' in 0.416 seconds
2023-12-27 00:55:22.890    app     info:    [elg-events] Sending event    eve_launcher.electron.eve_client.CopyingFilesFinished
2023-12-27 00:55:22.894    app     info:    [client-manager] Starting EVE Online game client.    C:\CCP\EVE Online\tq\bin64\exefile.exe    Map(11) {
  'noconsole' => '/noconsole',
  'server' => '/server:tranquility.servers.eveonline.com',
  'triplatform' => '/triplatform=dx12',
  'ssotoken' => '/ssoToken=***',
  'refreshtoken' => '/refreshToken=***',
  'settingsprofile' => '/settingsprofile=Default',
  'deviceid' => '/deviceID=4a436adb-4b99-40a7-85b0-42e206f41286',
  'autoselectcharacter' => '/autoSelectCharacter:2121927552',
  'language' => '/language=en',
  'exp' => '1703638827',
  'tokenExpires' => '2023-12-27 03:00:27.000'
}    15136212
2023-12-27 00:55:22.925    app     info:    [client-queue] Started client from group startup    {
  product: 'eve-online',
  tenant: 'tranquility',
  characterId: 2121927552,
  profile: '',
  userId: 15136212
}
2023-12-27 00:55:23.010    app     info:    [quasar-events] Sent 'eve_launcher.electron.eve_client.GameClientStartRequested'
2023-12-27 00:55:23.010    app     info:    [quasar-events] Sent 'eve_launcher.electron.eve_client.TemporaryClientProcessAdded'
2023-12-27 00:55:23.440    app     info:    [client-manager] Found 'tranquility' client for '15136212' running:     {
  processId: 5836,
  createdDate: 1703638522947,
  userId: 15136212,
  characterId: 2121927552,
  profile: 'Default',
  dxVersion: 'dx12'
}
2023-12-27 00:55:23.541    app     info:    [quasar-events] Sent 'eve_launcher.electron.eve_client.TemporaryClientProcessMonitoringRetried'
2023-12-27 00:55:23.541    app     info:    [quasar-events] Sent 'eve_launcher.electron.eve_client.GameClientStarted'
2023-12-27 00:55:23.541    app     info:    [quasar-events] Sent 'eve_launcher.electron.eve_client.TemporaryClientProcessRemoved'
2023-12-27 00:55:23.952    app     info:    [client-queue] Queue has stopped running, no more clients pending startup.
2023-12-27 00:55:28.738    app     info:    [server-manager] Previous Tranquility build: 2454674, current build: 2454674
2023-12-27 00:55:28.738    app     info:    [server-manager] Tranquility build is unchanged.
2023-12-27 00:55:28.743    app     info:    [server-manager] Ready to play!
2023-12-27 00:55:28.746    app     info:    [server-manager] Finished refresh cycle for Tranquility
2023-12-27 00:56:59.591    app     info:    [self-update] Checking for a launcher update...
2023-12-27 00:56:59.939    app     info:    [self-update] Currently running the latest launcher version. Scheduling update check in 5 minutes.
2023-12-27 00:58:55.398    app     info:    warn: [LaunchDarkly] Error on stream connection: Read timeout, received no data in 300000ms, assuming connection is dead, will continue retrying after 577 milliseconds.    []
2023-12-27 00:58:55.398    app     info:    info: [LaunchDarkly] Closing stream connection    []
2023-12-27 00:58:55.988    app     info:    info: [LaunchDarkly] Opening stream connection to https://clientstream.launchdarkly.com/eval/64c3d12e27a4b11365012d39/eyJrZXkiOiI0YTQzNmFkYi00Yjk5LTQwYTctODViMC00MmUyMDZmNDEyODYiLCJraW5kIjoidXNlciIsImN1c3RvbSI6eyJpc0ZpcnN0UnVuIjpmYWxzZSwiZGF5c1NpbmNlRmlyc3RSdW4iOjI5LCJsYW5ndWFnZSI6ImVuIiwiYXBwbGljYXRpb24iOiJldmUtb25saW5lIiwidmVyc2lvbiI6IjEuMi4wIiwicGxhdGZvcm0iOiJ3aW5kb3dzIiwib3NWZXJzaW9uRGVwcmVjYXRlZCI6ZmFsc2UsInVzZXJJZHMiOlsxNjQ5MjM3NywyNTIxODgzNSwyMTEwMzExLDI5Mjg1NjQ1XSwib21lZ2FDb3VudCI6MCwiYWxwaGFDb3VudCI6MTQsImFjY291bnRDb3VudCI6MTQsIm9sZGVzdEFjY291bnRBZ2UiOjYwMTMsInlvdW5nZXN0QWNjb3VudEFnZSI6MjV9fQ?withReasons=true    []
2023-12-27 01:00:28.756    app     info:    [server-manager] Starting refresh cycle for eve-online / Tranquility
2023-12-27 01:00:28.868    app     info:    [server-manager] Previous Tranquility build: 2454674, current build: 2454674
2023-12-27 01:00:28.868    app     info:    [server-manager] Tranquility build is unchanged.
2023-12-27 01:00:28.874    app     info:    [server-manager] Ready to play!
2023-12-27 01:00:28.877    app     info:    [server-manager] Finished refresh cycle for Tranquility
2023-12-27 01:01:59.940    app     info:    [self-update] Checking for a launcher update...
2023-12-27 01:02:00.281    app     info:    [self-update] Currently running the latest launcher version. Scheduling update check in 5 minutes.
2023-12-27 01:03:16.000    app     info:    [client-manager] 'tranquility' for EVE game client for '15136212' exited with no errors.
2023-12-27 01:03:16.014    app     info:    [server-manager] Starting refresh cycle for eve-online / Tranquility
2023-12-27 01:03:16.112    app     info:    [quasar-events] Sent 'eve_launcher.electron.eve_client.GameClientExited'
2023-12-27 01:03:16.150    app     info:    [server-manager] Previous Tranquility build: 2454674, current build: 2454674
2023-12-27 01:03:16.150    app     info:    [server-manager] Tranquility build is unchanged.
2023-12-27 01:03:16.156    app     info:    [server-manager] Ready to play!
2023-12-27 01:03:16.158    app     info:    [server-manager] Finished refresh cycle for Tranquility
2023-12-27 01:03:37.351    app     info:    [main-window] Main window minimized to tray    { windowId: 2 }
2023-12-27 01:03:37.372    app     info:    [main-window] Sent notification that the application is minimized to tray    { windowId: 2 }
2023-12-27 01:03:37.379    app     info:    [ipc-requests] Handling requests in the background
2023-12-27 01:03:38.387    app     info:    [ipc-requests] No longer handling requests in the background
2023-12-27 01:06:56.240    app     info:    warn: [LaunchDarkly] Error on stream connection: Read timeout, received no data in 300000ms, assuming connection is dead, will continue retrying after 558 milliseconds.    []
2023-12-27 01:06:56.241    app     info:    info: [LaunchDarkly] Closing stream connection    []
2023-12-27 01:06:56.801    app     info:    info: [LaunchDarkly] Opening stream connection to https://clientstream.launchdarkly.com/eval/64c3d12e27a4b11365012d39/eyJrZXkiOiI0YTQzNmFkYi00Yjk5LTQwYTctODViMC00MmUyMDZmNDEyODYiLCJraW5kIjoidXNlciIsImN1c3RvbSI6eyJpc0ZpcnN0UnVuIjpmYWxzZSwiZGF5c1NpbmNlRmlyc3RSdW4iOjI5LCJsYW5ndWFnZSI6ImVuIiwiYXBwbGljYXRpb24iOiJldmUtb25saW5lIiwidmVyc2lvbiI6IjEuMi4wIiwicGxhdGZvcm0iOiJ3aW5kb3dzIiwib3NWZXJzaW9uRGVwcmVjYXRlZCI6ZmFsc2UsInVzZXJJZHMiOlsxNjQ5MjM3NywyNTIxODgzNSwyMTEwMzExLDI5Mjg1NjQ1XSwib21lZ2FDb3VudCI6MCwiYWxwaGFDb3VudCI6MTQsImFjY291bnRDb3VudCI6MTQsIm9sZGVzdEFjY291bnRBZ2UiOjYwMTMsInlvdW5nZXN0QWNjb3VudEFnZSI6MjV9fQ?withReasons=true    []
2023-12-27 01:07:00.288    app     info:    [self-update] Checking for a launcher update...
2023-12-27 01:07:00.571    app     info:    [self-update] Currently running the latest launcher version. Scheduling update check in 5 minutes.
2023-12-27 01:08:16.168    app     info:    [server-manager] Starting refresh cycle for eve-online / Tranquility
2023-12-27 01:08:16.309    app     info:    [server-manager] Previous Tranquility build: 2454674, current build: 2454674
2023-12-27 01:08:16.309    app     info:    [server-manager] Tranquility build is unchanged.
2023-12-27 01:08:16.314    app     info:    [server-manager] Ready to play!
2023-12-27 01:08:16.317    app     info:    [server-manager] Finished refresh cycle for Tranquility
2023-12-27 01:12:00.576    app     info:    [self-update] Checking for a launcher update...
2023-12-27 01:12:00.853    app     info:    [self-update] Currently running the latest launcher version. Scheduling update check in 5 minutes.
2023-12-27 01:13:16.331    app     info:    [server-manager] Starting refresh cycle for eve-online / Tranquility
2023-12-27 01:13:16.467    app     info:    [server-manager] Previous Tranquility build: 2454674, current build: 2454674
2023-12-27 01:13:16.467    app     info:    [server-manager] Tranquility build is unchanged.
2023-12-27 01:13:16.472    app     info:    [server-manager] Ready to play!
2023-12-27 01:13:16.475    app     info:    [server-manager] Finished refresh cycle for Tranquility
