2023-12-07 09:30:40.432    app     info:    Startup arguments    []
2023-12-07 09:30:40.437    app     info:    [self-update] Starting automatic update checks
2023-12-07 09:30:40.437    app     info:    [self-update] Waiting for update feed before starting update checks
2023-12-07 09:30:40.568    app     info:    [i18next] Changed language    en
2023-12-07 09:30:40.666    app     info:    [authentication] Token for '16492377' on 'tranquility' is expired, refresh is required
2023-12-07 09:30:40.666    app     info:    [authentication] Refreshing token for '16492377' on 'tranquility'
2023-12-07 09:30:40.667    app     info:    [authentication] Token for '17525312' on 'tranquility' is expired, refresh is required
2023-12-07 09:30:40.667    app     info:    [authentication] Refreshing token for '17525312' on 'tranquility'
2023-12-07 09:30:40.668    app     info:    [authentication] Token for '25218835' on 'tranquility' is expired, refresh is required
2023-12-07 09:30:40.668    app     info:    [authentication] Refreshing token for '25218835' on 'tranquility'
2023-12-07 09:30:40.669    app     info:    [customer-information] Getting character information for '29280260' on 'tranquility'
2023-12-07 09:30:40.669    app     info:    [customer-information] Getting Omega status for '29280260' on 'tranquility'
2023-12-07 09:30:40.669    app     info:    [virtual-goods] Getting Plex status for '29280260' on 'tranquility'
2023-12-07 09:30:40.671    app     info:    [customer-information] Getting character information for '29285645' on 'tranquility'
2023-12-07 09:30:40.671    app     info:    [customer-information] Getting Omega status for '29285645' on 'tranquility'
2023-12-07 09:30:40.671    app     info:    [virtual-goods] Getting Plex status for '29285645' on 'tranquility'
2023-12-07 09:30:40.672    app     info:    [authentication] Token for '18034259' on 'tranquility' is expired, refresh is required
2023-12-07 09:30:40.672    app     info:    [authentication] Refreshing token for '18034259' on 'tranquility'
2023-12-07 09:30:40.672    app     info:    [authentication] Token for '28182799' on 'tranquility' is expired, refresh is required
2023-12-07 09:30:40.672    app     info:    [authentication] Refreshing token for '28182799' on 'tranquility'
2023-12-07 09:30:40.673    app     info:    [authentication] Token for '2110311' on 'tranquility' is expired, refresh is required
2023-12-07 09:30:40.673    app     info:    [authentication] Refreshing token for '2110311' on 'tranquility'
2023-12-07 09:30:40.673    app     info:    [device-id] Device id found in state
2023-12-07 09:30:40.680    app     info:    [analytics] Application name:    EVE Online
2023-12-07 09:30:40.681    app     info:    [analytics] Application version:    1.0.2
2023-12-07 09:30:40.681    app     info:    [analytics] Domain    undefined
2023-12-07 09:30:40.681    app     info:    [analytics] Working directory    C:\Users\REDACTED\AppData\Local\eve-online\app-1.0.2
2023-12-07 09:30:40.682    app     info:    [analytics] Username contains UTF8?    false
2023-12-07 09:30:40.980    app     info:    [elg-events] Sending event    eve_launcher.electron.application.PdmLoaded
2023-12-07 09:30:40.986    app     info:    [analytics] Operating system    {
  type: 'Windows',
  name: 'Windows 10 Education',
  version: '10.0 (19045)'
}
2023-12-07 09:30:40.987    app     info:    [analytics] Encryption available:    true
2023-12-07 09:30:40.988    app     info:    [analytics] Machine UUID    4E9F516C-5B97-47C6-8C67-E93D943CB7C8
2023-12-07 09:30:40.988    app     info:    [analytics] PDM Version    2.1.4
2023-12-07 09:30:40.988    app     info:    [analytics] Release channel    release
2023-12-07 09:30:40.992    app     info:    [initializers] Shared cache directory set to    C:\CCP\EVE Online
2023-12-07 09:30:41.014    app     info:    [initializers] Shared cache drive free space: 88,85 GiB / 465,75 GiB
2023-12-07 09:30:41.022    app     info:    [elg-events] Sending event    eve_launcher.electron.application.LauncherStarted
2023-12-07 09:30:41.025    app     info:    [elg-events] Sending event    eve_launcher.electron.application.CoreDataLoaded
2023-12-07 09:30:41.026    app     info:    [cdn-trace] Fetching CDN trace data from https://binaries.eveonline.com/cdn-cgi/trace
2023-12-07 09:30:41.043    app     info:    [feature-flags] Initializing feature flag client
2023-12-07 09:30:41.128    app     info:    [first-run] First application run was at 2023-11-27T10:29:20.506Z
2023-12-07 09:30:41.174    app     info:    [cache-protocol] Found 0 entries to remove
2023-12-07 09:30:41.175    app     info:    [cache-protocol] Nothing to clean up.
2023-12-07 09:30:41.223    app     info:    [server-manager] Starting refresh cycle for eve-online / Tranquility
2023-12-07 09:30:41.242    app     info:    [customer-information] Agreements have been updated
2023-12-07 09:30:41.244    app     info:    [esi] Fetching character details for 2121853336
2023-12-07 09:30:41.271    app     info:    info: [LaunchDarkly] LaunchDarkly client initialized    []
2023-12-07 09:30:41.272    app     info:    info: [LaunchDarkly] Opening stream connection to https://clientstream.launchdarkly.com/eval/64c3d12e27a4b11365012d39/eyJrZXkiOiI0YTQzNmFkYi00Yjk5LTQwYTctODViMC00MmUyMDZmNDEyODYiLCJraW5kIjoidXNlciIsImN1c3RvbSI6eyJpc0ZpcnN0UnVuIjpmYWxzZSwiZGF5c1NpbmNlRmlyc3RSdW4iOjksImxhbmd1YWdlIjoiZW4iLCJhcHBsaWNhdGlvbiI6ImV2ZS1vbmxpbmUiLCJ2ZXJzaW9uIjoiMS4wLjIiLCJwbGF0Zm9ybSI6IndpbmRvd3MiLCJvc1ZlcnNpb25EZXByZWNhdGVkIjpmYWxzZSwidXNlcklkcyI6WzE2NDkyMzc3LDE3NTI1MzEyLDE4MDM0MjU5LDIxMTAzMTEsMjUyMTg4MzUsMjgxODI3OTksMjkyODAyNjAsMjkyODU2NDVdLCJjaGFyYWN0ZXJJZHMiOlsyMTEzODc1MTM5LDIxMTQ2NTYxMjcsMjExNTAzMTg5MCwyMTE1NDU3MjkxLDIxMTkzNjE4OTEsMjEyMDM0NzYzNSwyMTIxMTc0NTQ1LDIxMjExNzQ4NzEsMjEyMTE3Nzk3MywyMTIxMTc4Mzk2LDIxMjE4NTMzMzYsNTc4NTY0Mzk0XSwib21lZ2FDb3VudCI6MCwiYWxwaGFDb3VudCI6OCwiYWNjb3VudENvdW50Ijo4LCJvbGRlc3RBY2NvdW50QWdlIjo1OTkzLCJ5b3VuZ2VzdEFjY291bnRBZ2UiOjV9fQ?withReasons=true    []
2023-12-07 09:30:41.273    app     info:    [feature-flags] Client 4a436adb... ready, fetching flags
2023-12-07 09:30:41.277    app     info:    [feature-flags] Received 16 flags for client 4a436adb...
2023-12-07 09:30:41.278    app     info:    [feature-flags] Client initialized with key 4a436adb...
2023-12-07 09:30:41.279    app     info:    [self-update] Update feed set, starting update checks
2023-12-07 09:30:41.279    app     info:    [self-update] Starting automatic update checks
2023-12-07 09:30:41.280    app     info:    [self-update] Checking for a launcher update...
2023-12-07 09:30:41.357    app     info:    [authentication] Token for '18034259' on 'tranquility' has been successfully refreshed
2023-12-07 09:30:41.358    app     info:    [elg-events] Sending event    eve_launcher.electron.authentication.UserTokensRefreshed
2023-12-07 09:30:41.360    app     info:    [customer-information] Getting character information for '18034259' on 'tranquility'
2023-12-07 09:30:41.360    app     info:    [customer-information] Getting Omega status for '18034259' on 'tranquility'
2023-12-07 09:30:41.360    app     info:    [virtual-goods] Getting Plex status for '18034259' on 'tranquility'
2023-12-07 09:30:41.370    app     info:    [authentication] Token for '16492377' on 'tranquility' has been successfully refreshed
2023-12-07 09:30:41.371    app     info:    [elg-events] Sending event    eve_launcher.electron.authentication.UserTokensRefreshed
2023-12-07 09:30:41.373    app     info:    [customer-information] Getting character information for '16492377' on 'tranquility'
2023-12-07 09:30:41.373    app     info:    [customer-information] Getting Omega status for '16492377' on 'tranquility'
2023-12-07 09:30:41.373    app     info:    [virtual-goods] Getting Plex status for '16492377' on 'tranquility'
2023-12-07 09:30:41.381    app     info:    [authentication] Token for '25218835' on 'tranquility' has been successfully refreshed
2023-12-07 09:30:41.383    app     info:    [elg-events] Sending event    eve_launcher.electron.authentication.UserTokensRefreshed
2023-12-07 09:30:41.384    app     info:    [customer-information] Getting character information for '25218835' on 'tranquility'
2023-12-07 09:30:41.384    app     info:    [customer-information] Getting Omega status for '25218835' on 'tranquility'
2023-12-07 09:30:41.384    app     info:    [virtual-goods] Getting Plex status for '25218835' on 'tranquility'
2023-12-07 09:30:41.393    app     info:    [authentication] Token for '28182799' on 'tranquility' has been successfully refreshed
2023-12-07 09:30:41.395    app     info:    [elg-events] Sending event    eve_launcher.electron.authentication.UserTokensRefreshed
2023-12-07 09:30:41.396    app     info:    [customer-information] Getting character information for '28182799' on 'tranquility'
2023-12-07 09:30:41.396    app     info:    [customer-information] Getting Omega status for '28182799' on 'tranquility'
2023-12-07 09:30:41.396    app     info:    [virtual-goods] Getting Plex status for '28182799' on 'tranquility'
2023-12-07 09:30:41.407    app     info:    [authentication] Token for '17525312' on 'tranquility' has been successfully refreshed
2023-12-07 09:30:41.408    app     info:    [elg-events] Sending event    eve_launcher.electron.authentication.UserTokensRefreshed
2023-12-07 09:30:41.410    app     info:    [customer-information] Getting character information for '17525312' on 'tranquility'
2023-12-07 09:30:41.410    app     info:    [customer-information] Getting Omega status for '17525312' on 'tranquility'
2023-12-07 09:30:41.410    app     info:    [virtual-goods] Getting Plex status for '17525312' on 'tranquility'
2023-12-07 09:30:41.420    app     info:    [authentication] Token for '2110311' on 'tranquility' has been successfully refreshed
2023-12-07 09:30:41.421    app     info:    [elg-events] Sending event    eve_launcher.electron.authentication.UserTokensRefreshed
2023-12-07 09:30:41.423    app     info:    [customer-information] Getting character information for '2110311' on 'tranquility'
2023-12-07 09:30:41.423    app     info:    [customer-information] Getting Omega status for '2110311' on 'tranquility'
2023-12-07 09:30:41.423    app     info:    [virtual-goods] Getting Plex status for '2110311' on 'tranquility'
2023-12-07 09:30:41.437    app     info:    [virtual-goods] Fetched Plex status for '29285645' on 'tranquility'
2023-12-07 09:30:41.444    app     info:    [server-manager] Previous Tranquility build: 2444864, current build: 2444864
2023-12-07 09:30:41.444    app     info:    [server-manager] Tranquility build is unchanged.
2023-12-07 09:30:41.450    app     info:    [server-manager] Ready to play!
2023-12-07 09:30:41.453    app     info:    [server-manager] Finished refresh cycle for Tranquility
2023-12-07 09:30:41.523    app     info:    [esi] Fetching character details for 2113875139, 2121174871
2023-12-07 09:30:41.531    app     info:    [esi] Fetching character details for 2115031890, 2121177973
2023-12-07 09:30:41.546    app     info:    [esi] Fetching character details for 2119361891, 2120347635
2023-12-07 09:30:41.555    app     info:    [esi] Fetching character details for 2121174545
2023-12-07 09:30:41.575    app     info:    [esi] Fetching character details for 578564394, 2115457291
2023-12-07 09:30:41.590    app     info:    [virtual-goods] Fetched Plex status for '28182799' on 'tranquility'
2023-12-07 09:30:41.595    app     info:    [AuthenticationMiddleware] User information updated
2023-12-07 09:30:41.603    app     info:    [esi] Fetching character details for 2114656127, 2121178396
2023-12-07 09:30:41.611    app     info:    [virtual-goods] Fetched Plex status for '2110311' on 'tranquility'
2023-12-07 09:30:41.620    app     info:    [AuthenticationMiddleware] User information updated
2023-12-07 09:30:41.682    app     info:    [virtual-goods] Fetched Plex status for '17525312' on 'tranquility'
2023-12-07 09:30:41.687    app     info:    [AuthenticationMiddleware] User information updated
2023-12-07 09:30:41.697    app     info:    [virtual-goods] Fetched Plex status for '29280260' on 'tranquility'
2023-12-07 09:30:41.703    app     info:    [AuthenticationMiddleware] Successfully restored 10 / 10 users
2023-12-07 09:30:41.718    app     info:    [self-update] Currently running the latest launcher version. Scheduling update check in 5 minutes.
2023-12-07 09:30:41.728    app     info:    [virtual-goods] Fetched Plex status for '18034259' on 'tranquility'
2023-12-07 09:30:41.733    app     info:    [AuthenticationMiddleware] User information updated
2023-12-07 09:30:41.735    app     info:    [virtual-goods] Fetched Plex status for '16492377' on 'tranquility'
2023-12-07 09:30:41.741    app     info:    [AuthenticationMiddleware] User information updated
2023-12-07 09:30:41.747    app     info:    [virtual-goods] Fetched Plex status for '25218835' on 'tranquility'
2023-12-07 09:30:41.752    app     info:    [AuthenticationMiddleware] User information updated
2023-12-07 09:30:41.783    app     info:    [esi] Fetched 1 character details for 29280260
2023-12-07 09:30:41.993    app     warn:    [steam-auth] Failed to initialize Steamworks client
2023-12-07 09:30:42.000    app     info:    [main-window] Registering main window    { windowId: 2 }
2023-12-07 09:30:42.008    app     info:    [cdn-trace] Fetching CDN trace data from https://binaries.eveonline.com/cdn-cgi/trace
2023-12-07 09:30:42.009    app     info:    [creatives] Requesting creatives
2023-12-07 09:30:42.014    app     info:    [elg-events] Sending event    eve_launcher.electron.application.RendererLoaded
2023-12-07 09:30:42.022    app     info:    [esi] Fetched 2 character details for 18034259
2023-12-07 09:30:42.024    app     info:    [esi] Fetched 2 character details for 16492377
2023-12-07 09:30:42.026    app     info:    [esi] Fetched 2 character details for 25218835
2023-12-07 09:30:42.028    app     info:    [esi] Fetched 1 character details for 28182799
2023-12-07 09:30:42.082    app     info:    [esi] Fetched 2 character details for 17525312
2023-12-07 09:30:42.085    app     info:    [esi] Fetched 2 character details for 2110311
2023-12-07 09:30:42.140    app     info:    [creatives] Received 3 creatives
2023-12-07 09:30:42.833     ui     info:    Initializing captcha    ccp://launcher/renderer/main_window/index.js    2
2023-12-07 09:30:48.459    app     info:    [analytics] Hardware rendering enabled:    true    { disabledViaCommandline: false, disabledViaSettings: false }
2023-12-07 09:31:11.436    app     warn:    Could not connect to LogLite    [
  Error: connect ECONNREFUSED 127.0.0.1:3273
      at TCPConnectWrap.afterConnect [as oncomplete] (node:net:1247:16) {
    errno: -4078,
    code: 'ECONNREFUSED',
    syscall: 'connect',
    address: '127.0.0.1',
    port: 3273
  }
]
2023-12-07 09:32:46.820    app     info:    [elg-events] ELG connection closed with ECONNRESET, restarting connection in 30s
2023-12-07 09:34:21.966    app     info:    [AuthenticationMiddleware] Character information for '29280260' on 'tranquility' was loaded recently, skipping refresh.
2023-12-07 09:34:21.967    app     info:    [AuthenticationMiddleware] Plex information for '29280260' on 'tranquility' was loaded recently, skipping refresh.
2023-12-07 09:34:23.361    app     info:    [client-queue] Queued client startup    {
  product: 'eve-online',
  tenant: 'tranquility',
  userId: 29280260,
  characterId: 2121853336,
  profile: ''
}
2023-12-07 09:34:23.363    app     info:    [elg-events] Sending event    eve_launcher.electron.eve_client.ClientQueued
2023-12-07 09:34:23.364    app     info:    [client-queue] No clients running for tranquility, copying files before starting a client
2023-12-07 09:34:23.373    app     info:    [elg-events] Sending event    eve_launcher.electron.eve_client.CopyingFilesStarted
2023-12-07 09:34:23.374    app     info:    [binary-copier] Copying 198 files (217 MB) to 'C:\CCP\EVE Online\tq'
2023-12-07 09:34:23.415    app     info:    [binary-copier] Removing old binaries
2023-12-07 09:34:23.430    app     info:    [binary-copier] Copying binaries from ResFiles
2023-12-07 09:34:23.877    app     info:    [binary-copier] Finished copying 198 files to 'C:\CCP\EVE Online\tq' in 0.505 seconds
2023-12-07 09:34:23.879    app     info:    [elg-events] Sending event    eve_launcher.electron.eve_client.CopyingFilesFinished
2023-12-07 09:34:23.885    app     info:    [client-manager] Starting EVE Online game client.    C:\CCP\EVE Online\tq\bin64\exefile.exe    Map(11) {
  'noconsole' => '/noconsole',
  'server' => '/server:tranquility.servers.eveonline.com',
  'triplatform' => '/triplatform=dx12',
  'ssotoken' => '/ssoToken=***',
  'refreshtoken' => '/refreshToken=***',
  'settingsprofile' => '/settingsprofile=Default',
  'deviceid' => '/deviceID=4a436adb-4b99-40a7-85b0-42e206f41286',
  'autoselectcharacter' => '/autoSelectCharacter:2121853336',
  'language' => '/language=en',
  'exp' => '1702014094',
  'tokenExpires' => '2023-12-08 07:41:34.000'
}    29280260
2023-12-07 09:34:23.915    app     info:    [client-queue] Started client from group startup    {
  product: 'eve-online',
  tenant: 'tranquility',
  characterId: 2121853336,
  profile: '',
  userId: 29280260
}
2023-12-07 09:34:23.994    app     info:    [quasar-events] Sent 'eve_launcher.electron.eve_client.GameClientStartRequested'
2023-12-07 09:34:23.995    app     info:    [quasar-events] Sent 'eve_launcher.electron.eve_client.TemporaryClientProcessAdded'
2023-12-07 09:34:24.443    app     info:    [client-manager] Found 'tranquility' client for '29280260' running:     {
  processId: 7876,
  createdDate: 1701941663962,
  userId: 29280260,
  characterId: 2121853336,
  profile: 'Default',
  dxVersion: 'dx12'
}
2023-12-07 09:34:24.532    app     info:    [quasar-events] Sent 'eve_launcher.electron.eve_client.TemporaryClientProcessMonitoringRetried'
2023-12-07 09:34:24.532    app     info:    [quasar-events] Sent 'eve_launcher.electron.eve_client.GameClientStarted'
2023-12-07 09:34:24.532    app     info:    [quasar-events] Sent 'eve_launcher.electron.eve_client.TemporaryClientProcessRemoved'
2023-12-07 09:34:24.928    app     info:    [client-queue] Queue has stopped running, no more clients pending startup.
2023-12-07 09:34:37.039    app     info:    [ipc-requests] Handling requests in the background
2023-12-07 09:34:38.051    app     info:    [ipc-requests] No longer handling requests in the background
2023-12-07 09:35:40.463    app     info:    [ipc-requests] Handling requests in the background
2023-12-07 09:35:41.467    app     info:    [server-manager] Starting refresh cycle for eve-online / Tranquility
2023-12-07 09:35:41.469    app     info:    [ipc-requests] No longer handling requests in the background
2023-12-07 09:35:41.618    app     info:    [server-manager] Previous Tranquility build: 2444864, current build: 2444864
2023-12-07 09:35:41.618    app     info:    [server-manager] Tranquility build is unchanged.
2023-12-07 09:35:41.625    app     info:    [server-manager] Ready to play!
2023-12-07 09:35:41.629    app     info:    [server-manager] Finished refresh cycle for Tranquility
2023-12-07 09:35:41.733    app     info:    [self-update] Checking for a launcher update...
2023-12-07 09:35:42.019    app     info:    [self-update] Currently running the latest launcher version. Scheduling update check in 5 minutes.
2023-12-07 09:39:31.632    app     info:    [ipc-requests] Handling requests in the background
2023-12-07 09:39:32.638    app     info:    [ipc-requests] Handling requests in the background
2023-12-07 09:39:32.638    app     info:    [ipc-requests] No longer handling requests in the background
2023-12-07 09:39:33.639    app     info:    [ipc-requests] No longer handling requests in the background
2023-12-07 09:39:42.982    app     info:    [ipc-requests] Handling requests in the background
2023-12-07 09:39:43.990    app     info:    [ipc-requests] No longer handling requests in the background
2023-12-07 09:40:10.720    app     info:    [ipc-requests] Handling requests in the background
2023-12-07 09:40:11.729    app     info:    [ipc-requests] No longer handling requests in the background
2023-12-07 09:40:12.780    app     info:    [ipc-requests] Handling requests in the background
2023-12-07 09:40:13.793    app     info:    [ipc-requests] No longer handling requests in the background
2023-12-07 09:40:41.630    app     info:    [server-manager] Starting refresh cycle for eve-online / Tranquility
2023-12-07 09:40:41.799    app     info:    [server-manager] Previous Tranquility build: 2444864, current build: 2444864
2023-12-07 09:40:41.800    app     info:    [server-manager] Tranquility build is unchanged.
2023-12-07 09:40:41.804    app     info:    [server-manager] Ready to play!
2023-12-07 09:40:41.807    app     info:    [server-manager] Finished refresh cycle for Tranquility
2023-12-07 09:40:42.029    app     info:    [self-update] Checking for a launcher update...
2023-12-07 09:40:42.316    app     info:    [self-update] Currently running the latest launcher version. Scheduling update check in 5 minutes.
2023-12-07 09:42:11.606    app     info:    [ipc-requests] Handling requests in the background
2023-12-07 09:42:12.606    app     info:    [ipc-requests] No longer handling requests in the background
2023-12-07 09:43:50.673    app     info:    [ipc-requests] Handling requests in the background
2023-12-07 09:43:51.682    app     info:    [ipc-requests] No longer handling requests in the background
2023-12-07 09:44:20.960    app     info:    [ipc-requests] Handling requests in the background
2023-12-07 09:44:21.968    app     info:    [ipc-requests] No longer handling requests in the background
2023-12-07 09:45:41.811    app     info:    [server-manager] Starting refresh cycle for eve-online / Tranquility
2023-12-07 09:45:41.999    app     info:    [server-manager] Previous Tranquility build: 2444864, current build: 2444864
2023-12-07 09:45:41.999    app     info:    [server-manager] Tranquility build is unchanged.
2023-12-07 09:45:42.003    app     info:    [server-manager] Ready to play!
2023-12-07 09:45:42.007    app     info:    [server-manager] Finished refresh cycle for Tranquility
2023-12-07 09:45:42.327    app     info:    [self-update] Checking for a launcher update...
2023-12-07 09:45:42.616    app     info:    [self-update] Currently running the latest launcher version. Scheduling update check in 5 minutes.
2023-12-07 09:46:37.028    app     info:    [ipc-requests] Handling requests in the background
2023-12-07 09:46:38.033    app     info:    [ipc-requests] No longer handling requests in the background
2023-12-07 09:46:51.158    app     info:    [ipc-requests] Handling requests in the background
2023-12-07 09:46:52.166    app     info:    [ipc-requests] No longer handling requests in the background
2023-12-07 09:48:16.313    app     info:    [ipc-requests] Handling requests in the background
2023-12-07 09:48:17.327    app     info:    [ipc-requests] No longer handling requests in the background
2023-12-07 09:48:35.110    app     info:    [ipc-requests] Handling requests in the background
2023-12-07 09:48:36.111    app     info:    [ipc-requests] No longer handling requests in the background
2023-12-07 09:48:47.050    app     info:    [ipc-requests] Handling requests in the background
2023-12-07 09:48:48.063    app     info:    [ipc-requests] No longer handling requests in the background
2023-12-07 09:49:26.784    app     info:    [ipc-requests] Handling requests in the background
2023-12-07 09:49:27.802    app     info:    [ipc-requests] No longer handling requests in the background
2023-12-07 09:49:29.847    app     info:    [ipc-requests] Handling requests in the background
2023-12-07 09:49:30.848    app     info:    [ipc-requests] No longer handling requests in the background
2023-12-07 09:49:54.578    app     info:    [ipc-requests] Handling requests in the background
2023-12-07 09:49:55.592    app     info:    [ipc-requests] No longer handling requests in the background
2023-12-07 09:49:56.415    app     info:    [ipc-requests] Handling requests in the background
2023-12-07 09:49:57.421    app     info:    [ipc-requests] No longer handling requests in the background
2023-12-07 09:50:05.129    app     info:    [ipc-requests] Handling requests in the background
2023-12-07 09:50:06.132    app     info:    [ipc-requests] No longer handling requests in the background
2023-12-07 09:50:07.791    app     info:    [ipc-requests] Handling requests in the background
2023-12-07 09:50:08.806    app     info:    [ipc-requests] No longer handling requests in the background
2023-12-07 09:50:08.840    app     info:    [ipc-requests] Handling requests in the background
2023-12-07 09:50:09.842    app     info:    [ipc-requests] No longer handling requests in the background
2023-12-07 09:50:10.367    app     info:    [ipc-requests] Handling requests in the background
2023-12-07 09:50:11.373    app     info:    [ipc-requests] No longer handling requests in the background
2023-12-07 09:50:42.012    app     info:    [server-manager] Starting refresh cycle for eve-online / Tranquility
2023-12-07 09:50:42.172    app     info:    [server-manager] Previous Tranquility build: 2444864, current build: 2444864
2023-12-07 09:50:42.173    app     info:    [server-manager] Tranquility build is unchanged.
2023-12-07 09:50:42.188    app     info:    [server-manager] Ready to play!
2023-12-07 09:50:42.195    app     info:    [server-manager] Finished refresh cycle for Tranquility
2023-12-07 09:50:42.625    app     info:    [self-update] Checking for a launcher update...
2023-12-07 09:50:42.905    app     info:    [self-update] Currently running the latest launcher version. Scheduling update check in 5 minutes.
2023-12-07 09:50:54.346    app     info:    [ipc-requests] Handling requests in the background
2023-12-07 09:50:55.361    app     info:    [ipc-requests] No longer handling requests in the background
2023-12-07 09:50:56.799    app     info:    [ipc-requests] Handling requests in the background
2023-12-07 09:50:57.811    app     info:    [ipc-requests] No longer handling requests in the background
2023-12-07 09:51:25.503    app     info:    [ipc-requests] Handling requests in the background
2023-12-07 09:51:26.511    app     info:    [ipc-requests] No longer handling requests in the background
2023-12-07 09:51:29.901    app     info:    [ipc-requests] Handling requests in the background
2023-12-07 09:51:30.911    app     info:    [ipc-requests] No longer handling requests in the background
2023-12-07 09:52:14.488    app     info:    [ipc-requests] Handling requests in the background
2023-12-07 09:52:15.502    app     info:    [ipc-requests] No longer handling requests in the background
2023-12-07 09:52:17.662    app     info:    [ipc-requests] Handling requests in the background
2023-12-07 09:52:18.670    app     info:    [ipc-requests] No longer handling requests in the background
2023-12-07 09:52:53.331    app     info:    [ipc-requests] Handling requests in the background
2023-12-07 09:52:53.689    app     info:    [ipc-requests] Handling requests in the background
2023-12-07 09:52:54.342    app     info:    [ipc-requests] No longer handling requests in the background
2023-12-07 09:52:54.702    app     info:    [ipc-requests] No longer handling requests in the background
2023-12-07 09:52:57.039    app     info:    [ipc-requests] Handling requests in the background
2023-12-07 09:52:58.052    app     info:    [ipc-requests] No longer handling requests in the background
2023-12-07 09:52:59.332    app     info:    [ipc-requests] Handling requests in the background
2023-12-07 09:53:00.332    app     info:    [ipc-requests] No longer handling requests in the background
2023-12-07 09:53:05.423    app     info:    [ipc-requests] Handling requests in the background
2023-12-07 09:53:06.424    app     info:    [ipc-requests] No longer handling requests in the background
2023-12-07 09:53:13.663    app     info:    [ipc-requests] Handling requests in the background
2023-12-07 09:53:14.674    app     info:    [ipc-requests] No longer handling requests in the background
2023-12-07 09:53:51.312    app     info:    [ipc-requests] Handling requests in the background
2023-12-07 09:53:52.312    app     info:    [ipc-requests] No longer handling requests in the background
2023-12-07 09:54:42.890    app     info:    [ipc-requests] Handling requests in the background
2023-12-07 09:54:43.899    app     info:    [ipc-requests] No longer handling requests in the background
2023-12-07 09:54:58.050    app     info:    [ipc-requests] Handling requests in the background
2023-12-07 09:54:59.052    app     info:    [ipc-requests] No longer handling requests in the background
2023-12-07 09:55:42.203    app     info:    [server-manager] Starting refresh cycle for eve-online / Tranquility
2023-12-07 09:55:42.347    app     info:    [server-manager] Previous Tranquility build: 2444864, current build: 2444864
2023-12-07 09:55:42.348    app     info:    [server-manager] Tranquility build is unchanged.
2023-12-07 09:55:42.352    app     info:    [server-manager] Ready to play!
2023-12-07 09:55:42.356    app     info:    [server-manager] Finished refresh cycle for Tranquility
2023-12-07 09:55:42.912    app     info:    [self-update] Checking for a launcher update...
2023-12-07 09:55:43.208    app     info:    [self-update] Currently running the latest launcher version. Scheduling update check in 5 minutes.
2023-12-07 09:57:38.618    app     info:    [ipc-requests] Handling requests in the background
2023-12-07 09:57:39.632    app     info:    [ipc-requests] No longer handling requests in the background
2023-12-07 09:58:39.572    app     info:    [ipc-requests] Handling requests in the background
2023-12-07 09:58:40.582    app     info:    [ipc-requests] No longer handling requests in the background
2023-12-07 10:00:33.998    app     info:    [ipc-requests] Handling requests in the background
2023-12-07 10:00:35.002    app     info:    [ipc-requests] No longer handling requests in the background
2023-12-07 10:00:42.369    app     info:    [server-manager] Starting refresh cycle for eve-online / Tranquility
2023-12-07 10:00:42.500    app     info:    [server-manager] Previous Tranquility build: 2444864, current build: 2444864
2023-12-07 10:00:42.500    app     info:    [server-manager] Tranquility build is unchanged.
2023-12-07 10:00:42.505    app     info:    [server-manager] Ready to play!
2023-12-07 10:00:42.507    app     info:    [server-manager] Finished refresh cycle for Tranquility
2023-12-07 10:00:43.220    app     info:    [self-update] Checking for a launcher update...
2023-12-07 10:00:43.506    app     info:    [self-update] Currently running the latest launcher version. Scheduling update check in 5 minutes.
2023-12-07 10:00:50.008    app     info:    [ipc-requests] Handling requests in the background
2023-12-07 10:00:51.022    app     info:    [ipc-requests] No longer handling requests in the background
2023-12-07 10:01:40.024    app     info:    [ipc-requests] Handling requests in the background
2023-12-07 10:01:41.025    app     info:    [ipc-requests] No longer handling requests in the background
2023-12-07 10:01:56.148    app     info:    [ipc-requests] Handling requests in the background
2023-12-07 10:01:57.162    app     info:    [ipc-requests] No longer handling requests in the background
2023-12-07 10:05:42.513    app     info:    [server-manager] Starting refresh cycle for eve-online / Tranquility
2023-12-07 10:05:42.650    app     info:    [server-manager] Previous Tranquility build: 2444864, current build: 2444864
2023-12-07 10:05:42.650    app     info:    [server-manager] Tranquility build is unchanged.
2023-12-07 10:05:42.655    app     info:    [server-manager] Ready to play!
2023-12-07 10:05:42.658    app     info:    [server-manager] Finished refresh cycle for Tranquility
2023-12-07 10:05:43.511    app     info:    [self-update] Checking for a launcher update...
2023-12-07 10:05:43.812    app     info:    [self-update] Currently running the latest launcher version. Scheduling update check in 5 minutes.
2023-12-07 10:10:42.663    app     info:    [server-manager] Starting refresh cycle for eve-online / Tranquility
2023-12-07 10:10:42.807    app     info:    [server-manager] Previous Tranquility build: 2444864, current build: 2444864
2023-12-07 10:10:42.808    app     info:    [server-manager] Tranquility build is unchanged.
2023-12-07 10:10:42.812    app     info:    [server-manager] Ready to play!
2023-12-07 10:10:42.817    app     info:    [server-manager] Finished refresh cycle for Tranquility
2023-12-07 10:10:43.821    app     info:    [self-update] Checking for a launcher update...
2023-12-07 10:10:44.120    app     info:    [self-update] Currently running the latest launcher version. Scheduling update check in 5 minutes.
2023-12-07 10:15:42.835    app     info:    [server-manager] Starting refresh cycle for eve-online / Tranquility
2023-12-07 10:15:43.338    app     info:    [server-manager] Previous Tranquility build: 2444864, current build: 2444864
2023-12-07 10:15:43.338    app     info:    [server-manager] Tranquility build is unchanged.
2023-12-07 10:15:43.342    app     info:    [server-manager] Ready to play!
2023-12-07 10:15:43.345    app     info:    [server-manager] Finished refresh cycle for Tranquility
2023-12-07 10:15:44.133    app     info:    [self-update] Checking for a launcher update...
2023-12-07 10:15:44.429    app     info:    [self-update] Currently running the latest launcher version. Scheduling update check in 5 minutes.
2023-12-07 10:20:43.353    app     info:    [server-manager] Starting refresh cycle for eve-online / Tranquility
2023-12-07 10:20:43.475    app     info:    [server-manager] Previous Tranquility build: 2444864, current build: 2444864
2023-12-07 10:20:43.475    app     info:    [server-manager] Tranquility build is unchanged.
2023-12-07 10:20:43.480    app     info:    [server-manager] Ready to play!
2023-12-07 10:20:43.483    app     info:    [server-manager] Finished refresh cycle for Tranquility
2023-12-07 10:20:44.432    app     info:    [self-update] Checking for a launcher update...
2023-12-07 10:20:44.734    app     info:    [self-update] Currently running the latest launcher version. Scheduling update check in 5 minutes.
2023-12-07 10:25:43.493    app     info:    [server-manager] Starting refresh cycle for eve-online / Tranquility
2023-12-07 10:25:43.687    app     info:    [server-manager] Previous Tranquility build: 2444864, current build: 2444864
2023-12-07 10:25:43.687    app     info:    [server-manager] Tranquility build is unchanged.
2023-12-07 10:25:43.692    app     info:    [server-manager] Ready to play!
2023-12-07 10:25:43.696    app     info:    [server-manager] Finished refresh cycle for Tranquility
2023-12-07 10:25:44.753    app     info:    [self-update] Checking for a launcher update...
2023-12-07 10:25:45.041    app     info:    [self-update] Currently running the latest launcher version. Scheduling update check in 5 minutes.
2023-12-07 10:30:42.034    app     info:    [creatives] Requesting creatives
2023-12-07 10:30:42.166    app     info:    [creatives] Received 3 creatives
2023-12-07 10:30:43.709    app     info:    [server-manager] Starting refresh cycle for eve-online / Tranquility
2023-12-07 10:30:43.856    app     info:    [server-manager] Previous Tranquility build: 2444864, current build: 2444864
2023-12-07 10:30:43.856    app     info:    [server-manager] Tranquility build is unchanged.
2023-12-07 10:30:43.861    app     info:    [server-manager] Ready to play!
2023-12-07 10:30:43.863    app     info:    [server-manager] Finished refresh cycle for Tranquility
2023-12-07 10:30:45.053    app     info:    [self-update] Checking for a launcher update...
2023-12-07 10:30:45.363    app     info:    [self-update] Currently running the latest launcher version. Scheduling update check in 5 minutes.
2023-12-07 10:35:43.872    app     info:    [server-manager] Starting refresh cycle for eve-online / Tranquility
2023-12-07 10:35:44.041    app     info:    [server-manager] Previous Tranquility build: 2444864, current build: 2444864
2023-12-07 10:35:44.041    app     info:    [server-manager] Tranquility build is unchanged.
2023-12-07 10:35:44.045    app     info:    [server-manager] Ready to play!
2023-12-07 10:35:44.048    app     info:    [server-manager] Finished refresh cycle for Tranquility
2023-12-07 10:35:45.371    app     info:    [self-update] Checking for a launcher update...
2023-12-07 10:35:45.680    app     info:    [self-update] Currently running the latest launcher version. Scheduling update check in 5 minutes.
2023-12-07 10:40:44.054    app     info:    [server-manager] Starting refresh cycle for eve-online / Tranquility
2023-12-07 10:40:44.257    app     info:    [server-manager] Previous Tranquility build: 2444864, current build: 2444864
2023-12-07 10:40:44.258    app     info:    [server-manager] Tranquility build is unchanged.
2023-12-07 10:40:44.262    app     info:    [server-manager] Ready to play!
2023-12-07 10:40:44.265    app     info:    [server-manager] Finished refresh cycle for Tranquility
2023-12-07 10:40:45.684    app     info:    [self-update] Checking for a launcher update...
2023-12-07 10:40:45.975    app     info:    [self-update] Currently running the latest launcher version. Scheduling update check in 5 minutes.
2023-12-07 10:45:44.275    app     info:    [server-manager] Starting refresh cycle for eve-online / Tranquility
2023-12-07 10:45:44.399    app     info:    [server-manager] Previous Tranquility build: 2444864, current build: 2444864
2023-12-07 10:45:44.399    app     info:    [server-manager] Tranquility build is unchanged.
2023-12-07 10:45:44.404    app     info:    [server-manager] Ready to play!
2023-12-07 10:45:44.407    app     info:    [server-manager] Finished refresh cycle for Tranquility
2023-12-07 10:45:45.984    app     info:    [self-update] Checking for a launcher update...
2023-12-07 10:45:46.279    app     info:    [self-update] Currently running the latest launcher version. Scheduling update check in 5 minutes.
2023-12-07 10:50:44.421    app     info:    [server-manager] Starting refresh cycle for eve-online / Tranquility
2023-12-07 10:50:44.656    app     info:    [server-manager] Previous Tranquility build: 2444864, current build: 2444864
2023-12-07 10:50:44.656    app     info:    [server-manager] Tranquility build is unchanged.
2023-12-07 10:50:44.660    app     info:    [server-manager] Ready to play!
2023-12-07 10:50:44.663    app     info:    [server-manager] Finished refresh cycle for Tranquility
2023-12-07 10:50:46.285    app     info:    [self-update] Checking for a launcher update...
2023-12-07 10:50:46.590    app     info:    [self-update] Currently running the latest launcher version. Scheduling update check in 5 minutes.
2023-12-07 10:55:44.679    app     info:    [server-manager] Starting refresh cycle for eve-online / Tranquility
2023-12-07 10:55:44.828    app     info:    [server-manager] Previous Tranquility build: 2444864, current build: 2444864
2023-12-07 10:55:44.828    app     info:    [server-manager] Tranquility build is unchanged.
2023-12-07 10:55:44.833    app     info:    [server-manager] Ready to play!
2023-12-07 10:55:44.836    app     info:    [server-manager] Finished refresh cycle for Tranquility
2023-12-07 10:55:46.594    app     info:    [self-update] Checking for a launcher update...
2023-12-07 10:55:46.883    app     info:    [self-update] Currently running the latest launcher version. Scheduling update check in 5 minutes.
2023-12-07 11:00:16.092    app     info:    [client-manager] 'tranquility' for EVE game client for '29280260' exited with no errors.
2023-12-07 11:00:16.101    app     info:    [server-manager] Starting refresh cycle for eve-online / Tranquility
2023-12-07 11:00:16.195    app     info:    [quasar-events] Sent 'eve_launcher.electron.eve_client.GameClientExited'
2023-12-07 11:00:16.328    app     info:    [server-manager] Previous Tranquility build: 2444864, current build: 2444864
2023-12-07 11:00:16.329    app     info:    [server-manager] Tranquility build is unchanged.
2023-12-07 11:00:16.338    app     info:    [server-manager] Ready to play!
2023-12-07 11:00:16.341    app     info:    [server-manager] Finished refresh cycle for Tranquility
2023-12-07 11:00:46.887    app     info:    [self-update] Checking for a launcher update...
2023-12-07 11:00:47.182    app     info:    [self-update] Currently running the latest launcher version. Scheduling update check in 5 minutes.
2023-12-07 11:01:06.763    app    error:    [server-status-manager] Invalid response from server status check    {"userCount":0,"serverStatus":"unknown"}
2023-12-07 11:01:36.779    app    error:    [server-status-manager] Invalid response from server status check    {"userCount":0,"serverStatus":"unknown"}
2023-12-07 11:02:06.794    app    error:    [server-status-manager] Invalid response from server status check    {"userCount":0,"serverStatus":"unknown"}
2023-12-07 11:02:36.831    app    error:    [server-status-manager] Invalid response from server status check    {"userCount":0,"serverStatus":"unknown"}
2023-12-07 11:03:06.802    app    error:    [server-status-manager] Invalid response from server status check    {"userCount":0,"serverStatus":"unknown"}
2023-12-07 11:03:36.848    app    error:    [server-status-manager] Invalid response from server status check    {"userCount":0,"serverStatus":"unknown"}
2023-12-07 11:04:06.850    app    error:    [server-status-manager] Invalid response from server status check    {"userCount":0,"serverStatus":"unknown"}
2023-12-07 11:04:36.847    app    error:    [server-status-manager] Invalid response from server status check    {"userCount":0,"serverStatus":"unknown"}
2023-12-07 11:04:43.098    app     info:    [ipc-requests] Handling requests in the background
2023-12-07 11:04:44.113    app     info:    [ipc-requests] No longer handling requests in the background
2023-12-07 11:05:16.345    app     info:    [server-manager] Starting refresh cycle for eve-online / Tranquility
2023-12-07 11:05:17.469    app     info:    [server-manager] Previous Tranquility build: 2444864, current build: 2446655
2023-12-07 11:05:17.471    app     info:    [elg-events] Sending event    eve_launcher.electron.eve_client.GameClientUpdateStarted
2023-12-07 11:05:17.472    app     info:    [server-manager] Starting download of build 2446655 for Tranquility.
2023-12-07 11:05:17.726    app     info:    [manifest] Excluded 23 files from the manifest, leaving 175 entries
2023-12-07 11:05:17.727    app     info:    [server-manager] Downloading 175 binary files (154 MB)
2023-12-07 11:05:17.727    app     info:    [download-from-manifest] Preparing to download 175 files    { cdn: 1, concurrent: 10 }
2023-12-07 11:05:18.800    app     info:    [server-manager] Downloaded 7.94 MiB/147.30 MiB at 10.07 MiB/s
2023-12-07 11:05:19.801    app     info:    [server-manager] Downloaded 17.85 MiB/147.30 MiB at 9.75 MiB/s
2023-12-07 11:05:20.803    app     info:    [server-manager] Downloaded 27.67 MiB/147.30 MiB at 9.81 MiB/s
2023-12-07 11:05:20.852    app    error:    [server-status-manager] Invalid response from server status check    {"userCount":0,"serverStatus":"unknown"}
2023-12-07 11:05:21.807    app     info:    [server-manager] Downloaded 37.40 MiB/147.30 MiB at 9.62 MiB/s
2023-12-07 11:05:22.032    app     info:    [ipc-requests] Handling requests in the background
2023-12-07 11:05:22.806    app     info:    [server-manager] Downloaded 47.04 MiB/147.30 MiB at 9.94 MiB/s
2023-12-07 11:05:23.032    app     info:    [ipc-requests] No longer handling requests in the background
2023-12-07 11:05:23.807    app     info:    [server-manager] Downloaded 57.03 MiB/147.30 MiB at 10.24 MiB/s
2023-12-07 11:05:24.808    app     info:    [server-manager] Downloaded 66.87 MiB/147.30 MiB at 14.77 MiB/s
2023-12-07 11:05:25.811    app     info:    [server-manager] Downloaded 76.65 MiB/147.30 MiB at 9.78 MiB/s
2023-12-07 11:05:26.821    app     info:    [server-manager] Downloaded 86.02 MiB/147.30 MiB at 4.87 MiB/s
2023-12-07 11:05:27.822    app     info:    [server-manager] Downloaded 95.82 MiB/147.30 MiB at 14.76 MiB/s
2023-12-07 11:05:28.825    app     info:    [server-manager] Downloaded 105.67 MiB/147.30 MiB at 14.81 MiB/s
2023-12-07 11:05:29.827    app     info:    [server-manager] Downloaded 115.51 MiB/147.30 MiB at 14.58 MiB/s
2023-12-07 11:05:30.830    app     info:    [server-manager] Downloaded 125.31 MiB/147.30 MiB at 9.79 MiB/s
2023-12-07 11:05:31.833    app     info:    [server-manager] Downloaded 135.14 MiB/147.30 MiB at 4.99 MiB/s
2023-12-07 11:05:32.823    app     info:    [download-from-manifest] Downloaded 175 files (144,97 MiB) in 15.96 seconds
2023-12-07 11:05:32.823    app     info:    [download-from-manifest] Average download speed: 9,60 MiB/s
2023-12-07 11:05:32.838    app     info:    [server-manager] Downloaded 147.30 MiB/147.30 MiB at 4.97 MiB/s
2023-12-07 11:05:32.852    app     info:    [elg-events] Sending event    eve_launcher.electron.eve_client.CopyingFilesStarted
2023-12-07 11:05:32.853    app     info:    [binary-copier] Copying 198 files (217 MB) to 'C:\CCP\EVE Online\tq'
2023-12-07 11:05:32.866    app     info:    [binary-copier] Removing old binaries
2023-12-07 11:05:32.882    app     info:    [binary-copier] Copying binaries from ResFiles
2023-12-07 11:05:33.047    app     info:    [binary-copier] Finished copying 198 files to 'C:\CCP\EVE Online\tq' in 0.196 seconds
2023-12-07 11:05:33.049    app     info:    [elg-events] Sending event    eve_launcher.electron.eve_client.CopyingFilesFinished
2023-12-07 11:05:33.889    app     info:    [server-manager] Copying executables 198/198
2023-12-07 11:05:34.808    app     info:    [manifest] Excluded 49256 files from the manifest, leaving 33 entries
2023-12-07 11:05:34.809    app     info:    [server-manager] Downloading 33 prefetch files (1.35 GB)
2023-12-07 11:05:34.809    app     info:    [download-from-manifest] Preparing to download 33 files    { cdn: 2, concurrent: 10 }
2023-12-07 11:05:34.887    app     info:    [server-manager] Copying executables 198/198
2023-12-07 11:05:35.527    app     info:    [ipc-requests] Handling requests in the background
2023-12-07 11:05:35.887    app     info:    [server-manager] Downloaded 7.82 MiB/1.26 GiB at 9.91 MiB/s
2023-12-07 11:05:36.527    app     info:    [ipc-requests] No longer handling requests in the background
2023-12-07 11:05:36.888    app     info:    [server-manager] Downloaded 17.44 MiB/1.26 GiB at 9.70 MiB/s
2023-12-07 11:05:37.892    app     info:    [server-manager] Downloaded 27.36 MiB/1.26 GiB at 9.90 MiB/s
2023-12-07 11:05:38.894    app     info:    [server-manager] Downloaded 36.39 MiB/1.26 GiB at 13.27 MiB/s
2023-12-07 11:05:39.897    app     info:    [server-manager] Downloaded 45.25 MiB/1.26 GiB at 13.22 MiB/s
2023-12-07 11:05:40.904    app     info:    [server-manager] Downloaded 54.29 MiB/1.26 GiB at 9.08 MiB/s
2023-12-07 11:05:41.909    app     info:    [server-manager] Downloaded 63.24 MiB/1.26 GiB at 9.05 MiB/s
2023-12-07 11:05:42.912    app     info:    [server-manager] Downloaded 72.08 MiB/1.26 GiB at 8.92 MiB/s
2023-12-07 11:05:43.915    app     info:    [server-manager] Downloaded 81.14 MiB/1.26 GiB at 9.07 MiB/s
2023-12-07 11:05:44.917    app     info:    [server-manager] Downloaded 89.98 MiB/1.26 GiB at 8.90 MiB/s
2023-12-07 11:05:45.920    app     info:    [server-manager] Downloaded 98.71 MiB/1.26 GiB at 8.61 MiB/s
2023-12-07 11:05:46.922    app     info:    [server-manager] Downloaded 107.56 MiB/1.26 GiB at 13.20 MiB/s
2023-12-07 11:05:47.180    app     info:    [self-update] Checking for a launcher update...
2023-12-07 11:05:47.470    app     info:    [self-update] Currently running the latest launcher version. Scheduling update check in 5 minutes.
2023-12-07 11:05:47.925    app     info:    [server-manager] Downloaded 116.49 MiB/1.26 GiB at 8.80 MiB/s
2023-12-07 11:05:48.927    app     info:    [server-manager] Downloaded 125.35 MiB/1.26 GiB at 4.41 MiB/s
2023-12-07 11:05:49.930    app     info:    [server-manager] Downloaded 134.28 MiB/1.26 GiB at 8.91 MiB/s
2023-12-07 11:05:50.933    app     info:    [server-manager] Downloaded 143.24 MiB/1.26 GiB at 8.62 MiB/s
2023-12-07 11:05:51.941    app     info:    [server-manager] Downloaded 151.99 MiB/1.26 GiB at 8.74 MiB/s
2023-12-07 11:05:52.945    app     info:    [server-manager] Downloaded 160.85 MiB/1.26 GiB at 13.22 MiB/s
2023-12-07 11:05:53.953    app     info:    [server-manager] Downloaded 169.73 MiB/1.26 GiB at 8.92 MiB/s
2023-12-07 11:05:54.956    app     info:    [server-manager] Downloaded 178.54 MiB/1.26 GiB at 8.94 MiB/s
2023-12-07 11:05:55.961    app     info:    [server-manager] Downloaded 187.38 MiB/1.26 GiB at 9.28 MiB/s
2023-12-07 11:05:56.964    app     info:    [server-manager] Downloaded 195.71 MiB/1.26 GiB at 8.25 MiB/s
2023-12-07 11:05:57.969    app     info:    [server-manager] Downloaded 204.43 MiB/1.26 GiB at 8.75 MiB/s
2023-12-07 11:05:58.977    app     info:    [server-manager] Downloaded 212.41 MiB/1.26 GiB at 8.43 MiB/s
2023-12-07 11:05:59.980    app     info:    [server-manager] Downloaded 220.88 MiB/1.26 GiB at 8.40 MiB/s
2023-12-07 11:06:00.983    app     info:    [server-manager] Downloaded 229.34 MiB/1.26 GiB at 12.90 MiB/s
2023-12-07 11:06:01.985    app     info:    [server-manager] Downloaded 237.96 MiB/1.26 GiB at 8.80 MiB/s
2023-12-07 11:06:02.988    app     info:    [server-manager] Downloaded 246.75 MiB/1.26 GiB at 8.95 MiB/s
2023-12-07 11:06:03.991    app     info:    [server-manager] Downloaded 255.65 MiB/1.26 GiB at 8.68 MiB/s
2023-12-07 11:06:04.997    app     info:    [server-manager] Downloaded 264.60 MiB/1.26 GiB at 8.85 MiB/s
2023-12-07 11:06:06.001    app     info:    [server-manager] Downloaded 273.42 MiB/1.26 GiB at 8.95 MiB/s
2023-12-07 11:06:07.004    app     info:    [server-manager] Downloaded 282.35 MiB/1.26 GiB at 8.74 MiB/s
2023-12-07 11:06:08.008    app     info:    [server-manager] Downloaded 291.21 MiB/1.26 GiB at 8.99 MiB/s
2023-12-07 11:06:09.010    app     info:    [server-manager] Downloaded 300.02 MiB/1.26 GiB at 8.67 MiB/s
2023-12-07 11:06:10.013    app     info:    [server-manager] Downloaded 309.00 MiB/1.26 GiB at 9.08 MiB/s
2023-12-07 11:06:11.017    app     info:    [server-manager] Downloaded 317.91 MiB/1.26 GiB at 13.28 MiB/s
2023-12-07 11:06:12.019    app     info:    [server-manager] Downloaded 326.98 MiB/1.26 GiB at 9.09 MiB/s
2023-12-07 11:06:13.022    app     info:    [server-manager] Downloaded 335.77 MiB/1.26 GiB at 8.74 MiB/s
2023-12-07 11:06:14.024    app     info:    [server-manager] Downloaded 344.72 MiB/1.26 GiB at 13.42 MiB/s
2023-12-07 11:06:15.027    app     info:    [server-manager] Downloaded 353.60 MiB/1.26 GiB at 8.85 MiB/s
2023-12-07 11:06:16.033    app     info:    [server-manager] Downloaded 362.43 MiB/1.26 GiB at 13.72 MiB/s
2023-12-07 11:06:17.037    app     info:    [server-manager] Downloaded 371.53 MiB/1.26 GiB at 13.63 MiB/s
2023-12-07 11:06:18.037    app     info:    [server-manager] Downloaded 380.40 MiB/1.26 GiB at 4.44 MiB/s
2023-12-07 11:06:19.040    app     info:    [server-manager] Downloaded 389.24 MiB/1.26 GiB at 8.64 MiB/s
2023-12-07 11:06:20.042    app     info:    [server-manager] Downloaded 398.04 MiB/1.26 GiB at 13.27 MiB/s
2023-12-07 11:06:21.045    app     info:    [server-manager] Downloaded 406.88 MiB/1.26 GiB at 8.95 MiB/s
2023-12-07 11:06:22.047    app     info:    [server-manager] Downloaded 415.69 MiB/1.26 GiB at 8.75 MiB/s
2023-12-07 11:06:23.051    app     info:    [server-manager] Downloaded 424.21 MiB/1.26 GiB at 8.44 MiB/s
2023-12-07 11:06:24.056    app     info:    [server-manager] Downloaded 432.86 MiB/1.26 GiB at 8.64 MiB/s
2023-12-07 11:06:25.059    app     info:    [server-manager] Downloaded 441.47 MiB/1.26 GiB at 8.53 MiB/s
2023-12-07 11:06:26.062    app     info:    [server-manager] Downloaded 449.95 MiB/1.26 GiB at 8.31 MiB/s
2023-12-07 11:06:27.075    app     info:    [server-manager] Downloaded 458.69 MiB/1.26 GiB at 8.47 MiB/s
2023-12-07 11:06:28.085    app     info:    [server-manager] Downloaded 467.25 MiB/1.26 GiB at 4.53 MiB/s
2023-12-07 11:06:29.088    app     info:    [server-manager] Downloaded 475.73 MiB/1.26 GiB at 8.10 MiB/s
2023-12-07 11:06:30.091    app     info:    [server-manager] Downloaded 484.06 MiB/1.26 GiB at 8.25 MiB/s
2023-12-07 11:06:31.094    app     info:    [server-manager] Downloaded 492.26 MiB/1.26 GiB at 8.21 MiB/s
2023-12-07 11:06:32.096    app     info:    [server-manager] Downloaded 500.46 MiB/1.26 GiB at 8.24 MiB/s
2023-12-07 11:06:33.101    app     info:    [server-manager] Downloaded 508.68 MiB/1.26 GiB at 8.13 MiB/s
2023-12-07 11:06:34.104    app     info:    [server-manager] Downloaded 516.83 MiB/1.26 GiB at 8.17 MiB/s
2023-12-07 11:06:35.105    app     info:    [server-manager] Downloaded 524.69 MiB/1.26 GiB at 11.78 MiB/s
2023-12-07 11:06:36.109    app     info:    [server-manager] Downloaded 532.55 MiB/1.26 GiB at 7.82 MiB/s
2023-12-07 11:06:37.112    app     info:    [server-manager] Downloaded 540.40 MiB/1.26 GiB at 11.77 MiB/s
2023-12-07 11:06:38.114    app     info:    [server-manager] Downloaded 548.63 MiB/1.26 GiB at 8.54 MiB/s
2023-12-07 11:06:39.116    app     info:    [server-manager] Downloaded 556.42 MiB/1.26 GiB at 7.84 MiB/s
2023-12-07 11:06:40.118    app     info:    [server-manager] Downloaded 564.16 MiB/1.26 GiB at 11.74 MiB/s
2023-12-07 11:06:41.120    app     info:    [server-manager] Downloaded 571.55 MiB/1.26 GiB at 3.74 MiB/s
2023-12-07 11:06:42.132    app     info:    [server-manager] Downloaded 578.89 MiB/1.26 GiB at 11.04 MiB/s
2023-12-07 11:06:43.136    app     info:    [server-manager] Downloaded 586.34 MiB/1.26 GiB at 7.50 MiB/s
2023-12-07 11:06:44.139    app     info:    [server-manager] Downloaded 593.64 MiB/1.26 GiB at 7.36 MiB/s
2023-12-07 11:06:45.142    app     info:    [server-manager] Downloaded 600.93 MiB/1.26 GiB at 7.22 MiB/s
2023-12-07 11:06:46.143    app     info:    [server-manager] Downloaded 608.33 MiB/1.26 GiB at 7.39 MiB/s
2023-12-07 11:06:47.154    app     info:    [server-manager] Downloaded 615.74 MiB/1.26 GiB at 7.44 MiB/s
2023-12-07 11:06:48.157    app     info:    [server-manager] Downloaded 623.12 MiB/1.26 GiB at 7.36 MiB/s
2023-12-07 11:06:49.160    app     info:    [server-manager] Downloaded 630.30 MiB/1.26 GiB at 3.66 MiB/s
2023-12-07 11:06:50.162    app     info:    [server-manager] Downloaded 637.83 MiB/1.26 GiB at 7.33 MiB/s
2023-12-07 11:06:51.166    app     info:    [server-manager] Downloaded 645.41 MiB/1.26 GiB at 7.83 MiB/s
2023-12-07 11:06:52.170    app     info:    [server-manager] Downloaded 652.79 MiB/1.26 GiB at 11.12 MiB/s
2023-12-07 11:06:53.172    app     info:    [server-manager] Downloaded 660.19 MiB/1.26 GiB at 7.37 MiB/s
2023-12-07 11:06:54.174    app     info:    [server-manager] Downloaded 667.55 MiB/1.26 GiB at 3.69 MiB/s
2023-12-07 11:06:55.177    app     info:    [server-manager] Downloaded 674.86 MiB/1.26 GiB at 3.66 MiB/s
2023-12-07 11:06:56.179    app     info:    [server-manager] Downloaded 681.05 MiB/1.26 GiB at 6.51 MiB/s
2023-12-07 11:06:57.181    app     info:    [server-manager] Downloaded 686.98 MiB/1.26 GiB at 5.93 MiB/s
2023-12-07 11:06:58.194    app     info:    [server-manager] Downloaded 692.93 MiB/1.26 GiB at 3.01 MiB/s
2023-12-07 11:06:59.195    app     info:    [server-manager] Downloaded 698.82 MiB/1.26 GiB at 2.96 MiB/s
2023-12-07 11:07:00.208    app     info:    [server-manager] Downloaded 704.74 MiB/1.26 GiB at 5.84 MiB/s
2023-12-07 11:07:01.210    app     info:    [server-manager] Downloaded 710.50 MiB/1.26 GiB at 5.88 MiB/s
2023-12-07 11:07:02.213    app     info:    [server-manager] Downloaded 716.41 MiB/1.26 GiB at 5.90 MiB/s
2023-12-07 11:07:03.215    app     info:    [server-manager] Downloaded 722.30 MiB/1.26 GiB at 8.81 MiB/s
2023-12-07 11:07:04.215    app     info:    [server-manager] Downloaded 728.14 MiB/1.26 GiB at 5.86 MiB/s
2023-12-07 11:07:05.223    app     info:    [server-manager] Downloaded 734.12 MiB/1.26 GiB at 5.79 MiB/s
2023-12-07 11:07:06.226    app     info:    [server-manager] Downloaded 739.43 MiB/1.26 GiB at 6.13 MiB/s
2023-12-07 11:07:07.238    app     info:    [server-manager] Downloaded 742.80 MiB/1.26 GiB at 3.48 MiB/s
2023-12-07 11:07:08.242    app     info:    [server-manager] Downloaded 746.02 MiB/1.26 GiB at 3.33 MiB/s
2023-12-07 11:07:09.244    app     info:    [server-manager] Downloaded 749.31 MiB/1.26 GiB at 3.31 MiB/s
2023-12-07 11:07:10.250    app     info:    [server-manager] Downloaded 752.88 MiB/1.26 GiB at 3.25 MiB/s
2023-12-07 11:07:11.255    app     info:    [server-manager] Downloaded 757.79 MiB/1.26 GiB at 4.88 MiB/s
2023-12-07 11:07:11.542    app    error:    [server-status-manager] Invalid response from server status check    {"userCount":0,"serverStatus":"unknown"}
2023-12-07 11:07:12.232    app     info:    [ipc-requests] Handling requests in the background
2023-12-07 11:07:12.257    app     info:    [server-manager] Downloaded 762.69 MiB/1.26 GiB at 4.90 MiB/s
2023-12-07 11:07:13.232    app     info:    [ipc-requests] No longer handling requests in the background
2023-12-07 11:07:13.260    app     info:    [server-manager] Downloaded 767.60 MiB/1.26 GiB at 7.40 MiB/s
2023-12-07 11:07:14.259    app     info:    [server-manager] Downloaded 772.52 MiB/1.26 GiB at 4.89 MiB/s
2023-12-07 11:07:15.261    app     info:    [server-manager] Downloaded 777.41 MiB/1.26 GiB at 4.91 MiB/s
2023-12-07 11:07:16.274    app     info:    [server-manager] Downloaded 782.05 MiB/1.26 GiB at 4.94 MiB/s
2023-12-07 11:07:17.285    app     info:    [server-manager] Downloaded 787.01 MiB/1.26 GiB at 2.59 MiB/s
2023-12-07 11:07:18.048    app     info:    [ipc-requests] Handling requests in the background
2023-12-07 11:07:18.287    app     info:    [server-manager] Downloaded 791.90 MiB/1.26 GiB at 4.89 MiB/s
2023-12-07 11:07:19.048    app     info:    [ipc-requests] No longer handling requests in the background
2023-12-07 11:07:19.289    app     info:    [server-manager] Downloaded 796.81 MiB/1.26 GiB at 4.90 MiB/s
2023-12-07 11:07:20.293    app     info:    [server-manager] Downloaded 801.15 MiB/1.26 GiB at 4.84 MiB/s
2023-12-07 11:07:21.301    app     info:    [server-manager] Downloaded 804.02 MiB/1.26 GiB at 2.42 MiB/s
2023-12-07 11:07:22.304    app     info:    [server-manager] Downloaded 807.29 MiB/1.26 GiB at 3.28 MiB/s
2023-12-07 11:07:23.306    app     info:    [server-manager] Downloaded 810.55 MiB/1.26 GiB at 3.28 MiB/s
2023-12-07 11:07:24.308    app     info:    [server-manager] Downloaded 813.84 MiB/1.26 GiB at 1.62 MiB/s
2023-12-07 11:07:25.311    app     info:    [server-manager] Downloaded 817.13 MiB/1.26 GiB at 3.30 MiB/s
2023-12-07 11:07:26.328    app     info:    [server-manager] Downloaded 824.03 MiB/1.26 GiB at 4.19 MiB/s
2023-12-07 11:07:27.331    app     info:    [server-manager] Downloaded 833.94 MiB/1.26 GiB at 10.01 MiB/s
2023-12-07 11:07:28.331    app     info:    [server-manager] Downloaded 843.72 MiB/1.26 GiB at 9.72 MiB/s
2023-12-07 11:07:29.333    app     info:    [server-manager] Downloaded 853.52 MiB/1.26 GiB at 9.82 MiB/s
2023-12-07 11:07:30.343    app     info:    [server-manager] Downloaded 863.34 MiB/1.26 GiB at 4.85 MiB/s
2023-12-07 11:07:31.347    app     info:    [server-manager] Downloaded 873.26 MiB/1.26 GiB at 10.02 MiB/s
2023-12-07 11:07:32.349    app     info:    [server-manager] Downloaded 882.96 MiB/1.26 GiB at 9.63 MiB/s
2023-12-07 11:07:33.353    app     info:    [server-manager] Downloaded 892.80 MiB/1.26 GiB at 9.89 MiB/s
2023-12-07 11:07:34.365    app     info:    [server-manager] Downloaded 900.16 MiB/1.26 GiB at 9.68 MiB/s
2023-12-07 11:07:35.368    app     info:    [server-manager] Downloaded 905.10 MiB/1.26 GiB at 4.95 MiB/s
2023-12-07 11:07:36.371    app     info:    [server-manager] Downloaded 910.00 MiB/1.26 GiB at 4.90 MiB/s
2023-12-07 11:07:37.373    app     info:    [server-manager] Downloaded 917.84 MiB/1.26 GiB at 5.81 MiB/s
2023-12-07 11:07:38.376    app     info:    [server-manager] Downloaded 927.13 MiB/1.26 GiB at 8.90 MiB/s
2023-12-07 11:07:39.378    app     info:    [server-manager] Downloaded 935.30 MiB/1.26 GiB at 13.02 MiB/s
2023-12-07 11:07:40.378    app     info:    [server-manager] Downloaded 944.76 MiB/1.26 GiB at 4.91 MiB/s
2023-12-07 11:07:41.378    app     info:    [server-manager] Downloaded 954.43 MiB/1.26 GiB at 14.36 MiB/s
2023-12-07 11:07:42.381    app     info:    [server-manager] Downloaded 964.28 MiB/1.26 GiB at 9.84 MiB/s
2023-12-07 11:07:43.384    app     info:    [server-manager] Downloaded 974.11 MiB/1.26 GiB at 9.84 MiB/s
2023-12-07 11:07:44.386    app     info:    [server-manager] Downloaded 983.93 MiB/1.26 GiB at 9.83 MiB/s
2023-12-07 11:07:45.388    app     info:    [server-manager] Downloaded 993.76 MiB/1.26 GiB at 9.84 MiB/s
2023-12-07 11:07:46.390    app     info:    [server-manager] Downloaded 1,003.59 MiB/1.26 GiB at 9.88 MiB/s
2023-12-07 11:07:47.392    app     info:    [server-manager] Downloaded 1,013.40 MiB/1.26 GiB at 4.97 MiB/s
2023-12-07 11:07:48.394    app     info:    [server-manager] Downloaded 1,023.23 MiB/1.26 GiB at 9.81 MiB/s
2023-12-07 11:07:49.394    app     info:    [server-manager] Downloaded 1.01 GiB/1.26 GiB at 4.90 MiB/s
2023-12-07 11:07:50.396    app     info:    [server-manager] Downloaded 1.02 GiB/1.26 GiB at 13.72 MiB/s
2023-12-07 11:07:51.396    app     info:    [server-manager] Downloaded 1.03 GiB/1.26 GiB at 4.90 MiB/s
2023-12-07 11:07:52.396    app     info:    [server-manager] Downloaded 1.04 GiB/1.26 GiB at 9.81 MiB/s
2023-12-07 11:07:53.397    app     info:    [server-manager] Downloaded 1.04 GiB/1.26 GiB at 4.61 MiB/s
2023-12-07 11:07:54.396    app     info:    [server-manager] Downloaded 1.05 GiB/1.26 GiB at 9.80 MiB/s
2023-12-07 11:07:55.399    app     info:    [server-manager] Downloaded 1.06 GiB/1.26 GiB at 9.87 MiB/s
2023-12-07 11:07:55.738    app    error:    [server-status-manager] Invalid response from server status check    {"userCount":0,"serverStatus":"unknown"}
2023-12-07 11:07:55.993    app     info:    [ipc-requests] Handling requests in the background
2023-12-07 11:07:56.412    app     info:    [server-manager] Downloaded 1.07 GiB/1.26 GiB at 9.80 MiB/s
2023-12-07 11:07:56.993    app     info:    [ipc-requests] No longer handling requests in the background
2023-12-07 11:07:57.425    app     info:    [server-manager] Downloaded 1.08 GiB/1.26 GiB at 10.04 MiB/s
2023-12-07 11:07:58.434    app     info:    [server-manager] Downloaded 1.09 GiB/1.26 GiB at 7.78 MiB/s
2023-12-07 11:07:59.436    app     info:    [server-manager] Downloaded 1.10 GiB/1.26 GiB at 9.42 MiB/s
2023-12-07 11:08:00.436    app     info:    [server-manager] Downloaded 1.11 GiB/1.26 GiB at 14.48 MiB/s
2023-12-07 11:08:01.449    app     info:    [server-manager] Downloaded 1.12 GiB/1.26 GiB at 9.40 MiB/s
2023-12-07 11:08:02.452    app     info:    [server-manager] Downloaded 1.13 GiB/1.26 GiB at 10.05 MiB/s
2023-12-07 11:08:03.452    app     info:    [server-manager] Downloaded 1.14 GiB/1.26 GiB at 4.83 MiB/s
2023-12-07 11:08:04.454    app     info:    [server-manager] Downloaded 1.15 GiB/1.26 GiB at 9.86 MiB/s
2023-12-07 11:08:05.456    app     info:    [server-manager] Downloaded 1.16 GiB/1.26 GiB at 4.94 MiB/s
2023-12-07 11:08:06.458    app     info:    [server-manager] Downloaded 1.16 GiB/1.26 GiB at 6.98 MiB/s
2023-12-07 11:08:07.460    app     info:    [server-manager] Downloaded 1.17 GiB/1.26 GiB at 9.70 MiB/s
2023-12-07 11:08:08.462    app     info:    [server-manager] Downloaded 1.18 GiB/1.26 GiB at 7.93 MiB/s
2023-12-07 11:08:09.464    app     info:    [server-manager] Downloaded 1.19 GiB/1.26 GiB at 12.80 MiB/s
2023-12-07 11:08:10.477    app     info:    [server-manager] Downloaded 1.20 GiB/1.26 GiB at 9.61 MiB/s
2023-12-07 11:08:11.479    app     info:    [server-manager] Downloaded 1.21 GiB/1.26 GiB at 9.96 MiB/s
2023-12-07 11:08:12.482    app     info:    [server-manager] Downloaded 1.22 GiB/1.26 GiB at 9.28 MiB/s
2023-12-07 11:08:13.484    app     info:    [server-manager] Downloaded 1.23 GiB/1.26 GiB at 9.36 MiB/s
2023-12-07 11:08:14.487    app     info:    [server-manager] Downloaded 1.24 GiB/1.26 GiB at 14.72 MiB/s
2023-12-07 11:08:15.489    app     info:    [server-manager] Downloaded 1.25 GiB/1.26 GiB at 9.75 MiB/s
2023-12-07 11:08:16.304    app     info:    [download-from-manifest] Downloaded 33 files (1,26 GiB) in 2 minutes, 41.494 seconds
2023-12-07 11:08:16.304    app     info:    [download-from-manifest] Average download speed: 7,96 MiB/s
2023-12-07 11:08:16.308    app     info:    [elg-events] Sending event    eve_launcher.electron.eve_client.GameClientUpdateFinished
2023-12-07 11:08:16.312    app     info:    [server-manager] Downloaded 1.26 GiB/1.26 GiB at 12.32 MiB/s
2023-12-07 11:08:16.314    app     info:    [server-manager] Ready to play!
2023-12-07 11:08:16.317    app     info:    [server-manager] Finished refresh cycle for Tranquility
2023-12-07 11:08:16.317    app     info:    [server-manager] Build for Tranquility is now 2446655
2023-12-07 11:08:23.983    app     info:    [ipc-requests] Handling requests in the background
2023-12-07 11:08:24.985    app     info:    [ipc-requests] No longer handling requests in the background
2023-12-07 11:08:25.847    app     info:    [ipc-requests] Handling requests in the background
2023-12-07 11:08:26.863    app     info:    [ipc-requests] No longer handling requests in the background
2023-12-07 11:08:51.002    app    error:    [server-status-manager] Invalid response from server status check    {"userCount":0,"serverStatus":"online"}
2023-12-07 11:08:51.705    app     info:    [ipc-requests] Handling requests in the background
2023-12-07 11:08:52.712    app     info:    [ipc-requests] No longer handling requests in the background
2023-12-07 11:09:31.777    app    error:    [server-status-manager] Invalid response from server status check    {"userCount":0,"serverStatus":"online"}
2023-12-07 11:09:31.887    app     info:    [ipc-requests] Handling requests in the background
2023-12-07 11:09:32.900    app     info:    [ipc-requests] No longer handling requests in the background
2023-12-07 11:10:13.318    app    error:    [server-status-manager] Invalid response from server status check    {"userCount":0,"serverStatus":"online"}
2023-12-07 11:10:13.667    app     info:    [ipc-requests] Handling requests in the background
2023-12-07 11:10:14.678    app     info:    [ipc-requests] No longer handling requests in the background
2023-12-07 11:10:19.479    app     info:    [ipc-requests] Handling requests in the background
2023-12-07 11:10:20.487    app     info:    [ipc-requests] No longer handling requests in the background
2023-12-07 11:10:46.477    app    error:    [server-status-manager] Invalid response from server status check    {"userCount":0,"serverStatus":"online"}
2023-12-07 11:10:47.487    app     info:    [self-update] Checking for a launcher update...
2023-12-07 11:10:47.793    app     info:    [self-update] Currently running the latest launcher version. Scheduling update check in 5 minutes.
2023-12-07 11:10:48.194    app     info:    [ipc-requests] Handling requests in the background
2023-12-07 11:10:49.194    app     info:    [ipc-requests] No longer handling requests in the background
2023-12-07 11:10:49.873    app     info:    [ipc-requests] Handling requests in the background
2023-12-07 11:10:50.881    app     info:    [ipc-requests] No longer handling requests in the background
2023-12-07 11:11:24.064    app    error:    [server-status-manager] Invalid response from server status check    {"userCount":0,"serverStatus":"online"}
2023-12-07 11:11:54.031    app    error:    [server-status-manager] Invalid response from server status check    {"userCount":0,"serverStatus":"online"}
2023-12-07 11:13:16.327    app     info:    [server-manager] Starting refresh cycle for eve-online / Tranquility
2023-12-07 11:13:16.479    app     info:    [server-manager] Previous Tranquility build: 2446655, current build: 2446655
2023-12-07 11:13:16.479    app     info:    [server-manager] Tranquility build is unchanged.
2023-12-07 11:13:16.485    app     info:    [server-manager] Ready to play!
2023-12-07 11:13:16.488    app     info:    [server-manager] Finished refresh cycle for Tranquility
2023-12-07 11:15:47.804    app     info:    [self-update] Checking for a launcher update...
2023-12-07 11:15:48.105    app     info:    [self-update] Currently running the latest launcher version. Scheduling update check in 5 minutes.
2023-12-07 11:18:16.503    app     info:    [server-manager] Starting refresh cycle for eve-online / Tranquility
2023-12-07 11:18:16.659    app     info:    [server-manager] Previous Tranquility build: 2446655, current build: 2446655
2023-12-07 11:18:16.660    app     info:    [server-manager] Tranquility build is unchanged.
2023-12-07 11:18:16.665    app     info:    [server-manager] Ready to play!
2023-12-07 11:18:16.668    app     info:    [server-manager] Finished refresh cycle for Tranquility
2023-12-07 11:20:33.794    app     info:    [ipc-requests] Handling requests in the background
2023-12-07 11:20:34.808    app     info:    [ipc-requests] No longer handling requests in the background
2023-12-07 11:20:48.113    app     info:    [self-update] Checking for a launcher update...
2023-12-07 11:20:48.399    app     info:    [self-update] Currently running the latest launcher version. Scheduling update check in 5 minutes.
2023-12-07 11:21:40.830    app     info:    [ipc-requests] Handling requests in the background
2023-12-07 11:21:41.836    app     info:    [ipc-requests] No longer handling requests in the background
2023-12-07 11:23:16.674    app     info:    [server-manager] Starting refresh cycle for eve-online / Tranquility
2023-12-07 11:23:16.818    app     info:    [server-manager] Previous Tranquility build: 2446655, current build: 2446655
2023-12-07 11:23:16.818    app     info:    [server-manager] Tranquility build is unchanged.
2023-12-07 11:23:16.822    app     info:    [server-manager] Ready to play!
2023-12-07 11:23:16.825    app     info:    [server-manager] Finished refresh cycle for Tranquility
2023-12-07 11:25:48.403    app     info:    [self-update] Checking for a launcher update...
2023-12-07 11:25:48.692    app     info:    [self-update] Currently running the latest launcher version. Scheduling update check in 5 minutes.
2023-12-07 11:28:16.832    app     info:    [server-manager] Starting refresh cycle for eve-online / Tranquility
2023-12-07 11:28:16.950    app     info:    [server-manager] Previous Tranquility build: 2446655, current build: 2446655
2023-12-07 11:28:16.950    app     info:    [server-manager] Tranquility build is unchanged.
2023-12-07 11:28:16.954    app     info:    [server-manager] Ready to play!
2023-12-07 11:28:16.957    app     info:    [server-manager] Finished refresh cycle for Tranquility
2023-12-07 11:30:48.698    app     info:    [self-update] Checking for a launcher update...
2023-12-07 11:30:48.970    app     info:    [self-update] Currently running the latest launcher version. Scheduling update check in 5 minutes.
2023-12-07 11:33:16.970    app     info:    [server-manager] Starting refresh cycle for eve-online / Tranquility
2023-12-07 11:33:17.122    app     info:    [server-manager] Previous Tranquility build: 2446655, current build: 2446655
2023-12-07 11:33:17.122    app     info:    [server-manager] Tranquility build is unchanged.
2023-12-07 11:33:17.126    app     info:    [server-manager] Ready to play!
2023-12-07 11:33:17.129    app     info:    [server-manager] Finished refresh cycle for Tranquility
2023-12-07 11:35:48.973    app     info:    [self-update] Checking for a launcher update...
2023-12-07 11:35:49.263    app     info:    [self-update] Currently running the latest launcher version. Scheduling update check in 5 minutes.
2023-12-07 11:38:17.144    app     info:    [server-manager] Starting refresh cycle for eve-online / Tranquility
2023-12-07 11:38:17.270    app     info:    [server-manager] Previous Tranquility build: 2446655, current build: 2446655
2023-12-07 11:38:17.270    app     info:    [server-manager] Tranquility build is unchanged.
2023-12-07 11:38:17.274    app     info:    [server-manager] Ready to play!
2023-12-07 11:38:17.277    app     info:    [server-manager] Finished refresh cycle for Tranquility
2023-12-07 11:40:49.265    app     info:    [self-update] Checking for a launcher update...
2023-12-07 11:40:49.547    app     info:    [self-update] Currently running the latest launcher version. Scheduling update check in 5 minutes.
2023-12-07 11:43:12.271    app     info:    [creatives] Requesting creatives
2023-12-07 11:43:12.393    app     info:    [creatives] Received 3 creatives
2023-12-07 11:43:16.576    app     info:    [ipc-requests] Handling requests in the background
2023-12-07 11:43:17.285    app     info:    [server-manager] Starting refresh cycle for eve-online / Tranquility
2023-12-07 11:43:17.472    app     info:    [server-manager] Previous Tranquility build: 2446655, current build: 2446655
2023-12-07 11:43:17.472    app     info:    [server-manager] Tranquility build is unchanged.
2023-12-07 11:43:17.477    app     info:    [server-manager] Ready to play!
2023-12-07 11:43:17.480    app     info:    [server-manager] Finished refresh cycle for Tranquility
2023-12-07 11:43:17.579    app     info:    [ipc-requests] No longer handling requests in the background
2023-12-07 11:45:49.558    app     info:    [self-update] Checking for a launcher update...
2023-12-07 11:45:49.846    app     info:    [self-update] Currently running the latest launcher version. Scheduling update check in 5 minutes.
2023-12-07 11:48:03.712    app     info:    [ipc-requests] Handling requests in the background
2023-12-07 11:48:04.713    app     info:    [ipc-requests] No longer handling requests in the background
2023-12-07 11:48:17.484    app     info:    [server-manager] Starting refresh cycle for eve-online / Tranquility
2023-12-07 11:48:17.621    app     info:    [server-manager] Previous Tranquility build: 2446655, current build: 2446655
2023-12-07 11:48:17.621    app     info:    [server-manager] Tranquility build is unchanged.
2023-12-07 11:48:17.626    app     info:    [server-manager] Ready to play!
2023-12-07 11:48:17.630    app     info:    [server-manager] Finished refresh cycle for Tranquility
2023-12-07 11:50:49.851    app     info:    [self-update] Checking for a launcher update...
2023-12-07 11:50:50.131    app     info:    [self-update] Currently running the latest launcher version. Scheduling update check in 5 minutes.
2023-12-07 11:53:17.634    app     info:    [server-manager] Starting refresh cycle for eve-online / Tranquility
2023-12-07 11:53:17.764    app     info:    [server-manager] Previous Tranquility build: 2446655, current build: 2446655
2023-12-07 11:53:17.764    app     info:    [server-manager] Tranquility build is unchanged.
2023-12-07 11:53:17.769    app     info:    [server-manager] Ready to play!
2023-12-07 11:53:17.772    app     info:    [server-manager] Finished refresh cycle for Tranquility
2023-12-07 11:55:50.141    app     info:    [self-update] Checking for a launcher update...
2023-12-07 11:55:50.423    app     info:    [self-update] Currently running the latest launcher version. Scheduling update check in 5 minutes.
2023-12-07 11:57:31.721    app     info:    [ipc-requests] Handling requests in the background
2023-12-07 11:57:32.729    app     info:    [ipc-requests] No longer handling requests in the background
2023-12-07 11:57:36.545    app     info:    [ipc-requests] Handling requests in the background
2023-12-07 11:57:37.555    app     info:    [ipc-requests] No longer handling requests in the background
2023-12-07 11:58:17.788    app     info:    [server-manager] Starting refresh cycle for eve-online / Tranquility
2023-12-07 11:58:17.923    app     info:    [server-manager] Previous Tranquility build: 2446655, current build: 2446655
2023-12-07 11:58:17.923    app     info:    [server-manager] Tranquility build is unchanged.
2023-12-07 11:58:17.928    app     info:    [server-manager] Ready to play!
2023-12-07 11:58:17.931    app     info:    [server-manager] Finished refresh cycle for Tranquility
2023-12-07 12:00:18.710    app     info:    [feature-flags] Received update for 1 flags for client 4a436adb...
2023-12-07 12:00:50.437    app     info:    [self-update] Checking for a launcher update...
2023-12-07 12:00:50.724    app     info:    [self-update] Currently running the latest launcher version. Scheduling update check in 5 minutes.
2023-12-07 12:03:17.946    app     info:    [server-manager] Starting refresh cycle for eve-online / Tranquility
2023-12-07 12:03:18.439    app     info:    [server-manager] Previous Tranquility build: 2446655, current build: 2446655
2023-12-07 12:03:18.439    app     info:    [server-manager] Tranquility build is unchanged.
2023-12-07 12:03:18.444    app     info:    [server-manager] Ready to play!
2023-12-07 12:03:18.447    app     info:    [server-manager] Finished refresh cycle for Tranquility
2023-12-07 12:05:50.738    app     info:    [self-update] Checking for a launcher update...
2023-12-07 12:05:51.025    app     info:    [self-update] Currently running the latest launcher version. Scheduling update check in 5 minutes.
2023-12-07 12:08:18.452    app     info:    [server-manager] Starting refresh cycle for eve-online / Tranquility
2023-12-07 12:08:18.570    app     info:    [server-manager] Previous Tranquility build: 2446655, current build: 2446655
2023-12-07 12:08:18.570    app     info:    [server-manager] Tranquility build is unchanged.
2023-12-07 12:08:18.575    app     info:    [server-manager] Ready to play!
2023-12-07 12:08:18.578    app     info:    [server-manager] Finished refresh cycle for Tranquility
2023-12-07 12:10:51.037    app     info:    [self-update] Checking for a launcher update...
2023-12-07 12:10:51.331    app     info:    [self-update] Currently running the latest launcher version. Scheduling update check in 5 minutes.
2023-12-07 12:12:18.806    app     info:    [main-window] Main window minimized to tray    { windowId: 2 }
2023-12-07 12:12:18.829    app     info:    [main-window] Sent notification that the application is minimized to tray    { windowId: 2 }
2023-12-07 12:12:18.838    app     info:    [ipc-requests] Handling requests in the background
2023-12-07 12:12:19.855    app     info:    [ipc-requests] No longer handling requests in the background
2023-12-07 12:12:21.685    app     info:    [tray] Quitting application from tray
2023-12-07 12:12:21.687    app     info:    Application quitting. Cleanup needed: true
2023-12-07 12:12:21.689    app     info:    [elg-events] Sending event    eve_launcher.electron.application.LauncherShutdown
2023-12-07 12:12:21.690    app     info:    app.quit called, but we are still sending ELG events.
2023-12-07 12:12:22.300    app     info:    ELG stream closed, quitting.
2023-12-07 12:12:22.302    app     info:    [main-window] Main window closing    { windowId: 2 }
2023-12-07 12:12:22.316    app     info:    Application closed    0
