2023-11-27 16:05:28.924    app     info:    Startup arguments    []
2023-11-27 16:05:28.929    app     info:    [self-update] Checking for a launcher update...
2023-11-27 16:05:29.075    app     info:    [i18next] Changed language    en
2023-11-27 16:05:29.185    app     info:    [authentication] Token for '17525312' on 'tranquility' is expired, refresh is required
2023-11-27 16:05:29.185    app     info:    [authentication] Refreshing token for '17525312' on 'tranquility'
2023-11-27 16:05:29.186    app     info:    [device-id] Device id found in state
2023-11-27 16:05:29.189    app     info:    [analytics] Application name:    EVE Online
2023-11-27 16:05:29.189    app     info:    [analytics] Application version:    0.4.9
2023-11-27 16:05:29.189    app     info:    [analytics] Domain    undefined
2023-11-27 16:05:29.190    app     info:    [analytics] Working directory    C:\Users\REDACTED\AppData\Local\eve-online\app-0.4.9
2023-11-27 16:05:29.190    app     info:    [analytics] Username contains UTF8?    false
2023-11-27 16:05:30.006    app     info:    [elg-events] Sending event    eve_launcher.electron.application.PdmLoaded
2023-11-27 16:05:30.008    app     info:    [analytics] Operating system    {
  type: 'Windows',
  name: 'Windows 10 Education',
  version: '10.0 (19045)'
}
2023-11-27 16:05:30.010    app     info:    [analytics] Encryption available:    true
2023-11-27 16:05:30.010    app     info:    [analytics] Machine UUID    4E9F516C-5B97-47C6-8C67-E93D943CB7C8
2023-11-27 16:05:30.010    app     info:    [analytics] PDM Version    2.1.4
2023-11-27 16:05:30.010    app     info:    [analytics] Release channel    release
2023-11-27 16:05:30.015    app     info:    [initializers] Shared cache directory set to    C:\CCP\EVE Online
2023-11-27 16:05:30.046    app     info:    [initializers] Shared cache drive free space: 73,54 GiB / 465,75 GiB
2023-11-27 16:05:30.054    app     info:    [elg-events] Sending event    eve_launcher.electron.application.LauncherStarted
2023-11-27 16:05:30.058    app     info:    [elg-events] Sending event    eve_launcher.electron.application.CoreDataLoaded
2023-11-27 16:05:30.059    app     info:    [cdn-trace] Fetching CDN trace data from https://binaries.eveonline.com/cdn-cgi/trace
2023-11-27 16:05:30.152    app     info:    [self-update] Currently running the latest launcher version. Scheduling update check in 5 minutes.
2023-11-27 16:05:30.172    app     info:    [first-run] First application run was at 2023-11-27T10:29:20.506Z
2023-11-27 16:05:30.176    app     info:    [feature-flags] Initializing client: 4a436adb...
2023-11-27 16:05:30.200    app     info:    [cache-protocol] Found 0 entries to remove
2023-11-27 16:05:30.200    app     info:    [cache-protocol] Nothing to clean up.
2023-11-27 16:05:30.256    app     info:    [server-manager] Starting refresh cycle for Tranquility
2023-11-27 16:05:30.322    app     info:    [customer-information] Agreements have been updated
2023-11-27 16:05:30.333    app     info:    info: [LaunchDarkly] LaunchDarkly client initialized    []
2023-11-27 16:05:30.333    app     info:    info: [LaunchDarkly] Opening stream connection to https://clientstream.launchdarkly.com/eval/64c3d12e27a4b11365012d39/eyJrZXkiOiI0YTQzNmFkYi00Yjk5LTQwYTctODViMC00MmUyMDZmNDEyODYiLCJraW5kIjoidXNlciIsImN1c3RvbSI6eyJpc0ZpcnN0UnVuIjpmYWxzZSwiZGF5c1NpbmNlRmlyc3RSdW4iOjAsImxhbmd1YWdlIjoiZW4iLCJhcHBsaWNhdGlvbiI6ImV2ZS1vbmxpbmUiLCJ2ZXJzaW9uIjoiMC40LjkiLCJwbGF0Zm9ybSI6IndpbmRvd3MiLCJ1c2VySWRzIjpbMTc1MjUzMTJdLCJjaGFyYWN0ZXJJZHMiOlsyMTE0NjU2MTI3LDIxMjExNzgzOTZdLCJvbWVnYUNvdW50IjowLCJhbHBoYUNvdW50IjoxLCJhY2NvdW50Q291bnQiOjEsIm9sZGVzdEFjY291bnRBZ2UiOjE4NDgsInlvdW5nZXN0QWNjb3VudEFnZSI6MTg0OH19?withReasons=true    []
2023-11-27 16:05:30.336    app     info:    [feature-flags] Received 11 flags for client 4a436adb...
2023-11-27 16:05:30.337    app     info:    [feature-flags] Client initialized with key 4a436adb...
2023-11-27 16:05:30.338    app     info:    [feature-flags] Client 4a436adb has 0 flags running...
2023-11-27 16:05:30.375    app     info:    [authentication] Token for '17525312' on 'tranquility' has been successfully refreshed
2023-11-27 16:05:30.376    app     info:    [elg-events] Sending event    eve_launcher.electron.authentication.UserTokensRefreshed
2023-11-27 16:05:30.378    app     info:    [AuthenticationMiddleware] Character information for '17525312' on 'tranquility' was loaded recently, skipping refresh.
2023-11-27 16:05:30.378    app     info:    [AuthenticationMiddleware] Plex information for '17525312' on 'tranquility' was loaded recently, skipping refresh.
2023-11-27 16:05:30.387    app     info:    [AuthenticationMiddleware] Successfully restored 1 / 1 users
2023-11-27 16:05:30.387    app     info:    [AuthenticationMiddleware] User information updated
2023-11-27 16:05:30.410    app     info:    [server-manager] Previous Tranquility build: 2434480, current build: 2434480
2023-11-27 16:05:30.410    app     info:    [server-manager] Tranquility build is unchanged.
2023-11-27 16:05:30.413    app     info:    [server-manager] Ready to play!
2023-11-27 16:05:30.415    app     info:    [server-manager] Finished refresh cycle for Tranquility
2023-11-27 16:05:31.088    app     warn:    [steam-auth] Failed to initialize Steamworks client
2023-11-27 16:05:31.092    app     info:    [main-window] Registering main window    { windowId: 2 }
2023-11-27 16:05:31.098    app     info:    [cdn-trace] Fetching CDN trace data from https://binaries.eveonline.com/cdn-cgi/trace
2023-11-27 16:05:31.099    app     info:    [creatives] Requesting creatives
2023-11-27 16:05:31.111    app     info:    [elg-events] Sending event    eve_launcher.electron.application.RendererLoaded
2023-11-27 16:05:31.232    app     info:    [creatives] Received 3 creatives
2023-11-27 16:05:31.523     ui     info:    Initializing captcha    ccp://launcher/renderer/main_window/index.js    2
2023-11-27 16:05:34.724    app    error:    [authentication] Could not refresh token for '16492377' on 'tranquility' Tokens for '16492377' on 'tranquility' are invalid, refresh was skipped    h [InvalidTokenError]: Tokens for '16492377' on 'tranquility' are invalid, refresh was skipped
    at Y (C:\Users\Dmytro\AppData\Local\eve-online\app-0.4.9\resources\app.asar\.webpack\main\index.js:8:1448559)
    at C:\Users\Dmytro\AppData\Local\eve-online\app-0.4.9\resources\app.asar\.webpack\main\index.js:8:2319880
    at y (C:\Users\Dmytro\AppData\Local\eve-online\app-0.4.9\resources\app.asar\.webpack\main\index.js:8:616723)
    at b (C:\Users\Dmytro\AppData\Local\eve-online\app-0.4.9\resources\app.asar\.webpack\main\index.js:8:616779)
    at k (C:\Users\Dmytro\AppData\Local\eve-online\app-0.4.9\resources\app.asar\.webpack\main\index.js:8:617098)
    at C:\Users\Dmytro\AppData\Local\eve-online\app-0.4.9\resources\app.asar\.webpack\main\index.js:8:2323132
    at C:\Users\Dmytro\AppData\Local\eve-online\app-0.4.9\resources\app.asar\.webpack\main\index.js:8:2326289
    at C:\Users\Dmytro\AppData\Local\eve-online\app-0.4.9\resources\app.asar\.webpack\main\index.js:8:1821878
    at C:\Users\Dmytro\AppData\Local\eve-online\app-0.4.9\resources\app.asar\.webpack\main\index.js:8:2664317
    at C:\Users\Dmytro\AppData\Local\eve-online\app-0.4.9\resources\app.asar\.webpack\main\index.js:8:2666067
2023-11-27 16:05:34.729    app    error:    [AuthenticationMiddleware] Could not update data on active user change Tokens for '16492377' on 'tranquility' are invalid, refresh was skipped    h [InvalidTokenError]: Tokens for '16492377' on 'tranquility' are invalid, refresh was skipped
    at Y (C:\Users\Dmytro\AppData\Local\eve-online\app-0.4.9\resources\app.asar\.webpack\main\index.js:8:1448559)
    at C:\Users\Dmytro\AppData\Local\eve-online\app-0.4.9\resources\app.asar\.webpack\main\index.js:8:2319880
    at y (C:\Users\Dmytro\AppData\Local\eve-online\app-0.4.9\resources\app.asar\.webpack\main\index.js:8:616723)
    at b (C:\Users\Dmytro\AppData\Local\eve-online\app-0.4.9\resources\app.asar\.webpack\main\index.js:8:616779)
    at k (C:\Users\Dmytro\AppData\Local\eve-online\app-0.4.9\resources\app.asar\.webpack\main\index.js:8:617098)
    at C:\Users\Dmytro\AppData\Local\eve-online\app-0.4.9\resources\app.asar\.webpack\main\index.js:8:2323132
    at C:\Users\Dmytro\AppData\Local\eve-online\app-0.4.9\resources\app.asar\.webpack\main\index.js:8:2326289
    at C:\Users\Dmytro\AppData\Local\eve-online\app-0.4.9\resources\app.asar\.webpack\main\index.js:8:1821878
    at C:\Users\Dmytro\AppData\Local\eve-online\app-0.4.9\resources\app.asar\.webpack\main\index.js:8:2664317
    at C:\Users\Dmytro\AppData\Local\eve-online\app-0.4.9\resources\app.asar\.webpack\main\index.js:8:2666067
2023-11-27 16:05:37.111    app     info:    [authentication] Generated login URL with state 'OUWANMc2dQxbLfMXaZsXlwualx_IKfFku5NiIbA5rv8' for 'tranquility' using clientID 'eveLauncherTQ'
2023-11-27 16:05:37.112    app     info:    [authentication-handler] Creating login window using URI https://login.eveonline.com/account/logoff?lang=en&ReturnUrl=%2Fv2%2Foauth%2Fauthorize%3Fresponse_type%3Dcode%26client_id%3DeveLauncherTQ%26scope%3DeveClientLogin%2Bcisservice.customerRead.v1%2Bcisservice.customerWrite.v1%2Bcisservice.userProfileBasic.v1%2Bvgs.transactionRead.v1%2Bvgs.marketAccess.v1%26redirect_uri%3Dhttps%253A%252F%252Flogin.eveonline.com%252Flauncher%253Fclient_id%253DeveLauncherTQ%26state%3DOUWANMc2dQxbLfMXaZsXlwualx_IKfFku5NiIbA5rv8%26code_challenge_method%3DS256%26code_challenge%3D5pLmDzjXWBDMDtNAjTMJm0_RrQbOeA0QBVgs0TVS1OY
2023-11-27 16:05:37.662    app     info:    [elg-events] Sending event    eve_launcher.electron.authentication.LoginWindowOpened
2023-11-27 16:05:38.910    app     info:    [analytics] Hardware rendering enabled:    true    { disabledViaCommandline: false, disabledViaSettings: false }
2023-11-27 16:05:53.601    app     info:    [ipc-requests] Handling requests in the background
2023-11-27 16:05:54.606    app     info:    [ipc-requests] No longer handling requests in the background
2023-11-27 16:06:00.351    app     warn:    Could not connect to LogLite    [
  Error: connect ECONNREFUSED 127.0.0.1:3273
      at TCPConnectWrap.afterConnect [as oncomplete] (node:net:1247:16) {
    errno: -4078,
    code: 'ECONNREFUSED',
    syscall: 'connect',
    address: '127.0.0.1',
    port: 3273
  }
]
2023-11-27 16:06:05.010    app     info:    [ipc-requests] Handling requests in the background
2023-11-27 16:06:06.011    app     info:    [ipc-requests] No longer handling requests in the background
2023-11-27 16:06:15.976    app     info:    [ipc-requests] Handling requests in the background
2023-11-27 16:06:16.984    app     info:    [ipc-requests] No longer handling requests in the background
2023-11-27 16:06:20.849    app     info:    [ipc-requests] Handling requests in the background
2023-11-27 16:06:21.850    app     info:    [ipc-requests] No longer handling requests in the background
2023-11-27 16:06:47.792    app     info:    [ipc-requests] Handling requests in the background
2023-11-27 16:06:48.795    app     info:    [ipc-requests] No longer handling requests in the background
2023-11-27 16:06:49.809    app     info:    [ipc-requests] Handling requests in the background
2023-11-27 16:06:50.826    app     info:    [ipc-requests] No longer handling requests in the background
2023-11-27 16:07:26.976    app     info:    [ipc-requests] Handling requests in the background
2023-11-27 16:07:27.976    app     info:    [ipc-requests] No longer handling requests in the background
2023-11-27 16:07:28.963    app     info:    [ipc-requests] Handling requests in the background
2023-11-27 16:07:29.977    app     info:    [ipc-requests] No longer handling requests in the background
2023-11-27 16:09:56.310    app     info:    [ipc-requests] Handling requests in the background
2023-11-27 16:09:57.316    app     info:    [ipc-requests] No longer handling requests in the background
2023-11-27 16:09:58.713    app     info:    [ipc-requests] Handling requests in the background
2023-11-27 16:09:59.714    app     info:    [ipc-requests] No longer handling requests in the background
2023-11-27 16:10:30.164    app     info:    [self-update] Checking for a launcher update...
2023-11-27 16:10:30.417    app     info:    [server-manager] Starting refresh cycle for Tranquility
2023-11-27 16:10:30.488    app     info:    [self-update] Currently running the latest launcher version. Scheduling update check in 5 minutes.
2023-11-27 16:10:30.553    app     info:    [server-manager] Previous Tranquility build: 2434480, current build: 2434480
2023-11-27 16:10:30.554    app     info:    [server-manager] Tranquility build is unchanged.
2023-11-27 16:10:30.566    app     info:    [server-manager] Ready to play!
2023-11-27 16:10:30.571    app     info:    [server-manager] Finished refresh cycle for Tranquility
2023-11-27 16:10:47.301    app     info:    [elg-events] Sending event    eve_launcher.electron.authentication.LoginWindowClosed
2023-11-27 16:10:55.991    app     info:    [AuthenticationMiddleware] Character information for '17525312' on 'tranquility' was loaded recently, skipping refresh.
2023-11-27 16:10:55.991    app     info:    [AuthenticationMiddleware] Plex information for '17525312' on 'tranquility' was loaded recently, skipping refresh.
2023-11-27 16:11:58.958    app    error:    [authentication] Could not refresh token for '16492377' on 'tranquility' Tokens for '16492377' on 'tranquility' are invalid, refresh was skipped    h [InvalidTokenError]: Tokens for '16492377' on 'tranquility' are invalid, refresh was skipped
    at Y (C:\Users\Dmytro\AppData\Local\eve-online\app-0.4.9\resources\app.asar\.webpack\main\index.js:8:1448559)
    at C:\Users\Dmytro\AppData\Local\eve-online\app-0.4.9\resources\app.asar\.webpack\main\index.js:8:2319880
    at y (C:\Users\Dmytro\AppData\Local\eve-online\app-0.4.9\resources\app.asar\.webpack\main\index.js:8:616723)
    at b (C:\Users\Dmytro\AppData\Local\eve-online\app-0.4.9\resources\app.asar\.webpack\main\index.js:8:616779)
    at k (C:\Users\Dmytro\AppData\Local\eve-online\app-0.4.9\resources\app.asar\.webpack\main\index.js:8:617098)
    at C:\Users\Dmytro\AppData\Local\eve-online\app-0.4.9\resources\app.asar\.webpack\main\index.js:8:2323132
    at C:\Users\Dmytro\AppData\Local\eve-online\app-0.4.9\resources\app.asar\.webpack\main\index.js:8:2326289
    at C:\Users\Dmytro\AppData\Local\eve-online\app-0.4.9\resources\app.asar\.webpack\main\index.js:8:1821878
    at C:\Users\Dmytro\AppData\Local\eve-online\app-0.4.9\resources\app.asar\.webpack\main\index.js:8:2664317
    at C:\Users\Dmytro\AppData\Local\eve-online\app-0.4.9\resources\app.asar\.webpack\main\index.js:8:2666067
2023-11-27 16:11:58.964    app    error:    [AuthenticationMiddleware] Could not update data on active user change Tokens for '16492377' on 'tranquility' are invalid, refresh was skipped    h [InvalidTokenError]: Tokens for '16492377' on 'tranquility' are invalid, refresh was skipped
    at Y (C:\Users\Dmytro\AppData\Local\eve-online\app-0.4.9\resources\app.asar\.webpack\main\index.js:8:1448559)
    at C:\Users\Dmytro\AppData\Local\eve-online\app-0.4.9\resources\app.asar\.webpack\main\index.js:8:2319880
    at y (C:\Users\Dmytro\AppData\Local\eve-online\app-0.4.9\resources\app.asar\.webpack\main\index.js:8:616723)
    at b (C:\Users\Dmytro\AppData\Local\eve-online\app-0.4.9\resources\app.asar\.webpack\main\index.js:8:616779)
    at k (C:\Users\Dmytro\AppData\Local\eve-online\app-0.4.9\resources\app.asar\.webpack\main\index.js:8:617098)
    at C:\Users\Dmytro\AppData\Local\eve-online\app-0.4.9\resources\app.asar\.webpack\main\index.js:8:2323132
    at C:\Users\Dmytro\AppData\Local\eve-online\app-0.4.9\resources\app.asar\.webpack\main\index.js:8:2326289
    at C:\Users\Dmytro\AppData\Local\eve-online\app-0.4.9\resources\app.asar\.webpack\main\index.js:8:1821878
    at C:\Users\Dmytro\AppData\Local\eve-online\app-0.4.9\resources\app.asar\.webpack\main\index.js:8:2664317
    at C:\Users\Dmytro\AppData\Local\eve-online\app-0.4.9\resources\app.asar\.webpack\main\index.js:8:2666067
2023-11-27 16:12:01.821    app     info:    [authentication] Generated login URL with state 'U-ONSqiXmZR1o3ULaaIohy7AHt7h8lMvaIBnRzGjxE8' for 'tranquility' using clientID 'eveLauncherTQ'
2023-11-27 16:12:01.822    app     info:    [authentication-handler] Creating login window using URI https://login.eveonline.com/account/logoff?lang=en&ReturnUrl=%2Fv2%2Foauth%2Fauthorize%3Fresponse_type%3Dcode%26client_id%3DeveLauncherTQ%26scope%3DeveClientLogin%2Bcisservice.customerRead.v1%2Bcisservice.customerWrite.v1%2Bcisservice.userProfileBasic.v1%2Bvgs.transactionRead.v1%2Bvgs.marketAccess.v1%26redirect_uri%3Dhttps%253A%252F%252Flogin.eveonline.com%252Flauncher%253Fclient_id%253DeveLauncherTQ%26state%3DU-ONSqiXmZR1o3ULaaIohy7AHt7h8lMvaIBnRzGjxE8%26code_challenge_method%3DS256%26code_challenge%3D70N_GlNSahKvhwqGHiQy2QSlaGqHAu6xMEw6l2eBC5g
2023-11-27 16:12:02.127    app     info:    [elg-events] Sending event    eve_launcher.electron.authentication.LoginWindowOpened
2023-11-27 16:12:20.039    app     info:    [ipc-requests] Handling requests in the background
2023-11-27 16:12:21.041    app     info:    [ipc-requests] No longer handling requests in the background
2023-11-27 16:13:10.416    app     info:    [ipc-requests] Handling requests in the background
2023-11-27 16:13:11.417    app     info:    [ipc-requests] No longer handling requests in the background
2023-11-27 16:13:37.503    app     info:    [elg-events] Sending event    eve_launcher.electron.authentication.UserAuthenticated
2023-11-27 16:13:37.503    app     info:    [authentication-handler] Navigation to login completed, receiving code & state    {
  state: 'U-ONSqiXmZR1o3ULaaIohy7AHt7h8lMvaIBnRzGjxE8',
  code: 'bRKKNWMivEiHlq7bq3Kkyg'
}
2023-11-27 16:13:37.507    app     info:    [elg-events] Sending event    eve_launcher.electron.authentication.LoginWindowClosed
2023-11-27 16:13:37.674    app     info:    [elg-events] Sending event    eve_launcher.electron.authentication.UserTokensReceived
2023-11-27 16:13:37.675    app     info:    [customer-information] Getting character information for '16492377' on 'tranquility'
2023-11-27 16:13:37.675    app     info:    [customer-information] Getting Omega status for '16492377' on 'tranquility'
2023-11-27 16:13:37.675    app     info:    [virtual-goods] Getting Plex status for '16492377' on 'tranquility'
2023-11-27 16:13:37.685    app     info:    [feature-flags] Client properties have changed
2023-11-27 16:13:37.769    app     info:    [esi] Fetching character details for 2113875139, 2121174871
2023-11-27 16:13:37.780    app     info:    [feature-flags] Client properties have changed
2023-11-27 16:13:37.795    app     info:    [customer-information] Agreement status has been fetched for user '16492377'
2023-11-27 16:13:37.807    app     info:    info: [LaunchDarkly] Closing stream connection    []
2023-11-27 16:13:37.807    app     info:    info: [LaunchDarkly] Opening stream connection to https://clientstream.launchdarkly.com/eval/64c3d12e27a4b11365012d39/eyJrZXkiOiI0YTQzNmFkYi00Yjk5LTQwYTctODViMC00MmUyMDZmNDEyODYiLCJraW5kIjoidXNlciIsImN1c3RvbSI6eyJpc0ZpcnN0UnVuIjpmYWxzZSwiZGF5c1NpbmNlRmlyc3RSdW4iOjAsImxhbmd1YWdlIjoiZW4iLCJhcHBsaWNhdGlvbiI6ImV2ZS1vbmxpbmUiLCJ2ZXJzaW9uIjoiMC40LjkiLCJwbGF0Zm9ybSI6IndpbmRvd3MiLCJ1c2VySWRzIjpbMTY0OTIzNzcsMTc1MjUzMTJdLCJjaGFyYWN0ZXJJZHMiOlsyMTEzODc1MTM5LDIxMTQ2NTYxMjcsMjEyMTE3NDg3MSwyMTIxMTc4Mzk2XSwib21lZ2FDb3VudCI6MCwiYWxwaGFDb3VudCI6MiwiYWNjb3VudENvdW50IjoyLCJvbGRlc3RBY2NvdW50QWdlIjoxODQ4LCJ5b3VuZ2VzdEFjY291bnRBZ2UiOjE4NDh9fQ?withReasons=true    []
2023-11-27 16:13:37.808    app     info:    [feature-flags] Client identified with 11 new flags...
2023-11-27 16:13:38.272    app     info:    [virtual-goods] Fetched Plex status for '16492377' on 'tranquility'
2023-11-27 16:13:38.289    app     info:    [AuthenticationMiddleware] User information updated
2023-11-27 16:13:38.466    app     info:    [esi] Fetched 2 character details for 16492377
2023-11-27 16:13:42.858    app     info:    info: [LaunchDarkly] Closing stream connection    []
2023-11-27 16:13:42.859    app     info:    info: [LaunchDarkly] Opening stream connection to https://clientstream.launchdarkly.com/eval/64c3d12e27a4b11365012d39/eyJrZXkiOiI0YTQzNmFkYi00Yjk5LTQwYTctODViMC00MmUyMDZmNDEyODYiLCJraW5kIjoidXNlciIsImN1c3RvbSI6eyJpc0ZpcnN0UnVuIjpmYWxzZSwiZGF5c1NpbmNlRmlyc3RSdW4iOjAsImxhbmd1YWdlIjoiZW4iLCJhcHBsaWNhdGlvbiI6ImV2ZS1vbmxpbmUiLCJ2ZXJzaW9uIjoiMC40LjkiLCJwbGF0Zm9ybSI6IndpbmRvd3MiLCJ1c2VySWRzIjpbMTY0OTIzNzcsMTc1MjUzMTJdLCJjaGFyYWN0ZXJJZHMiOlsyMTEzODc1MTM5LDIxMTQ2NTYxMjcsMjEyMTE3NDg3MSwyMTIxMTc4Mzk2XSwib21lZ2FDb3VudCI6MCwiYWxwaGFDb3VudCI6MiwiYWNjb3VudENvdW50IjoyLCJvbGRlc3RBY2NvdW50QWdlIjoyMDkyLCJ5b3VuZ2VzdEFjY291bnRBZ2UiOjE4NDh9fQ?withReasons=true    []
2023-11-27 16:13:42.859    app     info:    [feature-flags] Client identified with 11 new flags...
2023-11-27 16:13:44.837    app     info:    [AuthenticationMiddleware] Character information for '17525312' on 'tranquility' was loaded recently, skipping refresh.
2023-11-27 16:13:44.837    app     info:    [AuthenticationMiddleware] Plex information for '17525312' on 'tranquility' was loaded recently, skipping refresh.
2023-11-27 16:13:49.841    app     info:    [client-queue] Queued client startup    {
  tenant: 'tranquility',
  userId: 17525312,
  characterId: 2121178396,
  profile: ''
}
2023-11-27 16:13:49.843    app     info:    [elg-events] Sending event    eve_launcher.electron.eve_client.ClientQueued
2023-11-27 16:13:49.843    app     info:    [client-queue] No clients running for tranquility, copying files before starting a client
2023-11-27 16:13:49.848    app     info:    [elg-events] Sending event    eve_launcher.electron.eve_client.CopyingFilesStarted
2023-11-27 16:13:49.849    app     info:    [binary-copier] Copying 198 files (213 MB) to 'C:\CCP\EVE Online\tq'
2023-11-27 16:13:49.888    app     info:    [binary-copier] Removing old binaries
2023-11-27 16:13:49.904    app     info:    [binary-copier] Copying binaries from ResFiles
2023-11-27 16:13:50.374    app     info:    [binary-copier] Finished copying 198 files to 'C:\CCP\EVE Online\tq' in 0.527 seconds
2023-11-27 16:13:50.375    app     info:    [elg-events] Sending event    eve_launcher.electron.eve_client.CopyingFilesFinished
2023-11-27 16:13:50.381    app     info:    [client-manager] Starting EVE Online game client.    C:\CCP\EVE Online\tq\bin64\exefile.exe    Map(11) {
  'noconsole' => '/noconsole',
  'server' => '/server:tranquility.servers.eveonline.com',
  'triplatform' => '/triplatform=dx12',
  'ssotoken' => '/ssoToken=***',
  'refreshtoken' => '/refreshToken=***',
  'settingsprofile' => '/settingsprofile=Default',
  'deviceid' => '/deviceID=4a436adb-4b99-40a7-85b0-42e206f41286',
  'autoselectcharacter' => '/autoSelectCharacter:2121178396',
  'language' => '/language=en',
  'exp' => '1701101731',
  'tokenExpires' => '2023-11-27 18:15:31.000'
}    17525312
2023-11-27 16:13:50.383    app     info:    [elg-events] Sending event    eve_launcher.electron.eve_client.GameClientStartRequested
2023-11-27 16:13:50.411    app     info:    [elg-events] Sending event    eve_launcher.electron.eve_client.TemporaryClientProcessAdded
2023-11-27 16:13:50.415    app     info:    [client-queue] Started client from group startup    {
  tenant: 'tranquility',
  characterId: 2121178396,
  profile: '',
  userId: 17525312
}
2023-11-27 16:13:50.928    app     info:    [elg-events] Sending event    eve_launcher.electron.eve_client.TemporaryClientProcessMonitoringRetried
2023-11-27 16:13:50.942    app     info:    [client-manager] Found 'tranquility' client for '17525312' running:     {
  processId: 11144,
  createdDate: 1701101630460,
  userId: 17525312,
  characterId: 2121178396,
  profile: 'Default',
  dxVersion: 'dx12'
}
2023-11-27 16:13:50.956    app     info:    [elg-events] Sending event    eve_launcher.electron.eve_client.GameClientStarted
2023-11-27 16:13:50.964    app     info:    [elg-events] Sending event    eve_launcher.electron.eve_client.TemporaryClientProcessRemoved
2023-11-27 16:13:51.431    app     info:    [client-queue] Queue has stopped running, no more clients pending startup.
2023-11-27 16:13:52.657    app     info:    [ipc-requests] Handling requests in the background
2023-11-27 16:13:53.667    app     info:    [ipc-requests] No longer handling requests in the background
2023-11-27 16:15:30.504    app     info:    [self-update] Checking for a launcher update...
2023-11-27 16:15:30.585    app     info:    [server-manager] Starting refresh cycle for Tranquility
2023-11-27 16:15:30.736    app     info:    [server-manager] Previous Tranquility build: 2434480, current build: 2434480
2023-11-27 16:15:30.736    app     info:    [server-manager] Tranquility build is unchanged.
2023-11-27 16:15:30.740    app     info:    [server-manager] Ready to play!
2023-11-27 16:15:30.743    app     info:    [server-manager] Finished refresh cycle for Tranquility
2023-11-27 16:15:30.798    app     info:    [self-update] Currently running the latest launcher version. Scheduling update check in 5 minutes.
2023-11-27 16:17:13.298    app     info:    [ipc-requests] Handling requests in the background
2023-11-27 16:17:14.299    app     info:    [ipc-requests] No longer handling requests in the background
2023-11-27 16:18:13.219    app     info:    [ipc-requests] Handling requests in the background
2023-11-27 16:18:14.231    app     info:    [ipc-requests] No longer handling requests in the background
2023-11-27 16:18:45.161    app     info:    [ipc-requests] Handling requests in the background
2023-11-27 16:18:46.174    app     info:    [ipc-requests] No longer handling requests in the background
2023-11-27 16:20:30.757    app     info:    [server-manager] Starting refresh cycle for Tranquility
2023-11-27 16:20:30.801    app     info:    [self-update] Checking for a launcher update...
2023-11-27 16:20:30.921    app     info:    [server-manager] Previous Tranquility build: 2434480, current build: 2434480
2023-11-27 16:20:30.921    app     info:    [server-manager] Tranquility build is unchanged.
2023-11-27 16:20:30.925    app     info:    [server-manager] Ready to play!
2023-11-27 16:20:30.927    app     info:    [server-manager] Finished refresh cycle for Tranquility
2023-11-27 16:20:31.092    app     info:    [self-update] Currently running the latest launcher version. Scheduling update check in 5 minutes.
2023-11-27 16:24:29.474    app     info:    [ipc-requests] Handling requests in the background
2023-11-27 16:24:30.486    app     info:    [ipc-requests] No longer handling requests in the background
2023-11-27 16:25:20.811    app     info:    [ipc-requests] Handling requests in the background
2023-11-27 16:25:21.826    app     info:    [ipc-requests] No longer handling requests in the background
2023-11-27 16:25:29.087    app     info:    [ipc-requests] Handling requests in the background
2023-11-27 16:25:30.092    app     info:    [ipc-requests] No longer handling requests in the background
2023-11-27 16:25:30.939    app     info:    [server-manager] Starting refresh cycle for Tranquility
2023-11-27 16:25:31.094    app     info:    [self-update] Checking for a launcher update...
2023-11-27 16:25:31.141    app     info:    [server-manager] Previous Tranquility build: 2434480, current build: 2434480
2023-11-27 16:25:31.142    app     info:    [server-manager] Tranquility build is unchanged.
2023-11-27 16:25:31.146    app     info:    [server-manager] Ready to play!
2023-11-27 16:25:31.149    app     info:    [server-manager] Finished refresh cycle for Tranquility
2023-11-27 16:25:31.387    app     info:    [self-update] Currently running the latest launcher version. Scheduling update check in 5 minutes.
2023-11-27 16:26:22.071    app     info:    [ipc-requests] Handling requests in the background
2023-11-27 16:26:23.070    app     info:    [ipc-requests] No longer handling requests in the background
2023-11-27 16:26:49.680    app     info:    [ipc-requests] Handling requests in the background
2023-11-27 16:26:50.681    app     info:    [ipc-requests] No longer handling requests in the background
2023-11-27 16:27:08.682    app     info:    [ipc-requests] Handling requests in the background
2023-11-27 16:27:09.687    app     info:    [ipc-requests] No longer handling requests in the background
2023-11-27 16:30:31.159    app     info:    [server-manager] Starting refresh cycle for Tranquility
2023-11-27 16:30:31.288    app     info:    [server-manager] Previous Tranquility build: 2434480, current build: 2434480
2023-11-27 16:30:31.288    app     info:    [server-manager] Tranquility build is unchanged.
2023-11-27 16:30:31.293    app     info:    [server-manager] Ready to play!
2023-11-27 16:30:31.295    app     info:    [server-manager] Finished refresh cycle for Tranquility
2023-11-27 16:30:31.394    app     info:    [self-update] Checking for a launcher update...
2023-11-27 16:30:31.695    app     info:    [self-update] Currently running the latest launcher version. Scheduling update check in 5 minutes.
2023-11-27 16:35:31.305    app     info:    [server-manager] Starting refresh cycle for Tranquility
2023-11-27 16:35:31.462    app     info:    [server-manager] Previous Tranquility build: 2434480, current build: 2434480
2023-11-27 16:35:31.462    app     info:    [server-manager] Tranquility build is unchanged.
2023-11-27 16:35:31.466    app     info:    [server-manager] Ready to play!
2023-11-27 16:35:31.468    app     info:    [server-manager] Finished refresh cycle for Tranquility
2023-11-27 16:35:31.708    app     info:    [self-update] Checking for a launcher update...
2023-11-27 16:35:32.004    app     info:    [self-update] Currently running the latest launcher version. Scheduling update check in 5 minutes.
2023-11-27 16:40:31.476    app     info:    [server-manager] Starting refresh cycle for Tranquility
2023-11-27 16:40:31.661    app     info:    [server-manager] Previous Tranquility build: 2434480, current build: 2434480
2023-11-27 16:40:31.661    app     info:    [server-manager] Tranquility build is unchanged.
2023-11-27 16:40:31.665    app     info:    [server-manager] Ready to play!
2023-11-27 16:40:31.668    app     info:    [server-manager] Finished refresh cycle for Tranquility
2023-11-27 16:40:32.006    app     info:    [self-update] Checking for a launcher update...
2023-11-27 16:40:32.304    app     info:    [self-update] Currently running the latest launcher version. Scheduling update check in 5 minutes.
2023-11-27 16:44:06.367    app     info:    [ipc-requests] Handling requests in the background
2023-11-27 16:44:07.379    app     info:    [ipc-requests] No longer handling requests in the background
2023-11-27 16:44:08.272    app     info:    [ipc-requests] Handling requests in the background
2023-11-27 16:44:09.272    app     info:    [ipc-requests] No longer handling requests in the background
2023-11-27 16:44:17.513    app     info:    [ipc-requests] Handling requests in the background
2023-11-27 16:44:18.518    app     info:    [ipc-requests] No longer handling requests in the background
2023-11-27 16:45:31.670    app     info:    [server-manager] Starting refresh cycle for Tranquility
2023-11-27 16:45:31.884    app     info:    [server-manager] Previous Tranquility build: 2434480, current build: 2434480
2023-11-27 16:45:31.884    app     info:    [server-manager] Tranquility build is unchanged.
2023-11-27 16:45:31.888    app     info:    [server-manager] Ready to play!
2023-11-27 16:45:31.890    app     info:    [server-manager] Finished refresh cycle for Tranquility
2023-11-27 16:45:32.309    app     info:    [self-update] Checking for a launcher update...
2023-11-27 16:45:32.604    app     info:    [self-update] Currently running the latest launcher version. Scheduling update check in 5 minutes.
2023-11-27 16:50:31.899    app     info:    [server-manager] Starting refresh cycle for Tranquility
2023-11-27 16:50:32.069    app     info:    [server-manager] Previous Tranquility build: 2434480, current build: 2434480
2023-11-27 16:50:32.069    app     info:    [server-manager] Tranquility build is unchanged.
2023-11-27 16:50:32.073    app     info:    [server-manager] Ready to play!
2023-11-27 16:50:32.075    app     info:    [server-manager] Finished refresh cycle for Tranquility
2023-11-27 16:50:32.615    app     info:    [self-update] Checking for a launcher update...
2023-11-27 16:50:32.909    app     info:    [self-update] Currently running the latest launcher version. Scheduling update check in 5 minutes.
2023-11-27 16:55:32.083    app     info:    [server-manager] Starting refresh cycle for Tranquility
2023-11-27 16:55:32.237    app     info:    [server-manager] Previous Tranquility build: 2434480, current build: 2434480
2023-11-27 16:55:32.237    app     info:    [server-manager] Tranquility build is unchanged.
2023-11-27 16:55:32.240    app     info:    [server-manager] Ready to play!
2023-11-27 16:55:32.243    app     info:    [server-manager] Finished refresh cycle for Tranquility
2023-11-27 16:55:32.911    app     info:    [self-update] Checking for a launcher update...
2023-11-27 16:55:33.211    app     info:    [self-update] Currently running the latest launcher version. Scheduling update check in 5 minutes.
2023-11-27 17:00:32.252    app     info:    [server-manager] Starting refresh cycle for Tranquility
2023-11-27 17:00:32.429    app     info:    [server-manager] Previous Tranquility build: 2434480, current build: 2434480
2023-11-27 17:00:32.429    app     info:    [server-manager] Tranquility build is unchanged.
2023-11-27 17:00:32.433    app     info:    [server-manager] Ready to play!
2023-11-27 17:00:32.436    app     info:    [server-manager] Finished refresh cycle for Tranquility
2023-11-27 17:00:33.221    app     info:    [self-update] Checking for a launcher update...
2023-11-27 17:00:33.518    app     info:    [self-update] Currently running the latest launcher version. Scheduling update check in 5 minutes.
2023-11-27 17:02:23.712    app     info:    [ipc-requests] Handling requests in the background
2023-11-27 17:02:24.718    app     info:    [ipc-requests] No longer handling requests in the background
2023-11-27 17:02:30.464    app     info:    [ipc-requests] Handling requests in the background
2023-11-27 17:02:31.465    app     info:    [ipc-requests] No longer handling requests in the background
2023-11-27 17:05:02.672    app     info:    [ipc-requests] Handling requests in the background
2023-11-27 17:05:03.680    app     info:    [ipc-requests] No longer handling requests in the background
2023-11-27 17:05:26.648    app     info:    [ipc-requests] Handling requests in the background
2023-11-27 17:05:27.650    app     info:    [ipc-requests] No longer handling requests in the background
2023-11-27 17:05:29.440    app     info:    [ipc-requests] Handling requests in the background
2023-11-27 17:05:30.296    app     info:    [ipc-requests] Handling requests in the background
2023-11-27 17:05:30.451    app     info:    [ipc-requests] No longer handling requests in the background
2023-11-27 17:05:31.311    app     info:    [ipc-requests] No longer handling requests in the background
2023-11-27 17:05:32.440    app     info:    [server-manager] Starting refresh cycle for Tranquility
2023-11-27 17:05:32.569    app     info:    [server-manager] Previous Tranquility build: 2434480, current build: 2434480
2023-11-27 17:05:32.569    app     info:    [server-manager] Tranquility build is unchanged.
2023-11-27 17:05:32.573    app     info:    [server-manager] Ready to play!
2023-11-27 17:05:32.575    app     info:    [server-manager] Finished refresh cycle for Tranquility
2023-11-27 17:05:33.534    app     info:    [self-update] Checking for a launcher update...
2023-11-27 17:05:33.833    app     info:    [self-update] Currently running the latest launcher version. Scheduling update check in 5 minutes.
2023-11-27 17:10:32.590    app     info:    [server-manager] Starting refresh cycle for Tranquility
2023-11-27 17:10:32.746    app     info:    [server-manager] Previous Tranquility build: 2434480, current build: 2434480
2023-11-27 17:10:32.746    app     info:    [server-manager] Tranquility build is unchanged.
2023-11-27 17:10:32.749    app     info:    [server-manager] Ready to play!
2023-11-27 17:10:32.752    app     info:    [server-manager] Finished refresh cycle for Tranquility
2023-11-27 17:10:33.837    app     info:    [self-update] Checking for a launcher update...
2023-11-27 17:10:34.139    app     info:    [self-update] Currently running the latest launcher version. Scheduling update check in 5 minutes.
2023-11-27 17:14:06.208    app     info:    [creatives] Requesting creatives
2023-11-27 17:14:06.332    app     info:    [creatives] Received 3 creatives
2023-11-27 17:14:06.813    app     info:    [ipc-requests] Handling requests in the background
2023-11-27 17:14:07.389    app     info:    [ipc-requests] Handling requests in the background
2023-11-27 17:14:07.829    app     info:    [ipc-requests] No longer handling requests in the background
2023-11-27 17:14:08.394    app     info:    [ipc-requests] No longer handling requests in the background
2023-11-27 17:14:31.664    app     info:    [ipc-requests] Handling requests in the background
2023-11-27 17:14:32.669    app     info:    [ipc-requests] No longer handling requests in the background
2023-11-27 17:15:32.758    app     info:    [server-manager] Starting refresh cycle for Tranquility
2023-11-27 17:15:32.876    app     info:    [server-manager] Previous Tranquility build: 2434480, current build: 2434480
2023-11-27 17:15:32.876    app     info:    [server-manager] Tranquility build is unchanged.
2023-11-27 17:15:32.879    app     info:    [server-manager] Ready to play!
2023-11-27 17:15:32.882    app     info:    [server-manager] Finished refresh cycle for Tranquility
2023-11-27 17:15:34.142    app     info:    [self-update] Checking for a launcher update...
2023-11-27 17:15:34.446    app     info:    [self-update] Currently running the latest launcher version. Scheduling update check in 5 minutes.
2023-11-27 17:20:08.315    app     info:    [ipc-requests] Handling requests in the background
2023-11-27 17:20:09.321    app     info:    [ipc-requests] No longer handling requests in the background
2023-11-27 17:20:16.256    app     info:    [ipc-requests] Handling requests in the background
2023-11-27 17:20:17.261    app     info:    [ipc-requests] No longer handling requests in the background
2023-11-27 17:20:32.884    app     info:    [server-manager] Starting refresh cycle for Tranquility
2023-11-27 17:20:33.050    app     info:    [server-manager] Previous Tranquility build: 2434480, current build: 2434480
2023-11-27 17:20:33.050    app     info:    [server-manager] Tranquility build is unchanged.
2023-11-27 17:20:33.054    app     info:    [server-manager] Ready to play!
2023-11-27 17:20:33.057    app     info:    [server-manager] Finished refresh cycle for Tranquility
2023-11-27 17:20:34.460    app     info:    [self-update] Checking for a launcher update...
2023-11-27 17:20:34.769    app     info:    [self-update] Currently running the latest launcher version. Scheduling update check in 5 minutes.
2023-11-27 17:22:36.185    app     info:    [ipc-requests] Handling requests in the background
2023-11-27 17:22:37.196    app     info:    [ipc-requests] No longer handling requests in the background
2023-11-27 17:23:13.407    app     info:    [ipc-requests] Handling requests in the background
2023-11-27 17:23:14.412    app     info:    [ipc-requests] No longer handling requests in the background
2023-11-27 17:24:44.671    app     info:    [ipc-requests] Handling requests in the background
2023-11-27 17:24:45.678    app     info:    [ipc-requests] No longer handling requests in the background
2023-11-27 17:25:33.062    app     info:    [server-manager] Starting refresh cycle for Tranquility
2023-11-27 17:25:33.179    app     info:    [server-manager] Previous Tranquility build: 2434480, current build: 2434480
2023-11-27 17:25:33.179    app     info:    [server-manager] Tranquility build is unchanged.
2023-11-27 17:25:33.183    app     info:    [server-manager] Ready to play!
2023-11-27 17:25:33.186    app     info:    [server-manager] Finished refresh cycle for Tranquility
2023-11-27 17:25:34.779    app     info:    [self-update] Checking for a launcher update...
2023-11-27 17:25:35.069    app     info:    [self-update] Currently running the latest launcher version. Scheduling update check in 5 minutes.
2023-11-27 17:29:49.254    app     info:    [ipc-requests] Handling requests in the background
2023-11-27 17:29:50.255    app     info:    [ipc-requests] No longer handling requests in the background
2023-11-27 17:30:33.188    app     info:    [server-manager] Starting refresh cycle for Tranquility
2023-11-27 17:30:33.334    app     info:    [server-manager] Previous Tranquility build: 2434480, current build: 2434480
2023-11-27 17:30:33.334    app     info:    [server-manager] Tranquility build is unchanged.
2023-11-27 17:30:33.338    app     info:    [server-manager] Ready to play!
2023-11-27 17:30:33.340    app     info:    [server-manager] Finished refresh cycle for Tranquility
2023-11-27 17:30:35.082    app     info:    [self-update] Checking for a launcher update...
2023-11-27 17:30:35.359    app     info:    [self-update] Currently running the latest launcher version. Scheduling update check in 5 minutes.
2023-11-27 17:30:53.401    app     info:    [ipc-requests] Handling requests in the background
2023-11-27 17:30:54.405    app     info:    [ipc-requests] No longer handling requests in the background
2023-11-27 17:31:53.985    app     info:    [ipc-requests] Handling requests in the background
2023-11-27 17:31:54.986    app     info:    [ipc-requests] No longer handling requests in the background
2023-11-27 17:32:10.803    app     info:    [ipc-requests] Handling requests in the background
2023-11-27 17:32:11.808    app     info:    [ipc-requests] No longer handling requests in the background
2023-11-27 17:35:30.065    app     info:    [ipc-requests] Handling requests in the background
2023-11-27 17:35:31.072    app     info:    [ipc-requests] No longer handling requests in the background
2023-11-27 17:35:33.349    app     info:    [server-manager] Starting refresh cycle for Tranquility
2023-11-27 17:35:33.507    app     info:    [server-manager] Previous Tranquility build: 2434480, current build: 2434480
2023-11-27 17:35:33.508    app     info:    [server-manager] Tranquility build is unchanged.
2023-11-27 17:35:33.512    app     info:    [server-manager] Ready to play!
2023-11-27 17:35:33.514    app     info:    [server-manager] Finished refresh cycle for Tranquility
2023-11-27 17:35:35.374    app     info:    [self-update] Checking for a launcher update...
2023-11-27 17:35:35.676    app     info:    [self-update] Currently running the latest launcher version. Scheduling update check in 5 minutes.
2023-11-27 17:37:01.184    app     info:    [ipc-requests] Handling requests in the background
2023-11-27 17:37:02.184    app     info:    [ipc-requests] No longer handling requests in the background
2023-11-27 17:40:33.526    app     info:    [server-manager] Starting refresh cycle for Tranquility
2023-11-27 17:40:33.670    app     info:    [server-manager] Previous Tranquility build: 2434480, current build: 2434480
2023-11-27 17:40:33.670    app     info:    [server-manager] Tranquility build is unchanged.
2023-11-27 17:40:33.674    app     info:    [server-manager] Ready to play!
2023-11-27 17:40:33.677    app     info:    [server-manager] Finished refresh cycle for Tranquility
2023-11-27 17:40:35.690    app     info:    [self-update] Checking for a launcher update...
2023-11-27 17:40:35.995    app     info:    [self-update] Currently running the latest launcher version. Scheduling update check in 5 minutes.
2023-11-27 17:45:33.684    app     info:    [server-manager] Starting refresh cycle for Tranquility
2023-11-27 17:45:33.808    app     info:    [server-manager] Previous Tranquility build: 2434480, current build: 2434480
2023-11-27 17:45:33.808    app     info:    [server-manager] Tranquility build is unchanged.
2023-11-27 17:45:33.812    app     info:    [server-manager] Ready to play!
2023-11-27 17:45:33.814    app     info:    [server-manager] Finished refresh cycle for Tranquility
2023-11-27 17:45:36.008    app     info:    [self-update] Checking for a launcher update...
2023-11-27 17:45:36.322    app     info:    [self-update] Currently running the latest launcher version. Scheduling update check in 5 minutes.
2023-11-27 17:50:33.817    app     info:    [server-manager] Starting refresh cycle for Tranquility
2023-11-27 17:50:33.986    app     info:    [server-manager] Previous Tranquility build: 2434480, current build: 2434480
2023-11-27 17:50:33.986    app     info:    [server-manager] Tranquility build is unchanged.
2023-11-27 17:50:33.989    app     info:    [server-manager] Ready to play!
2023-11-27 17:50:33.992    app     info:    [server-manager] Finished refresh cycle for Tranquility
2023-11-27 17:50:36.324    app     info:    [self-update] Checking for a launcher update...
2023-11-27 17:50:36.621    app     info:    [self-update] Currently running the latest launcher version. Scheduling update check in 5 minutes.
2023-11-27 17:53:25.453    app     info:    [ipc-requests] Handling requests in the background
2023-11-27 17:53:26.460    app     info:    [ipc-requests] No longer handling requests in the background
2023-11-27 17:55:34.008    app     info:    [server-manager] Starting refresh cycle for Tranquility
2023-11-27 17:55:34.140    app     info:    [server-manager] Previous Tranquility build: 2434480, current build: 2434480
2023-11-27 17:55:34.140    app     info:    [server-manager] Tranquility build is unchanged.
2023-11-27 17:55:34.144    app     info:    [server-manager] Ready to play!
2023-11-27 17:55:34.147    app     info:    [server-manager] Finished refresh cycle for Tranquility
2023-11-27 17:55:36.629    app     info:    [self-update] Checking for a launcher update...
2023-11-27 17:55:36.915    app     info:    [self-update] Currently running the latest launcher version. Scheduling update check in 5 minutes.
2023-11-27 17:58:59.741    app     info:    [ipc-requests] Handling requests in the background
2023-11-27 17:59:00.754    app     info:    [ipc-requests] No longer handling requests in the background
2023-11-27 18:00:34.156    app     info:    [server-manager] Starting refresh cycle for Tranquility
2023-11-27 18:00:34.288    app     info:    [server-manager] Previous Tranquility build: 2434480, current build: 2434480
2023-11-27 18:00:34.289    app     info:    [server-manager] Tranquility build is unchanged.
2023-11-27 18:00:34.292    app     info:    [server-manager] Ready to play!
2023-11-27 18:00:34.294    app     info:    [server-manager] Finished refresh cycle for Tranquility
2023-11-27 18:00:36.926    app     info:    [self-update] Checking for a launcher update...
2023-11-27 18:00:37.202    app     info:    [self-update] Currently running the latest launcher version. Scheduling update check in 5 minutes.
2023-11-27 18:05:34.302    app     info:    [server-manager] Starting refresh cycle for Tranquility
2023-11-27 18:05:34.424    app     info:    [server-manager] Previous Tranquility build: 2434480, current build: 2434480
2023-11-27 18:05:34.424    app     info:    [server-manager] Tranquility build is unchanged.
2023-11-27 18:05:34.428    app     info:    [server-manager] Ready to play!
2023-11-27 18:05:34.430    app     info:    [server-manager] Finished refresh cycle for Tranquility
2023-11-27 18:05:37.215    app     info:    [self-update] Checking for a launcher update...
2023-11-27 18:05:37.512    app     info:    [self-update] Currently running the latest launcher version. Scheduling update check in 5 minutes.
2023-11-27 18:10:34.432    app     info:    [server-manager] Starting refresh cycle for Tranquility
2023-11-27 18:10:34.604    app     info:    [server-manager] Previous Tranquility build: 2434480, current build: 2434480
2023-11-27 18:10:34.604    app     info:    [server-manager] Tranquility build is unchanged.
2023-11-27 18:10:34.607    app     info:    [server-manager] Ready to play!
2023-11-27 18:10:34.610    app     info:    [server-manager] Finished refresh cycle for Tranquility
2023-11-27 18:10:37.516    app     info:    [self-update] Checking for a launcher update...
2023-11-27 18:10:37.814    app     info:    [self-update] Currently running the latest launcher version. Scheduling update check in 5 minutes.
2023-11-27 18:15:34.614    app     info:    [server-manager] Starting refresh cycle for Tranquility
2023-11-27 18:15:35.012    app     info:    [server-manager] Previous Tranquility build: 2434480, current build: 2434480
2023-11-27 18:15:35.012    app     info:    [server-manager] Tranquility build is unchanged.
2023-11-27 18:15:35.016    app     info:    [server-manager] Ready to play!
2023-11-27 18:15:35.018    app     info:    [server-manager] Finished refresh cycle for Tranquility
2023-11-27 18:15:37.818    app     info:    [self-update] Checking for a launcher update...
2023-11-27 18:15:38.110    app     info:    [self-update] Currently running the latest launcher version. Scheduling update check in 5 minutes.
2023-11-27 18:20:35.019    app     info:    [server-manager] Starting refresh cycle for Tranquility
2023-11-27 18:20:35.162    app     info:    [server-manager] Previous Tranquility build: 2434480, current build: 2434480
2023-11-27 18:20:35.163    app     info:    [server-manager] Tranquility build is unchanged.
2023-11-27 18:20:35.166    app     info:    [server-manager] Ready to play!
2023-11-27 18:20:35.169    app     info:    [server-manager] Finished refresh cycle for Tranquility
2023-11-27 18:20:38.115    app     info:    [self-update] Checking for a launcher update...
2023-11-27 18:20:38.421    app     info:    [self-update] Currently running the latest launcher version. Scheduling update check in 5 minutes.
2023-11-27 18:25:35.172    app     info:    [server-manager] Starting refresh cycle for Tranquility
2023-11-27 18:25:35.309    app     info:    [server-manager] Previous Tranquility build: 2434480, current build: 2434480
2023-11-27 18:25:35.309    app     info:    [server-manager] Tranquility build is unchanged.
2023-11-27 18:25:35.313    app     info:    [server-manager] Ready to play!
2023-11-27 18:25:35.316    app     info:    [server-manager] Finished refresh cycle for Tranquility
2023-11-27 18:25:38.426    app     info:    [self-update] Checking for a launcher update...
2023-11-27 18:25:38.708    app     info:    [self-update] Currently running the latest launcher version. Scheduling update check in 5 minutes.
2023-11-27 18:26:40.365    app     info:    [creatives] Requesting creatives
2023-11-27 18:26:40.494    app     info:    [creatives] Received 3 creatives
2023-11-27 18:26:42.042    app     info:    [ipc-requests] Handling requests in the background
2023-11-27 18:26:43.053    app     info:    [ipc-requests] No longer handling requests in the background
2023-11-27 18:28:32.561    app     info:    [ipc-requests] Handling requests in the background
2023-11-27 18:28:33.562    app     info:    [ipc-requests] No longer handling requests in the background
2023-11-27 18:30:35.318    app     info:    [server-manager] Starting refresh cycle for Tranquility
2023-11-27 18:30:35.523    app     info:    [server-manager] Previous Tranquility build: 2434480, current build: 2434480
2023-11-27 18:30:35.523    app     info:    [server-manager] Tranquility build is unchanged.
2023-11-27 18:30:35.527    app     info:    [server-manager] Ready to play!
2023-11-27 18:30:35.530    app     info:    [server-manager] Finished refresh cycle for Tranquility
2023-11-27 18:30:38.709    app     info:    [self-update] Checking for a launcher update...
2023-11-27 18:30:39.011    app     info:    [self-update] Currently running the latest launcher version. Scheduling update check in 5 minutes.
2023-11-27 18:35:35.533    app     info:    [server-manager] Starting refresh cycle for Tranquility
2023-11-27 18:35:35.707    app     info:    [server-manager] Previous Tranquility build: 2434480, current build: 2434480
2023-11-27 18:35:35.707    app     info:    [server-manager] Tranquility build is unchanged.
2023-11-27 18:35:35.710    app     info:    [server-manager] Ready to play!
2023-11-27 18:35:35.712    app     info:    [server-manager] Finished refresh cycle for Tranquility
2023-11-27 18:35:39.014    app     info:    [self-update] Checking for a launcher update...
2023-11-27 18:35:39.296    app     info:    [self-update] Currently running the latest launcher version. Scheduling update check in 5 minutes.
2023-11-27 18:40:35.722    app     info:    [server-manager] Starting refresh cycle for Tranquility
2023-11-27 18:40:35.861    app     info:    [server-manager] Previous Tranquility build: 2434480, current build: 2434480
2023-11-27 18:40:35.861    app     info:    [server-manager] Tranquility build is unchanged.
2023-11-27 18:40:35.866    app     info:    [server-manager] Ready to play!
2023-11-27 18:40:35.868    app     info:    [server-manager] Finished refresh cycle for Tranquility
2023-11-27 18:40:39.303    app     info:    [self-update] Checking for a launcher update...
2023-11-27 18:40:39.601    app     info:    [self-update] Currently running the latest launcher version. Scheduling update check in 5 minutes.
2023-11-27 18:45:35.881    app     info:    [server-manager] Starting refresh cycle for Tranquility
2023-11-27 18:45:36.003    app     info:    [server-manager] Previous Tranquility build: 2434480, current build: 2434480
2023-11-27 18:45:36.003    app     info:    [server-manager] Tranquility build is unchanged.
2023-11-27 18:45:36.006    app     info:    [server-manager] Ready to play!
2023-11-27 18:45:36.008    app     info:    [server-manager] Finished refresh cycle for Tranquility
2023-11-27 18:45:39.603    app     info:    [self-update] Checking for a launcher update...
2023-11-27 18:45:39.895    app     info:    [self-update] Currently running the latest launcher version. Scheduling update check in 5 minutes.
2023-11-27 18:50:36.021    app     info:    [server-manager] Starting refresh cycle for Tranquility
2023-11-27 18:50:36.583    app     info:    [server-manager] Previous Tranquility build: 2434480, current build: 2434480
2023-11-27 18:50:36.583    app     info:    [server-manager] Tranquility build is unchanged.
2023-11-27 18:50:36.586    app     info:    [server-manager] Ready to play!
2023-11-27 18:50:36.589    app     info:    [server-manager] Finished refresh cycle for Tranquility
2023-11-27 18:50:39.896    app     info:    [self-update] Checking for a launcher update...
2023-11-27 18:50:40.209    app     info:    [self-update] Currently running the latest launcher version. Scheduling update check in 5 minutes.
2023-11-27 18:55:36.605    app     info:    [server-manager] Starting refresh cycle for Tranquility
2023-11-27 18:55:36.733    app     info:    [server-manager] Previous Tranquility build: 2434480, current build: 2434480
2023-11-27 18:55:36.733    app     info:    [server-manager] Tranquility build is unchanged.
2023-11-27 18:55:36.736    app     info:    [server-manager] Ready to play!
2023-11-27 18:55:36.739    app     info:    [server-manager] Finished refresh cycle for Tranquility
2023-11-27 18:55:40.223    app     info:    [self-update] Checking for a launcher update...
2023-11-27 18:55:40.499    app     info:    [self-update] Currently running the latest launcher version. Scheduling update check in 5 minutes.
2023-11-27 19:00:36.742    app     info:    [server-manager] Starting refresh cycle for Tranquility
2023-11-27 19:00:36.868    app     info:    [server-manager] Previous Tranquility build: 2434480, current build: 2434480
2023-11-27 19:00:36.868    app     info:    [server-manager] Tranquility build is unchanged.
2023-11-27 19:00:36.872    app     info:    [server-manager] Ready to play!
2023-11-27 19:00:36.874    app     info:    [server-manager] Finished refresh cycle for Tranquility
2023-11-27 19:00:40.515    app     info:    [self-update] Checking for a launcher update...
2023-11-27 19:00:40.788    app     info:    [self-update] Currently running the latest launcher version. Scheduling update check in 5 minutes.
2023-11-27 19:02:17.985    app     info:    [ipc-requests] Handling requests in the background
2023-11-27 19:02:18.988    app     info:    [ipc-requests] No longer handling requests in the background
2023-11-27 19:02:20.032    app     info:    [ipc-requests] Handling requests in the background
2023-11-27 19:02:21.047    app     info:    [ipc-requests] No longer handling requests in the background
2023-11-27 19:03:56.670    app     info:    [ipc-requests] Handling requests in the background
2023-11-27 19:03:57.676    app     info:    [ipc-requests] No longer handling requests in the background
2023-11-27 19:05:36.886    app     info:    [server-manager] Starting refresh cycle for Tranquility
2023-11-27 19:05:37.027    app     info:    [server-manager] Previous Tranquility build: 2434480, current build: 2434480
2023-11-27 19:05:37.027    app     info:    [server-manager] Tranquility build is unchanged.
2023-11-27 19:05:37.031    app     info:    [server-manager] Ready to play!
2023-11-27 19:05:37.034    app     info:    [server-manager] Finished refresh cycle for Tranquility
2023-11-27 19:05:40.791    app     info:    [self-update] Checking for a launcher update...
2023-11-27 19:05:41.090    app     info:    [self-update] Currently running the latest launcher version. Scheduling update check in 5 minutes.
2023-11-27 19:10:37.045    app     info:    [server-manager] Starting refresh cycle for Tranquility
2023-11-27 19:10:37.149    app     info:    [server-manager] Previous Tranquility build: 2434480, current build: 2434480
2023-11-27 19:10:37.149    app     info:    [server-manager] Tranquility build is unchanged.
2023-11-27 19:10:37.152    app     info:    [server-manager] Ready to play!
2023-11-27 19:10:37.155    app     info:    [server-manager] Finished refresh cycle for Tranquility
2023-11-27 19:10:41.097    app     info:    [self-update] Checking for a launcher update...
2023-11-27 19:10:41.373    app     info:    [self-update] Currently running the latest launcher version. Scheduling update check in 5 minutes.
2023-11-27 19:12:56.303    app     info:    [ipc-requests] Handling requests in the background
2023-11-27 19:12:57.316    app     info:    [ipc-requests] No longer handling requests in the background
2023-11-27 19:15:12.614    app     info:    [ipc-requests] Handling requests in the background
2023-11-27 19:15:13.620    app     info:    [ipc-requests] No longer handling requests in the background
2023-11-27 19:15:37.162    app     info:    [server-manager] Starting refresh cycle for Tranquility
2023-11-27 19:15:37.275    app     info:    [server-manager] Previous Tranquility build: 2434480, current build: 2434480
2023-11-27 19:15:37.275    app     info:    [server-manager] Tranquility build is unchanged.
2023-11-27 19:15:37.279    app     info:    [server-manager] Ready to play!
2023-11-27 19:15:37.282    app     info:    [server-manager] Finished refresh cycle for Tranquility
2023-11-27 19:15:41.377    app     info:    [self-update] Checking for a launcher update...
2023-11-27 19:15:41.668    app     info:    [self-update] Currently running the latest launcher version. Scheduling update check in 5 minutes.
2023-11-27 19:19:16.156    app     info:    [ipc-requests] Handling requests in the background
2023-11-27 19:19:17.157    app     info:    [ipc-requests] No longer handling requests in the background
2023-11-27 19:19:54.153    app     info:    [ipc-requests] Handling requests in the background
2023-11-27 19:19:55.164    app     info:    [ipc-requests] No longer handling requests in the background
2023-11-27 19:20:37.287    app     info:    [server-manager] Starting refresh cycle for Tranquility
2023-11-27 19:20:37.402    app     info:    [server-manager] Previous Tranquility build: 2434480, current build: 2434480
2023-11-27 19:20:37.402    app     info:    [server-manager] Tranquility build is unchanged.
2023-11-27 19:20:37.406    app     info:    [server-manager] Ready to play!
2023-11-27 19:20:37.409    app     info:    [server-manager] Finished refresh cycle for Tranquility
2023-11-27 19:20:41.672    app     info:    [self-update] Checking for a launcher update...
2023-11-27 19:20:41.965    app     info:    [self-update] Currently running the latest launcher version. Scheduling update check in 5 minutes.
2023-11-27 19:22:56.137    app     info:    [ipc-requests] Handling requests in the background
2023-11-27 19:22:57.144    app     info:    [ipc-requests] No longer handling requests in the background
2023-11-27 19:25:01.947    app     info:    [ipc-requests] Handling requests in the background
2023-11-27 19:25:02.952    app     info:    [ipc-requests] No longer handling requests in the background
2023-11-27 19:25:16.457    app     info:    [ipc-requests] Handling requests in the background
2023-11-27 19:25:17.459    app     info:    [ipc-requests] No longer handling requests in the background
2023-11-27 19:25:37.423    app     info:    [server-manager] Starting refresh cycle for Tranquility
2023-11-27 19:25:37.582    app     info:    [server-manager] Previous Tranquility build: 2434480, current build: 2434480
2023-11-27 19:25:37.582    app     info:    [server-manager] Tranquility build is unchanged.
2023-11-27 19:25:37.586    app     info:    [server-manager] Ready to play!
2023-11-27 19:25:37.588    app     info:    [server-manager] Finished refresh cycle for Tranquility
2023-11-27 19:25:41.975    app     info:    [self-update] Checking for a launcher update...
2023-11-27 19:25:42.272    app     info:    [self-update] Currently running the latest launcher version. Scheduling update check in 5 minutes.
2023-11-27 19:26:06.920    app     info:    [ipc-requests] Handling requests in the background
2023-11-27 19:26:07.924    app     info:    [ipc-requests] No longer handling requests in the background
2023-11-27 19:26:29.496    app     info:    [ipc-requests] Handling requests in the background
2023-11-27 19:26:30.506    app     info:    [ipc-requests] No longer handling requests in the background
2023-11-27 19:26:53.647    app     info:    [creatives] Requesting creatives
2023-11-27 19:26:53.766    app     info:    [creatives] Received 3 creatives
2023-11-27 19:26:53.953    app     info:    [ipc-requests] Handling requests in the background
2023-11-27 19:26:54.963    app     info:    [ipc-requests] No longer handling requests in the background
2023-11-27 19:28:11.141    app     info:    [ipc-requests] Handling requests in the background
2023-11-27 19:28:12.156    app     info:    [ipc-requests] No longer handling requests in the background
2023-11-27 19:28:25.092    app     info:    [ipc-requests] Handling requests in the background
2023-11-27 19:28:26.101    app     info:    [ipc-requests] No longer handling requests in the background
2023-11-27 19:29:05.276    app     info:    [ipc-requests] Handling requests in the background
2023-11-27 19:29:06.285    app     info:    [ipc-requests] No longer handling requests in the background
2023-11-27 19:30:37.597    app     info:    [server-manager] Starting refresh cycle for Tranquility
2023-11-27 19:30:37.744    app     info:    [server-manager] Previous Tranquility build: 2434480, current build: 2434480
2023-11-27 19:30:37.744    app     info:    [server-manager] Tranquility build is unchanged.
2023-11-27 19:30:37.749    app     info:    [server-manager] Ready to play!
2023-11-27 19:30:37.751    app     info:    [server-manager] Finished refresh cycle for Tranquility
2023-11-27 19:30:42.286    app     info:    [self-update] Checking for a launcher update...
2023-11-27 19:30:42.584    app     info:    [self-update] Currently running the latest launcher version. Scheduling update check in 5 minutes.
2023-11-27 19:35:37.768    app     info:    [server-manager] Starting refresh cycle for Tranquility
2023-11-27 19:35:37.879    app     info:    [server-manager] Previous Tranquility build: 2434480, current build: 2434480
2023-11-27 19:35:37.880    app     info:    [server-manager] Tranquility build is unchanged.
2023-11-27 19:35:37.883    app     info:    [server-manager] Ready to play!
2023-11-27 19:35:37.886    app     info:    [server-manager] Finished refresh cycle for Tranquility
2023-11-27 19:35:42.589    app     info:    [self-update] Checking for a launcher update...
2023-11-27 19:35:42.872    app     info:    [self-update] Currently running the latest launcher version. Scheduling update check in 5 minutes.
2023-11-27 19:40:37.892    app     info:    [server-manager] Starting refresh cycle for Tranquility
2023-11-27 19:40:38.710    app     info:    [server-manager] Previous Tranquility build: 2434480, current build: 2434480
2023-11-27 19:40:38.710    app     info:    [server-manager] Tranquility build is unchanged.
2023-11-27 19:40:38.713    app     info:    [server-manager] Ready to play!
2023-11-27 19:40:38.716    app     info:    [server-manager] Finished refresh cycle for Tranquility
2023-11-27 19:40:42.885    app     info:    [self-update] Checking for a launcher update...
2023-11-27 19:40:43.163    app     info:    [self-update] Currently running the latest launcher version. Scheduling update check in 5 minutes.
2023-11-27 19:45:38.721    app     info:    [server-manager] Starting refresh cycle for Tranquility
2023-11-27 19:45:38.867    app     info:    [server-manager] Previous Tranquility build: 2434480, current build: 2434480
2023-11-27 19:45:38.867    app     info:    [server-manager] Tranquility build is unchanged.
2023-11-27 19:45:38.871    app     info:    [server-manager] Ready to play!
2023-11-27 19:45:38.874    app     info:    [server-manager] Finished refresh cycle for Tranquility
2023-11-27 19:45:43.173    app     info:    [self-update] Checking for a launcher update...
2023-11-27 19:45:43.466    app     info:    [self-update] Currently running the latest launcher version. Scheduling update check in 5 minutes.
2023-11-27 19:50:38.880    app     info:    [server-manager] Starting refresh cycle for Tranquility
2023-11-27 19:50:39.027    app     info:    [server-manager] Previous Tranquility build: 2434480, current build: 2434480
2023-11-27 19:50:39.028    app     info:    [server-manager] Tranquility build is unchanged.
2023-11-27 19:50:39.032    app     info:    [server-manager] Ready to play!
2023-11-27 19:50:39.035    app     info:    [server-manager] Finished refresh cycle for Tranquility
2023-11-27 19:50:43.468    app     info:    [self-update] Checking for a launcher update...
2023-11-27 19:50:43.746    app     info:    [self-update] Currently running the latest launcher version. Scheduling update check in 5 minutes.
2023-11-27 19:55:39.047    app     info:    [server-manager] Starting refresh cycle for Tranquility
2023-11-27 19:55:39.224    app     info:    [server-manager] Previous Tranquility build: 2434480, current build: 2434480
2023-11-27 19:55:39.224    app     info:    [server-manager] Tranquility build is unchanged.
2023-11-27 19:55:39.229    app     info:    [server-manager] Ready to play!
2023-11-27 19:55:39.231    app     info:    [server-manager] Finished refresh cycle for Tranquility
2023-11-27 19:55:43.753    app     info:    [self-update] Checking for a launcher update...
2023-11-27 19:55:44.052    app     info:    [self-update] Currently running the latest launcher version. Scheduling update check in 5 minutes.
2023-11-27 20:00:39.248    app     info:    [server-manager] Starting refresh cycle for Tranquility
2023-11-27 20:00:39.670    app     info:    [server-manager] Previous Tranquility build: 2434480, current build: 2434480
2023-11-27 20:00:39.670    app     info:    [server-manager] Tranquility build is unchanged.
2023-11-27 20:00:39.674    app     info:    [server-manager] Ready to play!
2023-11-27 20:00:39.677    app     info:    [server-manager] Finished refresh cycle for Tranquility
2023-11-27 20:00:44.053    app     info:    [self-update] Checking for a launcher update...
2023-11-27 20:00:44.351    app     info:    [self-update] Currently running the latest launcher version. Scheduling update check in 5 minutes.
2023-11-27 20:05:39.690    app     info:    [server-manager] Starting refresh cycle for Tranquility
2023-11-27 20:05:39.836    app     info:    [server-manager] Previous Tranquility build: 2434480, current build: 2434480
2023-11-27 20:05:39.836    app     info:    [server-manager] Tranquility build is unchanged.
2023-11-27 20:05:39.840    app     info:    [server-manager] Ready to play!
2023-11-27 20:05:39.842    app     info:    [server-manager] Finished refresh cycle for Tranquility
2023-11-27 20:05:44.360    app     info:    [self-update] Checking for a launcher update...
2023-11-27 20:05:44.644    app     info:    [self-update] Currently running the latest launcher version. Scheduling update check in 5 minutes.
2023-11-27 20:10:39.851    app     info:    [server-manager] Starting refresh cycle for Tranquility
2023-11-27 20:10:40.019    app     info:    [server-manager] Previous Tranquility build: 2434480, current build: 2434480
2023-11-27 20:10:40.019    app     info:    [server-manager] Tranquility build is unchanged.
2023-11-27 20:10:40.023    app     info:    [server-manager] Ready to play!
2023-11-27 20:10:40.025    app     info:    [server-manager] Finished refresh cycle for Tranquility
2023-11-27 20:10:44.656    app     info:    [self-update] Checking for a launcher update...
2023-11-27 20:10:44.933    app     info:    [self-update] Currently running the latest launcher version. Scheduling update check in 5 minutes.
2023-11-27 20:15:40.029    app     info:    [server-manager] Starting refresh cycle for Tranquility
2023-11-27 20:15:40.239    app     info:    [server-manager] Previous Tranquility build: 2434480, current build: 2434480
2023-11-27 20:15:40.240    app     info:    [server-manager] Tranquility build is unchanged.
2023-11-27 20:15:40.243    app     info:    [server-manager] Ready to play!
2023-11-27 20:15:40.246    app     info:    [server-manager] Finished refresh cycle for Tranquility
2023-11-27 20:15:44.943    app     info:    [self-update] Checking for a launcher update...
2023-11-27 20:15:45.235    app     info:    [self-update] Currently running the latest launcher version. Scheduling update check in 5 minutes.
2023-11-27 20:20:40.262    app     info:    [server-manager] Starting refresh cycle for Tranquility
2023-11-27 20:20:40.743    app     info:    [server-manager] Previous Tranquility build: 2434480, current build: 2434480
2023-11-27 20:20:40.743    app     info:    [server-manager] Tranquility build is unchanged.
2023-11-27 20:20:40.747    app     info:    [server-manager] Ready to play!
2023-11-27 20:20:40.749    app     info:    [server-manager] Finished refresh cycle for Tranquility
2023-11-27 20:20:45.239    app     info:    [self-update] Checking for a launcher update...
2023-11-27 20:20:45.516    app     info:    [self-update] Currently running the latest launcher version. Scheduling update check in 5 minutes.
2023-11-27 20:25:40.756    app     info:    [server-manager] Starting refresh cycle for Tranquility
2023-11-27 20:25:40.883    app     info:    [server-manager] Previous Tranquility build: 2434480, current build: 2434480
2023-11-27 20:25:40.883    app     info:    [server-manager] Tranquility build is unchanged.
2023-11-27 20:25:40.887    app     info:    [server-manager] Ready to play!
2023-11-27 20:25:40.890    app     info:    [server-manager] Finished refresh cycle for Tranquility
2023-11-27 20:25:45.524    app     info:    [self-update] Checking for a launcher update...
2023-11-27 20:25:45.803    app     info:    [self-update] Currently running the latest launcher version. Scheduling update check in 5 minutes.
2023-11-27 20:28:56.385    app     info:    [creatives] Requesting creatives
2023-11-27 20:28:56.511    app     info:    [creatives] Received 3 creatives
2023-11-27 20:28:58.575    app     info:    [ipc-requests] Handling requests in the background
2023-11-27 20:28:59.590    app     info:    [ipc-requests] No longer handling requests in the background
2023-11-27 20:29:38.305    app     info:    [ipc-requests] Handling requests in the background
2023-11-27 20:29:39.308    app     info:    [ipc-requests] No longer handling requests in the background
2023-11-27 20:30:40.904    app     info:    [server-manager] Starting refresh cycle for Tranquility
2023-11-27 20:30:41.059    app     info:    [server-manager] Previous Tranquility build: 2434480, current build: 2434480
2023-11-27 20:30:41.059    app     info:    [server-manager] Tranquility build is unchanged.
2023-11-27 20:30:41.062    app     info:    [server-manager] Ready to play!
2023-11-27 20:30:41.065    app     info:    [server-manager] Finished refresh cycle for Tranquility
2023-11-27 20:30:45.810    app     info:    [self-update] Checking for a launcher update...
2023-11-27 20:30:46.110    app     info:    [self-update] Currently running the latest launcher version. Scheduling update check in 5 minutes.
2023-11-27 20:35:41.082    app     info:    [server-manager] Starting refresh cycle for Tranquility
2023-11-27 20:35:41.213    app     info:    [server-manager] Previous Tranquility build: 2434480, current build: 2434480
2023-11-27 20:35:41.214    app     info:    [server-manager] Tranquility build is unchanged.
2023-11-27 20:35:41.217    app     info:    [server-manager] Ready to play!
2023-11-27 20:35:41.219    app     info:    [server-manager] Finished refresh cycle for Tranquility
2023-11-27 20:35:46.119    app     info:    [self-update] Checking for a launcher update...
2023-11-27 20:35:46.422    app     info:    [self-update] Currently running the latest launcher version. Scheduling update check in 5 minutes.
2023-11-27 20:40:41.228    app     info:    [server-manager] Starting refresh cycle for Tranquility
2023-11-27 20:40:41.351    app     info:    [server-manager] Previous Tranquility build: 2434480, current build: 2434480
2023-11-27 20:40:41.351    app     info:    [server-manager] Tranquility build is unchanged.
2023-11-27 20:40:41.355    app     info:    [server-manager] Ready to play!
2023-11-27 20:40:41.357    app     info:    [server-manager] Finished refresh cycle for Tranquility
2023-11-27 20:40:46.435    app     info:    [self-update] Checking for a launcher update...
2023-11-27 20:40:46.765    app     info:    [self-update] Currently running the latest launcher version. Scheduling update check in 5 minutes.
2023-11-27 20:45:41.374    app     info:    [server-manager] Starting refresh cycle for Tranquility
2023-11-27 20:45:41.536    app     info:    [server-manager] Previous Tranquility build: 2434480, current build: 2434480
2023-11-27 20:45:41.536    app     info:    [server-manager] Tranquility build is unchanged.
2023-11-27 20:45:41.539    app     info:    [server-manager] Ready to play!
2023-11-27 20:45:41.542    app     info:    [server-manager] Finished refresh cycle for Tranquility
2023-11-27 20:45:46.774    app     info:    [self-update] Checking for a launcher update...
2023-11-27 20:45:47.070    app     info:    [self-update] Currently running the latest launcher version. Scheduling update check in 5 minutes.
2023-11-27 20:50:41.554    app     info:    [server-manager] Starting refresh cycle for Tranquility
2023-11-27 20:50:41.665    app     info:    [server-manager] Previous Tranquility build: 2434480, current build: 2434480
2023-11-27 20:50:41.665    app     info:    [server-manager] Tranquility build is unchanged.
2023-11-27 20:50:41.669    app     info:    [server-manager] Ready to play!
2023-11-27 20:50:41.672    app     info:    [server-manager] Finished refresh cycle for Tranquility
2023-11-27 20:50:47.082    app     info:    [self-update] Checking for a launcher update...
2023-11-27 20:50:47.445    app     info:    [self-update] Currently running the latest launcher version. Scheduling update check in 5 minutes.
2023-11-27 20:55:41.678    app     info:    [server-manager] Starting refresh cycle for Tranquility
2023-11-27 20:55:41.794    app     info:    [server-manager] Previous Tranquility build: 2434480, current build: 2434480
2023-11-27 20:55:41.794    app     info:    [server-manager] Tranquility build is unchanged.
2023-11-27 20:55:41.798    app     info:    [server-manager] Ready to play!
2023-11-27 20:55:41.800    app     info:    [server-manager] Finished refresh cycle for Tranquility
2023-11-27 20:55:47.458    app     info:    [self-update] Checking for a launcher update...
2023-11-27 20:55:47.755    app     info:    [self-update] Currently running the latest launcher version. Scheduling update check in 5 minutes.
2023-11-27 21:00:41.807    app     info:    [server-manager] Starting refresh cycle for Tranquility
2023-11-27 21:00:41.943    app     info:    [server-manager] Previous Tranquility build: 2434480, current build: 2434480
2023-11-27 21:00:41.943    app     info:    [server-manager] Tranquility build is unchanged.
2023-11-27 21:00:41.948    app     info:    [server-manager] Ready to play!
2023-11-27 21:00:41.950    app     info:    [server-manager] Finished refresh cycle for Tranquility
2023-11-27 21:00:47.771    app     info:    [self-update] Checking for a launcher update...
2023-11-27 21:00:48.068    app     info:    [self-update] Currently running the latest launcher version. Scheduling update check in 5 minutes.
2023-11-27 21:05:41.966    app     info:    [server-manager] Starting refresh cycle for Tranquility
2023-11-27 21:05:42.113    app     info:    [server-manager] Previous Tranquility build: 2434480, current build: 2434480
2023-11-27 21:05:42.114    app     info:    [server-manager] Tranquility build is unchanged.
2023-11-27 21:05:42.117    app     info:    [server-manager] Ready to play!
2023-11-27 21:05:42.120    app     info:    [server-manager] Finished refresh cycle for Tranquility
2023-11-27 21:05:48.082    app     info:    [self-update] Checking for a launcher update...
2023-11-27 21:05:48.362    app     info:    [self-update] Currently running the latest launcher version. Scheduling update check in 5 minutes.
2023-11-27 21:10:03.560    app     info:    [ipc-requests] Handling requests in the background
2023-11-27 21:10:04.176    app     info:    [ipc-requests] Handling requests in the background
2023-11-27 21:10:04.575    app     info:    [ipc-requests] No longer handling requests in the background
2023-11-27 21:10:05.185    app     info:    [ipc-requests] No longer handling requests in the background
2023-11-27 21:10:18.450    app     info:    [ipc-requests] Handling requests in the background
2023-11-27 21:10:19.462    app     info:    [ipc-requests] No longer handling requests in the background
2023-11-27 21:10:20.634    app     info:    [ipc-requests] Handling requests in the background
2023-11-27 21:10:21.635    app     info:    [ipc-requests] No longer handling requests in the background
2023-11-27 21:10:42.121    app     info:    [server-manager] Starting refresh cycle for Tranquility
2023-11-27 21:10:42.228    app     info:    [server-manager] Previous Tranquility build: 2434480, current build: 2434480
2023-11-27 21:10:42.229    app     info:    [server-manager] Tranquility build is unchanged.
2023-11-27 21:10:42.232    app     info:    [server-manager] Ready to play!
2023-11-27 21:10:42.235    app     info:    [server-manager] Finished refresh cycle for Tranquility
2023-11-27 21:10:48.362    app     info:    [self-update] Checking for a launcher update...
2023-11-27 21:10:48.657    app     info:    [self-update] Currently running the latest launcher version. Scheduling update check in 5 minutes.
2023-11-27 21:15:42.247    app     info:    [server-manager] Starting refresh cycle for Tranquility
2023-11-27 21:15:42.381    app     info:    [server-manager] Previous Tranquility build: 2434480, current build: 2434480
2023-11-27 21:15:42.381    app     info:    [server-manager] Tranquility build is unchanged.
2023-11-27 21:15:42.385    app     info:    [server-manager] Ready to play!
2023-11-27 21:15:42.388    app     info:    [server-manager] Finished refresh cycle for Tranquility
2023-11-27 21:15:48.659    app     info:    [self-update] Checking for a launcher update...
2023-11-27 21:15:48.934    app     info:    [self-update] Currently running the latest launcher version. Scheduling update check in 5 minutes.
2023-11-27 21:18:16.505    app     info:    [ipc-requests] Handling requests in the background
2023-11-27 21:18:17.508    app     info:    [ipc-requests] No longer handling requests in the background
2023-11-27 21:20:42.391    app     info:    [server-manager] Starting refresh cycle for Tranquility
2023-11-27 21:20:42.512    app     info:    [server-manager] Previous Tranquility build: 2434480, current build: 2434480
2023-11-27 21:20:42.512    app     info:    [server-manager] Tranquility build is unchanged.
2023-11-27 21:20:42.516    app     info:    [server-manager] Ready to play!
2023-11-27 21:20:42.519    app     info:    [server-manager] Finished refresh cycle for Tranquility
2023-11-27 21:20:44.386    app     info:    [ipc-requests] Handling requests in the background
2023-11-27 21:20:45.399    app     info:    [ipc-requests] No longer handling requests in the background
2023-11-27 21:20:48.947    app     info:    [self-update] Checking for a launcher update...
2023-11-27 21:20:49.240    app     info:    [self-update] Currently running the latest launcher version. Scheduling update check in 5 minutes.
2023-11-27 21:25:42.522    app     info:    [server-manager] Starting refresh cycle for Tranquility
2023-11-27 21:25:42.689    app     info:    [server-manager] Previous Tranquility build: 2434480, current build: 2434480
2023-11-27 21:25:42.690    app     info:    [server-manager] Tranquility build is unchanged.
2023-11-27 21:25:42.694    app     info:    [server-manager] Ready to play!
2023-11-27 21:25:42.696    app     info:    [server-manager] Finished refresh cycle for Tranquility
2023-11-27 21:25:49.252    app     info:    [self-update] Checking for a launcher update...
2023-11-27 21:25:49.527    app     info:    [self-update] Currently running the latest launcher version. Scheduling update check in 5 minutes.
2023-11-27 21:30:42.705    app     info:    [server-manager] Starting refresh cycle for Tranquility
2023-11-27 21:30:42.818    app     info:    [server-manager] Previous Tranquility build: 2434480, current build: 2434480
2023-11-27 21:30:42.818    app     info:    [server-manager] Tranquility build is unchanged.
2023-11-27 21:30:42.822    app     info:    [server-manager] Ready to play!
2023-11-27 21:30:42.824    app     info:    [server-manager] Finished refresh cycle for Tranquility
2023-11-27 21:30:49.534    app     info:    [self-update] Checking for a launcher update...
2023-11-27 21:30:49.843    app     info:    [self-update] Currently running the latest launcher version. Scheduling update check in 5 minutes.
2023-11-27 21:35:42.833    app     info:    [server-manager] Starting refresh cycle for Tranquility
2023-11-27 21:35:43.001    app     info:    [server-manager] Previous Tranquility build: 2434480, current build: 2434480
2023-11-27 21:35:43.001    app     info:    [server-manager] Tranquility build is unchanged.
2023-11-27 21:35:43.005    app     info:    [server-manager] Ready to play!
2023-11-27 21:35:43.007    app     info:    [server-manager] Finished refresh cycle for Tranquility
2023-11-27 21:35:49.847    app     info:    [self-update] Checking for a launcher update...
2023-11-27 21:35:50.132    app     info:    [self-update] Currently running the latest launcher version. Scheduling update check in 5 minutes.
2023-11-27 21:39:52.782    app     info:    [client-manager] 'tranquility' for EVE game client for '17525312' exited with no errors.
2023-11-27 21:39:52.784    app     info:    [elg-events] Sending event    eve_launcher.electron.eve_client.GameClientExited
2023-11-27 21:39:52.790    app     info:    [server-manager] Starting refresh cycle for Tranquility
2023-11-27 21:39:52.918    app     info:    [server-manager] Previous Tranquility build: 2434480, current build: 2434480
2023-11-27 21:39:52.918    app     info:    [server-manager] Tranquility build is unchanged.
2023-11-27 21:39:52.922    app     info:    [server-manager] Ready to play!
2023-11-27 21:39:52.924    app     info:    [server-manager] Finished refresh cycle for Tranquility
2023-11-27 21:40:45.144    app     info:    [tray] Quitting application from tray
2023-11-27 21:40:45.146    app     info:    Application quitting. Cleanup needed: true
2023-11-27 21:40:45.147    app     info:    [elg-events] Sending event    eve_launcher.electron.application.LauncherShutdown
2023-11-27 21:40:45.149    app     info:    app.quit called, but we are still sending ELG events.
2023-11-27 21:40:45.761    app     info:    ELG stream closed, quitting.
2023-11-27 21:40:45.762    app     info:    [main-window] Main window closing    { windowId: 2 }
2023-11-27 21:40:45.769    app     info:    Application closed    0
