2023-12-15 06:34:17.215    app     info:    Startup arguments    []
2023-12-15 06:34:17.221    app     info:    [self-update] Starting automatic update checks
2023-12-15 06:34:17.221    app     info:    [self-update] Waiting for update feed before starting update checks
2023-12-15 06:34:17.224    app     info:    [preload] High DPI scaling enabled by settings
2023-12-15 06:34:17.369    app     info:    [i18next] Changed language    en
2023-12-15 06:34:17.482    app     info:    [authentication] Token for '16492377' on 'tranquility' is expired, refresh is required
2023-12-15 06:34:17.482    app     info:    [authentication] Refreshing token for '16492377' on 'tranquility'
2023-12-15 06:34:17.483    app     info:    [authentication] Token for '17525312' on 'tranquility' is expired, refresh is required
2023-12-15 06:34:17.483    app     info:    [authentication] Refreshing token for '17525312' on 'tranquility'
2023-12-15 06:34:17.483    app     info:    [authentication] Token for '25218835' on 'tranquility' is expired, refresh is required
2023-12-15 06:34:17.484    app     info:    [authentication] Refreshing token for '25218835' on 'tranquility'
2023-12-15 06:34:17.485    app     info:    [customer-information] Getting character information for '29280260' on 'tranquility'
2023-12-15 06:34:17.485    app     info:    [customer-information] Getting Omega status for '29280260' on 'tranquility'
2023-12-15 06:34:17.485    app     info:    [virtual-goods] Getting Plex status for '29280260' on 'tranquility'
2023-12-15 06:34:17.488    app     info:    [customer-information] Getting character information for '29285645' on 'tranquility'
2023-12-15 06:34:17.489    app     info:    [customer-information] Getting Omega status for '29285645' on 'tranquility'
2023-12-15 06:34:17.489    app     info:    [virtual-goods] Getting Plex status for '29285645' on 'tranquility'
2023-12-15 06:34:17.490    app     info:    [authentication] Token for '18034259' on 'tranquility' is expired, refresh is required
2023-12-15 06:34:17.490    app     info:    [authentication] Refreshing token for '18034259' on 'tranquility'
2023-12-15 06:34:17.490    app     info:    [authentication] Token for '28182799' on 'tranquility' is expired, refresh is required
2023-12-15 06:34:17.490    app     info:    [authentication] Refreshing token for '28182799' on 'tranquility'
2023-12-15 06:34:17.491    app     info:    [authentication] Token for '2110311' on 'tranquility' is expired, refresh is required
2023-12-15 06:34:17.491    app     info:    [authentication] Refreshing token for '2110311' on 'tranquility'
2023-12-15 06:34:17.491    app     info:    [authentication] Token for '23622903' on 'tranquility' is expired, refresh is required
2023-12-15 06:34:17.492    app     info:    [authentication] Refreshing token for '23622903' on 'tranquility'
2023-12-15 06:34:17.492    app     info:    [authentication] Token for '26239201' on 'tranquility' is expired, refresh is required
2023-12-15 06:34:17.492    app     info:    [authentication] Refreshing token for '26239201' on 'tranquility'
2023-12-15 06:34:17.492    app     info:    [authentication] Token for '18922386' on 'tranquility' is expired, refresh is required
2023-12-15 06:34:17.492    app     info:    [authentication] Refreshing token for '18922386' on 'tranquility'
2023-12-15 06:34:17.493    app     info:    [authentication] Token for '18000247' on 'tranquility' is expired, refresh is required
2023-12-15 06:34:17.493    app     info:    [authentication] Refreshing token for '18000247' on 'tranquility'
2023-12-15 06:34:17.493    app     info:    [device-id] Device id found in state
2023-12-15 06:34:17.501    app     info:    [analytics] Application name:    EVE Online
2023-12-15 06:34:17.501    app     info:    [analytics] Application version:    1.1.0
2023-12-15 06:34:17.501    app     info:    [analytics] Domain    undefined
2023-12-15 06:34:17.502    app     info:    [analytics] Working directory    C:\Users\REDACTED\AppData\Local\eve-online\app-1.1.0
2023-12-15 06:34:17.502    app     info:    [analytics] Username contains UTF8?    false
2023-12-15 06:34:18.284    app     info:    [elg-events] Sending event    eve_launcher.electron.application.PdmLoaded
2023-12-15 06:34:18.288    app     info:    [analytics] Operating system    {
  type: 'Windows',
  name: 'Windows 10 Education',
  version: '10.0 (19045)'
}
2023-12-15 06:34:18.289    app     info:    [analytics] Encryption available:    true
2023-12-15 06:34:18.289    app     info:    [analytics] Machine UUID    4E9F516C-5B97-47C6-8C67-E93D943CB7C8
2023-12-15 06:34:18.289    app     info:    [analytics] PDM Version    2.1.4
2023-12-15 06:34:18.289    app     info:    [analytics] Release channel    release
2023-12-15 06:34:18.292    app     info:    [initializers] Shared cache directory set to    C:\CCP\EVE Online
2023-12-15 06:34:18.323    app     info:    [initializers] Shared cache drive free space: 73,56 GiB / 465,75 GiB
2023-12-15 06:34:18.332    app     info:    [elg-events] Sending event    eve_launcher.electron.application.LauncherStarted
2023-12-15 06:34:18.336    app     info:    [elg-events] Sending event    eve_launcher.electron.application.CoreDataLoaded
2023-12-15 06:34:18.337    app     info:    [cdn-trace] Fetching CDN trace data from https://binaries.eveonline.com/cdn-cgi/trace
2023-12-15 06:34:18.352    app     info:    [feature-flags] Initializing feature flag client
2023-12-15 06:34:18.464    app     info:    [first-run] First application run was at 2023-11-27T10:29:20.506Z
2023-12-15 06:34:18.521    app     info:    [cache-protocol] Found 0 entries to remove
2023-12-15 06:34:18.521    app     info:    [cache-protocol] Nothing to clean up.
2023-12-15 06:34:18.555    app     info:    [esi] Fetching character details for 2121853336
2023-12-15 06:34:18.572    app     info:    [server-manager] Starting refresh cycle for eve-online / Tranquility
2023-12-15 06:34:18.576    app     info:    [virtual-goods] Fetched Plex status for '29280260' on 'tranquility'
2023-12-15 06:34:18.589    app     info:    [virtual-goods] Fetched Plex status for '29285645' on 'tranquility'
2023-12-15 06:34:18.603    app     info:    [customer-information] Agreements have been updated
2023-12-15 06:34:18.613    app     info:    [esi] Fetching character details for 2121878074
2023-12-15 06:34:18.665    app     info:    info: [LaunchDarkly] LaunchDarkly client initialized    []
2023-12-15 06:34:18.666    app     info:    info: [LaunchDarkly] Opening stream connection to https://clientstream.launchdarkly.com/eval/64c3d12e27a4b11365012d39/eyJrZXkiOiI0YTQzNmFkYi00Yjk5LTQwYTctODViMC00MmUyMDZmNDEyODYiLCJraW5kIjoidXNlciIsImN1c3RvbSI6eyJpc0ZpcnN0UnVuIjpmYWxzZSwiZGF5c1NpbmNlRmlyc3RSdW4iOjE3LCJsYW5ndWFnZSI6ImVuIiwiYXBwbGljYXRpb24iOiJldmUtb25saW5lIiwidmVyc2lvbiI6IjEuMS4wIiwicGxhdGZvcm0iOiJ3aW5kb3dzIiwib3NWZXJzaW9uRGVwcmVjYXRlZCI6ZmFsc2UsInVzZXJJZHMiOlsxNjQ5MjM3NywxODAwMDI0NywyMTEwMzExLDI5Mjg1NjQ1XSwib21lZ2FDb3VudCI6MCwiYWxwaGFDb3VudCI6MTIsImFjY291bnRDb3VudCI6MTIsIm9sZGVzdEFjY291bnRBZ2UiOjYwMDEsInlvdW5nZXN0QWNjb3VudEFnZSI6MTN9fQ?withReasons=true    []
2023-12-15 06:34:18.667    app     info:    [feature-flags] Client 4a436adb... ready, fetching flags
2023-12-15 06:34:18.671    app     info:    [feature-flags] Received 17 flags for client 4a436adb...
2023-12-15 06:34:18.671    app     info:    [feature-flags] Client initialized with key 4a436adb...
2023-12-15 06:34:18.673    app     info:    [self-update] Update feed set, starting update checks
2023-12-15 06:34:18.673    app     info:    [self-update] Starting automatic update checks
2023-12-15 06:34:18.674    app     info:    [self-update] Checking for a launcher update...
2023-12-15 06:34:18.704    app     info:    [authentication] Token for '2110311' on 'tranquility' has been successfully refreshed
2023-12-15 06:34:18.706    app     info:    [elg-events] Sending event    eve_launcher.electron.authentication.UserTokensRefreshed
2023-12-15 06:34:18.708    app     info:    [customer-information] Getting character information for '2110311' on 'tranquility'
2023-12-15 06:34:18.709    app     info:    [customer-information] Getting Omega status for '2110311' on 'tranquility'
2023-12-15 06:34:18.709    app     info:    [virtual-goods] Getting Plex status for '2110311' on 'tranquility'
2023-12-15 06:34:18.720    app     info:    [authentication] Token for '17525312' on 'tranquility' has been successfully refreshed
2023-12-15 06:34:18.721    app     info:    [elg-events] Sending event    eve_launcher.electron.authentication.UserTokensRefreshed
2023-12-15 06:34:18.722    app     info:    [customer-information] Getting character information for '17525312' on 'tranquility'
2023-12-15 06:34:18.723    app     info:    [customer-information] Getting Omega status for '17525312' on 'tranquility'
2023-12-15 06:34:18.723    app     info:    [virtual-goods] Getting Plex status for '17525312' on 'tranquility'
2023-12-15 06:34:18.735    app     info:    [authentication] Token for '23622903' on 'tranquility' has been successfully refreshed
2023-12-15 06:34:18.737    app     info:    [elg-events] Sending event    eve_launcher.electron.authentication.UserTokensRefreshed
2023-12-15 06:34:18.738    app     info:    [customer-information] Getting character information for '23622903' on 'tranquility'
2023-12-15 06:34:18.739    app     info:    [customer-information] Getting Omega status for '23622903' on 'tranquility'
2023-12-15 06:34:18.739    app     info:    [virtual-goods] Getting Plex status for '23622903' on 'tranquility'
2023-12-15 06:34:18.749    app     info:    [authentication] Token for '18000247' on 'tranquility' has been successfully refreshed
2023-12-15 06:34:18.750    app     info:    [elg-events] Sending event    eve_launcher.electron.authentication.UserTokensRefreshed
2023-12-15 06:34:18.751    app     info:    [customer-information] Getting character information for '18000247' on 'tranquility'
2023-12-15 06:34:18.751    app     info:    [customer-information] Getting Omega status for '18000247' on 'tranquility'
2023-12-15 06:34:18.752    app     info:    [virtual-goods] Getting Plex status for '18000247' on 'tranquility'
2023-12-15 06:34:18.762    app     info:    [authentication] Token for '18034259' on 'tranquility' has been successfully refreshed
2023-12-15 06:34:18.763    app     info:    [elg-events] Sending event    eve_launcher.electron.authentication.UserTokensRefreshed
2023-12-15 06:34:18.764    app     info:    [customer-information] Getting character information for '18034259' on 'tranquility'
2023-12-15 06:34:18.764    app     info:    [customer-information] Getting Omega status for '18034259' on 'tranquility'
2023-12-15 06:34:18.765    app     info:    [virtual-goods] Getting Plex status for '18034259' on 'tranquility'
2023-12-15 06:34:18.776    app     info:    [authentication] Token for '16492377' on 'tranquility' has been successfully refreshed
2023-12-15 06:34:18.777    app     info:    [elg-events] Sending event    eve_launcher.electron.authentication.UserTokensRefreshed
2023-12-15 06:34:18.778    app     info:    [customer-information] Getting character information for '16492377' on 'tranquility'
2023-12-15 06:34:18.779    app     info:    [customer-information] Getting Omega status for '16492377' on 'tranquility'
2023-12-15 06:34:18.779    app     info:    [virtual-goods] Getting Plex status for '16492377' on 'tranquility'
2023-12-15 06:34:18.790    app     info:    [authentication] Token for '26239201' on 'tranquility' has been successfully refreshed
2023-12-15 06:34:18.792    app     info:    [elg-events] Sending event    eve_launcher.electron.authentication.UserTokensRefreshed
2023-12-15 06:34:18.793    app     info:    [customer-information] Getting character information for '26239201' on 'tranquility'
2023-12-15 06:34:18.793    app     info:    [customer-information] Getting Omega status for '26239201' on 'tranquility'
2023-12-15 06:34:18.793    app     info:    [virtual-goods] Getting Plex status for '26239201' on 'tranquility'
2023-12-15 06:34:18.804    app     info:    [authentication] Token for '25218835' on 'tranquility' has been successfully refreshed
2023-12-15 06:34:18.806    app     info:    [elg-events] Sending event    eve_launcher.electron.authentication.UserTokensRefreshed
2023-12-15 06:34:18.807    app     info:    [customer-information] Getting character information for '25218835' on 'tranquility'
2023-12-15 06:34:18.807    app     info:    [customer-information] Getting Omega status for '25218835' on 'tranquility'
2023-12-15 06:34:18.807    app     info:    [virtual-goods] Getting Plex status for '25218835' on 'tranquility'
2023-12-15 06:34:18.818    app     info:    [authentication] Token for '18922386' on 'tranquility' has been successfully refreshed
2023-12-15 06:34:18.819    app     info:    [elg-events] Sending event    eve_launcher.electron.authentication.UserTokensRefreshed
2023-12-15 06:34:18.821    app     info:    [customer-information] Getting character information for '18922386' on 'tranquility'
2023-12-15 06:34:18.821    app     info:    [customer-information] Getting Omega status for '18922386' on 'tranquility'
2023-12-15 06:34:18.821    app     info:    [virtual-goods] Getting Plex status for '18922386' on 'tranquility'
2023-12-15 06:34:18.832    app     info:    [authentication] Token for '28182799' on 'tranquility' has been successfully refreshed
2023-12-15 06:34:18.834    app     info:    [elg-events] Sending event    eve_launcher.electron.authentication.UserTokensRefreshed
2023-12-15 06:34:18.835    app     info:    [customer-information] Getting character information for '28182799' on 'tranquility'
2023-12-15 06:34:18.835    app     info:    [customer-information] Getting Omega status for '28182799' on 'tranquility'
2023-12-15 06:34:18.835    app     info:    [virtual-goods] Getting Plex status for '28182799' on 'tranquility'
2023-12-15 06:34:18.852    app     info:    [AuthenticationMiddleware] Successfully restored 14 / 14 users
2023-12-15 06:34:18.862    app     info:    [server-manager] Previous Tranquility build: 2452057, current build: 2452057
2023-12-15 06:34:18.862    app     info:    [server-manager] Tranquility build is unchanged.
2023-12-15 06:34:18.867    app     info:    [server-manager] Ready to play!
2023-12-15 06:34:18.870    app     info:    [server-manager] Finished refresh cycle for Tranquility
2023-12-15 06:34:18.946    app     info:    [esi] Fetching character details for 2115031890, 2121177973
2023-12-15 06:34:18.962    app     info:    [esi] Fetching character details for 2114656127, 2121178396
2023-12-15 06:34:18.970    app     info:    [virtual-goods] Fetched Plex status for '16492377' on 'tranquility'
2023-12-15 06:34:18.982    app     info:    [esi] Fetching character details for 578564394, 2115457291
2023-12-15 06:34:18.990    app     info:    [virtual-goods] Fetched Plex status for '17525312' on 'tranquility'
2023-12-15 06:34:18.996    app     info:    [AuthenticationMiddleware] User information updated
2023-12-15 06:34:19.003    app     info:    [customer-information] Agreement status has been fetched for user '18000247'
2023-12-15 06:34:19.011    app     info:    [esi] Fetching character details for 2115007749, 2121891348
2023-12-15 06:34:19.019    app     info:    [esi] Fetching character details for 2113875139, 2121174871
2023-12-15 06:34:19.027    app     info:    [AuthenticationMiddleware] User information updated
2023-12-15 06:34:19.039    app     info:    [virtual-goods] Fetched Plex status for '18034259' on 'tranquility'
2023-12-15 06:34:19.049    app     info:    [AuthenticationMiddleware] User information updated
2023-12-15 06:34:19.049    app     info:    [virtual-goods] Fetched Plex status for '2110311' on 'tranquility'
2023-12-15 06:34:19.054    app     info:    [virtual-goods] Fetched Plex status for '18000247' on 'tranquility'
2023-12-15 06:34:19.072    app     info:    [AuthenticationMiddleware] User information updated
2023-12-15 06:34:19.073    app     info:    [esi] Fetching character details for 2115479508
2023-12-15 06:34:19.082    app     info:    [esi] Fetching character details for 2121178171
2023-12-15 06:34:19.098    app     info:    [esi] Fetching character details for 2119361891, 2120347635
2023-12-15 06:34:19.107    app     info:    [esi] Fetching character details for 2121174545
2023-12-15 06:34:19.124    app     info:    [esi] Fetching character details for 2118248041, 2121175776
2023-12-15 06:34:19.138    app     info:    [customer-information] Agreement status has been fetched for user '18922386'
2023-12-15 06:34:19.167    app     info:    [virtual-goods] Fetched Plex status for '28182799' on 'tranquility'
2023-12-15 06:34:19.173    app     info:    [AuthenticationMiddleware] User information updated
2023-12-15 06:34:19.173    app     info:    [virtual-goods] Fetched Plex status for '26239201' on 'tranquility'
2023-12-15 06:34:19.178    app     info:    [AuthenticationMiddleware] User information updated
2023-12-15 06:34:19.179    app     info:    [virtual-goods] Fetched Plex status for '23622903' on 'tranquility'
2023-12-15 06:34:19.184    app     info:    [AuthenticationMiddleware] User information updated
2023-12-15 06:34:19.185    app     info:    [self-update] Currently running the latest launcher version. Scheduling update check in 5 minutes.
2023-12-15 06:34:19.186    app     info:    [virtual-goods] Fetched Plex status for '18922386' on 'tranquility'
2023-12-15 06:34:19.191    app     info:    [AuthenticationMiddleware] User information updated
2023-12-15 06:34:19.192    app     info:    [virtual-goods] Fetched Plex status for '25218835' on 'tranquility'
2023-12-15 06:34:19.198    app     info:    [AuthenticationMiddleware] User information updated
2023-12-15 06:34:19.288    app     info:    [AuthenticationMiddleware] User information updated
2023-12-15 06:34:19.289    app     info:    [esi] Fetched 1 character details for 29280260
2023-12-15 06:34:19.328    app     info:    [esi] Fetched 1 character details for 29285645
2023-12-15 06:34:19.489    app     warn:    [steam-auth] Failed to initialize Steamworks client
2023-12-15 06:34:19.495    app     info:    [main-window] Registering main window    { windowId: 2 }
2023-12-15 06:34:19.504    app     info:    [cdn-trace] Fetching CDN trace data from https://binaries.eveonline.com/cdn-cgi/trace
2023-12-15 06:34:19.506    app     info:    [creatives] Requesting creatives
2023-12-15 06:34:19.519    app     info:    [elg-events] Sending event    eve_launcher.electron.application.RendererLoaded
2023-12-15 06:34:19.521    app     info:    [esi] Fetched 2 character details for 17525312
2023-12-15 06:34:19.523    app     info:    [esi] Fetched 2 character details for 2110311
2023-12-15 06:34:19.526    app     info:    [esi] Fetched 2 character details for 18034259
2023-12-15 06:34:19.576    app     info:    [esi] Fetched 2 character details for 16492377
2023-12-15 06:34:19.578    app     info:    [esi] Fetched 1 character details for 28182799
2023-12-15 06:34:19.580    app     info:    [esi] Fetched 2 character details for 23622903
2023-12-15 06:34:19.582    app     info:    [esi] Fetched 2 character details for 18000247
2023-12-15 06:34:19.583    app     info:    [esi] Fetched 1 character details for 18922386
2023-12-15 06:34:19.585    app     info:    [esi] Fetched 1 character details for 26239201
2023-12-15 06:34:19.587    app     info:    [esi] Fetched 2 character details for 25218835
2023-12-15 06:34:19.639    app     info:    [creatives] Received 3 creatives
2023-12-15 06:34:20.448     ui     info:    Initializing captcha    ccp://launcher/renderer/main_window/index.js    2
2023-12-15 06:34:26.219    app     info:    [analytics] Hardware rendering enabled:    true    { disabledViaCommandline: false, disabledViaSettings: false }
2023-12-15 06:34:28.679    app     info:    [AuthenticationMiddleware] Character information for '18000247' on 'tranquility' was loaded recently, skipping refresh.
2023-12-15 06:34:28.679    app     info:    [AuthenticationMiddleware] Plex information for '18000247' on 'tranquility' was loaded recently, skipping refresh.
2023-12-15 06:34:32.544    app     info:    [client-queue] Queued client startup    {
  product: 'eve-online',
  tenant: 'tranquility',
  userId: 18000247,
  characterId: 2121891348,
  profile: ''
}
2023-12-15 06:34:32.547    app     info:    [elg-events] Sending event    eve_launcher.electron.eve_client.ClientQueued
2023-12-15 06:34:32.547    app     info:    [client-queue] No clients running for tranquility, copying files before starting a client
2023-12-15 06:34:32.553    app     info:    [elg-events] Sending event    eve_launcher.electron.eve_client.CopyingFilesStarted
2023-12-15 06:34:32.553    app     info:    [binary-copier] Copying 194 files (216 MB) to 'C:\CCP\EVE Online\tq'
2023-12-15 06:34:32.599    app     info:    [binary-copier] Removing old binaries
2023-12-15 06:34:32.614    app     info:    [binary-copier] Copying binaries from ResFiles
2023-12-15 06:34:33.057    app     info:    [binary-copier] Finished copying 194 files to 'C:\CCP\EVE Online\tq' in 0.506 seconds
2023-12-15 06:34:33.059    app     info:    [elg-events] Sending event    eve_launcher.electron.eve_client.CopyingFilesFinished
2023-12-15 06:34:33.064    app     info:    [client-manager] Starting EVE Online game client.    C:\CCP\EVE Online\tq\bin64\exefile.exe    Map(11) {
  'noconsole' => '/noconsole',
  'server' => '/server:tranquility.servers.eveonline.com',
  'triplatform' => '/triplatform=dx12',
  'ssotoken' => '/ssoToken=***',
  'refreshtoken' => '/refreshToken=***',
  'settingsprofile' => '/settingsprofile=Default',
  'deviceid' => '/deviceID=4a436adb-4b99-40a7-85b0-42e206f41286',
  'autoselectcharacter' => '/autoSelectCharacter:2121891348',
  'language' => '/language=en',
  'exp' => '1702622657',
  'tokenExpires' => '2023-12-15 08:44:17.000'
}    18000247
2023-12-15 06:34:33.122    app     info:    [client-queue] Started client from group startup    {
  product: 'eve-online',
  tenant: 'tranquility',
  characterId: 2121891348,
  profile: '',
  userId: 18000247
}
2023-12-15 06:34:33.167    app     info:    [quasar-events] Sent 'eve_launcher.electron.eve_client.GameClientStartRequested'
2023-12-15 06:34:33.167    app     info:    [quasar-events] Sent 'eve_launcher.electron.eve_client.TemporaryClientProcessAdded'
2023-12-15 06:34:33.641    app     info:    [client-manager] Found 'tranquility' client for '18000247' running:     {
  processId: 828,
  createdDate: 1702622073180,
  userId: 18000247,
  characterId: 2121891348,
  profile: 'Default',
  dxVersion: 'dx12'
}
2023-12-15 06:34:33.738    app     info:    [quasar-events] Sent 'eve_launcher.electron.eve_client.TemporaryClientProcessMonitoringRetried'
2023-12-15 06:34:33.738    app     info:    [quasar-events] Sent 'eve_launcher.electron.eve_client.GameClientStarted'
2023-12-15 06:34:33.739    app     info:    [quasar-events] Sent 'eve_launcher.electron.eve_client.TemporaryClientProcessRemoved'
2023-12-15 06:34:34.142    app     info:    [client-queue] Queue has stopped running, no more clients pending startup.
2023-12-15 06:34:48.611    app     warn:    Could not connect to LogLite    [
  Error: connect ECONNREFUSED 127.0.0.1:3273
      at TCPConnectWrap.afterConnect [as oncomplete] (node:net:1247:16) {
    errno: -4078,
    code: 'ECONNREFUSED',
    syscall: 'connect',
    address: '127.0.0.1',
    port: 3273
  }
]
2023-12-15 06:39:18.885    app     info:    [server-manager] Starting refresh cycle for eve-online / Tranquility
2023-12-15 06:39:19.014    app     info:    [server-manager] Previous Tranquility build: 2452057, current build: 2452057
2023-12-15 06:39:19.014    app     info:    [server-manager] Tranquility build is unchanged.
2023-12-15 06:39:19.021    app     info:    [server-manager] Ready to play!
2023-12-15 06:39:19.025    app     info:    [server-manager] Finished refresh cycle for Tranquility
2023-12-15 06:39:19.200    app     info:    [self-update] Checking for a launcher update...
2023-12-15 06:39:19.506    app     info:    [self-update] Currently running the latest launcher version. Scheduling update check in 5 minutes.
2023-12-15 06:42:27.338    app     info:    [elg-events] ELG connection closed with ECONNRESET, restarting connection in 30s
2023-12-15 06:44:19.029    app     info:    [server-manager] Starting refresh cycle for eve-online / Tranquility
2023-12-15 06:44:19.162    app     info:    [server-manager] Previous Tranquility build: 2452057, current build: 2452057
2023-12-15 06:44:19.163    app     info:    [server-manager] Tranquility build is unchanged.
2023-12-15 06:44:19.169    app     info:    [server-manager] Ready to play!
2023-12-15 06:44:19.173    app     info:    [server-manager] Finished refresh cycle for Tranquility
2023-12-15 06:44:19.513    app     info:    [self-update] Checking for a launcher update...
2023-12-15 06:44:19.800    app     info:    [self-update] Currently running the latest launcher version. Scheduling update check in 5 minutes.
2023-12-15 06:49:19.178    app     info:    [server-manager] Starting refresh cycle for eve-online / Tranquility
2023-12-15 06:49:19.370    app     info:    [server-manager] Previous Tranquility build: 2452057, current build: 2452057
2023-12-15 06:49:19.371    app     info:    [server-manager] Tranquility build is unchanged.
2023-12-15 06:49:19.375    app     info:    [server-manager] Ready to play!
2023-12-15 06:49:19.379    app     info:    [server-manager] Finished refresh cycle for Tranquility
2023-12-15 06:49:19.808    app     info:    [self-update] Checking for a launcher update...
2023-12-15 06:49:20.110    app     info:    [self-update] Currently running the latest launcher version. Scheduling update check in 5 minutes.
2023-12-15 06:54:19.390    app     info:    [server-manager] Starting refresh cycle for eve-online / Tranquility
2023-12-15 06:54:19.504    app     info:    [server-manager] Previous Tranquility build: 2452057, current build: 2452057
2023-12-15 06:54:19.504    app     info:    [server-manager] Tranquility build is unchanged.
2023-12-15 06:54:19.510    app     info:    [server-manager] Ready to play!
2023-12-15 06:54:19.514    app     info:    [server-manager] Finished refresh cycle for Tranquility
2023-12-15 06:54:20.124    app     info:    [self-update] Checking for a launcher update...
2023-12-15 06:54:20.413    app     info:    [self-update] Currently running the latest launcher version. Scheduling update check in 5 minutes.
2023-12-15 06:59:19.523    app     info:    [server-manager] Starting refresh cycle for eve-online / Tranquility
2023-12-15 06:59:19.653    app     info:    [server-manager] Previous Tranquility build: 2452057, current build: 2452057
2023-12-15 06:59:19.653    app     info:    [server-manager] Tranquility build is unchanged.
2023-12-15 06:59:19.659    app     info:    [server-manager] Ready to play!
2023-12-15 06:59:19.662    app     info:    [server-manager] Finished refresh cycle for Tranquility
2023-12-15 06:59:20.418    app     info:    [self-update] Checking for a launcher update...
2023-12-15 06:59:20.708    app     info:    [self-update] Currently running the latest launcher version. Scheduling update check in 5 minutes.
2023-12-15 07:00:20.890    app     info:    [ipc-requests] Handling requests in the background
2023-12-15 07:00:21.892    app     info:    [ipc-requests] No longer handling requests in the background
2023-12-15 07:00:26.380    app     info:    [ipc-requests] Handling requests in the background
2023-12-15 07:00:27.389    app     info:    [ipc-requests] No longer handling requests in the background
2023-12-15 07:04:16.301    app     info:    [ipc-requests] Handling requests in the background
2023-12-15 07:04:17.316    app     info:    [ipc-requests] No longer handling requests in the background
2023-12-15 07:04:19.672    app     info:    [server-manager] Starting refresh cycle for eve-online / Tranquility
2023-12-15 07:04:19.805    app     info:    [server-manager] Previous Tranquility build: 2452057, current build: 2452057
2023-12-15 07:04:19.805    app     info:    [server-manager] Tranquility build is unchanged.
2023-12-15 07:04:19.810    app     info:    [server-manager] Ready to play!
2023-12-15 07:04:19.814    app     info:    [server-manager] Finished refresh cycle for Tranquility
2023-12-15 07:04:20.718    app     info:    [self-update] Checking for a launcher update...
2023-12-15 07:04:21.002    app     info:    [self-update] Currently running the latest launcher version. Scheduling update check in 5 minutes.
2023-12-15 07:07:30.500    app     info:    [ipc-requests] Handling requests in the background
2023-12-15 07:07:31.509    app     info:    [ipc-requests] No longer handling requests in the background
2023-12-15 07:07:46.127    app     info:    [ipc-requests] Handling requests in the background
2023-12-15 07:07:47.127    app     info:    [ipc-requests] No longer handling requests in the background
2023-12-15 07:09:19.821    app     info:    [server-manager] Starting refresh cycle for eve-online / Tranquility
2023-12-15 07:09:19.937    app     info:    [server-manager] Previous Tranquility build: 2452057, current build: 2452057
2023-12-15 07:09:19.937    app     info:    [server-manager] Tranquility build is unchanged.
2023-12-15 07:09:19.942    app     info:    [server-manager] Ready to play!
2023-12-15 07:09:19.945    app     info:    [server-manager] Finished refresh cycle for Tranquility
2023-12-15 07:09:21.005    app     info:    [self-update] Checking for a launcher update...
2023-12-15 07:09:21.292    app     info:    [self-update] Currently running the latest launcher version. Scheduling update check in 5 minutes.
2023-12-15 07:09:40.717    app     info:    [ipc-requests] Handling requests in the background
2023-12-15 07:09:41.720    app     info:    [ipc-requests] No longer handling requests in the background
2023-12-15 07:09:50.483    app     info:    [ipc-requests] Handling requests in the background
2023-12-15 07:09:51.486    app     info:    [ipc-requests] No longer handling requests in the background
2023-12-15 07:09:52.685    app     info:    [ipc-requests] Handling requests in the background
2023-12-15 07:09:53.685    app     info:    [ipc-requests] No longer handling requests in the background
2023-12-15 07:09:54.695    app     info:    [ipc-requests] Handling requests in the background
2023-12-15 07:09:55.696    app     info:    [ipc-requests] No longer handling requests in the background
2023-12-15 07:12:03.533    app     info:    [ipc-requests] Handling requests in the background
2023-12-15 07:12:04.534    app     info:    [ipc-requests] No longer handling requests in the background
2023-12-15 07:12:30.937    app     info:    [ipc-requests] Handling requests in the background
2023-12-15 07:12:31.945    app     info:    [ipc-requests] No longer handling requests in the background
2023-12-15 07:14:19.953    app     info:    [server-manager] Starting refresh cycle for eve-online / Tranquility
2023-12-15 07:14:20.093    app     info:    [server-manager] Previous Tranquility build: 2452057, current build: 2452057
2023-12-15 07:14:20.093    app     info:    [server-manager] Tranquility build is unchanged.
2023-12-15 07:14:20.099    app     info:    [server-manager] Ready to play!
2023-12-15 07:14:20.103    app     info:    [server-manager] Finished refresh cycle for Tranquility
2023-12-15 07:14:21.306    app     info:    [self-update] Checking for a launcher update...
2023-12-15 07:14:21.594    app     info:    [self-update] Currently running the latest launcher version. Scheduling update check in 5 minutes.
2023-12-15 07:14:32.189    app     info:    [ipc-requests] Handling requests in the background
2023-12-15 07:14:33.198    app     info:    [ipc-requests] No longer handling requests in the background
2023-12-15 07:15:02.730    app     info:    [ipc-requests] Handling requests in the background
2023-12-15 07:15:03.732    app     info:    [ipc-requests] No longer handling requests in the background
2023-12-15 07:16:10.861    app     info:    [ipc-requests] Handling requests in the background
2023-12-15 07:16:11.871    app     info:    [ipc-requests] No longer handling requests in the background
2023-12-15 07:17:52.366    app     info:    [ipc-requests] Handling requests in the background
2023-12-15 07:17:53.379    app     info:    [ipc-requests] No longer handling requests in the background
2023-12-15 07:17:55.581    app     info:    [ipc-requests] Handling requests in the background
2023-12-15 07:17:56.586    app     info:    [ipc-requests] No longer handling requests in the background
2023-12-15 07:18:14.376    app     info:    [ipc-requests] Handling requests in the background
2023-12-15 07:18:15.388    app     info:    [ipc-requests] No longer handling requests in the background
2023-12-15 07:18:16.741    app     info:    [ipc-requests] Handling requests in the background
2023-12-15 07:18:17.746    app     info:    [ipc-requests] No longer handling requests in the background
2023-12-15 07:19:08.910    app     info:    [ipc-requests] Handling requests in the background
2023-12-15 07:19:09.924    app     info:    [ipc-requests] No longer handling requests in the background
2023-12-15 07:19:10.470    app     info:    [ipc-requests] Handling requests in the background
2023-12-15 07:19:11.471    app     info:    [ipc-requests] No longer handling requests in the background
2023-12-15 07:19:17.385    app     info:    [ipc-requests] Handling requests in the background
2023-12-15 07:19:18.394    app     info:    [ipc-requests] No longer handling requests in the background
2023-12-15 07:19:20.111    app     info:    [server-manager] Starting refresh cycle for eve-online / Tranquility
2023-12-15 07:19:20.293    app     info:    [server-manager] Previous Tranquility build: 2452057, current build: 2452057
2023-12-15 07:19:20.293    app     info:    [server-manager] Tranquility build is unchanged.
2023-12-15 07:19:20.298    app     info:    [server-manager] Ready to play!
2023-12-15 07:19:20.301    app     info:    [server-manager] Finished refresh cycle for Tranquility
2023-12-15 07:19:21.188    app     info:    [ipc-requests] Handling requests in the background
2023-12-15 07:19:21.593    app     info:    [self-update] Checking for a launcher update...
2023-12-15 07:19:21.918    app     info:    [self-update] Currently running the latest launcher version. Scheduling update check in 5 minutes.
2023-12-15 07:19:22.191    app     info:    [ipc-requests] No longer handling requests in the background
2023-12-15 07:19:22.342    app     info:    [ipc-requests] Handling requests in the background
2023-12-15 07:19:23.343    app     info:    [ipc-requests] No longer handling requests in the background
2023-12-15 07:19:34.195    app     info:    [ipc-requests] Handling requests in the background
2023-12-15 07:19:35.210    app     info:    [ipc-requests] No longer handling requests in the background
2023-12-15 07:19:50.670    app     info:    [ipc-requests] Handling requests in the background
2023-12-15 07:19:51.685    app     info:    [ipc-requests] No longer handling requests in the background
2023-12-15 07:20:25.390    app     info:    [ipc-requests] Handling requests in the background
2023-12-15 07:20:26.403    app     info:    [ipc-requests] No longer handling requests in the background
2023-12-15 07:20:27.285    app     info:    [ipc-requests] Handling requests in the background
2023-12-15 07:20:28.299    app     info:    [ipc-requests] No longer handling requests in the background
2023-12-15 07:20:48.853    app     info:    [ipc-requests] Handling requests in the background
2023-12-15 07:20:49.863    app     info:    [ipc-requests] No longer handling requests in the background
2023-12-15 07:22:49.110    app     info:    [ipc-requests] Handling requests in the background
2023-12-15 07:22:50.112    app     info:    [ipc-requests] No longer handling requests in the background
2023-12-15 07:23:03.823    app     info:    [ipc-requests] Handling requests in the background
2023-12-15 07:23:04.835    app     info:    [ipc-requests] No longer handling requests in the background
2023-12-15 07:23:42.876    app     info:    [ipc-requests] Handling requests in the background
2023-12-15 07:23:43.880    app     info:    [ipc-requests] No longer handling requests in the background
2023-12-15 07:24:20.307    app     info:    [server-manager] Starting refresh cycle for eve-online / Tranquility
2023-12-15 07:24:20.445    app     info:    [server-manager] Previous Tranquility build: 2452057, current build: 2452057
2023-12-15 07:24:20.446    app     info:    [server-manager] Tranquility build is unchanged.
2023-12-15 07:24:20.458    app     info:    [server-manager] Ready to play!
2023-12-15 07:24:20.461    app     info:    [server-manager] Finished refresh cycle for Tranquility
2023-12-15 07:24:21.923    app     info:    [self-update] Checking for a launcher update...
2023-12-15 07:24:22.239    app     info:    [self-update] Currently running the latest launcher version. Scheduling update check in 5 minutes.
2023-12-15 07:25:07.704    app     info:    [ipc-requests] Handling requests in the background
2023-12-15 07:25:08.710    app     info:    [ipc-requests] No longer handling requests in the background
2023-12-15 07:26:23.231    app     info:    Second instance    [
  'C:\\Users\\Dmytro\\AppData\\Local\\eve-online\\app-1.1.0\\eve-online.exe',
  '--allow-file-access-from-files',
  '--secure-schemes',
  '--bypasscsp-schemes=sentry-ipc',
  '--cors-schemes=sentry-ipc',
  '--fetch-schemes=sentry-ipc',
  '--service-worker-schemes',
  '--standard-schemes',
  '--streaming-schemes'
]
2023-12-15 07:26:23.232    app     info:    [tray] Main window moved to top from second instance    { windowId: 2 }
2023-12-15 07:26:31.723    app     info:    [client-queue] Stopping client for 18000247 on tranquility
2023-12-15 07:26:31.760    app     info:    [client-manager] Client (828) asked to quit nicely.
2023-12-15 07:26:31.869    app     info:    [quasar-events] Sent 'eve_launcher.electron.eve_client.GameClientStopRequested'
2023-12-15 07:26:32.795    app     info:    [client-manager] 'tranquility' for EVE game client for '18000247' exited with no errors.
2023-12-15 07:26:32.805    app     info:    [server-manager] Starting refresh cycle for eve-online / Tranquility
2023-12-15 07:26:32.905    app     info:    [quasar-events] Sent 'eve_launcher.electron.eve_client.GameClientExited'
2023-12-15 07:26:32.914    app     info:    [server-manager] Previous Tranquility build: 2452057, current build: 2452057
2023-12-15 07:26:32.914    app     info:    [server-manager] Tranquility build is unchanged.
2023-12-15 07:26:32.919    app     info:    [server-manager] Ready to play!
2023-12-15 07:26:32.922    app     info:    [server-manager] Finished refresh cycle for Tranquility
2023-12-15 07:27:02.540    app     info:    [client-queue] Queued client startup    {
  product: 'eve-online',
  tenant: 'tranquility',
  userId: 18000247,
  characterId: 2121891348,
  profile: ''
}
2023-12-15 07:27:02.542    app     info:    [elg-events] Sending event    eve_launcher.electron.eve_client.ClientQueued
2023-12-15 07:27:02.542    app     info:    [client-queue] No clients running for tranquility, copying files before starting a client
2023-12-15 07:27:02.546    app     info:    [elg-events] Sending event    eve_launcher.electron.eve_client.CopyingFilesStarted
2023-12-15 07:27:02.546    app     info:    [binary-copier] Copying 194 files (216 MB) to 'C:\CCP\EVE Online\tq'
2023-12-15 07:27:02.562    app     info:    [binary-copier] Removing old binaries
2023-12-15 07:27:02.590    app     info:    [binary-copier] Copying binaries from ResFiles
2023-12-15 07:27:02.955    app     info:    [binary-copier] Finished copying 194 files to 'C:\CCP\EVE Online\tq' in 0.411 seconds
2023-12-15 07:27:02.957    app     info:    [elg-events] Sending event    eve_launcher.electron.eve_client.CopyingFilesFinished
2023-12-15 07:27:02.961    app     info:    [authentication] Token for '18000247' on 'tranquility' is expired, refresh is required
2023-12-15 07:27:02.961    app     info:    [authentication] Refreshing token for '18000247' on 'tranquility'
2023-12-15 07:27:03.106    app     info:    [authentication] Token for '18000247' on 'tranquility' has been successfully refreshed
2023-12-15 07:27:03.108    app     info:    [elg-events] Sending event    eve_launcher.electron.authentication.UserTokensRefreshed
2023-12-15 07:27:03.110    app     info:    [AuthenticationMiddleware] Character information for '18000247' on 'tranquility' was loaded recently, skipping refresh.
2023-12-15 07:27:03.110    app     info:    [AuthenticationMiddleware] Plex information for '18000247' on 'tranquility' was loaded recently, skipping refresh.
2023-12-15 07:27:03.125    app     info:    [client-manager] Starting EVE Online game client.    C:\CCP\EVE Online\tq\bin64\exefile.exe    Map(11) {
  'noconsole' => '/noconsole',
  'server' => '/server:tranquility.servers.eveonline.com',
  'triplatform' => '/triplatform=dx12',
  'ssotoken' => '/ssoToken=***',
  'refreshtoken' => '/refreshToken=***',
  'settingsprofile' => '/settingsprofile=Default',
  'deviceid' => '/deviceID=4a436adb-4b99-40a7-85b0-42e206f41286',
  'autoselectcharacter' => '/autoSelectCharacter:2121891348',
  'language' => '/language=en',
  'exp' => '1702625821',
  'tokenExpires' => '2023-12-15 09:37:01.000'
}    18000247
2023-12-15 07:27:03.160    app     info:    [AuthenticationMiddleware] User information updated
2023-12-15 07:27:03.160    app     info:    [client-queue] Started client from group startup    {
  product: 'eve-online',
  tenant: 'tranquility',
  characterId: 2121891348,
  profile: '',
  userId: 18000247
}
2023-12-15 07:27:03.233    app     info:    [quasar-events] Sent 'eve_launcher.electron.eve_client.GameClientStartRequested'
2023-12-15 07:27:03.234    app     info:    [quasar-events] Sent 'eve_launcher.electron.eve_client.TemporaryClientProcessAdded'
2023-12-15 07:27:03.687    app     info:    [client-manager] Found 'tranquility' client for '18000247' running:     {
  processId: 5576,
  createdDate: 1702625223163,
  userId: 18000247,
  characterId: 2121891348,
  profile: 'Default',
  dxVersion: 'dx12'
}
2023-12-15 07:27:03.781    app     info:    [quasar-events] Sent 'eve_launcher.electron.eve_client.TemporaryClientProcessMonitoringRetried'
2023-12-15 07:27:03.781    app     info:    [quasar-events] Sent 'eve_launcher.electron.eve_client.GameClientStarted'
2023-12-15 07:27:03.781    app     info:    [quasar-events] Sent 'eve_launcher.electron.eve_client.TemporaryClientProcessRemoved'
2023-12-15 07:27:04.175    app     info:    [client-queue] Queue has stopped running, no more clients pending startup.
2023-12-15 07:29:22.248    app     info:    [self-update] Checking for a launcher update...
2023-12-15 07:29:22.536    app     info:    [self-update] Currently running the latest launcher version. Scheduling update check in 5 minutes.
2023-12-15 07:31:32.933    app     info:    [server-manager] Starting refresh cycle for eve-online / Tranquility
2023-12-15 07:31:33.079    app     info:    [server-manager] Previous Tranquility build: 2452057, current build: 2452057
2023-12-15 07:31:33.079    app     info:    [server-manager] Tranquility build is unchanged.
2023-12-15 07:31:33.085    app     info:    [server-manager] Ready to play!
2023-12-15 07:31:33.088    app     info:    [server-manager] Finished refresh cycle for Tranquility
2023-12-15 07:34:19.518    app     info:    [creatives] Requesting creatives
2023-12-15 07:34:19.632    app     info:    [creatives] Received 3 creatives
2023-12-15 07:34:22.539    app     info:    [self-update] Checking for a launcher update...
2023-12-15 07:34:22.837    app     info:    [self-update] Currently running the latest launcher version. Scheduling update check in 5 minutes.
2023-12-15 07:36:33.090    app     info:    [server-manager] Starting refresh cycle for eve-online / Tranquility
2023-12-15 07:36:33.537    app     info:    [server-manager] Previous Tranquility build: 2452057, current build: 2452057
2023-12-15 07:36:33.538    app     info:    [server-manager] Tranquility build is unchanged.
2023-12-15 07:36:33.542    app     info:    [server-manager] Ready to play!
2023-12-15 07:36:33.546    app     info:    [server-manager] Finished refresh cycle for Tranquility
2023-12-15 07:39:22.848    app     info:    [self-update] Checking for a launcher update...
2023-12-15 07:39:23.141    app     info:    [self-update] Currently running the latest launcher version. Scheduling update check in 5 minutes.
2023-12-15 07:40:43.594    app     info:    [ipc-requests] Handling requests in the background
2023-12-15 07:40:44.602    app     info:    [ipc-requests] No longer handling requests in the background
2023-12-15 07:41:02.375    app     info:    [tray] Main window moved to top from tray    { windowId: 2 }
2023-12-15 07:41:33.556    app     info:    [server-manager] Starting refresh cycle for eve-online / Tranquility
2023-12-15 07:41:33.732    app     info:    [server-manager] Previous Tranquility build: 2452057, current build: 2452057
2023-12-15 07:41:33.732    app     info:    [server-manager] Tranquility build is unchanged.
2023-12-15 07:41:33.736    app     info:    [server-manager] Ready to play!
2023-12-15 07:41:33.739    app     info:    [server-manager] Finished refresh cycle for Tranquility
2023-12-15 07:44:13.331    app     info:    [main-window] Main window minimized to tray    { windowId: 2 }
2023-12-15 07:44:13.348    app     info:    [main-window] Sent notification that the application is minimized to tray    { windowId: 2 }
2023-12-15 07:44:13.355    app     info:    [ipc-requests] Handling requests in the background
2023-12-15 07:44:14.366    app     info:    [ipc-requests] No longer handling requests in the background
2023-12-15 07:44:23.152    app     info:    [self-update] Checking for a launcher update...
2023-12-15 07:44:23.444    app     info:    [self-update] Currently running the latest launcher version. Scheduling update check in 5 minutes.
2023-12-15 07:46:33.754    app     info:    [server-manager] Starting refresh cycle for eve-online / Tranquility
2023-12-15 07:46:33.884    app     info:    [server-manager] Previous Tranquility build: 2452057, current build: 2452057
2023-12-15 07:46:33.884    app     info:    [server-manager] Tranquility build is unchanged.
2023-12-15 07:46:33.890    app     info:    [server-manager] Ready to play!
2023-12-15 07:46:33.893    app     info:    [server-manager] Finished refresh cycle for Tranquility
2023-12-15 07:49:23.456    app     info:    [self-update] Checking for a launcher update...
2023-12-15 07:49:23.739    app     info:    [self-update] Currently running the latest launcher version. Scheduling update check in 5 minutes.
2023-12-15 07:51:33.896    app     info:    [server-manager] Starting refresh cycle for eve-online / Tranquility
2023-12-15 07:51:34.050    app     info:    [server-manager] Previous Tranquility build: 2452057, current build: 2452057
2023-12-15 07:51:34.051    app     info:    [server-manager] Tranquility build is unchanged.
2023-12-15 07:51:34.056    app     info:    [server-manager] Ready to play!
2023-12-15 07:51:34.059    app     info:    [server-manager] Finished refresh cycle for Tranquility
2023-12-15 07:54:23.743    app     info:    [self-update] Checking for a launcher update...
2023-12-15 07:54:24.012    app     info:    [self-update] Currently running the latest launcher version. Scheduling update check in 5 minutes.
2023-12-15 07:56:34.069    app     info:    [server-manager] Starting refresh cycle for eve-online / Tranquility
2023-12-15 07:56:34.244    app     info:    [server-manager] Previous Tranquility build: 2452057, current build: 2452057
2023-12-15 07:56:34.244    app     info:    [server-manager] Tranquility build is unchanged.
2023-12-15 07:56:34.249    app     info:    [server-manager] Ready to play!
2023-12-15 07:56:34.253    app     info:    [server-manager] Finished refresh cycle for Tranquility
2023-12-15 07:59:24.016    app     info:    [self-update] Checking for a launcher update...
2023-12-15 07:59:24.301    app     info:    [self-update] Currently running the latest launcher version. Scheduling update check in 5 minutes.
2023-12-15 08:01:34.264    app     info:    [server-manager] Starting refresh cycle for eve-online / Tranquility
2023-12-15 08:01:34.444    app     info:    [server-manager] Previous Tranquility build: 2452057, current build: 2452057
2023-12-15 08:01:34.445    app     info:    [server-manager] Tranquility build is unchanged.
2023-12-15 08:01:34.450    app     info:    [server-manager] Ready to play!
2023-12-15 08:01:34.453    app     info:    [server-manager] Finished refresh cycle for Tranquility
2023-12-15 08:04:12.738    app     info:    [tray] Main window restored from tray    { windowId: 2 }
2023-12-15 08:04:16.694    app     info:    [client-queue] Stopping client for 18000247 on tranquility
2023-12-15 08:04:16.734    app     info:    [client-manager] Client (5576) asked to quit nicely.
2023-12-15 08:04:16.840    app     info:    [quasar-events] Sent 'eve_launcher.electron.eve_client.GameClientStopRequested'
2023-12-15 08:04:17.604    app     info:    [client-manager] 'tranquility' for EVE game client for '18000247' exited with no errors.
2023-12-15 08:04:17.614    app     info:    [server-manager] Starting refresh cycle for eve-online / Tranquility
2023-12-15 08:04:17.722    app     info:    [quasar-events] Sent 'eve_launcher.electron.eve_client.GameClientExited'
2023-12-15 08:04:17.783    app     info:    [server-manager] Previous Tranquility build: 2452057, current build: 2452057
2023-12-15 08:04:17.783    app     info:    [server-manager] Tranquility build is unchanged.
2023-12-15 08:04:17.789    app     info:    [server-manager] Ready to play!
2023-12-15 08:04:17.792    app     info:    [server-manager] Finished refresh cycle for Tranquility
2023-12-15 08:04:24.314    app     info:    [self-update] Checking for a launcher update...
2023-12-15 08:04:24.684    app     info:    [self-update] Currently running the latest launcher version. Scheduling update check in 5 minutes.
2023-12-15 08:04:25.688    app     info:    [main-window] Main window minimized to tray    { windowId: 2 }
2023-12-15 08:04:25.695    app     info:    [ipc-requests] Handling requests in the background
2023-12-15 08:04:26.709    app     info:    [ipc-requests] No longer handling requests in the background
2023-12-15 08:04:27.531    app     info:    [tray] Main window restored from tray    { windowId: 2 }
2023-12-15 08:04:33.413    app     info:    [client-queue] Queued client startup    {
  product: 'eve-online',
  tenant: 'tranquility',
  userId: 18000247,
  characterId: 2121891348,
  profile: ''
}
2023-12-15 08:04:33.414    app     info:    [elg-events] Sending event    eve_launcher.electron.eve_client.ClientQueued
2023-12-15 08:04:33.415    app     info:    [client-queue] No clients running for tranquility, copying files before starting a client
2023-12-15 08:04:33.418    app     info:    [elg-events] Sending event    eve_launcher.electron.eve_client.CopyingFilesStarted
2023-12-15 08:04:33.418    app     info:    [binary-copier] Copying 194 files (216 MB) to 'C:\CCP\EVE Online\tq'
2023-12-15 08:04:33.435    app     info:    [binary-copier] Removing old binaries
2023-12-15 08:04:33.463    app     info:    [binary-copier] Copying binaries from ResFiles
2023-12-15 08:04:33.819    app     info:    [binary-copier] Finished copying 194 files to 'C:\CCP\EVE Online\tq' in 0.402 seconds
2023-12-15 08:04:33.821    app     info:    [elg-events] Sending event    eve_launcher.electron.eve_client.CopyingFilesFinished
2023-12-15 08:04:33.824    app     info:    [authentication] Token for '18000247' on 'tranquility' is expired, refresh is required
2023-12-15 08:04:33.824    app     info:    [authentication] Refreshing token for '18000247' on 'tranquility'
2023-12-15 08:04:33.909    app     info:    [authentication] Token for '18000247' on 'tranquility' has been successfully refreshed
2023-12-15 08:04:33.911    app     info:    [elg-events] Sending event    eve_launcher.electron.authentication.UserTokensRefreshed
2023-12-15 08:04:33.912    app     info:    [customer-information] Getting character information for '18000247' on 'tranquility'
2023-12-15 08:04:33.913    app     info:    [customer-information] Getting Omega status for '18000247' on 'tranquility'
2023-12-15 08:04:33.913    app     info:    [virtual-goods] Getting Plex status for '18000247' on 'tranquility'
2023-12-15 08:04:33.925    app     info:    [client-manager] Starting EVE Online game client.    C:\CCP\EVE Online\tq\bin64\exefile.exe    Map(11) {
  'noconsole' => '/noconsole',
  'server' => '/server:tranquility.servers.eveonline.com',
  'triplatform' => '/triplatform=dx12',
  'ssotoken' => '/ssoToken=***',
  'refreshtoken' => '/refreshToken=***',
  'settingsprofile' => '/settingsprofile=Default',
  'deviceid' => '/deviceID=4a436adb-4b99-40a7-85b0-42e206f41286',
  'autoselectcharacter' => '/autoSelectCharacter:2121891348',
  'language' => '/language=en',
  'exp' => '1702628072',
  'tokenExpires' => '2023-12-15 10:14:32.000'
}    18000247
2023-12-15 08:04:33.967    app     info:    [client-queue] Started client from group startup    {
  product: 'eve-online',
  tenant: 'tranquility',
  characterId: 2121891348,
  profile: '',
  userId: 18000247
}
2023-12-15 08:04:34.028    app     info:    [quasar-events] Sent 'eve_launcher.electron.eve_client.GameClientStartRequested'
2023-12-15 08:04:34.029    app     info:    [quasar-events] Sent 'eve_launcher.electron.eve_client.TemporaryClientProcessAdded'
2023-12-15 08:04:34.083    app     info:    [virtual-goods] Fetched Plex status for '18000247' on 'tranquility'
2023-12-15 08:04:34.105    app     info:    [esi] Fetching character details for 2115007749, 2121891348
2023-12-15 08:04:34.114    app     info:    [AuthenticationMiddleware] User information updated
2023-12-15 08:04:34.486    app     info:    [client-manager] Found 'tranquility' client for '18000247' running:     {
  processId: 7044,
  createdDate: 1702627473975,
  userId: 18000247,
  characterId: 2121891348,
  profile: 'Default',
  dxVersion: 'dx12'
}
2023-12-15 08:04:34.512    app     info:    [esi] Fetched 2 character details for 18000247
2023-12-15 08:04:34.586    app     info:    [quasar-events] Sent 'eve_launcher.electron.eve_client.TemporaryClientProcessMonitoringRetried'
2023-12-15 08:04:34.587    app     info:    [quasar-events] Sent 'eve_launcher.electron.eve_client.GameClientStarted'
2023-12-15 08:04:34.587    app     info:    [quasar-events] Sent 'eve_launcher.electron.eve_client.TemporaryClientProcessRemoved'
2023-12-15 08:04:34.981    app     info:    [client-queue] Queue has stopped running, no more clients pending startup.
2023-12-15 08:07:32.799    app     info:    [client-manager] 'tranquility' for EVE game client for '18000247' exited with no errors.
2023-12-15 08:07:32.814    app     info:    [server-manager] Starting refresh cycle for eve-online / Tranquility
2023-12-15 08:07:32.905    app     info:    [quasar-events] Sent 'eve_launcher.electron.eve_client.GameClientExited'
2023-12-15 08:07:32.947    app     info:    [server-manager] Previous Tranquility build: 2452057, current build: 2452057
2023-12-15 08:07:32.947    app     info:    [server-manager] Tranquility build is unchanged.
2023-12-15 08:07:32.952    app     info:    [server-manager] Ready to play!
2023-12-15 08:07:32.955    app     info:    [server-manager] Finished refresh cycle for Tranquility
2023-12-15 08:07:33.984    app     info:    [main-window] Main window minimized to tray    { windowId: 2 }
2023-12-15 08:07:33.995    app     info:    [ipc-requests] Handling requests in the background
2023-12-15 08:07:35.010    app     info:    [ipc-requests] No longer handling requests in the background
