2023-12-12 14:29:18.301    app     info:    Startup arguments    []
2023-12-12 14:29:18.305    app     info:    [self-update] Starting automatic update checks
2023-12-12 14:29:18.305    app     info:    [self-update] Waiting for update feed before starting update checks
2023-12-12 14:29:18.405    app     info:    [i18next] Changed language    en
2023-12-12 14:29:18.448    app     info:    [AuthenticationMiddleware] Character information for '16492377' on 'tranquility' was loaded recently, skipping refresh.
2023-12-12 14:29:18.448    app     info:    [AuthenticationMiddleware] Plex information for '16492377' on 'tranquility' was loaded recently, skipping refresh.
2023-12-12 14:29:18.450    app     info:    [AuthenticationMiddleware] Character information for '17525312' on 'tranquility' was loaded recently, skipping refresh.
2023-12-12 14:29:18.451    app     info:    [AuthenticationMiddleware] Plex information for '17525312' on 'tranquility' was loaded recently, skipping refresh.
2023-12-12 14:29:18.451    app     info:    [AuthenticationMiddleware] Character information for '25218835' on 'tranquility' was loaded recently, skipping refresh.
2023-12-12 14:29:18.451    app     info:    [AuthenticationMiddleware] Plex information for '25218835' on 'tranquility' was loaded recently, skipping refresh.
2023-12-12 14:29:18.452    app     info:    [AuthenticationMiddleware] Character information for '29280260' on 'tranquility' was loaded recently, skipping refresh.
2023-12-12 14:29:18.452    app     info:    [AuthenticationMiddleware] Plex information for '29280260' on 'tranquility' was loaded recently, skipping refresh.
2023-12-12 14:29:18.452    app     info:    [AuthenticationMiddleware] Character information for '29285645' on 'tranquility' was loaded recently, skipping refresh.
2023-12-12 14:29:18.452    app     info:    [AuthenticationMiddleware] Plex information for '29285645' on 'tranquility' was loaded recently, skipping refresh.
2023-12-12 14:29:18.453    app     info:    [AuthenticationMiddleware] Character information for '18034259' on 'tranquility' was loaded recently, skipping refresh.
2023-12-12 14:29:18.453    app     info:    [AuthenticationMiddleware] Plex information for '18034259' on 'tranquility' was loaded recently, skipping refresh.
2023-12-12 14:29:18.453    app     info:    [AuthenticationMiddleware] Character information for '28182799' on 'tranquility' was loaded recently, skipping refresh.
2023-12-12 14:29:18.453    app     info:    [AuthenticationMiddleware] Plex information for '28182799' on 'tranquility' was loaded recently, skipping refresh.
2023-12-12 14:29:18.454    app     info:    [AuthenticationMiddleware] Character information for '2110311' on 'tranquility' was loaded recently, skipping refresh.
2023-12-12 14:29:18.454    app     info:    [AuthenticationMiddleware] Plex information for '2110311' on 'tranquility' was loaded recently, skipping refresh.
2023-12-12 14:29:18.454    app     info:    [AuthenticationMiddleware] Character information for '23622903' on 'tranquility' was loaded recently, skipping refresh.
2023-12-12 14:29:18.454    app     info:    [AuthenticationMiddleware] Plex information for '23622903' on 'tranquility' was loaded recently, skipping refresh.
2023-12-12 14:29:18.454    app     info:    [AuthenticationMiddleware] Character information for '26239201' on 'tranquility' was loaded recently, skipping refresh.
2023-12-12 14:29:18.455    app     info:    [AuthenticationMiddleware] Plex information for '26239201' on 'tranquility' was loaded recently, skipping refresh.
2023-12-12 14:29:18.455    app     info:    [device-id] Device id found in state
2023-12-12 14:29:18.462    app     info:    [analytics] Application name:    EVE Online
2023-12-12 14:29:18.463    app     info:    [analytics] Application version:    1.1.0
2023-12-12 14:29:18.463    app     info:    [analytics] Domain    undefined
2023-12-12 14:29:18.464    app     info:    [analytics] Working directory    C:\Users\REDACTED\AppData\Local\eve-online\app-1.1.0
2023-12-12 14:29:18.464    app     info:    [analytics] Username contains UTF8?    false
2023-12-12 14:29:19.291    app     info:    [elg-events] Sending event    eve_launcher.electron.application.PdmLoaded
2023-12-12 14:29:19.294    app     info:    [analytics] Operating system    {
  type: 'Windows',
  name: 'Windows 10 Education',
  version: '10.0 (19045)'
}
2023-12-12 14:29:19.295    app     info:    [analytics] Encryption available:    true
2023-12-12 14:29:19.295    app     info:    [analytics] Machine UUID    4E9F516C-5B97-47C6-8C67-E93D943CB7C8
2023-12-12 14:29:19.295    app     info:    [analytics] PDM Version    2.1.4
2023-12-12 14:29:19.295    app     info:    [analytics] Release channel    release
2023-12-12 14:29:19.297    app     info:    [initializers] Shared cache directory set to    C:\CCP\EVE Online
2023-12-12 14:29:19.307    app     info:    [initializers] Shared cache drive free space: 61,52 GiB / 465,75 GiB
2023-12-12 14:29:19.315    app     info:    [elg-events] Sending event    eve_launcher.electron.application.LauncherStarted
2023-12-12 14:29:19.318    app     info:    [elg-events] Sending event    eve_launcher.electron.application.CoreDataLoaded
2023-12-12 14:29:19.319    app     info:    [cdn-trace] Fetching CDN trace data from https://binaries.eveonline.com/cdn-cgi/trace
2023-12-12 14:29:19.334    app     info:    [feature-flags] Initializing feature flag client
2023-12-12 14:29:19.338    app     info:    [AuthenticationMiddleware] Successfully restored 20 / 20 users
2023-12-12 14:29:19.416    app     info:    [first-run] First application run was at 2023-11-27T10:29:20.506Z
2023-12-12 14:29:19.443    app     info:    [cache-protocol] Found 0 entries to remove
2023-12-12 14:29:19.443    app     info:    [cache-protocol] Nothing to clean up.
2023-12-12 14:29:19.511    app     info:    [server-manager] Starting refresh cycle for eve-online / Tranquility
2023-12-12 14:29:19.523    app     info:    info: [LaunchDarkly] LaunchDarkly client initialized    []
2023-12-12 14:29:19.524    app     info:    info: [LaunchDarkly] Opening stream connection to https://clientstream.launchdarkly.com/eval/64c3d12e27a4b11365012d39/eyJrZXkiOiI0YTQzNmFkYi00Yjk5LTQwYTctODViMC00MmUyMDZmNDEyODYiLCJraW5kIjoidXNlciIsImN1c3RvbSI6eyJpc0ZpcnN0UnVuIjpmYWxzZSwiZGF5c1NpbmNlRmlyc3RSdW4iOjE1LCJsYW5ndWFnZSI6ImVuIiwiYXBwbGljYXRpb24iOiJldmUtb25saW5lIiwidmVyc2lvbiI6IjEuMS4wIiwicGxhdGZvcm0iOiJ3aW5kb3dzIiwib3NWZXJzaW9uRGVwcmVjYXRlZCI6ZmFsc2UsInVzZXJJZHMiOlsyNTIxODgzNSwyNjIzOTIwMSwyMTEwMzExLDI5Mjg1NjQ1XSwib21lZ2FDb3VudCI6MCwiYWxwaGFDb3VudCI6MTAsImFjY291bnRDb3VudCI6MTAsIm9sZGVzdEFjY291bnRBZ2UiOjU5OTgsInlvdW5nZXN0QWNjb3VudEFnZSI6MTF9fQ?withReasons=true    []
2023-12-12 14:29:19.525    app     info:    [feature-flags] Client 4a436adb... ready, fetching flags
2023-12-12 14:29:19.528    app     info:    [feature-flags] Received 17 flags for client 4a436adb...
2023-12-12 14:29:19.529    app     info:    [feature-flags] Client initialized with key 4a436adb...
2023-12-12 14:29:19.530    app     info:    [self-update] Update feed set, starting update checks
2023-12-12 14:29:19.530    app     info:    [self-update] Starting automatic update checks
2023-12-12 14:29:19.531    app     info:    [self-update] Checking for a launcher update...
2023-12-12 14:29:19.563    app     info:    [customer-information] Agreements have been updated
2023-12-12 14:29:19.667    app     info:    [server-manager] Previous Tranquility build: 2450028, current build: 2450028
2023-12-12 14:29:19.667    app     info:    [server-manager] Tranquility build is unchanged.
2023-12-12 14:29:19.674    app     info:    [server-manager] Ready to play!
2023-12-12 14:29:19.678    app     info:    [server-manager] Finished refresh cycle for Tranquility
2023-12-12 14:29:19.829    app     info:    [self-update] Currently running the latest launcher version. Scheduling update check in 5 minutes.
2023-12-12 14:29:20.130    app     warn:    [steam-auth] Failed to initialize Steamworks client
2023-12-12 14:29:20.137    app     info:    [main-window] Registering main window    { windowId: 2 }
2023-12-12 14:29:20.146    app     info:    [cdn-trace] Fetching CDN trace data from https://binaries.eveonline.com/cdn-cgi/trace
2023-12-12 14:29:20.148    app     info:    [creatives] Requesting creatives
2023-12-12 14:29:20.156    app     info:    [elg-events] Sending event    eve_launcher.electron.application.RendererLoaded
2023-12-12 14:29:20.302    app     info:    [creatives] Received 3 creatives
2023-12-12 14:29:21.021     ui     info:    Initializing captcha    ccp://launcher/renderer/main_window/index.js    2
2023-12-12 14:29:28.180    app     info:    [analytics] Hardware rendering enabled:    true    { disabledViaCommandline: false, disabledViaSettings: false }
2023-12-12 14:29:37.717    app     info:    [AuthenticationMiddleware] Character information for '18034259' on 'tranquility' was loaded recently, skipping refresh.
2023-12-12 14:29:37.717    app     info:    [AuthenticationMiddleware] Plex information for '18034259' on 'tranquility' was loaded recently, skipping refresh.
2023-12-12 14:29:38.721    app     info:    [AuthenticationMiddleware] Character information for '18034259' on 'tranquility' was loaded recently, skipping refresh.
2023-12-12 14:29:38.722    app     info:    [AuthenticationMiddleware] Plex information for '18034259' on 'tranquility' was loaded recently, skipping refresh.
2023-12-12 14:29:39.774    app     info:    [client-queue] Queued client startup    {
  product: 'eve-online',
  tenant: 'tranquility',
  userId: 18034259,
  characterId: 2121177973,
  profile: ''
}
2023-12-12 14:29:39.777    app     info:    [elg-events] Sending event    eve_launcher.electron.eve_client.ClientQueued
2023-12-12 14:29:39.777    app     info:    [client-queue] No clients running for tranquility, copying files before starting a client
2023-12-12 14:29:39.782    app     info:    [elg-events] Sending event    eve_launcher.electron.eve_client.CopyingFilesStarted
2023-12-12 14:29:39.782    app     info:    [binary-copier] Copying 194 files (216 MB) to 'C:\CCP\EVE Online\tq'
2023-12-12 14:29:39.801    app     info:    [binary-copier] Removing old binaries
2023-12-12 14:29:39.827    app     info:    [binary-copier] Copying binaries from ResFiles
2023-12-12 14:29:40.191    app     info:    [binary-copier] Finished copying 194 files to 'C:\CCP\EVE Online\tq' in 0.411 seconds
2023-12-12 14:29:40.193    app     info:    [elg-events] Sending event    eve_launcher.electron.eve_client.CopyingFilesFinished
2023-12-12 14:29:40.259    app     info:    [client-manager] Starting EVE Online game client.    C:\CCP\EVE Online\tq\bin64\exefile.exe    Map(11) {
  'noconsole' => '/noconsole',
  'server' => '/server:tranquility.servers.eveonline.com',
  'triplatform' => '/triplatform=dx12',
  'ssotoken' => '/ssoToken=***',
  'refreshtoken' => '/refreshToken=***',
  'settingsprofile' => '/settingsprofile=Default',
  'deviceid' => '/deviceID=4a436adb-4b99-40a7-85b0-42e206f41286',
  'autoselectcharacter' => '/autoSelectCharacter:2121177973',
  'language' => '/language=en',
  'exp' => '1702391940',
  'tokenExpires' => '2023-12-12 16:39:00.000'
}    18034259
2023-12-12 14:29:40.302    app     info:    [client-queue] Started client from group startup    {
  product: 'eve-online',
  tenant: 'tranquility',
  characterId: 2121177973,
  profile: '',
  userId: 18034259
}
2023-12-12 14:29:40.370    app     info:    [quasar-events] Sent 'eve_launcher.electron.eve_client.GameClientStartRequested'
2023-12-12 14:29:40.371    app     info:    [quasar-events] Sent 'eve_launcher.electron.eve_client.TemporaryClientProcessAdded'
2023-12-12 14:29:40.828    app     info:    [client-manager] Found 'tranquility' client for '18034259' running:     {
  processId: 4424,
  createdDate: 1702391380308,
  userId: 18034259,
  characterId: 2121177973,
  profile: 'Default',
  dxVersion: 'dx12'
}
2023-12-12 14:29:40.928    app     info:    [quasar-events] Sent 'eve_launcher.electron.eve_client.TemporaryClientProcessMonitoringRetried'
2023-12-12 14:29:40.929    app     info:    [quasar-events] Sent 'eve_launcher.electron.eve_client.GameClientStarted'
2023-12-12 14:29:40.930    app     info:    [quasar-events] Sent 'eve_launcher.electron.eve_client.TemporaryClientProcessRemoved'
2023-12-12 14:29:41.317    app     info:    [client-queue] Queue has stopped running, no more clients pending startup.
2023-12-12 14:29:49.614    app     warn:    Could not connect to LogLite    [
  Error: connect ECONNREFUSED 127.0.0.1:3273
      at TCPConnectWrap.afterConnect [as oncomplete] (node:net:1247:16) {
    errno: -4078,
    code: 'ECONNREFUSED',
    syscall: 'connect',
    address: '127.0.0.1',
    port: 3273
  }
]
2023-12-12 14:31:48.490    app     info:    [client-manager] 'tranquility' for EVE game client for '18034259' exited with no errors.
2023-12-12 14:31:48.501    app     info:    [server-manager] Starting refresh cycle for eve-online / Tranquility
2023-12-12 14:31:48.602    app     info:    [quasar-events] Sent 'eve_launcher.electron.eve_client.GameClientExited'
2023-12-12 14:31:48.671    app     info:    [server-manager] Previous Tranquility build: 2450028, current build: 2450028
2023-12-12 14:31:48.672    app     info:    [server-manager] Tranquility build is unchanged.
2023-12-12 14:31:48.678    app     info:    [server-manager] Ready to play!
2023-12-12 14:31:48.683    app     info:    [server-manager] Finished refresh cycle for Tranquility
2023-12-12 14:31:51.465    app     info:    [AuthenticationMiddleware] Character information for '25218835' on 'tranquility' was loaded recently, skipping refresh.
2023-12-12 14:31:51.465    app     info:    [AuthenticationMiddleware] Plex information for '25218835' on 'tranquility' was loaded recently, skipping refresh.
2023-12-12 14:31:52.753    app     info:    [AuthenticationMiddleware] Character information for '25218835' on 'tranquility' was loaded recently, skipping refresh.
2023-12-12 14:31:52.754    app     info:    [AuthenticationMiddleware] Plex information for '25218835' on 'tranquility' was loaded recently, skipping refresh.
2023-12-12 14:31:53.572    app     info:    [client-queue] Queued client startup    {
  product: 'eve-online',
  tenant: 'tranquility',
  userId: 25218835,
  characterId: 2120347635,
  profile: ''
}
2023-12-12 14:31:53.574    app     info:    [elg-events] Sending event    eve_launcher.electron.eve_client.ClientQueued
2023-12-12 14:31:53.574    app     info:    [client-queue] No clients running for tranquility, copying files before starting a client
2023-12-12 14:31:53.579    app     info:    [elg-events] Sending event    eve_launcher.electron.eve_client.CopyingFilesStarted
2023-12-12 14:31:53.579    app     info:    [binary-copier] Copying 194 files (216 MB) to 'C:\CCP\EVE Online\tq'
2023-12-12 14:31:53.595    app     info:    [binary-copier] Removing old binaries
2023-12-12 14:31:53.623    app     info:    [binary-copier] Copying binaries from ResFiles
2023-12-12 14:31:53.984    app     info:    [binary-copier] Finished copying 194 files to 'C:\CCP\EVE Online\tq' in 0.407 seconds
2023-12-12 14:31:53.986    app     info:    [elg-events] Sending event    eve_launcher.electron.eve_client.CopyingFilesFinished
2023-12-12 14:31:53.991    app     info:    [client-manager] Starting EVE Online game client.    C:\CCP\EVE Online\tq\bin64\exefile.exe    Map(11) {
  'noconsole' => '/noconsole',
  'server' => '/server:tranquility.servers.eveonline.com',
  'triplatform' => '/triplatform=dx12',
  'ssotoken' => '/ssoToken=***',
  'refreshtoken' => '/refreshToken=***',
  'settingsprofile' => '/settingsprofile=Default',
  'deviceid' => '/deviceID=4a436adb-4b99-40a7-85b0-42e206f41286',
  'autoselectcharacter' => '/autoSelectCharacter:2120347635',
  'language' => '/language=en',
  'exp' => '1702391940',
  'tokenExpires' => '2023-12-12 16:39:00.000'
}    25218835
2023-12-12 14:31:54.025    app     info:    [client-queue] Started client from group startup    {
  product: 'eve-online',
  tenant: 'tranquility',
  characterId: 2120347635,
  profile: '',
  userId: 25218835
}
2023-12-12 14:31:54.096    app     info:    [quasar-events] Sent 'eve_launcher.electron.eve_client.GameClientStartRequested'
2023-12-12 14:31:54.096    app     info:    [quasar-events] Sent 'eve_launcher.electron.eve_client.TemporaryClientProcessAdded'
2023-12-12 14:31:54.542    app     info:    [client-manager] Found 'tranquility' client for '25218835' running:     {
  processId: 11376,
  createdDate: 1702391514058,
  userId: 25218835,
  characterId: 2120347635,
  profile: 'Default',
  dxVersion: 'dx12'
}
2023-12-12 14:31:54.644    app     info:    [quasar-events] Sent 'eve_launcher.electron.eve_client.TemporaryClientProcessMonitoringRetried'
2023-12-12 14:31:54.645    app     info:    [quasar-events] Sent 'eve_launcher.electron.eve_client.GameClientStarted'
2023-12-12 14:31:54.645    app     info:    [quasar-events] Sent 'eve_launcher.electron.eve_client.TemporaryClientProcessRemoved'
2023-12-12 14:31:55.037    app     info:    [client-queue] Queue has stopped running, no more clients pending startup.
2023-12-12 14:34:19.839    app     info:    [self-update] Checking for a launcher update...
2023-12-12 14:34:20.139    app     info:    [self-update] Currently running the latest launcher version. Scheduling update check in 5 minutes.
2023-12-12 14:36:48.690    app     info:    [server-manager] Starting refresh cycle for eve-online / Tranquility
2023-12-12 14:36:48.831    app     info:    [server-manager] Previous Tranquility build: 2450028, current build: 2450028
2023-12-12 14:36:48.831    app     info:    [server-manager] Tranquility build is unchanged.
2023-12-12 14:36:48.836    app     info:    [server-manager] Ready to play!
2023-12-12 14:36:48.839    app     info:    [server-manager] Finished refresh cycle for Tranquility
2023-12-12 14:37:03.776    app     info:    [AuthenticationMiddleware] Character information for '29280260' on 'tranquility' was loaded recently, skipping refresh.
2023-12-12 14:37:03.776    app     info:    [AuthenticationMiddleware] Plex information for '29280260' on 'tranquility' was loaded recently, skipping refresh.
2023-12-12 14:38:10.001    app     info:    [client-manager] 'tranquility' for EVE game client for '25218835' exited with no errors.
2023-12-12 14:38:10.011    app     info:    [server-manager] Starting refresh cycle for eve-online / Tranquility
2023-12-12 14:38:10.114    app     info:    [quasar-events] Sent 'eve_launcher.electron.eve_client.GameClientExited'
2023-12-12 14:38:10.201    app     info:    [server-manager] Previous Tranquility build: 2450028, current build: 2450028
2023-12-12 14:38:10.201    app     info:    [server-manager] Tranquility build is unchanged.
2023-12-12 14:38:10.211    app     info:    [server-manager] Ready to play!
2023-12-12 14:38:10.216    app     info:    [server-manager] Finished refresh cycle for Tranquility
2023-12-12 14:38:12.695    app     info:    [main-window] Main window minimized to tray    { windowId: 2 }
2023-12-12 14:38:12.718    app     info:    [main-window] Sent notification that the application is minimized to tray    { windowId: 2 }
2023-12-12 14:38:12.724    app     info:    [ipc-requests] Handling requests in the background
2023-12-12 14:38:13.732    app     info:    [ipc-requests] No longer handling requests in the background
2023-12-12 14:38:14.834    app     info:    [tray] Quitting application from tray
2023-12-12 14:38:14.836    app     info:    Application quitting. Cleanup needed: true
2023-12-12 14:38:14.837    app     info:    [elg-events] Sending event    eve_launcher.electron.application.LauncherShutdown
2023-12-12 14:38:14.839    app     info:    app.quit called, but we are still sending ELG events.
2023-12-12 14:38:15.442    app     info:    ELG stream closed, quitting.
2023-12-12 14:38:15.444    app     info:    [main-window] Main window closing    { windowId: 2 }
2023-12-12 14:38:15.469    app     info:    Application closed    0
