2023-12-25 09:19:56.483    app     info:    Startup arguments    []
2023-12-25 09:19:56.488    app     info:    [self-update] Starting automatic update checks
2023-12-25 09:19:56.488    app     info:    [self-update] Waiting for update feed before starting update checks
2023-12-25 09:19:56.490    app     info:    [preload] High DPI scaling enabled by settings
2023-12-25 09:19:56.611    app     info:    [i18next] Changed language    en
2023-12-25 09:19:56.711    app     info:    [authentication] Token for '16492377' on 'tranquility' is expired, refresh is required
2023-12-25 09:19:56.712    app     info:    [authentication] Refreshing token for '16492377' on 'tranquility'
2023-12-25 09:19:56.713    app     info:    [authentication] Token for '17525312' on 'tranquility' is expired, refresh is required
2023-12-25 09:19:56.713    app     info:    [authentication] Refreshing token for '17525312' on 'tranquility'
2023-12-25 09:19:56.713    app     info:    [authentication] Token for '25218835' on 'tranquility' is expired, refresh is required
2023-12-25 09:19:56.714    app     info:    [authentication] Refreshing token for '25218835' on 'tranquility'
2023-12-25 09:19:56.714    app     info:    [customer-information] Getting character information for '29280260' on 'tranquility'
2023-12-25 09:19:56.715    app     info:    [customer-information] Getting Omega status for '29280260' on 'tranquility'
2023-12-25 09:19:56.715    app     info:    [virtual-goods] Getting Plex status for '29280260' on 'tranquility'
2023-12-25 09:19:56.717    app     info:    [customer-information] Getting character information for '29285645' on 'tranquility'
2023-12-25 09:19:56.718    app     info:    [customer-information] Getting Omega status for '29285645' on 'tranquility'
2023-12-25 09:19:56.718    app     info:    [virtual-goods] Getting Plex status for '29285645' on 'tranquility'
2023-12-25 09:19:56.718    app     info:    [authentication] Token for '18034259' on 'tranquility' is expired, refresh is required
2023-12-25 09:19:56.718    app     info:    [authentication] Refreshing token for '18034259' on 'tranquility'
2023-12-25 09:19:56.719    app     info:    [authentication] Token for '28182799' on 'tranquility' is expired, refresh is required
2023-12-25 09:19:56.719    app     info:    [authentication] Refreshing token for '28182799' on 'tranquility'
2023-12-25 09:19:56.719    app     info:    [authentication] Token for '2110311' on 'tranquility' is expired, refresh is required
2023-12-25 09:19:56.719    app     info:    [authentication] Refreshing token for '2110311' on 'tranquility'
2023-12-25 09:19:56.720    app     info:    [authentication] Token for '23622903' on 'tranquility' is expired, refresh is required
2023-12-25 09:19:56.720    app     info:    [authentication] Refreshing token for '23622903' on 'tranquility'
2023-12-25 09:19:56.720    app     info:    [authentication] Token for '26239201' on 'tranquility' is expired, refresh is required
2023-12-25 09:19:56.720    app     info:    [authentication] Refreshing token for '26239201' on 'tranquility'
2023-12-25 09:19:56.721    app     info:    [authentication] Token for '18922386' on 'tranquility' is expired, refresh is required
2023-12-25 09:19:56.721    app     info:    [authentication] Refreshing token for '18922386' on 'tranquility'
2023-12-25 09:19:56.721    app     info:    [authentication] Token for '18000247' on 'tranquility' is expired, refresh is required
2023-12-25 09:19:56.721    app     info:    [authentication] Refreshing token for '18000247' on 'tranquility'
2023-12-25 09:19:56.721    app     info:    [device-id] Device id found in state
2023-12-25 09:19:56.728    app     info:    [analytics] Application name:    EVE Online
2023-12-25 09:19:56.728    app     info:    [analytics] Application version:    1.2.0
2023-12-25 09:19:56.728    app     info:    [analytics] Domain    undefined
2023-12-25 09:19:56.729    app     info:    [analytics] Working directory    C:\Users\REDACTED\AppData\Local\eve-online\app-1.2.0
2023-12-25 09:19:56.729    app     info:    [analytics] Username contains UTF8?    false
2023-12-25 09:19:57.522    app     info:    [elg-events] Sending event    eve_launcher.electron.application.PdmLoaded
2023-12-25 09:19:57.525    app     info:    [analytics] Operating system    {
  type: 'Windows',
  name: 'Windows 10 Education',
  version: '10.0 (19045)'
}
2023-12-25 09:19:57.525    app     info:    [analytics] Encryption available:    true
2023-12-25 09:19:57.526    app     info:    [analytics] Machine UUID    4E9F516C-5B97-47C6-8C67-E93D943CB7C8
2023-12-25 09:19:57.526    app     info:    [analytics] PDM Version    2.1.4
2023-12-25 09:19:57.526    app     info:    [analytics] Release channel    release
2023-12-25 09:19:57.530    app     info:    [initializers] Shared cache directory set to    C:\CCP\EVE Online
2023-12-25 09:19:57.561    app     info:    [initializers] Shared cache drive free space: 126,20 GiB / 465,75 GiB
2023-12-25 09:19:57.570    app     info:    [elg-events] Sending event    eve_launcher.electron.application.LauncherStarted
2023-12-25 09:19:57.574    app     info:    [elg-events] Sending event    eve_launcher.electron.application.CoreDataLoaded
2023-12-25 09:19:57.575    app     info:    [cdn-trace] Fetching CDN trace data from https://binaries.eveonline.com/cdn-cgi/trace
2023-12-25 09:19:57.591    app     info:    [feature-flags] Initializing feature flag client
2023-12-25 09:19:57.699    app     info:    [first-run] First application run was at 2023-11-27T10:29:20.506Z
2023-12-25 09:19:57.748    app     info:    [cache-protocol] Found 0 entries to remove
2023-12-25 09:19:57.748    app     info:    [cache-protocol] Nothing to clean up.
2023-12-25 09:19:57.795    app     info:    [server-manager] Starting refresh cycle for eve-online / Tranquility
2023-12-25 09:19:57.799    app     info:    [virtual-goods] Fetched Plex status for '29285645' on 'tranquility'
2023-12-25 09:19:57.810    app     info:    [virtual-goods] Fetched Plex status for '29280260' on 'tranquility'
2023-12-25 09:19:57.833    app     info:    [esi] Fetching character details for 2121878074
2023-12-25 09:19:57.849    app     info:    info: [LaunchDarkly] LaunchDarkly client initialized    []
2023-12-25 09:19:57.850    app     info:    info: [LaunchDarkly] Opening stream connection to https://clientstream.launchdarkly.com/eval/64c3d12e27a4b11365012d39/eyJrZXkiOiI0YTQzNmFkYi00Yjk5LTQwYTctODViMC00MmUyMDZmNDEyODYiLCJraW5kIjoidXNlciIsImN1c3RvbSI6eyJpc0ZpcnN0UnVuIjpmYWxzZSwiZGF5c1NpbmNlRmlyc3RSdW4iOjI3LCJsYW5ndWFnZSI6ImVuIiwiYXBwbGljYXRpb24iOiJldmUtb25saW5lIiwidmVyc2lvbiI6IjEuMi4wIiwicGxhdGZvcm0iOiJ3aW5kb3dzIiwib3NWZXJzaW9uRGVwcmVjYXRlZCI6ZmFsc2UsInVzZXJJZHMiOlsxNjQ5MjM3NywyNTIxODgzNSwyMTEwMzExLDI5Mjg1NjQ1XSwib21lZ2FDb3VudCI6MCwiYWxwaGFDb3VudCI6MTIsImFjY291bnRDb3VudCI6MTIsIm9sZGVzdEFjY291bnRBZ2UiOjYwMTEsInlvdW5nZXN0QWNjb3VudEFnZSI6MjN9fQ?withReasons=true    []
2023-12-25 09:19:57.851    app     info:    [feature-flags] Client 4a436adb... ready, fetching flags
2023-12-25 09:19:57.856    app     info:    [feature-flags] Received 18 flags for client 4a436adb...
2023-12-25 09:19:57.856    app     info:    [feature-flags] Client initialized with key 4a436adb...
2023-12-25 09:19:57.859    app     info:    [self-update] Update feed set, starting update checks
2023-12-25 09:19:57.859    app     info:    [self-update] Starting automatic update checks
2023-12-25 09:19:57.859    app     info:    [self-update] Checking for a launcher update...
2023-12-25 09:19:57.914    app     info:    [customer-information] Agreements have been updated
2023-12-25 09:19:57.974    app     info:    [authentication] Token for '17525312' on 'tranquility' has been successfully refreshed
2023-12-25 09:19:57.976    app     info:    [elg-events] Sending event    eve_launcher.electron.authentication.UserTokensRefreshed
2023-12-25 09:19:57.977    app     info:    [customer-information] Getting character information for '17525312' on 'tranquility'
2023-12-25 09:19:57.978    app     info:    [customer-information] Getting Omega status for '17525312' on 'tranquility'
2023-12-25 09:19:57.978    app     info:    [virtual-goods] Getting Plex status for '17525312' on 'tranquility'
2023-12-25 09:19:57.989    app     info:    [authentication] Token for '26239201' on 'tranquility' has been successfully refreshed
2023-12-25 09:19:57.990    app     info:    [elg-events] Sending event    eve_launcher.electron.authentication.UserTokensRefreshed
2023-12-25 09:19:57.991    app     info:    [customer-information] Getting character information for '26239201' on 'tranquility'
2023-12-25 09:19:57.992    app     info:    [customer-information] Getting Omega status for '26239201' on 'tranquility'
2023-12-25 09:19:57.992    app     info:    [virtual-goods] Getting Plex status for '26239201' on 'tranquility'
2023-12-25 09:19:58.002    app     info:    [authentication] Token for '28182799' on 'tranquility' has been successfully refreshed
2023-12-25 09:19:58.004    app     info:    [elg-events] Sending event    eve_launcher.electron.authentication.UserTokensRefreshed
2023-12-25 09:19:58.006    app     info:    [customer-information] Getting character information for '28182799' on 'tranquility'
2023-12-25 09:19:58.006    app     info:    [customer-information] Getting Omega status for '28182799' on 'tranquility'
2023-12-25 09:19:58.006    app     info:    [virtual-goods] Getting Plex status for '28182799' on 'tranquility'
2023-12-25 09:19:58.016    app     info:    [authentication] Token for '16492377' on 'tranquility' has been successfully refreshed
2023-12-25 09:19:58.017    app     info:    [elg-events] Sending event    eve_launcher.electron.authentication.UserTokensRefreshed
2023-12-25 09:19:58.018    app     info:    [customer-information] Getting character information for '16492377' on 'tranquility'
2023-12-25 09:19:58.019    app     info:    [customer-information] Getting Omega status for '16492377' on 'tranquility'
2023-12-25 09:19:58.019    app     info:    [virtual-goods] Getting Plex status for '16492377' on 'tranquility'
2023-12-25 09:19:58.028    app     info:    [authentication] Token for '18922386' on 'tranquility' has been successfully refreshed
2023-12-25 09:19:58.030    app     info:    [elg-events] Sending event    eve_launcher.electron.authentication.UserTokensRefreshed
2023-12-25 09:19:58.031    app     info:    [customer-information] Getting character information for '18922386' on 'tranquility'
2023-12-25 09:19:58.031    app     info:    [customer-information] Getting Omega status for '18922386' on 'tranquility'
2023-12-25 09:19:58.031    app     info:    [virtual-goods] Getting Plex status for '18922386' on 'tranquility'
2023-12-25 09:19:58.042    app     info:    [authentication] Token for '18034259' on 'tranquility' has been successfully refreshed
2023-12-25 09:19:58.044    app     info:    [elg-events] Sending event    eve_launcher.electron.authentication.UserTokensRefreshed
2023-12-25 09:19:58.046    app     info:    [customer-information] Getting character information for '18034259' on 'tranquility'
2023-12-25 09:19:58.046    app     info:    [customer-information] Getting Omega status for '18034259' on 'tranquility'
2023-12-25 09:19:58.046    app     info:    [virtual-goods] Getting Plex status for '18034259' on 'tranquility'
2023-12-25 09:19:58.057    app     info:    [authentication] Token for '18000247' on 'tranquility' has been successfully refreshed
2023-12-25 09:19:58.058    app     info:    [elg-events] Sending event    eve_launcher.electron.authentication.UserTokensRefreshed
2023-12-25 09:19:58.060    app     info:    [customer-information] Getting character information for '18000247' on 'tranquility'
2023-12-25 09:19:58.060    app     info:    [customer-information] Getting Omega status for '18000247' on 'tranquility'
2023-12-25 09:19:58.060    app     info:    [virtual-goods] Getting Plex status for '18000247' on 'tranquility'
2023-12-25 09:19:58.070    app     info:    [authentication] Token for '23622903' on 'tranquility' has been successfully refreshed
2023-12-25 09:19:58.071    app     info:    [elg-events] Sending event    eve_launcher.electron.authentication.UserTokensRefreshed
2023-12-25 09:19:58.073    app     info:    [customer-information] Getting character information for '23622903' on 'tranquility'
2023-12-25 09:19:58.073    app     info:    [customer-information] Getting Omega status for '23622903' on 'tranquility'
2023-12-25 09:19:58.073    app     info:    [virtual-goods] Getting Plex status for '23622903' on 'tranquility'
2023-12-25 09:19:58.083    app     info:    [authentication] Token for '2110311' on 'tranquility' has been successfully refreshed
2023-12-25 09:19:58.085    app     info:    [elg-events] Sending event    eve_launcher.electron.authentication.UserTokensRefreshed
2023-12-25 09:19:58.086    app     info:    [customer-information] Getting character information for '2110311' on 'tranquility'
2023-12-25 09:19:58.086    app     info:    [customer-information] Getting Omega status for '2110311' on 'tranquility'
2023-12-25 09:19:58.086    app     info:    [virtual-goods] Getting Plex status for '2110311' on 'tranquility'
2023-12-25 09:19:58.109    app     info:    [server-manager] Previous Tranquility build: 2454674, current build: 2454674
2023-12-25 09:19:58.109    app     info:    [server-manager] Tranquility build is unchanged.
2023-12-25 09:19:58.114    app     info:    [server-manager] Ready to play!
2023-12-25 09:19:58.117    app     info:    [server-manager] Finished refresh cycle for Tranquility
2023-12-25 09:19:58.196    app     info:    [esi] Fetching character details for 2121178171
2023-12-25 09:19:58.211    app     info:    [virtual-goods] Fetched Plex status for '18000247' on 'tranquility'
2023-12-25 09:19:58.224    app     info:    [esi] Fetching character details for 2121853336
2023-12-25 09:19:58.232    app     info:    [esi] Fetching character details for 2118248041, 2121175776
2023-12-25 09:19:58.241    app     info:    [virtual-goods] Fetched Plex status for '28182799' on 'tranquility'
2023-12-25 09:19:58.247    app     info:    [esi] Fetching character details for 578564394, 2115457291
2023-12-25 09:19:58.256    app     info:    [esi] Fetching character details for 2121174545
2023-12-25 09:19:58.265    app     info:    [esi] Fetching character details for 2113875139, 2121174871
2023-12-25 09:19:58.283    app     info:    [AuthenticationMiddleware] User information updated
2023-12-25 09:19:58.284    app     info:    [virtual-goods] Fetched Plex status for '18922386' on 'tranquility'
2023-12-25 09:19:58.308    app     info:    [esi] Fetching character details for 2121891348
2023-12-25 09:19:58.315    app     info:    [AuthenticationMiddleware] User information updated
2023-12-25 09:19:58.316    app     info:    [self-update] Currently running the latest launcher version. Scheduling update check in 5 minutes.
2023-12-25 09:19:58.317    app     info:    [esi] Fetching character details for 2114656127, 2121178396
2023-12-25 09:19:58.335    app     info:    [esi] Fetching character details for 2115031890, 2121177973
2023-12-25 09:19:58.355    app     info:    [esi] Fetching character details for 2115479508
2023-12-25 09:19:58.362    app     info:    [AuthenticationMiddleware] User information updated
2023-12-25 09:19:58.374    app     info:    [virtual-goods] Fetched Plex status for '18034259' on 'tranquility'
2023-12-25 09:19:58.379    app     info:    [AuthenticationMiddleware] User information updated
2023-12-25 09:19:58.379    app     info:    [authentication] Token for '25218835' on 'tranquility' has been successfully refreshed
2023-12-25 09:19:58.381    app     info:    [elg-events] Sending event    eve_launcher.electron.authentication.UserTokensRefreshed
2023-12-25 09:19:58.382    app     info:    [customer-information] Getting character information for '25218835' on 'tranquility'
2023-12-25 09:19:58.382    app     info:    [customer-information] Getting Omega status for '25218835' on 'tranquility'
2023-12-25 09:19:58.382    app     info:    [virtual-goods] Getting Plex status for '25218835' on 'tranquility'
2023-12-25 09:19:58.394    app     info:    [AuthenticationMiddleware] Successfully restored 14 / 14 users
2023-12-25 09:19:58.399    app     info:    [virtual-goods] Fetched Plex status for '2110311' on 'tranquility'
2023-12-25 09:19:58.407    app     info:    [AuthenticationMiddleware] User information updated
2023-12-25 09:19:58.408    app     info:    [virtual-goods] Fetched Plex status for '26239201' on 'tranquility'
2023-12-25 09:19:58.415    app     info:    [AuthenticationMiddleware] User information updated
2023-12-25 09:19:58.419    app     info:    [virtual-goods] Fetched Plex status for '23622903' on 'tranquility'
2023-12-25 09:19:58.429    app     info:    [AuthenticationMiddleware] User information updated
2023-12-25 09:19:58.430    app     info:    [virtual-goods] Fetched Plex status for '17525312' on 'tranquility'
2023-12-25 09:19:58.437    app     info:    [AuthenticationMiddleware] User information updated
2023-12-25 09:19:58.512    app     info:    [esi] Fetching character details for 2119361891, 2120347635
2023-12-25 09:19:58.533    app     info:    [virtual-goods] Fetched Plex status for '25218835' on 'tranquility'
2023-12-25 09:19:58.543    app     info:    [AuthenticationMiddleware] User information updated
2023-12-25 09:19:58.558    app     info:    [esi] Fetched 1 character details for 29285645
2023-12-25 09:19:58.633    app     warn:    [steam-auth] Failed to initialize Steamworks client
2023-12-25 09:19:58.640    app     info:    [main-window] Registering main window    { windowId: 2 }
2023-12-25 09:19:58.650    app     info:    [cdn-trace] Fetching CDN trace data from https://binaries.eveonline.com/cdn-cgi/trace
2023-12-25 09:19:58.651    app     info:    [creatives] Requesting creatives
2023-12-25 09:19:58.656    app     info:    [elg-events] Sending event    eve_launcher.electron.application.RendererLoaded
2023-12-25 09:19:58.722    app     info:    [esi] Fetched 1 character details for 29280260
2023-12-25 09:19:58.725    app     info:    [esi] Fetched 1 character details for 26239201
2023-12-25 09:19:58.727    app     info:    [esi] Fetched 2 character details for 23622903
2023-12-25 09:19:58.774    app     info:    [esi] Fetched 1 character details for 18922386
2023-12-25 09:19:58.777    app     info:    [esi] Fetched 1 character details for 18000247
2023-12-25 09:19:58.797    app     info:    [creatives] Received 2 creatives
2023-12-25 09:19:58.820    app     info:    [esi] Fetched 2 character details for 17525312
2023-12-25 09:19:58.823    app     info:    [esi] Fetched 2 character details for 2110311
2023-12-25 09:19:58.825    app     info:    [esi] Fetched 2 character details for 16492377
2023-12-25 09:19:58.832    app     info:    [esi] Fetched 1 character details for 28182799
2023-12-25 09:19:58.834    app     info:    [esi] Fetched 2 character details for 18034259
2023-12-25 09:19:58.898    app     info:    [esi] Fetched 2 character details for 25218835
2023-12-25 09:19:58.967    app     info:    [virtual-goods] Fetched Plex status for '16492377' on 'tranquility'
2023-12-25 09:19:58.973    app     info:    [AuthenticationMiddleware] User information updated
2023-12-25 09:19:59.648     ui     info:    Initializing captcha    ccp://launcher/renderer/main_window/index.js    2
2023-12-25 09:20:03.790    app     info:    [AuthenticationMiddleware] Character information for '26239201' on 'tranquility' was loaded recently, skipping refresh.
2023-12-25 09:20:03.790    app     info:    [AuthenticationMiddleware] Plex information for '26239201' on 'tranquility' was loaded recently, skipping refresh.
2023-12-25 09:20:05.500    app     info:    [analytics] Hardware rendering enabled:    true    { disabledViaCommandline: false, disabledViaSettings: false }
2023-12-25 09:20:06.803    app     info:    [AuthenticationMiddleware] Character information for '23622903' on 'tranquility' was loaded recently, skipping refresh.
2023-12-25 09:20:06.803    app     info:    [AuthenticationMiddleware] Plex information for '23622903' on 'tranquility' was loaded recently, skipping refresh.
2023-12-25 09:20:08.050    app     info:    [AuthenticationMiddleware] Character information for '23622903' on 'tranquility' was loaded recently, skipping refresh.
2023-12-25 09:20:08.050    app     info:    [AuthenticationMiddleware] Plex information for '23622903' on 'tranquility' was loaded recently, skipping refresh.
2023-12-25 09:20:09.366    app     info:    [client-queue] Queued client startup    {
  product: 'eve-online',
  tenant: 'tranquility',
  userId: 23622903,
  characterId: 2121175776,
  profile: ''
}
2023-12-25 09:20:09.368    app     info:    [elg-events] Sending event    eve_launcher.electron.eve_client.ClientQueued
2023-12-25 09:20:09.371    app     info:    [client-queue] No clients running for tranquility, copying files before starting a client
2023-12-25 09:20:09.377    app     info:    [elg-events] Sending event    eve_launcher.electron.eve_client.CopyingFilesStarted
2023-12-25 09:20:09.377    app     info:    [binary-copier] Copying 194 files (216 MB) to 'C:\CCP\EVE Online\tq'
2023-12-25 09:20:09.418    app     info:    [binary-copier] Removing old binaries
2023-12-25 09:20:09.435    app     info:    [binary-copier] Copying binaries from ResFiles
2023-12-25 09:20:09.922    app     info:    [binary-copier] Finished copying 194 files to 'C:\CCP\EVE Online\tq' in 0.547 seconds
2023-12-25 09:20:09.924    app     info:    [elg-events] Sending event    eve_launcher.electron.eve_client.CopyingFilesFinished
2023-12-25 09:20:09.929    app     info:    [client-manager] Starting EVE Online game client.    C:\CCP\EVE Online\tq\bin64\exefile.exe    Map(11) {
  'noconsole' => '/noconsole',
  'server' => '/server:tranquility.servers.eveonline.com',
  'triplatform' => '/triplatform=dx12',
  'ssotoken' => '/ssoToken=***',
  'refreshtoken' => '/refreshToken=***',
  'settingsprofile' => '/settingsprofile=Default',
  'deviceid' => '/deviceID=4a436adb-4b99-40a7-85b0-42e206f41286',
  'autoselectcharacter' => '/autoSelectCharacter:2121175776',
  'language' => '/language=en',
  'exp' => '1703496597',
  'tokenExpires' => '2023-12-25 11:29:57.000'
}    23622903
2023-12-25 09:20:09.966    app     info:    [client-queue] Started client from group startup    {
  product: 'eve-online',
  tenant: 'tranquility',
  characterId: 2121175776,
  profile: '',
  userId: 23622903
}
2023-12-25 09:20:10.040    app     info:    [quasar-events] Sent 'eve_launcher.electron.eve_client.GameClientStartRequested'
2023-12-25 09:20:10.041    app     info:    [quasar-events] Sent 'eve_launcher.electron.eve_client.TemporaryClientProcessAdded'
2023-12-25 09:20:10.493    app     info:    [client-manager] Found 'tranquility' client for '23622903' running:     {
  processId: 1112,
  createdDate: 1703496010010,
  userId: 23622903,
  characterId: 2121175776,
  profile: 'Default',
  dxVersion: 'dx12'
}
2023-12-25 09:20:10.587    app     info:    [quasar-events] Sent 'eve_launcher.electron.eve_client.TemporaryClientProcessMonitoringRetried'
2023-12-25 09:20:10.587    app     info:    [quasar-events] Sent 'eve_launcher.electron.eve_client.GameClientStarted'
2023-12-25 09:20:10.587    app     info:    [quasar-events] Sent 'eve_launcher.electron.eve_client.TemporaryClientProcessRemoved'
2023-12-25 09:20:10.987    app     info:    [client-queue] Queue has stopped running, no more clients pending startup.
2023-12-25 09:20:28.015    app     warn:    Could not connect to LogLite    [
  Error: connect ECONNREFUSED 127.0.0.1:3273
      at TCPConnectWrap.afterConnect [as oncomplete] (node:net:1247:16) {
    errno: -4078,
    code: 'ECONNREFUSED',
    syscall: 'connect',
    address: '127.0.0.1',
    port: 3273
  }
]
2023-12-25 09:24:05.184    app     info:    [ipc-requests] Handling requests in the background
2023-12-25 09:24:06.184    app     info:    [ipc-requests] No longer handling requests in the background
2023-12-25 09:24:36.919    app     info:    [ipc-requests] Handling requests in the background
2023-12-25 09:24:37.920    app     info:    [ipc-requests] No longer handling requests in the background
2023-12-25 09:24:40.308    app     info:    [ipc-requests] Handling requests in the background
2023-12-25 09:24:41.313    app     info:    [ipc-requests] No longer handling requests in the background
2023-12-25 09:24:41.964    app     info:    [ipc-requests] Handling requests in the background
2023-12-25 09:24:42.973    app     info:    [ipc-requests] No longer handling requests in the background
2023-12-25 09:24:58.134    app     info:    [server-manager] Starting refresh cycle for eve-online / Tranquility
2023-12-25 09:24:58.280    app     info:    [server-manager] Previous Tranquility build: 2454674, current build: 2454674
2023-12-25 09:24:58.280    app     info:    [server-manager] Tranquility build is unchanged.
2023-12-25 09:24:58.285    app     info:    [server-manager] Ready to play!
2023-12-25 09:24:58.288    app     info:    [server-manager] Finished refresh cycle for Tranquility
2023-12-25 09:24:58.332    app     info:    [self-update] Checking for a launcher update...
2023-12-25 09:24:58.642    app     info:    [self-update] Currently running the latest launcher version. Scheduling update check in 5 minutes.
2023-12-25 09:28:09.456    app     info:    [ipc-requests] Handling requests in the background
2023-12-25 09:28:10.456    app     info:    [ipc-requests] No longer handling requests in the background
2023-12-25 09:28:17.657    app     info:    [elg-events] ELG connection closed with ECONNRESET, restarting connection in 30s
2023-12-25 09:29:58.292    app     info:    [server-manager] Starting refresh cycle for eve-online / Tranquility
2023-12-25 09:29:58.460    app     info:    [server-manager] Previous Tranquility build: 2454674, current build: 2454674
2023-12-25 09:29:58.460    app     info:    [server-manager] Tranquility build is unchanged.
2023-12-25 09:29:58.472    app     info:    [server-manager] Ready to play!
2023-12-25 09:29:58.478    app     info:    [server-manager] Finished refresh cycle for Tranquility
2023-12-25 09:29:58.642    app     info:    [self-update] Checking for a launcher update...
2023-12-25 09:29:58.923    app     info:    [self-update] Currently running the latest launcher version. Scheduling update check in 5 minutes.
2023-12-25 09:34:58.481    app     info:    [server-manager] Starting refresh cycle for eve-online / Tranquility
2023-12-25 09:34:58.638    app     info:    [server-manager] Previous Tranquility build: 2454674, current build: 2454674
2023-12-25 09:34:58.639    app     info:    [server-manager] Tranquility build is unchanged.
2023-12-25 09:34:58.649    app     info:    [server-manager] Ready to play!
2023-12-25 09:34:58.655    app     info:    [server-manager] Finished refresh cycle for Tranquility
2023-12-25 09:34:58.924    app     info:    [self-update] Checking for a launcher update...
2023-12-25 09:34:59.227    app     info:    [self-update] Currently running the latest launcher version. Scheduling update check in 5 minutes.
2023-12-25 09:38:01.283    app     info:    [ipc-requests] Handling requests in the background
2023-12-25 09:38:02.283    app     info:    [ipc-requests] No longer handling requests in the background
2023-12-25 09:38:38.605    app     info:    [ipc-requests] Handling requests in the background
2023-12-25 09:38:39.605    app     info:    [ipc-requests] No longer handling requests in the background
2023-12-25 09:38:42.743    app     info:    [ipc-requests] Handling requests in the background
2023-12-25 09:38:43.744    app     info:    [ipc-requests] No longer handling requests in the background
2023-12-25 09:39:58.657    app     info:    [server-manager] Starting refresh cycle for eve-online / Tranquility
2023-12-25 09:39:58.838    app     info:    [server-manager] Previous Tranquility build: 2454674, current build: 2454674
2023-12-25 09:39:58.838    app     info:    [server-manager] Tranquility build is unchanged.
2023-12-25 09:39:58.843    app     info:    [server-manager] Ready to play!
2023-12-25 09:39:58.846    app     info:    [server-manager] Finished refresh cycle for Tranquility
2023-12-25 09:39:59.228    app     info:    [self-update] Checking for a launcher update...
2023-12-25 09:39:59.510    app     info:    [self-update] Currently running the latest launcher version. Scheduling update check in 5 minutes.
2023-12-25 09:44:58.848    app     info:    [server-manager] Starting refresh cycle for eve-online / Tranquility
2023-12-25 09:44:59.003    app     info:    [server-manager] Previous Tranquility build: 2454674, current build: 2454674
2023-12-25 09:44:59.003    app     info:    [server-manager] Tranquility build is unchanged.
2023-12-25 09:44:59.009    app     info:    [server-manager] Ready to play!
2023-12-25 09:44:59.012    app     info:    [server-manager] Finished refresh cycle for Tranquility
2023-12-25 09:44:59.512    app     info:    [self-update] Checking for a launcher update...
2023-12-25 09:44:59.791    app     info:    [self-update] Currently running the latest launcher version. Scheduling update check in 5 minutes.
2023-12-25 09:48:39.182    app     info:    [ipc-requests] Handling requests in the background
2023-12-25 09:48:40.183    app     info:    [ipc-requests] No longer handling requests in the background
2023-12-25 09:49:09.717    app     info:    [ipc-requests] Handling requests in the background
2023-12-25 09:49:10.719    app     info:    [ipc-requests] No longer handling requests in the background
2023-12-25 09:49:59.013    app     info:    [server-manager] Starting refresh cycle for eve-online / Tranquility
2023-12-25 09:49:59.791    app     info:    [self-update] Checking for a launcher update...
2023-12-25 09:50:00.083    app     info:    [self-update] Currently running the latest launcher version. Scheduling update check in 5 minutes.
2023-12-25 09:50:00.316    app     info:    [server-manager] Previous Tranquility build: 2454674, current build: 2454674
2023-12-25 09:50:00.317    app     info:    [server-manager] Tranquility build is unchanged.
2023-12-25 09:50:00.322    app     info:    [server-manager] Ready to play!
2023-12-25 09:50:00.325    app     info:    [server-manager] Finished refresh cycle for Tranquility
2023-12-25 09:51:34.020    app     info:    [ipc-requests] Handling requests in the background
2023-12-25 09:51:35.020    app     info:    [ipc-requests] No longer handling requests in the background
2023-12-25 09:52:56.437    app     info:    [ipc-requests] Handling requests in the background
2023-12-25 09:52:57.437    app     info:    [ipc-requests] No longer handling requests in the background
2023-12-25 09:53:05.195    app     info:    [ipc-requests] Handling requests in the background
2023-12-25 09:53:06.197    app     info:    [ipc-requests] No longer handling requests in the background
2023-12-25 09:53:28.883    app     info:    [ipc-requests] Handling requests in the background
2023-12-25 09:53:29.883    app     info:    [ipc-requests] No longer handling requests in the background
2023-12-25 09:53:31.156    app     info:    [ipc-requests] Handling requests in the background
2023-12-25 09:53:32.157    app     info:    [ipc-requests] No longer handling requests in the background
2023-12-25 09:53:40.763    app     info:    [ipc-requests] Handling requests in the background
2023-12-25 09:53:41.763    app     info:    [ipc-requests] No longer handling requests in the background
2023-12-25 09:53:44.292    app     info:    [ipc-requests] Handling requests in the background
2023-12-25 09:53:45.292    app     info:    [ipc-requests] No longer handling requests in the background
2023-12-25 09:54:20.036    app     info:    [ipc-requests] Handling requests in the background
2023-12-25 09:54:21.051    app     info:    [ipc-requests] No longer handling requests in the background
2023-12-25 09:54:49.366    app     info:    [ipc-requests] Handling requests in the background
2023-12-25 09:54:50.385    app     info:    [ipc-requests] No longer handling requests in the background
2023-12-25 09:54:58.675    app     info:    [ipc-requests] Handling requests in the background
2023-12-25 09:54:59.695    app     info:    [ipc-requests] No longer handling requests in the background
2023-12-25 09:55:00.096    app     info:    [self-update] Checking for a launcher update...
2023-12-25 09:55:00.327    app     info:    [server-manager] Starting refresh cycle for eve-online / Tranquility
2023-12-25 09:55:00.378    app     info:    [self-update] Currently running the latest launcher version. Scheduling update check in 5 minutes.
2023-12-25 09:55:00.387    app     info:    [ipc-requests] Handling requests in the background
2023-12-25 09:55:00.461    app     info:    [server-manager] Previous Tranquility build: 2454674, current build: 2454674
2023-12-25 09:55:00.462    app     info:    [server-manager] Tranquility build is unchanged.
2023-12-25 09:55:00.466    app     info:    [server-manager] Ready to play!
2023-12-25 09:55:00.469    app     info:    [server-manager] Finished refresh cycle for Tranquility
2023-12-25 09:55:01.405    app     info:    [ipc-requests] No longer handling requests in the background
2023-12-25 10:00:00.380    app     info:    [self-update] Checking for a launcher update...
2023-12-25 10:00:00.471    app     info:    [server-manager] Starting refresh cycle for eve-online / Tranquility
2023-12-25 10:00:00.612    app     info:    [server-manager] Previous Tranquility build: 2454674, current build: 2454674
2023-12-25 10:00:00.613    app     info:    [server-manager] Tranquility build is unchanged.
2023-12-25 10:00:00.625    app     info:    [server-manager] Ready to play!
2023-12-25 10:00:00.631    app     info:    [server-manager] Finished refresh cycle for Tranquility
2023-12-25 10:00:00.678    app     info:    [self-update] Currently running the latest launcher version. Scheduling update check in 5 minutes.
2023-12-25 10:03:06.624    app     info:    [ipc-requests] Handling requests in the background
2023-12-25 10:03:07.625    app     info:    [ipc-requests] No longer handling requests in the background
2023-12-25 10:05:00.634    app     info:    [server-manager] Starting refresh cycle for eve-online / Tranquility
2023-12-25 10:05:00.678    app     info:    [self-update] Checking for a launcher update...
2023-12-25 10:05:00.794    app     info:    [server-manager] Previous Tranquility build: 2454674, current build: 2454674
2023-12-25 10:05:00.794    app     info:    [server-manager] Tranquility build is unchanged.
2023-12-25 10:05:00.800    app     info:    [server-manager] Ready to play!
2023-12-25 10:05:00.804    app     info:    [server-manager] Finished refresh cycle for Tranquility
2023-12-25 10:05:01.016    app     info:    [self-update] Currently running the latest launcher version. Scheduling update check in 5 minutes.
2023-12-25 10:10:00.806    app     info:    [server-manager] Starting refresh cycle for eve-online / Tranquility
2023-12-25 10:10:00.964    app     info:    [server-manager] Previous Tranquility build: 2454674, current build: 2454674
2023-12-25 10:10:00.964    app     info:    [server-manager] Tranquility build is unchanged.
2023-12-25 10:10:00.968    app     info:    [server-manager] Ready to play!
2023-12-25 10:10:00.971    app     info:    [server-manager] Finished refresh cycle for Tranquility
2023-12-25 10:10:01.016    app     info:    [self-update] Checking for a launcher update...
2023-12-25 10:10:01.301    app     info:    [self-update] Currently running the latest launcher version. Scheduling update check in 5 minutes.
2023-12-25 10:13:40.939    app     info:    [ipc-requests] Handling requests in the background
2023-12-25 10:13:41.939    app     info:    [ipc-requests] No longer handling requests in the background
2023-12-25 10:14:53.022    app     info:    [ipc-requests] Handling requests in the background
2023-12-25 10:14:54.022    app     info:    [ipc-requests] No longer handling requests in the background
2023-12-25 10:14:57.557    app     info:    [ipc-requests] Handling requests in the background
2023-12-25 10:14:58.557    app     info:    [ipc-requests] No longer handling requests in the background
2023-12-25 10:15:00.973    app     info:    [server-manager] Starting refresh cycle for eve-online / Tranquility
2023-12-25 10:15:01.115    app     info:    [server-manager] Previous Tranquility build: 2454674, current build: 2454674
2023-12-25 10:15:01.115    app     info:    [server-manager] Tranquility build is unchanged.
2023-12-25 10:15:01.120    app     info:    [server-manager] Ready to play!
2023-12-25 10:15:01.123    app     info:    [server-manager] Finished refresh cycle for Tranquility
2023-12-25 10:15:01.301    app     info:    [self-update] Checking for a launcher update...
2023-12-25 10:15:01.585    app     info:    [self-update] Currently running the latest launcher version. Scheduling update check in 5 minutes.
2023-12-25 10:16:01.430    app     info:    [ipc-requests] Handling requests in the background
2023-12-25 10:16:02.430    app     info:    [ipc-requests] No longer handling requests in the background
2023-12-25 10:16:11.704    app     info:    [ipc-requests] Handling requests in the background
2023-12-25 10:16:12.705    app     info:    [ipc-requests] No longer handling requests in the background
2023-12-25 10:16:43.405    app     info:    [ipc-requests] Handling requests in the background
2023-12-25 10:16:44.404    app     info:    [ipc-requests] No longer handling requests in the background
2023-12-25 10:16:47.453    app     info:    [ipc-requests] Handling requests in the background
2023-12-25 10:16:48.454    app     info:    [ipc-requests] No longer handling requests in the background
2023-12-25 10:17:15.500    app     info:    [ipc-requests] Handling requests in the background
2023-12-25 10:17:16.501    app     info:    [ipc-requests] No longer handling requests in the background
2023-12-25 10:17:44.580    app     info:    [ipc-requests] Handling requests in the background
2023-12-25 10:17:45.581    app     info:    [ipc-requests] No longer handling requests in the background
2023-12-25 10:18:11.629    app     info:    [ipc-requests] Handling requests in the background
2023-12-25 10:18:12.630    app     info:    [ipc-requests] No longer handling requests in the background
2023-12-25 10:20:01.127    app     info:    [server-manager] Starting refresh cycle for eve-online / Tranquility
2023-12-25 10:20:01.279    app     info:    [server-manager] Previous Tranquility build: 2454674, current build: 2454674
2023-12-25 10:20:01.280    app     info:    [server-manager] Tranquility build is unchanged.
2023-12-25 10:20:01.285    app     info:    [server-manager] Ready to play!
2023-12-25 10:20:01.288    app     info:    [server-manager] Finished refresh cycle for Tranquility
2023-12-25 10:20:01.586    app     info:    [self-update] Checking for a launcher update...
2023-12-25 10:20:01.888    app     info:    [self-update] Currently running the latest launcher version. Scheduling update check in 5 minutes.
2023-12-25 10:22:34.803    app     info:    [creatives] Requesting creatives
2023-12-25 10:22:34.916    app     info:    [creatives] Received 2 creatives
2023-12-25 10:22:35.573    app     info:    [ipc-requests] Handling requests in the background
2023-12-25 10:22:36.574    app     info:    [ipc-requests] No longer handling requests in the background
2023-12-25 10:22:36.708    app     info:    [ipc-requests] Handling requests in the background
2023-12-25 10:22:37.710    app     info:    [ipc-requests] No longer handling requests in the background
2023-12-25 10:23:21.645    app     info:    [ipc-requests] Handling requests in the background
2023-12-25 10:23:22.645    app     info:    [ipc-requests] No longer handling requests in the background
2023-12-25 10:25:01.290    app     info:    [server-manager] Starting refresh cycle for eve-online / Tranquility
2023-12-25 10:25:01.443    app     info:    [server-manager] Previous Tranquility build: 2454674, current build: 2454674
2023-12-25 10:25:01.444    app     info:    [server-manager] Tranquility build is unchanged.
2023-12-25 10:25:01.448    app     info:    [server-manager] Ready to play!
2023-12-25 10:25:01.452    app     info:    [server-manager] Finished refresh cycle for Tranquility
2023-12-25 10:25:01.888    app     info:    [self-update] Checking for a launcher update...
2023-12-25 10:25:02.171    app     info:    [self-update] Currently running the latest launcher version. Scheduling update check in 5 minutes.
2023-12-25 10:27:12.484    app     info:    [ipc-requests] Handling requests in the background
2023-12-25 10:27:13.485    app     info:    [ipc-requests] No longer handling requests in the background
2023-12-25 10:30:01.453    app     info:    [server-manager] Starting refresh cycle for eve-online / Tranquility
2023-12-25 10:30:01.595    app     info:    [server-manager] Previous Tranquility build: 2454674, current build: 2454674
2023-12-25 10:30:01.596    app     info:    [server-manager] Tranquility build is unchanged.
2023-12-25 10:30:01.601    app     info:    [server-manager] Ready to play!
2023-12-25 10:30:01.605    app     info:    [server-manager] Finished refresh cycle for Tranquility
2023-12-25 10:30:02.172    app     info:    [self-update] Checking for a launcher update...
2023-12-25 10:30:02.497    app     info:    [self-update] Currently running the latest launcher version. Scheduling update check in 5 minutes.
2023-12-25 10:35:01.607    app     info:    [server-manager] Starting refresh cycle for eve-online / Tranquility
2023-12-25 10:35:01.732    app     info:    [server-manager] Previous Tranquility build: 2454674, current build: 2454674
2023-12-25 10:35:01.732    app     info:    [server-manager] Tranquility build is unchanged.
2023-12-25 10:35:01.737    app     info:    [server-manager] Ready to play!
2023-12-25 10:35:01.740    app     info:    [server-manager] Finished refresh cycle for Tranquility
2023-12-25 10:35:02.498    app     info:    [self-update] Checking for a launcher update...
2023-12-25 10:35:02.818    app     info:    [self-update] Currently running the latest launcher version. Scheduling update check in 5 minutes.
2023-12-25 10:37:06.855    app     info:    [ipc-requests] Handling requests in the background
2023-12-25 10:37:07.855    app     info:    [ipc-requests] No longer handling requests in the background
2023-12-25 10:37:37.219    app     info:    [ipc-requests] Handling requests in the background
2023-12-25 10:37:38.220    app     info:    [ipc-requests] No longer handling requests in the background
2023-12-25 10:37:39.403    app     info:    [ipc-requests] Handling requests in the background
2023-12-25 10:37:40.403    app     info:    [ipc-requests] No longer handling requests in the background
2023-12-25 10:37:49.611    app     info:    [ipc-requests] Handling requests in the background
2023-12-25 10:37:50.612    app     info:    [ipc-requests] No longer handling requests in the background
2023-12-25 10:40:01.743    app     info:    [server-manager] Starting refresh cycle for eve-online / Tranquility
2023-12-25 10:40:01.885    app     info:    [server-manager] Previous Tranquility build: 2454674, current build: 2454674
2023-12-25 10:40:01.886    app     info:    [server-manager] Tranquility build is unchanged.
2023-12-25 10:40:01.891    app     info:    [server-manager] Ready to play!
2023-12-25 10:40:01.895    app     info:    [server-manager] Finished refresh cycle for Tranquility
2023-12-25 10:40:02.820    app     info:    [self-update] Checking for a launcher update...
2023-12-25 10:40:03.108    app     info:    [self-update] Currently running the latest launcher version. Scheduling update check in 5 minutes.
2023-12-25 10:45:01.896    app     info:    [server-manager] Starting refresh cycle for eve-online / Tranquility
2023-12-25 10:45:02.070    app     info:    [server-manager] Previous Tranquility build: 2454674, current build: 2454674
2023-12-25 10:45:02.071    app     info:    [server-manager] Tranquility build is unchanged.
2023-12-25 10:45:02.075    app     info:    [server-manager] Ready to play!
2023-12-25 10:45:02.078    app     info:    [server-manager] Finished refresh cycle for Tranquility
2023-12-25 10:45:03.109    app     info:    [self-update] Checking for a launcher update...
2023-12-25 10:45:03.392    app     info:    [self-update] Currently running the latest launcher version. Scheduling update check in 5 minutes.
2023-12-25 10:50:02.080    app     info:    [server-manager] Starting refresh cycle for eve-online / Tranquility
2023-12-25 10:50:02.709    app     info:    [server-manager] Previous Tranquility build: 2454674, current build: 2454674
2023-12-25 10:50:02.709    app     info:    [server-manager] Tranquility build is unchanged.
2023-12-25 10:50:02.714    app     info:    [server-manager] Ready to play!
2023-12-25 10:50:02.717    app     info:    [server-manager] Finished refresh cycle for Tranquility
2023-12-25 10:50:03.392    app     info:    [self-update] Checking for a launcher update...
2023-12-25 10:50:03.681    app     info:    [self-update] Currently running the latest launcher version. Scheduling update check in 5 minutes.
2023-12-25 10:50:59.352    app     info:    [ipc-requests] Handling requests in the background
2023-12-25 10:50:59.924    app     info:    [client-manager] 'tranquility' for EVE game client for '23622903' exited with no errors.
2023-12-25 10:50:59.933    app     info:    [server-manager] Starting refresh cycle for eve-online / Tranquility
2023-12-25 10:51:00.028    app     info:    [quasar-events] Sent 'eve_launcher.electron.eve_client.GameClientExited'
2023-12-25 10:51:00.088    app     info:    [server-manager] Previous Tranquility build: 2454674, current build: 2454674
2023-12-25 10:51:00.089    app     info:    [server-manager] Tranquility build is unchanged.
2023-12-25 10:51:00.106    app     info:    [server-manager] Ready to play!
2023-12-25 10:51:00.112    app     info:    [server-manager] Finished refresh cycle for Tranquility
2023-12-25 10:51:00.354    app     info:    [ipc-requests] No longer handling requests in the background
2023-12-25 10:51:26.733    app     info:    [ipc-requests] Handling requests in the background
2023-12-25 10:51:27.735    app     info:    [ipc-requests] No longer handling requests in the background
2023-12-25 10:55:03.682    app     info:    [self-update] Checking for a launcher update...
2023-12-25 10:55:03.948    app     info:    [self-update] Currently running the latest launcher version. Scheduling update check in 5 minutes.
2023-12-25 10:56:00.117    app     info:    [server-manager] Starting refresh cycle for eve-online / Tranquility
2023-12-25 10:56:00.268    app     info:    [server-manager] Previous Tranquility build: 2454674, current build: 2454674
2023-12-25 10:56:00.268    app     info:    [server-manager] Tranquility build is unchanged.
2023-12-25 10:56:00.272    app     info:    [server-manager] Ready to play!
2023-12-25 10:56:00.275    app     info:    [server-manager] Finished refresh cycle for Tranquility
2023-12-25 10:56:10.141    app     info:    [ipc-requests] Handling requests in the background
2023-12-25 10:56:11.141    app     info:    [ipc-requests] No longer handling requests in the background
2023-12-25 11:00:03.950    app     info:    [self-update] Checking for a launcher update...
2023-12-25 11:00:04.207    app     info:    [self-update] Currently running the latest launcher version. Scheduling update check in 5 minutes.
2023-12-25 11:00:44.476    app     info:    [ipc-requests] Handling requests in the background
2023-12-25 11:00:45.476    app     info:    [ipc-requests] No longer handling requests in the background
2023-12-25 11:00:50.444    app     info:    [ipc-requests] Handling requests in the background
2023-12-25 11:00:51.445    app     info:    [ipc-requests] No longer handling requests in the background
2023-12-25 11:01:00.281    app     info:    [server-manager] Starting refresh cycle for eve-online / Tranquility
2023-12-25 11:01:00.436    app     info:    [server-manager] Previous Tranquility build: 2454674, current build: 2454674
2023-12-25 11:01:00.436    app     info:    [server-manager] Tranquility build is unchanged.
2023-12-25 11:01:00.447    app     info:    [server-manager] Ready to play!
2023-12-25 11:01:00.450    app     info:    [server-manager] Finished refresh cycle for Tranquility
2023-12-25 11:01:27.600    app    error:    [server-status-manager] Invalid response from server status check    {"userCount":0,"serverStatus":"unknown"}
2023-12-25 11:01:31.119    app     info:    [ipc-requests] Handling requests in the background
2023-12-25 11:01:32.119    app     info:    [ipc-requests] No longer handling requests in the background
2023-12-25 11:02:16.837    app    error:    [server-status-manager] Invalid response from server status check    {"userCount":0,"serverStatus":"unknown"}
2023-12-25 11:02:20.327    app     info:    [ipc-requests] Handling requests in the background
2023-12-25 11:02:21.328    app     info:    [ipc-requests] No longer handling requests in the background
2023-12-25 11:05:04.208    app     info:    [self-update] Checking for a launcher update...
2023-12-25 11:05:04.477    app     info:    [self-update] Currently running the latest launcher version. Scheduling update check in 5 minutes.
2023-12-25 11:05:32.633    app    error:    [server-status-manager] Invalid response from server status check    {"userCount":0,"serverStatus":"online"}
2023-12-25 11:05:33.452    app     info:    [ipc-requests] Handling requests in the background
2023-12-25 11:05:34.453    app     info:    [ipc-requests] No longer handling requests in the background
2023-12-25 11:06:00.456    app     info:    [server-manager] Starting refresh cycle for eve-online / Tranquility
2023-12-25 11:06:00.617    app     info:    [server-manager] Previous Tranquility build: 2454674, current build: 2454674
2023-12-25 11:06:00.618    app     info:    [server-manager] Tranquility build is unchanged.
2023-12-25 11:06:00.635    app     info:    [server-manager] Ready to play!
2023-12-25 11:06:00.641    app     info:    [server-manager] Finished refresh cycle for Tranquility
2023-12-25 11:06:43.083    app     info:    [ipc-requests] Handling requests in the background
2023-12-25 11:06:43.669    app     info:    [ipc-requests] Handling requests in the background
2023-12-25 11:06:44.085    app     info:    [ipc-requests] No longer handling requests in the background
2023-12-25 11:06:44.670    app     info:    [ipc-requests] No longer handling requests in the background
2023-12-25 11:06:45.371    app     info:    [ipc-requests] Handling requests in the background
2023-12-25 11:06:46.372    app     info:    [ipc-requests] No longer handling requests in the background
2023-12-25 11:07:10.598    app     info:    [ipc-requests] Handling requests in the background
2023-12-25 11:07:11.599    app     info:    [ipc-requests] No longer handling requests in the background
2023-12-25 11:07:12.187    app     info:    [ipc-requests] Handling requests in the background
2023-12-25 11:07:13.188    app     info:    [ipc-requests] No longer handling requests in the background
2023-12-25 11:07:13.555    app     info:    [ipc-requests] Handling requests in the background
2023-12-25 11:07:14.556    app     info:    [ipc-requests] No longer handling requests in the background
2023-12-25 11:08:23.349    app     info:    [ipc-requests] Handling requests in the background
2023-12-25 11:08:24.349    app     info:    [ipc-requests] No longer handling requests in the background
2023-12-25 11:10:04.478    app     info:    [self-update] Checking for a launcher update...
2023-12-25 11:10:04.753    app     info:    [self-update] Currently running the latest launcher version. Scheduling update check in 5 minutes.
2023-12-25 11:11:00.654    app     info:    [server-manager] Starting refresh cycle for eve-online / Tranquility
2023-12-25 11:11:00.795    app     info:    [server-manager] Previous Tranquility build: 2454674, current build: 2454674
2023-12-25 11:11:00.795    app     info:    [server-manager] Tranquility build is unchanged.
2023-12-25 11:11:00.799    app     info:    [server-manager] Ready to play!
2023-12-25 11:11:00.802    app     info:    [server-manager] Finished refresh cycle for Tranquility
