2023-11-30 21:01:15.676    app     info:    Startup arguments    []
2023-11-30 21:01:15.686    app     info:    EVE Online Launcher is already running. This instance will now be closed.
2023-11-30 21:01:15.686    app     info:    Application quitting. Cleanup needed: true
2023-11-30 21:01:15.691    app     info:    [elg-events] Sending event    eve_launcher.electron.application.LauncherShutdown
2023-11-30 21:01:15.700    app     info:    [self-update] Starting automatic update checks
2023-11-30 21:01:15.701    app     info:    [self-update] Checking for a launcher update...
2023-11-30 21:01:15.725    app     info:    app.quit called, but we are still sending ELG events.
2023-11-30 21:01:15.803    app     info:    [i18next] Changed language    en
2023-11-30 21:01:15.822    app     info:    [authentication] Token for '16492377' on 'tranquility' is expired, refresh is required
2023-11-30 21:01:15.822    app     info:    [authentication] Refreshing token for '16492377' on 'tranquility'
2023-11-30 21:01:15.823    app     info:    [authentication] Token for '17525312' on 'tranquility' is expired, refresh is required
2023-11-30 21:01:15.823    app     info:    [authentication] Refreshing token for '17525312' on 'tranquility'
2023-11-30 21:01:15.824    app     info:    [authentication] Token for '25218835' on 'tranquility' is expired, refresh is required
2023-11-30 21:01:15.824    app     info:    [authentication] Refreshing token for '25218835' on 'tranquility'
2023-11-30 21:01:15.824    app     info:    [AuthenticationMiddleware] Character information for '29280260' on 'tranquility' was loaded recently, skipping refresh.
2023-11-30 21:01:15.825    app     info:    [AuthenticationMiddleware] Plex information for '29280260' on 'tranquility' was loaded recently, skipping refresh.
2023-11-30 21:01:15.851    app     info:    [cache-protocol] Found 0 entries to remove
2023-11-30 21:01:15.851    app     info:    [cache-protocol] Nothing to clean up.
2023-11-30 21:01:15.987    app     info:    [customer-information] Agreements have been updated
2023-11-30 21:01:16.020    app     info:    [self-update] Currently running the latest launcher version. Scheduling update check in 5 minutes.
2023-11-30 21:01:16.052    app     info:    [authentication] Token for '25218835' on 'tranquility' has been successfully refreshed
2023-11-30 21:01:16.055    app     info:    [elg-events] Sending event    eve_launcher.electron.authentication.UserTokensRefreshed
2023-11-30 21:01:16.058    app     info:    [AuthenticationMiddleware] Character information for '25218835' on 'tranquility' was loaded recently, skipping refresh.
2023-11-30 21:01:16.058    app     info:    [AuthenticationMiddleware] Plex information for '25218835' on 'tranquility' was loaded recently, skipping refresh.
2023-11-30 21:01:16.070    app     info:    [AuthenticationMiddleware] User information updated
2023-11-30 21:01:16.071    app     info:    [authentication] Token for '16492377' on 'tranquility' has been successfully refreshed
2023-11-30 21:01:16.073    app     info:    [elg-events] Sending event    eve_launcher.electron.authentication.UserTokensRefreshed
2023-11-30 21:01:16.074    app     info:    [AuthenticationMiddleware] Character information for '16492377' on 'tranquility' was loaded recently, skipping refresh.
2023-11-30 21:01:16.074    app     info:    [AuthenticationMiddleware] Plex information for '16492377' on 'tranquility' was loaded recently, skipping refresh.
2023-11-30 21:01:16.081    app     info:    [AuthenticationMiddleware] User information updated
2023-11-30 21:01:16.081    app     info:    [authentication] Token for '17525312' on 'tranquility' has been successfully refreshed
2023-11-30 21:01:16.082    app     info:    [elg-events] Sending event    eve_launcher.electron.authentication.UserTokensRefreshed
2023-11-30 21:01:16.083    app     info:    [AuthenticationMiddleware] Character information for '17525312' on 'tranquility' was loaded recently, skipping refresh.
2023-11-30 21:01:16.083    app     info:    [AuthenticationMiddleware] Plex information for '17525312' on 'tranquility' was loaded recently, skipping refresh.
2023-11-30 21:01:16.090    app     info:    [AuthenticationMiddleware] Successfully restored 5 / 5 users
2023-11-30 21:01:16.090    app     info:    [AuthenticationMiddleware] User information updated
2023-11-30 21:01:16.093    app     info:    [first-run] First application run was at 2023-11-27T10:29:20.506Z
2023-11-30 21:01:16.706    app     info:    ELG stream closed, quitting.
