2023-12-12 06:35:55.248    app     info:    Startup arguments    []
2023-12-12 06:35:55.253    app     info:    [self-update] Starting automatic update checks
2023-12-12 06:35:55.253    app     info:    [self-update] Waiting for update feed before starting update checks
2023-12-12 06:35:55.380    app     info:    [i18next] Changed language    en
2023-12-12 06:35:55.485    app     info:    [authentication] Token for '16492377' on 'tranquility' is expired, refresh is required
2023-12-12 06:35:55.485    app     info:    [authentication] Refreshing token for '16492377' on 'tranquility'
2023-12-12 06:35:55.486    app     info:    [authentication] Token for '17525312' on 'tranquility' is expired, refresh is required
2023-12-12 06:35:55.486    app     info:    [authentication] Refreshing token for '17525312' on 'tranquility'
2023-12-12 06:35:55.486    app     info:    [authentication] Token for '25218835' on 'tranquility' is expired, refresh is required
2023-12-12 06:35:55.487    app     info:    [authentication] Refreshing token for '25218835' on 'tranquility'
2023-12-12 06:35:55.487    app     info:    [authentication] Token for '29280260' on 'tranquility' is expired, refresh is required
2023-12-12 06:35:55.487    app     info:    [authentication] Refreshing token for '29280260' on 'tranquility'
2023-12-12 06:35:55.488    app     info:    [authentication] Token for '29285645' on 'tranquility' is expired, refresh is required
2023-12-12 06:35:55.488    app     info:    [authentication] Refreshing token for '29285645' on 'tranquility'
2023-12-12 06:35:55.488    app     info:    [authentication] Token for '18034259' on 'tranquility' is expired, refresh is required
2023-12-12 06:35:55.488    app     info:    [authentication] Refreshing token for '18034259' on 'tranquility'
2023-12-12 06:35:55.489    app     info:    [authentication] Token for '28182799' on 'tranquility' is expired, refresh is required
2023-12-12 06:35:55.489    app     info:    [authentication] Refreshing token for '28182799' on 'tranquility'
2023-12-12 06:35:55.489    app     info:    [authentication] Token for '2110311' on 'tranquility' is expired, refresh is required
2023-12-12 06:35:55.489    app     info:    [authentication] Refreshing token for '2110311' on 'tranquility'
2023-12-12 06:35:55.490    app     info:    [authentication] Token for '23622903' on 'tranquility' is expired, refresh is required
2023-12-12 06:35:55.490    app     info:    [authentication] Refreshing token for '23622903' on 'tranquility'
2023-12-12 06:35:55.490    app     info:    [authentication] Token for '26239201' on 'tranquility' is expired, refresh is required
2023-12-12 06:35:55.490    app     info:    [authentication] Refreshing token for '26239201' on 'tranquility'
2023-12-12 06:35:55.491    app     info:    [device-id] Device id found in state
2023-12-12 06:35:55.495    app     info:    [analytics] Application name:    EVE Online
2023-12-12 06:35:55.495    app     info:    [analytics] Application version:    1.0.2
2023-12-12 06:35:55.495    app     info:    [analytics] Domain    undefined
2023-12-12 06:35:55.495    app     info:    [analytics] Working directory    C:\Users\REDACTED\AppData\Local\eve-online\app-1.0.2
2023-12-12 06:35:55.496    app     info:    [analytics] Username contains UTF8?    false
2023-12-12 06:35:56.330    app     info:    [elg-events] Sending event    eve_launcher.electron.application.PdmLoaded
2023-12-12 06:35:56.333    app     info:    [analytics] Operating system    {
  type: 'Windows',
  name: 'Windows 10 Education',
  version: '10.0 (19045)'
}
2023-12-12 06:35:56.334    app     info:    [analytics] Encryption available:    true
2023-12-12 06:35:56.334    app     info:    [analytics] Machine UUID    4E9F516C-5B97-47C6-8C67-E93D943CB7C8
2023-12-12 06:35:56.334    app     info:    [analytics] PDM Version    2.1.4
2023-12-12 06:35:56.335    app     info:    [analytics] Release channel    release
2023-12-12 06:35:56.338    app     info:    [initializers] Shared cache directory set to    C:\CCP\EVE Online
2023-12-12 06:35:56.365    app     info:    [initializers] Shared cache drive free space: 63,29 GiB / 465,75 GiB
2023-12-12 06:35:56.373    app     info:    [elg-events] Sending event    eve_launcher.electron.application.LauncherStarted
2023-12-12 06:35:56.376    app     info:    [elg-events] Sending event    eve_launcher.electron.application.CoreDataLoaded
2023-12-12 06:35:56.377    app     info:    [cdn-trace] Fetching CDN trace data from https://binaries.eveonline.com/cdn-cgi/trace
2023-12-12 06:35:56.393    app     info:    [feature-flags] Initializing feature flag client
2023-12-12 06:35:56.495    app     info:    [first-run] First application run was at 2023-11-27T10:29:20.506Z
2023-12-12 06:35:56.536    app     info:    [cache-protocol] Found 1 entries to remove
2023-12-12 06:35:56.543    app     info:    [cache-protocol] Cleaned 1 entries
2023-12-12 06:35:56.543    app     info:    [cache-protocol] Checking 1 folders to clean
2023-12-12 06:35:56.614    app     info:    info: [LaunchDarkly] LaunchDarkly client initialized    []
2023-12-12 06:35:56.615    app     info:    info: [LaunchDarkly] Opening stream connection to https://clientstream.launchdarkly.com/eval/64c3d12e27a4b11365012d39/eyJrZXkiOiI0YTQzNmFkYi00Yjk5LTQwYTctODViMC00MmUyMDZmNDEyODYiLCJraW5kIjoidXNlciIsImN1c3RvbSI6eyJpc0ZpcnN0UnVuIjpmYWxzZSwiZGF5c1NpbmNlRmlyc3RSdW4iOjE0LCJsYW5ndWFnZSI6ImVuIiwiYXBwbGljYXRpb24iOiJldmUtb25saW5lIiwidmVyc2lvbiI6IjEuMC4yIiwicGxhdGZvcm0iOiJ3aW5kb3dzIiwib3NWZXJzaW9uRGVwcmVjYXRlZCI6ZmFsc2UsInVzZXJJZHMiOlsxNjQ5MjM3NywxNzUyNTMxMiwxODAzNDI1OSwyMTEwMzExLDIzNjIyOTAzLDI1MjE4ODM1LDI2MjM5MjAxLDI4MTgyNzk5LDI5MjgwMjYwLDI5Mjg1NjQ1XSwiY2hhcmFjdGVySWRzIjpbMjExMzg3NTEzOSwyMTE0NjU2MTI3LDIxMTUwMzE4OTAsMjExNTQ1NzI5MSwyMTE4MjQ4MDQxLDIxMTkzNjE4OTEsMjEyMDM0NzYzNSwyMTIxMTc0NTQ1LDIxMjExNzQ4NzEsMjEyMTE3NTc3NiwyMTIxMTc3OTczLDIxMjExNzgxNzEsMjEyMTE3ODM5NiwyMTIxODUzMzM2LDIxMjE4NzgwNzQsNTc4NTY0Mzk0XSwib21lZ2FDb3VudCI6MCwiYWxwaGFDb3VudCI6MTAsImFjY291bnRDb3VudCI6MTAsIm9sZGVzdEFjY291bnRBZ2UiOjU5OTgsInlvdW5nZXN0QWNjb3VudEFnZSI6MTB9fQ?withReasons=true    []
2023-12-12 06:35:56.616    app     info:    [feature-flags] Client 4a436adb... ready, fetching flags
2023-12-12 06:35:56.621    app     info:    [feature-flags] Received 17 flags for client 4a436adb...
2023-12-12 06:35:56.621    app     info:    [feature-flags] Client initialized with key 4a436adb...
2023-12-12 06:35:56.623    app     info:    [self-update] Update feed set, starting update checks
2023-12-12 06:35:56.623    app     info:    [self-update] Starting automatic update checks
2023-12-12 06:35:56.623    app     info:    [self-update] Checking for a launcher update...
2023-12-12 06:35:56.657    app     info:    [customer-information] Agreements have been updated
2023-12-12 06:35:56.670    app     info:    [server-manager] Starting refresh cycle for eve-online / Tranquility
2023-12-12 06:35:56.726    app     info:    [authentication] Token for '25218835' on 'tranquility' has been successfully refreshed
2023-12-12 06:35:56.728    app     info:    [elg-events] Sending event    eve_launcher.electron.authentication.UserTokensRefreshed
2023-12-12 06:35:56.730    app     info:    [customer-information] Getting character information for '25218835' on 'tranquility'
2023-12-12 06:35:56.730    app     info:    [customer-information] Getting Omega status for '25218835' on 'tranquility'
2023-12-12 06:35:56.730    app     info:    [virtual-goods] Getting Plex status for '25218835' on 'tranquility'
2023-12-12 06:35:56.742    app     info:    [authentication] Token for '29285645' on 'tranquility' has been successfully refreshed
2023-12-12 06:35:56.744    app     info:    [elg-events] Sending event    eve_launcher.electron.authentication.UserTokensRefreshed
2023-12-12 06:35:56.745    app     info:    [customer-information] Getting character information for '29285645' on 'tranquility'
2023-12-12 06:35:56.745    app     info:    [customer-information] Getting Omega status for '29285645' on 'tranquility'
2023-12-12 06:35:56.746    app     info:    [virtual-goods] Getting Plex status for '29285645' on 'tranquility'
2023-12-12 06:35:56.756    app     info:    [authentication] Token for '17525312' on 'tranquility' has been successfully refreshed
2023-12-12 06:35:56.758    app     info:    [elg-events] Sending event    eve_launcher.electron.authentication.UserTokensRefreshed
2023-12-12 06:35:56.759    app     info:    [customer-information] Getting character information for '17525312' on 'tranquility'
2023-12-12 06:35:56.759    app     info:    [customer-information] Getting Omega status for '17525312' on 'tranquility'
2023-12-12 06:35:56.759    app     info:    [virtual-goods] Getting Plex status for '17525312' on 'tranquility'
2023-12-12 06:35:56.769    app     info:    [authentication] Token for '29280260' on 'tranquility' has been successfully refreshed
2023-12-12 06:35:56.770    app     info:    [elg-events] Sending event    eve_launcher.electron.authentication.UserTokensRefreshed
2023-12-12 06:35:56.772    app     info:    [customer-information] Getting character information for '29280260' on 'tranquility'
2023-12-12 06:35:56.772    app     info:    [customer-information] Getting Omega status for '29280260' on 'tranquility'
2023-12-12 06:35:56.772    app     info:    [virtual-goods] Getting Plex status for '29280260' on 'tranquility'
2023-12-12 06:35:56.782    app     info:    [authentication] Token for '18034259' on 'tranquility' has been successfully refreshed
2023-12-12 06:35:56.783    app     info:    [elg-events] Sending event    eve_launcher.electron.authentication.UserTokensRefreshed
2023-12-12 06:35:56.784    app     info:    [customer-information] Getting character information for '18034259' on 'tranquility'
2023-12-12 06:35:56.785    app     info:    [customer-information] Getting Omega status for '18034259' on 'tranquility'
2023-12-12 06:35:56.785    app     info:    [virtual-goods] Getting Plex status for '18034259' on 'tranquility'
2023-12-12 06:35:56.795    app     info:    [authentication] Token for '28182799' on 'tranquility' has been successfully refreshed
2023-12-12 06:35:56.797    app     info:    [elg-events] Sending event    eve_launcher.electron.authentication.UserTokensRefreshed
2023-12-12 06:35:56.798    app     info:    [customer-information] Getting character information for '28182799' on 'tranquility'
2023-12-12 06:35:56.798    app     info:    [customer-information] Getting Omega status for '28182799' on 'tranquility'
2023-12-12 06:35:56.798    app     info:    [virtual-goods] Getting Plex status for '28182799' on 'tranquility'
2023-12-12 06:35:56.808    app     info:    [authentication] Token for '2110311' on 'tranquility' has been successfully refreshed
2023-12-12 06:35:56.809    app     info:    [elg-events] Sending event    eve_launcher.electron.authentication.UserTokensRefreshed
2023-12-12 06:35:56.810    app     info:    [customer-information] Getting character information for '2110311' on 'tranquility'
2023-12-12 06:35:56.810    app     info:    [customer-information] Getting Omega status for '2110311' on 'tranquility'
2023-12-12 06:35:56.811    app     info:    [virtual-goods] Getting Plex status for '2110311' on 'tranquility'
2023-12-12 06:35:56.820    app     info:    [authentication] Token for '26239201' on 'tranquility' has been successfully refreshed
2023-12-12 06:35:56.821    app     info:    [elg-events] Sending event    eve_launcher.electron.authentication.UserTokensRefreshed
2023-12-12 06:35:56.823    app     info:    [customer-information] Getting character information for '26239201' on 'tranquility'
2023-12-12 06:35:56.823    app     info:    [customer-information] Getting Omega status for '26239201' on 'tranquility'
2023-12-12 06:35:56.823    app     info:    [virtual-goods] Getting Plex status for '26239201' on 'tranquility'
2023-12-12 06:35:56.833    app     info:    [authentication] Token for '16492377' on 'tranquility' has been successfully refreshed
2023-12-12 06:35:56.835    app     info:    [elg-events] Sending event    eve_launcher.electron.authentication.UserTokensRefreshed
2023-12-12 06:35:56.836    app     info:    [customer-information] Getting character information for '16492377' on 'tranquility'
2023-12-12 06:35:56.836    app     info:    [customer-information] Getting Omega status for '16492377' on 'tranquility'
2023-12-12 06:35:56.836    app     info:    [virtual-goods] Getting Plex status for '16492377' on 'tranquility'
2023-12-12 06:35:56.846    app     info:    [authentication] Token for '23622903' on 'tranquility' has been successfully refreshed
2023-12-12 06:35:56.848    app     info:    [elg-events] Sending event    eve_launcher.electron.authentication.UserTokensRefreshed
2023-12-12 06:35:56.849    app     info:    [customer-information] Getting character information for '23622903' on 'tranquility'
2023-12-12 06:35:56.850    app     info:    [customer-information] Getting Omega status for '23622903' on 'tranquility'
2023-12-12 06:35:56.850    app     info:    [virtual-goods] Getting Plex status for '23622903' on 'tranquility'
2023-12-12 06:35:56.858    app     info:    [AuthenticationMiddleware] Successfully restored 10 / 10 users
2023-12-12 06:35:56.869    app     info:    [server-manager] Previous Tranquility build: 2448565, current build: 2448565
2023-12-12 06:35:56.869    app     info:    [server-manager] Tranquility build is unchanged.
2023-12-12 06:35:56.874    app     info:    [server-manager] Ready to play!
2023-12-12 06:35:56.877    app     info:    [server-manager] Finished refresh cycle for Tranquility
2023-12-12 06:35:56.921    app     info:    [self-update] Currently running the latest launcher version. Scheduling update check in 5 minutes.
2023-12-12 06:35:56.961    app     info:    [customer-information] Agreement status has been fetched for user '26239201'
2023-12-12 06:35:56.963    app     info:    [esi] Fetching character details for 2121178171
2023-12-12 06:35:56.976    app     info:    [esi] Fetching character details for 578564394, 2115457291
2023-12-12 06:35:56.994    app     info:    [customer-information] Agreement status has been fetched for user '25218835'
2023-12-12 06:35:56.997    app     info:    [esi] Fetching character details for 2115031890, 2121177973
2023-12-12 06:35:57.011    app     info:    [esi] Fetching character details for 2114656127, 2121178396
2023-12-12 06:35:57.023    app     info:    [customer-information] Agreement status has been fetched for user '28182799'
2023-12-12 06:35:57.025    app     info:    [esi] Fetching character details for 2118248041, 2121175776
2023-12-12 06:35:57.036    app     info:    [customer-information] Agreement status has been fetched for user '2110311'
2023-12-12 06:35:57.037    app     info:    [esi] Fetching character details for 2119361891, 2120347635
2023-12-12 06:35:57.045    app     info:    [esi] Fetching character details for 2121878074
2023-12-12 06:35:57.057    app     info:    [customer-information] Agreement status has been fetched for user '17525312'
2023-12-12 06:35:57.059    app     info:    [esi] Fetching character details for 2121174545
2023-12-12 06:35:57.066    app     info:    [esi] Fetching character details for 2121853336
2023-12-12 06:35:57.083    app     info:    [customer-information] Agreement status has been fetched for user '29285645'
2023-12-12 06:35:57.114    app     info:    [customer-information] Agreement status has been fetched for user '16492377'
2023-12-12 06:35:57.122    app     info:    [customer-information] Agreement status has been fetched for user '29280260'
2023-12-12 06:35:57.141    app     info:    [virtual-goods] Fetched Plex status for '25218835' on 'tranquility'
2023-12-12 06:35:57.146    app     info:    [AuthenticationMiddleware] User information updated
2023-12-12 06:35:57.153    app     info:    [virtual-goods] Fetched Plex status for '16492377' on 'tranquility'
2023-12-12 06:35:57.159    app     info:    [virtual-goods] Fetched Plex status for '23622903' on 'tranquility'
2023-12-12 06:35:57.258    app     info:    [customer-information] Agreement status has been fetched for user '18034259'
2023-12-12 06:35:57.262    app     info:    [esi] Fetching character details for 2113875139, 2121174871
2023-12-12 06:35:57.268    app     info:    [AuthenticationMiddleware] User information updated
2023-12-12 06:35:57.277    app     info:    [customer-information] Agreement status has been fetched for user '23622903'
2023-12-12 06:35:57.282    app     info:    [AuthenticationMiddleware] User information updated
2023-12-12 06:35:57.408    app     warn:    [steam-auth] Failed to initialize Steamworks client
2023-12-12 06:35:57.414    app     info:    [main-window] Registering main window    { windowId: 2 }
2023-12-12 06:35:57.430    app     info:    [cdn-trace] Fetching CDN trace data from https://binaries.eveonline.com/cdn-cgi/trace
2023-12-12 06:35:57.432    app     info:    [creatives] Requesting creatives
2023-12-12 06:35:57.437    app     info:    [elg-events] Sending event    eve_launcher.electron.application.RendererLoaded
2023-12-12 06:35:57.444    app     info:    [virtual-goods] Fetched Plex status for '17525312' on 'tranquility'
2023-12-12 06:35:57.448    app     info:    [AuthenticationMiddleware] User information updated
2023-12-12 06:35:57.453    app     info:    [virtual-goods] Fetched Plex status for '28182799' on 'tranquility'
2023-12-12 06:35:57.458    app     info:    [AuthenticationMiddleware] User information updated
2023-12-12 06:35:57.458    app     info:    [virtual-goods] Fetched Plex status for '2110311' on 'tranquility'
2023-12-12 06:35:57.463    app     info:    [AuthenticationMiddleware] User information updated
2023-12-12 06:35:57.465    app     info:    [virtual-goods] Fetched Plex status for '29285645' on 'tranquility'
2023-12-12 06:35:57.470    app     info:    [AuthenticationMiddleware] User information updated
2023-12-12 06:35:57.471    app     info:    [virtual-goods] Fetched Plex status for '29280260' on 'tranquility'
2023-12-12 06:35:57.476    app     info:    [AuthenticationMiddleware] User information updated
2023-12-12 06:35:57.477    app     info:    [virtual-goods] Fetched Plex status for '26239201' on 'tranquility'
2023-12-12 06:35:57.481    app     info:    [AuthenticationMiddleware] User information updated
2023-12-12 06:35:57.483    app     info:    [virtual-goods] Fetched Plex status for '18034259' on 'tranquility'
2023-12-12 06:35:57.487    app     info:    [AuthenticationMiddleware] User information updated
2023-12-12 06:35:57.556    app     info:    [esi] Fetched 2 character details for 18034259
2023-12-12 06:35:57.560    app     info:    [esi] Fetched 2 character details for 17525312
2023-12-12 06:35:57.567    app     info:    [creatives] Received 3 creatives
2023-12-12 06:35:57.612    app     info:    [esi] Fetched 2 character details for 2110311
2023-12-12 06:35:57.613    app     info:    [esi] Fetched 1 character details for 29285645
2023-12-12 06:35:57.615    app     info:    [esi] Fetched 1 character details for 26239201
2023-12-12 06:35:57.617    app     info:    [esi] Fetched 1 character details for 28182799
2023-12-12 06:35:57.643    app     info:    [esi] Fetched 1 character details for 29280260
2023-12-12 06:35:57.651    app     info:    [esi] Fetched 2 character details for 25218835
2023-12-12 06:35:57.654    app     info:    [esi] Fetched 2 character details for 23622903
2023-12-12 06:35:57.711    app     info:    [esi] Fetched 2 character details for 16492377
2023-12-12 06:35:58.325     ui     info:    Initializing captcha    ccp://launcher/renderer/main_window/index.js    2
2023-12-12 06:36:04.778    app     info:    [AuthenticationMiddleware] Character information for '2110311' on 'tranquility' was loaded recently, skipping refresh.
2023-12-12 06:36:04.778    app     info:    [AuthenticationMiddleware] Plex information for '2110311' on 'tranquility' was loaded recently, skipping refresh.
2023-12-12 06:36:04.846    app     info:    [analytics] Hardware rendering enabled:    true    { disabledViaCommandline: false, disabledViaSettings: false }
2023-12-12 06:36:06.045    app     info:    [AuthenticationMiddleware] Character information for '2110311' on 'tranquility' was loaded recently, skipping refresh.
2023-12-12 06:36:06.046    app     info:    [AuthenticationMiddleware] Plex information for '2110311' on 'tranquility' was loaded recently, skipping refresh.
2023-12-12 06:36:26.762    app     warn:    Could not connect to LogLite    [
  Error: connect ECONNREFUSED 127.0.0.1:3273
      at TCPConnectWrap.afterConnect [as oncomplete] (node:net:1247:16) {
    errno: -4078,
    code: 'ECONNREFUSED',
    syscall: 'connect',
    address: '127.0.0.1',
    port: 3273
  }
]
2023-12-12 06:36:37.141    app     info:    [client-queue] Queued client startup    {
  product: 'eve-online',
  tenant: 'tranquility',
  userId: 2110311,
  characterId: 2115457291,
  profile: ''
}
2023-12-12 06:36:37.144    app     info:    [elg-events] Sending event    eve_launcher.electron.eve_client.ClientQueued
2023-12-12 06:36:37.151    app     info:    [client-queue] No clients running for tranquility, copying files before starting a client
2023-12-12 06:36:37.158    app     info:    [elg-events] Sending event    eve_launcher.electron.eve_client.CopyingFilesStarted
2023-12-12 06:36:37.158    app     info:    [binary-copier] Copying 198 files (217 MB) to 'C:\CCP\EVE Online\tq'
2023-12-12 06:36:37.195    app     info:    [binary-copier] Removing old binaries
2023-12-12 06:36:37.209    app     info:    [binary-copier] Copying binaries from ResFiles
2023-12-12 06:36:37.685    app     info:    [binary-copier] Finished copying 198 files to 'C:\CCP\EVE Online\tq' in 0.529 seconds
2023-12-12 06:36:37.687    app     info:    [elg-events] Sending event    eve_launcher.electron.eve_client.CopyingFilesFinished
2023-12-12 06:36:37.692    app     info:    [client-manager] Starting EVE Online game client.    C:\CCP\EVE Online\tq\bin64\exefile.exe    Map(11) {
  'noconsole' => '/noconsole',
  'server' => '/server:tranquility.servers.eveonline.com',
  'triplatform' => '/triplatform=dx12',
  'ssotoken' => '/ssoToken=***',
  'refreshtoken' => '/refreshToken=***',
  'settingsprofile' => '/settingsprofile=Default',
  'deviceid' => '/deviceID=4a436adb-4b99-40a7-85b0-42e206f41286',
  'autoselectcharacter' => '/autoSelectCharacter:2115457291',
  'language' => '/language=en',
  'exp' => '1702363557',
  'tokenExpires' => '2023-12-12 08:45:57.000'
}    2110311
2023-12-12 06:36:37.727    app     info:    [client-queue] Started client from group startup    {
  product: 'eve-online',
  tenant: 'tranquility',
  characterId: 2115457291,
  profile: '',
  userId: 2110311
}
2023-12-12 06:36:37.800    app     info:    [quasar-events] Sent 'eve_launcher.electron.eve_client.GameClientStartRequested'
2023-12-12 06:36:37.800    app     info:    [quasar-events] Sent 'eve_launcher.electron.eve_client.TemporaryClientProcessAdded'
2023-12-12 06:36:38.246    app     info:    [client-manager] Found 'tranquility' client for '2110311' running:     {
  processId: 2036,
  createdDate: 1702362997770,
  userId: 2110311,
  characterId: 2115457291,
  profile: 'Default',
  dxVersion: 'dx12'
}
2023-12-12 06:36:38.350    app     info:    [quasar-events] Sent 'eve_launcher.electron.eve_client.TemporaryClientProcessMonitoringRetried'
2023-12-12 06:36:38.351    app     info:    [quasar-events] Sent 'eve_launcher.electron.eve_client.GameClientStarted'
2023-12-12 06:36:38.352    app     info:    [quasar-events] Sent 'eve_launcher.electron.eve_client.TemporaryClientProcessRemoved'
2023-12-12 06:36:38.745    app     info:    [client-queue] Queue has stopped running, no more clients pending startup.
2023-12-12 06:40:56.888    app     info:    [server-manager] Starting refresh cycle for eve-online / Tranquility
2023-12-12 06:40:56.934    app     info:    [self-update] Checking for a launcher update...
2023-12-12 06:40:57.226    app     info:    [server-manager] Previous Tranquility build: 2448565, current build: 2448565
2023-12-12 06:40:57.226    app     info:    [server-manager] Tranquility build is unchanged.
2023-12-12 06:40:57.232    app     info:    [server-manager] Ready to play!
2023-12-12 06:40:57.236    app     info:    [server-manager] Finished refresh cycle for Tranquility
2023-12-12 06:40:57.274    app     info:    [self-update] Currently running the latest launcher version. Scheduling update check in 5 minutes.
2023-12-12 06:45:57.244    app     info:    [server-manager] Starting refresh cycle for eve-online / Tranquility
2023-12-12 06:45:57.282    app     info:    [self-update] Checking for a launcher update...
2023-12-12 06:45:57.374    app     info:    [server-manager] Previous Tranquility build: 2448565, current build: 2448565
2023-12-12 06:45:57.374    app     info:    [server-manager] Tranquility build is unchanged.
2023-12-12 06:45:57.380    app     info:    [server-manager] Ready to play!
2023-12-12 06:45:57.383    app     info:    [server-manager] Finished refresh cycle for Tranquility
2023-12-12 06:45:57.628    app     info:    [self-update] Currently running the latest launcher version. Scheduling update check in 5 minutes.
2023-12-12 06:50:57.404    app     info:    [server-manager] Starting refresh cycle for eve-online / Tranquility
2023-12-12 06:50:57.609    app     info:    [server-manager] Previous Tranquility build: 2448565, current build: 2448565
2023-12-12 06:50:57.609    app     info:    [server-manager] Tranquility build is unchanged.
2023-12-12 06:50:57.614    app     info:    [server-manager] Ready to play!
2023-12-12 06:50:57.617    app     info:    [server-manager] Finished refresh cycle for Tranquility
2023-12-12 06:50:57.635    app     info:    [self-update] Checking for a launcher update...
2023-12-12 06:50:57.967    app     info:    [self-update] Currently running the latest launcher version. Scheduling update check in 5 minutes.
2023-12-12 06:55:57.625    app     info:    [server-manager] Starting refresh cycle for eve-online / Tranquility
2023-12-12 06:55:57.801    app     info:    [server-manager] Previous Tranquility build: 2448565, current build: 2448565
2023-12-12 06:55:57.801    app     info:    [server-manager] Tranquility build is unchanged.
2023-12-12 06:55:57.806    app     info:    [server-manager] Ready to play!
2023-12-12 06:55:57.809    app     info:    [server-manager] Finished refresh cycle for Tranquility
2023-12-12 06:55:57.972    app     info:    [self-update] Checking for a launcher update...
2023-12-12 06:55:58.302    app     info:    [self-update] Currently running the latest launcher version. Scheduling update check in 5 minutes.
2023-12-12 07:00:57.813    app     info:    [server-manager] Starting refresh cycle for eve-online / Tranquility
2023-12-12 07:00:57.952    app     info:    [server-manager] Previous Tranquility build: 2448565, current build: 2448565
2023-12-12 07:00:57.952    app     info:    [server-manager] Tranquility build is unchanged.
2023-12-12 07:00:57.957    app     info:    [server-manager] Ready to play!
2023-12-12 07:00:57.961    app     info:    [server-manager] Finished refresh cycle for Tranquility
2023-12-12 07:00:58.312    app     info:    [self-update] Checking for a launcher update...
2023-12-12 07:00:58.641    app     info:    [self-update] Currently running the latest launcher version. Scheduling update check in 5 minutes.
2023-12-12 07:05:28.258    app     info:    [ipc-requests] Handling requests in the background
2023-12-12 07:05:29.262    app     info:    [ipc-requests] No longer handling requests in the background
2023-12-12 07:05:35.838    app     info:    [ipc-requests] Handling requests in the background
2023-12-12 07:05:36.842    app     info:    [ipc-requests] No longer handling requests in the background
2023-12-12 07:05:57.977    app     info:    [server-manager] Starting refresh cycle for eve-online / Tranquility
2023-12-12 07:05:58.104    app     info:    [server-manager] Previous Tranquility build: 2448565, current build: 2448565
2023-12-12 07:05:58.104    app     info:    [server-manager] Tranquility build is unchanged.
2023-12-12 07:05:58.110    app     info:    [server-manager] Ready to play!
2023-12-12 07:05:58.113    app     info:    [server-manager] Finished refresh cycle for Tranquility
2023-12-12 07:05:58.647    app     info:    [self-update] Checking for a launcher update...
2023-12-12 07:05:58.993    app     info:    [self-update] Currently running the latest launcher version. Scheduling update check in 5 minutes.
2023-12-12 07:06:29.839    app     info:    [ipc-requests] Handling requests in the background
2023-12-12 07:06:30.842    app     info:    [ipc-requests] No longer handling requests in the background
2023-12-12 07:07:28.161    app     info:    [ipc-requests] Handling requests in the background
2023-12-12 07:07:29.176    app     info:    [ipc-requests] No longer handling requests in the background
2023-12-12 07:09:15.358    app     info:    [ipc-requests] Handling requests in the background
2023-12-12 07:09:16.359    app     info:    [ipc-requests] No longer handling requests in the background
2023-12-12 07:09:23.849    app     info:    [ipc-requests] Handling requests in the background
2023-12-12 07:09:24.863    app     info:    [ipc-requests] No longer handling requests in the background
2023-12-12 07:09:25.131    app     info:    [ipc-requests] Handling requests in the background
2023-12-12 07:09:26.142    app     info:    [ipc-requests] No longer handling requests in the background
2023-12-12 07:09:29.131    app     info:    [ipc-requests] Handling requests in the background
2023-12-12 07:09:30.139    app     info:    [ipc-requests] No longer handling requests in the background
2023-12-12 07:09:31.304    app     info:    [ipc-requests] Handling requests in the background
2023-12-12 07:09:32.316    app     info:    [ipc-requests] No longer handling requests in the background
2023-12-12 07:09:48.948    app     info:    [ipc-requests] Handling requests in the background
2023-12-12 07:09:49.952    app     info:    [ipc-requests] No longer handling requests in the background
2023-12-12 07:09:58.484    app     info:    [ipc-requests] Handling requests in the background
2023-12-12 07:09:59.487    app     info:    [ipc-requests] No longer handling requests in the background
2023-12-12 07:10:00.559    app     info:    [ipc-requests] Handling requests in the background
2023-12-12 07:10:01.573    app     info:    [ipc-requests] No longer handling requests in the background
2023-12-12 07:10:14.792    app     info:    [ipc-requests] Handling requests in the background
2023-12-12 07:10:15.801    app     info:    [ipc-requests] No longer handling requests in the background
2023-12-12 07:10:46.591    app     info:    [ipc-requests] Handling requests in the background
2023-12-12 07:10:47.604    app     info:    [ipc-requests] No longer handling requests in the background
2023-12-12 07:10:58.128    app     info:    [server-manager] Starting refresh cycle for eve-online / Tranquility
2023-12-12 07:10:58.334    app     info:    [server-manager] Previous Tranquility build: 2448565, current build: 2448565
2023-12-12 07:10:58.334    app     info:    [server-manager] Tranquility build is unchanged.
2023-12-12 07:10:58.338    app     info:    [server-manager] Ready to play!
2023-12-12 07:10:58.341    app     info:    [server-manager] Finished refresh cycle for Tranquility
2023-12-12 07:10:59.002    app     info:    [self-update] Checking for a launcher update...
2023-12-12 07:10:59.365    app     info:    [self-update] Currently running the latest launcher version. Scheduling update check in 5 minutes.
2023-12-12 07:11:06.307    app     info:    [ipc-requests] Handling requests in the background
2023-12-12 07:11:07.310    app     info:    [ipc-requests] No longer handling requests in the background
2023-12-12 07:11:21.401    app     info:    [ipc-requests] Handling requests in the background
2023-12-12 07:11:22.409    app     info:    [ipc-requests] No longer handling requests in the background
2023-12-12 07:11:40.232    app     info:    [ipc-requests] Handling requests in the background
2023-12-12 07:11:41.248    app     info:    [ipc-requests] No longer handling requests in the background
2023-12-12 07:11:44.454    app     info:    [ipc-requests] Handling requests in the background
2023-12-12 07:11:45.467    app     info:    [ipc-requests] No longer handling requests in the background
2023-12-12 07:11:51.070    app     info:    [ipc-requests] Handling requests in the background
2023-12-12 07:11:52.079    app     info:    [ipc-requests] No longer handling requests in the background
2023-12-12 07:11:59.792    app     info:    [ipc-requests] Handling requests in the background
2023-12-12 07:12:00.796    app     info:    [ipc-requests] No longer handling requests in the background
2023-12-12 07:12:21.345    app     info:    [ipc-requests] Handling requests in the background
2023-12-12 07:12:22.358    app     info:    [ipc-requests] No longer handling requests in the background
2023-12-12 07:12:22.695    app     info:    [ipc-requests] Handling requests in the background
2023-12-12 07:12:23.710    app     info:    [ipc-requests] No longer handling requests in the background
2023-12-12 07:12:26.281    app     info:    [ipc-requests] Handling requests in the background
2023-12-12 07:12:27.295    app     info:    [ipc-requests] No longer handling requests in the background
2023-12-12 07:12:33.071    app     info:    [ipc-requests] Handling requests in the background
2023-12-12 07:12:34.083    app     info:    [ipc-requests] No longer handling requests in the background
2023-12-12 07:12:40.840    app     info:    [ipc-requests] Handling requests in the background
2023-12-12 07:12:41.853    app     info:    [ipc-requests] No longer handling requests in the background
2023-12-12 07:14:04.776    app     info:    [ipc-requests] Handling requests in the background
2023-12-12 07:14:05.784    app     info:    [ipc-requests] No longer handling requests in the background
2023-12-12 07:14:09.849    app     info:    [ipc-requests] Handling requests in the background
2023-12-12 07:14:10.858    app     info:    [ipc-requests] No longer handling requests in the background
2023-12-12 07:14:18.855    app     info:    [ipc-requests] Handling requests in the background
2023-12-12 07:14:19.869    app     info:    [ipc-requests] No longer handling requests in the background
2023-12-12 07:14:25.200    app     info:    [ipc-requests] Handling requests in the background
2023-12-12 07:14:26.205    app     info:    [ipc-requests] No longer handling requests in the background
2023-12-12 07:15:18.935    app     info:    [ipc-requests] Handling requests in the background
2023-12-12 07:15:19.945    app     info:    [ipc-requests] No longer handling requests in the background
2023-12-12 07:15:25.359    app     info:    [ipc-requests] Handling requests in the background
2023-12-12 07:15:26.362    app     info:    [ipc-requests] No longer handling requests in the background
2023-12-12 07:15:58.357    app     info:    [server-manager] Starting refresh cycle for eve-online / Tranquility
2023-12-12 07:15:58.579    app     info:    [server-manager] Previous Tranquility build: 2448565, current build: 2448565
2023-12-12 07:15:58.579    app     info:    [server-manager] Tranquility build is unchanged.
2023-12-12 07:15:58.585    app     info:    [server-manager] Ready to play!
2023-12-12 07:15:58.588    app     info:    [server-manager] Finished refresh cycle for Tranquility
2023-12-12 07:15:59.365    app     info:    [self-update] Checking for a launcher update...
2023-12-12 07:15:59.697    app     info:    [self-update] Currently running the latest launcher version. Scheduling update check in 5 minutes.
2023-12-12 07:17:45.048    app     info:    [ipc-requests] Handling requests in the background
2023-12-12 07:17:46.049    app     info:    [ipc-requests] No longer handling requests in the background
2023-12-12 07:17:47.225    app     info:    [ipc-requests] Handling requests in the background
2023-12-12 07:17:48.235    app     info:    [ipc-requests] No longer handling requests in the background
2023-12-12 07:20:58.605    app     info:    [server-manager] Starting refresh cycle for eve-online / Tranquility
2023-12-12 07:20:58.793    app     info:    [server-manager] Previous Tranquility build: 2448565, current build: 2448565
2023-12-12 07:20:58.793    app     info:    [server-manager] Tranquility build is unchanged.
2023-12-12 07:20:58.798    app     info:    [server-manager] Ready to play!
2023-12-12 07:20:58.802    app     info:    [server-manager] Finished refresh cycle for Tranquility
2023-12-12 07:20:59.705    app     info:    [self-update] Checking for a launcher update...
2023-12-12 07:21:00.036    app     info:    [self-update] Currently running the latest launcher version. Scheduling update check in 5 minutes.
2023-12-12 07:22:50.987    app     info:    [ipc-requests] Handling requests in the background
2023-12-12 07:22:51.997    app     info:    [ipc-requests] No longer handling requests in the background
2023-12-12 07:22:52.943    app     info:    [ipc-requests] Handling requests in the background
2023-12-12 07:22:53.952    app     info:    [ipc-requests] No longer handling requests in the background
2023-12-12 07:25:31.339    app     info:    [ipc-requests] Handling requests in the background
2023-12-12 07:25:32.339    app     info:    [ipc-requests] No longer handling requests in the background
2023-12-12 07:25:58.821    app     info:    [server-manager] Starting refresh cycle for eve-online / Tranquility
2023-12-12 07:25:59.239    app     info:    [server-manager] Previous Tranquility build: 2448565, current build: 2448565
2023-12-12 07:25:59.240    app     info:    [server-manager] Tranquility build is unchanged.
2023-12-12 07:25:59.244    app     info:    [server-manager] Ready to play!
2023-12-12 07:25:59.247    app     info:    [server-manager] Finished refresh cycle for Tranquility
2023-12-12 07:26:00.044    app     info:    [self-update] Checking for a launcher update...
2023-12-12 07:26:00.388    app     info:    [self-update] Currently running the latest launcher version. Scheduling update check in 5 minutes.
2023-12-12 07:26:11.824    app     info:    [ipc-requests] Handling requests in the background
2023-12-12 07:26:12.839    app     info:    [ipc-requests] No longer handling requests in the background
2023-12-12 07:26:29.582    app     info:    [ipc-requests] Handling requests in the background
2023-12-12 07:26:30.590    app     info:    [ipc-requests] No longer handling requests in the background
2023-12-12 07:26:33.775    app     info:    [ipc-requests] Handling requests in the background
2023-12-12 07:26:34.780    app     info:    [ipc-requests] No longer handling requests in the background
2023-12-12 07:26:39.703    app     info:    [ipc-requests] Handling requests in the background
2023-12-12 07:26:40.707    app     info:    [ipc-requests] No longer handling requests in the background
2023-12-12 07:28:26.212    app     info:    [ipc-requests] Handling requests in the background
2023-12-12 07:28:27.218    app     info:    [ipc-requests] No longer handling requests in the background
2023-12-12 07:28:28.136    app     info:    [ipc-requests] Handling requests in the background
2023-12-12 07:28:29.137    app     info:    [ipc-requests] No longer handling requests in the background
2023-12-12 07:29:40.792    app     info:    [ipc-requests] Handling requests in the background
2023-12-12 07:29:41.792    app     info:    [ipc-requests] No longer handling requests in the background
2023-12-12 07:30:21.618    app     info:    [ipc-requests] Handling requests in the background
2023-12-12 07:30:22.620    app     info:    [ipc-requests] No longer handling requests in the background
2023-12-12 07:30:28.823    app     info:    [ipc-requests] Handling requests in the background
2023-12-12 07:30:29.838    app     info:    [ipc-requests] No longer handling requests in the background
2023-12-12 07:30:59.264    app     info:    [server-manager] Starting refresh cycle for eve-online / Tranquility
2023-12-12 07:30:59.398    app     info:    [server-manager] Previous Tranquility build: 2448565, current build: 2448565
2023-12-12 07:30:59.399    app     info:    [server-manager] Tranquility build is unchanged.
2023-12-12 07:30:59.415    app     info:    [server-manager] Ready to play!
2023-12-12 07:30:59.422    app     info:    [server-manager] Finished refresh cycle for Tranquility
2023-12-12 07:31:00.394    app     info:    [self-update] Checking for a launcher update...
2023-12-12 07:31:00.736    app     info:    [self-update] Currently running the latest launcher version. Scheduling update check in 5 minutes.
2023-12-12 07:31:10.823    app     info:    [ipc-requests] Handling requests in the background
2023-12-12 07:31:11.832    app     info:    [ipc-requests] No longer handling requests in the background
2023-12-12 07:31:15.416    app     info:    [ipc-requests] Handling requests in the background
2023-12-12 07:31:16.430    app     info:    [ipc-requests] No longer handling requests in the background
2023-12-12 07:34:06.619    app     info:    [ipc-requests] Handling requests in the background
2023-12-12 07:34:07.629    app     info:    [ipc-requests] No longer handling requests in the background
2023-12-12 07:34:31.974    app     info:    [ipc-requests] Handling requests in the background
2023-12-12 07:34:32.988    app     info:    [ipc-requests] No longer handling requests in the background
2023-12-12 07:35:59.433    app     info:    [server-manager] Starting refresh cycle for eve-online / Tranquility
2023-12-12 07:35:59.639    app     info:    [server-manager] Previous Tranquility build: 2448565, current build: 2448565
2023-12-12 07:35:59.639    app     info:    [server-manager] Tranquility build is unchanged.
2023-12-12 07:35:59.647    app     info:    [server-manager] Ready to play!
2023-12-12 07:35:59.650    app     info:    [server-manager] Finished refresh cycle for Tranquility
2023-12-12 07:36:00.751    app     info:    [self-update] Checking for a launcher update...
2023-12-12 07:36:01.038    app     info:    [self-update] Currently running the latest launcher version. Scheduling update check in 5 minutes.
2023-12-12 07:36:16.299    app     info:    [creatives] Requesting creatives
2023-12-12 07:36:16.415    app     info:    [creatives] Received 3 creatives
2023-12-12 07:36:17.148    app     info:    [ipc-requests] Handling requests in the background
2023-12-12 07:36:18.152    app     info:    [ipc-requests] No longer handling requests in the background
2023-12-12 07:37:30.180    app     info:    [ipc-requests] Handling requests in the background
2023-12-12 07:37:31.182    app     info:    [ipc-requests] No longer handling requests in the background
2023-12-12 07:40:59.660    app     info:    [server-manager] Starting refresh cycle for eve-online / Tranquility
2023-12-12 07:40:59.812    app     info:    [server-manager] Previous Tranquility build: 2448565, current build: 2448565
2023-12-12 07:40:59.813    app     info:    [server-manager] Tranquility build is unchanged.
2023-12-12 07:40:59.818    app     info:    [server-manager] Ready to play!
2023-12-12 07:40:59.821    app     info:    [server-manager] Finished refresh cycle for Tranquility
2023-12-12 07:41:01.052    app     info:    [self-update] Checking for a launcher update...
2023-12-12 07:41:01.329    app     info:    [self-update] Currently running the latest launcher version. Scheduling update check in 5 minutes.
2023-12-12 07:41:58.531    app     info:    [ipc-requests] Handling requests in the background
2023-12-12 07:41:59.535    app     info:    [ipc-requests] No longer handling requests in the background
2023-12-12 07:43:04.247    app     info:    [ipc-requests] Handling requests in the background
2023-12-12 07:43:05.254    app     info:    [ipc-requests] No longer handling requests in the background
2023-12-12 07:45:59.827    app     info:    [server-manager] Starting refresh cycle for eve-online / Tranquility
2023-12-12 07:45:59.987    app     info:    [server-manager] Previous Tranquility build: 2448565, current build: 2448565
2023-12-12 07:45:59.987    app     info:    [server-manager] Tranquility build is unchanged.
2023-12-12 07:45:59.992    app     info:    [server-manager] Ready to play!
2023-12-12 07:45:59.994    app     info:    [server-manager] Finished refresh cycle for Tranquility
2023-12-12 07:46:01.336    app     info:    [self-update] Checking for a launcher update...
2023-12-12 07:46:01.611    app     info:    [self-update] Currently running the latest launcher version. Scheduling update check in 5 minutes.
2023-12-12 07:51:00.004    app     info:    [server-manager] Starting refresh cycle for eve-online / Tranquility
2023-12-12 07:51:00.180    app     info:    [server-manager] Previous Tranquility build: 2448565, current build: 2448565
2023-12-12 07:51:00.180    app     info:    [server-manager] Tranquility build is unchanged.
2023-12-12 07:51:00.185    app     info:    [server-manager] Ready to play!
2023-12-12 07:51:00.188    app     info:    [server-manager] Finished refresh cycle for Tranquility
2023-12-12 07:51:01.623    app     info:    [self-update] Checking for a launcher update...
2023-12-12 07:51:01.906    app     info:    [self-update] Currently running the latest launcher version. Scheduling update check in 5 minutes.
2023-12-12 07:56:00.197    app     info:    [server-manager] Starting refresh cycle for eve-online / Tranquility
2023-12-12 07:56:00.368    app     info:    [server-manager] Previous Tranquility build: 2448565, current build: 2448565
2023-12-12 07:56:00.368    app     info:    [server-manager] Tranquility build is unchanged.
2023-12-12 07:56:00.373    app     info:    [server-manager] Ready to play!
2023-12-12 07:56:00.376    app     info:    [server-manager] Finished refresh cycle for Tranquility
2023-12-12 07:56:01.922    app     info:    [self-update] Checking for a launcher update...
2023-12-12 07:56:02.206    app     info:    [self-update] Currently running the latest launcher version. Scheduling update check in 5 minutes.
2023-12-12 07:58:48.023    app     info:    [ipc-requests] Handling requests in the background
2023-12-12 07:58:49.036    app     info:    [ipc-requests] No longer handling requests in the background
2023-12-12 07:59:11.567    app     info:    [ipc-requests] Handling requests in the background
2023-12-12 07:59:12.579    app     info:    [ipc-requests] No longer handling requests in the background
2023-12-12 07:59:15.903    app     info:    [ipc-requests] Handling requests in the background
2023-12-12 07:59:16.917    app     info:    [ipc-requests] No longer handling requests in the background
2023-12-12 08:01:00.392    app     info:    [server-manager] Starting refresh cycle for eve-online / Tranquility
2023-12-12 08:01:00.517    app     info:    [server-manager] Previous Tranquility build: 2448565, current build: 2448565
2023-12-12 08:01:00.518    app     info:    [server-manager] Tranquility build is unchanged.
2023-12-12 08:01:00.522    app     info:    [server-manager] Ready to play!
2023-12-12 08:01:00.525    app     info:    [server-manager] Finished refresh cycle for Tranquility
2023-12-12 08:01:02.217    app     info:    [self-update] Checking for a launcher update...
2023-12-12 08:01:02.489    app     info:    [self-update] Currently running the latest launcher version. Scheduling update check in 5 minutes.
2023-12-12 08:03:20.426    app     info:    [ipc-requests] Handling requests in the background
2023-12-12 08:03:21.439    app     info:    [ipc-requests] No longer handling requests in the background
2023-12-12 08:04:06.746    app     info:    [ipc-requests] Handling requests in the background
2023-12-12 08:04:07.753    app     info:    [ipc-requests] No longer handling requests in the background
2023-12-12 08:04:24.022    app     info:    [ipc-requests] Handling requests in the background
2023-12-12 08:04:25.034    app     info:    [ipc-requests] No longer handling requests in the background
2023-12-12 08:05:28.893    app     info:    [client-manager] 'tranquility' for EVE game client for '2110311' exited with no errors.
2023-12-12 08:05:28.903    app     info:    [server-manager] Starting refresh cycle for eve-online / Tranquility
2023-12-12 08:05:29.002    app     info:    [quasar-events] Sent 'eve_launcher.electron.eve_client.GameClientExited'
2023-12-12 08:05:29.035    app     info:    [server-manager] Previous Tranquility build: 2448565, current build: 2448565
2023-12-12 08:05:29.035    app     info:    [server-manager] Tranquility build is unchanged.
2023-12-12 08:05:29.041    app     info:    [server-manager] Ready to play!
2023-12-12 08:05:29.044    app     info:    [server-manager] Finished refresh cycle for Tranquility
2023-12-12 08:05:32.029    app     info:    [main-window] Main window minimized to tray    { windowId: 2 }
2023-12-12 08:05:32.050    app     info:    [main-window] Sent notification that the application is minimized to tray    { windowId: 2 }
2023-12-12 08:05:32.056    app     info:    [ipc-requests] Handling requests in the background
2023-12-12 08:05:33.057    app     info:    [ipc-requests] No longer handling requests in the background
2023-12-12 08:05:38.344    app     info:    [tray] Quitting application from tray
2023-12-12 08:05:38.346    app     info:    Application quitting. Cleanup needed: true
2023-12-12 08:05:38.347    app     info:    [elg-events] Sending event    eve_launcher.electron.application.LauncherShutdown
2023-12-12 08:05:38.349    app     info:    app.quit called, but we are still sending ELG events.
2023-12-12 08:05:38.957    app     info:    ELG stream closed, quitting.
2023-12-12 08:05:38.958    app     info:    [main-window] Main window closing    { windowId: 2 }
2023-12-12 08:05:38.964    app     info:    Application closed    0
