2023-12-08 04:13:16.465    app     info:    Startup arguments    [
  'eveonline://callback/?client_id=eveLauncherTQ&code=jE-CXJ8wZkGb167tHGZRnA&state=HmEn7cYvWiBSTBfcBJCiPIQZp74KsfK5J7qUsWRrr4g&remember=true'
]
2023-12-08 04:13:16.490    app     info:    EVE Online Launcher is already running. This instance will now be closed.
2023-12-08 04:13:16.491    app     info:    Application quitting. Cleanup needed: true
2023-12-08 04:13:16.496    app     info:    [elg-events] Sending event    eve_launcher.electron.application.LauncherShutdown
2023-12-08 04:13:16.499    app     info:    [self-update] Starting automatic update checks
2023-12-08 04:13:16.500    app     info:    [self-update] Waiting for update feed before starting update checks
2023-12-08 04:13:16.504    app     info:    app.quit called, but we are still sending ELG events.
2023-12-08 04:13:16.592    app     info:    [i18next] Changed language    en
2023-12-08 04:13:16.611    app     info:    [authentication] Token for '16492377' on 'tranquility' is expired, refresh is required
2023-12-08 04:13:16.612    app     info:    [authentication] Refreshing token for '16492377' on 'tranquility'
2023-12-08 04:13:16.612    app     info:    [authentication] Token for '17525312' on 'tranquility' is expired, refresh is required
2023-12-08 04:13:16.613    app     info:    [authentication] Refreshing token for '17525312' on 'tranquility'
2023-12-08 04:13:16.613    app     info:    [authentication] Token for '25218835' on 'tranquility' is expired, refresh is required
2023-12-08 04:13:16.613    app     info:    [authentication] Refreshing token for '25218835' on 'tranquility'
2023-12-08 04:13:16.614    app     info:    [AuthenticationMiddleware] Character information for '29280260' on 'tranquility' was loaded recently, skipping refresh.
2023-12-08 04:13:16.614    app     info:    [AuthenticationMiddleware] Plex information for '29280260' on 'tranquility' was loaded recently, skipping refresh.
2023-12-08 04:13:16.616    app     info:    [AuthenticationMiddleware] Character information for '29285645' on 'tranquility' was loaded recently, skipping refresh.
2023-12-08 04:13:16.616    app     info:    [AuthenticationMiddleware] Plex information for '29285645' on 'tranquility' was loaded recently, skipping refresh.
2023-12-08 04:13:16.617    app     info:    [authentication] Token for '18034259' on 'tranquility' is expired, refresh is required
2023-12-08 04:13:16.617    app     info:    [authentication] Refreshing token for '18034259' on 'tranquility'
2023-12-08 04:13:16.617    app     info:    [authentication] Token for '28182799' on 'tranquility' is expired, refresh is required
2023-12-08 04:13:16.618    app     info:    [authentication] Refreshing token for '28182799' on 'tranquility'
2023-12-08 04:13:16.618    app     info:    [authentication] Token for '2110311' on 'tranquility' is expired, refresh is required
2023-12-08 04:13:16.618    app     info:    [authentication] Refreshing token for '2110311' on 'tranquility'
2023-12-08 04:13:16.619    app     info:    [authentication] Token for '23622903' on 'tranquility' is expired, refresh is required
2023-12-08 04:13:16.619    app     info:    [authentication] Refreshing token for '23622903' on 'tranquility'
2023-12-08 04:13:16.662    app     info:    [cache-protocol] Found 0 entries to remove
2023-12-08 04:13:16.662    app     info:    [cache-protocol] Nothing to clean up.
2023-12-08 04:13:16.767    app     info:    [customer-information] Agreements have been updated
2023-12-08 04:13:16.841    app     info:    [authentication] Token for '18034259' on 'tranquility' has been successfully refreshed
2023-12-08 04:13:16.842    app     info:    [elg-events] Sending event    eve_launcher.electron.authentication.UserTokensRefreshed
2023-12-08 04:13:16.844    app     info:    [AuthenticationMiddleware] Character information for '18034259' on 'tranquility' was loaded recently, skipping refresh.
2023-12-08 04:13:16.844    app     info:    [AuthenticationMiddleware] Plex information for '18034259' on 'tranquility' was loaded recently, skipping refresh.
2023-12-08 04:13:16.853    app     info:    [AuthenticationMiddleware] User information updated
2023-12-08 04:13:16.854    app     info:    [authentication] Token for '17525312' on 'tranquility' has been successfully refreshed
2023-12-08 04:13:16.855    app     info:    [elg-events] Sending event    eve_launcher.electron.authentication.UserTokensRefreshed
2023-12-08 04:13:16.856    app     info:    [AuthenticationMiddleware] Character information for '17525312' on 'tranquility' was loaded recently, skipping refresh.
2023-12-08 04:13:16.856    app     info:    [AuthenticationMiddleware] Plex information for '17525312' on 'tranquility' was loaded recently, skipping refresh.
2023-12-08 04:13:16.863    app     info:    [AuthenticationMiddleware] User information updated
2023-12-08 04:13:16.863    app     info:    [authentication] Token for '23622903' on 'tranquility' has been successfully refreshed
2023-12-08 04:13:16.864    app     info:    [elg-events] Sending event    eve_launcher.electron.authentication.UserTokensRefreshed
2023-12-08 04:13:16.865    app     info:    [AuthenticationMiddleware] Character information for '23622903' on 'tranquility' was loaded recently, skipping refresh.
2023-12-08 04:13:16.866    app     info:    [AuthenticationMiddleware] Plex information for '23622903' on 'tranquility' was loaded recently, skipping refresh.
2023-12-08 04:13:16.873    app     info:    [AuthenticationMiddleware] User information updated
2023-12-08 04:13:16.873    app     info:    [authentication] Token for '28182799' on 'tranquility' has been successfully refreshed
2023-12-08 04:13:16.874    app     info:    [elg-events] Sending event    eve_launcher.electron.authentication.UserTokensRefreshed
2023-12-08 04:13:16.876    app     info:    [AuthenticationMiddleware] Character information for '28182799' on 'tranquility' was loaded recently, skipping refresh.
2023-12-08 04:13:16.876    app     info:    [AuthenticationMiddleware] Plex information for '28182799' on 'tranquility' was loaded recently, skipping refresh.
2023-12-08 04:13:16.887    app     info:    [AuthenticationMiddleware] User information updated
2023-12-08 04:13:16.888    app     info:    [authentication] Token for '2110311' on 'tranquility' has been successfully refreshed
2023-12-08 04:13:16.889    app     info:    [elg-events] Sending event    eve_launcher.electron.authentication.UserTokensRefreshed
2023-12-08 04:13:16.890    app     info:    [AuthenticationMiddleware] Character information for '2110311' on 'tranquility' was loaded recently, skipping refresh.
2023-12-08 04:13:16.890    app     info:    [AuthenticationMiddleware] Plex information for '2110311' on 'tranquility' was loaded recently, skipping refresh.
2023-12-08 04:13:16.898    app     info:    [AuthenticationMiddleware] User information updated
2023-12-08 04:13:16.899    app     info:    [authentication] Token for '25218835' on 'tranquility' has been successfully refreshed
2023-12-08 04:13:16.900    app     info:    [elg-events] Sending event    eve_launcher.electron.authentication.UserTokensRefreshed
2023-12-08 04:13:16.901    app     info:    [AuthenticationMiddleware] Character information for '25218835' on 'tranquility' was loaded recently, skipping refresh.
2023-12-08 04:13:16.901    app     info:    [AuthenticationMiddleware] Plex information for '25218835' on 'tranquility' was loaded recently, skipping refresh.
2023-12-08 04:13:16.909    app     info:    [AuthenticationMiddleware] User information updated
2023-12-08 04:13:16.910    app     info:    [authentication] Token for '16492377' on 'tranquility' has been successfully refreshed
2023-12-08 04:13:16.911    app     info:    [elg-events] Sending event    eve_launcher.electron.authentication.UserTokensRefreshed
2023-12-08 04:13:16.912    app     info:    [AuthenticationMiddleware] Character information for '16492377' on 'tranquility' was loaded recently, skipping refresh.
2023-12-08 04:13:16.912    app     info:    [AuthenticationMiddleware] Plex information for '16492377' on 'tranquility' was loaded recently, skipping refresh.
2023-12-08 04:13:16.920    app     info:    [AuthenticationMiddleware] Successfully restored 11 / 11 users
2023-12-08 04:13:16.920    app     info:    [AuthenticationMiddleware] User information updated
2023-12-08 04:13:16.924    app     info:    [first-run] First application run was at 2023-11-27T10:29:20.506Z
2023-12-08 04:13:17.454    app     info:    ELG stream closed, quitting.
