2023-12-28 00:02:35.435    app     info:    [self-update] Checking for a launcher update...
2023-12-28 00:02:35.928    app     info:    [self-update] Currently running the latest launcher version. Scheduling update check in 5 minutes.
2023-12-28 00:03:44.473    app     info:    [server-manager] Starting refresh cycle for eve-online / Tranquility
2023-12-28 00:03:44.626    app     info:    [server-manager] Previous Tranquility build: 2454674, current build: 2454674
2023-12-28 00:03:44.626    app     info:    [server-manager] Tranquility build is unchanged.
2023-12-28 00:03:44.631    app     info:    [server-manager] Ready to play!
2023-12-28 00:03:44.635    app     info:    [server-manager] Finished refresh cycle for Tranquility
2023-12-28 00:07:35.942    app     info:    [self-update] Checking for a launcher update...
2023-12-28 00:07:36.402    app     info:    [self-update] Currently running the latest launcher version. Scheduling update check in 5 minutes.
2023-12-28 00:08:44.644    app     info:    [server-manager] Starting refresh cycle for eve-online / Tranquility
2023-12-28 00:08:46.105    app     info:    [server-manager] Previous Tranquility build: 2454674, current build: 2454674
2023-12-28 00:08:46.105    app     info:    [server-manager] Tranquility build is unchanged.
2023-12-28 00:08:46.109    app     info:    [server-manager] Ready to play!
2023-12-28 00:08:46.113    app     info:    [server-manager] Finished refresh cycle for Tranquility
2023-12-28 00:12:36.407    app     info:    [self-update] Checking for a launcher update...
2023-12-28 00:12:36.681    app     info:    [self-update] Currently running the latest launcher version. Scheduling update check in 5 minutes.
2023-12-28 00:13:46.121    app     info:    [server-manager] Starting refresh cycle for eve-online / Tranquility
2023-12-28 00:13:46.246    app     info:    [server-manager] Previous Tranquility build: 2454674, current build: 2454674
2023-12-28 00:13:46.246    app     info:    [server-manager] Tranquility build is unchanged.
2023-12-28 00:13:46.251    app     info:    [server-manager] Ready to play!
2023-12-28 00:13:46.254    app     info:    [server-manager] Finished refresh cycle for Tranquility
2023-12-28 00:17:36.691    app     info:    [self-update] Checking for a launcher update...
2023-12-28 00:17:36.958    app     info:    [self-update] Currently running the latest launcher version. Scheduling update check in 5 minutes.
2023-12-28 00:18:46.262    app     info:    [server-manager] Starting refresh cycle for eve-online / Tranquility
2023-12-28 00:18:46.389    app     info:    [server-manager] Previous Tranquility build: 2454674, current build: 2454674
2023-12-28 00:18:46.390    app     info:    [server-manager] Tranquility build is unchanged.
2023-12-28 00:18:46.394    app     info:    [server-manager] Ready to play!
2023-12-28 00:18:46.397    app     info:    [server-manager] Finished refresh cycle for Tranquility
2023-12-28 00:22:36.972    app     info:    [self-update] Checking for a launcher update...
2023-12-28 00:22:37.247    app     info:    [self-update] Currently running the latest launcher version. Scheduling update check in 5 minutes.
2023-12-28 00:23:46.408    app     info:    [server-manager] Starting refresh cycle for eve-online / Tranquility
2023-12-28 00:23:46.537    app     info:    [server-manager] Previous Tranquility build: 2454674, current build: 2454674
2023-12-28 00:23:46.538    app     info:    [server-manager] Tranquility build is unchanged.
2023-12-28 00:23:46.543    app     info:    [server-manager] Ready to play!
2023-12-28 00:23:46.547    app     info:    [server-manager] Finished refresh cycle for Tranquility
2023-12-28 00:27:37.251    app     info:    [self-update] Checking for a launcher update...
2023-12-28 00:27:37.527    app     info:    [self-update] Currently running the latest launcher version. Scheduling update check in 5 minutes.
2023-12-28 00:28:46.554    app     info:    [server-manager] Starting refresh cycle for eve-online / Tranquility
2023-12-28 00:28:46.686    app     info:    [server-manager] Previous Tranquility build: 2454674, current build: 2454674
2023-12-28 00:28:46.687    app     info:    [server-manager] Tranquility build is unchanged.
2023-12-28 00:28:46.693    app     info:    [server-manager] Ready to play!
2023-12-28 00:28:46.696    app     info:    [server-manager] Finished refresh cycle for Tranquility
2023-12-28 00:32:37.530    app     info:    [self-update] Checking for a launcher update...
2023-12-28 00:32:38.091    app     info:    [self-update] Currently running the latest launcher version. Scheduling update check in 5 minutes.
2023-12-28 00:33:46.714    app     info:    [server-manager] Starting refresh cycle for eve-online / Tranquility
2023-12-28 00:33:46.845    app     info:    [server-manager] Previous Tranquility build: 2454674, current build: 2454674
2023-12-28 00:33:46.845    app     info:    [server-manager] Tranquility build is unchanged.
2023-12-28 00:33:46.850    app     info:    [server-manager] Ready to play!
2023-12-28 00:33:46.854    app     info:    [server-manager] Finished refresh cycle for Tranquility
2023-12-28 00:37:38.094    app     info:    [self-update] Checking for a launcher update...
2023-12-28 00:37:38.600    app     info:    [self-update] Currently running the latest launcher version. Scheduling update check in 5 minutes.
2023-12-28 00:38:46.858    app     info:    [server-manager] Starting refresh cycle for eve-online / Tranquility
2023-12-28 00:38:47.009    app     info:    [server-manager] Previous Tranquility build: 2454674, current build: 2454674
2023-12-28 00:38:47.009    app     info:    [server-manager] Tranquility build is unchanged.
2023-12-28 00:38:47.014    app     info:    [server-manager] Ready to play!
2023-12-28 00:38:47.018    app     info:    [server-manager] Finished refresh cycle for Tranquility
2023-12-28 00:42:38.615    app     info:    [self-update] Checking for a launcher update...
2023-12-28 00:42:38.900    app     info:    [self-update] Currently running the latest launcher version. Scheduling update check in 5 minutes.
2023-12-28 00:43:47.033    app     info:    [server-manager] Starting refresh cycle for eve-online / Tranquility
2023-12-28 00:43:47.170    app     info:    [server-manager] Previous Tranquility build: 2454674, current build: 2454674
2023-12-28 00:43:47.170    app     info:    [server-manager] Tranquility build is unchanged.
2023-12-28 00:43:47.176    app     info:    [server-manager] Ready to play!
2023-12-28 00:43:47.179    app     info:    [server-manager] Finished refresh cycle for Tranquility
2023-12-28 00:47:38.908    app     info:    [self-update] Checking for a launcher update...
2023-12-28 00:47:39.199    app     info:    [self-update] Currently running the latest launcher version. Scheduling update check in 5 minutes.
2023-12-28 00:48:47.184    app     info:    [server-manager] Starting refresh cycle for eve-online / Tranquility
2023-12-28 00:48:47.295    app     info:    [server-manager] Previous Tranquility build: 2454674, current build: 2454674
2023-12-28 00:48:47.295    app     info:    [server-manager] Tranquility build is unchanged.
2023-12-28 00:48:47.300    app     info:    [server-manager] Ready to play!
2023-12-28 00:48:47.304    app     info:    [server-manager] Finished refresh cycle for Tranquility
2023-12-28 00:52:39.200    app     info:    [self-update] Checking for a launcher update...
2023-12-28 00:52:39.492    app     info:    [self-update] Currently running the latest launcher version. Scheduling update check in 5 minutes.
2023-12-28 00:53:47.310    app     info:    [server-manager] Starting refresh cycle for eve-online / Tranquility
2023-12-28 00:53:47.418    app     info:    [server-manager] Previous Tranquility build: 2454674, current build: 2454674
2023-12-28 00:53:47.418    app     info:    [server-manager] Tranquility build is unchanged.
2023-12-28 00:53:47.423    app     info:    [server-manager] Ready to play!
2023-12-28 00:53:47.429    app     info:    [server-manager] Finished refresh cycle for Tranquility
2023-12-28 00:57:39.497    app     info:    [self-update] Checking for a launcher update...
2023-12-28 00:57:39.964    app     info:    [self-update] Currently running the latest launcher version. Scheduling update check in 5 minutes.
2023-12-28 00:58:47.432    app     info:    [server-manager] Starting refresh cycle for eve-online / Tranquility
2023-12-28 00:58:47.553    app     info:    [server-manager] Previous Tranquility build: 2454674, current build: 2454674
2023-12-28 00:58:47.553    app     info:    [server-manager] Tranquility build is unchanged.
2023-12-28 00:58:47.559    app     info:    [server-manager] Ready to play!
2023-12-28 00:58:47.562    app     info:    [server-manager] Finished refresh cycle for Tranquility
2023-12-28 01:02:39.974    app     info:    [self-update] Checking for a launcher update...
2023-12-28 01:02:40.455    app     info:    [self-update] Currently running the latest launcher version. Scheduling update check in 5 minutes.
2023-12-28 01:03:47.578    app     info:    [server-manager] Starting refresh cycle for eve-online / Tranquility
2023-12-28 01:03:47.701    app     info:    [server-manager] Previous Tranquility build: 2454674, current build: 2454674
2023-12-28 01:03:47.702    app     info:    [server-manager] Tranquility build is unchanged.
2023-12-28 01:03:47.706    app     info:    [server-manager] Ready to play!
2023-12-28 01:03:47.710    app     info:    [server-manager] Finished refresh cycle for Tranquility
2023-12-28 01:07:40.456    app     info:    [self-update] Checking for a launcher update...
2023-12-28 01:07:40.743    app     info:    [self-update] Currently running the latest launcher version. Scheduling update check in 5 minutes.
2023-12-28 01:08:47.722    app     info:    [server-manager] Starting refresh cycle for eve-online / Tranquility
2023-12-28 01:08:47.835    app     info:    [server-manager] Previous Tranquility build: 2454674, current build: 2454674
2023-12-28 01:08:47.835    app     info:    [server-manager] Tranquility build is unchanged.
2023-12-28 01:08:47.840    app     info:    [server-manager] Ready to play!
2023-12-28 01:08:47.844    app     info:    [server-manager] Finished refresh cycle for Tranquility
2023-12-28 01:12:40.755    app     info:    [self-update] Checking for a launcher update...
2023-12-28 01:12:41.881    app     info:    [self-update] Currently running the latest launcher version. Scheduling update check in 5 minutes.
2023-12-28 01:13:47.847    app     info:    [server-manager] Starting refresh cycle for eve-online / Tranquility
2023-12-28 01:13:47.963    app     info:    [server-manager] Previous Tranquility build: 2454674, current build: 2454674
2023-12-28 01:13:47.963    app     info:    [server-manager] Tranquility build is unchanged.
2023-12-28 01:13:47.968    app     info:    [server-manager] Ready to play!
2023-12-28 01:13:47.971    app     info:    [server-manager] Finished refresh cycle for Tranquility
2023-12-28 01:17:41.892    app     info:    [self-update] Checking for a launcher update...
2023-12-28 01:17:42.186    app     info:    [self-update] Currently running the latest launcher version. Scheduling update check in 5 minutes.
2023-12-28 01:18:47.979    app     info:    [server-manager] Starting refresh cycle for eve-online / Tranquility
2023-12-28 01:18:48.084    app     info:    [server-manager] Previous Tranquility build: 2454674, current build: 2454674
2023-12-28 01:18:48.084    app     info:    [server-manager] Tranquility build is unchanged.
2023-12-28 01:18:48.089    app     info:    [server-manager] Ready to play!
2023-12-28 01:18:48.093    app     info:    [server-manager] Finished refresh cycle for Tranquility
2023-12-28 01:22:42.192    app     info:    [self-update] Checking for a launcher update...
2023-12-28 01:22:42.671    app     info:    [self-update] Currently running the latest launcher version. Scheduling update check in 5 minutes.
2023-12-28 01:23:48.099    app     info:    [server-manager] Starting refresh cycle for eve-online / Tranquility
2023-12-28 01:23:48.291    app     info:    [server-manager] Previous Tranquility build: 2454674, current build: 2454674
2023-12-28 01:23:48.291    app     info:    [server-manager] Tranquility build is unchanged.
2023-12-28 01:23:48.296    app     info:    [server-manager] Ready to play!
2023-12-28 01:23:48.299    app     info:    [server-manager] Finished refresh cycle for Tranquility
2023-12-28 01:27:42.672    app     info:    [self-update] Checking for a launcher update...
2023-12-28 01:27:42.950    app     info:    [self-update] Currently running the latest launcher version. Scheduling update check in 5 minutes.
2023-12-28 01:28:48.302    app     info:    [server-manager] Starting refresh cycle for eve-online / Tranquility
2023-12-28 01:28:48.411    app     info:    [server-manager] Previous Tranquility build: 2454674, current build: 2454674
2023-12-28 01:28:48.411    app     info:    [server-manager] Tranquility build is unchanged.
2023-12-28 01:28:48.417    app     info:    [server-manager] Ready to play!
2023-12-28 01:28:48.419    app     info:    [server-manager] Finished refresh cycle for Tranquility
2023-12-28 01:32:42.958    app     info:    [self-update] Checking for a launcher update...
2023-12-28 01:32:43.307    app     info:    [self-update] Currently running the latest launcher version. Scheduling update check in 5 minutes.
2023-12-28 01:33:48.426    app     info:    [server-manager] Starting refresh cycle for eve-online / Tranquility
2023-12-28 01:33:48.538    app     info:    [server-manager] Previous Tranquility build: 2454674, current build: 2454674
2023-12-28 01:33:48.538    app     info:    [server-manager] Tranquility build is unchanged.
2023-12-28 01:33:48.543    app     info:    [server-manager] Ready to play!
2023-12-28 01:33:48.546    app     info:    [server-manager] Finished refresh cycle for Tranquility
2023-12-28 01:37:43.312    app     info:    [self-update] Checking for a launcher update...
2023-12-28 01:37:43.580    app     info:    [self-update] Currently running the latest launcher version. Scheduling update check in 5 minutes.
2023-12-28 01:38:48.555    app     info:    [server-manager] Starting refresh cycle for eve-online / Tranquility
2023-12-28 01:38:48.672    app     info:    [server-manager] Previous Tranquility build: 2454674, current build: 2454674
2023-12-28 01:38:48.672    app     info:    [server-manager] Tranquility build is unchanged.
2023-12-28 01:38:48.677    app     info:    [server-manager] Ready to play!
2023-12-28 01:38:48.680    app     info:    [server-manager] Finished refresh cycle for Tranquility
2023-12-28 01:42:43.584    app     info:    [self-update] Checking for a launcher update...
2023-12-28 01:42:43.892    app     info:    [self-update] Currently running the latest launcher version. Scheduling update check in 5 minutes.
2023-12-28 01:43:48.689    app     info:    [server-manager] Starting refresh cycle for eve-online / Tranquility
2023-12-28 01:43:48.825    app     info:    [server-manager] Previous Tranquility build: 2454674, current build: 2454674
2023-12-28 01:43:48.825    app     info:    [server-manager] Tranquility build is unchanged.
2023-12-28 01:43:48.838    app     info:    [server-manager] Ready to play!
2023-12-28 01:43:48.841    app     info:    [server-manager] Finished refresh cycle for Tranquility
2023-12-28 01:47:43.908    app     info:    [self-update] Checking for a launcher update...
2023-12-28 01:47:44.228    app     info:    [self-update] Currently running the latest launcher version. Scheduling update check in 5 minutes.
2023-12-28 01:48:48.861    app     info:    [server-manager] Starting refresh cycle for eve-online / Tranquility
2023-12-28 01:48:48.993    app     info:    [server-manager] Previous Tranquility build: 2454674, current build: 2454674
2023-12-28 01:48:48.994    app     info:    [server-manager] Tranquility build is unchanged.
2023-12-28 01:48:48.999    app     info:    [server-manager] Ready to play!
2023-12-28 01:48:49.002    app     info:    [server-manager] Finished refresh cycle for Tranquility
2023-12-28 01:52:44.242    app     info:    [self-update] Checking for a launcher update...
2023-12-28 01:52:44.717    app     info:    [self-update] Currently running the latest launcher version. Scheduling update check in 5 minutes.
2023-12-28 01:53:49.012    app     info:    [server-manager] Starting refresh cycle for eve-online / Tranquility
2023-12-28 01:53:49.143    app     info:    [server-manager] Previous Tranquility build: 2454674, current build: 2454674
2023-12-28 01:53:49.143    app     info:    [server-manager] Tranquility build is unchanged.
2023-12-28 01:53:49.149    app     info:    [server-manager] Ready to play!
2023-12-28 01:53:49.152    app     info:    [server-manager] Finished refresh cycle for Tranquility
2023-12-28 01:57:44.727    app     info:    [self-update] Checking for a launcher update...
2023-12-28 01:57:45.210    app     info:    [self-update] Currently running the latest launcher version. Scheduling update check in 5 minutes.
2023-12-28 01:58:49.161    app     info:    [server-manager] Starting refresh cycle for eve-online / Tranquility
2023-12-28 01:58:49.254    app     info:    [server-manager] Previous Tranquility build: 2454674, current build: 2454674
2023-12-28 01:58:49.254    app     info:    [server-manager] Tranquility build is unchanged.
2023-12-28 01:58:49.260    app     info:    [server-manager] Ready to play!
2023-12-28 01:58:49.263    app     info:    [server-manager] Finished refresh cycle for Tranquility
2023-12-28 02:02:45.212    app     info:    [self-update] Checking for a launcher update...
2023-12-28 02:02:45.486    app     info:    [self-update] Currently running the latest launcher version. Scheduling update check in 5 minutes.
2023-12-28 02:03:49.271    app     info:    [server-manager] Starting refresh cycle for eve-online / Tranquility
2023-12-28 02:03:49.378    app     info:    [server-manager] Previous Tranquility build: 2454674, current build: 2454674
2023-12-28 02:03:49.378    app     info:    [server-manager] Tranquility build is unchanged.
2023-12-28 02:03:49.382    app     info:    [server-manager] Ready to play!
2023-12-28 02:03:49.386    app     info:    [server-manager] Finished refresh cycle for Tranquility
2023-12-28 02:07:45.493    app     info:    [self-update] Checking for a launcher update...
2023-12-28 02:07:45.794    app     info:    [self-update] Currently running the latest launcher version. Scheduling update check in 5 minutes.
2023-12-28 02:08:49.393    app     info:    [server-manager] Starting refresh cycle for eve-online / Tranquility
2023-12-28 02:08:49.505    app     info:    [server-manager] Previous Tranquility build: 2454674, current build: 2454674
2023-12-28 02:08:49.505    app     info:    [server-manager] Tranquility build is unchanged.
2023-12-28 02:08:49.510    app     info:    [server-manager] Ready to play!
2023-12-28 02:08:49.513    app     info:    [server-manager] Finished refresh cycle for Tranquility
2023-12-28 02:10:16.121    app     info:    [main-window] Main window minimized to tray    { windowId: 2 }
2023-12-28 02:10:16.146    app     info:    [main-window] Sent notification that the application is minimized to tray    { windowId: 2 }
2023-12-28 02:10:16.158    app     info:    [creatives] Requesting creatives
2023-12-28 02:10:16.169    app     info:    [ipc-requests] Handling requests in the background
2023-12-28 02:10:16.293    app     info:    [creatives] Received 2 creatives
2023-12-28 02:10:17.176    app     info:    [ipc-requests] No longer handling requests in the background
