2023-11-30 13:13:05.214    app     info:    Startup arguments    []
2023-11-30 13:13:05.226    app     info:    EVE Online Launcher is already running. This instance will now be closed.
2023-11-30 13:13:05.226    app     info:    Application quitting. Cleanup needed: true
2023-11-30 13:13:05.231    app     info:    [elg-events] Sending event    eve_launcher.electron.application.LauncherShutdown
2023-11-30 13:13:05.234    app     info:    [self-update] Starting automatic update checks
2023-11-30 13:13:05.234    app     info:    [self-update] Checking for a launcher update...
2023-11-30 13:13:05.262    app     info:    app.quit called, but we are still sending ELG events.
2023-11-30 13:13:05.336    app     info:    [i18next] Changed language    en
2023-11-30 13:13:05.361    app     info:    [authentication] Token for '16492377' on 'tranquility' is expired, refresh is required
2023-11-30 13:13:05.362    app     info:    [authentication] Refreshing token for '16492377' on 'tranquility'
2023-11-30 13:13:05.363    app     info:    [authentication] Token for '17525312' on 'tranquility' is expired, refresh is required
2023-11-30 13:13:05.363    app     info:    [authentication] Refreshing token for '17525312' on 'tranquility'
2023-11-30 13:13:05.363    app     info:    [authentication] Token for '25218835' on 'tranquility' is expired, refresh is required
2023-11-30 13:13:05.363    app     info:    [authentication] Refreshing token for '25218835' on 'tranquility'
2023-11-30 13:13:05.364    app     info:    [AuthenticationMiddleware] Character information for '29280260' on 'tranquility' was loaded recently, skipping refresh.
2023-11-30 13:13:05.364    app     info:    [AuthenticationMiddleware] Plex information for '29280260' on 'tranquility' was loaded recently, skipping refresh.
2023-11-30 13:13:05.394    app     info:    [cache-protocol] Found 0 entries to remove
2023-11-30 13:13:05.394    app     info:    [cache-protocol] Nothing to clean up.
2023-11-30 13:13:05.574    app     info:    [self-update] Currently running the latest launcher version. Scheduling update check in 5 minutes.
2023-11-30 13:13:05.615    app     info:    [authentication] Token for '16492377' on 'tranquility' has been successfully refreshed
2023-11-30 13:13:05.618    app     info:    [elg-events] Sending event    eve_launcher.electron.authentication.UserTokensRefreshed
2023-11-30 13:13:05.621    app     info:    [AuthenticationMiddleware] Character information for '16492377' on 'tranquility' was loaded recently, skipping refresh.
2023-11-30 13:13:05.621    app     info:    [AuthenticationMiddleware] Plex information for '16492377' on 'tranquility' was loaded recently, skipping refresh.
2023-11-30 13:13:05.632    app     info:    [AuthenticationMiddleware] User information updated
2023-11-30 13:13:05.633    app     info:    [authentication] Token for '25218835' on 'tranquility' has been successfully refreshed
2023-11-30 13:13:05.634    app     info:    [elg-events] Sending event    eve_launcher.electron.authentication.UserTokensRefreshed
2023-11-30 13:13:05.635    app     info:    [AuthenticationMiddleware] Character information for '25218835' on 'tranquility' was loaded recently, skipping refresh.
2023-11-30 13:13:05.635    app     info:    [AuthenticationMiddleware] Plex information for '25218835' on 'tranquility' was loaded recently, skipping refresh.
2023-11-30 13:13:05.643    app     info:    [AuthenticationMiddleware] User information updated
2023-11-30 13:13:05.643    app     info:    [authentication] Token for '17525312' on 'tranquility' has been successfully refreshed
2023-11-30 13:13:05.644    app     info:    [elg-events] Sending event    eve_launcher.electron.authentication.UserTokensRefreshed
2023-11-30 13:13:05.645    app     info:    [AuthenticationMiddleware] Character information for '17525312' on 'tranquility' was loaded recently, skipping refresh.
2023-11-30 13:13:05.645    app     info:    [AuthenticationMiddleware] Plex information for '17525312' on 'tranquility' was loaded recently, skipping refresh.
2023-11-30 13:13:05.652    app     info:    [AuthenticationMiddleware] Successfully restored 5 / 5 users
2023-11-30 13:13:05.652    app     info:    [AuthenticationMiddleware] User information updated
2023-11-30 13:13:05.655    app     info:    [first-run] First application run was at 2023-11-27T10:29:20.506Z
2023-11-30 13:13:05.678    app     info:    [customer-information] Agreements have been updated
2023-11-30 13:13:06.241    app     info:    ELG stream closed, quitting.
