2023-12-11 05:02:15.556    app     info:    Startup arguments    []
2023-12-11 05:02:15.561    app     info:    [self-update] Starting automatic update checks
2023-12-11 05:02:15.561    app     info:    [self-update] Waiting for update feed before starting update checks
2023-12-11 05:02:15.686    app     info:    [i18next] Changed language    en
2023-12-11 05:02:15.792    app     info:    [authentication] Token for '16492377' on 'tranquility' is expired, refresh is required
2023-12-11 05:02:15.793    app     info:    [authentication] Refreshing token for '16492377' on 'tranquility'
2023-12-11 05:02:15.794    app     info:    [authentication] Token for '17525312' on 'tranquility' is expired, refresh is required
2023-12-11 05:02:15.794    app     info:    [authentication] Refreshing token for '17525312' on 'tranquility'
2023-12-11 05:02:15.794    app     info:    [authentication] Token for '25218835' on 'tranquility' is expired, refresh is required
2023-12-11 05:02:15.794    app     info:    [authentication] Refreshing token for '25218835' on 'tranquility'
2023-12-11 05:02:15.795    app     info:    [customer-information] Getting character information for '29280260' on 'tranquility'
2023-12-11 05:02:15.796    app     info:    [customer-information] Getting Omega status for '29280260' on 'tranquility'
2023-12-11 05:02:15.796    app     info:    [virtual-goods] Getting Plex status for '29280260' on 'tranquility'
2023-12-11 05:02:15.798    app     info:    [customer-information] Getting character information for '29285645' on 'tranquility'
2023-12-11 05:02:15.798    app     info:    [customer-information] Getting Omega status for '29285645' on 'tranquility'
2023-12-11 05:02:15.798    app     info:    [virtual-goods] Getting Plex status for '29285645' on 'tranquility'
2023-12-11 05:02:15.798    app     info:    [authentication] Token for '18034259' on 'tranquility' is expired, refresh is required
2023-12-11 05:02:15.799    app     info:    [authentication] Refreshing token for '18034259' on 'tranquility'
2023-12-11 05:02:15.799    app     info:    [authentication] Token for '28182799' on 'tranquility' is expired, refresh is required
2023-12-11 05:02:15.799    app     info:    [authentication] Refreshing token for '28182799' on 'tranquility'
2023-12-11 05:02:15.799    app     info:    [authentication] Token for '2110311' on 'tranquility' is expired, refresh is required
2023-12-11 05:02:15.800    app     info:    [authentication] Refreshing token for '2110311' on 'tranquility'
2023-12-11 05:02:15.800    app     info:    [authentication] Token for '23622903' on 'tranquility' is expired, refresh is required
2023-12-11 05:02:15.800    app     info:    [authentication] Refreshing token for '23622903' on 'tranquility'
2023-12-11 05:02:15.800    app     info:    [authentication] Token for '26239201' on 'tranquility' is expired, refresh is required
2023-12-11 05:02:15.801    app     info:    [authentication] Refreshing token for '26239201' on 'tranquility'
2023-12-11 05:02:15.801    app     info:    [device-id] Device id found in state
2023-12-11 05:02:15.805    app     info:    [analytics] Application name:    EVE Online
2023-12-11 05:02:15.806    app     info:    [analytics] Application version:    1.0.2
2023-12-11 05:02:15.806    app     info:    [analytics] Domain    undefined
2023-12-11 05:02:15.806    app     info:    [analytics] Working directory    C:\Users\REDACTED\AppData\Local\eve-online\app-1.0.2
2023-12-11 05:02:15.807    app     info:    [analytics] Username contains UTF8?    false
2023-12-11 05:02:16.099    app     info:    [elg-events] Sending event    eve_launcher.electron.application.PdmLoaded
2023-12-11 05:02:16.102    app     info:    [analytics] Operating system    {
  type: 'Windows',
  name: 'Windows 10 Education',
  version: '10.0 (19045)'
}
2023-12-11 05:02:16.102    app     info:    [analytics] Encryption available:    true
2023-12-11 05:02:16.103    app     info:    [analytics] Machine UUID    4E9F516C-5B97-47C6-8C67-E93D943CB7C8
2023-12-11 05:02:16.103    app     info:    [analytics] PDM Version    2.1.4
2023-12-11 05:02:16.103    app     info:    [analytics] Release channel    release
2023-12-11 05:02:16.106    app     info:    [initializers] Shared cache directory set to    C:\CCP\EVE Online
2023-12-11 05:02:16.132    app     info:    [initializers] Shared cache drive free space: 63,87 GiB / 465,75 GiB
2023-12-11 05:02:16.141    app     info:    [elg-events] Sending event    eve_launcher.electron.application.LauncherStarted
2023-12-11 05:02:16.145    app     info:    [elg-events] Sending event    eve_launcher.electron.application.CoreDataLoaded
2023-12-11 05:02:16.146    app     info:    [cdn-trace] Fetching CDN trace data from https://binaries.eveonline.com/cdn-cgi/trace
2023-12-11 05:02:16.162    app     info:    [feature-flags] Initializing feature flag client
2023-12-11 05:02:16.268    app     info:    [first-run] First application run was at 2023-11-27T10:29:20.506Z
2023-12-11 05:02:16.313    app     info:    [cache-protocol] Found 0 entries to remove
2023-12-11 05:02:16.313    app     info:    [cache-protocol] Nothing to clean up.
2023-12-11 05:02:16.352    app     info:    [esi] Fetching character details for 2121853336
2023-12-11 05:02:16.375    app     info:    [esi] Fetching character details for 2121878074
2023-12-11 05:02:16.388    app     info:    [customer-information] Agreements have been updated
2023-12-11 05:02:16.411    app     info:    [server-manager] Starting refresh cycle for eve-online / Tranquility
2023-12-11 05:02:16.440    app     info:    info: [LaunchDarkly] LaunchDarkly client initialized    []
2023-12-11 05:02:16.441    app     info:    info: [LaunchDarkly] Opening stream connection to https://clientstream.launchdarkly.com/eval/64c3d12e27a4b11365012d39/eyJrZXkiOiI0YTQzNmFkYi00Yjk5LTQwYTctODViMC00MmUyMDZmNDEyODYiLCJraW5kIjoidXNlciIsImN1c3RvbSI6eyJpc0ZpcnN0UnVuIjpmYWxzZSwiZGF5c1NpbmNlRmlyc3RSdW4iOjEzLCJsYW5ndWFnZSI6ImVuIiwiYXBwbGljYXRpb24iOiJldmUtb25saW5lIiwidmVyc2lvbiI6IjEuMC4yIiwicGxhdGZvcm0iOiJ3aW5kb3dzIiwib3NWZXJzaW9uRGVwcmVjYXRlZCI6ZmFsc2UsInVzZXJJZHMiOlsxNjQ5MjM3NywxNzUyNTMxMiwxODAzNDI1OSwyMTEwMzExLDIzNjIyOTAzLDI1MjE4ODM1LDI2MjM5MjAxLDI4MTgyNzk5LDI5MjgwMjYwLDI5Mjg1NjQ1XSwiY2hhcmFjdGVySWRzIjpbMjExMzg3NTEzOSwyMTE0NjU2MTI3LDIxMTUwMzE4OTAsMjExNTQ1NzI5MSwyMTE4MjQ4MDQxLDIxMTkzNjE4OTEsMjEyMDM0NzYzNSwyMTIxMTc0NTQ1LDIxMjExNzQ4NzEsMjEyMTE3NTc3NiwyMTIxMTc3OTczLDIxMjExNzgxNzEsMjEyMTE3ODM5NiwyMTIxODUzMzM2LDIxMjE4NzgwNzQsNTc4NTY0Mzk0XSwib21lZ2FDb3VudCI6MCwiYWxwaGFDb3VudCI6MTAsImFjY291bnRDb3VudCI6MTAsIm9sZGVzdEFjY291bnRBZ2UiOjU5OTcsInlvdW5nZXN0QWNjb3VudEFnZSI6OX19?withReasons=true    []
2023-12-11 05:02:16.442    app     info:    [feature-flags] Client 4a436adb... ready, fetching flags
2023-12-11 05:02:16.446    app     info:    [feature-flags] Received 17 flags for client 4a436adb...
2023-12-11 05:02:16.446    app     info:    [feature-flags] Client initialized with key 4a436adb...
2023-12-11 05:02:16.449    app     info:    [self-update] Update feed set, starting update checks
2023-12-11 05:02:16.449    app     info:    [self-update] Starting automatic update checks
2023-12-11 05:02:16.449    app     info:    [self-update] Checking for a launcher update...
2023-12-11 05:02:16.503    app     info:    [server-manager] Previous Tranquility build: 2448565, current build: 2448565
2023-12-11 05:02:16.503    app     info:    [server-manager] Tranquility build is unchanged.
2023-12-11 05:02:16.508    app     info:    [server-manager] Ready to play!
2023-12-11 05:02:16.511    app     info:    [server-manager] Finished refresh cycle for Tranquility
2023-12-11 05:02:16.517    app     info:    [authentication] Token for '16492377' on 'tranquility' has been successfully refreshed
2023-12-11 05:02:16.518    app     info:    [elg-events] Sending event    eve_launcher.electron.authentication.UserTokensRefreshed
2023-12-11 05:02:16.520    app     info:    [customer-information] Getting character information for '16492377' on 'tranquility'
2023-12-11 05:02:16.520    app     info:    [customer-information] Getting Omega status for '16492377' on 'tranquility'
2023-12-11 05:02:16.520    app     info:    [virtual-goods] Getting Plex status for '16492377' on 'tranquility'
2023-12-11 05:02:16.531    app     info:    [authentication] Token for '2110311' on 'tranquility' has been successfully refreshed
2023-12-11 05:02:16.532    app     info:    [elg-events] Sending event    eve_launcher.electron.authentication.UserTokensRefreshed
2023-12-11 05:02:16.534    app     info:    [customer-information] Getting character information for '2110311' on 'tranquility'
2023-12-11 05:02:16.534    app     info:    [customer-information] Getting Omega status for '2110311' on 'tranquility'
2023-12-11 05:02:16.534    app     info:    [virtual-goods] Getting Plex status for '2110311' on 'tranquility'
2023-12-11 05:02:16.544    app     info:    [authentication] Token for '28182799' on 'tranquility' has been successfully refreshed
2023-12-11 05:02:16.546    app     info:    [elg-events] Sending event    eve_launcher.electron.authentication.UserTokensRefreshed
2023-12-11 05:02:16.547    app     info:    [customer-information] Getting character information for '28182799' on 'tranquility'
2023-12-11 05:02:16.547    app     info:    [customer-information] Getting Omega status for '28182799' on 'tranquility'
2023-12-11 05:02:16.548    app     info:    [virtual-goods] Getting Plex status for '28182799' on 'tranquility'
2023-12-11 05:02:16.559    app     info:    [authentication] Token for '23622903' on 'tranquility' has been successfully refreshed
2023-12-11 05:02:16.561    app     info:    [elg-events] Sending event    eve_launcher.electron.authentication.UserTokensRefreshed
2023-12-11 05:02:16.562    app     info:    [customer-information] Getting character information for '23622903' on 'tranquility'
2023-12-11 05:02:16.563    app     info:    [customer-information] Getting Omega status for '23622903' on 'tranquility'
2023-12-11 05:02:16.563    app     info:    [virtual-goods] Getting Plex status for '23622903' on 'tranquility'
2023-12-11 05:02:16.572    app     info:    [authentication] Token for '18034259' on 'tranquility' has been successfully refreshed
2023-12-11 05:02:16.574    app     info:    [elg-events] Sending event    eve_launcher.electron.authentication.UserTokensRefreshed
2023-12-11 05:02:16.575    app     info:    [customer-information] Getting character information for '18034259' on 'tranquility'
2023-12-11 05:02:16.575    app     info:    [customer-information] Getting Omega status for '18034259' on 'tranquility'
2023-12-11 05:02:16.575    app     info:    [virtual-goods] Getting Plex status for '18034259' on 'tranquility'
2023-12-11 05:02:16.585    app     info:    [authentication] Token for '17525312' on 'tranquility' has been successfully refreshed
2023-12-11 05:02:16.587    app     info:    [elg-events] Sending event    eve_launcher.electron.authentication.UserTokensRefreshed
2023-12-11 05:02:16.588    app     info:    [customer-information] Getting character information for '17525312' on 'tranquility'
2023-12-11 05:02:16.588    app     info:    [customer-information] Getting Omega status for '17525312' on 'tranquility'
2023-12-11 05:02:16.588    app     info:    [virtual-goods] Getting Plex status for '17525312' on 'tranquility'
2023-12-11 05:02:16.598    app     info:    [authentication] Token for '26239201' on 'tranquility' has been successfully refreshed
2023-12-11 05:02:16.599    app     info:    [elg-events] Sending event    eve_launcher.electron.authentication.UserTokensRefreshed
2023-12-11 05:02:16.600    app     info:    [customer-information] Getting character information for '26239201' on 'tranquility'
2023-12-11 05:02:16.601    app     info:    [customer-information] Getting Omega status for '26239201' on 'tranquility'
2023-12-11 05:02:16.601    app     info:    [virtual-goods] Getting Plex status for '26239201' on 'tranquility'
2023-12-11 05:02:16.619    app     info:    [authentication] Token for '25218835' on 'tranquility' has been successfully refreshed
2023-12-11 05:02:16.620    app     info:    [elg-events] Sending event    eve_launcher.electron.authentication.UserTokensRefreshed
2023-12-11 05:02:16.622    app     info:    [customer-information] Getting character information for '25218835' on 'tranquility'
2023-12-11 05:02:16.622    app     info:    [customer-information] Getting Omega status for '25218835' on 'tranquility'
2023-12-11 05:02:16.622    app     info:    [virtual-goods] Getting Plex status for '25218835' on 'tranquility'
2023-12-11 05:02:16.663    app     info:    [virtual-goods] Fetched Plex status for '29285645' on 'tranquility'
2023-12-11 05:02:16.698    app     info:    [esi] Fetching character details for 2118248041, 2121175776
2023-12-11 05:02:16.715    app     info:    [esi] Fetching character details for 2121178171
2023-12-11 05:02:16.723    app     info:    [esi] Fetching character details for 2115031890, 2121177973
2023-12-11 05:02:16.732    app     info:    [esi] Fetching character details for 2119361891, 2120347635
2023-12-11 05:02:16.749    app     info:    [esi] Fetching character details for 2114656127, 2121178396
2023-12-11 05:02:16.765    app     info:    [virtual-goods] Fetched Plex status for '16492377' on 'tranquility'
2023-12-11 05:02:16.789    app     info:    [self-update] Currently running the latest launcher version. Scheduling update check in 5 minutes.
2023-12-11 05:02:16.831    app     info:    [esi] Fetching character details for 2121174545
2023-12-11 05:02:16.850    app     info:    [virtual-goods] Fetched Plex status for '29280260' on 'tranquility'
2023-12-11 05:02:16.855    app     info:    [AuthenticationMiddleware] Successfully restored 12 / 12 users
2023-12-11 05:02:16.884    app     info:    [virtual-goods] Fetched Plex status for '23622903' on 'tranquility'
2023-12-11 05:02:16.890    app     info:    [AuthenticationMiddleware] User information updated
2023-12-11 05:02:16.891    app     info:    [virtual-goods] Fetched Plex status for '18034259' on 'tranquility'
2023-12-11 05:02:16.899    app     info:    [virtual-goods] Fetched Plex status for '28182799' on 'tranquility'
2023-12-11 05:02:16.908    app     info:    [virtual-goods] Fetched Plex status for '26239201' on 'tranquility'
2023-12-11 05:02:16.913    app     info:    [AuthenticationMiddleware] User information updated
2023-12-11 05:02:16.915    app     info:    [virtual-goods] Fetched Plex status for '17525312' on 'tranquility'
2023-12-11 05:02:16.919    app     info:    [AuthenticationMiddleware] User information updated
2023-12-11 05:02:16.920    app     info:    [virtual-goods] Fetched Plex status for '25218835' on 'tranquility'
2023-12-11 05:02:16.925    app     info:    [AuthenticationMiddleware] User information updated
2023-12-11 05:02:16.932    app     info:    [esi] Fetched 1 character details for 29280260
2023-12-11 05:02:16.952    app     info:    [esi] Fetched 1 character details for 29285645
2023-12-11 05:02:16.979    app     info:    [esi] Fetching character details for 2113875139, 2121174871
2023-12-11 05:02:16.994    app     info:    [AuthenticationMiddleware] User information updated
2023-12-11 05:02:17.000    app     info:    [AuthenticationMiddleware] User information updated
2023-12-11 05:02:17.006    app     info:    [AuthenticationMiddleware] User information updated
2023-12-11 05:02:17.008    app     info:    [esi] Fetching character details for 578564394, 2115457291
2023-12-11 05:02:17.172    app     warn:    [steam-auth] Failed to initialize Steamworks client
2023-12-11 05:02:17.179    app     info:    [main-window] Registering main window    { windowId: 2 }
2023-12-11 05:02:17.188    app     info:    [cdn-trace] Fetching CDN trace data from https://binaries.eveonline.com/cdn-cgi/trace
2023-12-11 05:02:17.189    app     info:    [creatives] Requesting creatives
2023-12-11 05:02:17.195    app     info:    [elg-events] Sending event    eve_launcher.electron.application.RendererLoaded
2023-12-11 05:02:17.206    app     info:    [esi] Fetched 2 character details for 17525312
2023-12-11 05:02:17.208    app     info:    [esi] Fetched 2 character details for 23622903
2023-12-11 05:02:17.210    app     info:    [esi] Fetched 2 character details for 18034259
2023-12-11 05:02:17.212    app     info:    [esi] Fetched 1 character details for 26239201
2023-12-11 05:02:17.213    app     info:    [esi] Fetched 2 character details for 25218835
2023-12-11 05:02:17.215    app     info:    [virtual-goods] Fetched Plex status for '2110311' on 'tranquility'
2023-12-11 05:02:17.219    app     info:    [AuthenticationMiddleware] User information updated
2023-12-11 05:02:17.310    app     info:    [esi] Fetched 1 character details for 28182799
2023-12-11 05:02:17.336    app     info:    [creatives] Received 3 creatives
2023-12-11 05:02:17.431    app     info:    [esi] Fetched 2 character details for 16492377
2023-12-11 05:02:17.505    app     info:    [esi] Fetched 2 character details for 2110311
2023-12-11 05:02:18.018     ui     info:    Initializing captcha    ccp://launcher/renderer/main_window/index.js    2
2023-12-11 05:02:23.482    app     info:    [analytics] Hardware rendering enabled:    true    { disabledViaCommandline: false, disabledViaSettings: false }
2023-12-11 05:02:46.602    app     warn:    Could not connect to LogLite    [
  Error: connect ECONNREFUSED 127.0.0.1:3273
      at TCPConnectWrap.afterConnect [as oncomplete] (node:net:1247:16) {
    errno: -4078,
    code: 'ECONNREFUSED',
    syscall: 'connect',
    address: '127.0.0.1',
    port: 3273
  }
]
2023-12-11 05:05:35.490    app     info:    [AuthenticationMiddleware] Character information for '28182799' on 'tranquility' was loaded recently, skipping refresh.
2023-12-11 05:05:35.490    app     info:    [AuthenticationMiddleware] Plex information for '28182799' on 'tranquility' was loaded recently, skipping refresh.
2023-12-11 05:05:37.783    app     info:    [AuthenticationMiddleware] Character information for '28182799' on 'tranquility' was loaded recently, skipping refresh.
2023-12-11 05:05:37.783    app     info:    [AuthenticationMiddleware] Plex information for '28182799' on 'tranquility' was loaded recently, skipping refresh.
2023-12-11 05:05:39.068    app     info:    [client-queue] Queued client startup    {
  product: 'eve-online',
  tenant: 'tranquility',
  userId: 28182799,
  characterId: 2121174545,
  profile: ''
}
2023-12-11 05:05:39.070    app     info:    [elg-events] Sending event    eve_launcher.electron.eve_client.ClientQueued
2023-12-11 05:05:39.072    app     info:    [client-queue] No clients running for tranquility, copying files before starting a client
2023-12-11 05:05:39.078    app     info:    [elg-events] Sending event    eve_launcher.electron.eve_client.CopyingFilesStarted
2023-12-11 05:05:39.078    app     info:    [binary-copier] Copying 198 files (217 MB) to 'C:\CCP\EVE Online\tq'
2023-12-11 05:05:39.115    app     info:    [binary-copier] Removing old binaries
2023-12-11 05:05:39.129    app     info:    [binary-copier] Copying binaries from ResFiles
2023-12-11 05:05:39.604    app     info:    [binary-copier] Finished copying 198 files to 'C:\CCP\EVE Online\tq' in 0.528 seconds
2023-12-11 05:05:39.606    app     info:    [elg-events] Sending event    eve_launcher.electron.eve_client.CopyingFilesFinished
2023-12-11 05:05:39.612    app     info:    [client-manager] Starting EVE Online game client.    C:\CCP\EVE Online\tq\bin64\exefile.exe    Map(11) {
  'noconsole' => '/noconsole',
  'server' => '/server:tranquility.servers.eveonline.com',
  'triplatform' => '/triplatform=dx12',
  'ssotoken' => '/ssoToken=***',
  'refreshtoken' => '/refreshToken=***',
  'settingsprofile' => '/settingsprofile=Default',
  'deviceid' => '/deviceID=4a436adb-4b99-40a7-85b0-42e206f41286',
  'autoselectcharacter' => '/autoSelectCharacter:2121174545',
  'language' => '/language=en',
  'exp' => '1702271535',
  'tokenExpires' => '2023-12-11 07:12:15.000'
}    28182799
2023-12-11 05:05:39.652    app     info:    [client-queue] Started client from group startup    {
  product: 'eve-online',
  tenant: 'tranquility',
  characterId: 2121174545,
  profile: '',
  userId: 28182799
}
2023-12-11 05:05:39.718    app     info:    [quasar-events] Sent 'eve_launcher.electron.eve_client.GameClientStartRequested'
2023-12-11 05:05:39.718    app     info:    [quasar-events] Sent 'eve_launcher.electron.eve_client.TemporaryClientProcessAdded'
2023-12-11 05:05:40.165    app     info:    [client-manager] Found 'tranquility' client for '28182799' running:     {
  processId: 10916,
  createdDate: 1702271139694,
  userId: 28182799,
  characterId: 2121174545,
  profile: 'Default',
  dxVersion: 'dx12'
}
2023-12-11 05:05:40.265    app     info:    [quasar-events] Sent 'eve_launcher.electron.eve_client.TemporaryClientProcessMonitoringRetried'
2023-12-11 05:05:40.265    app     info:    [quasar-events] Sent 'eve_launcher.electron.eve_client.GameClientStarted'
2023-12-11 05:05:40.265    app     info:    [quasar-events] Sent 'eve_launcher.electron.eve_client.TemporaryClientProcessRemoved'
2023-12-11 05:05:40.658    app     info:    [client-queue] Queue has stopped running, no more clients pending startup.
2023-12-11 05:07:16.524    app     info:    [server-manager] Starting refresh cycle for eve-online / Tranquility
2023-12-11 05:07:16.642    app     info:    [server-manager] Previous Tranquility build: 2448565, current build: 2448565
2023-12-11 05:07:16.642    app     info:    [server-manager] Tranquility build is unchanged.
2023-12-11 05:07:16.649    app     info:    [server-manager] Ready to play!
2023-12-11 05:07:16.653    app     info:    [server-manager] Finished refresh cycle for Tranquility
2023-12-11 05:07:16.803    app     info:    [self-update] Checking for a launcher update...
2023-12-11 05:07:17.145    app     info:    [self-update] Currently running the latest launcher version. Scheduling update check in 5 minutes.
2023-12-11 05:12:16.664    app     info:    [server-manager] Starting refresh cycle for eve-online / Tranquility
2023-12-11 05:12:16.790    app     info:    [server-manager] Previous Tranquility build: 2448565, current build: 2448565
2023-12-11 05:12:16.790    app     info:    [server-manager] Tranquility build is unchanged.
2023-12-11 05:12:16.796    app     info:    [server-manager] Ready to play!
2023-12-11 05:12:16.800    app     info:    [server-manager] Finished refresh cycle for Tranquility
2023-12-11 05:12:17.162    app     info:    [self-update] Checking for a launcher update...
2023-12-11 05:12:17.493    app     info:    [self-update] Currently running the latest launcher version. Scheduling update check in 5 minutes.
2023-12-11 05:17:16.809    app     info:    [server-manager] Starting refresh cycle for eve-online / Tranquility
2023-12-11 05:17:16.947    app     info:    [server-manager] Previous Tranquility build: 2448565, current build: 2448565
2023-12-11 05:17:16.947    app     info:    [server-manager] Tranquility build is unchanged.
2023-12-11 05:17:16.952    app     info:    [server-manager] Ready to play!
2023-12-11 05:17:16.955    app     info:    [server-manager] Finished refresh cycle for Tranquility
2023-12-11 05:17:17.513    app     info:    [self-update] Checking for a launcher update...
2023-12-11 05:17:17.851    app     info:    [self-update] Currently running the latest launcher version. Scheduling update check in 5 minutes.
2023-12-11 05:22:16.964    app     info:    [server-manager] Starting refresh cycle for eve-online / Tranquility
2023-12-11 05:22:17.070    app     info:    [server-manager] Previous Tranquility build: 2448565, current build: 2448565
2023-12-11 05:22:17.070    app     info:    [server-manager] Tranquility build is unchanged.
2023-12-11 05:22:17.075    app     info:    [server-manager] Ready to play!
2023-12-11 05:22:17.078    app     info:    [server-manager] Finished refresh cycle for Tranquility
2023-12-11 05:22:17.863    app     info:    [self-update] Checking for a launcher update...
2023-12-11 05:22:18.193    app     info:    [self-update] Currently running the latest launcher version. Scheduling update check in 5 minutes.
2023-12-11 05:27:17.084    app     info:    [server-manager] Starting refresh cycle for eve-online / Tranquility
2023-12-11 05:27:17.189    app     info:    [server-manager] Previous Tranquility build: 2448565, current build: 2448565
2023-12-11 05:27:17.189    app     info:    [server-manager] Tranquility build is unchanged.
2023-12-11 05:27:17.194    app     info:    [server-manager] Ready to play!
2023-12-11 05:27:17.197    app     info:    [server-manager] Finished refresh cycle for Tranquility
2023-12-11 05:27:18.202    app     info:    [self-update] Checking for a launcher update...
2023-12-11 05:27:18.543    app     info:    [self-update] Currently running the latest launcher version. Scheduling update check in 5 minutes.
2023-12-11 05:32:17.214    app     info:    [server-manager] Starting refresh cycle for eve-online / Tranquility
2023-12-11 05:32:17.323    app     info:    [server-manager] Previous Tranquility build: 2448565, current build: 2448565
2023-12-11 05:32:17.323    app     info:    [server-manager] Tranquility build is unchanged.
2023-12-11 05:32:17.329    app     info:    [server-manager] Ready to play!
2023-12-11 05:32:17.332    app     info:    [server-manager] Finished refresh cycle for Tranquility
2023-12-11 05:32:18.552    app     info:    [self-update] Checking for a launcher update...
2023-12-11 05:32:18.883    app     info:    [self-update] Currently running the latest launcher version. Scheduling update check in 5 minutes.
2023-12-11 05:37:17.334    app     info:    [server-manager] Starting refresh cycle for eve-online / Tranquility
2023-12-11 05:37:17.444    app     info:    [server-manager] Previous Tranquility build: 2448565, current build: 2448565
2023-12-11 05:37:17.445    app     info:    [server-manager] Tranquility build is unchanged.
2023-12-11 05:37:17.449    app     info:    [server-manager] Ready to play!
2023-12-11 05:37:17.453    app     info:    [server-manager] Finished refresh cycle for Tranquility
2023-12-11 05:37:18.892    app     info:    [self-update] Checking for a launcher update...
2023-12-11 05:37:19.222    app     info:    [self-update] Currently running the latest launcher version. Scheduling update check in 5 minutes.
2023-12-11 05:42:17.460    app     info:    [server-manager] Starting refresh cycle for eve-online / Tranquility
2023-12-11 05:42:17.589    app     info:    [server-manager] Previous Tranquility build: 2448565, current build: 2448565
2023-12-11 05:42:17.589    app     info:    [server-manager] Tranquility build is unchanged.
2023-12-11 05:42:17.594    app     info:    [server-manager] Ready to play!
2023-12-11 05:42:17.598    app     info:    [server-manager] Finished refresh cycle for Tranquility
2023-12-11 05:42:19.229    app     info:    [self-update] Checking for a launcher update...
2023-12-11 05:42:19.566    app     info:    [self-update] Currently running the latest launcher version. Scheduling update check in 5 minutes.
2023-12-11 05:47:17.602    app     info:    [server-manager] Starting refresh cycle for eve-online / Tranquility
2023-12-11 05:47:17.719    app     info:    [server-manager] Previous Tranquility build: 2448565, current build: 2448565
2023-12-11 05:47:17.719    app     info:    [server-manager] Tranquility build is unchanged.
2023-12-11 05:47:17.724    app     info:    [server-manager] Ready to play!
2023-12-11 05:47:17.728    app     info:    [server-manager] Finished refresh cycle for Tranquility
2023-12-11 05:47:19.567    app     info:    [self-update] Checking for a launcher update...
2023-12-11 05:47:19.905    app     info:    [self-update] Currently running the latest launcher version. Scheduling update check in 5 minutes.
2023-12-11 05:49:43.774    app     info:    [main-window] Main window minimized to tray    { windowId: 2 }
2023-12-11 05:49:43.796    app     info:    [main-window] Sent notification that the application is minimized to tray    { windowId: 2 }
2023-12-11 05:49:43.803    app     info:    [ipc-requests] Handling requests in the background
2023-12-11 05:49:44.818    app     info:    [ipc-requests] No longer handling requests in the background
2023-12-11 05:52:17.742    app     info:    [server-manager] Starting refresh cycle for eve-online / Tranquility
2023-12-11 05:52:17.865    app     info:    [server-manager] Previous Tranquility build: 2448565, current build: 2448565
2023-12-11 05:52:17.865    app     info:    [server-manager] Tranquility build is unchanged.
2023-12-11 05:52:17.870    app     info:    [server-manager] Ready to play!
2023-12-11 05:52:17.873    app     info:    [server-manager] Finished refresh cycle for Tranquility
2023-12-11 05:52:19.910    app     info:    [self-update] Checking for a launcher update...
2023-12-11 05:52:20.253    app     info:    [self-update] Currently running the latest launcher version. Scheduling update check in 5 minutes.
2023-12-11 05:57:17.877    app     info:    [server-manager] Starting refresh cycle for eve-online / Tranquility
2023-12-11 05:57:18.021    app     info:    [server-manager] Previous Tranquility build: 2448565, current build: 2448565
2023-12-11 05:57:18.021    app     info:    [server-manager] Tranquility build is unchanged.
2023-12-11 05:57:18.026    app     info:    [server-manager] Ready to play!
2023-12-11 05:57:18.030    app     info:    [server-manager] Finished refresh cycle for Tranquility
2023-12-11 05:57:20.265    app     info:    [self-update] Checking for a launcher update...
2023-12-11 05:57:20.609    app     info:    [self-update] Currently running the latest launcher version. Scheduling update check in 5 minutes.
2023-12-11 06:02:18.038    app     info:    [server-manager] Starting refresh cycle for eve-online / Tranquility
2023-12-11 06:02:18.191    app     info:    [server-manager] Previous Tranquility build: 2448565, current build: 2448565
2023-12-11 06:02:18.191    app     info:    [server-manager] Tranquility build is unchanged.
2023-12-11 06:02:18.197    app     info:    [server-manager] Ready to play!
2023-12-11 06:02:18.200    app     info:    [server-manager] Finished refresh cycle for Tranquility
2023-12-11 06:02:20.616    app     info:    [self-update] Checking for a launcher update...
2023-12-11 06:02:20.952    app     info:    [self-update] Currently running the latest launcher version. Scheduling update check in 5 minutes.
2023-12-11 06:07:18.209    app     info:    [server-manager] Starting refresh cycle for eve-online / Tranquility
2023-12-11 06:07:18.375    app     info:    [server-manager] Previous Tranquility build: 2448565, current build: 2448565
2023-12-11 06:07:18.375    app     info:    [server-manager] Tranquility build is unchanged.
2023-12-11 06:07:18.382    app     info:    [server-manager] Ready to play!
2023-12-11 06:07:18.387    app     info:    [server-manager] Finished refresh cycle for Tranquility
2023-12-11 06:07:20.958    app     info:    [self-update] Checking for a launcher update...
2023-12-11 06:07:21.233    app     info:    [self-update] Currently running the latest launcher version. Scheduling update check in 5 minutes.
2023-12-11 06:12:18.398    app     info:    [server-manager] Starting refresh cycle for eve-online / Tranquility
2023-12-11 06:12:18.549    app     info:    [server-manager] Previous Tranquility build: 2448565, current build: 2448565
2023-12-11 06:12:18.549    app     info:    [server-manager] Tranquility build is unchanged.
2023-12-11 06:12:18.554    app     info:    [server-manager] Ready to play!
2023-12-11 06:12:18.557    app     info:    [server-manager] Finished refresh cycle for Tranquility
2023-12-11 06:12:21.236    app     info:    [self-update] Checking for a launcher update...
2023-12-11 06:12:21.516    app     info:    [self-update] Currently running the latest launcher version. Scheduling update check in 5 minutes.
2023-12-11 06:17:18.571    app     info:    [server-manager] Starting refresh cycle for eve-online / Tranquility
2023-12-11 06:17:18.716    app     info:    [server-manager] Previous Tranquility build: 2448565, current build: 2448565
2023-12-11 06:17:18.716    app     info:    [server-manager] Tranquility build is unchanged.
2023-12-11 06:17:18.721    app     info:    [server-manager] Ready to play!
2023-12-11 06:17:18.725    app     info:    [server-manager] Finished refresh cycle for Tranquility
2023-12-11 06:17:21.528    app     info:    [self-update] Checking for a launcher update...
2023-12-11 06:17:21.802    app     info:    [self-update] Currently running the latest launcher version. Scheduling update check in 5 minutes.
2023-12-11 06:22:18.726    app     info:    [server-manager] Starting refresh cycle for eve-online / Tranquility
2023-12-11 06:22:18.882    app     info:    [server-manager] Previous Tranquility build: 2448565, current build: 2448565
2023-12-11 06:22:18.882    app     info:    [server-manager] Tranquility build is unchanged.
2023-12-11 06:22:18.886    app     info:    [server-manager] Ready to play!
2023-12-11 06:22:18.889    app     info:    [server-manager] Finished refresh cycle for Tranquility
2023-12-11 06:22:21.815    app     info:    [self-update] Checking for a launcher update...
2023-12-11 06:22:22.100    app     info:    [self-update] Currently running the latest launcher version. Scheduling update check in 5 minutes.
2023-12-11 06:27:18.906    app     info:    [server-manager] Starting refresh cycle for eve-online / Tranquility
2023-12-11 06:27:19.064    app     info:    [server-manager] Previous Tranquility build: 2448565, current build: 2448565
2023-12-11 06:27:19.064    app     info:    [server-manager] Tranquility build is unchanged.
2023-12-11 06:27:19.077    app     info:    [server-manager] Ready to play!
2023-12-11 06:27:19.082    app     info:    [server-manager] Finished refresh cycle for Tranquility
2023-12-11 06:27:22.111    app     info:    [self-update] Checking for a launcher update...
2023-12-11 06:27:22.391    app     info:    [self-update] Currently running the latest launcher version. Scheduling update check in 5 minutes.
2023-12-11 06:32:19.096    app     info:    [server-manager] Starting refresh cycle for eve-online / Tranquility
2023-12-11 06:32:19.278    app     info:    [server-manager] Previous Tranquility build: 2448565, current build: 2448565
2023-12-11 06:32:19.278    app     info:    [server-manager] Tranquility build is unchanged.
2023-12-11 06:32:19.282    app     info:    [server-manager] Ready to play!
2023-12-11 06:32:19.286    app     info:    [server-manager] Finished refresh cycle for Tranquility
2023-12-11 06:32:22.405    app     info:    [self-update] Checking for a launcher update...
2023-12-11 06:32:22.683    app     info:    [self-update] Currently running the latest launcher version. Scheduling update check in 5 minutes.
2023-12-11 06:37:19.292    app     info:    [server-manager] Starting refresh cycle for eve-online / Tranquility
2023-12-11 06:37:19.412    app     info:    [server-manager] Previous Tranquility build: 2448565, current build: 2448565
2023-12-11 06:37:19.413    app     info:    [server-manager] Tranquility build is unchanged.
2023-12-11 06:37:19.418    app     info:    [server-manager] Ready to play!
2023-12-11 06:37:19.421    app     info:    [server-manager] Finished refresh cycle for Tranquility
2023-12-11 06:37:22.694    app     info:    [self-update] Checking for a launcher update...
2023-12-11 06:37:22.960    app     info:    [self-update] Currently running the latest launcher version. Scheduling update check in 5 minutes.
2023-12-11 06:42:19.424    app     info:    [server-manager] Starting refresh cycle for eve-online / Tranquility
2023-12-11 06:42:19.682    app     info:    [server-manager] Previous Tranquility build: 2448565, current build: 2448565
2023-12-11 06:42:19.683    app     info:    [server-manager] Tranquility build is unchanged.
2023-12-11 06:42:19.687    app     info:    [server-manager] Ready to play!
2023-12-11 06:42:19.691    app     info:    [server-manager] Finished refresh cycle for Tranquility
2023-12-11 06:42:22.967    app     info:    [self-update] Checking for a launcher update...
2023-12-11 06:42:23.257    app     info:    [self-update] Currently running the latest launcher version. Scheduling update check in 5 minutes.
2023-12-11 06:47:19.698    app     info:    [server-manager] Starting refresh cycle for eve-online / Tranquility
2023-12-11 06:47:19.872    app     info:    [server-manager] Previous Tranquility build: 2448565, current build: 2448565
2023-12-11 06:47:19.872    app     info:    [server-manager] Tranquility build is unchanged.
2023-12-11 06:47:19.877    app     info:    [server-manager] Ready to play!
2023-12-11 06:47:19.880    app     info:    [server-manager] Finished refresh cycle for Tranquility
2023-12-11 06:47:23.273    app     info:    [self-update] Checking for a launcher update...
2023-12-11 06:47:23.539    app     info:    [self-update] Currently running the latest launcher version. Scheduling update check in 5 minutes.
2023-12-11 06:52:19.888    app     info:    [server-manager] Starting refresh cycle for eve-online / Tranquility
2023-12-11 06:52:20.026    app     info:    [server-manager] Previous Tranquility build: 2448565, current build: 2448565
2023-12-11 06:52:20.026    app     info:    [server-manager] Tranquility build is unchanged.
2023-12-11 06:52:20.031    app     info:    [server-manager] Ready to play!
2023-12-11 06:52:20.034    app     info:    [server-manager] Finished refresh cycle for Tranquility
2023-12-11 06:52:23.544    app     info:    [self-update] Checking for a launcher update...
2023-12-11 06:52:23.822    app     info:    [self-update] Currently running the latest launcher version. Scheduling update check in 5 minutes.
2023-12-11 06:57:20.050    app     info:    [server-manager] Starting refresh cycle for eve-online / Tranquility
2023-12-11 06:57:20.162    app     info:    [server-manager] Previous Tranquility build: 2448565, current build: 2448565
2023-12-11 06:57:20.162    app     info:    [server-manager] Tranquility build is unchanged.
2023-12-11 06:57:20.166    app     info:    [server-manager] Ready to play!
2023-12-11 06:57:20.170    app     info:    [server-manager] Finished refresh cycle for Tranquility
2023-12-11 06:57:23.825    app     info:    [self-update] Checking for a launcher update...
2023-12-11 06:57:24.105    app     info:    [self-update] Currently running the latest launcher version. Scheduling update check in 5 minutes.
2023-12-11 07:02:20.177    app     info:    [server-manager] Starting refresh cycle for eve-online / Tranquility
2023-12-11 07:02:20.313    app     info:    [server-manager] Previous Tranquility build: 2448565, current build: 2448565
2023-12-11 07:02:20.313    app     info:    [server-manager] Tranquility build is unchanged.
2023-12-11 07:02:20.318    app     info:    [server-manager] Ready to play!
2023-12-11 07:02:20.322    app     info:    [server-manager] Finished refresh cycle for Tranquility
2023-12-11 07:02:24.119    app     info:    [self-update] Checking for a launcher update...
2023-12-11 07:02:24.401    app     info:    [self-update] Currently running the latest launcher version. Scheduling update check in 5 minutes.
2023-12-11 07:07:20.335    app     info:    [server-manager] Starting refresh cycle for eve-online / Tranquility
2023-12-11 07:07:20.484    app     info:    [server-manager] Previous Tranquility build: 2448565, current build: 2448565
2023-12-11 07:07:20.484    app     info:    [server-manager] Tranquility build is unchanged.
2023-12-11 07:07:20.488    app     info:    [server-manager] Ready to play!
2023-12-11 07:07:20.491    app     info:    [server-manager] Finished refresh cycle for Tranquility
2023-12-11 07:07:24.405    app     info:    [self-update] Checking for a launcher update...
2023-12-11 07:07:24.751    app     info:    [self-update] Currently running the latest launcher version. Scheduling update check in 5 minutes.
2023-12-11 07:12:20.505    app     info:    [server-manager] Starting refresh cycle for eve-online / Tranquility
2023-12-11 07:12:20.733    app     info:    [server-manager] Previous Tranquility build: 2448565, current build: 2448565
2023-12-11 07:12:20.733    app     info:    [server-manager] Tranquility build is unchanged.
2023-12-11 07:12:20.738    app     info:    [server-manager] Ready to play!
2023-12-11 07:12:20.741    app     info:    [server-manager] Finished refresh cycle for Tranquility
2023-12-11 07:12:24.757    app     info:    [self-update] Checking for a launcher update...
2023-12-11 07:12:25.079    app     info:    [self-update] Currently running the latest launcher version. Scheduling update check in 5 minutes.
2023-12-11 07:17:20.751    app     info:    [server-manager] Starting refresh cycle for eve-online / Tranquility
2023-12-11 07:17:20.907    app     info:    [server-manager] Previous Tranquility build: 2448565, current build: 2448565
2023-12-11 07:17:20.907    app     info:    [server-manager] Tranquility build is unchanged.
2023-12-11 07:17:20.912    app     info:    [server-manager] Ready to play!
2023-12-11 07:17:20.915    app     info:    [server-manager] Finished refresh cycle for Tranquility
2023-12-11 07:17:25.095    app     info:    [self-update] Checking for a launcher update...
2023-12-11 07:17:25.440    app     info:    [self-update] Currently running the latest launcher version. Scheduling update check in 5 minutes.
2023-12-11 07:22:20.930    app     info:    [server-manager] Starting refresh cycle for eve-online / Tranquility
2023-12-11 07:22:21.063    app     info:    [server-manager] Previous Tranquility build: 2448565, current build: 2448565
2023-12-11 07:22:21.064    app     info:    [server-manager] Tranquility build is unchanged.
2023-12-11 07:22:21.069    app     info:    [server-manager] Ready to play!
2023-12-11 07:22:21.072    app     info:    [server-manager] Finished refresh cycle for Tranquility
2023-12-11 07:22:25.446    app     info:    [self-update] Checking for a launcher update...
2023-12-11 07:22:25.787    app     info:    [self-update] Currently running the latest launcher version. Scheduling update check in 5 minutes.
2023-12-11 07:27:21.077    app     info:    [server-manager] Starting refresh cycle for eve-online / Tranquility
2023-12-11 07:27:21.201    app     info:    [server-manager] Previous Tranquility build: 2448565, current build: 2448565
2023-12-11 07:27:21.202    app     info:    [server-manager] Tranquility build is unchanged.
2023-12-11 07:27:21.206    app     info:    [server-manager] Ready to play!
2023-12-11 07:27:21.209    app     info:    [server-manager] Finished refresh cycle for Tranquility
2023-12-11 07:27:25.796    app     info:    [self-update] Checking for a launcher update...
2023-12-11 07:27:26.134    app     info:    [self-update] Currently running the latest launcher version. Scheduling update check in 5 minutes.
2023-12-11 07:32:21.214    app     info:    [server-manager] Starting refresh cycle for eve-online / Tranquility
2023-12-11 07:32:21.376    app     info:    [server-manager] Previous Tranquility build: 2448565, current build: 2448565
2023-12-11 07:32:21.377    app     info:    [server-manager] Tranquility build is unchanged.
2023-12-11 07:32:21.381    app     info:    [server-manager] Ready to play!
2023-12-11 07:32:21.385    app     info:    [server-manager] Finished refresh cycle for Tranquility
2023-12-11 07:32:26.143    app     info:    [self-update] Checking for a launcher update...
2023-12-11 07:32:26.481    app     info:    [self-update] Currently running the latest launcher version. Scheduling update check in 5 minutes.
2023-12-11 07:37:21.393    app     info:    [server-manager] Starting refresh cycle for eve-online / Tranquility
2023-12-11 07:37:21.538    app     info:    [server-manager] Previous Tranquility build: 2448565, current build: 2448565
2023-12-11 07:37:21.538    app     info:    [server-manager] Tranquility build is unchanged.
2023-12-11 07:37:21.543    app     info:    [server-manager] Ready to play!
2023-12-11 07:37:21.546    app     info:    [server-manager] Finished refresh cycle for Tranquility
2023-12-11 07:37:26.485    app     info:    [self-update] Checking for a launcher update...
2023-12-11 07:37:26.806    app     info:    [self-update] Currently running the latest launcher version. Scheduling update check in 5 minutes.
2023-12-11 07:42:21.555    app     info:    [server-manager] Starting refresh cycle for eve-online / Tranquility
2023-12-11 07:42:21.671    app     info:    [server-manager] Previous Tranquility build: 2448565, current build: 2448565
2023-12-11 07:42:21.672    app     info:    [server-manager] Tranquility build is unchanged.
2023-12-11 07:42:21.677    app     info:    [server-manager] Ready to play!
2023-12-11 07:42:21.680    app     info:    [server-manager] Finished refresh cycle for Tranquility
2023-12-11 07:42:26.820    app     info:    [self-update] Checking for a launcher update...
2023-12-11 07:42:27.161    app     info:    [self-update] Currently running the latest launcher version. Scheduling update check in 5 minutes.
2023-12-11 07:47:21.693    app     info:    [server-manager] Starting refresh cycle for eve-online / Tranquility
2023-12-11 07:47:21.839    app     info:    [server-manager] Previous Tranquility build: 2448565, current build: 2448565
2023-12-11 07:47:21.839    app     info:    [server-manager] Tranquility build is unchanged.
2023-12-11 07:47:21.844    app     info:    [server-manager] Ready to play!
2023-12-11 07:47:21.848    app     info:    [server-manager] Finished refresh cycle for Tranquility
2023-12-11 07:47:27.172    app     info:    [self-update] Checking for a launcher update...
2023-12-11 07:47:27.511    app     info:    [self-update] Currently running the latest launcher version. Scheduling update check in 5 minutes.
2023-12-11 07:52:21.863    app     info:    [server-manager] Starting refresh cycle for eve-online / Tranquility
2023-12-11 07:52:22.009    app     info:    [server-manager] Previous Tranquility build: 2448565, current build: 2448565
2023-12-11 07:52:22.009    app     info:    [server-manager] Tranquility build is unchanged.
2023-12-11 07:52:22.013    app     info:    [server-manager] Ready to play!
2023-12-11 07:52:22.017    app     info:    [server-manager] Finished refresh cycle for Tranquility
2023-12-11 07:52:27.520    app     info:    [self-update] Checking for a launcher update...
2023-12-11 07:52:27.844    app     info:    [self-update] Currently running the latest launcher version. Scheduling update check in 5 minutes.
2023-12-11 07:57:22.031    app     info:    [server-manager] Starting refresh cycle for eve-online / Tranquility
2023-12-11 07:57:22.171    app     info:    [server-manager] Previous Tranquility build: 2448565, current build: 2448565
2023-12-11 07:57:22.171    app     info:    [server-manager] Tranquility build is unchanged.
2023-12-11 07:57:22.176    app     info:    [server-manager] Ready to play!
2023-12-11 07:57:22.179    app     info:    [server-manager] Finished refresh cycle for Tranquility
2023-12-11 07:57:27.845    app     info:    [self-update] Checking for a launcher update...
2023-12-11 07:57:28.182    app     info:    [self-update] Currently running the latest launcher version. Scheduling update check in 5 minutes.
2023-12-11 08:02:22.190    app     info:    [server-manager] Starting refresh cycle for eve-online / Tranquility
2023-12-11 08:02:22.357    app     info:    [server-manager] Previous Tranquility build: 2448565, current build: 2448565
2023-12-11 08:02:22.357    app     info:    [server-manager] Tranquility build is unchanged.
2023-12-11 08:02:22.363    app     info:    [server-manager] Ready to play!
2023-12-11 08:02:22.366    app     info:    [server-manager] Finished refresh cycle for Tranquility
2023-12-11 08:02:28.196    app     info:    [self-update] Checking for a launcher update...
2023-12-11 08:02:28.521    app     info:    [self-update] Currently running the latest launcher version. Scheduling update check in 5 minutes.
2023-12-11 08:07:22.376    app     info:    [server-manager] Starting refresh cycle for eve-online / Tranquility
2023-12-11 08:07:22.503    app     info:    [server-manager] Previous Tranquility build: 2448565, current build: 2448565
2023-12-11 08:07:22.503    app     info:    [server-manager] Tranquility build is unchanged.
2023-12-11 08:07:22.509    app     info:    [server-manager] Ready to play!
2023-12-11 08:07:22.512    app     info:    [server-manager] Finished refresh cycle for Tranquility
2023-12-11 08:07:28.536    app     info:    [self-update] Checking for a launcher update...
2023-12-11 08:07:28.824    app     info:    [self-update] Currently running the latest launcher version. Scheduling update check in 5 minutes.
2023-12-11 08:12:22.526    app     info:    [server-manager] Starting refresh cycle for eve-online / Tranquility
2023-12-11 08:12:22.670    app     info:    [server-manager] Previous Tranquility build: 2448565, current build: 2448565
2023-12-11 08:12:22.671    app     info:    [server-manager] Tranquility build is unchanged.
2023-12-11 08:12:22.676    app     info:    [server-manager] Ready to play!
2023-12-11 08:12:22.679    app     info:    [server-manager] Finished refresh cycle for Tranquility
2023-12-11 08:12:28.824    app     info:    [self-update] Checking for a launcher update...
2023-12-11 08:12:29.088    app     info:    [self-update] Currently running the latest launcher version. Scheduling update check in 5 minutes.
2023-12-11 08:17:22.697    app     info:    [server-manager] Starting refresh cycle for eve-online / Tranquility
2023-12-11 08:17:22.821    app     info:    [server-manager] Previous Tranquility build: 2448565, current build: 2448565
2023-12-11 08:17:22.822    app     info:    [server-manager] Tranquility build is unchanged.
2023-12-11 08:17:22.826    app     info:    [server-manager] Ready to play!
2023-12-11 08:17:22.829    app     info:    [server-manager] Finished refresh cycle for Tranquility
2023-12-11 08:17:29.091    app     info:    [self-update] Checking for a launcher update...
2023-12-11 08:17:29.374    app     info:    [self-update] Currently running the latest launcher version. Scheduling update check in 5 minutes.
2023-12-11 08:22:22.837    app     info:    [server-manager] Starting refresh cycle for eve-online / Tranquility
2023-12-11 08:22:22.952    app     info:    [server-manager] Previous Tranquility build: 2448565, current build: 2448565
2023-12-11 08:22:22.952    app     info:    [server-manager] Tranquility build is unchanged.
2023-12-11 08:22:22.956    app     info:    [server-manager] Ready to play!
2023-12-11 08:22:22.959    app     info:    [server-manager] Finished refresh cycle for Tranquility
2023-12-11 08:22:29.380    app     info:    [self-update] Checking for a launcher update...
2023-12-11 08:22:29.662    app     info:    [self-update] Currently running the latest launcher version. Scheduling update check in 5 minutes.
2023-12-11 08:27:22.975    app     info:    [server-manager] Starting refresh cycle for eve-online / Tranquility
2023-12-11 08:27:23.135    app     info:    [server-manager] Previous Tranquility build: 2448565, current build: 2448565
2023-12-11 08:27:23.136    app     info:    [server-manager] Tranquility build is unchanged.
2023-12-11 08:27:23.140    app     info:    [server-manager] Ready to play!
2023-12-11 08:27:23.143    app     info:    [server-manager] Finished refresh cycle for Tranquility
2023-12-11 08:27:29.670    app     info:    [self-update] Checking for a launcher update...
2023-12-11 08:27:29.938    app     info:    [self-update] Currently running the latest launcher version. Scheduling update check in 5 minutes.
2023-12-11 08:32:23.152    app     info:    [server-manager] Starting refresh cycle for eve-online / Tranquility
2023-12-11 08:32:23.303    app     info:    [server-manager] Previous Tranquility build: 2448565, current build: 2448565
2023-12-11 08:32:23.303    app     info:    [server-manager] Tranquility build is unchanged.
2023-12-11 08:32:23.309    app     info:    [server-manager] Ready to play!
2023-12-11 08:32:23.312    app     info:    [server-manager] Finished refresh cycle for Tranquility
2023-12-11 08:32:29.946    app     info:    [self-update] Checking for a launcher update...
2023-12-11 08:32:30.211    app     info:    [self-update] Currently running the latest launcher version. Scheduling update check in 5 minutes.
2023-12-11 08:37:23.317    app     info:    [server-manager] Starting refresh cycle for eve-online / Tranquility
2023-12-11 08:37:23.515    app     info:    [server-manager] Previous Tranquility build: 2448565, current build: 2448565
2023-12-11 08:37:23.515    app     info:    [server-manager] Tranquility build is unchanged.
2023-12-11 08:37:23.519    app     info:    [server-manager] Ready to play!
2023-12-11 08:37:23.522    app     info:    [server-manager] Finished refresh cycle for Tranquility
2023-12-11 08:37:30.219    app     info:    [self-update] Checking for a launcher update...
2023-12-11 08:37:30.502    app     info:    [self-update] Currently running the latest launcher version. Scheduling update check in 5 minutes.
2023-12-11 08:42:23.527    app     info:    [server-manager] Starting refresh cycle for eve-online / Tranquility
2023-12-11 08:42:23.679    app     info:    [server-manager] Previous Tranquility build: 2448565, current build: 2448565
2023-12-11 08:42:23.679    app     info:    [server-manager] Tranquility build is unchanged.
2023-12-11 08:42:23.684    app     info:    [server-manager] Ready to play!
2023-12-11 08:42:23.687    app     info:    [server-manager] Finished refresh cycle for Tranquility
2023-12-11 08:42:30.516    app     info:    [self-update] Checking for a launcher update...
2023-12-11 08:42:30.787    app     info:    [self-update] Currently running the latest launcher version. Scheduling update check in 5 minutes.
2023-12-11 08:47:23.690    app     info:    [server-manager] Starting refresh cycle for eve-online / Tranquility
2023-12-11 08:47:23.836    app     info:    [server-manager] Previous Tranquility build: 2448565, current build: 2448565
2023-12-11 08:47:23.836    app     info:    [server-manager] Tranquility build is unchanged.
2023-12-11 08:47:23.840    app     info:    [server-manager] Ready to play!
2023-12-11 08:47:23.844    app     info:    [server-manager] Finished refresh cycle for Tranquility
2023-12-11 08:47:30.788    app     info:    [self-update] Checking for a launcher update...
2023-12-11 08:47:31.056    app     info:    [self-update] Currently running the latest launcher version. Scheduling update check in 5 minutes.
2023-12-11 08:52:23.846    app     info:    [server-manager] Starting refresh cycle for eve-online / Tranquility
2023-12-11 08:52:24.028    app     info:    [server-manager] Previous Tranquility build: 2448565, current build: 2448565
2023-12-11 08:52:24.028    app     info:    [server-manager] Tranquility build is unchanged.
2023-12-11 08:52:24.032    app     info:    [server-manager] Ready to play!
2023-12-11 08:52:24.035    app     info:    [server-manager] Finished refresh cycle for Tranquility
2023-12-11 08:52:31.070    app     info:    [self-update] Checking for a launcher update...
2023-12-11 08:52:31.334    app     info:    [self-update] Currently running the latest launcher version. Scheduling update check in 5 minutes.
2023-12-11 08:57:24.049    app     info:    [server-manager] Starting refresh cycle for eve-online / Tranquility
2023-12-11 08:57:24.202    app     info:    [server-manager] Previous Tranquility build: 2448565, current build: 2448565
2023-12-11 08:57:24.202    app     info:    [server-manager] Tranquility build is unchanged.
2023-12-11 08:57:24.207    app     info:    [server-manager] Ready to play!
2023-12-11 08:57:24.210    app     info:    [server-manager] Finished refresh cycle for Tranquility
2023-12-11 08:57:31.349    app     info:    [self-update] Checking for a launcher update...
2023-12-11 08:57:31.637    app     info:    [self-update] Currently running the latest launcher version. Scheduling update check in 5 minutes.
2023-12-11 09:02:24.220    app     info:    [server-manager] Starting refresh cycle for eve-online / Tranquility
2023-12-11 09:02:24.369    app     info:    [server-manager] Previous Tranquility build: 2448565, current build: 2448565
2023-12-11 09:02:24.369    app     info:    [server-manager] Tranquility build is unchanged.
2023-12-11 09:02:24.374    app     info:    [server-manager] Ready to play!
2023-12-11 09:02:24.377    app     info:    [server-manager] Finished refresh cycle for Tranquility
2023-12-11 09:02:31.637    app     info:    [self-update] Checking for a launcher update...
2023-12-11 09:02:31.910    app     info:    [self-update] Currently running the latest launcher version. Scheduling update check in 5 minutes.
2023-12-11 09:07:24.380    app     info:    [server-manager] Starting refresh cycle for eve-online / Tranquility
2023-12-11 09:07:24.516    app     info:    [server-manager] Previous Tranquility build: 2448565, current build: 2448565
2023-12-11 09:07:24.516    app     info:    [server-manager] Tranquility build is unchanged.
2023-12-11 09:07:24.521    app     info:    [server-manager] Ready to play!
2023-12-11 09:07:24.524    app     info:    [server-manager] Finished refresh cycle for Tranquility
2023-12-11 09:07:31.921    app     info:    [self-update] Checking for a launcher update...
2023-12-11 09:07:32.210    app     info:    [self-update] Currently running the latest launcher version. Scheduling update check in 5 minutes.
2023-12-11 09:12:24.530    app     info:    [server-manager] Starting refresh cycle for eve-online / Tranquility
2023-12-11 09:12:24.658    app     info:    [server-manager] Previous Tranquility build: 2448565, current build: 2448565
2023-12-11 09:12:24.658    app     info:    [server-manager] Tranquility build is unchanged.
2023-12-11 09:12:24.663    app     info:    [server-manager] Ready to play!
2023-12-11 09:12:24.667    app     info:    [server-manager] Finished refresh cycle for Tranquility
2023-12-11 09:12:32.220    app     info:    [self-update] Checking for a launcher update...
2023-12-11 09:12:32.484    app     info:    [self-update] Currently running the latest launcher version. Scheduling update check in 5 minutes.
2023-12-11 09:17:24.683    app     info:    [server-manager] Starting refresh cycle for eve-online / Tranquility
2023-12-11 09:17:24.822    app     info:    [server-manager] Previous Tranquility build: 2448565, current build: 2448565
2023-12-11 09:17:24.822    app     info:    [server-manager] Tranquility build is unchanged.
2023-12-11 09:17:24.827    app     info:    [server-manager] Ready to play!
2023-12-11 09:17:24.830    app     info:    [server-manager] Finished refresh cycle for Tranquility
2023-12-11 09:17:32.498    app     info:    [self-update] Checking for a launcher update...
2023-12-11 09:17:32.761    app     info:    [self-update] Currently running the latest launcher version. Scheduling update check in 5 minutes.
2023-12-11 09:22:24.841    app     info:    [server-manager] Starting refresh cycle for eve-online / Tranquility
2023-12-11 09:22:24.987    app     info:    [server-manager] Previous Tranquility build: 2448565, current build: 2448565
2023-12-11 09:22:24.987    app     info:    [server-manager] Tranquility build is unchanged.
2023-12-11 09:22:24.992    app     info:    [server-manager] Ready to play!
2023-12-11 09:22:24.996    app     info:    [server-manager] Finished refresh cycle for Tranquility
2023-12-11 09:22:32.762    app     info:    [self-update] Checking for a launcher update...
2023-12-11 09:22:33.046    app     info:    [self-update] Currently running the latest launcher version. Scheduling update check in 5 minutes.
2023-12-11 09:27:25.004    app     info:    [server-manager] Starting refresh cycle for eve-online / Tranquility
2023-12-11 09:27:25.149    app     info:    [server-manager] Previous Tranquility build: 2448565, current build: 2448565
2023-12-11 09:27:25.150    app     info:    [server-manager] Tranquility build is unchanged.
2023-12-11 09:27:25.155    app     info:    [server-manager] Ready to play!
2023-12-11 09:27:25.158    app     info:    [server-manager] Finished refresh cycle for Tranquility
2023-12-11 09:27:33.052    app     info:    [self-update] Checking for a launcher update...
2023-12-11 09:27:33.316    app     info:    [self-update] Currently running the latest launcher version. Scheduling update check in 5 minutes.
2023-12-11 09:29:33.927    app     info:    [client-manager] 'tranquility' for EVE game client for '28182799' exited with no errors.
2023-12-11 09:29:33.938    app     info:    [server-manager] Starting refresh cycle for eve-online / Tranquility
2023-12-11 09:29:34.040    app     info:    [quasar-events] Sent 'eve_launcher.electron.eve_client.GameClientExited'
2023-12-11 09:29:34.105    app     info:    [server-manager] Previous Tranquility build: 2448565, current build: 2448565
2023-12-11 09:29:34.105    app     info:    [server-manager] Tranquility build is unchanged.
2023-12-11 09:29:34.113    app     info:    [server-manager] Ready to play!
2023-12-11 09:29:34.116    app     info:    [server-manager] Finished refresh cycle for Tranquility
2023-12-11 09:29:40.127    app     info:    [tray] Quitting application from tray
2023-12-11 09:29:40.128    app     info:    Application quitting. Cleanup needed: true
2023-12-11 09:29:40.130    app     info:    [elg-events] Sending event    eve_launcher.electron.application.LauncherShutdown
2023-12-11 09:29:40.132    app     info:    app.quit called, but we are still sending ELG events.
2023-12-11 09:29:40.736    app     info:    ELG stream closed, quitting.
2023-12-11 09:29:40.737    app     info:    [main-window] Main window closing    { windowId: 2 }
2023-12-11 09:29:40.748    app     info:    Application closed    0
