2023-12-03 00:04:06.281    app     info:    [server-manager] Starting refresh cycle for Tranquility
2023-12-03 00:04:06.414    app     info:    [server-manager] Previous Tranquility build: 2440374, current build: 2440374
2023-12-03 00:04:06.415    app     info:    [server-manager] Tranquility build is unchanged.
2023-12-03 00:04:06.432    app     info:    [server-manager] Ready to play!
2023-12-03 00:04:06.438    app     info:    [server-manager] Finished refresh cycle for Tranquility
2023-12-03 00:04:28.331    app     info:    [self-update] Checking for a launcher update...
2023-12-03 00:04:28.619    app     info:    [self-update] Currently running the latest launcher version. Scheduling update check in 5 minutes.
2023-12-03 00:09:06.446    app     info:    [server-manager] Starting refresh cycle for Tranquility
2023-12-03 00:09:06.584    app     info:    [server-manager] Previous Tranquility build: 2440374, current build: 2440374
2023-12-03 00:09:06.585    app     info:    [server-manager] Tranquility build is unchanged.
2023-12-03 00:09:06.600    app     info:    [server-manager] Ready to play!
2023-12-03 00:09:06.604    app     info:    [server-manager] Finished refresh cycle for Tranquility
2023-12-03 00:09:28.630    app     info:    [self-update] Checking for a launcher update...
2023-12-03 00:09:28.906    app     info:    [self-update] Currently running the latest launcher version. Scheduling update check in 5 minutes.
2023-12-03 00:14:06.609    app     info:    [server-manager] Starting refresh cycle for Tranquility
2023-12-03 00:14:07.054    app     info:    [server-manager] Previous Tranquility build: 2440374, current build: 2440374
2023-12-03 00:14:07.055    app     info:    [server-manager] Tranquility build is unchanged.
2023-12-03 00:14:07.058    app     info:    [server-manager] Ready to play!
2023-12-03 00:14:07.061    app     info:    [server-manager] Finished refresh cycle for Tranquility
2023-12-03 00:14:28.913    app     info:    [self-update] Checking for a launcher update...
2023-12-03 00:14:29.177    app     info:    [self-update] Currently running the latest launcher version. Scheduling update check in 5 minutes.
2023-12-03 00:19:07.075    app     info:    [server-manager] Starting refresh cycle for Tranquility
2023-12-03 00:19:07.207    app     info:    [server-manager] Previous Tranquility build: 2440374, current build: 2440374
2023-12-03 00:19:07.208    app     info:    [server-manager] Tranquility build is unchanged.
2023-12-03 00:19:07.217    app     info:    [server-manager] Ready to play!
2023-12-03 00:19:07.219    app     info:    [server-manager] Finished refresh cycle for Tranquility
2023-12-03 00:19:29.189    app     info:    [self-update] Checking for a launcher update...
2023-12-03 00:19:29.448    app     info:    [self-update] Currently running the latest launcher version. Scheduling update check in 5 minutes.
2023-12-03 00:24:07.233    app     info:    [server-manager] Starting refresh cycle for Tranquility
2023-12-03 00:24:07.352    app     info:    [server-manager] Previous Tranquility build: 2440374, current build: 2440374
2023-12-03 00:24:07.353    app     info:    [server-manager] Tranquility build is unchanged.
2023-12-03 00:24:07.364    app     info:    [server-manager] Ready to play!
2023-12-03 00:24:07.366    app     info:    [server-manager] Finished refresh cycle for Tranquility
2023-12-03 00:24:29.460    app     info:    [self-update] Checking for a launcher update...
2023-12-03 00:24:29.750    app     info:    [self-update] Currently running the latest launcher version. Scheduling update check in 5 minutes.
2023-12-03 00:29:07.385    app     info:    [server-manager] Starting refresh cycle for Tranquility
2023-12-03 00:29:07.497    app     info:    [server-manager] Previous Tranquility build: 2440374, current build: 2440374
2023-12-03 00:29:07.497    app     info:    [server-manager] Tranquility build is unchanged.
2023-12-03 00:29:07.501    app     info:    [server-manager] Ready to play!
2023-12-03 00:29:07.503    app     info:    [server-manager] Finished refresh cycle for Tranquility
2023-12-03 00:29:29.751    app     info:    [self-update] Checking for a launcher update...
2023-12-03 00:29:30.037    app     info:    [self-update] Currently running the latest launcher version. Scheduling update check in 5 minutes.
2023-12-03 00:34:07.514    app     info:    [server-manager] Starting refresh cycle for Tranquility
2023-12-03 00:34:07.620    app     info:    [server-manager] Previous Tranquility build: 2440374, current build: 2440374
2023-12-03 00:34:07.620    app     info:    [server-manager] Tranquility build is unchanged.
2023-12-03 00:34:07.625    app     info:    [server-manager] Ready to play!
2023-12-03 00:34:07.628    app     info:    [server-manager] Finished refresh cycle for Tranquility
2023-12-03 00:34:30.052    app     info:    [self-update] Checking for a launcher update...
2023-12-03 00:34:30.360    app     info:    [self-update] Currently running the latest launcher version. Scheduling update check in 5 minutes.
2023-12-03 00:39:07.640    app     info:    [server-manager] Starting refresh cycle for Tranquility
2023-12-03 00:39:07.766    app     info:    [server-manager] Previous Tranquility build: 2440374, current build: 2440374
2023-12-03 00:39:07.767    app     info:    [server-manager] Tranquility build is unchanged.
2023-12-03 00:39:07.777    app     info:    [server-manager] Ready to play!
2023-12-03 00:39:07.779    app     info:    [server-manager] Finished refresh cycle for Tranquility
2023-12-03 00:39:30.363    app     info:    [self-update] Checking for a launcher update...
2023-12-03 00:39:30.641    app     info:    [self-update] Currently running the latest launcher version. Scheduling update check in 5 minutes.
2023-12-03 00:44:07.784    app     info:    [server-manager] Starting refresh cycle for Tranquility
2023-12-03 00:44:07.896    app     info:    [server-manager] Previous Tranquility build: 2440374, current build: 2440374
2023-12-03 00:44:07.896    app     info:    [server-manager] Tranquility build is unchanged.
2023-12-03 00:44:07.900    app     info:    [server-manager] Ready to play!
2023-12-03 00:44:07.902    app     info:    [server-manager] Finished refresh cycle for Tranquility
2023-12-03 00:44:30.653    app     info:    [self-update] Checking for a launcher update...
2023-12-03 00:44:30.920    app     info:    [self-update] Currently running the latest launcher version. Scheduling update check in 5 minutes.
2023-12-03 00:49:07.912    app     info:    [server-manager] Starting refresh cycle for Tranquility
2023-12-03 00:49:08.034    app     info:    [server-manager] Previous Tranquility build: 2440374, current build: 2440374
2023-12-03 00:49:08.034    app     info:    [server-manager] Tranquility build is unchanged.
2023-12-03 00:49:08.046    app     info:    [server-manager] Ready to play!
2023-12-03 00:49:08.048    app     info:    [server-manager] Finished refresh cycle for Tranquility
2023-12-03 00:49:30.928    app     info:    [self-update] Checking for a launcher update...
2023-12-03 00:49:31.201    app     info:    [self-update] Currently running the latest launcher version. Scheduling update check in 5 minutes.
2023-12-03 00:54:08.062    app     info:    [server-manager] Starting refresh cycle for Tranquility
2023-12-03 00:54:08.158    app     info:    [server-manager] Previous Tranquility build: 2440374, current build: 2440374
2023-12-03 00:54:08.158    app     info:    [server-manager] Tranquility build is unchanged.
2023-12-03 00:54:08.169    app     info:    [server-manager] Ready to play!
2023-12-03 00:54:08.171    app     info:    [server-manager] Finished refresh cycle for Tranquility
2023-12-03 00:54:31.210    app     info:    [self-update] Checking for a launcher update...
2023-12-03 00:54:31.504    app     info:    [self-update] Currently running the latest launcher version. Scheduling update check in 5 minutes.
2023-12-03 00:59:08.186    app     info:    [server-manager] Starting refresh cycle for Tranquility
2023-12-03 00:59:08.318    app     info:    [server-manager] Previous Tranquility build: 2440374, current build: 2440374
2023-12-03 00:59:08.318    app     info:    [server-manager] Tranquility build is unchanged.
2023-12-03 00:59:08.322    app     info:    [server-manager] Ready to play!
2023-12-03 00:59:08.324    app     info:    [server-manager] Finished refresh cycle for Tranquility
2023-12-03 00:59:31.517    app     info:    [self-update] Checking for a launcher update...
2023-12-03 00:59:31.806    app     info:    [self-update] Currently running the latest launcher version. Scheduling update check in 5 minutes.
2023-12-03 01:04:08.330    app     info:    [server-manager] Starting refresh cycle for Tranquility
2023-12-03 01:04:08.432    app     info:    [server-manager] Previous Tranquility build: 2440374, current build: 2440374
2023-12-03 01:04:08.433    app     info:    [server-manager] Tranquility build is unchanged.
2023-12-03 01:04:08.447    app     info:    [server-manager] Ready to play!
2023-12-03 01:04:08.449    app     info:    [server-manager] Finished refresh cycle for Tranquility
2023-12-03 01:04:31.811    app     info:    [self-update] Checking for a launcher update...
2023-12-03 01:04:32.077    app     info:    [self-update] Currently running the latest launcher version. Scheduling update check in 5 minutes.
2023-12-03 01:09:08.465    app     info:    [server-manager] Starting refresh cycle for Tranquility
2023-12-03 01:09:08.572    app     info:    [server-manager] Previous Tranquility build: 2440374, current build: 2440374
2023-12-03 01:09:08.572    app     info:    [server-manager] Tranquility build is unchanged.
2023-12-03 01:09:08.588    app     info:    [server-manager] Ready to play!
2023-12-03 01:09:08.594    app     info:    [server-manager] Finished refresh cycle for Tranquility
2023-12-03 01:09:32.092    app     info:    [self-update] Checking for a launcher update...
2023-12-03 01:09:32.361    app     info:    [self-update] Currently running the latest launcher version. Scheduling update check in 5 minutes.
2023-12-03 01:14:08.595    app     info:    [server-manager] Starting refresh cycle for Tranquility
2023-12-03 01:14:08.711    app     info:    [server-manager] Previous Tranquility build: 2440374, current build: 2440374
2023-12-03 01:14:08.711    app     info:    [server-manager] Tranquility build is unchanged.
2023-12-03 01:14:08.715    app     info:    [server-manager] Ready to play!
2023-12-03 01:14:08.718    app     info:    [server-manager] Finished refresh cycle for Tranquility
2023-12-03 01:14:32.375    app     info:    [self-update] Checking for a launcher update...
2023-12-03 01:14:32.668    app     info:    [self-update] Currently running the latest launcher version. Scheduling update check in 5 minutes.
2023-12-03 01:19:08.723    app     info:    [server-manager] Starting refresh cycle for Tranquility
2023-12-03 01:19:08.834    app     info:    [server-manager] Previous Tranquility build: 2440374, current build: 2440374
2023-12-03 01:19:08.835    app     info:    [server-manager] Tranquility build is unchanged.
2023-12-03 01:19:08.843    app     info:    [server-manager] Ready to play!
2023-12-03 01:19:08.845    app     info:    [server-manager] Finished refresh cycle for Tranquility
2023-12-03 01:19:32.670    app     info:    [self-update] Checking for a launcher update...
2023-12-03 01:19:32.930    app     info:    [self-update] Currently running the latest launcher version. Scheduling update check in 5 minutes.
2023-12-03 01:24:08.848    app     info:    [server-manager] Starting refresh cycle for Tranquility
2023-12-03 01:24:08.974    app     info:    [server-manager] Previous Tranquility build: 2440374, current build: 2440374
2023-12-03 01:24:08.974    app     info:    [server-manager] Tranquility build is unchanged.
2023-12-03 01:24:08.978    app     info:    [server-manager] Ready to play!
2023-12-03 01:24:08.981    app     info:    [server-manager] Finished refresh cycle for Tranquility
2023-12-03 01:24:32.936    app     info:    [self-update] Checking for a launcher update...
2023-12-03 01:24:33.219    app     info:    [self-update] Currently running the latest launcher version. Scheduling update check in 5 minutes.
2023-12-03 01:29:08.992    app     info:    [server-manager] Starting refresh cycle for Tranquility
2023-12-03 01:29:09.127    app     info:    [server-manager] Previous Tranquility build: 2440374, current build: 2440374
2023-12-03 01:29:09.128    app     info:    [server-manager] Tranquility build is unchanged.
2023-12-03 01:29:09.140    app     info:    [server-manager] Ready to play!
2023-12-03 01:29:09.145    app     info:    [server-manager] Finished refresh cycle for Tranquility
2023-12-03 01:29:33.227    app     info:    [self-update] Checking for a launcher update...
2023-12-03 01:29:33.515    app     info:    [self-update] Currently running the latest launcher version. Scheduling update check in 5 minutes.
2023-12-03 01:34:09.165    app     info:    [server-manager] Starting refresh cycle for Tranquility
2023-12-03 01:34:09.305    app     info:    [server-manager] Previous Tranquility build: 2440374, current build: 2440374
2023-12-03 01:34:09.306    app     info:    [server-manager] Tranquility build is unchanged.
2023-12-03 01:34:09.316    app     info:    [server-manager] Ready to play!
2023-12-03 01:34:09.319    app     info:    [server-manager] Finished refresh cycle for Tranquility
2023-12-03 01:34:33.523    app     info:    [self-update] Checking for a launcher update...
2023-12-03 01:34:33.898    app     info:    [self-update] Currently running the latest launcher version. Scheduling update check in 5 minutes.
2023-12-03 01:39:09.337    app     info:    [server-manager] Starting refresh cycle for Tranquility
2023-12-03 01:39:09.450    app     info:    [server-manager] Previous Tranquility build: 2440374, current build: 2440374
2023-12-03 01:39:09.450    app     info:    [server-manager] Tranquility build is unchanged.
2023-12-03 01:39:09.458    app     info:    [server-manager] Ready to play!
2023-12-03 01:39:09.461    app     info:    [server-manager] Finished refresh cycle for Tranquility
2023-12-03 01:39:33.903    app     info:    [self-update] Checking for a launcher update...
2023-12-03 01:39:34.193    app     info:    [self-update] Currently running the latest launcher version. Scheduling update check in 5 minutes.
2023-12-03 01:44:09.474    app     info:    [server-manager] Starting refresh cycle for Tranquility
2023-12-03 01:44:09.584    app     info:    [server-manager] Previous Tranquility build: 2440374, current build: 2440374
2023-12-03 01:44:09.584    app     info:    [server-manager] Tranquility build is unchanged.
2023-12-03 01:44:09.587    app     info:    [server-manager] Ready to play!
2023-12-03 01:44:09.590    app     info:    [server-manager] Finished refresh cycle for Tranquility
2023-12-03 01:44:34.198    app     info:    [self-update] Checking for a launcher update...
2023-12-03 01:44:34.482    app     info:    [self-update] Currently running the latest launcher version. Scheduling update check in 5 minutes.
2023-12-03 01:49:09.592    app     info:    [server-manager] Starting refresh cycle for Tranquility
2023-12-03 01:49:09.706    app     info:    [server-manager] Previous Tranquility build: 2440374, current build: 2440374
2023-12-03 01:49:09.706    app     info:    [server-manager] Tranquility build is unchanged.
2023-12-03 01:49:09.710    app     info:    [server-manager] Ready to play!
2023-12-03 01:49:09.712    app     info:    [server-manager] Finished refresh cycle for Tranquility
2023-12-03 01:49:34.488    app     info:    [self-update] Checking for a launcher update...
2023-12-03 01:49:34.774    app     info:    [self-update] Currently running the latest launcher version. Scheduling update check in 5 minutes.
2023-12-03 01:54:09.718    app     info:    [server-manager] Starting refresh cycle for Tranquility
2023-12-03 01:54:09.825    app     info:    [server-manager] Previous Tranquility build: 2440374, current build: 2440374
2023-12-03 01:54:09.826    app     info:    [server-manager] Tranquility build is unchanged.
2023-12-03 01:54:09.833    app     info:    [server-manager] Ready to play!
2023-12-03 01:54:09.835    app     info:    [server-manager] Finished refresh cycle for Tranquility
2023-12-03 01:54:34.781    app     info:    [self-update] Checking for a launcher update...
2023-12-03 01:54:35.086    app     info:    [self-update] Currently running the latest launcher version. Scheduling update check in 5 minutes.
2023-12-03 01:59:09.842    app     info:    [server-manager] Starting refresh cycle for Tranquility
2023-12-03 01:59:09.957    app     info:    [server-manager] Previous Tranquility build: 2440374, current build: 2440374
2023-12-03 01:59:09.957    app     info:    [server-manager] Tranquility build is unchanged.
2023-12-03 01:59:09.961    app     info:    [server-manager] Ready to play!
2023-12-03 01:59:09.964    app     info:    [server-manager] Finished refresh cycle for Tranquility
2023-12-03 01:59:35.092    app     info:    [self-update] Checking for a launcher update...
2023-12-03 01:59:35.379    app     info:    [self-update] Currently running the latest launcher version. Scheduling update check in 5 minutes.
2023-12-03 02:04:09.976    app     info:    [server-manager] Starting refresh cycle for Tranquility
2023-12-03 02:04:10.077    app     info:    [server-manager] Previous Tranquility build: 2440374, current build: 2440374
2023-12-03 02:04:10.078    app     info:    [server-manager] Tranquility build is unchanged.
2023-12-03 02:04:10.081    app     info:    [server-manager] Ready to play!
2023-12-03 02:04:10.083    app     info:    [server-manager] Finished refresh cycle for Tranquility
2023-12-03 02:04:35.382    app     info:    [self-update] Checking for a launcher update...
2023-12-03 02:04:35.701    app     info:    [self-update] Currently running the latest launcher version. Scheduling update check in 5 minutes.
2023-12-03 02:09:10.091    app     info:    [server-manager] Starting refresh cycle for Tranquility
2023-12-03 02:09:10.259    app     info:    [server-manager] Previous Tranquility build: 2440374, current build: 2440374
2023-12-03 02:09:10.259    app     info:    [server-manager] Tranquility build is unchanged.
2023-12-03 02:09:10.263    app     info:    [server-manager] Ready to play!
2023-12-03 02:09:10.265    app     info:    [server-manager] Finished refresh cycle for Tranquility
2023-12-03 02:09:35.717    app     info:    [self-update] Checking for a launcher update...
2023-12-03 02:09:36.026    app     info:    [self-update] Currently running the latest launcher version. Scheduling update check in 5 minutes.
2023-12-03 02:14:10.269    app     info:    [server-manager] Starting refresh cycle for Tranquility
2023-12-03 02:14:10.373    app     info:    [server-manager] Previous Tranquility build: 2440374, current build: 2440374
2023-12-03 02:14:10.374    app     info:    [server-manager] Tranquility build is unchanged.
2023-12-03 02:14:10.382    app     info:    [server-manager] Ready to play!
2023-12-03 02:14:10.387    app     info:    [server-manager] Finished refresh cycle for Tranquility
2023-12-03 02:14:36.028    app     info:    [self-update] Checking for a launcher update...
2023-12-03 02:14:36.312    app     info:    [self-update] Currently running the latest launcher version. Scheduling update check in 5 minutes.
2023-12-03 02:19:10.405    app     info:    [server-manager] Starting refresh cycle for Tranquility
2023-12-03 02:19:10.543    app     info:    [server-manager] Previous Tranquility build: 2440374, current build: 2440374
2023-12-03 02:19:10.543    app     info:    [server-manager] Tranquility build is unchanged.
2023-12-03 02:19:10.547    app     info:    [server-manager] Ready to play!
2023-12-03 02:19:10.550    app     info:    [server-manager] Finished refresh cycle for Tranquility
2023-12-03 02:19:36.324    app     info:    [self-update] Checking for a launcher update...
2023-12-03 02:19:36.610    app     info:    [self-update] Currently running the latest launcher version. Scheduling update check in 5 minutes.
2023-12-03 02:24:10.569    app     info:    [server-manager] Starting refresh cycle for Tranquility
2023-12-03 02:24:10.677    app     info:    [server-manager] Previous Tranquility build: 2440374, current build: 2440374
2023-12-03 02:24:10.677    app     info:    [server-manager] Tranquility build is unchanged.
2023-12-03 02:24:10.681    app     info:    [server-manager] Ready to play!
2023-12-03 02:24:10.684    app     info:    [server-manager] Finished refresh cycle for Tranquility
2023-12-03 02:24:36.620    app     info:    [self-update] Checking for a launcher update...
2023-12-03 02:24:36.896    app     info:    [self-update] Currently running the latest launcher version. Scheduling update check in 5 minutes.
2023-12-03 02:29:10.701    app     info:    [server-manager] Starting refresh cycle for Tranquility
2023-12-03 02:29:10.803    app     info:    [server-manager] Previous Tranquility build: 2440374, current build: 2440374
2023-12-03 02:29:10.803    app     info:    [server-manager] Tranquility build is unchanged.
2023-12-03 02:29:10.807    app     info:    [server-manager] Ready to play!
2023-12-03 02:29:10.809    app     info:    [server-manager] Finished refresh cycle for Tranquility
2023-12-03 02:29:36.902    app     info:    [self-update] Checking for a launcher update...
2023-12-03 02:29:37.238    app     info:    [self-update] Currently running the latest launcher version. Scheduling update check in 5 minutes.
2023-12-03 02:34:10.823    app     info:    [server-manager] Starting refresh cycle for Tranquility
2023-12-03 02:34:10.936    app     info:    [server-manager] Previous Tranquility build: 2440374, current build: 2440374
2023-12-03 02:34:10.937    app     info:    [server-manager] Tranquility build is unchanged.
2023-12-03 02:34:10.941    app     info:    [server-manager] Ready to play!
2023-12-03 02:34:10.944    app     info:    [server-manager] Finished refresh cycle for Tranquility
2023-12-03 02:34:37.251    app     info:    [self-update] Checking for a launcher update...
2023-12-03 02:34:37.549    app     info:    [self-update] Currently running the latest launcher version. Scheduling update check in 5 minutes.
2023-12-03 02:39:10.951    app     info:    [server-manager] Starting refresh cycle for Tranquility
2023-12-03 02:39:11.052    app     info:    [server-manager] Previous Tranquility build: 2440374, current build: 2440374
2023-12-03 02:39:11.053    app     info:    [server-manager] Tranquility build is unchanged.
2023-12-03 02:39:11.062    app     info:    [server-manager] Ready to play!
2023-12-03 02:39:11.065    app     info:    [server-manager] Finished refresh cycle for Tranquility
2023-12-03 02:39:37.550    app     info:    [self-update] Checking for a launcher update...
2023-12-03 02:39:37.840    app     info:    [self-update] Currently running the latest launcher version. Scheduling update check in 5 minutes.
2023-12-03 02:44:11.078    app     info:    [server-manager] Starting refresh cycle for Tranquility
2023-12-03 02:44:11.204    app     info:    [server-manager] Previous Tranquility build: 2440374, current build: 2440374
2023-12-03 02:44:11.204    app     info:    [server-manager] Tranquility build is unchanged.
2023-12-03 02:44:11.208    app     info:    [server-manager] Ready to play!
2023-12-03 02:44:11.211    app     info:    [server-manager] Finished refresh cycle for Tranquility
2023-12-03 02:44:37.846    app     info:    [self-update] Checking for a launcher update...
2023-12-03 02:44:38.157    app     info:    [self-update] Currently running the latest launcher version. Scheduling update check in 5 minutes.
2023-12-03 02:49:11.221    app     info:    [server-manager] Starting refresh cycle for Tranquility
2023-12-03 02:49:11.364    app     info:    [server-manager] Previous Tranquility build: 2440374, current build: 2440374
2023-12-03 02:49:11.365    app     info:    [server-manager] Tranquility build is unchanged.
2023-12-03 02:49:11.374    app     info:    [server-manager] Ready to play!
2023-12-03 02:49:11.377    app     info:    [server-manager] Finished refresh cycle for Tranquility
2023-12-03 02:49:38.163    app     info:    [self-update] Checking for a launcher update...
2023-12-03 02:49:38.472    app     info:    [self-update] Currently running the latest launcher version. Scheduling update check in 5 minutes.
2023-12-03 02:54:11.388    app     info:    [server-manager] Starting refresh cycle for Tranquility
2023-12-03 02:54:11.484    app     info:    [server-manager] Previous Tranquility build: 2440374, current build: 2440374
2023-12-03 02:54:11.484    app     info:    [server-manager] Tranquility build is unchanged.
2023-12-03 02:54:11.489    app     info:    [server-manager] Ready to play!
2023-12-03 02:54:11.492    app     info:    [server-manager] Finished refresh cycle for Tranquility
2023-12-03 02:54:38.482    app     info:    [self-update] Checking for a launcher update...
2023-12-03 02:54:38.779    app     info:    [self-update] Currently running the latest launcher version. Scheduling update check in 5 minutes.
2023-12-03 02:59:11.494    app     info:    [server-manager] Starting refresh cycle for Tranquility
2023-12-03 02:59:11.607    app     info:    [server-manager] Previous Tranquility build: 2440374, current build: 2440374
2023-12-03 02:59:11.608    app     info:    [server-manager] Tranquility build is unchanged.
2023-12-03 02:59:11.621    app     info:    [server-manager] Ready to play!
2023-12-03 02:59:11.626    app     info:    [server-manager] Finished refresh cycle for Tranquility
2023-12-03 02:59:38.794    app     info:    [self-update] Checking for a launcher update...
2023-12-03 02:59:39.073    app     info:    [self-update] Currently running the latest launcher version. Scheduling update check in 5 minutes.
2023-12-03 03:04:11.636    app     info:    [server-manager] Starting refresh cycle for Tranquility
2023-12-03 03:04:11.734    app     info:    [server-manager] Previous Tranquility build: 2440374, current build: 2440374
2023-12-03 03:04:11.734    app     info:    [server-manager] Tranquility build is unchanged.
2023-12-03 03:04:11.737    app     info:    [server-manager] Ready to play!
2023-12-03 03:04:11.740    app     info:    [server-manager] Finished refresh cycle for Tranquility
2023-12-03 03:04:39.078    app     info:    [self-update] Checking for a launcher update...
2023-12-03 03:04:39.379    app     info:    [self-update] Currently running the latest launcher version. Scheduling update check in 5 minutes.
2023-12-03 03:09:11.759    app     info:    [server-manager] Starting refresh cycle for Tranquility
2023-12-03 03:09:11.873    app     info:    [server-manager] Previous Tranquility build: 2440374, current build: 2440374
2023-12-03 03:09:11.873    app     info:    [server-manager] Tranquility build is unchanged.
2023-12-03 03:09:11.886    app     info:    [server-manager] Ready to play!
2023-12-03 03:09:11.891    app     info:    [server-manager] Finished refresh cycle for Tranquility
2023-12-03 03:09:39.383    app     info:    [self-update] Checking for a launcher update...
2023-12-03 03:09:39.677    app     info:    [self-update] Currently running the latest launcher version. Scheduling update check in 5 minutes.
2023-12-03 03:14:11.904    app     info:    [server-manager] Starting refresh cycle for Tranquility
2023-12-03 03:14:12.012    app     info:    [server-manager] Previous Tranquility build: 2440374, current build: 2440374
2023-12-03 03:14:12.012    app     info:    [server-manager] Tranquility build is unchanged.
2023-12-03 03:14:12.017    app     info:    [server-manager] Ready to play!
2023-12-03 03:14:12.019    app     info:    [server-manager] Finished refresh cycle for Tranquility
2023-12-03 03:14:39.687    app     info:    [self-update] Checking for a launcher update...
2023-12-03 03:14:40.002    app     info:    [self-update] Currently running the latest launcher version. Scheduling update check in 5 minutes.
2023-12-03 03:19:12.023    app     info:    [server-manager] Starting refresh cycle for Tranquility
2023-12-03 03:19:12.128    app     info:    [server-manager] Previous Tranquility build: 2440374, current build: 2440374
2023-12-03 03:19:12.128    app     info:    [server-manager] Tranquility build is unchanged.
2023-12-03 03:19:12.133    app     info:    [server-manager] Ready to play!
2023-12-03 03:19:12.136    app     info:    [server-manager] Finished refresh cycle for Tranquility
2023-12-03 03:19:40.013    app     info:    [self-update] Checking for a launcher update...
2023-12-03 03:19:40.293    app     info:    [self-update] Currently running the latest launcher version. Scheduling update check in 5 minutes.
2023-12-03 03:24:12.148    app     info:    [server-manager] Starting refresh cycle for Tranquility
2023-12-03 03:24:12.255    app     info:    [server-manager] Previous Tranquility build: 2440374, current build: 2440374
2023-12-03 03:24:12.255    app     info:    [server-manager] Tranquility build is unchanged.
2023-12-03 03:24:12.259    app     info:    [server-manager] Ready to play!
2023-12-03 03:24:12.262    app     info:    [server-manager] Finished refresh cycle for Tranquility
2023-12-03 03:24:40.297    app     info:    [self-update] Checking for a launcher update...
2023-12-03 03:24:40.599    app     info:    [self-update] Currently running the latest launcher version. Scheduling update check in 5 minutes.
2023-12-03 03:29:12.266    app     info:    [server-manager] Starting refresh cycle for Tranquility
2023-12-03 03:29:12.370    app     info:    [server-manager] Previous Tranquility build: 2440374, current build: 2440374
2023-12-03 03:29:12.370    app     info:    [server-manager] Tranquility build is unchanged.
2023-12-03 03:29:12.375    app     info:    [server-manager] Ready to play!
2023-12-03 03:29:12.378    app     info:    [server-manager] Finished refresh cycle for Tranquility
2023-12-03 03:29:40.603    app     info:    [self-update] Checking for a launcher update...
2023-12-03 03:29:40.965    app     info:    [self-update] Currently running the latest launcher version. Scheduling update check in 5 minutes.
2023-12-03 03:34:12.389    app     info:    [server-manager] Starting refresh cycle for Tranquility
2023-12-03 03:34:12.514    app     info:    [server-manager] Previous Tranquility build: 2440374, current build: 2440374
2023-12-03 03:34:12.515    app     info:    [server-manager] Tranquility build is unchanged.
2023-12-03 03:34:12.519    app     info:    [server-manager] Ready to play!
2023-12-03 03:34:12.522    app     info:    [server-manager] Finished refresh cycle for Tranquility
2023-12-03 03:34:40.972    app     info:    [self-update] Checking for a launcher update...
2023-12-03 03:34:41.275    app     info:    [self-update] Currently running the latest launcher version. Scheduling update check in 5 minutes.
2023-12-03 03:39:12.528    app     info:    [server-manager] Starting refresh cycle for Tranquility
2023-12-03 03:39:12.629    app     info:    [server-manager] Previous Tranquility build: 2440374, current build: 2440374
2023-12-03 03:39:12.629    app     info:    [server-manager] Tranquility build is unchanged.
2023-12-03 03:39:12.633    app     info:    [server-manager] Ready to play!
2023-12-03 03:39:12.635    app     info:    [server-manager] Finished refresh cycle for Tranquility
2023-12-03 03:39:41.275    app     info:    [self-update] Checking for a launcher update...
2023-12-03 03:39:41.577    app     info:    [self-update] Currently running the latest launcher version. Scheduling update check in 5 minutes.
2023-12-03 03:44:12.644    app     info:    [server-manager] Starting refresh cycle for Tranquility
2023-12-03 03:44:12.759    app     info:    [server-manager] Previous Tranquility build: 2440374, current build: 2440374
2023-12-03 03:44:12.759    app     info:    [server-manager] Tranquility build is unchanged.
2023-12-03 03:44:12.763    app     info:    [server-manager] Ready to play!
2023-12-03 03:44:12.765    app     info:    [server-manager] Finished refresh cycle for Tranquility
2023-12-03 03:44:41.578    app     info:    [self-update] Checking for a launcher update...
2023-12-03 03:44:41.885    app     info:    [self-update] Currently running the latest launcher version. Scheduling update check in 5 minutes.
2023-12-03 03:49:12.775    app     info:    [server-manager] Starting refresh cycle for Tranquility
2023-12-03 03:49:12.888    app     info:    [server-manager] Previous Tranquility build: 2440374, current build: 2440374
2023-12-03 03:49:12.889    app     info:    [server-manager] Tranquility build is unchanged.
2023-12-03 03:49:12.893    app     info:    [server-manager] Ready to play!
2023-12-03 03:49:12.896    app     info:    [server-manager] Finished refresh cycle for Tranquility
2023-12-03 03:49:41.901    app     info:    [self-update] Checking for a launcher update...
2023-12-03 03:49:42.223    app     info:    [self-update] Currently running the latest launcher version. Scheduling update check in 5 minutes.
2023-12-03 03:54:12.905    app     info:    [server-manager] Starting refresh cycle for Tranquility
2023-12-03 03:54:13.017    app     info:    [server-manager] Previous Tranquility build: 2440374, current build: 2440374
2023-12-03 03:54:13.017    app     info:    [server-manager] Tranquility build is unchanged.
2023-12-03 03:54:13.022    app     info:    [server-manager] Ready to play!
2023-12-03 03:54:13.024    app     info:    [server-manager] Finished refresh cycle for Tranquility
2023-12-03 03:54:42.232    app     info:    [self-update] Checking for a launcher update...
2023-12-03 03:54:42.514    app     info:    [self-update] Currently running the latest launcher version. Scheduling update check in 5 minutes.
2023-12-03 03:59:13.041    app     info:    [server-manager] Starting refresh cycle for Tranquility
2023-12-03 03:59:13.161    app     info:    [server-manager] Previous Tranquility build: 2440374, current build: 2440374
2023-12-03 03:59:13.162    app     info:    [server-manager] Tranquility build is unchanged.
2023-12-03 03:59:13.166    app     info:    [server-manager] Ready to play!
2023-12-03 03:59:13.169    app     info:    [server-manager] Finished refresh cycle for Tranquility
2023-12-03 03:59:42.518    app     info:    [self-update] Checking for a launcher update...
2023-12-03 03:59:42.810    app     info:    [self-update] Currently running the latest launcher version. Scheduling update check in 5 minutes.
2023-12-03 04:03:12.052    app     info:    [tray] Quitting application from tray
2023-12-03 04:03:12.054    app     info:    Application quitting. Cleanup needed: true
2023-12-03 04:03:12.056    app     info:    [elg-events] Sending event    eve_launcher.electron.application.LauncherShutdown
2023-12-03 04:03:12.058    app     info:    app.quit called, but we are still sending ELG events.
2023-12-03 04:03:12.666    app     info:    ELG stream closed, quitting.
2023-12-03 04:03:12.668    app     info:    [main-window] Main window closing    { windowId: 2 }
2023-12-03 04:03:12.685    app     info:    Application closed    0
