2023-12-26 16:27:41.603    app     info:    Startup arguments    []
2023-12-26 16:27:41.608    app     info:    [self-update] Starting automatic update checks
2023-12-26 16:27:41.608    app     info:    [self-update] Waiting for update feed before starting update checks
2023-12-26 16:27:41.611    app     info:    [preload] High DPI scaling enabled by settings
2023-12-26 16:27:41.744    app     info:    [i18next] Changed language    en
2023-12-26 16:27:41.847    app     info:    [authentication] Token for '16492377' on 'tranquility' is expired, refresh is required
2023-12-26 16:27:41.847    app     info:    [authentication] Refreshing token for '16492377' on 'tranquility'
2023-12-26 16:27:41.848    app     info:    [authentication] Token for '17525312' on 'tranquility' is expired, refresh is required
2023-12-26 16:27:41.848    app     info:    [authentication] Refreshing token for '17525312' on 'tranquility'
2023-12-26 16:27:41.848    app     info:    [authentication] Token for '25218835' on 'tranquility' is expired, refresh is required
2023-12-26 16:27:41.848    app     info:    [authentication] Refreshing token for '25218835' on 'tranquility'
2023-12-26 16:27:41.849    app     info:    [customer-information] Getting character information for '29280260' on 'tranquility'
2023-12-26 16:27:41.850    app     info:    [customer-information] Getting Omega status for '29280260' on 'tranquility'
2023-12-26 16:27:41.850    app     info:    [virtual-goods] Getting Plex status for '29280260' on 'tranquility'
2023-12-26 16:27:41.852    app     info:    [customer-information] Getting character information for '29285645' on 'tranquility'
2023-12-26 16:27:41.852    app     info:    [customer-information] Getting Omega status for '29285645' on 'tranquility'
2023-12-26 16:27:41.852    app     info:    [virtual-goods] Getting Plex status for '29285645' on 'tranquility'
2023-12-26 16:27:41.853    app     info:    [authentication] Token for '18034259' on 'tranquility' is expired, refresh is required
2023-12-26 16:27:41.853    app     info:    [authentication] Refreshing token for '18034259' on 'tranquility'
2023-12-26 16:27:41.853    app     info:    [authentication] Token for '28182799' on 'tranquility' is expired, refresh is required
2023-12-26 16:27:41.853    app     info:    [authentication] Refreshing token for '28182799' on 'tranquility'
2023-12-26 16:27:41.854    app     info:    [authentication] Token for '2110311' on 'tranquility' is expired, refresh is required
2023-12-26 16:27:41.854    app     info:    [authentication] Refreshing token for '2110311' on 'tranquility'
2023-12-26 16:27:41.854    app     info:    [authentication] Token for '23622903' on 'tranquility' is expired, refresh is required
2023-12-26 16:27:41.855    app     info:    [authentication] Refreshing token for '23622903' on 'tranquility'
2023-12-26 16:27:41.855    app     info:    [authentication] Token for '26239201' on 'tranquility' is expired, refresh is required
2023-12-26 16:27:41.855    app     info:    [authentication] Refreshing token for '26239201' on 'tranquility'
2023-12-26 16:27:41.855    app     info:    [authentication] Token for '18922386' on 'tranquility' is expired, refresh is required
2023-12-26 16:27:41.855    app     info:    [authentication] Refreshing token for '18922386' on 'tranquility'
2023-12-26 16:27:41.856    app     info:    [authentication] Token for '18000247' on 'tranquility' is expired, refresh is required
2023-12-26 16:27:41.856    app     info:    [authentication] Refreshing token for '18000247' on 'tranquility'
2023-12-26 16:27:41.856    app     info:    [authentication] Token for '13595732' on 'tranquility' is expired, refresh is required
2023-12-26 16:27:41.856    app     info:    [authentication] Refreshing token for '13595732' on 'tranquility'
2023-12-26 16:27:41.857    app     info:    [authentication] Token for '15136212' on 'tranquility' is expired, refresh is required
2023-12-26 16:27:41.857    app     info:    [authentication] Refreshing token for '15136212' on 'tranquility'
2023-12-26 16:27:41.857    app     info:    [device-id] Device id found in state
2023-12-26 16:27:41.863    app     info:    [analytics] Application name:    EVE Online
2023-12-26 16:27:41.864    app     info:    [analytics] Application version:    1.2.0
2023-12-26 16:27:41.864    app     info:    [analytics] Domain    undefined
2023-12-26 16:27:41.864    app     info:    [analytics] Working directory    C:\Users\REDACTED\AppData\Local\eve-online\app-1.2.0
2023-12-26 16:27:41.865    app     info:    [analytics] Username contains UTF8?    false
2023-12-26 16:27:42.227    app     info:    [elg-events] Sending event    eve_launcher.electron.application.PdmLoaded
2023-12-26 16:27:42.233    app     info:    [analytics] Operating system    {
  type: 'Windows',
  name: 'Windows 10 Education',
  version: '10.0 (19045)'
}
2023-12-26 16:27:42.235    app     info:    [analytics] Encryption available:    true
2023-12-26 16:27:42.235    app     info:    [analytics] Machine UUID    4E9F516C-5B97-47C6-8C67-E93D943CB7C8
2023-12-26 16:27:42.235    app     info:    [analytics] PDM Version    2.1.4
2023-12-26 16:27:42.235    app     info:    [analytics] Release channel    release
2023-12-26 16:27:42.240    app     info:    [initializers] Shared cache directory set to    C:\CCP\EVE Online
2023-12-26 16:27:42.266    app     info:    [initializers] Shared cache drive free space: 70,37 GiB / 465,75 GiB
2023-12-26 16:27:42.274    app     info:    [elg-events] Sending event    eve_launcher.electron.application.LauncherStarted
2023-12-26 16:27:42.277    app     info:    [elg-events] Sending event    eve_launcher.electron.application.CoreDataLoaded
2023-12-26 16:27:42.278    app     info:    [cdn-trace] Fetching CDN trace data from https://binaries.eveonline.com/cdn-cgi/trace
2023-12-26 16:27:42.293    app     info:    [feature-flags] Initializing feature flag client
2023-12-26 16:27:42.402    app     info:    [first-run] First application run was at 2023-11-27T10:29:20.506Z
2023-12-26 16:27:42.453    app     info:    [cache-protocol] Found 0 entries to remove
2023-12-26 16:27:42.453    app     info:    [cache-protocol] Nothing to clean up.
2023-12-26 16:27:42.493    app     info:    [server-manager] Starting refresh cycle for eve-online / Tranquility
2023-12-26 16:27:42.501    app     info:    [virtual-goods] Fetched Plex status for '29280260' on 'tranquility'
2023-12-26 16:27:42.509    app     info:    [esi] Fetching character details for 2121878074
2023-12-26 16:27:42.522    app     info:    [virtual-goods] Fetched Plex status for '29285645' on 'tranquility'
2023-12-26 16:27:42.537    app     info:    [esi] Fetching character details for 2121853336
2023-12-26 16:27:42.553    app     info:    [customer-information] Agreements have been updated
2023-12-26 16:27:42.604    app     info:    info: [LaunchDarkly] LaunchDarkly client initialized    []
2023-12-26 16:27:42.605    app     info:    info: [LaunchDarkly] Opening stream connection to https://clientstream.launchdarkly.com/eval/64c3d12e27a4b11365012d39/eyJrZXkiOiI0YTQzNmFkYi00Yjk5LTQwYTctODViMC00MmUyMDZmNDEyODYiLCJraW5kIjoidXNlciIsImN1c3RvbSI6eyJpc0ZpcnN0UnVuIjpmYWxzZSwiZGF5c1NpbmNlRmlyc3RSdW4iOjI5LCJsYW5ndWFnZSI6ImVuIiwiYXBwbGljYXRpb24iOiJldmUtb25saW5lIiwidmVyc2lvbiI6IjEuMi4wIiwicGxhdGZvcm0iOiJ3aW5kb3dzIiwib3NWZXJzaW9uRGVwcmVjYXRlZCI6ZmFsc2UsInVzZXJJZHMiOlsxNjQ5MjM3NywxNTEzNjIxMiwyMTEwMzExLDI5Mjg1NjQ1XSwib21lZ2FDb3VudCI6MCwiYWxwaGFDb3VudCI6MTQsImFjY291bnRDb3VudCI6MTQsIm9sZGVzdEFjY291bnRBZ2UiOjYwMTIsInlvdW5nZXN0QWNjb3VudEFnZSI6MjV9fQ?withReasons=true    []
2023-12-26 16:27:42.606    app     info:    [feature-flags] Client 4a436adb... ready, fetching flags
2023-12-26 16:27:42.610    app     info:    [feature-flags] Received 18 flags for client 4a436adb...
2023-12-26 16:27:42.610    app     info:    [feature-flags] Client initialized with key 4a436adb...
2023-12-26 16:27:42.611    app     info:    [self-update] Update feed set, starting update checks
2023-12-26 16:27:42.611    app     info:    [self-update] Starting automatic update checks
2023-12-26 16:27:42.612    app     info:    [self-update] Checking for a launcher update...
2023-12-26 16:27:42.649    app     info:    [authentication] Token for '13595732' on 'tranquility' has been successfully refreshed
2023-12-26 16:27:42.651    app     info:    [elg-events] Sending event    eve_launcher.electron.authentication.UserTokensRefreshed
2023-12-26 16:27:42.652    app     info:    [customer-information] Getting character information for '13595732' on 'tranquility'
2023-12-26 16:27:42.653    app     info:    [customer-information] Getting Omega status for '13595732' on 'tranquility'
2023-12-26 16:27:42.653    app     info:    [virtual-goods] Getting Plex status for '13595732' on 'tranquility'
2023-12-26 16:27:42.665    app     info:    [authentication] Token for '23622903' on 'tranquility' has been successfully refreshed
2023-12-26 16:27:42.666    app     info:    [elg-events] Sending event    eve_launcher.electron.authentication.UserTokensRefreshed
2023-12-26 16:27:42.668    app     info:    [customer-information] Getting character information for '23622903' on 'tranquility'
2023-12-26 16:27:42.668    app     info:    [customer-information] Getting Omega status for '23622903' on 'tranquility'
2023-12-26 16:27:42.668    app     info:    [virtual-goods] Getting Plex status for '23622903' on 'tranquility'
2023-12-26 16:27:42.678    app     info:    [authentication] Token for '18034259' on 'tranquility' has been successfully refreshed
2023-12-26 16:27:42.679    app     info:    [elg-events] Sending event    eve_launcher.electron.authentication.UserTokensRefreshed
2023-12-26 16:27:42.681    app     info:    [customer-information] Getting character information for '18034259' on 'tranquility'
2023-12-26 16:27:42.681    app     info:    [customer-information] Getting Omega status for '18034259' on 'tranquility'
2023-12-26 16:27:42.681    app     info:    [virtual-goods] Getting Plex status for '18034259' on 'tranquility'
2023-12-26 16:27:42.699    app     info:    [authentication] Token for '25218835' on 'tranquility' has been successfully refreshed
2023-12-26 16:27:42.702    app     info:    [elg-events] Sending event    eve_launcher.electron.authentication.UserTokensRefreshed
2023-12-26 16:27:42.704    app     info:    [customer-information] Getting character information for '25218835' on 'tranquility'
2023-12-26 16:27:42.705    app     info:    [customer-information] Getting Omega status for '25218835' on 'tranquility'
2023-12-26 16:27:42.705    app     info:    [virtual-goods] Getting Plex status for '25218835' on 'tranquility'
2023-12-26 16:27:42.718    app     info:    [authentication] Token for '2110311' on 'tranquility' has been successfully refreshed
2023-12-26 16:27:42.720    app     info:    [elg-events] Sending event    eve_launcher.electron.authentication.UserTokensRefreshed
2023-12-26 16:27:42.722    app     info:    [customer-information] Getting character information for '2110311' on 'tranquility'
2023-12-26 16:27:42.722    app     info:    [customer-information] Getting Omega status for '2110311' on 'tranquility'
2023-12-26 16:27:42.722    app     info:    [virtual-goods] Getting Plex status for '2110311' on 'tranquility'
2023-12-26 16:27:42.734    app     info:    [authentication] Token for '16492377' on 'tranquility' has been successfully refreshed
2023-12-26 16:27:42.736    app     info:    [elg-events] Sending event    eve_launcher.electron.authentication.UserTokensRefreshed
2023-12-26 16:27:42.738    app     info:    [customer-information] Getting character information for '16492377' on 'tranquility'
2023-12-26 16:27:42.738    app     info:    [customer-information] Getting Omega status for '16492377' on 'tranquility'
2023-12-26 16:27:42.738    app     info:    [virtual-goods] Getting Plex status for '16492377' on 'tranquility'
2023-12-26 16:27:42.748    app     info:    [authentication] Token for '15136212' on 'tranquility' has been successfully refreshed
2023-12-26 16:27:42.749    app     info:    [elg-events] Sending event    eve_launcher.electron.authentication.UserTokensRefreshed
2023-12-26 16:27:42.750    app     info:    [customer-information] Getting character information for '15136212' on 'tranquility'
2023-12-26 16:27:42.751    app     info:    [customer-information] Getting Omega status for '15136212' on 'tranquility'
2023-12-26 16:27:42.751    app     info:    [virtual-goods] Getting Plex status for '15136212' on 'tranquility'
2023-12-26 16:27:42.762    app     info:    [authentication] Token for '17525312' on 'tranquility' has been successfully refreshed
2023-12-26 16:27:42.763    app     info:    [elg-events] Sending event    eve_launcher.electron.authentication.UserTokensRefreshed
2023-12-26 16:27:42.764    app     info:    [customer-information] Getting character information for '17525312' on 'tranquility'
2023-12-26 16:27:42.764    app     info:    [customer-information] Getting Omega status for '17525312' on 'tranquility'
2023-12-26 16:27:42.765    app     info:    [virtual-goods] Getting Plex status for '17525312' on 'tranquility'
2023-12-26 16:27:42.775    app     info:    [authentication] Token for '18922386' on 'tranquility' has been successfully refreshed
2023-12-26 16:27:42.777    app     info:    [elg-events] Sending event    eve_launcher.electron.authentication.UserTokensRefreshed
2023-12-26 16:27:42.778    app     info:    [customer-information] Getting character information for '18922386' on 'tranquility'
2023-12-26 16:27:42.778    app     info:    [customer-information] Getting Omega status for '18922386' on 'tranquility'
2023-12-26 16:27:42.778    app     info:    [virtual-goods] Getting Plex status for '18922386' on 'tranquility'
2023-12-26 16:27:42.789    app     info:    [authentication] Token for '26239201' on 'tranquility' has been successfully refreshed
2023-12-26 16:27:42.791    app     info:    [elg-events] Sending event    eve_launcher.electron.authentication.UserTokensRefreshed
2023-12-26 16:27:42.792    app     info:    [customer-information] Getting character information for '26239201' on 'tranquility'
2023-12-26 16:27:42.792    app     info:    [customer-information] Getting Omega status for '26239201' on 'tranquility'
2023-12-26 16:27:42.792    app     info:    [virtual-goods] Getting Plex status for '26239201' on 'tranquility'
2023-12-26 16:27:42.803    app     info:    [authentication] Token for '18000247' on 'tranquility' has been successfully refreshed
2023-12-26 16:27:42.804    app     info:    [elg-events] Sending event    eve_launcher.electron.authentication.UserTokensRefreshed
2023-12-26 16:27:42.806    app     info:    [customer-information] Getting character information for '18000247' on 'tranquility'
2023-12-26 16:27:42.806    app     info:    [customer-information] Getting Omega status for '18000247' on 'tranquility'
2023-12-26 16:27:42.806    app     info:    [virtual-goods] Getting Plex status for '18000247' on 'tranquility'
2023-12-26 16:27:42.817    app     info:    [authentication] Token for '28182799' on 'tranquility' has been successfully refreshed
2023-12-26 16:27:42.819    app     info:    [elg-events] Sending event    eve_launcher.electron.authentication.UserTokensRefreshed
2023-12-26 16:27:42.820    app     info:    [customer-information] Getting character information for '28182799' on 'tranquility'
2023-12-26 16:27:42.820    app     info:    [customer-information] Getting Omega status for '28182799' on 'tranquility'
2023-12-26 16:27:42.820    app     info:    [virtual-goods] Getting Plex status for '28182799' on 'tranquility'
2023-12-26 16:27:42.829    app     info:    [AuthenticationMiddleware] Successfully restored 16 / 16 users
2023-12-26 16:27:42.837    app     info:    [server-manager] Previous Tranquility build: 2454674, current build: 2454674
2023-12-26 16:27:42.837    app     info:    [server-manager] Tranquility build is unchanged.
2023-12-26 16:27:42.842    app     info:    [server-manager] Ready to play!
2023-12-26 16:27:42.845    app     info:    [server-manager] Finished refresh cycle for Tranquility
2023-12-26 16:27:42.922    app     info:    [virtual-goods] Fetched Plex status for '13595732' on 'tranquility'
2023-12-26 16:27:42.929    app     info:    [virtual-goods] Fetched Plex status for '23622903' on 'tranquility'
2023-12-26 16:27:42.942    app     info:    [esi] Fetching character details for 96988050, 2121927031
2023-12-26 16:27:42.952    app     info:    [esi] Fetching character details for 2113875139, 2121174871
2023-12-26 16:27:42.962    app     info:    [esi] Fetching character details for 2121174545
2023-12-26 16:27:42.970    app     info:    [esi] Fetching character details for 2115031890, 2121177973
2023-12-26 16:27:42.984    app     info:    [esi] Fetching character details for 578564394, 2115457291
2023-12-26 16:27:43.004    app     info:    [esi] Fetching character details for 2121178171
2023-12-26 16:27:43.019    app     info:    [esi] Fetching character details for 2118248041, 2121175776
2023-12-26 16:27:43.053    app     info:    [esi] Fetching character details for 2115479508
2023-12-26 16:27:43.061    app     info:    [esi] Fetching character details for 2121891348
2023-12-26 16:27:43.073    app     info:    [AuthenticationMiddleware] User information updated
2023-12-26 16:27:43.090    app     info:    [AuthenticationMiddleware] User information updated
2023-12-26 16:27:43.093    app     info:    [esi] Fetching character details for 2112895302, 2121927552
2023-12-26 16:27:43.103    app     info:    [esi] Fetching character details for 2114656127, 2121178396
2023-12-26 16:27:43.124    app     info:    [self-update] Currently running the latest launcher version. Scheduling update check in 5 minutes.
2023-12-26 16:27:43.130    app     info:    [virtual-goods] Fetched Plex status for '2110311' on 'tranquility'
2023-12-26 16:27:43.135    app     info:    [AuthenticationMiddleware] User information updated
2023-12-26 16:27:43.135    app     info:    [virtual-goods] Fetched Plex status for '18034259' on 'tranquility'
2023-12-26 16:27:43.140    app     info:    [AuthenticationMiddleware] User information updated
2023-12-26 16:27:43.141    app     info:    [virtual-goods] Fetched Plex status for '26239201' on 'tranquility'
2023-12-26 16:27:43.146    app     info:    [AuthenticationMiddleware] User information updated
2023-12-26 16:27:43.147    app     info:    [virtual-goods] Fetched Plex status for '28182799' on 'tranquility'
2023-12-26 16:27:43.152    app     info:    [AuthenticationMiddleware] User information updated
2023-12-26 16:27:43.153    app     info:    [virtual-goods] Fetched Plex status for '18000247' on 'tranquility'
2023-12-26 16:27:43.159    app     info:    [AuthenticationMiddleware] User information updated
2023-12-26 16:27:43.162    app     info:    [virtual-goods] Fetched Plex status for '17525312' on 'tranquility'
2023-12-26 16:27:43.168    app     info:    [AuthenticationMiddleware] User information updated
2023-12-26 16:27:43.169    app     info:    [virtual-goods] Fetched Plex status for '18922386' on 'tranquility'
2023-12-26 16:27:43.174    app     info:    [AuthenticationMiddleware] User information updated
2023-12-26 16:27:43.248    app     info:    [virtual-goods] Fetched Plex status for '25218835' on 'tranquility'
2023-12-26 16:27:43.255    app     info:    [esi] Fetching character details for 2119361891, 2120347635
2023-12-26 16:27:43.262    app     info:    [AuthenticationMiddleware] User information updated
2023-12-26 16:27:43.310    app     info:    [esi] Fetched 1 character details for 29285645
2023-12-26 16:27:43.416    app     warn:    [steam-auth] Failed to initialize Steamworks client
2023-12-26 16:27:43.421    app     info:    [main-window] Registering main window    { windowId: 2 }
2023-12-26 16:27:43.441    app     info:    [cdn-trace] Fetching CDN trace data from https://binaries.eveonline.com/cdn-cgi/trace
2023-12-26 16:27:43.442    app     info:    [creatives] Requesting creatives
2023-12-26 16:27:43.448    app     info:    [elg-events] Sending event    eve_launcher.electron.application.RendererLoaded
2023-12-26 16:27:43.450    app     info:    [esi] Fetched 1 character details for 29280260
2023-12-26 16:27:43.456    app     info:    [virtual-goods] Fetched Plex status for '15136212' on 'tranquility'
2023-12-26 16:27:43.461    app     info:    [AuthenticationMiddleware] User information updated
2023-12-26 16:27:43.463    app     info:    [virtual-goods] Fetched Plex status for '16492377' on 'tranquility'
2023-12-26 16:27:43.469    app     info:    [AuthenticationMiddleware] User information updated
2023-12-26 16:27:43.515    app     info:    [esi] Fetched 2 character details for 13595732
2023-12-26 16:27:43.544    app     info:    [esi] Fetched 1 character details for 28182799
2023-12-26 16:27:43.550    app     info:    [esi] Fetched 2 character details for 16492377
2023-12-26 16:27:43.562    app     info:    [esi] Fetched 1 character details for 26239201
2023-12-26 16:27:43.564    app     info:    [esi] Fetched 1 character details for 18000247
2023-12-26 16:27:43.567    app     info:    [esi] Fetched 1 character details for 18922386
2023-12-26 16:27:43.572    app     info:    [creatives] Received 2 creatives
2023-12-26 16:27:43.590    app     info:    [esi] Fetched 2 character details for 17525312
2023-12-26 16:27:43.600    app     info:    [esi] Fetched 2 character details for 23622903
2023-12-26 16:27:43.623    app     info:    [esi] Fetched 2 character details for 15136212
2023-12-26 16:27:43.649    app     info:    [esi] Fetched 2 character details for 18034259
2023-12-26 16:27:43.651    app     info:    [esi] Fetched 2 character details for 2110311
2023-12-26 16:27:43.691    app     info:    [esi] Fetched 2 character details for 25218835
2023-12-26 16:27:44.594     ui     info:    Initializing captcha    ccp://launcher/renderer/main_window/index.js    2
2023-12-26 16:27:48.473    app     info:    [analytics] Hardware rendering enabled:    true    { disabledViaCommandline: false, disabledViaSettings: false }
2023-12-26 16:28:06.542    app     info:    [AuthenticationMiddleware] Character information for '16492377' on 'tranquility' was loaded recently, skipping refresh.
2023-12-26 16:28:06.542    app     info:    [AuthenticationMiddleware] Plex information for '16492377' on 'tranquility' was loaded recently, skipping refresh.
2023-12-26 16:28:08.445    app     info:    [client-queue] Queued client startup    {
  product: 'eve-online',
  tenant: 'tranquility',
  userId: 16492377,
  characterId: 2121174871,
  profile: ''
}
2023-12-26 16:28:08.448    app     info:    [elg-events] Sending event    eve_launcher.electron.eve_client.ClientQueued
2023-12-26 16:28:08.455    app     info:    [client-queue] No clients running for tranquility, copying files before starting a client
2023-12-26 16:28:08.460    app     info:    [elg-events] Sending event    eve_launcher.electron.eve_client.CopyingFilesStarted
2023-12-26 16:28:08.461    app     info:    [binary-copier] Copying 194 files (216 MB) to 'C:\CCP\EVE Online\tq'
2023-12-26 16:28:08.486    app     info:    [binary-copier] Removing old binaries
2023-12-26 16:28:08.500    app     info:    [binary-copier] Copying binaries from ResFiles
2023-12-26 16:28:08.909    app     info:    [binary-copier] Finished copying 194 files to 'C:\CCP\EVE Online\tq' in 0.450 seconds
2023-12-26 16:28:08.911    app     info:    [elg-events] Sending event    eve_launcher.electron.eve_client.CopyingFilesFinished
2023-12-26 16:28:08.917    app     info:    [client-manager] Starting EVE Online game client.    C:\CCP\EVE Online\tq\bin64\exefile.exe    Map(11) {
  'noconsole' => '/noconsole',
  'server' => '/server:tranquility.servers.eveonline.com',
  'triplatform' => '/triplatform=dx12',
  'ssotoken' => '/ssoToken=***',
  'refreshtoken' => '/refreshToken=***',
  'settingsprofile' => '/settingsprofile=Default',
  'deviceid' => '/deviceID=4a436adb-4b99-40a7-85b0-42e206f41286',
  'autoselectcharacter' => '/autoSelectCharacter:2121174871',
  'language' => '/language=en',
  'exp' => '1703608661',
  'tokenExpires' => '2023-12-26 18:37:41.000'
}    16492377
2023-12-26 16:28:08.954    app     info:    [client-queue] Started client from group startup    {
  product: 'eve-online',
  tenant: 'tranquility',
  characterId: 2121174871,
  profile: '',
  userId: 16492377
}
2023-12-26 16:28:09.025    app     info:    [quasar-events] Sent 'eve_launcher.electron.eve_client.GameClientStartRequested'
2023-12-26 16:28:09.026    app     info:    [quasar-events] Sent 'eve_launcher.electron.eve_client.TemporaryClientProcessAdded'
2023-12-26 16:28:09.472    app     info:    [client-manager] Found 'tranquility' client for '16492377' running:     {
  processId: 10968,
  createdDate: 1703608089256,
  userId: 16492377,
  characterId: 2121174871,
  profile: 'Default',
  dxVersion: 'dx12'
}
2023-12-26 16:28:09.582    app     info:    [quasar-events] Sent 'eve_launcher.electron.eve_client.TemporaryClientProcessMonitoringRetried'
2023-12-26 16:28:09.582    app     info:    [quasar-events] Sent 'eve_launcher.electron.eve_client.GameClientStarted'
2023-12-26 16:28:09.582    app     info:    [quasar-events] Sent 'eve_launcher.electron.eve_client.TemporaryClientProcessRemoved'
2023-12-26 16:28:09.970    app     info:    [client-queue] Queue has stopped running, no more clients pending startup.
2023-12-26 16:28:12.508    app     warn:    Could not connect to LogLite    [
  Error: connect ECONNREFUSED 127.0.0.1:3273
      at TCPConnectWrap.afterConnect [as oncomplete] (node:net:1247:16) {
    errno: -4078,
    code: 'ECONNREFUSED',
    syscall: 'connect',
    address: '127.0.0.1',
    port: 3273
  }
]
2023-12-26 16:28:12.608    app     info:    [AuthenticationMiddleware] Character information for '17525312' on 'tranquility' was loaded recently, skipping refresh.
2023-12-26 16:28:12.609    app     info:    [AuthenticationMiddleware] Plex information for '17525312' on 'tranquility' was loaded recently, skipping refresh.
2023-12-26 16:28:14.771    app     info:    [client-queue] Queued client startup    {
  product: 'eve-online',
  tenant: 'tranquility',
  userId: 17525312,
  characterId: 2121178396,
  profile: ''
}
2023-12-26 16:28:14.773    app     info:    [elg-events] Sending event    eve_launcher.electron.eve_client.ClientQueued
2023-12-26 16:28:14.779    app     info:    [client-manager] Starting EVE Online game client.    C:\CCP\EVE Online\tq\bin64\exefile.exe    Map(11) {
  'noconsole' => '/noconsole',
  'server' => '/server:tranquility.servers.eveonline.com',
  'triplatform' => '/triplatform=dx12',
  'ssotoken' => '/ssoToken=***',
  'refreshtoken' => '/refreshToken=***',
  'settingsprofile' => '/settingsprofile=Default',
  'deviceid' => '/deviceID=4a436adb-4b99-40a7-85b0-42e206f41286',
  'autoselectcharacter' => '/autoSelectCharacter:2121178396',
  'language' => '/language=en',
  'exp' => '1703608661',
  'tokenExpires' => '2023-12-26 18:37:41.000'
}    17525312
2023-12-26 16:28:14.813    app     info:    [client-queue] Started client from group startup    {
  product: 'eve-online',
  tenant: 'tranquility',
  characterId: 2121178396,
  profile: '',
  userId: 17525312
}
2023-12-26 16:28:14.886    app     info:    [quasar-events] Sent 'eve_launcher.electron.eve_client.GameClientStartRequested'
2023-12-26 16:28:14.886    app     info:    [quasar-events] Sent 'eve_launcher.electron.eve_client.TemporaryClientProcessAdded'
2023-12-26 16:28:15.326    app     info:    [client-manager] Found 'tranquility' client for '17525312' running:     {
  processId: 12048,
  createdDate: 1703608094823,
  userId: 17525312,
  characterId: 2121178396,
  profile: 'Default',
  dxVersion: 'dx12'
}
2023-12-26 16:28:15.429    app     info:    [quasar-events] Sent 'eve_launcher.electron.eve_client.TemporaryClientProcessMonitoringRetried'
2023-12-26 16:28:15.429    app     info:    [quasar-events] Sent 'eve_launcher.electron.eve_client.GameClientStarted'
2023-12-26 16:28:15.429    app     info:    [quasar-events] Sent 'eve_launcher.electron.eve_client.TemporaryClientProcessRemoved'
2023-12-26 16:28:15.819    app     info:    [client-queue] Queue has stopped running, no more clients pending startup.
2023-12-26 16:32:42.872    app     info:    [server-manager] Starting refresh cycle for eve-online / Tranquility
2023-12-26 16:32:43.095    app     info:    [server-manager] Previous Tranquility build: 2454674, current build: 2454674
2023-12-26 16:32:43.095    app     info:    [server-manager] Tranquility build is unchanged.
2023-12-26 16:32:43.100    app     info:    [server-manager] Ready to play!
2023-12-26 16:32:43.104    app     info:    [server-manager] Finished refresh cycle for Tranquility
2023-12-26 16:32:43.150    app     info:    [self-update] Checking for a launcher update...
2023-12-26 16:32:43.438    app     info:    [self-update] Currently running the latest launcher version. Scheduling update check in 5 minutes.
2023-12-26 16:33:26.221    app     info:    [elg-events] ELG connection closed with ECONNRESET, restarting connection in 30s
2023-12-26 16:37:43.114    app     info:    [server-manager] Starting refresh cycle for eve-online / Tranquility
2023-12-26 16:37:43.259    app     info:    [server-manager] Previous Tranquility build: 2454674, current build: 2454674
2023-12-26 16:37:43.259    app     info:    [server-manager] Tranquility build is unchanged.
2023-12-26 16:37:43.265    app     info:    [server-manager] Ready to play!
2023-12-26 16:37:43.268    app     info:    [server-manager] Finished refresh cycle for Tranquility
2023-12-26 16:37:43.452    app     info:    [self-update] Checking for a launcher update...
2023-12-26 16:37:43.735    app     info:    [self-update] Currently running the latest launcher version. Scheduling update check in 5 minutes.
2023-12-26 16:38:50.736    app     info:    [client-manager] 'tranquility' for EVE game client for '17525312' exited with no errors.
2023-12-26 16:38:50.852    app     info:    [quasar-events] Sent 'eve_launcher.electron.eve_client.GameClientExited'
2023-12-26 16:42:43.283    app     info:    [server-manager] Starting refresh cycle for eve-online / Tranquility
2023-12-26 16:42:43.412    app     info:    [server-manager] Previous Tranquility build: 2454674, current build: 2454674
2023-12-26 16:42:43.412    app     info:    [server-manager] Tranquility build is unchanged.
2023-12-26 16:42:43.417    app     info:    [server-manager] Ready to play!
2023-12-26 16:42:43.420    app     info:    [server-manager] Finished refresh cycle for Tranquility
2023-12-26 16:42:43.742    app     info:    [self-update] Checking for a launcher update...
2023-12-26 16:42:44.031    app     info:    [self-update] Currently running the latest launcher version. Scheduling update check in 5 minutes.
2023-12-26 16:47:43.434    app     info:    [server-manager] Starting refresh cycle for eve-online / Tranquility
2023-12-26 16:47:43.600    app     info:    [server-manager] Previous Tranquility build: 2454674, current build: 2454674
2023-12-26 16:47:43.600    app     info:    [server-manager] Tranquility build is unchanged.
2023-12-26 16:47:43.604    app     info:    [server-manager] Ready to play!
2023-12-26 16:47:43.608    app     info:    [server-manager] Finished refresh cycle for Tranquility
2023-12-26 16:47:44.030    app     info:    [self-update] Checking for a launcher update...
2023-12-26 16:47:44.309    app     info:    [self-update] Currently running the latest launcher version. Scheduling update check in 5 minutes.
2023-12-26 16:52:43.614    app     info:    [server-manager] Starting refresh cycle for eve-online / Tranquility
2023-12-26 16:52:43.781    app     info:    [server-manager] Previous Tranquility build: 2454674, current build: 2454674
2023-12-26 16:52:43.781    app     info:    [server-manager] Tranquility build is unchanged.
2023-12-26 16:52:43.787    app     info:    [server-manager] Ready to play!
2023-12-26 16:52:43.790    app     info:    [server-manager] Finished refresh cycle for Tranquility
2023-12-26 16:52:44.312    app     info:    [self-update] Checking for a launcher update...
2023-12-26 16:52:44.595    app     info:    [self-update] Currently running the latest launcher version. Scheduling update check in 5 minutes.
2023-12-26 16:57:43.794    app     info:    [server-manager] Starting refresh cycle for eve-online / Tranquility
2023-12-26 16:57:43.959    app     info:    [server-manager] Previous Tranquility build: 2454674, current build: 2454674
2023-12-26 16:57:43.960    app     info:    [server-manager] Tranquility build is unchanged.
2023-12-26 16:57:43.965    app     info:    [server-manager] Ready to play!
2023-12-26 16:57:43.968    app     info:    [server-manager] Finished refresh cycle for Tranquility
2023-12-26 16:57:44.612    app     info:    [self-update] Checking for a launcher update...
2023-12-26 16:57:44.889    app     info:    [self-update] Currently running the latest launcher version. Scheduling update check in 5 minutes.
2023-12-26 17:02:05.612    app     info:    [ipc-requests] Handling requests in the background
2023-12-26 17:02:06.617    app     info:    [ipc-requests] No longer handling requests in the background
2023-12-26 17:02:43.970    app     info:    [server-manager] Starting refresh cycle for eve-online / Tranquility
2023-12-26 17:02:44.829    app     info:    [server-manager] Previous Tranquility build: 2454674, current build: 2454674
2023-12-26 17:02:44.829    app     info:    [server-manager] Tranquility build is unchanged.
2023-12-26 17:02:44.834    app     info:    [server-manager] Ready to play!
2023-12-26 17:02:44.838    app     info:    [server-manager] Finished refresh cycle for Tranquility
2023-12-26 17:02:44.902    app     info:    [self-update] Checking for a launcher update...
2023-12-26 17:02:45.221    app     info:    [self-update] Currently running the latest launcher version. Scheduling update check in 5 minutes.
2023-12-26 17:02:45.300    app     info:    [ipc-requests] Handling requests in the background
2023-12-26 17:02:46.302    app     info:    [ipc-requests] No longer handling requests in the background
2023-12-26 17:07:44.852    app     info:    [server-manager] Starting refresh cycle for eve-online / Tranquility
2023-12-26 17:07:45.068    app     info:    [server-manager] Previous Tranquility build: 2454674, current build: 2454674
2023-12-26 17:07:45.068    app     info:    [server-manager] Tranquility build is unchanged.
2023-12-26 17:07:45.074    app     info:    [server-manager] Ready to play!
2023-12-26 17:07:45.077    app     info:    [server-manager] Finished refresh cycle for Tranquility
2023-12-26 17:07:45.221    app     info:    [self-update] Checking for a launcher update...
2023-12-26 17:07:45.503    app     info:    [self-update] Currently running the latest launcher version. Scheduling update check in 5 minutes.
2023-12-26 17:12:45.084    app     info:    [server-manager] Starting refresh cycle for eve-online / Tranquility
2023-12-26 17:12:45.228    app     info:    [server-manager] Previous Tranquility build: 2454674, current build: 2454674
2023-12-26 17:12:45.229    app     info:    [server-manager] Tranquility build is unchanged.
2023-12-26 17:12:45.234    app     info:    [server-manager] Ready to play!
2023-12-26 17:12:45.238    app     info:    [server-manager] Finished refresh cycle for Tranquility
2023-12-26 17:12:45.522    app     info:    [self-update] Checking for a launcher update...
2023-12-26 17:12:45.800    app     info:    [self-update] Currently running the latest launcher version. Scheduling update check in 5 minutes.
2023-12-26 17:15:07.522    app     info:    [ipc-requests] Handling requests in the background
2023-12-26 17:15:08.524    app     info:    [ipc-requests] No longer handling requests in the background
2023-12-26 17:15:11.779    app     info:    [ipc-requests] Handling requests in the background
2023-12-26 17:15:12.793    app     info:    [ipc-requests] No longer handling requests in the background
2023-12-26 17:15:19.874    app     info:    [ipc-requests] Handling requests in the background
2023-12-26 17:15:20.877    app     info:    [ipc-requests] No longer handling requests in the background
2023-12-26 17:17:45.245    app     info:    [server-manager] Starting refresh cycle for eve-online / Tranquility
2023-12-26 17:17:45.406    app     info:    [server-manager] Previous Tranquility build: 2454674, current build: 2454674
2023-12-26 17:17:45.406    app     info:    [server-manager] Tranquility build is unchanged.
2023-12-26 17:17:45.414    app     info:    [server-manager] Ready to play!
2023-12-26 17:17:45.419    app     info:    [server-manager] Finished refresh cycle for Tranquility
2023-12-26 17:17:45.814    app     info:    [self-update] Checking for a launcher update...
2023-12-26 17:17:46.119    app     info:    [self-update] Currently running the latest launcher version. Scheduling update check in 5 minutes.
2023-12-26 17:22:45.428    app     info:    [server-manager] Starting refresh cycle for eve-online / Tranquility
2023-12-26 17:22:45.572    app     info:    [server-manager] Previous Tranquility build: 2454674, current build: 2454674
2023-12-26 17:22:45.572    app     info:    [server-manager] Tranquility build is unchanged.
2023-12-26 17:22:45.577    app     info:    [server-manager] Ready to play!
2023-12-26 17:22:45.581    app     info:    [server-manager] Finished refresh cycle for Tranquility
2023-12-26 17:22:46.124    app     info:    [self-update] Checking for a launcher update...
2023-12-26 17:22:46.421    app     info:    [self-update] Currently running the latest launcher version. Scheduling update check in 5 minutes.
2023-12-26 17:27:45.593    app     info:    [server-manager] Starting refresh cycle for eve-online / Tranquility
2023-12-26 17:27:45.732    app     info:    [server-manager] Previous Tranquility build: 2454674, current build: 2454674
2023-12-26 17:27:45.732    app     info:    [server-manager] Tranquility build is unchanged.
2023-12-26 17:27:45.736    app     info:    [server-manager] Ready to play!
2023-12-26 17:27:45.739    app     info:    [server-manager] Finished refresh cycle for Tranquility
2023-12-26 17:27:46.424    app     info:    [self-update] Checking for a launcher update...
2023-12-26 17:27:46.722    app     info:    [self-update] Currently running the latest launcher version. Scheduling update check in 5 minutes.
2023-12-26 17:32:45.740    app     info:    [server-manager] Starting refresh cycle for eve-online / Tranquility
2023-12-26 17:32:45.902    app     info:    [server-manager] Previous Tranquility build: 2454674, current build: 2454674
2023-12-26 17:32:45.902    app     info:    [server-manager] Tranquility build is unchanged.
2023-12-26 17:32:45.908    app     info:    [server-manager] Ready to play!
2023-12-26 17:32:45.911    app     info:    [server-manager] Finished refresh cycle for Tranquility
2023-12-26 17:32:46.737    app     info:    [self-update] Checking for a launcher update...
2023-12-26 17:32:47.033    app     info:    [self-update] Currently running the latest launcher version. Scheduling update check in 5 minutes.
2023-12-26 17:37:45.915    app     info:    [server-manager] Starting refresh cycle for eve-online / Tranquility
2023-12-26 17:37:46.052    app     info:    [server-manager] Previous Tranquility build: 2454674, current build: 2454674
2023-12-26 17:37:46.052    app     info:    [server-manager] Tranquility build is unchanged.
2023-12-26 17:37:46.058    app     info:    [server-manager] Ready to play!
2023-12-26 17:37:46.061    app     info:    [server-manager] Finished refresh cycle for Tranquility
2023-12-26 17:37:47.035    app     info:    [self-update] Checking for a launcher update...
2023-12-26 17:37:47.336    app     info:    [self-update] Currently running the latest launcher version. Scheduling update check in 5 minutes.
2023-12-26 17:42:46.067    app     info:    [server-manager] Starting refresh cycle for eve-online / Tranquility
2023-12-26 17:42:46.209    app     info:    [server-manager] Previous Tranquility build: 2454674, current build: 2454674
2023-12-26 17:42:46.209    app     info:    [server-manager] Tranquility build is unchanged.
2023-12-26 17:42:46.214    app     info:    [server-manager] Ready to play!
2023-12-26 17:42:46.218    app     info:    [server-manager] Finished refresh cycle for Tranquility
2023-12-26 17:42:47.348    app     info:    [self-update] Checking for a launcher update...
2023-12-26 17:42:47.643    app     info:    [self-update] Currently running the latest launcher version. Scheduling update check in 5 minutes.
2023-12-26 17:47:46.230    app     info:    [server-manager] Starting refresh cycle for eve-online / Tranquility
2023-12-26 17:47:46.350    app     info:    [server-manager] Previous Tranquility build: 2454674, current build: 2454674
2023-12-26 17:47:46.350    app     info:    [server-manager] Tranquility build is unchanged.
2023-12-26 17:47:46.355    app     info:    [server-manager] Ready to play!
2023-12-26 17:47:46.358    app     info:    [server-manager] Finished refresh cycle for Tranquility
2023-12-26 17:47:47.646    app     info:    [self-update] Checking for a launcher update...
2023-12-26 17:47:47.942    app     info:    [self-update] Currently running the latest launcher version. Scheduling update check in 5 minutes.
2023-12-26 17:52:46.362    app     info:    [server-manager] Starting refresh cycle for eve-online / Tranquility
2023-12-26 17:52:46.497    app     info:    [server-manager] Previous Tranquility build: 2454674, current build: 2454674
2023-12-26 17:52:46.497    app     info:    [server-manager] Tranquility build is unchanged.
2023-12-26 17:52:46.503    app     info:    [server-manager] Ready to play!
2023-12-26 17:52:46.506    app     info:    [server-manager] Finished refresh cycle for Tranquility
2023-12-26 17:52:47.943    app     info:    [self-update] Checking for a launcher update...
2023-12-26 17:52:48.219    app     info:    [self-update] Currently running the latest launcher version. Scheduling update check in 5 minutes.
2023-12-26 17:57:46.515    app     info:    [server-manager] Starting refresh cycle for eve-online / Tranquility
2023-12-26 17:57:46.653    app     info:    [server-manager] Previous Tranquility build: 2454674, current build: 2454674
2023-12-26 17:57:46.653    app     info:    [server-manager] Tranquility build is unchanged.
2023-12-26 17:57:46.658    app     info:    [server-manager] Ready to play!
2023-12-26 17:57:46.662    app     info:    [server-manager] Finished refresh cycle for Tranquility
2023-12-26 17:57:48.225    app     info:    [self-update] Checking for a launcher update...
2023-12-26 17:57:48.519    app     info:    [self-update] Currently running the latest launcher version. Scheduling update check in 5 minutes.
2023-12-26 18:02:46.673    app     info:    [server-manager] Starting refresh cycle for eve-online / Tranquility
2023-12-26 18:02:46.932    app     info:    [server-manager] Previous Tranquility build: 2454674, current build: 2454674
2023-12-26 18:02:46.932    app     info:    [server-manager] Tranquility build is unchanged.
2023-12-26 18:02:46.937    app     info:    [server-manager] Ready to play!
2023-12-26 18:02:46.940    app     info:    [server-manager] Finished refresh cycle for Tranquility
2023-12-26 18:02:48.519    app     info:    [self-update] Checking for a launcher update...
2023-12-26 18:02:48.789    app     info:    [self-update] Currently running the latest launcher version. Scheduling update check in 5 minutes.
2023-12-26 18:07:46.949    app     info:    [server-manager] Starting refresh cycle for eve-online / Tranquility
2023-12-26 18:07:47.112    app     info:    [server-manager] Previous Tranquility build: 2454674, current build: 2454674
2023-12-26 18:07:47.112    app     info:    [server-manager] Tranquility build is unchanged.
2023-12-26 18:07:47.118    app     info:    [server-manager] Ready to play!
2023-12-26 18:07:47.121    app     info:    [server-manager] Finished refresh cycle for Tranquility
2023-12-26 18:07:48.798    app     info:    [self-update] Checking for a launcher update...
2023-12-26 18:07:49.068    app     info:    [self-update] Currently running the latest launcher version. Scheduling update check in 5 minutes.
2023-12-26 18:12:47.130    app     info:    [server-manager] Starting refresh cycle for eve-online / Tranquility
2023-12-26 18:12:47.270    app     info:    [server-manager] Previous Tranquility build: 2454674, current build: 2454674
2023-12-26 18:12:47.270    app     info:    [server-manager] Tranquility build is unchanged.
2023-12-26 18:12:47.275    app     info:    [server-manager] Ready to play!
2023-12-26 18:12:47.278    app     info:    [server-manager] Finished refresh cycle for Tranquility
2023-12-26 18:12:49.079    app     info:    [self-update] Checking for a launcher update...
2023-12-26 18:12:49.361    app     info:    [self-update] Currently running the latest launcher version. Scheduling update check in 5 minutes.
2023-12-26 18:16:09.892    app     info:    [client-manager] 'tranquility' for EVE game client for '16492377' exited with no errors.
2023-12-26 18:16:09.902    app     info:    [server-manager] Starting refresh cycle for eve-online / Tranquility
2023-12-26 18:16:09.996    app     info:    [quasar-events] Sent 'eve_launcher.electron.eve_client.GameClientExited'
2023-12-26 18:16:10.021    app     info:    [server-manager] Previous Tranquility build: 2454674, current build: 2454674
2023-12-26 18:16:10.021    app     info:    [server-manager] Tranquility build is unchanged.
2023-12-26 18:16:10.025    app     info:    [server-manager] Ready to play!
2023-12-26 18:16:10.028    app     info:    [server-manager] Finished refresh cycle for Tranquility
2023-12-26 18:16:15.422    app     info:    [main-window] Main window minimized to tray    { windowId: 2 }
2023-12-26 18:16:15.441    app     info:    [main-window] Sent notification that the application is minimized to tray    { windowId: 2 }
2023-12-26 18:16:15.452    app     info:    [creatives] Requesting creatives
2023-12-26 18:16:15.462    app     info:    [ipc-requests] Handling requests in the background
2023-12-26 18:16:15.582    app     info:    [creatives] Received 2 creatives
2023-12-26 18:16:16.465    app     info:    [ipc-requests] No longer handling requests in the background
2023-12-26 18:16:17.531    app     info:    [tray] Quitting application from tray
2023-12-26 18:16:17.533    app     info:    Application quitting. Cleanup needed: true
2023-12-26 18:16:17.536    app     info:    [elg-events] Sending event    eve_launcher.electron.application.LauncherShutdown
2023-12-26 18:16:17.537    app     info:    app.quit called, but we are still sending ELG events.
2023-12-26 18:16:18.146    app     info:    ELG stream closed, quitting.
2023-12-26 18:16:18.148    app     info:    [main-window] Main window closing    { windowId: 2 }
2023-12-26 18:16:18.169    app     info:    Application closed    0
