2024-01-06 22:08:32.500    app     info:    Startup arguments    []
2024-01-06 22:08:32.506    app     info:    [self-update] Starting automatic update checks
2024-01-06 22:08:32.506    app     info:    [self-update] Waiting for update feed before starting update checks
2024-01-06 22:08:32.509    app     info:    [preload] High DPI scaling enabled by settings
2024-01-06 22:08:32.652    app     info:    [i18next] Changed language    en
2024-01-06 22:08:32.761    app     info:    [authentication] Token for '16492377' on 'tranquility' is expired, refresh is required
2024-01-06 22:08:32.762    app     info:    [authentication] Refreshing token for '16492377' on 'tranquility'
2024-01-06 22:08:32.762    app     info:    [authentication] Token for '17525312' on 'tranquility' is expired, refresh is required
2024-01-06 22:08:32.763    app     info:    [authentication] Refreshing token for '17525312' on 'tranquility'
2024-01-06 22:08:32.763    app     info:    [authentication] Token for '25218835' on 'tranquility' is expired, refresh is required
2024-01-06 22:08:32.763    app     info:    [authentication] Refreshing token for '25218835' on 'tranquility'
2024-01-06 22:08:32.764    app     info:    [authentication] Token for '29280260' on 'tranquility' is expired, refresh is required
2024-01-06 22:08:32.764    app     info:    [authentication] Refreshing token for '29280260' on 'tranquility'
2024-01-06 22:08:32.765    app     info:    [authentication] Token for '29285645' on 'tranquility' is expired, refresh is required
2024-01-06 22:08:32.765    app     info:    [authentication] Refreshing token for '29285645' on 'tranquility'
2024-01-06 22:08:32.765    app     info:    [authentication] Token for '18034259' on 'tranquility' is expired, refresh is required
2024-01-06 22:08:32.766    app     info:    [authentication] Refreshing token for '18034259' on 'tranquility'
2024-01-06 22:08:32.766    app     info:    [authentication] Token for '28182799' on 'tranquility' is expired, refresh is required
2024-01-06 22:08:32.766    app     info:    [authentication] Refreshing token for '28182799' on 'tranquility'
2024-01-06 22:08:32.766    app     info:    [authentication] Token for '2110311' on 'tranquility' is expired, refresh is required
2024-01-06 22:08:32.767    app     info:    [authentication] Refreshing token for '2110311' on 'tranquility'
2024-01-06 22:08:32.767    app     info:    [authentication] Token for '23622903' on 'tranquility' is expired, refresh is required
2024-01-06 22:08:32.767    app     info:    [authentication] Refreshing token for '23622903' on 'tranquility'
2024-01-06 22:08:32.768    app     info:    [authentication] Token for '26239201' on 'tranquility' is expired, refresh is required
2024-01-06 22:08:32.768    app     info:    [authentication] Refreshing token for '26239201' on 'tranquility'
2024-01-06 22:08:32.768    app     info:    [authentication] Token for '18922386' on 'tranquility' is expired, refresh is required
2024-01-06 22:08:32.768    app     info:    [authentication] Refreshing token for '18922386' on 'tranquility'
2024-01-06 22:08:32.769    app     info:    [authentication] Token for '18000247' on 'tranquility' is expired, refresh is required
2024-01-06 22:08:32.769    app     info:    [authentication] Refreshing token for '18000247' on 'tranquility'
2024-01-06 22:08:32.769    app     info:    [authentication] Token for '13595732' on 'tranquility' is expired, refresh is required
2024-01-06 22:08:32.769    app     info:    [authentication] Refreshing token for '13595732' on 'tranquility'
2024-01-06 22:08:32.770    app     info:    [authentication] Token for '15136212' on 'tranquility' is expired, refresh is required
2024-01-06 22:08:32.770    app     info:    [authentication] Refreshing token for '15136212' on 'tranquility'
2024-01-06 22:08:32.770    app     info:    [device-id] Device id found in state
2024-01-06 22:08:32.778    app     info:    [analytics] Application name:    EVE Online
2024-01-06 22:08:32.778    app     info:    [analytics] Application version:    1.2.1
2024-01-06 22:08:32.778    app     info:    [analytics] Domain    undefined
2024-01-06 22:08:32.779    app     info:    [analytics] Working directory    C:\Users\REDACTED\AppData\Local\eve-online\app-1.2.1
2024-01-06 22:08:32.779    app     info:    [analytics] Username contains UTF8?    false
2024-01-06 22:08:33.132    app     info:    [elg-events] Sending event    eve_launcher.electron.application.PdmLoaded
2024-01-06 22:08:33.137    app     info:    [analytics] Operating system    {
  type: 'Windows',
  name: 'Windows 10 Education',
  version: '10.0 (19045)'
}
2024-01-06 22:08:33.138    app     info:    [analytics] Encryption available:    true
2024-01-06 22:08:33.139    app     info:    [analytics] Machine UUID    4E9F516C-5B97-47C6-8C67-E93D943CB7C8
2024-01-06 22:08:33.139    app     info:    [analytics] PDM Version    2.1.4
2024-01-06 22:08:33.139    app     info:    [analytics] Release channel    release
2024-01-06 22:08:33.144    app     info:    [initializers] Shared cache directory set to    C:\CCP\EVE Online
2024-01-06 22:08:33.169    app     info:    [initializers] Shared cache drive free space: 94,15 GiB / 433,74 GiB
2024-01-06 22:08:33.178    app     info:    [elg-events] Sending event    eve_launcher.electron.application.LauncherStarted
2024-01-06 22:08:33.182    app     info:    [elg-events] Sending event    eve_launcher.electron.application.CoreDataLoaded
2024-01-06 22:08:33.183    app     info:    [cdn-trace] Fetching CDN trace data from https://binaries.eveonline.com/cdn-cgi/trace
2024-01-06 22:08:33.202    app     info:    [feature-flags] Initializing feature flag client
2024-01-06 22:08:33.310    app     info:    [first-run] First application run was at 2023-11-27T10:29:20.506Z
2024-01-06 22:08:33.367    app     info:    [cache-protocol] Found 2 entries to remove
2024-01-06 22:08:33.370    app     info:    [cache-protocol] Cleaned 2 entries
2024-01-06 22:08:33.371    app     info:    [cache-protocol] Checking 2 folders to clean
2024-01-06 22:08:33.402    app     info:    [server-manager] Starting refresh cycle for eve-online / Tranquility
2024-01-06 22:08:33.434    app     info:    [customer-information] Agreements have been updated
2024-01-06 22:08:33.503    app     info:    info: [LaunchDarkly] LaunchDarkly client initialized    []
2024-01-06 22:08:33.504    app     info:    info: [LaunchDarkly] Opening stream connection to https://clientstream.launchdarkly.com/eval/64c3d12e27a4b11365012d39/eyJrZXkiOiI0YTQzNmFkYi00Yjk5LTQwYTctODViMC00MmUyMDZmNDEyODYiLCJraW5kIjoidXNlciIsImN1c3RvbSI6eyJpc0ZpcnN0UnVuIjpmYWxzZSwiZGF5c1NpbmNlRmlyc3RSdW4iOjQwLCJsYW5ndWFnZSI6ImVuIiwiYXBwbGljYXRpb24iOiJldmUtb25saW5lIiwidmVyc2lvbiI6IjEuMi4xIiwicGxhdGZvcm0iOiJ3aW5kb3dzIiwiaXNHZUZvcmNlTm93IjpmYWxzZSwib3NWZXJzaW9uRGVwcmVjYXRlZCI6ZmFsc2UsInVzZXJJZHMiOlsxNjQ5MjM3NywyNTIxODgzNSwyMTEwMzExLDI5Mjg1NjQ1XSwib21lZ2FDb3VudCI6MCwiYWxwaGFDb3VudCI6MTQsImFjY291bnRDb3VudCI6MTQsIm9sZGVzdEFjY291bnRBZ2UiOjYwMjQsInlvdW5nZXN0QWNjb3VudEFnZSI6MzZ9fQ?withReasons=true    []
2024-01-06 22:08:33.505    app     info:    [feature-flags] Client 4a436adb... ready, fetching flags
2024-01-06 22:08:33.511    app     info:    [feature-flags] Received 20 flags for client 4a436adb...
2024-01-06 22:08:33.511    app     info:    [feature-flags] Client initialized with key 4a436adb...
2024-01-06 22:08:33.513    app     info:    [self-update] Update feed set, starting update checks
2024-01-06 22:08:33.513    app     info:    [self-update] Starting automatic update checks
2024-01-06 22:08:33.514    app     info:    [self-update] Checking for a launcher update...
2024-01-06 22:08:33.548    app     info:    [server-manager] Previous Tranquility build: 2461603, current build: 2461603
2024-01-06 22:08:33.548    app     info:    [server-manager] Tranquility build is unchanged.
2024-01-06 22:08:33.553    app     info:    [server-manager] Ready to play!
2024-01-06 22:08:33.557    app     info:    [server-manager] Finished refresh cycle for Tranquility
2024-01-06 22:08:33.558    app     info:    [authentication] Token for '29285645' on 'tranquility' has been successfully refreshed
2024-01-06 22:08:33.560    app     info:    [elg-events] Sending event    eve_launcher.electron.authentication.UserTokensRefreshed
2024-01-06 22:08:33.564    app     info:    [customer-information] Getting character information for '29285645' on 'tranquility'
2024-01-06 22:08:33.564    app     info:    [customer-information] Getting Omega status for '29285645' on 'tranquility'
2024-01-06 22:08:33.565    app     info:    [virtual-goods] Getting Plex status for '29285645' on 'tranquility'
2024-01-06 22:08:33.582    app     info:    [authentication] Token for '28182799' on 'tranquility' has been successfully refreshed
2024-01-06 22:08:33.584    app     info:    [elg-events] Sending event    eve_launcher.electron.authentication.UserTokensRefreshed
2024-01-06 22:08:33.586    app     info:    [customer-information] Getting character information for '28182799' on 'tranquility'
2024-01-06 22:08:33.586    app     info:    [customer-information] Getting Omega status for '28182799' on 'tranquility'
2024-01-06 22:08:33.586    app     info:    [virtual-goods] Getting Plex status for '28182799' on 'tranquility'
2024-01-06 22:08:33.600    app     info:    [authentication] Token for '18034259' on 'tranquility' has been successfully refreshed
2024-01-06 22:08:33.602    app     info:    [elg-events] Sending event    eve_launcher.electron.authentication.UserTokensRefreshed
2024-01-06 22:08:33.603    app     info:    [customer-information] Getting character information for '18034259' on 'tranquility'
2024-01-06 22:08:33.603    app     info:    [customer-information] Getting Omega status for '18034259' on 'tranquility'
2024-01-06 22:08:33.603    app     info:    [virtual-goods] Getting Plex status for '18034259' on 'tranquility'
2024-01-06 22:08:33.618    app     info:    [authentication] Token for '29280260' on 'tranquility' has been successfully refreshed
2024-01-06 22:08:33.619    app     info:    [elg-events] Sending event    eve_launcher.electron.authentication.UserTokensRefreshed
2024-01-06 22:08:33.621    app     info:    [customer-information] Getting character information for '29280260' on 'tranquility'
2024-01-06 22:08:33.621    app     info:    [customer-information] Getting Omega status for '29280260' on 'tranquility'
2024-01-06 22:08:33.621    app     info:    [virtual-goods] Getting Plex status for '29280260' on 'tranquility'
2024-01-06 22:08:33.633    app     info:    [authentication] Token for '15136212' on 'tranquility' has been successfully refreshed
2024-01-06 22:08:33.635    app     info:    [elg-events] Sending event    eve_launcher.electron.authentication.UserTokensRefreshed
2024-01-06 22:08:33.636    app     info:    [customer-information] Getting character information for '15136212' on 'tranquility'
2024-01-06 22:08:33.636    app     info:    [customer-information] Getting Omega status for '15136212' on 'tranquility'
2024-01-06 22:08:33.636    app     info:    [virtual-goods] Getting Plex status for '15136212' on 'tranquility'
2024-01-06 22:08:33.648    app     info:    [authentication] Token for '26239201' on 'tranquility' has been successfully refreshed
2024-01-06 22:08:33.651    app     info:    [elg-events] Sending event    eve_launcher.electron.authentication.UserTokensRefreshed
2024-01-06 22:08:33.653    app     info:    [customer-information] Getting character information for '26239201' on 'tranquility'
2024-01-06 22:08:33.653    app     info:    [customer-information] Getting Omega status for '26239201' on 'tranquility'
2024-01-06 22:08:33.653    app     info:    [virtual-goods] Getting Plex status for '26239201' on 'tranquility'
2024-01-06 22:08:33.665    app     info:    [authentication] Token for '17525312' on 'tranquility' has been successfully refreshed
2024-01-06 22:08:33.667    app     info:    [elg-events] Sending event    eve_launcher.electron.authentication.UserTokensRefreshed
2024-01-06 22:08:33.669    app     info:    [customer-information] Getting character information for '17525312' on 'tranquility'
2024-01-06 22:08:33.669    app     info:    [customer-information] Getting Omega status for '17525312' on 'tranquility'
2024-01-06 22:08:33.669    app     info:    [virtual-goods] Getting Plex status for '17525312' on 'tranquility'
2024-01-06 22:08:33.681    app     info:    [authentication] Token for '13595732' on 'tranquility' has been successfully refreshed
2024-01-06 22:08:33.683    app     info:    [elg-events] Sending event    eve_launcher.electron.authentication.UserTokensRefreshed
2024-01-06 22:08:33.685    app     info:    [customer-information] Getting character information for '13595732' on 'tranquility'
2024-01-06 22:08:33.685    app     info:    [customer-information] Getting Omega status for '13595732' on 'tranquility'
2024-01-06 22:08:33.685    app     info:    [virtual-goods] Getting Plex status for '13595732' on 'tranquility'
2024-01-06 22:08:33.698    app     info:    [authentication] Token for '23622903' on 'tranquility' has been successfully refreshed
2024-01-06 22:08:33.700    app     info:    [elg-events] Sending event    eve_launcher.electron.authentication.UserTokensRefreshed
2024-01-06 22:08:33.701    app     info:    [customer-information] Getting character information for '23622903' on 'tranquility'
2024-01-06 22:08:33.702    app     info:    [customer-information] Getting Omega status for '23622903' on 'tranquility'
2024-01-06 22:08:33.702    app     info:    [virtual-goods] Getting Plex status for '23622903' on 'tranquility'
2024-01-06 22:08:33.714    app     info:    [authentication] Token for '25218835' on 'tranquility' has been successfully refreshed
2024-01-06 22:08:33.716    app     info:    [elg-events] Sending event    eve_launcher.electron.authentication.UserTokensRefreshed
2024-01-06 22:08:33.717    app     info:    [customer-information] Getting character information for '25218835' on 'tranquility'
2024-01-06 22:08:33.717    app     info:    [customer-information] Getting Omega status for '25218835' on 'tranquility'
2024-01-06 22:08:33.718    app     info:    [virtual-goods] Getting Plex status for '25218835' on 'tranquility'
2024-01-06 22:08:33.729    app     info:    [authentication] Token for '18000247' on 'tranquility' has been successfully refreshed
2024-01-06 22:08:33.731    app     info:    [elg-events] Sending event    eve_launcher.electron.authentication.UserTokensRefreshed
2024-01-06 22:08:33.732    app     info:    [customer-information] Getting character information for '18000247' on 'tranquility'
2024-01-06 22:08:33.733    app     info:    [customer-information] Getting Omega status for '18000247' on 'tranquility'
2024-01-06 22:08:33.733    app     info:    [virtual-goods] Getting Plex status for '18000247' on 'tranquility'
2024-01-06 22:08:33.747    app     info:    [authentication] Token for '2110311' on 'tranquility' has been successfully refreshed
2024-01-06 22:08:33.749    app     info:    [elg-events] Sending event    eve_launcher.electron.authentication.UserTokensRefreshed
2024-01-06 22:08:33.751    app     info:    [customer-information] Getting character information for '2110311' on 'tranquility'
2024-01-06 22:08:33.751    app     info:    [customer-information] Getting Omega status for '2110311' on 'tranquility'
2024-01-06 22:08:33.751    app     info:    [virtual-goods] Getting Plex status for '2110311' on 'tranquility'
2024-01-06 22:08:33.763    app     info:    [authentication] Token for '16492377' on 'tranquility' has been successfully refreshed
2024-01-06 22:08:33.765    app     info:    [elg-events] Sending event    eve_launcher.electron.authentication.UserTokensRefreshed
2024-01-06 22:08:33.766    app     info:    [customer-information] Getting character information for '16492377' on 'tranquility'
2024-01-06 22:08:33.767    app     info:    [customer-information] Getting Omega status for '16492377' on 'tranquility'
2024-01-06 22:08:33.767    app     info:    [virtual-goods] Getting Plex status for '16492377' on 'tranquility'
2024-01-06 22:08:33.780    app     info:    [authentication] Token for '18922386' on 'tranquility' has been successfully refreshed
2024-01-06 22:08:33.782    app     info:    [elg-events] Sending event    eve_launcher.electron.authentication.UserTokensRefreshed
2024-01-06 22:08:33.783    app     info:    [customer-information] Getting character information for '18922386' on 'tranquility'
2024-01-06 22:08:33.783    app     info:    [customer-information] Getting Omega status for '18922386' on 'tranquility'
2024-01-06 22:08:33.783    app     info:    [virtual-goods] Getting Plex status for '18922386' on 'tranquility'
2024-01-06 22:08:33.792    app     info:    [AuthenticationMiddleware] Successfully restored 14 / 14 users
2024-01-06 22:08:33.908    app     info:    [esi] Fetching character details for 2121853336
2024-01-06 22:08:33.927    app     info:    [self-update] Currently running the latest launcher version. Scheduling update check in 5 minutes.
2024-01-06 22:08:33.928    app     info:    [esi] Fetching character details for 2121927031
2024-01-06 22:08:33.938    app     info:    [esi] Fetching character details for 2121174545
2024-01-06 22:08:33.957    app     info:    [customer-information] Agreement status has been fetched for user '23622903'
2024-01-06 22:08:33.965    app     info:    [customer-information] Agreement status has been fetched for user '29285645'
2024-01-06 22:08:33.969    app     info:    [esi] Fetching character details for 2121878074
2024-01-06 22:08:33.991    app     info:    [esi] Fetching character details for 2121891348
2024-01-06 22:08:34.001    app     info:    [esi] Fetching character details for 2121927552
2024-01-06 22:08:34.021    app     info:    [customer-information] Agreement status has been fetched for user '15136212'
2024-01-06 22:08:34.029    app     info:    [esi] Fetching character details for 2113875139, 2121174871
2024-01-06 22:08:34.043    app     info:    [customer-information] Agreement status has been fetched for user '18034259'
2024-01-06 22:08:34.049    app     info:    [customer-information] Agreement status has been fetched for user '25218835'
2024-01-06 22:08:34.055    app     info:    [customer-information] Agreement status has been fetched for user '26239201'
2024-01-06 22:08:34.056    app     info:    [virtual-goods] Fetched Plex status for '29280260' on 'tranquility'
2024-01-06 22:08:34.067    app     info:    [customer-information] Agreement status has been fetched for user '13595732'
2024-01-06 22:08:34.074    app     info:    [customer-information] Agreement status has been fetched for user '16492377'
2024-01-06 22:08:34.080    app     info:    [customer-information] Agreement status has been fetched for user '28182799'
2024-01-06 22:08:34.082    app     info:    [esi] Fetching character details for 2119361891, 2120347635
2024-01-06 22:08:34.099    app     info:    [esi] Fetching character details for 2121178171
2024-01-06 22:08:34.121    app     info:    [customer-information] Agreement status has been fetched for user '18000247'
2024-01-06 22:08:34.128    app     info:    [customer-information] Agreement status has been fetched for user '18922386'
2024-01-06 22:08:34.134    app     info:    [customer-information] Agreement status has been fetched for user '2110311'
2024-01-06 22:08:34.150    app     info:    [esi] Fetching character details for 2118248041, 2121175776
2024-01-06 22:08:34.158    app     info:    [virtual-goods] Fetched Plex status for '18000247' on 'tranquility'
2024-01-06 22:08:34.171    app     info:    [virtual-goods] Fetched Plex status for '13595732' on 'tranquility'
2024-01-06 22:08:34.177    app     info:    [AuthenticationMiddleware] User information updated
2024-01-06 22:08:34.179    app     info:    [esi] Fetching character details for 578564394, 2115457291
2024-01-06 22:08:34.202    app     info:    [virtual-goods] Fetched Plex status for '16492377' on 'tranquility'
2024-01-06 22:08:34.209    app     info:    [AuthenticationMiddleware] User information updated
2024-01-06 22:08:34.210    app     info:    [esi] Fetching character details for 2115031890, 2121177973
2024-01-06 22:08:34.225    app     info:    [AuthenticationMiddleware] User information updated
2024-01-06 22:08:34.230    app     info:    [customer-information] Agreement status has been fetched for user '17525312'
2024-01-06 22:08:34.231    app     info:    [virtual-goods] Fetched Plex status for '29285645' on 'tranquility'
2024-01-06 22:08:34.236    app     info:    [AuthenticationMiddleware] User information updated
2024-01-06 22:08:34.237    app     info:    [virtual-goods] Fetched Plex status for '18922386' on 'tranquility'
2024-01-06 22:08:34.243    app     info:    [esi] Fetching character details for 2115479508
2024-01-06 22:08:34.250    app     info:    [AuthenticationMiddleware] User information updated
2024-01-06 22:08:34.256    app     info:    [customer-information] Agreement status has been fetched for user '29280260'
2024-01-06 22:08:34.256    app     info:    [AuthenticationMiddleware] User information updated
2024-01-06 22:08:34.260    app     info:    [esi] Fetching character details for 2114656127, 2121178396
2024-01-06 22:08:34.277    app     info:    [virtual-goods] Fetched Plex status for '28182799' on 'tranquility'
2024-01-06 22:08:34.283    app     info:    [AuthenticationMiddleware] User information updated
2024-01-06 22:08:34.283    app     info:    [virtual-goods] Fetched Plex status for '25218835' on 'tranquility'
2024-01-06 22:08:34.289    app     info:    [AuthenticationMiddleware] User information updated
2024-01-06 22:08:34.289    app     info:    [virtual-goods] Fetched Plex status for '26239201' on 'tranquility'
2024-01-06 22:08:34.295    app     info:    [AuthenticationMiddleware] User information updated
2024-01-06 22:08:34.295    app     info:    [virtual-goods] Fetched Plex status for '23622903' on 'tranquility'
2024-01-06 22:08:34.300    app     info:    [AuthenticationMiddleware] User information updated
2024-01-06 22:08:34.301    app     info:    [virtual-goods] Fetched Plex status for '17525312' on 'tranquility'
2024-01-06 22:08:34.306    app     info:    [AuthenticationMiddleware] User information updated
2024-01-06 22:08:34.307    app     info:    [virtual-goods] Fetched Plex status for '18034259' on 'tranquility'
2024-01-06 22:08:34.312    app     info:    [AuthenticationMiddleware] User information updated
2024-01-06 22:08:34.312    app     info:    [virtual-goods] Fetched Plex status for '2110311' on 'tranquility'
2024-01-06 22:08:34.317    app     info:    [AuthenticationMiddleware] User information updated
2024-01-06 22:08:34.318    app     info:    [virtual-goods] Fetched Plex status for '15136212' on 'tranquility'
2024-01-06 22:08:34.323    app     info:    [AuthenticationMiddleware] User information updated
2024-01-06 22:08:34.603    app     warn:    [steam-auth] Failed to initialize Steamworks client
2024-01-06 22:08:34.611    app     info:    [main-window] Registering main window    { windowId: 2 }
2024-01-06 22:08:34.624    app     info:    [cdn-trace] Fetching CDN trace data from https://binaries.eveonline.com/cdn-cgi/trace
2024-01-06 22:08:34.626    app     info:    [creatives] Requesting creatives
2024-01-06 22:08:34.633    app     info:    [elg-events] Sending event    eve_launcher.electron.application.RendererLoaded
2024-01-06 22:08:34.763    app     info:    [esi] Fetched 1 character details for 29280260
2024-01-06 22:08:34.766    app     info:    [creatives] Received 3 creatives
2024-01-06 22:08:34.771    app     info:    [esi] Fetched 1 character details for 26239201
2024-01-06 22:08:34.774    app     info:    [esi] Fetched 1 character details for 28182799
2024-01-06 22:08:34.813    app     info:    [esi] Fetched 1 character details for 13595732
2024-01-06 22:08:34.817    app     info:    [esi] Fetched 1 character details for 18000247
2024-01-06 22:08:34.819    app     info:    [esi] Fetched 1 character details for 29285645
2024-01-06 22:08:34.822    app     info:    [esi] Fetched 1 character details for 15136212
2024-01-06 22:08:34.829    app     info:    [esi] Fetched 2 character details for 2110311
2024-01-06 22:08:34.860    app     info:    [esi] Fetched 2 character details for 16492377
2024-01-06 22:08:34.865    app     info:    [esi] Fetched 2 character details for 17525312
2024-01-06 22:08:34.867    app     info:    [esi] Fetched 2 character details for 25218835
2024-01-06 22:08:34.870    app     info:    [esi] Fetched 1 character details for 18922386
2024-01-06 22:08:34.872    app     info:    [esi] Fetched 2 character details for 18034259
2024-01-06 22:08:35.013    app     info:    [esi] Fetched 2 character details for 23622903
2024-01-06 22:08:35.750     ui     info:    Initializing captcha    ccp://launcher/renderer/main_window/index.js    2
2024-01-06 22:08:41.245    app     info:    [analytics] Hardware rendering enabled:    true    { disabledViaCommandline: false, disabledViaSettings: false }
2024-01-06 22:09:03.699    app     warn:    Could not connect to LogLite    [
  Error: connect ECONNREFUSED 127.0.0.1:3273
      at TCPConnectWrap.afterConnect [as oncomplete] (node:net:1247:16) {
    errno: -4078,
    code: 'ECONNREFUSED',
    syscall: 'connect',
    address: '127.0.0.1',
    port: 3273
  }
]
2024-01-06 22:09:09.001    app     info:    [AuthenticationMiddleware] Character information for '29280260' on 'tranquility' was loaded recently, skipping refresh.
2024-01-06 22:09:09.002    app     info:    [AuthenticationMiddleware] Plex information for '29280260' on 'tranquility' was loaded recently, skipping refresh.
2024-01-06 22:09:11.028    app     info:    [client-queue] Queued client startup    {
  product: 'eve-online',
  tenant: 'tranquility',
  userId: 29280260,
  characterId: 2121853336,
  profile: ''
}
2024-01-06 22:09:11.031    app     info:    [elg-events] Sending event    eve_launcher.electron.eve_client.ClientQueued
2024-01-06 22:09:11.039    app     info:    [client-queue] No clients running for tranquility, copying files before starting a client
2024-01-06 22:09:11.045    app     info:    [elg-events] Sending event    eve_launcher.electron.eve_client.CopyingFilesStarted
2024-01-06 22:09:11.046    app     info:    [binary-copier] Copying 194 files (217 MB) to 'C:\CCP\EVE Online\tq'
2024-01-06 22:09:11.078    app     info:    [binary-copier] Removing old binaries
2024-01-06 22:09:11.096    app     info:    [binary-copier] Copying binaries from ResFiles
2024-01-06 22:09:11.515    app     info:    [binary-copier] Finished copying 194 files to 'C:\CCP\EVE Online\tq' in 0.472 seconds
2024-01-06 22:09:11.517    app     info:    [elg-events] Sending event    eve_launcher.electron.eve_client.CopyingFilesFinished
2024-01-06 22:09:11.523    app     info:    [client-manager] Starting EVE Online game client.    C:\CCP\EVE Online\tq\bin64\exefile.exe    Map(11) {
  'noconsole' => '/noconsole',
  'server' => '/server:tranquility.servers.eveonline.com',
  'triplatform' => '/triplatform=dx12',
  'ssotoken' => '/ssoToken=***',
  'refreshtoken' => '/refreshToken=***',
  'settingsprofile' => '/settingsprofile=Default',
  'deviceid' => '/deviceID=4a436adb-4b99-40a7-85b0-42e206f41286',
  'autoselectcharacter' => '/autoSelectCharacter:2121853336',
  'language' => '/language=en',
  'exp' => '1704665313',
  'tokenExpires' => '2024-01-08 00:08:33.000'
}    29280260
2024-01-06 22:09:11.563    app     info:    [client-queue] Started client from group startup    {
  product: 'eve-online',
  tenant: 'tranquility',
  characterId: 2121853336,
  profile: '',
  userId: 29280260
}
2024-01-06 22:09:11.636    app     info:    [quasar-events] Sent 'eve_launcher.electron.eve_client.GameClientStartRequested'
2024-01-06 22:09:11.637    app     info:    [quasar-events] Sent 'eve_launcher.electron.eve_client.TemporaryClientProcessAdded'
2024-01-06 22:09:12.086    app     info:    [client-manager] Found 'tranquility' client for '29280260' running:     {
  processId: 10364,
  createdDate: 1704578951606,
  userId: 29280260,
  characterId: 2121853336,
  profile: 'Default',
  dxVersion: 'dx12'
}
2024-01-06 22:09:12.186    app     info:    [quasar-events] Sent 'eve_launcher.electron.eve_client.TemporaryClientProcessMonitoringRetried'
2024-01-06 22:09:12.187    app     info:    [quasar-events] Sent 'eve_launcher.electron.eve_client.GameClientStarted'
2024-01-06 22:09:12.188    app     info:    [quasar-events] Sent 'eve_launcher.electron.eve_client.TemporaryClientProcessRemoved'
2024-01-06 22:09:12.576    app     info:    [client-queue] Queue has stopped running, no more clients pending startup.
2024-01-06 22:12:57.955    app     info:    [client-manager] 'tranquility' for EVE game client for '29280260' exited with no errors.
2024-01-06 22:12:57.970    app     info:    [server-manager] Starting refresh cycle for eve-online / Tranquility
2024-01-06 22:12:58.073    app     info:    [quasar-events] Sent 'eve_launcher.electron.eve_client.GameClientExited'
2024-01-06 22:12:58.109    app     info:    [server-manager] Previous Tranquility build: 2461603, current build: 2461603
2024-01-06 22:12:58.109    app     info:    [server-manager] Tranquility build is unchanged.
2024-01-06 22:12:58.115    app     info:    [server-manager] Ready to play!
2024-01-06 22:12:58.119    app     info:    [server-manager] Finished refresh cycle for Tranquility
2024-01-06 22:13:01.827    app     info:    [AuthenticationMiddleware] Character information for '18922386' on 'tranquility' was loaded recently, skipping refresh.
2024-01-06 22:13:01.827    app     info:    [AuthenticationMiddleware] Plex information for '18922386' on 'tranquility' was loaded recently, skipping refresh.
2024-01-06 22:13:03.213    app     info:    [AuthenticationMiddleware] Character information for '18922386' on 'tranquility' was loaded recently, skipping refresh.
2024-01-06 22:13:03.213    app     info:    [AuthenticationMiddleware] Plex information for '18922386' on 'tranquility' was loaded recently, skipping refresh.
2024-01-06 22:13:03.906    app     info:    [client-queue] Queued client startup    {
  product: 'eve-online',
  tenant: 'tranquility',
  userId: 18922386,
  characterId: 2115479508,
  profile: ''
}
2024-01-06 22:13:03.908    app     info:    [elg-events] Sending event    eve_launcher.electron.eve_client.ClientQueued
2024-01-06 22:13:03.908    app     info:    [client-queue] No clients running for tranquility, copying files before starting a client
2024-01-06 22:13:03.913    app     info:    [elg-events] Sending event    eve_launcher.electron.eve_client.CopyingFilesStarted
2024-01-06 22:13:03.913    app     info:    [binary-copier] Copying 194 files (217 MB) to 'C:\CCP\EVE Online\tq'
2024-01-06 22:13:03.930    app     info:    [binary-copier] Removing old binaries
2024-01-06 22:13:03.968    app     info:    [binary-copier] Copying binaries from ResFiles
2024-01-06 22:13:04.321    app     info:    [binary-copier] Finished copying 194 files to 'C:\CCP\EVE Online\tq' in 0.410 seconds
2024-01-06 22:13:04.323    app     info:    [elg-events] Sending event    eve_launcher.electron.eve_client.CopyingFilesFinished
2024-01-06 22:13:04.329    app     info:    [client-manager] Starting EVE Online game client.    C:\CCP\EVE Online\tq\bin64\exefile.exe    Map(11) {
  'noconsole' => '/noconsole',
  'server' => '/server:tranquility.servers.eveonline.com',
  'triplatform' => '/triplatform=dx12',
  'ssotoken' => '/ssoToken=***',
  'refreshtoken' => '/refreshToken=***',
  'settingsprofile' => '/settingsprofile=Default',
  'deviceid' => '/deviceID=4a436adb-4b99-40a7-85b0-42e206f41286',
  'autoselectcharacter' => '/autoSelectCharacter:2115479508',
  'language' => '/language=en',
  'exp' => '1704579513',
  'tokenExpires' => '2024-01-07 00:18:33.000'
}    18922386
2024-01-06 22:13:04.369    app     info:    [client-queue] Started client from group startup    {
  product: 'eve-online',
  tenant: 'tranquility',
  characterId: 2115479508,
  profile: '',
  userId: 18922386
}
2024-01-06 22:13:04.446    app     info:    [quasar-events] Sent 'eve_launcher.electron.eve_client.GameClientStartRequested'
2024-01-06 22:13:04.446    app     info:    [quasar-events] Sent 'eve_launcher.electron.eve_client.TemporaryClientProcessAdded'
2024-01-06 22:13:04.876    app     info:    [client-manager] Found 'tranquility' client for '18922386' running:     {
  processId: 5264,
  createdDate: 1704579184421,
  userId: 18922386,
  characterId: 2115479508,
  profile: 'Default',
  dxVersion: 'dx12'
}
2024-01-06 22:13:04.979    app     info:    [quasar-events] Sent 'eve_launcher.electron.eve_client.TemporaryClientProcessMonitoringRetried'
2024-01-06 22:13:04.980    app     info:    [quasar-events] Sent 'eve_launcher.electron.eve_client.GameClientStarted'
2024-01-06 22:13:04.980    app     info:    [quasar-events] Sent 'eve_launcher.electron.eve_client.TemporaryClientProcessRemoved'
2024-01-06 22:13:05.390    app     info:    [client-queue] Queue has stopped running, no more clients pending startup.
2024-01-06 22:13:33.944    app     info:    [self-update] Checking for a launcher update...
2024-01-06 22:13:34.228    app     info:    [self-update] Currently running the latest launcher version. Scheduling update check in 5 minutes.
2024-01-06 22:17:22.365    app     info:    [ipc-requests] Handling requests in the background
2024-01-06 22:17:23.381    app     info:    [ipc-requests] No longer handling requests in the background
2024-01-06 22:17:58.138    app     info:    [server-manager] Starting refresh cycle for eve-online / Tranquility
2024-01-06 22:17:58.265    app     info:    [server-manager] Previous Tranquility build: 2461603, current build: 2461603
2024-01-06 22:17:58.265    app     info:    [server-manager] Tranquility build is unchanged.
2024-01-06 22:17:58.270    app     info:    [server-manager] Ready to play!
2024-01-06 22:17:58.274    app     info:    [server-manager] Finished refresh cycle for Tranquility
2024-01-06 22:18:34.239    app     info:    [self-update] Checking for a launcher update...
2024-01-06 22:18:34.531    app     info:    [self-update] Currently running the latest launcher version. Scheduling update check in 5 minutes.
2024-01-06 22:22:58.281    app     info:    [server-manager] Starting refresh cycle for eve-online / Tranquility
2024-01-06 22:22:58.405    app     info:    [server-manager] Previous Tranquility build: 2461603, current build: 2461603
2024-01-06 22:22:58.406    app     info:    [server-manager] Tranquility build is unchanged.
2024-01-06 22:22:58.411    app     info:    [server-manager] Ready to play!
2024-01-06 22:22:58.415    app     info:    [server-manager] Finished refresh cycle for Tranquility
2024-01-06 22:23:34.549    app     info:    [self-update] Checking for a launcher update...
2024-01-06 22:23:34.887    app     info:    [self-update] Currently running the latest launcher version. Scheduling update check in 5 minutes.
2024-01-06 22:27:58.421    app     info:    [server-manager] Starting refresh cycle for eve-online / Tranquility
2024-01-06 22:27:58.597    app     info:    [server-manager] Previous Tranquility build: 2461603, current build: 2461603
2024-01-06 22:27:58.597    app     info:    [server-manager] Tranquility build is unchanged.
2024-01-06 22:27:58.603    app     info:    [server-manager] Ready to play!
2024-01-06 22:27:58.607    app     info:    [server-manager] Finished refresh cycle for Tranquility
2024-01-06 22:28:34.900    app     info:    [self-update] Checking for a launcher update...
2024-01-06 22:28:35.179    app     info:    [self-update] Currently running the latest launcher version. Scheduling update check in 5 minutes.
2024-01-06 22:30:25.380    app     info:    [main-window] Main window minimized to tray    { windowId: 2 }
2024-01-06 22:30:25.406    app     info:    [main-window] Sent notification that the application is minimized to tray    { windowId: 2 }
2024-01-06 22:30:25.412    app     info:    [ipc-requests] Handling requests in the background
2024-01-06 22:30:26.424    app     info:    [ipc-requests] No longer handling requests in the background
2024-01-06 22:32:58.621    app     info:    [server-manager] Starting refresh cycle for eve-online / Tranquility
2024-01-06 22:32:58.766    app     info:    [server-manager] Previous Tranquility build: 2461603, current build: 2461603
2024-01-06 22:32:58.766    app     info:    [server-manager] Tranquility build is unchanged.
2024-01-06 22:32:58.772    app     info:    [server-manager] Ready to play!
2024-01-06 22:32:58.775    app     info:    [server-manager] Finished refresh cycle for Tranquility
2024-01-06 22:33:35.186    app     info:    [self-update] Checking for a launcher update...
2024-01-06 22:33:35.485    app     info:    [self-update] Currently running the latest launcher version. Scheduling update check in 5 minutes.
2024-01-06 22:37:58.789    app     info:    [server-manager] Starting refresh cycle for eve-online / Tranquility
2024-01-06 22:37:58.942    app     info:    [server-manager] Previous Tranquility build: 2461603, current build: 2461603
2024-01-06 22:37:58.943    app     info:    [server-manager] Tranquility build is unchanged.
2024-01-06 22:37:58.949    app     info:    [server-manager] Ready to play!
2024-01-06 22:37:58.952    app     info:    [server-manager] Finished refresh cycle for Tranquility
2024-01-06 22:38:35.495    app     info:    [self-update] Checking for a launcher update...
2024-01-06 22:38:35.811    app     info:    [self-update] Currently running the latest launcher version. Scheduling update check in 5 minutes.
2024-01-06 22:42:58.969    app     info:    [server-manager] Starting refresh cycle for eve-online / Tranquility
2024-01-06 22:42:59.126    app     info:    [server-manager] Previous Tranquility build: 2461603, current build: 2461603
2024-01-06 22:42:59.127    app     info:    [server-manager] Tranquility build is unchanged.
2024-01-06 22:42:59.132    app     info:    [server-manager] Ready to play!
2024-01-06 22:42:59.135    app     info:    [server-manager] Finished refresh cycle for Tranquility
2024-01-06 22:43:35.827    app     info:    [self-update] Checking for a launcher update...
2024-01-06 22:43:36.121    app     info:    [self-update] Currently running the latest launcher version. Scheduling update check in 5 minutes.
2024-01-06 22:47:59.143    app     info:    [server-manager] Starting refresh cycle for eve-online / Tranquility
2024-01-06 22:47:59.301    app     info:    [server-manager] Previous Tranquility build: 2461603, current build: 2461603
2024-01-06 22:47:59.301    app     info:    [server-manager] Tranquility build is unchanged.
2024-01-06 22:47:59.307    app     info:    [server-manager] Ready to play!
2024-01-06 22:47:59.310    app     info:    [server-manager] Finished refresh cycle for Tranquility
2024-01-06 22:48:36.126    app     info:    [self-update] Checking for a launcher update...
2024-01-06 22:48:36.425    app     info:    [self-update] Currently running the latest launcher version. Scheduling update check in 5 minutes.
2024-01-06 22:52:59.324    app     info:    [server-manager] Starting refresh cycle for eve-online / Tranquility
2024-01-06 22:52:59.501    app     info:    [server-manager] Previous Tranquility build: 2461603, current build: 2461603
2024-01-06 22:52:59.502    app     info:    [server-manager] Tranquility build is unchanged.
2024-01-06 22:52:59.507    app     info:    [server-manager] Ready to play!
2024-01-06 22:52:59.511    app     info:    [server-manager] Finished refresh cycle for Tranquility
2024-01-06 22:53:36.429    app     info:    [self-update] Checking for a launcher update...
2024-01-06 22:53:36.756    app     info:    [self-update] Currently running the latest launcher version. Scheduling update check in 5 minutes.
2024-01-06 22:57:59.520    app     info:    [server-manager] Starting refresh cycle for eve-online / Tranquility
2024-01-06 22:57:59.768    app     info:    [server-manager] Previous Tranquility build: 2461603, current build: 2461603
2024-01-06 22:57:59.768    app     info:    [server-manager] Tranquility build is unchanged.
2024-01-06 22:57:59.774    app     info:    [server-manager] Ready to play!
2024-01-06 22:57:59.777    app     info:    [server-manager] Finished refresh cycle for Tranquility
2024-01-06 22:58:36.770    app     info:    [self-update] Checking for a launcher update...
2024-01-06 22:58:37.056    app     info:    [self-update] Currently running the latest launcher version. Scheduling update check in 5 minutes.
2024-01-06 22:58:55.202    app     info:    [client-manager] 'tranquility' for EVE game client for '18922386' exited with no errors.
2024-01-06 22:58:55.212    app     info:    [server-manager] Starting refresh cycle for eve-online / Tranquility
2024-01-06 22:58:55.318    app     info:    [quasar-events] Sent 'eve_launcher.electron.eve_client.GameClientExited'
2024-01-06 22:58:55.597    app     info:    [server-manager] Previous Tranquility build: 2461603, current build: 2461603
2024-01-06 22:58:55.597    app     info:    [server-manager] Tranquility build is unchanged.
2024-01-06 22:58:55.603    app     info:    [server-manager] Ready to play!
2024-01-06 22:58:55.607    app     info:    [server-manager] Finished refresh cycle for Tranquility
2024-01-06 23:03:37.060    app     info:    [self-update] Checking for a launcher update...
2024-01-06 23:03:37.392    app     info:    [self-update] Currently running the latest launcher version. Scheduling update check in 5 minutes.
2024-01-06 23:03:55.612    app     info:    [server-manager] Starting refresh cycle for eve-online / Tranquility
2024-01-06 23:03:55.760    app     info:    [server-manager] Previous Tranquility build: 2461603, current build: 2461603
2024-01-06 23:03:55.761    app     info:    [server-manager] Tranquility build is unchanged.
2024-01-06 23:03:55.778    app     info:    [server-manager] Ready to play!
2024-01-06 23:03:55.784    app     info:    [server-manager] Finished refresh cycle for Tranquility
2024-01-06 23:05:39.570    app     info:    [tray] Quitting application from tray
2024-01-06 23:05:39.572    app     info:    Application quitting. Cleanup needed: true
2024-01-06 23:05:39.574    app     info:    [elg-events] Sending event    eve_launcher.electron.application.LauncherShutdown
2024-01-06 23:05:39.576    app     info:    app.quit called, but we are still sending ELG events.
2024-01-06 23:05:40.193    app     info:    ELG stream closed, quitting.
2024-01-06 23:05:40.195    app     info:    [main-window] Main window closing    { windowId: 2 }
2024-01-06 23:05:40.212    app     info:    Application closed    0
