2023-12-25 23:06:48.685    app     info:    Startup arguments    []
2023-12-25 23:06:48.690    app     info:    [self-update] Starting automatic update checks
2023-12-25 23:06:48.690    app     info:    [self-update] Waiting for update feed before starting update checks
2023-12-25 23:06:48.693    app     info:    [preload] High DPI scaling enabled by settings
2023-12-25 23:06:48.827    app     info:    [i18next] Changed language    en
2023-12-25 23:06:48.935    app     info:    [authentication] Token for '16492377' on 'tranquility' is expired, refresh is required
2023-12-25 23:06:48.936    app     info:    [authentication] Refreshing token for '16492377' on 'tranquility'
2023-12-25 23:06:48.936    app     info:    [authentication] Token for '17525312' on 'tranquility' is expired, refresh is required
2023-12-25 23:06:48.937    app     info:    [authentication] Refreshing token for '17525312' on 'tranquility'
2023-12-25 23:06:48.937    app     info:    [authentication] Token for '25218835' on 'tranquility' is expired, refresh is required
2023-12-25 23:06:48.937    app     info:    [authentication] Refreshing token for '25218835' on 'tranquility'
2023-12-25 23:06:48.938    app     info:    [authentication] Token for '29280260' on 'tranquility' is expired, refresh is required
2023-12-25 23:06:48.938    app     info:    [authentication] Refreshing token for '29280260' on 'tranquility'
2023-12-25 23:06:48.938    app     info:    [authentication] Token for '29285645' on 'tranquility' is expired, refresh is required
2023-12-25 23:06:48.938    app     info:    [authentication] Refreshing token for '29285645' on 'tranquility'
2023-12-25 23:06:48.939    app     info:    [authentication] Token for '18034259' on 'tranquility' is expired, refresh is required
2023-12-25 23:06:48.939    app     info:    [authentication] Refreshing token for '18034259' on 'tranquility'
2023-12-25 23:06:48.939    app     info:    [authentication] Token for '28182799' on 'tranquility' is expired, refresh is required
2023-12-25 23:06:48.939    app     info:    [authentication] Refreshing token for '28182799' on 'tranquility'
2023-12-25 23:06:48.940    app     info:    [authentication] Token for '2110311' on 'tranquility' is expired, refresh is required
2023-12-25 23:06:48.940    app     info:    [authentication] Refreshing token for '2110311' on 'tranquility'
2023-12-25 23:06:48.940    app     info:    [authentication] Token for '23622903' on 'tranquility' is expired, refresh is required
2023-12-25 23:06:48.941    app     info:    [authentication] Refreshing token for '23622903' on 'tranquility'
2023-12-25 23:06:48.941    app     info:    [authentication] Token for '26239201' on 'tranquility' is expired, refresh is required
2023-12-25 23:06:48.941    app     info:    [authentication] Refreshing token for '26239201' on 'tranquility'
2023-12-25 23:06:48.941    app     info:    [authentication] Token for '18922386' on 'tranquility' is expired, refresh is required
2023-12-25 23:06:48.942    app     info:    [authentication] Refreshing token for '18922386' on 'tranquility'
2023-12-25 23:06:48.943    app     info:    [authentication] Token for '18000247' on 'tranquility' is expired, refresh is required
2023-12-25 23:06:48.943    app     info:    [authentication] Refreshing token for '18000247' on 'tranquility'
2023-12-25 23:06:48.943    app     info:    [device-id] Device id found in state
2023-12-25 23:06:48.950    app     info:    [analytics] Application name:    EVE Online
2023-12-25 23:06:48.950    app     info:    [analytics] Application version:    1.2.0
2023-12-25 23:06:48.950    app     info:    [analytics] Domain    undefined
2023-12-25 23:06:48.951    app     info:    [analytics] Working directory    C:\Users\REDACTED\AppData\Local\eve-online\app-1.2.0
2023-12-25 23:06:48.951    app     info:    [analytics] Username contains UTF8?    false
2023-12-25 23:06:49.789    app     info:    [elg-events] Sending event    eve_launcher.electron.application.PdmLoaded
2023-12-25 23:06:49.792    app     info:    [analytics] Operating system    {
  type: 'Windows',
  name: 'Windows 10 Education',
  version: '10.0 (19045)'
}
2023-12-25 23:06:49.793    app     info:    [analytics] Encryption available:    true
2023-12-25 23:06:49.793    app     info:    [analytics] Machine UUID    4E9F516C-5B97-47C6-8C67-E93D943CB7C8
2023-12-25 23:06:49.793    app     info:    [analytics] PDM Version    2.1.4
2023-12-25 23:06:49.793    app     info:    [analytics] Release channel    release
2023-12-25 23:06:49.798    app     info:    [initializers] Shared cache directory set to    C:\CCP\EVE Online
2023-12-25 23:06:49.831    app     info:    [initializers] Shared cache drive free space: 114,90 GiB / 465,75 GiB
2023-12-25 23:06:49.839    app     info:    [elg-events] Sending event    eve_launcher.electron.application.LauncherStarted
2023-12-25 23:06:49.843    app     info:    [elg-events] Sending event    eve_launcher.electron.application.CoreDataLoaded
2023-12-25 23:06:49.844    app     info:    [cdn-trace] Fetching CDN trace data from https://binaries.eveonline.com/cdn-cgi/trace
2023-12-25 23:06:49.860    app     info:    [feature-flags] Initializing feature flag client
2023-12-25 23:06:49.969    app     info:    [first-run] First application run was at 2023-11-27T10:29:20.506Z
2023-12-25 23:06:50.024    app     info:    [cache-protocol] Found 0 entries to remove
2023-12-25 23:06:50.024    app     info:    [cache-protocol] Nothing to clean up.
2023-12-25 23:06:50.062    app     info:    [server-manager] Starting refresh cycle for eve-online / Tranquility
2023-12-25 23:06:50.112    app     info:    info: [LaunchDarkly] LaunchDarkly client initialized    []
2023-12-25 23:06:50.113    app     info:    info: [LaunchDarkly] Opening stream connection to https://clientstream.launchdarkly.com/eval/64c3d12e27a4b11365012d39/eyJrZXkiOiI0YTQzNmFkYi00Yjk5LTQwYTctODViMC00MmUyMDZmNDEyODYiLCJraW5kIjoidXNlciIsImN1c3RvbSI6eyJpc0ZpcnN0UnVuIjpmYWxzZSwiZGF5c1NpbmNlRmlyc3RSdW4iOjI4LCJsYW5ndWFnZSI6ImVuIiwiYXBwbGljYXRpb24iOiJldmUtb25saW5lIiwidmVyc2lvbiI6IjEuMi4wIiwicGxhdGZvcm0iOiJ3aW5kb3dzIiwib3NWZXJzaW9uRGVwcmVjYXRlZCI6ZmFsc2UsInVzZXJJZHMiOlsxNjQ5MjM3NywyNTIxODgzNSwyMTEwMzExLDI5Mjg1NjQ1XSwib21lZ2FDb3VudCI6MCwiYWxwaGFDb3VudCI6MTIsImFjY291bnRDb3VudCI6MTIsIm9sZGVzdEFjY291bnRBZ2UiOjYwMTIsInlvdW5nZXN0QWNjb3VudEFnZSI6MjR9fQ?withReasons=true    []
2023-12-25 23:06:50.114    app     info:    [feature-flags] Client 4a436adb... ready, fetching flags
2023-12-25 23:06:50.119    app     info:    [feature-flags] Received 18 flags for client 4a436adb...
2023-12-25 23:06:50.119    app     info:    [feature-flags] Client initialized with key 4a436adb...
2023-12-25 23:06:50.122    app     info:    [self-update] Update feed set, starting update checks
2023-12-25 23:06:50.122    app     info:    [self-update] Starting automatic update checks
2023-12-25 23:06:50.123    app     info:    [self-update] Checking for a launcher update...
2023-12-25 23:06:50.161    app     info:    [customer-information] Agreements have been updated
2023-12-25 23:06:50.207    app     info:    [server-manager] Previous Tranquility build: 2454674, current build: 2454674
2023-12-25 23:06:50.207    app     info:    [server-manager] Tranquility build is unchanged.
2023-12-25 23:06:50.212    app     info:    [server-manager] Ready to play!
2023-12-25 23:06:50.215    app     info:    [server-manager] Finished refresh cycle for Tranquility
2023-12-25 23:06:50.239    app     info:    [authentication] Token for '16492377' on 'tranquility' has been successfully refreshed
2023-12-25 23:06:50.240    app     info:    [elg-events] Sending event    eve_launcher.electron.authentication.UserTokensRefreshed
2023-12-25 23:06:50.243    app     info:    [customer-information] Getting character information for '16492377' on 'tranquility'
2023-12-25 23:06:50.243    app     info:    [customer-information] Getting Omega status for '16492377' on 'tranquility'
2023-12-25 23:06:50.243    app     info:    [virtual-goods] Getting Plex status for '16492377' on 'tranquility'
2023-12-25 23:06:50.257    app     info:    [authentication] Token for '29285645' on 'tranquility' has been successfully refreshed
2023-12-25 23:06:50.258    app     info:    [elg-events] Sending event    eve_launcher.electron.authentication.UserTokensRefreshed
2023-12-25 23:06:50.260    app     info:    [customer-information] Getting character information for '29285645' on 'tranquility'
2023-12-25 23:06:50.260    app     info:    [customer-information] Getting Omega status for '29285645' on 'tranquility'
2023-12-25 23:06:50.260    app     info:    [virtual-goods] Getting Plex status for '29285645' on 'tranquility'
2023-12-25 23:06:50.271    app     info:    [authentication] Token for '25218835' on 'tranquility' has been successfully refreshed
2023-12-25 23:06:50.272    app     info:    [elg-events] Sending event    eve_launcher.electron.authentication.UserTokensRefreshed
2023-12-25 23:06:50.274    app     info:    [customer-information] Getting character information for '25218835' on 'tranquility'
2023-12-25 23:06:50.274    app     info:    [customer-information] Getting Omega status for '25218835' on 'tranquility'
2023-12-25 23:06:50.274    app     info:    [virtual-goods] Getting Plex status for '25218835' on 'tranquility'
2023-12-25 23:06:50.284    app     info:    [authentication] Token for '28182799' on 'tranquility' has been successfully refreshed
2023-12-25 23:06:50.286    app     info:    [elg-events] Sending event    eve_launcher.electron.authentication.UserTokensRefreshed
2023-12-25 23:06:50.288    app     info:    [customer-information] Getting character information for '28182799' on 'tranquility'
2023-12-25 23:06:50.288    app     info:    [customer-information] Getting Omega status for '28182799' on 'tranquility'
2023-12-25 23:06:50.288    app     info:    [virtual-goods] Getting Plex status for '28182799' on 'tranquility'
2023-12-25 23:06:50.299    app     info:    [authentication] Token for '18000247' on 'tranquility' has been successfully refreshed
2023-12-25 23:06:50.300    app     info:    [elg-events] Sending event    eve_launcher.electron.authentication.UserTokensRefreshed
2023-12-25 23:06:50.302    app     info:    [customer-information] Getting character information for '18000247' on 'tranquility'
2023-12-25 23:06:50.302    app     info:    [customer-information] Getting Omega status for '18000247' on 'tranquility'
2023-12-25 23:06:50.302    app     info:    [virtual-goods] Getting Plex status for '18000247' on 'tranquility'
2023-12-25 23:06:50.312    app     info:    [authentication] Token for '26239201' on 'tranquility' has been successfully refreshed
2023-12-25 23:06:50.314    app     info:    [elg-events] Sending event    eve_launcher.electron.authentication.UserTokensRefreshed
2023-12-25 23:06:50.315    app     info:    [customer-information] Getting character information for '26239201' on 'tranquility'
2023-12-25 23:06:50.315    app     info:    [customer-information] Getting Omega status for '26239201' on 'tranquility'
2023-12-25 23:06:50.316    app     info:    [virtual-goods] Getting Plex status for '26239201' on 'tranquility'
2023-12-25 23:06:50.325    app     info:    [authentication] Token for '2110311' on 'tranquility' has been successfully refreshed
2023-12-25 23:06:50.328    app     info:    [elg-events] Sending event    eve_launcher.electron.authentication.UserTokensRefreshed
2023-12-25 23:06:50.329    app     info:    [customer-information] Getting character information for '2110311' on 'tranquility'
2023-12-25 23:06:50.330    app     info:    [customer-information] Getting Omega status for '2110311' on 'tranquility'
2023-12-25 23:06:50.330    app     info:    [virtual-goods] Getting Plex status for '2110311' on 'tranquility'
2023-12-25 23:06:50.340    app     info:    [authentication] Token for '18922386' on 'tranquility' has been successfully refreshed
2023-12-25 23:06:50.341    app     info:    [elg-events] Sending event    eve_launcher.electron.authentication.UserTokensRefreshed
2023-12-25 23:06:50.342    app     info:    [customer-information] Getting character information for '18922386' on 'tranquility'
2023-12-25 23:06:50.343    app     info:    [customer-information] Getting Omega status for '18922386' on 'tranquility'
2023-12-25 23:06:50.343    app     info:    [virtual-goods] Getting Plex status for '18922386' on 'tranquility'
2023-12-25 23:06:50.353    app     info:    [authentication] Token for '29280260' on 'tranquility' has been successfully refreshed
2023-12-25 23:06:50.355    app     info:    [elg-events] Sending event    eve_launcher.electron.authentication.UserTokensRefreshed
2023-12-25 23:06:50.356    app     info:    [customer-information] Getting character information for '29280260' on 'tranquility'
2023-12-25 23:06:50.356    app     info:    [customer-information] Getting Omega status for '29280260' on 'tranquility'
2023-12-25 23:06:50.356    app     info:    [virtual-goods] Getting Plex status for '29280260' on 'tranquility'
2023-12-25 23:06:50.367    app     info:    [authentication] Token for '18034259' on 'tranquility' has been successfully refreshed
2023-12-25 23:06:50.369    app     info:    [elg-events] Sending event    eve_launcher.electron.authentication.UserTokensRefreshed
2023-12-25 23:06:50.370    app     info:    [customer-information] Getting character information for '18034259' on 'tranquility'
2023-12-25 23:06:50.370    app     info:    [customer-information] Getting Omega status for '18034259' on 'tranquility'
2023-12-25 23:06:50.371    app     info:    [virtual-goods] Getting Plex status for '18034259' on 'tranquility'
2023-12-25 23:06:50.381    app     info:    [authentication] Token for '23622903' on 'tranquility' has been successfully refreshed
2023-12-25 23:06:50.382    app     info:    [elg-events] Sending event    eve_launcher.electron.authentication.UserTokensRefreshed
2023-12-25 23:06:50.384    app     info:    [customer-information] Getting character information for '23622903' on 'tranquility'
2023-12-25 23:06:50.384    app     info:    [customer-information] Getting Omega status for '23622903' on 'tranquility'
2023-12-25 23:06:50.384    app     info:    [virtual-goods] Getting Plex status for '23622903' on 'tranquility'
2023-12-25 23:06:50.394    app     info:    [authentication] Token for '17525312' on 'tranquility' has been successfully refreshed
2023-12-25 23:06:50.396    app     info:    [elg-events] Sending event    eve_launcher.electron.authentication.UserTokensRefreshed
2023-12-25 23:06:50.397    app     info:    [customer-information] Getting character information for '17525312' on 'tranquility'
2023-12-25 23:06:50.398    app     info:    [customer-information] Getting Omega status for '17525312' on 'tranquility'
2023-12-25 23:06:50.398    app     info:    [virtual-goods] Getting Plex status for '17525312' on 'tranquility'
2023-12-25 23:06:50.406    app     info:    [AuthenticationMiddleware] Successfully restored 12 / 12 users
2023-12-25 23:06:50.486    app     info:    [esi] Fetching character details for 2121174545
2023-12-25 23:06:50.496    app     info:    [esi] Fetching character details for 2113875139, 2121174871
2023-12-25 23:06:50.513    app     info:    [esi] Fetching character details for 2118248041, 2121175776
2023-12-25 23:06:50.543    app     info:    [customer-information] Agreement status has been fetched for user '28182799'
2023-12-25 23:06:50.546    app     info:    [esi] Fetching character details for 2121878074
2023-12-25 23:06:50.559    app     info:    [customer-information] Agreement status has been fetched for user '29280260'
2023-12-25 23:06:50.561    app     info:    [esi] Fetching character details for 578564394, 2115457291
2023-12-25 23:06:50.570    app     info:    [esi] Fetching character details for 2115031890, 2121177973
2023-12-25 23:06:50.589    app     info:    [customer-information] Agreement status has been fetched for user '26239201'
2023-12-25 23:06:50.615    app     info:    [customer-information] Agreement status has been fetched for user '23622903'
2023-12-25 23:06:50.620    app     info:    [customer-information] Agreement status has been fetched for user '17525312'
2023-12-25 23:06:50.626    app     info:    [customer-information] Agreement status has been fetched for user '18922386'
2023-12-25 23:06:50.633    app     info:    [esi] Fetching character details for 2114656127, 2121178396
2023-12-25 23:06:50.652    app     info:    [customer-information] Agreement status has been fetched for user '16492377'
2023-12-25 23:06:50.653    app     info:    [virtual-goods] Fetched Plex status for '17525312' on 'tranquility'
2023-12-25 23:06:50.658    app     info:    [AuthenticationMiddleware] User information updated
2023-12-25 23:06:50.660    app     info:    [esi] Fetching character details for 2119361891, 2120347635
2023-12-25 23:06:50.691    app     info:    [customer-information] Agreement status has been fetched for user '2110311'
2023-12-25 23:06:50.691    app     info:    [virtual-goods] Fetched Plex status for '18000247' on 'tranquility'
2023-12-25 23:06:50.698    app     info:    [esi] Fetching character details for 2115479508
2023-12-25 23:06:50.717    app     info:    [customer-information] Agreement status has been fetched for user '25218835'
2023-12-25 23:06:50.718    app     info:    [esi] Fetching character details for 2121853336
2023-12-25 23:06:50.738    app     info:    [customer-information] Agreement status has been fetched for user '18034259'
2023-12-25 23:06:50.738    app     info:    [virtual-goods] Fetched Plex status for '29285645' on 'tranquility'
2023-12-25 23:06:50.744    app     info:    [self-update] Currently running the latest launcher version. Scheduling update check in 5 minutes.
2023-12-25 23:06:50.750    app     info:    [customer-information] Agreement status has been fetched for user '29285645'
2023-12-25 23:06:50.751    app     info:    [AuthenticationMiddleware] User information updated
2023-12-25 23:06:50.753    app     info:    [esi] Fetching character details for 2121178171
2023-12-25 23:06:50.770    app     info:    [esi] Fetching character details for 2121891348
2023-12-25 23:06:50.782    app     info:    [customer-information] Agreement status has been fetched for user '18000247'
2023-12-25 23:06:50.782    app     info:    [AuthenticationMiddleware] User information updated
2023-12-25 23:06:50.782    app     info:    [virtual-goods] Fetched Plex status for '18922386' on 'tranquility'
2023-12-25 23:06:50.787    app     info:    [AuthenticationMiddleware] User information updated
2023-12-25 23:06:50.787    app     info:    [virtual-goods] Fetched Plex status for '18034259' on 'tranquility'
2023-12-25 23:06:50.792    app     info:    [AuthenticationMiddleware] User information updated
2023-12-25 23:06:50.793    app     info:    [virtual-goods] Fetched Plex status for '23622903' on 'tranquility'
2023-12-25 23:06:50.798    app     info:    [AuthenticationMiddleware] User information updated
2023-12-25 23:06:50.798    app     info:    [virtual-goods] Fetched Plex status for '2110311' on 'tranquility'
2023-12-25 23:06:50.803    app     info:    [AuthenticationMiddleware] User information updated
2023-12-25 23:06:50.804    app     info:    [virtual-goods] Fetched Plex status for '29280260' on 'tranquility'
2023-12-25 23:06:50.808    app     info:    [AuthenticationMiddleware] User information updated
2023-12-25 23:06:50.809    app     info:    [virtual-goods] Fetched Plex status for '28182799' on 'tranquility'
2023-12-25 23:06:50.814    app     info:    [AuthenticationMiddleware] User information updated
2023-12-25 23:06:50.815    app     info:    [virtual-goods] Fetched Plex status for '25218835' on 'tranquility'
2023-12-25 23:06:50.820    app     info:    [AuthenticationMiddleware] User information updated
2023-12-25 23:06:50.820    app     info:    [virtual-goods] Fetched Plex status for '16492377' on 'tranquility'
2023-12-25 23:06:50.824    app     info:    [AuthenticationMiddleware] User information updated
2023-12-25 23:06:51.073    app     warn:    [steam-auth] Failed to initialize Steamworks client
2023-12-25 23:06:51.081    app     info:    [main-window] Registering main window    { windowId: 2 }
2023-12-25 23:06:51.093    app     info:    [cdn-trace] Fetching CDN trace data from https://binaries.eveonline.com/cdn-cgi/trace
2023-12-25 23:06:51.095    app     info:    [creatives] Requesting creatives
2023-12-25 23:06:51.109    app     info:    [elg-events] Sending event    eve_launcher.electron.application.RendererLoaded
2023-12-25 23:06:51.120    app     info:    [virtual-goods] Fetched Plex status for '26239201' on 'tranquility'
2023-12-25 23:06:51.125    app     info:    [AuthenticationMiddleware] User information updated
2023-12-25 23:06:51.236    app     info:    [creatives] Received 2 creatives
2023-12-25 23:06:51.262    app     info:    [esi] Fetched 2 character details for 16492377
2023-12-25 23:06:51.282    app     info:    [esi] Fetched 1 character details for 28182799
2023-12-25 23:06:51.292    app     info:    [esi] Fetched 2 character details for 17525312
2023-12-25 23:06:51.304    app     info:    [esi] Fetched 2 character details for 25218835
2023-12-25 23:06:51.305    app     info:    [esi] Fetched 2 character details for 2110311
2023-12-25 23:06:51.308    app     info:    [esi] Fetched 2 character details for 18034259
2023-12-25 23:06:51.340    app     info:    [esi] Fetched 1 character details for 18922386
2023-12-25 23:06:51.342    app     info:    [esi] Fetched 1 character details for 26239201
2023-12-25 23:06:51.344    app     info:    [esi] Fetched 1 character details for 29285645
2023-12-25 23:06:51.372    app     info:    [esi] Fetched 1 character details for 18000247
2023-12-25 23:06:51.376    app     info:    [esi] Fetched 1 character details for 29280260
2023-12-25 23:06:51.380    app     info:    [esi] Fetched 2 character details for 23622903
2023-12-25 23:06:52.075     ui     info:    Initializing captcha    ccp://launcher/renderer/main_window/index.js    2
2023-12-25 23:06:52.567    app     info:    [ipc-requests] Handling requests in the background
2023-12-25 23:06:53.582    app     info:    [ipc-requests] No longer handling requests in the background
2023-12-25 23:06:58.458    app     info:    [analytics] Hardware rendering enabled:    true    { disabledViaCommandline: false, disabledViaSettings: false }
2023-12-25 23:07:20.091    app     warn:    Could not connect to LogLite    [
  Error: connect ECONNREFUSED 127.0.0.1:3273
      at TCPConnectWrap.afterConnect [as oncomplete] (node:net:1247:16) {
    errno: -4078,
    code: 'ECONNREFUSED',
    syscall: 'connect',
    address: '127.0.0.1',
    port: 3273
  }
]
2023-12-25 23:07:35.386    app     info:    [AuthenticationMiddleware] Character information for '23622903' on 'tranquility' was loaded recently, skipping refresh.
2023-12-25 23:07:35.386    app     info:    [AuthenticationMiddleware] Plex information for '23622903' on 'tranquility' was loaded recently, skipping refresh.
2023-12-25 23:07:36.585    app     info:    [AuthenticationMiddleware] Character information for '23622903' on 'tranquility' was loaded recently, skipping refresh.
2023-12-25 23:07:36.586    app     info:    [AuthenticationMiddleware] Plex information for '23622903' on 'tranquility' was loaded recently, skipping refresh.
2023-12-25 23:07:37.864    app     info:    [client-queue] Queued client startup    {
  product: 'eve-online',
  tenant: 'tranquility',
  userId: 23622903,
  characterId: 2121175776,
  profile: ''
}
2023-12-25 23:07:37.867    app     info:    [elg-events] Sending event    eve_launcher.electron.eve_client.ClientQueued
2023-12-25 23:07:37.873    app     info:    [client-queue] No clients running for tranquility, copying files before starting a client
2023-12-25 23:07:37.880    app     info:    [elg-events] Sending event    eve_launcher.electron.eve_client.CopyingFilesStarted
2023-12-25 23:07:37.881    app     info:    [binary-copier] Copying 194 files (216 MB) to 'C:\CCP\EVE Online\tq'
2023-12-25 23:07:37.904    app     info:    [binary-copier] Removing old binaries
2023-12-25 23:07:37.918    app     info:    [binary-copier] Copying binaries from ResFiles
2023-12-25 23:07:38.344    app     info:    [binary-copier] Finished copying 194 files to 'C:\CCP\EVE Online\tq' in 0.466 seconds
2023-12-25 23:07:38.346    app     info:    [elg-events] Sending event    eve_launcher.electron.eve_client.CopyingFilesFinished
2023-12-25 23:07:38.352    app     info:    [client-manager] Starting EVE Online game client.    C:\CCP\EVE Online\tq\bin64\exefile.exe    Map(11) {
  'noconsole' => '/noconsole',
  'server' => '/server:tranquility.servers.eveonline.com',
  'triplatform' => '/triplatform=dx12',
  'ssotoken' => '/ssoToken=***',
  'refreshtoken' => '/refreshToken=***',
  'settingsprofile' => '/settingsprofile=Default',
  'deviceid' => '/deviceID=4a436adb-4b99-40a7-85b0-42e206f41286',
  'autoselectcharacter' => '/autoSelectCharacter:2121175776',
  'language' => '/language=en',
  'exp' => '1703546208',
  'tokenExpires' => '2023-12-26 01:16:48.000'
}    23622903
2023-12-25 23:07:38.403    app     info:    [client-queue] Started client from group startup    {
  product: 'eve-online',
  tenant: 'tranquility',
  characterId: 2121175776,
  profile: '',
  userId: 23622903
}
2023-12-25 23:07:38.459    app     info:    [quasar-events] Sent 'eve_launcher.electron.eve_client.GameClientStartRequested'
2023-12-25 23:07:38.459    app     info:    [quasar-events] Sent 'eve_launcher.electron.eve_client.TemporaryClientProcessAdded'
2023-12-25 23:07:38.927    app     info:    [client-manager] Found 'tranquility' client for '23622903' running:     {
  processId: 3864,
  createdDate: 1703545658425,
  userId: 23622903,
  characterId: 2121175776,
  profile: 'Default',
  dxVersion: 'dx12'
}
2023-12-25 23:07:39.027    app     info:    [quasar-events] Sent 'eve_launcher.electron.eve_client.TemporaryClientProcessMonitoringRetried'
2023-12-25 23:07:39.027    app     info:    [quasar-events] Sent 'eve_launcher.electron.eve_client.GameClientStarted'
2023-12-25 23:07:39.027    app     info:    [quasar-events] Sent 'eve_launcher.electron.eve_client.TemporaryClientProcessRemoved'
2023-12-25 23:07:39.422    app     info:    [client-queue] Queue has stopped running, no more clients pending startup.
2023-12-25 23:11:50.225    app     info:    [server-manager] Starting refresh cycle for eve-online / Tranquility
2023-12-25 23:11:50.351    app     info:    [server-manager] Previous Tranquility build: 2454674, current build: 2454674
2023-12-25 23:11:50.352    app     info:    [server-manager] Tranquility build is unchanged.
2023-12-25 23:11:50.358    app     info:    [server-manager] Ready to play!
2023-12-25 23:11:50.362    app     info:    [server-manager] Finished refresh cycle for Tranquility
2023-12-25 23:11:50.755    app     info:    [self-update] Checking for a launcher update...
2023-12-25 23:11:51.050    app     info:    [self-update] Currently running the latest launcher version. Scheduling update check in 5 minutes.
2023-12-25 23:14:44.537    app     info:    [ipc-requests] Handling requests in the background
2023-12-25 23:14:45.538    app     info:    [ipc-requests] No longer handling requests in the background
2023-12-25 23:16:50.378    app     info:    [server-manager] Starting refresh cycle for eve-online / Tranquility
2023-12-25 23:16:50.497    app     info:    [server-manager] Previous Tranquility build: 2454674, current build: 2454674
2023-12-25 23:16:50.497    app     info:    [server-manager] Tranquility build is unchanged.
2023-12-25 23:16:50.503    app     info:    [server-manager] Ready to play!
2023-12-25 23:16:50.508    app     info:    [server-manager] Finished refresh cycle for Tranquility
2023-12-25 23:16:51.063    app     info:    [self-update] Checking for a launcher update...
2023-12-25 23:16:51.348    app     info:    [self-update] Currently running the latest launcher version. Scheduling update check in 5 minutes.
2023-12-25 23:21:50.510    app     info:    [server-manager] Starting refresh cycle for eve-online / Tranquility
2023-12-25 23:21:50.662    app     info:    [server-manager] Previous Tranquility build: 2454674, current build: 2454674
2023-12-25 23:21:50.663    app     info:    [server-manager] Tranquility build is unchanged.
2023-12-25 23:21:50.668    app     info:    [server-manager] Ready to play!
2023-12-25 23:21:50.672    app     info:    [server-manager] Finished refresh cycle for Tranquility
2023-12-25 23:21:51.355    app     info:    [self-update] Checking for a launcher update...
2023-12-25 23:21:51.644    app     info:    [self-update] Currently running the latest launcher version. Scheduling update check in 5 minutes.
2023-12-25 23:26:50.674    app     info:    [server-manager] Starting refresh cycle for eve-online / Tranquility
2023-12-25 23:26:50.792    app     info:    [server-manager] Previous Tranquility build: 2454674, current build: 2454674
2023-12-25 23:26:50.792    app     info:    [server-manager] Tranquility build is unchanged.
2023-12-25 23:26:50.797    app     info:    [server-manager] Ready to play!
2023-12-25 23:26:50.801    app     info:    [server-manager] Finished refresh cycle for Tranquility
2023-12-25 23:26:51.644    app     info:    [self-update] Checking for a launcher update...
2023-12-25 23:26:51.936    app     info:    [self-update] Currently running the latest launcher version. Scheduling update check in 5 minutes.
2023-12-25 23:31:50.808    app     info:    [server-manager] Starting refresh cycle for eve-online / Tranquility
2023-12-25 23:31:50.918    app     info:    [server-manager] Previous Tranquility build: 2454674, current build: 2454674
2023-12-25 23:31:50.919    app     info:    [server-manager] Tranquility build is unchanged.
2023-12-25 23:31:50.923    app     info:    [server-manager] Ready to play!
2023-12-25 23:31:50.926    app     info:    [server-manager] Finished refresh cycle for Tranquility
2023-12-25 23:31:51.939    app     info:    [self-update] Checking for a launcher update...
2023-12-25 23:31:52.251    app     info:    [self-update] Currently running the latest launcher version. Scheduling update check in 5 minutes.
2023-12-25 23:36:50.929    app     info:    [server-manager] Starting refresh cycle for eve-online / Tranquility
2023-12-25 23:36:51.065    app     info:    [server-manager] Previous Tranquility build: 2454674, current build: 2454674
2023-12-25 23:36:51.065    app     info:    [server-manager] Tranquility build is unchanged.
2023-12-25 23:36:51.070    app     info:    [server-manager] Ready to play!
2023-12-25 23:36:51.073    app     info:    [server-manager] Finished refresh cycle for Tranquility
2023-12-25 23:36:52.256    app     info:    [self-update] Checking for a launcher update...
2023-12-25 23:36:52.613    app     info:    [self-update] Currently running the latest launcher version. Scheduling update check in 5 minutes.
2023-12-25 23:41:51.085    app     info:    [server-manager] Starting refresh cycle for eve-online / Tranquility
2023-12-25 23:41:51.230    app     info:    [server-manager] Previous Tranquility build: 2454674, current build: 2454674
2023-12-25 23:41:51.230    app     info:    [server-manager] Tranquility build is unchanged.
2023-12-25 23:41:51.235    app     info:    [server-manager] Ready to play!
2023-12-25 23:41:51.238    app     info:    [server-manager] Finished refresh cycle for Tranquility
2023-12-25 23:41:52.624    app     info:    [self-update] Checking for a launcher update...
2023-12-25 23:41:52.926    app     info:    [self-update] Currently running the latest launcher version. Scheduling update check in 5 minutes.
2023-12-25 23:46:51.241    app     info:    [server-manager] Starting refresh cycle for eve-online / Tranquility
2023-12-25 23:46:51.407    app     info:    [server-manager] Previous Tranquility build: 2454674, current build: 2454674
2023-12-25 23:46:51.407    app     info:    [server-manager] Tranquility build is unchanged.
2023-12-25 23:46:51.413    app     info:    [server-manager] Ready to play!
2023-12-25 23:46:51.416    app     info:    [server-manager] Finished refresh cycle for Tranquility
2023-12-25 23:46:52.929    app     info:    [self-update] Checking for a launcher update...
2023-12-25 23:46:53.213    app     info:    [self-update] Currently running the latest launcher version. Scheduling update check in 5 minutes.
2023-12-25 23:51:51.433    app     info:    [server-manager] Starting refresh cycle for eve-online / Tranquility
2023-12-25 23:51:51.539    app     info:    [server-manager] Previous Tranquility build: 2454674, current build: 2454674
2023-12-25 23:51:51.539    app     info:    [server-manager] Tranquility build is unchanged.
2023-12-25 23:51:51.544    app     info:    [server-manager] Ready to play!
2023-12-25 23:51:51.547    app     info:    [server-manager] Finished refresh cycle for Tranquility
2023-12-25 23:51:53.223    app     info:    [self-update] Checking for a launcher update...
2023-12-25 23:51:53.514    app     info:    [self-update] Currently running the latest launcher version. Scheduling update check in 5 minutes.
2023-12-25 23:56:51.554    app     info:    [server-manager] Starting refresh cycle for eve-online / Tranquility
2023-12-25 23:56:51.705    app     info:    [server-manager] Previous Tranquility build: 2454674, current build: 2454674
2023-12-25 23:56:51.706    app     info:    [server-manager] Tranquility build is unchanged.
2023-12-25 23:56:51.710    app     info:    [server-manager] Ready to play!
2023-12-25 23:56:51.714    app     info:    [server-manager] Finished refresh cycle for Tranquility
2023-12-25 23:56:53.522    app     info:    [self-update] Checking for a launcher update...
2023-12-25 23:56:53.810    app     info:    [self-update] Currently running the latest launcher version. Scheduling update check in 5 minutes.
