2023-12-15 13:15:40.956    app     info:    Startup arguments    []
2023-12-15 13:15:40.961    app     info:    [self-update] Starting automatic update checks
2023-12-15 13:15:40.961    app     info:    [self-update] Waiting for update feed before starting update checks
2023-12-15 13:15:40.964    app     info:    [preload] High DPI scaling enabled by settings
2023-12-15 13:15:41.100    app     info:    [i18next] Changed language    en
2023-12-15 13:15:41.210    app     info:    [authentication] Token for '16492377' on 'tranquility' is expired, refresh is required
2023-12-15 13:15:41.210    app     info:    [authentication] Refreshing token for '16492377' on 'tranquility'
2023-12-15 13:15:41.211    app     info:    [authentication] Token for '17525312' on 'tranquility' is expired, refresh is required
2023-12-15 13:15:41.211    app     info:    [authentication] Refreshing token for '17525312' on 'tranquility'
2023-12-15 13:15:41.211    app     info:    [authentication] Token for '25218835' on 'tranquility' is expired, refresh is required
2023-12-15 13:15:41.212    app     info:    [authentication] Refreshing token for '25218835' on 'tranquility'
2023-12-15 13:15:41.212    app     info:    [customer-information] Getting character information for '29280260' on 'tranquility'
2023-12-15 13:15:41.213    app     info:    [customer-information] Getting Omega status for '29280260' on 'tranquility'
2023-12-15 13:15:41.213    app     info:    [virtual-goods] Getting Plex status for '29280260' on 'tranquility'
2023-12-15 13:15:41.216    app     info:    [customer-information] Getting character information for '29285645' on 'tranquility'
2023-12-15 13:15:41.216    app     info:    [customer-information] Getting Omega status for '29285645' on 'tranquility'
2023-12-15 13:15:41.216    app     info:    [virtual-goods] Getting Plex status for '29285645' on 'tranquility'
2023-12-15 13:15:41.217    app     info:    [authentication] Token for '18034259' on 'tranquility' is expired, refresh is required
2023-12-15 13:15:41.217    app     info:    [authentication] Refreshing token for '18034259' on 'tranquility'
2023-12-15 13:15:41.217    app     info:    [authentication] Token for '28182799' on 'tranquility' is expired, refresh is required
2023-12-15 13:15:41.217    app     info:    [authentication] Refreshing token for '28182799' on 'tranquility'
2023-12-15 13:15:41.218    app     info:    [authentication] Token for '2110311' on 'tranquility' is expired, refresh is required
2023-12-15 13:15:41.218    app     info:    [authentication] Refreshing token for '2110311' on 'tranquility'
2023-12-15 13:15:41.218    app     info:    [authentication] Token for '23622903' on 'tranquility' is expired, refresh is required
2023-12-15 13:15:41.218    app     info:    [authentication] Refreshing token for '23622903' on 'tranquility'
2023-12-15 13:15:41.219    app     info:    [authentication] Token for '26239201' on 'tranquility' is expired, refresh is required
2023-12-15 13:15:41.219    app     info:    [authentication] Refreshing token for '26239201' on 'tranquility'
2023-12-15 13:15:41.219    app     info:    [authentication] Token for '18922386' on 'tranquility' is expired, refresh is required
2023-12-15 13:15:41.219    app     info:    [authentication] Refreshing token for '18922386' on 'tranquility'
2023-12-15 13:15:41.219    app     info:    [authentication] Token for '18000247' on 'tranquility' is expired, refresh is required
2023-12-15 13:15:41.220    app     info:    [authentication] Refreshing token for '18000247' on 'tranquility'
2023-12-15 13:15:41.220    app     info:    [device-id] Device id found in state
2023-12-15 13:15:41.226    app     info:    [analytics] Application name:    EVE Online
2023-12-15 13:15:41.227    app     info:    [analytics] Application version:    1.1.0
2023-12-15 13:15:41.227    app     info:    [analytics] Domain    undefined
2023-12-15 13:15:41.227    app     info:    [analytics] Working directory    C:\Users\REDACTED\AppData\Local\eve-online\app-1.1.0
2023-12-15 13:15:41.228    app     info:    [analytics] Username contains UTF8?    false
2023-12-15 13:15:42.030    app     info:    [elg-events] Sending event    eve_launcher.electron.application.PdmLoaded
2023-12-15 13:15:42.036    app     info:    [analytics] Operating system    {
  type: 'Windows',
  name: 'Windows 10 Education',
  version: '10.0 (19045)'
}
2023-12-15 13:15:42.038    app     info:    [analytics] Encryption available:    true
2023-12-15 13:15:42.038    app     info:    [analytics] Machine UUID    4E9F516C-5B97-47C6-8C67-E93D943CB7C8
2023-12-15 13:15:42.038    app     info:    [analytics] PDM Version    2.1.4
2023-12-15 13:15:42.038    app     info:    [analytics] Release channel    release
2023-12-15 13:15:42.043    app     info:    [initializers] Shared cache directory set to    C:\CCP\EVE Online
2023-12-15 13:15:42.075    app     info:    [initializers] Shared cache drive free space: 73,50 GiB / 465,75 GiB
2023-12-15 13:15:42.084    app     info:    [elg-events] Sending event    eve_launcher.electron.application.LauncherStarted
2023-12-15 13:15:42.088    app     info:    [elg-events] Sending event    eve_launcher.electron.application.CoreDataLoaded
2023-12-15 13:15:42.089    app     info:    [cdn-trace] Fetching CDN trace data from https://binaries.eveonline.com/cdn-cgi/trace
2023-12-15 13:15:42.104    app     info:    [feature-flags] Initializing feature flag client
2023-12-15 13:15:42.201    app     info:    [first-run] First application run was at 2023-11-27T10:29:20.506Z
2023-12-15 13:15:42.258    app     info:    [cache-protocol] Found 0 entries to remove
2023-12-15 13:15:42.258    app     info:    [cache-protocol] Nothing to clean up.
2023-12-15 13:15:42.296    app     info:    [server-manager] Starting refresh cycle for eve-online / Tranquility
2023-12-15 13:15:42.303    app     info:    [esi] Fetching character details for 2121853336
2023-12-15 13:15:42.320    app     info:    [customer-information] Agreements have been updated
2023-12-15 13:15:42.339    app     info:    [esi] Fetching character details for 2121878074
2023-12-15 13:15:42.369    app     info:    info: [LaunchDarkly] LaunchDarkly client initialized    []
2023-12-15 13:15:42.370    app     info:    info: [LaunchDarkly] Opening stream connection to https://clientstream.launchdarkly.com/eval/64c3d12e27a4b11365012d39/eyJrZXkiOiI0YTQzNmFkYi00Yjk5LTQwYTctODViMC00MmUyMDZmNDEyODYiLCJraW5kIjoidXNlciIsImN1c3RvbSI6eyJpc0ZpcnN0UnVuIjpmYWxzZSwiZGF5c1NpbmNlRmlyc3RSdW4iOjE4LCJsYW5ndWFnZSI6ImVuIiwiYXBwbGljYXRpb24iOiJldmUtb25saW5lIiwidmVyc2lvbiI6IjEuMS4wIiwicGxhdGZvcm0iOiJ3aW5kb3dzIiwib3NWZXJzaW9uRGVwcmVjYXRlZCI6ZmFsc2UsInVzZXJJZHMiOlsxNjQ5MjM3NywxODAwMDI0NywyMTEwMzExLDI5Mjg1NjQ1XSwib21lZ2FDb3VudCI6MCwiYWxwaGFDb3VudCI6MTIsImFjY291bnRDb3VudCI6MTIsIm9sZGVzdEFjY291bnRBZ2UiOjYwMDEsInlvdW5nZXN0QWNjb3VudEFnZSI6MTR9fQ?withReasons=true    []
2023-12-15 13:15:42.371    app     info:    [feature-flags] Client 4a436adb... ready, fetching flags
2023-12-15 13:15:42.375    app     info:    [feature-flags] Received 17 flags for client 4a436adb...
2023-12-15 13:15:42.375    app     info:    [feature-flags] Client initialized with key 4a436adb...
2023-12-15 13:15:42.377    app     info:    [self-update] Update feed set, starting update checks
2023-12-15 13:15:42.377    app     info:    [self-update] Starting automatic update checks
2023-12-15 13:15:42.377    app     info:    [self-update] Checking for a launcher update...
2023-12-15 13:15:42.430    app     info:    [authentication] Token for '25218835' on 'tranquility' has been successfully refreshed
2023-12-15 13:15:42.431    app     info:    [elg-events] Sending event    eve_launcher.electron.authentication.UserTokensRefreshed
2023-12-15 13:15:42.433    app     info:    [customer-information] Getting character information for '25218835' on 'tranquility'
2023-12-15 13:15:42.433    app     info:    [customer-information] Getting Omega status for '25218835' on 'tranquility'
2023-12-15 13:15:42.433    app     info:    [virtual-goods] Getting Plex status for '25218835' on 'tranquility'
2023-12-15 13:15:42.447    app     info:    [authentication] Token for '17525312' on 'tranquility' has been successfully refreshed
2023-12-15 13:15:42.449    app     info:    [elg-events] Sending event    eve_launcher.electron.authentication.UserTokensRefreshed
2023-12-15 13:15:42.450    app     info:    [customer-information] Getting character information for '17525312' on 'tranquility'
2023-12-15 13:15:42.450    app     info:    [customer-information] Getting Omega status for '17525312' on 'tranquility'
2023-12-15 13:15:42.450    app     info:    [virtual-goods] Getting Plex status for '17525312' on 'tranquility'
2023-12-15 13:15:42.465    app     info:    [authentication] Token for '28182799' on 'tranquility' has been successfully refreshed
2023-12-15 13:15:42.467    app     info:    [elg-events] Sending event    eve_launcher.electron.authentication.UserTokensRefreshed
2023-12-15 13:15:42.468    app     info:    [customer-information] Getting character information for '28182799' on 'tranquility'
2023-12-15 13:15:42.468    app     info:    [customer-information] Getting Omega status for '28182799' on 'tranquility'
2023-12-15 13:15:42.468    app     info:    [virtual-goods] Getting Plex status for '28182799' on 'tranquility'
2023-12-15 13:15:42.478    app     info:    [authentication] Token for '16492377' on 'tranquility' has been successfully refreshed
2023-12-15 13:15:42.480    app     info:    [elg-events] Sending event    eve_launcher.electron.authentication.UserTokensRefreshed
2023-12-15 13:15:42.481    app     info:    [customer-information] Getting character information for '16492377' on 'tranquility'
2023-12-15 13:15:42.481    app     info:    [customer-information] Getting Omega status for '16492377' on 'tranquility'
2023-12-15 13:15:42.481    app     info:    [virtual-goods] Getting Plex status for '16492377' on 'tranquility'
2023-12-15 13:15:42.492    app     info:    [authentication] Token for '18034259' on 'tranquility' has been successfully refreshed
2023-12-15 13:15:42.493    app     info:    [elg-events] Sending event    eve_launcher.electron.authentication.UserTokensRefreshed
2023-12-15 13:15:42.494    app     info:    [customer-information] Getting character information for '18034259' on 'tranquility'
2023-12-15 13:15:42.494    app     info:    [customer-information] Getting Omega status for '18034259' on 'tranquility'
2023-12-15 13:15:42.495    app     info:    [virtual-goods] Getting Plex status for '18034259' on 'tranquility'
2023-12-15 13:15:42.514    app     info:    [authentication] Token for '18000247' on 'tranquility' has been successfully refreshed
2023-12-15 13:15:42.517    app     info:    [elg-events] Sending event    eve_launcher.electron.authentication.UserTokensRefreshed
2023-12-15 13:15:42.519    app     info:    [customer-information] Getting character information for '18000247' on 'tranquility'
2023-12-15 13:15:42.519    app     info:    [customer-information] Getting Omega status for '18000247' on 'tranquility'
2023-12-15 13:15:42.520    app     info:    [virtual-goods] Getting Plex status for '18000247' on 'tranquility'
2023-12-15 13:15:42.535    app     info:    [authentication] Token for '2110311' on 'tranquility' has been successfully refreshed
2023-12-15 13:15:42.536    app     info:    [elg-events] Sending event    eve_launcher.electron.authentication.UserTokensRefreshed
2023-12-15 13:15:42.538    app     info:    [customer-information] Getting character information for '2110311' on 'tranquility'
2023-12-15 13:15:42.538    app     info:    [customer-information] Getting Omega status for '2110311' on 'tranquility'
2023-12-15 13:15:42.538    app     info:    [virtual-goods] Getting Plex status for '2110311' on 'tranquility'
2023-12-15 13:15:42.549    app     info:    [authentication] Token for '23622903' on 'tranquility' has been successfully refreshed
2023-12-15 13:15:42.550    app     info:    [elg-events] Sending event    eve_launcher.electron.authentication.UserTokensRefreshed
2023-12-15 13:15:42.552    app     info:    [customer-information] Getting character information for '23622903' on 'tranquility'
2023-12-15 13:15:42.552    app     info:    [customer-information] Getting Omega status for '23622903' on 'tranquility'
2023-12-15 13:15:42.552    app     info:    [virtual-goods] Getting Plex status for '23622903' on 'tranquility'
2023-12-15 13:15:42.563    app     info:    [authentication] Token for '26239201' on 'tranquility' has been successfully refreshed
2023-12-15 13:15:42.565    app     info:    [elg-events] Sending event    eve_launcher.electron.authentication.UserTokensRefreshed
2023-12-15 13:15:42.566    app     info:    [customer-information] Getting character information for '26239201' on 'tranquility'
2023-12-15 13:15:42.566    app     info:    [customer-information] Getting Omega status for '26239201' on 'tranquility'
2023-12-15 13:15:42.567    app     info:    [virtual-goods] Getting Plex status for '26239201' on 'tranquility'
2023-12-15 13:15:42.584    app     info:    [virtual-goods] Fetched Plex status for '29285645' on 'tranquility'
2023-12-15 13:15:42.596    app     info:    [virtual-goods] Fetched Plex status for '29280260' on 'tranquility'
2023-12-15 13:15:42.603    app     info:    [server-manager] Previous Tranquility build: 2452057, current build: 2452938
2023-12-15 13:15:42.605    app     info:    [elg-events] Sending event    eve_launcher.electron.eve_client.GameClientUpdateStarted
2023-12-15 13:15:42.605    app     info:    [server-manager] Starting download of build 2452938 for Tranquility.
2023-12-15 13:15:42.611    app     info:    [authentication] Token for '18922386' on 'tranquility' has been successfully refreshed
2023-12-15 13:15:42.613    app     info:    [elg-events] Sending event    eve_launcher.electron.authentication.UserTokensRefreshed
2023-12-15 13:15:42.614    app     info:    [customer-information] Getting character information for '18922386' on 'tranquility'
2023-12-15 13:15:42.614    app     info:    [customer-information] Getting Omega status for '18922386' on 'tranquility'
2023-12-15 13:15:42.614    app     info:    [virtual-goods] Getting Plex status for '18922386' on 'tranquility'
2023-12-15 13:15:42.626    app     info:    [AuthenticationMiddleware] Successfully restored 14 / 14 users
2023-12-15 13:15:42.737    app     info:    [esi] Fetching character details for 578564394, 2115457291
2023-12-15 13:15:42.782    app     info:    [esi] Fetching character details for 2115479508
2023-12-15 13:15:42.812    app     info:    [esi] Fetching character details for 2119361891, 2120347635
2023-12-15 13:15:42.829    app     info:    [esi] Fetching character details for 2115031890, 2121177973
2023-12-15 13:15:42.838    app     info:    [esi] Fetching character details for 2113875139, 2121174871
2023-12-15 13:15:42.846    app     info:    [virtual-goods] Fetched Plex status for '23622903' on 'tranquility'
2023-12-15 13:15:42.854    app     info:    [esi] Fetching character details for 2115007749, 2121891348
2023-12-15 13:15:42.866    app     info:    [esi] Fetching character details for 2121178171
2023-12-15 13:15:42.971    app     info:    [self-update] Currently running the latest launcher version. Scheduling update check in 5 minutes.
2023-12-15 13:15:43.081    app     info:    [esi] Fetching character details for 2118248041, 2121175776
2023-12-15 13:15:43.088    app     info:    [AuthenticationMiddleware] User information updated
2023-12-15 13:15:43.089    app     info:    [virtual-goods] Fetched Plex status for '17525312' on 'tranquility'
2023-12-15 13:15:43.095    app     info:    [virtual-goods] Fetched Plex status for '18034259' on 'tranquility'
2023-12-15 13:15:43.100    app     info:    [AuthenticationMiddleware] User information updated
2023-12-15 13:15:43.101    app     info:    [virtual-goods] Fetched Plex status for '25218835' on 'tranquility'
2023-12-15 13:15:43.106    app     info:    [AuthenticationMiddleware] User information updated
2023-12-15 13:15:43.106    app     info:    [virtual-goods] Fetched Plex status for '2110311' on 'tranquility'
2023-12-15 13:15:43.112    app     info:    [AuthenticationMiddleware] User information updated
2023-12-15 13:15:43.113    app     info:    [virtual-goods] Fetched Plex status for '18922386' on 'tranquility'
2023-12-15 13:15:43.118    app     info:    [AuthenticationMiddleware] User information updated
2023-12-15 13:15:43.119    app     info:    [virtual-goods] Fetched Plex status for '18000247' on 'tranquility'
2023-12-15 13:15:43.124    app     info:    [AuthenticationMiddleware] User information updated
2023-12-15 13:15:43.125    app     info:    [virtual-goods] Fetched Plex status for '28182799' on 'tranquility'
2023-12-15 13:15:43.133    app     info:    [virtual-goods] Fetched Plex status for '16492377' on 'tranquility'
2023-12-15 13:15:43.139    app     info:    [AuthenticationMiddleware] User information updated
2023-12-15 13:15:43.144    app     info:    [esi] Fetching character details for 2114656127, 2121178396
2023-12-15 13:15:43.158    app     info:    [esi] Fetching character details for 2121174545
2023-12-15 13:15:43.164    app     info:    [AuthenticationMiddleware] User information updated
2023-12-15 13:15:43.165    app     info:    [manifest] Excluded 23 files from the manifest, leaving 171 entries
2023-12-15 13:15:43.165    app     info:    [server-manager] Downloading 171 binary files (154 MB)
2023-12-15 13:15:43.166    app     info:    [download-from-manifest] Preparing to download 171 files    { cdn: 1, concurrent: 10 }
2023-12-15 13:15:43.178    app     info:    [AuthenticationMiddleware] User information updated
2023-12-15 13:15:43.181    app     info:    [virtual-goods] Fetched Plex status for '26239201' on 'tranquility'
2023-12-15 13:15:43.191    app     info:    [AuthenticationMiddleware] User information updated
2023-12-15 13:15:43.204    app     info:    [esi] Fetched 1 character details for 29285645
2023-12-15 13:15:43.445    app     warn:    [steam-auth] Failed to initialize Steamworks client
2023-12-15 13:15:43.452    app     info:    [main-window] Registering main window    { windowId: 2 }
2023-12-15 13:15:43.463    app     info:    [cdn-trace] Fetching CDN trace data from https://binaries.eveonline.com/cdn-cgi/trace
2023-12-15 13:15:43.464    app     info:    [creatives] Requesting creatives
2023-12-15 13:15:43.469    app     info:    [elg-events] Sending event    eve_launcher.electron.application.RendererLoaded
2023-12-15 13:15:43.662    app     info:    [esi] Fetched 1 character details for 18922386
2023-12-15 13:15:43.665    app     info:    [esi] Fetched 1 character details for 26239201
2023-12-15 13:15:43.675    app     info:    [esi] Fetched 2 character details for 18000247
2023-12-15 13:15:43.690    app     info:    [esi] Fetched 1 character details for 29280260
2023-12-15 13:15:43.701    app     info:    [esi] Fetched 2 character details for 2110311
2023-12-15 13:15:43.705    app     info:    [creatives] Received 3 creatives
2023-12-15 13:15:43.763    app     info:    [esi] Fetched 2 character details for 23622903
2023-12-15 13:15:43.903    app     info:    [esi] Fetched 1 character details for 28182799
2023-12-15 13:15:44.049    app     info:    [esi] Fetched 2 character details for 16492377
2023-12-15 13:15:44.161    app     info:    [esi] Fetched 2 character details for 25218835
2023-12-15 13:15:44.229    app     info:    [esi] Fetched 2 character details for 17525312
2023-12-15 13:15:44.248    app     info:    [server-manager] Downloaded 6.60 MiB/147.06 MiB at 4.10 MiB/s
2023-12-15 13:15:44.379    app     info:    [esi] Fetched 2 character details for 18034259
2023-12-15 13:15:44.463     ui     info:    Initializing captcha    ccp://launcher/renderer/main_window/index.js    2
2023-12-15 13:15:45.250    app     info:    [server-manager] Downloaded 15.95 MiB/147.06 MiB at 8.84 MiB/s
2023-12-15 13:15:46.252    app     info:    [server-manager] Downloaded 25.80 MiB/147.06 MiB at 9.82 MiB/s
2023-12-15 13:15:46.770    app     info:    [AuthenticationMiddleware] Character information for '18000247' on 'tranquility' was loaded recently, skipping refresh.
2023-12-15 13:15:46.770    app     info:    [AuthenticationMiddleware] Plex information for '18000247' on 'tranquility' was loaded recently, skipping refresh.
2023-12-15 13:15:47.254    app     info:    [server-manager] Downloaded 35.60 MiB/147.06 MiB at 9.81 MiB/s
2023-12-15 13:15:48.256    app     info:    [server-manager] Downloaded 45.36 MiB/147.06 MiB at 14.48 MiB/s
2023-12-15 13:15:49.259    app     info:    [server-manager] Downloaded 55.16 MiB/147.06 MiB at 14.48 MiB/s
2023-12-15 13:15:50.260    app     info:    [server-manager] Downloaded 65.02 MiB/147.06 MiB at 14.75 MiB/s
2023-12-15 13:15:50.907    app     info:    [analytics] Hardware rendering enabled:    true    { disabledViaCommandline: false, disabledViaSettings: false }
2023-12-15 13:15:51.262    app     info:    [server-manager] Downloaded 74.85 MiB/147.06 MiB at 14.78 MiB/s
2023-12-15 13:15:52.264    app     info:    [server-manager] Downloaded 84.63 MiB/147.06 MiB at 9.60 MiB/s
2023-12-15 13:15:53.264    app     info:    [server-manager] Downloaded 94.41 MiB/147.06 MiB at 9.84 MiB/s
2023-12-15 13:15:54.267    app     info:    [server-manager] Downloaded 104.26 MiB/147.06 MiB at 9.82 MiB/s
2023-12-15 13:15:55.269    app     info:    [server-manager] Downloaded 114.10 MiB/147.06 MiB at 4.98 MiB/s
2023-12-15 13:15:56.271    app     info:    [server-manager] Downloaded 123.90 MiB/147.06 MiB at 9.81 MiB/s
2023-12-15 13:15:57.274    app     info:    [server-manager] Downloaded 133.74 MiB/147.06 MiB at 9.82 MiB/s
2023-12-15 13:15:58.276    app     info:    [server-manager] Downloaded 143.52 MiB/147.06 MiB at 4.99 MiB/s
2023-12-15 13:15:58.402    app     info:    [download-from-manifest] Downloaded 171 files (145,85 MiB) in 15.235 seconds
2023-12-15 13:15:58.402    app     info:    [download-from-manifest] Average download speed: 9,57 MiB/s
2023-12-15 13:15:58.433    app     info:    [elg-events] Sending event    eve_launcher.electron.eve_client.CopyingFilesStarted
2023-12-15 13:15:58.433    app     info:    [binary-copier] Copying 194 files (216 MB) to 'C:\CCP\EVE Online\tq'
2023-12-15 13:15:58.467    app     info:    [binary-copier] Removing old binaries
2023-12-15 13:15:58.483    app     info:    [binary-copier] Copying binaries from ResFiles
2023-12-15 13:15:58.654    app     info:    [binary-copier] Finished copying 194 files to 'C:\CCP\EVE Online\tq' in 0.223 seconds
2023-12-15 13:15:58.656    app     info:    [elg-events] Sending event    eve_launcher.electron.eve_client.CopyingFilesFinished
2023-12-15 13:15:59.298    app     info:    [server-manager] Copying executables 194/194
2023-12-15 13:16:00.410    app     info:    [manifest] Excluded 49286 files from the manifest, leaving 11 entries
2023-12-15 13:16:00.411    app     info:    [server-manager] Downloading 11 prefetch files (491 MB)
2023-12-15 13:16:00.411    app     info:    [download-from-manifest] Preparing to download 11 files    { cdn: 2, concurrent: 10 }
2023-12-15 13:16:00.480    app     info:    [server-manager] Copying executables 194/194
2023-12-15 13:16:01.481    app     info:    [server-manager] Downloaded 7.68 MiB/468.55 MiB at 10.04 MiB/s
2023-12-15 13:16:02.473    app     info:    [server-manager] Downloaded 17.59 MiB/468.55 MiB at 5.44 MiB/s
2023-12-15 13:16:02.666    app     info:    [AuthenticationMiddleware] Character information for '18000247' on 'tranquility' was loaded recently, skipping refresh.
2023-12-15 13:16:02.666    app     info:    [AuthenticationMiddleware] Plex information for '18000247' on 'tranquility' was loaded recently, skipping refresh.
2023-12-15 13:16:03.481    app     info:    [server-manager] Downloaded 27.36 MiB/468.55 MiB at 9.74 MiB/s
2023-12-15 13:16:04.484    app     info:    [server-manager] Downloaded 37.24 MiB/468.55 MiB at 14.75 MiB/s
2023-12-15 13:16:05.484    app     info:    [server-manager] Downloaded 47.06 MiB/468.55 MiB at 9.60 MiB/s
2023-12-15 13:16:06.491    app     info:    [server-manager] Downloaded 56.99 MiB/468.55 MiB at 14.87 MiB/s
2023-12-15 13:16:07.493    app     info:    [server-manager] Downloaded 66.73 MiB/468.55 MiB at 14.63 MiB/s
2023-12-15 13:16:07.911    app     info:    [AuthenticationMiddleware] Character information for '18000247' on 'tranquility' was loaded recently, skipping refresh.
2023-12-15 13:16:07.911    app     info:    [AuthenticationMiddleware] Plex information for '18000247' on 'tranquility' was loaded recently, skipping refresh.
2023-12-15 13:16:08.495    app     info:    [server-manager] Downloaded 76.62 MiB/468.55 MiB at 4.88 MiB/s
2023-12-15 13:16:09.498    app     info:    [server-manager] Downloaded 86.47 MiB/468.55 MiB at 9.90 MiB/s
2023-12-15 13:16:10.496    app     info:    [server-manager] Downloaded 96.27 MiB/468.55 MiB at 4.77 MiB/s
2023-12-15 13:16:11.499    app     info:    [server-manager] Downloaded 105.93 MiB/468.55 MiB at 4.97 MiB/s
2023-12-15 13:16:11.611    app     info:    [ipc-requests] Handling requests in the background
2023-12-15 13:16:12.323    app     warn:    Could not connect to LogLite    [
  Error: connect ECONNREFUSED 127.0.0.1:3273
      at TCPConnectWrap.afterConnect [as oncomplete] (node:net:1247:16) {
    errno: -4078,
    code: 'ECONNREFUSED',
    syscall: 'connect',
    address: '127.0.0.1',
    port: 3273
  }
]
2023-12-15 13:16:12.502    app     info:    [server-manager] Downloaded 115.75 MiB/468.55 MiB at 10.04 MiB/s
2023-12-15 13:16:12.611    app     info:    [ipc-requests] No longer handling requests in the background
2023-12-15 13:16:13.509    app     info:    [server-manager] Downloaded 125.56 MiB/468.55 MiB at 9.97 MiB/s
2023-12-15 13:16:14.512    app     info:    [server-manager] Downloaded 135.50 MiB/468.55 MiB at 14.94 MiB/s
2023-12-15 13:16:15.514    app     info:    [server-manager] Downloaded 145.29 MiB/468.55 MiB at 9.81 MiB/s
2023-12-15 13:16:16.516    app     info:    [server-manager] Downloaded 155.10 MiB/468.55 MiB at 9.84 MiB/s
2023-12-15 13:16:17.523    app     info:    [server-manager] Downloaded 164.86 MiB/468.55 MiB at 9.75 MiB/s
2023-12-15 13:16:18.526    app     info:    [server-manager] Downloaded 174.76 MiB/468.55 MiB at 14.77 MiB/s
2023-12-15 13:16:19.528    app     info:    [server-manager] Downloaded 184.56 MiB/468.55 MiB at 14.71 MiB/s
2023-12-15 13:16:20.531    app     info:    [server-manager] Downloaded 194.45 MiB/468.55 MiB at 9.76 MiB/s
2023-12-15 13:16:21.534    app     info:    [server-manager] Downloaded 204.10 MiB/468.55 MiB at 5.06 MiB/s
2023-12-15 13:16:22.543    app     info:    [server-manager] Downloaded 214.04 MiB/468.55 MiB at 9.93 MiB/s
2023-12-15 13:16:23.546    app     info:    [server-manager] Downloaded 223.86 MiB/468.55 MiB at 14.67 MiB/s
2023-12-15 13:16:24.548    app     info:    [server-manager] Downloaded 233.67 MiB/468.55 MiB at 9.89 MiB/s
2023-12-15 13:16:25.550    app     info:    [server-manager] Downloaded 243.50 MiB/468.55 MiB at 9.90 MiB/s
2023-12-15 13:16:26.554    app     info:    [server-manager] Downloaded 253.45 MiB/468.55 MiB at 14.41 MiB/s
2023-12-15 13:16:27.567    app     info:    [server-manager] Downloaded 263.22 MiB/468.55 MiB at 5.17 MiB/s
2023-12-15 13:16:28.570    app     info:    [server-manager] Downloaded 273.09 MiB/468.55 MiB at 9.89 MiB/s
2023-12-15 13:16:29.579    app     info:    [server-manager] Downloaded 283.04 MiB/468.55 MiB at 14.56 MiB/s
2023-12-15 13:16:30.583    app     info:    [server-manager] Downloaded 292.89 MiB/468.55 MiB at 5.17 MiB/s
2023-12-15 13:16:31.586    app     info:    [server-manager] Downloaded 302.60 MiB/468.55 MiB at 9.70 MiB/s
2023-12-15 13:16:32.588    app     info:    [server-manager] Downloaded 312.57 MiB/468.55 MiB at 10.08 MiB/s
2023-12-15 13:16:33.588    app     info:    [server-manager] Downloaded 322.34 MiB/468.55 MiB at 9.87 MiB/s
2023-12-15 13:16:34.599    app     info:    [server-manager] Downloaded 331.77 MiB/468.55 MiB at 9.48 MiB/s
2023-12-15 13:16:35.602    app     info:    [server-manager] Downloaded 339.04 MiB/468.55 MiB at 7.18 MiB/s
2023-12-15 13:16:36.605    app     info:    [server-manager] Downloaded 348.84 MiB/468.55 MiB at 9.79 MiB/s
2023-12-15 13:16:37.607    app     info:    [server-manager] Downloaded 358.72 MiB/468.55 MiB at 14.55 MiB/s
2023-12-15 13:16:38.619    app     info:    [server-manager] Downloaded 368.60 MiB/468.55 MiB at 5.10 MiB/s
2023-12-15 13:16:39.621    app     info:    [server-manager] Downloaded 378.44 MiB/468.55 MiB at 9.87 MiB/s
2023-12-15 13:16:40.624    app     info:    [server-manager] Downloaded 388.26 MiB/468.55 MiB at 9.76 MiB/s
2023-12-15 13:16:41.626    app     info:    [server-manager] Downloaded 397.88 MiB/468.55 MiB at 9.43 MiB/s
2023-12-15 13:16:42.630    app     info:    [server-manager] Downloaded 407.70 MiB/468.55 MiB at 14.75 MiB/s
2023-12-15 13:16:43.633    app     info:    [server-manager] Downloaded 417.35 MiB/468.55 MiB at 4.92 MiB/s
2023-12-15 13:16:44.635    app     info:    [server-manager] Downloaded 427.17 MiB/468.55 MiB at 9.86 MiB/s
2023-12-15 13:16:45.635    app     info:    [server-manager] Downloaded 436.76 MiB/468.55 MiB at 9.37 MiB/s
2023-12-15 13:16:46.635    app     info:    [server-manager] Downloaded 446.45 MiB/468.55 MiB at 4.70 MiB/s
2023-12-15 13:16:47.635    app     info:    [server-manager] Downloaded 456.24 MiB/468.55 MiB at 4.89 MiB/s
2023-12-15 13:16:48.637    app     info:    [server-manager] Downloaded 466.08 MiB/468.55 MiB at 9.85 MiB/s
2023-12-15 13:16:48.643    app     info:    [download-from-manifest] Downloaded 11 files (468,50 MiB) in 48.231 seconds
2023-12-15 13:16:48.643    app     info:    [download-from-manifest] Average download speed: 9,71 MiB/s
2023-12-15 13:16:48.647    app     info:    [elg-events] Sending event    eve_launcher.electron.eve_client.GameClientUpdateFinished
2023-12-15 13:16:48.650    app     info:    [server-manager] Downloaded 468.55 MiB/468.55 MiB at 485.26 MiB/s
2023-12-15 13:16:48.652    app     info:    [server-manager] Ready to play!
2023-12-15 13:16:48.654    app     info:    [server-manager] Finished refresh cycle for Tranquility
2023-12-15 13:16:48.654    app     info:    [server-manager] Build for Tranquility is now 2452938
2023-12-15 13:20:26.965    app     info:    [client-queue] Queued client startup    {
  product: 'eve-online',
  tenant: 'tranquility',
  userId: 18000247,
  characterId: 1,
  profile: ''
}
2023-12-15 13:20:26.968    app     info:    [elg-events] Sending event    eve_launcher.electron.eve_client.ClientQueued
2023-12-15 13:20:26.968    app     info:    [client-queue] No clients running for tranquility, copying files before starting a client
2023-12-15 13:20:26.974    app     info:    [elg-events] Sending event    eve_launcher.electron.eve_client.CopyingFilesStarted
2023-12-15 13:20:26.974    app     info:    [binary-copier] Copying 194 files (216 MB) to 'C:\CCP\EVE Online\tq'
2023-12-15 13:20:26.990    app     info:    [binary-copier] Removing old binaries
2023-12-15 13:20:27.020    app     info:    [binary-copier] Copying binaries from ResFiles
2023-12-15 13:20:27.114    app     info:    [binary-copier] Finished copying 194 files to 'C:\CCP\EVE Online\tq' in 0.142 seconds
2023-12-15 13:20:27.117    app     info:    [elg-events] Sending event    eve_launcher.electron.eve_client.CopyingFilesFinished
2023-12-15 13:20:27.126    app     info:    [client-manager] Starting EVE Online game client.    C:\CCP\EVE Online\tq\bin64\exefile.exe    Map(10) {
  'noconsole' => '/noconsole',
  'server' => '/server:tranquility.servers.eveonline.com',
  'triplatform' => '/triplatform=dx12',
  'ssotoken' => '/ssoToken=***',
  'refreshtoken' => '/refreshToken=***',
  'settingsprofile' => '/settingsprofile=Default',
  'deviceid' => '/deviceID=4a436adb-4b99-40a7-85b0-42e206f41286',
  'language' => '/language=en',
  'exp' => '1702646741',
  'tokenExpires' => '2023-12-15 15:25:41.000'
}    18000247
2023-12-15 13:20:27.163    app     info:    [client-queue] Started client from group startup    {
  product: 'eve-online',
  tenant: 'tranquility',
  characterId: 1,
  profile: '',
  userId: 18000247
}
2023-12-15 13:20:27.241    app     info:    [quasar-events] Sent 'eve_launcher.electron.eve_client.GameClientStartRequested'
2023-12-15 13:20:27.242    app     info:    [quasar-events] Sent 'eve_launcher.electron.eve_client.TemporaryClientProcessAdded'
2023-12-15 13:20:27.673    app     info:    [client-manager] Found 'tranquility' client for '18000247' running:     {
  processId: 3704,
  createdDate: 1702646427207,
  userId: 18000247,
  characterId: undefined,
  profile: 'Default',
  dxVersion: 'dx12'
}
2023-12-15 13:20:27.774    app     info:    [quasar-events] Sent 'eve_launcher.electron.eve_client.TemporaryClientProcessMonitoringRetried'
2023-12-15 13:20:27.774    app     info:    [quasar-events] Sent 'eve_launcher.electron.eve_client.GameClientStarted'
2023-12-15 13:20:27.775    app     info:    [quasar-events] Sent 'eve_launcher.electron.eve_client.TemporaryClientProcessRemoved'
2023-12-15 13:20:28.183    app     info:    [client-queue] Queue has stopped running, no more clients pending startup.
2023-12-15 13:20:42.982    app     info:    [self-update] Checking for a launcher update...
2023-12-15 13:20:43.467    app     info:    [self-update] Currently running the latest launcher version. Scheduling update check in 5 minutes.
2023-12-15 13:21:48.664    app     info:    [server-manager] Starting refresh cycle for eve-online / Tranquility
2023-12-15 13:21:48.838    app     info:    [server-manager] Previous Tranquility build: 2452938, current build: 2452938
2023-12-15 13:21:48.838    app     info:    [server-manager] Tranquility build is unchanged.
2023-12-15 13:21:48.845    app     info:    [server-manager] Ready to play!
2023-12-15 13:21:48.849    app     info:    [server-manager] Finished refresh cycle for Tranquility
2023-12-15 13:25:43.471    app     info:    [self-update] Checking for a launcher update...
2023-12-15 13:25:43.767    app     info:    [self-update] Currently running the latest launcher version. Scheduling update check in 5 minutes.
2023-12-15 13:26:48.858    app     info:    [server-manager] Starting refresh cycle for eve-online / Tranquility
2023-12-15 13:26:48.978    app     info:    [server-manager] Previous Tranquility build: 2452938, current build: 2452938
2023-12-15 13:26:48.979    app     info:    [server-manager] Tranquility build is unchanged.
2023-12-15 13:26:48.984    app     info:    [server-manager] Ready to play!
2023-12-15 13:26:48.988    app     info:    [server-manager] Finished refresh cycle for Tranquility
2023-12-15 13:30:43.776    app     info:    [self-update] Checking for a launcher update...
2023-12-15 13:30:44.075    app     info:    [self-update] Currently running the latest launcher version. Scheduling update check in 5 minutes.
2023-12-15 13:31:48.992    app     info:    [server-manager] Starting refresh cycle for eve-online / Tranquility
2023-12-15 13:31:49.129    app     info:    [server-manager] Previous Tranquility build: 2452938, current build: 2452938
2023-12-15 13:31:49.129    app     info:    [server-manager] Tranquility build is unchanged.
2023-12-15 13:31:49.135    app     info:    [server-manager] Ready to play!
2023-12-15 13:31:49.139    app     info:    [server-manager] Finished refresh cycle for Tranquility
2023-12-15 13:35:44.076    app     info:    [self-update] Checking for a launcher update...
2023-12-15 13:35:44.381    app     info:    [self-update] Currently running the latest launcher version. Scheduling update check in 5 minutes.
2023-12-15 13:36:49.142    app     info:    [server-manager] Starting refresh cycle for eve-online / Tranquility
2023-12-15 13:36:49.270    app     info:    [server-manager] Previous Tranquility build: 2452938, current build: 2452938
2023-12-15 13:36:49.271    app     info:    [server-manager] Tranquility build is unchanged.
2023-12-15 13:36:49.275    app     info:    [server-manager] Ready to play!
2023-12-15 13:36:49.278    app     info:    [server-manager] Finished refresh cycle for Tranquility
2023-12-15 13:40:01.513    app     info:    [ipc-requests] Handling requests in the background
2023-12-15 13:40:02.526    app     info:    [ipc-requests] No longer handling requests in the background
2023-12-15 13:40:44.389    app     info:    [self-update] Checking for a launcher update...
2023-12-15 13:40:44.734    app     info:    [self-update] Currently running the latest launcher version. Scheduling update check in 5 minutes.
2023-12-15 13:41:03.902    app     info:    [ipc-requests] Handling requests in the background
2023-12-15 13:41:04.903    app     info:    [ipc-requests] No longer handling requests in the background
2023-12-15 13:41:49.286    app     info:    [server-manager] Starting refresh cycle for eve-online / Tranquility
2023-12-15 13:41:49.431    app     info:    [server-manager] Previous Tranquility build: 2452938, current build: 2452938
2023-12-15 13:41:49.432    app     info:    [server-manager] Tranquility build is unchanged.
2023-12-15 13:41:49.442    app     info:    [server-manager] Ready to play!
2023-12-15 13:41:49.448    app     info:    [server-manager] Finished refresh cycle for Tranquility
2023-12-15 13:41:56.007    app     info:    [ipc-requests] Handling requests in the background
2023-12-15 13:41:57.020    app     info:    [ipc-requests] No longer handling requests in the background
2023-12-15 13:42:00.269    app     info:    [ipc-requests] Handling requests in the background
2023-12-15 13:42:01.279    app     info:    [ipc-requests] No longer handling requests in the background
2023-12-15 13:42:44.397    app     info:    [ipc-requests] Handling requests in the background
2023-12-15 13:42:45.411    app     info:    [ipc-requests] No longer handling requests in the background
2023-12-15 13:42:47.038    app     info:    [ipc-requests] Handling requests in the background
2023-12-15 13:42:48.040    app     info:    [ipc-requests] No longer handling requests in the background
2023-12-15 13:43:55.839    app     info:    [ipc-requests] Handling requests in the background
2023-12-15 13:43:56.847    app     info:    [ipc-requests] No longer handling requests in the background
2023-12-15 13:43:59.150    app     info:    [ipc-requests] Handling requests in the background
2023-12-15 13:44:00.151    app     info:    [ipc-requests] No longer handling requests in the background
2023-12-15 13:45:06.889    app     info:    [ipc-requests] Handling requests in the background
2023-12-15 13:45:07.903    app     info:    [ipc-requests] No longer handling requests in the background
2023-12-15 13:45:44.736    app     info:    [self-update] Checking for a launcher update...
2023-12-15 13:45:45.044    app     info:    [self-update] Currently running the latest launcher version. Scheduling update check in 5 minutes.
2023-12-15 13:46:49.450    app     info:    [server-manager] Starting refresh cycle for eve-online / Tranquility
2023-12-15 13:46:49.585    app     info:    [server-manager] Previous Tranquility build: 2452938, current build: 2452938
2023-12-15 13:46:49.586    app     info:    [server-manager] Tranquility build is unchanged.
2023-12-15 13:46:49.590    app     info:    [server-manager] Ready to play!
2023-12-15 13:46:49.594    app     info:    [server-manager] Finished refresh cycle for Tranquility
2023-12-15 13:50:45.058    app     info:    [self-update] Checking for a launcher update...
2023-12-15 13:50:45.375    app     info:    [self-update] Currently running the latest launcher version. Scheduling update check in 5 minutes.
2023-12-15 13:51:49.596    app     info:    [server-manager] Starting refresh cycle for eve-online / Tranquility
2023-12-15 13:51:49.778    app     info:    [server-manager] Previous Tranquility build: 2452938, current build: 2452938
2023-12-15 13:51:49.779    app     info:    [server-manager] Tranquility build is unchanged.
2023-12-15 13:51:49.784    app     info:    [server-manager] Ready to play!
2023-12-15 13:51:49.788    app     info:    [server-manager] Finished refresh cycle for Tranquility
2023-12-15 13:55:45.385    app     info:    [self-update] Checking for a launcher update...
2023-12-15 13:55:45.709    app     info:    [self-update] Currently running the latest launcher version. Scheduling update check in 5 minutes.
2023-12-15 13:56:49.804    app     info:    [server-manager] Starting refresh cycle for eve-online / Tranquility
2023-12-15 13:56:49.990    app     info:    [server-manager] Previous Tranquility build: 2452938, current build: 2452938
2023-12-15 13:56:49.990    app     info:    [server-manager] Tranquility build is unchanged.
2023-12-15 13:56:49.995    app     info:    [server-manager] Ready to play!
2023-12-15 13:56:49.998    app     info:    [server-manager] Finished refresh cycle for Tranquility
2023-12-15 14:00:45.710    app     info:    [self-update] Checking for a launcher update...
2023-12-15 14:00:46.009    app     info:    [self-update] Currently running the latest launcher version. Scheduling update check in 5 minutes.
2023-12-15 14:01:50.002    app     info:    [server-manager] Starting refresh cycle for eve-online / Tranquility
2023-12-15 14:01:50.173    app     info:    [server-manager] Previous Tranquility build: 2452938, current build: 2452938
2023-12-15 14:01:50.173    app     info:    [server-manager] Tranquility build is unchanged.
2023-12-15 14:01:50.178    app     info:    [server-manager] Ready to play!
2023-12-15 14:01:50.181    app     info:    [server-manager] Finished refresh cycle for Tranquility
2023-12-15 14:05:46.024    app     info:    [self-update] Checking for a launcher update...
2023-12-15 14:05:46.340    app     info:    [self-update] Currently running the latest launcher version. Scheduling update check in 5 minutes.
2023-12-15 14:06:50.199    app     info:    [server-manager] Starting refresh cycle for eve-online / Tranquility
2023-12-15 14:06:50.343    app     info:    [server-manager] Previous Tranquility build: 2452938, current build: 2452938
2023-12-15 14:06:50.343    app     info:    [server-manager] Tranquility build is unchanged.
2023-12-15 14:06:50.348    app     info:    [server-manager] Ready to play!
2023-12-15 14:06:50.351    app     info:    [server-manager] Finished refresh cycle for Tranquility
2023-12-15 14:10:46.353    app     info:    [self-update] Checking for a launcher update...
2023-12-15 14:10:46.652    app     info:    [self-update] Currently running the latest launcher version. Scheduling update check in 5 minutes.
2023-12-15 14:11:50.362    app     info:    [server-manager] Starting refresh cycle for eve-online / Tranquility
2023-12-15 14:11:50.533    app     info:    [server-manager] Previous Tranquility build: 2452938, current build: 2452938
2023-12-15 14:11:50.533    app     info:    [server-manager] Tranquility build is unchanged.
2023-12-15 14:11:50.538    app     info:    [server-manager] Ready to play!
2023-12-15 14:11:50.541    app     info:    [server-manager] Finished refresh cycle for Tranquility
2023-12-15 14:15:43.473    app     info:    [creatives] Requesting creatives
2023-12-15 14:15:43.910    app     info:    [creatives] Received 3 creatives
2023-12-15 14:15:46.658    app     info:    [self-update] Checking for a launcher update...
2023-12-15 14:15:47.026    app     info:    [self-update] Currently running the latest launcher version. Scheduling update check in 5 minutes.
2023-12-15 14:16:50.547    app     info:    [server-manager] Starting refresh cycle for eve-online / Tranquility
2023-12-15 14:16:50.732    app     info:    [server-manager] Previous Tranquility build: 2452938, current build: 2452938
2023-12-15 14:16:50.733    app     info:    [server-manager] Tranquility build is unchanged.
2023-12-15 14:16:50.737    app     info:    [server-manager] Ready to play!
2023-12-15 14:16:50.740    app     info:    [server-manager] Finished refresh cycle for Tranquility
2023-12-15 14:20:47.040    app     info:    [self-update] Checking for a launcher update...
2023-12-15 14:20:47.499    app     info:    [self-update] Currently running the latest launcher version. Scheduling update check in 5 minutes.
2023-12-15 14:21:50.749    app     info:    [server-manager] Starting refresh cycle for eve-online / Tranquility
2023-12-15 14:21:50.934    app     info:    [server-manager] Previous Tranquility build: 2452938, current build: 2452938
2023-12-15 14:21:50.934    app     info:    [server-manager] Tranquility build is unchanged.
2023-12-15 14:21:50.940    app     info:    [server-manager] Ready to play!
2023-12-15 14:21:50.943    app     info:    [server-manager] Finished refresh cycle for Tranquility
2023-12-15 14:25:47.503    app     info:    [self-update] Checking for a launcher update...
2023-12-15 14:25:47.814    app     info:    [self-update] Currently running the latest launcher version. Scheduling update check in 5 minutes.
2023-12-15 14:26:50.948    app     info:    [server-manager] Starting refresh cycle for eve-online / Tranquility
2023-12-15 14:26:51.108    app     info:    [server-manager] Previous Tranquility build: 2452938, current build: 2452938
2023-12-15 14:26:51.108    app     info:    [server-manager] Tranquility build is unchanged.
2023-12-15 14:26:51.113    app     info:    [server-manager] Ready to play!
2023-12-15 14:26:51.116    app     info:    [server-manager] Finished refresh cycle for Tranquility
2023-12-15 14:30:47.830    app     info:    [self-update] Checking for a launcher update...
2023-12-15 14:30:48.136    app     info:    [self-update] Currently running the latest launcher version. Scheduling update check in 5 minutes.
2023-12-15 14:31:51.130    app     info:    [server-manager] Starting refresh cycle for eve-online / Tranquility
2023-12-15 14:31:51.255    app     info:    [server-manager] Previous Tranquility build: 2452938, current build: 2452938
2023-12-15 14:31:51.255    app     info:    [server-manager] Tranquility build is unchanged.
2023-12-15 14:31:51.260    app     info:    [server-manager] Ready to play!
2023-12-15 14:31:51.264    app     info:    [server-manager] Finished refresh cycle for Tranquility
2023-12-15 14:35:48.138    app     info:    [self-update] Checking for a launcher update...
2023-12-15 14:35:48.443    app     info:    [self-update] Currently running the latest launcher version. Scheduling update check in 5 minutes.
2023-12-15 14:36:51.280    app     info:    [server-manager] Starting refresh cycle for eve-online / Tranquility
2023-12-15 14:36:51.419    app     info:    [server-manager] Previous Tranquility build: 2452938, current build: 2452938
2023-12-15 14:36:51.420    app     info:    [server-manager] Tranquility build is unchanged.
2023-12-15 14:36:51.424    app     info:    [server-manager] Ready to play!
2023-12-15 14:36:51.427    app     info:    [server-manager] Finished refresh cycle for Tranquility
2023-12-15 14:40:48.449    app     info:    [self-update] Checking for a launcher update...
2023-12-15 14:40:48.740    app     info:    [self-update] Currently running the latest launcher version. Scheduling update check in 5 minutes.
2023-12-15 14:41:51.444    app     info:    [server-manager] Starting refresh cycle for eve-online / Tranquility
2023-12-15 14:41:51.671    app     info:    [server-manager] Previous Tranquility build: 2452938, current build: 2452938
2023-12-15 14:41:51.671    app     info:    [server-manager] Tranquility build is unchanged.
2023-12-15 14:41:51.677    app     info:    [server-manager] Ready to play!
2023-12-15 14:41:51.681    app     info:    [server-manager] Finished refresh cycle for Tranquility
2023-12-15 14:45:48.752    app     info:    [self-update] Checking for a launcher update...
2023-12-15 14:45:49.052    app     info:    [self-update] Currently running the latest launcher version. Scheduling update check in 5 minutes.
2023-12-15 14:46:51.696    app     info:    [server-manager] Starting refresh cycle for eve-online / Tranquility
2023-12-15 14:46:51.852    app     info:    [server-manager] Previous Tranquility build: 2452938, current build: 2452938
2023-12-15 14:46:51.852    app     info:    [server-manager] Tranquility build is unchanged.
2023-12-15 14:46:51.857    app     info:    [server-manager] Ready to play!
2023-12-15 14:46:51.860    app     info:    [server-manager] Finished refresh cycle for Tranquility
2023-12-15 14:50:49.062    app     info:    [self-update] Checking for a launcher update...
2023-12-15 14:50:49.390    app     info:    [self-update] Currently running the latest launcher version. Scheduling update check in 5 minutes.
2023-12-15 14:51:51.866    app     info:    [server-manager] Starting refresh cycle for eve-online / Tranquility
2023-12-15 14:51:52.026    app     info:    [server-manager] Previous Tranquility build: 2452938, current build: 2452938
2023-12-15 14:51:52.026    app     info:    [server-manager] Tranquility build is unchanged.
2023-12-15 14:51:52.030    app     info:    [server-manager] Ready to play!
2023-12-15 14:51:52.034    app     info:    [server-manager] Finished refresh cycle for Tranquility
2023-12-15 14:55:49.399    app     info:    [self-update] Checking for a launcher update...
2023-12-15 14:55:49.692    app     info:    [self-update] Currently running the latest launcher version. Scheduling update check in 5 minutes.
2023-12-15 14:56:52.037    app     info:    [server-manager] Starting refresh cycle for eve-online / Tranquility
2023-12-15 14:56:52.231    app     info:    [server-manager] Previous Tranquility build: 2452938, current build: 2452938
2023-12-15 14:56:52.231    app     info:    [server-manager] Tranquility build is unchanged.
2023-12-15 14:56:52.236    app     info:    [server-manager] Ready to play!
2023-12-15 14:56:52.239    app     info:    [server-manager] Finished refresh cycle for Tranquility
2023-12-15 14:56:54.590    app     info:    [ipc-requests] Handling requests in the background
2023-12-15 14:56:55.598    app     info:    [ipc-requests] No longer handling requests in the background
2023-12-15 14:57:08.623    app     info:    [ipc-requests] Handling requests in the background
2023-12-15 14:57:09.626    app     info:    [ipc-requests] No longer handling requests in the background
2023-12-15 14:57:11.214    app     info:    [ipc-requests] Handling requests in the background
2023-12-15 14:57:12.228    app     info:    [ipc-requests] No longer handling requests in the background
2023-12-15 15:00:49.708    app     info:    [self-update] Checking for a launcher update...
2023-12-15 15:00:50.007    app     info:    [self-update] Currently running the latest launcher version. Scheduling update check in 5 minutes.
2023-12-15 15:01:52.249    app     info:    [server-manager] Starting refresh cycle for eve-online / Tranquility
2023-12-15 15:01:52.470    app     info:    [server-manager] Previous Tranquility build: 2452938, current build: 2452938
2023-12-15 15:01:52.470    app     info:    [server-manager] Tranquility build is unchanged.
2023-12-15 15:01:52.475    app     info:    [server-manager] Ready to play!
2023-12-15 15:01:52.478    app     info:    [server-manager] Finished refresh cycle for Tranquility
2023-12-15 15:05:32.297    app     info:    [ipc-requests] Handling requests in the background
2023-12-15 15:05:33.310    app     info:    [ipc-requests] No longer handling requests in the background
2023-12-15 15:05:40.572    app     info:    [ipc-requests] Handling requests in the background
2023-12-15 15:05:41.585    app     info:    [ipc-requests] No longer handling requests in the background
2023-12-15 15:05:50.019    app     info:    [self-update] Checking for a launcher update...
2023-12-15 15:05:50.353    app     info:    [self-update] Currently running the latest launcher version. Scheduling update check in 5 minutes.
2023-12-15 15:05:51.528    app     info:    [ipc-requests] Handling requests in the background
2023-12-15 15:05:52.533    app     info:    [ipc-requests] No longer handling requests in the background
2023-12-15 15:06:52.483    app     info:    [server-manager] Starting refresh cycle for eve-online / Tranquility
2023-12-15 15:06:52.639    app     info:    [server-manager] Previous Tranquility build: 2452938, current build: 2452938
2023-12-15 15:06:52.639    app     info:    [server-manager] Tranquility build is unchanged.
2023-12-15 15:06:52.647    app     info:    [server-manager] Ready to play!
2023-12-15 15:06:52.652    app     info:    [server-manager] Finished refresh cycle for Tranquility
2023-12-15 15:07:01.237    app     info:    [ipc-requests] Handling requests in the background
2023-12-15 15:07:02.248    app     info:    [ipc-requests] No longer handling requests in the background
2023-12-15 15:08:18.175    app     info:    [ipc-requests] Handling requests in the background
2023-12-15 15:08:19.182    app     info:    [ipc-requests] No longer handling requests in the background
2023-12-15 15:10:13.029    app     info:    [ipc-requests] Handling requests in the background
2023-12-15 15:10:14.037    app     info:    [ipc-requests] No longer handling requests in the background
2023-12-15 15:10:50.356    app     info:    [self-update] Checking for a launcher update...
2023-12-15 15:10:50.647    app     info:    [self-update] Currently running the latest launcher version. Scheduling update check in 5 minutes.
2023-12-15 15:11:52.667    app     info:    [server-manager] Starting refresh cycle for eve-online / Tranquility
2023-12-15 15:11:52.785    app     info:    [server-manager] Previous Tranquility build: 2452938, current build: 2452938
2023-12-15 15:11:52.785    app     info:    [server-manager] Tranquility build is unchanged.
2023-12-15 15:11:52.791    app     info:    [server-manager] Ready to play!
2023-12-15 15:11:52.794    app     info:    [server-manager] Finished refresh cycle for Tranquility
2023-12-15 15:12:45.868    app     info:    [ipc-requests] Handling requests in the background
2023-12-15 15:12:46.883    app     info:    [ipc-requests] No longer handling requests in the background
2023-12-15 15:13:48.319    app     info:    [ipc-requests] Handling requests in the background
2023-12-15 15:13:49.333    app     info:    [ipc-requests] No longer handling requests in the background
2023-12-15 15:13:54.351    app     info:    [ipc-requests] Handling requests in the background
2023-12-15 15:13:55.365    app     info:    [ipc-requests] No longer handling requests in the background
2023-12-15 15:13:58.414    app     info:    [ipc-requests] Handling requests in the background
2023-12-15 15:13:59.428    app     info:    [ipc-requests] No longer handling requests in the background
2023-12-15 15:13:59.557    app     info:    [ipc-requests] Handling requests in the background
2023-12-15 15:14:00.557    app     info:    [ipc-requests] No longer handling requests in the background
2023-12-15 15:14:00.734    app     info:    [ipc-requests] Handling requests in the background
2023-12-15 15:14:01.734    app     info:    [ipc-requests] No longer handling requests in the background
2023-12-15 15:14:03.895    app     info:    [ipc-requests] Handling requests in the background
2023-12-15 15:14:04.895    app     info:    [ipc-requests] No longer handling requests in the background
2023-12-15 15:14:05.481    app     info:    [ipc-requests] Handling requests in the background
2023-12-15 15:14:06.495    app     info:    [ipc-requests] No longer handling requests in the background
2023-12-15 15:14:36.734    app     info:    [ipc-requests] Handling requests in the background
2023-12-15 15:14:37.748    app     info:    [ipc-requests] No longer handling requests in the background
2023-12-15 15:15:08.941    app     info:    [ipc-requests] Handling requests in the background
2023-12-15 15:15:09.951    app     info:    [ipc-requests] No longer handling requests in the background
2023-12-15 15:15:10.806    app     info:    [ipc-requests] Handling requests in the background
2023-12-15 15:15:11.814    app     info:    [ipc-requests] No longer handling requests in the background
2023-12-15 15:15:15.030    app     info:    [ipc-requests] Handling requests in the background
2023-12-15 15:15:16.034    app     info:    [ipc-requests] No longer handling requests in the background
2023-12-15 15:15:18.696    app     info:    [ipc-requests] Handling requests in the background
2023-12-15 15:15:19.698    app     info:    [ipc-requests] No longer handling requests in the background
2023-12-15 15:15:24.862    app     info:    [ipc-requests] Handling requests in the background
2023-12-15 15:15:25.872    app     info:    [ipc-requests] No longer handling requests in the background
2023-12-15 15:15:28.766    app     info:    [ipc-requests] Handling requests in the background
2023-12-15 15:15:29.778    app     info:    [ipc-requests] No longer handling requests in the background
2023-12-15 15:15:30.093    app     info:    [ipc-requests] Handling requests in the background
2023-12-15 15:15:31.094    app     info:    [ipc-requests] No longer handling requests in the background
2023-12-15 15:15:50.652    app     info:    [self-update] Checking for a launcher update...
2023-12-15 15:15:50.948    app     info:    [self-update] Currently running the latest launcher version. Scheduling update check in 5 minutes.
2023-12-15 15:16:52.801    app     info:    [server-manager] Starting refresh cycle for eve-online / Tranquility
2023-12-15 15:16:52.939    app     info:    [server-manager] Previous Tranquility build: 2452938, current build: 2452938
2023-12-15 15:16:52.939    app     info:    [server-manager] Tranquility build is unchanged.
2023-12-15 15:16:52.943    app     info:    [server-manager] Ready to play!
2023-12-15 15:16:52.946    app     info:    [server-manager] Finished refresh cycle for Tranquility
2023-12-15 15:17:20.177    app     info:    [creatives] Requesting creatives
2023-12-15 15:17:20.457    app     info:    [creatives] Received 3 creatives
2023-12-15 15:17:20.508    app     info:    [ipc-requests] Handling requests in the background
2023-12-15 15:17:21.509    app     info:    [ipc-requests] No longer handling requests in the background
2023-12-15 15:17:23.854    app     info:    [ipc-requests] Handling requests in the background
2023-12-15 15:17:24.863    app     info:    [ipc-requests] No longer handling requests in the background
2023-12-15 15:17:32.423    app     info:    [ipc-requests] Handling requests in the background
2023-12-15 15:17:33.425    app     info:    [ipc-requests] No longer handling requests in the background
2023-12-15 15:20:50.954    app     info:    [self-update] Checking for a launcher update...
2023-12-15 15:20:51.246    app     info:    [self-update] Currently running the latest launcher version. Scheduling update check in 5 minutes.
2023-12-15 15:21:52.958    app     info:    [server-manager] Starting refresh cycle for eve-online / Tranquility
2023-12-15 15:21:53.147    app     info:    [server-manager] Previous Tranquility build: 2452938, current build: 2452938
2023-12-15 15:21:53.147    app     info:    [server-manager] Tranquility build is unchanged.
2023-12-15 15:21:53.152    app     info:    [server-manager] Ready to play!
2023-12-15 15:21:53.155    app     info:    [server-manager] Finished refresh cycle for Tranquility
2023-12-15 15:25:51.255    app     info:    [self-update] Checking for a launcher update...
2023-12-15 15:25:51.535    app     info:    [self-update] Currently running the latest launcher version. Scheduling update check in 5 minutes.
2023-12-15 15:26:14.798    app     info:    [ipc-requests] Handling requests in the background
2023-12-15 15:26:15.810    app     info:    [ipc-requests] No longer handling requests in the background
2023-12-15 15:26:53.172    app     info:    [server-manager] Starting refresh cycle for eve-online / Tranquility
2023-12-15 15:26:53.419    app     info:    [server-manager] Previous Tranquility build: 2452938, current build: 2452938
2023-12-15 15:26:53.419    app     info:    [server-manager] Tranquility build is unchanged.
2023-12-15 15:26:53.425    app     info:    [server-manager] Ready to play!
2023-12-15 15:26:53.428    app     info:    [server-manager] Finished refresh cycle for Tranquility
2023-12-15 15:30:51.538    app     info:    [self-update] Checking for a launcher update...
2023-12-15 15:30:51.839    app     info:    [self-update] Currently running the latest launcher version. Scheduling update check in 5 minutes.
2023-12-15 15:31:53.437    app     info:    [server-manager] Starting refresh cycle for eve-online / Tranquility
2023-12-15 15:31:53.597    app     info:    [server-manager] Previous Tranquility build: 2452938, current build: 2452938
2023-12-15 15:31:53.598    app     info:    [server-manager] Tranquility build is unchanged.
2023-12-15 15:31:53.603    app     info:    [server-manager] Ready to play!
2023-12-15 15:31:53.608    app     info:    [server-manager] Finished refresh cycle for Tranquility
2023-12-15 15:35:51.852    app     info:    [self-update] Checking for a launcher update...
2023-12-15 15:35:52.150    app     info:    [self-update] Currently running the latest launcher version. Scheduling update check in 5 minutes.
2023-12-15 15:36:53.621    app     info:    [server-manager] Starting refresh cycle for eve-online / Tranquility
2023-12-15 15:36:53.795    app     info:    [server-manager] Previous Tranquility build: 2452938, current build: 2452938
2023-12-15 15:36:53.795    app     info:    [server-manager] Tranquility build is unchanged.
2023-12-15 15:36:53.800    app     info:    [server-manager] Ready to play!
2023-12-15 15:36:53.803    app     info:    [server-manager] Finished refresh cycle for Tranquility
2023-12-15 15:37:37.087    app     info:    [ipc-requests] Handling requests in the background
2023-12-15 15:37:38.090    app     info:    [ipc-requests] No longer handling requests in the background
2023-12-15 15:40:52.156    app     info:    [self-update] Checking for a launcher update...
2023-12-15 15:40:52.427    app     info:    [self-update] Currently running the latest launcher version. Scheduling update check in 5 minutes.
2023-12-15 15:41:53.806    app     info:    [server-manager] Starting refresh cycle for eve-online / Tranquility
2023-12-15 15:41:53.982    app     info:    [server-manager] Previous Tranquility build: 2452938, current build: 2452938
2023-12-15 15:41:53.982    app     info:    [server-manager] Tranquility build is unchanged.
2023-12-15 15:41:53.987    app     info:    [server-manager] Ready to play!
2023-12-15 15:41:53.990    app     info:    [server-manager] Finished refresh cycle for Tranquility
2023-12-15 15:45:52.435    app     info:    [self-update] Checking for a launcher update...
2023-12-15 15:45:52.715    app     info:    [self-update] Currently running the latest launcher version. Scheduling update check in 5 minutes.
2023-12-15 15:46:54.006    app     info:    [server-manager] Starting refresh cycle for eve-online / Tranquility
2023-12-15 15:46:54.210    app     info:    [server-manager] Previous Tranquility build: 2452938, current build: 2452938
2023-12-15 15:46:54.210    app     info:    [server-manager] Tranquility build is unchanged.
2023-12-15 15:46:54.215    app     info:    [server-manager] Ready to play!
2023-12-15 15:46:54.219    app     info:    [server-manager] Finished refresh cycle for Tranquility
2023-12-15 15:50:52.718    app     info:    [self-update] Checking for a launcher update...
2023-12-15 15:50:52.987    app     info:    [self-update] Currently running the latest launcher version. Scheduling update check in 5 minutes.
2023-12-15 15:51:54.230    app     info:    [server-manager] Starting refresh cycle for eve-online / Tranquility
2023-12-15 15:51:54.382    app     info:    [server-manager] Previous Tranquility build: 2452938, current build: 2452938
2023-12-15 15:51:54.382    app     info:    [server-manager] Tranquility build is unchanged.
2023-12-15 15:51:54.386    app     info:    [server-manager] Ready to play!
2023-12-15 15:51:54.389    app     info:    [server-manager] Finished refresh cycle for Tranquility
2023-12-15 15:53:51.154    app     info:    [client-manager] 'tranquility' for EVE game client for '18000247' exited with no errors.
2023-12-15 15:53:51.164    app     info:    [server-manager] Starting refresh cycle for eve-online / Tranquility
2023-12-15 15:53:51.270    app     info:    [quasar-events] Sent 'eve_launcher.electron.eve_client.GameClientExited'
2023-12-15 15:53:51.339    app     info:    [server-manager] Previous Tranquility build: 2452938, current build: 2452938
2023-12-15 15:53:51.340    app     info:    [server-manager] Tranquility build is unchanged.
2023-12-15 15:53:51.345    app     info:    [server-manager] Ready to play!
2023-12-15 15:53:51.348    app     info:    [server-manager] Finished refresh cycle for Tranquility
2023-12-15 15:54:27.523    app     info:    [main-window] Main window minimized to tray    { windowId: 2 }
2023-12-15 15:54:27.543    app     info:    [main-window] Sent notification that the application is minimized to tray    { windowId: 2 }
2023-12-15 15:54:27.549    app     info:    [ipc-requests] Handling requests in the background
2023-12-15 15:54:28.561    app     info:    [ipc-requests] No longer handling requests in the background
