2023-11-30 20:15:12.754    app     info:    Startup arguments    []
2023-11-30 20:15:12.758    app     info:    [self-update] Starting automatic update checks
2023-11-30 20:15:12.759    app     info:    [self-update] Checking for a launcher update...
2023-11-30 20:15:12.858    app     info:    [i18next] Changed language    en
2023-11-30 20:15:12.895    app     info:    [authentication] Token for '16492377' on 'tranquility' is expired, refresh is required
2023-11-30 20:15:12.895    app     info:    [authentication] Refreshing token for '16492377' on 'tranquility'
2023-11-30 20:15:12.896    app     info:    [authentication] Token for '17525312' on 'tranquility' is expired, refresh is required
2023-11-30 20:15:12.896    app     info:    [authentication] Refreshing token for '17525312' on 'tranquility'
2023-11-30 20:15:12.897    app     info:    [authentication] Token for '25218835' on 'tranquility' is expired, refresh is required
2023-11-30 20:15:12.897    app     info:    [authentication] Refreshing token for '25218835' on 'tranquility'
2023-11-30 20:15:12.898    app     info:    [customer-information] Getting character information for '29280260' on 'tranquility'
2023-11-30 20:15:12.898    app     info:    [customer-information] Getting Omega status for '29280260' on 'tranquility'
2023-11-30 20:15:12.899    app     info:    [virtual-goods] Getting Plex status for '29280260' on 'tranquility'
2023-11-30 20:15:12.900    app     info:    [device-id] Device id found in state
2023-11-30 20:15:12.904    app     info:    [analytics] Application name:    EVE Online
2023-11-30 20:15:12.904    app     info:    [analytics] Application version:    0.4.10
2023-11-30 20:15:12.905    app     info:    [analytics] Domain    undefined
2023-11-30 20:15:12.905    app     info:    [analytics] Working directory    C:\Users\REDACTED\AppData\Local\eve-online\app-0.4.10
2023-11-30 20:15:12.906    app     info:    [analytics] Username contains UTF8?    false
2023-11-30 20:15:13.686    app     info:    [elg-events] Sending event    eve_launcher.electron.application.PdmLoaded
2023-11-30 20:15:13.688    app     info:    [analytics] Operating system    {
  type: 'Windows',
  name: 'Windows 10 Education',
  version: '10.0 (19045)'
}
2023-11-30 20:15:13.689    app     info:    [analytics] Encryption available:    true
2023-11-30 20:15:13.689    app     info:    [analytics] Machine UUID    4E9F516C-5B97-47C6-8C67-E93D943CB7C8
2023-11-30 20:15:13.689    app     info:    [analytics] PDM Version    2.1.4
2023-11-30 20:15:13.689    app     info:    [analytics] Release channel    release
2023-11-30 20:15:13.693    app     info:    [initializers] Shared cache directory set to    C:\CCP\EVE Online
2023-11-30 20:15:13.704    app     info:    [initializers] Shared cache drive free space: 105,60 GiB / 465,75 GiB
2023-11-30 20:15:13.713    app     info:    [elg-events] Sending event    eve_launcher.electron.application.LauncherStarted
2023-11-30 20:15:13.716    app     info:    [elg-events] Sending event    eve_launcher.electron.application.CoreDataLoaded
2023-11-30 20:15:13.717    app     info:    [initializers] Starting up with product EVE Online
2023-11-30 20:15:13.719    app     info:    [cdn-trace] Fetching CDN trace data from https://binaries.eveonline.com/cdn-cgi/trace
2023-11-30 20:15:13.736    app     info:    [feature-flags] Initializing feature flag client
2023-11-30 20:15:13.798    app     info:    [self-update] Currently running the latest launcher version. Scheduling update check in 5 minutes.
2023-11-30 20:15:13.813    app     info:    [first-run] First application run was at 2023-11-27T10:29:20.506Z
2023-11-30 20:15:13.837    app     info:    [cache-protocol] Found 0 entries to remove
2023-11-30 20:15:13.838    app     info:    [cache-protocol] Nothing to clean up.
2023-11-30 20:15:13.904    app     info:    [esi] Fetching character details for 2121853336
2023-11-30 20:15:13.918    app     info:    [customer-information] Agreements have been updated
2023-11-30 20:15:13.928    app     info:    [server-manager] Starting refresh cycle for Tranquility
2023-11-30 20:15:13.985    app     info:    info: [LaunchDarkly] LaunchDarkly client initialized    []
2023-11-30 20:15:13.985    app     info:    info: [LaunchDarkly] Opening stream connection to https://clientstream.launchdarkly.com/eval/64c3d12e27a4b11365012d39/eyJrZXkiOiI0YTQzNmFkYi00Yjk5LTQwYTctODViMC00MmUyMDZmNDEyODYiLCJraW5kIjoidXNlciIsImN1c3RvbSI6eyJpc0ZpcnN0UnVuIjpmYWxzZSwiZGF5c1NpbmNlRmlyc3RSdW4iOjMsImxhbmd1YWdlIjoiZW4iLCJhcHBsaWNhdGlvbiI6ImV2ZS1vbmxpbmUiLCJ2ZXJzaW9uIjoiMC40LjEwIiwicGxhdGZvcm0iOiJ3aW5kb3dzIiwib3NWZXJzaW9uRGVwcmVjYXRlZCI6ZmFsc2UsInVzZXJJZHMiOlsxNjQ5MjM3NywxNzUyNTMxMiwyNTIxODgzNSwyOTI4MDI2MF0sImNoYXJhY3RlcklkcyI6WzIxMTM4NzUxMzksMjExNDY1NjEyNywyMTE5MzYxODkxLDIxMjAzNDc2MzUsMjEyMTE3NDg3MSwyMTIxMTc4Mzk2LDIxMjE4NTMzMzZdLCJvbWVnYUNvdW50IjowLCJhbHBoYUNvdW50Ijo0LCJhY2NvdW50Q291bnQiOjQsIm9sZGVzdEFjY291bnRBZ2UiOjIwOTUsInlvdW5nZXN0QWNjb3VudEFnZSI6MH19?withReasons=true    []
2023-11-30 20:15:13.986    app     info:    [feature-flags] Client 4a436adb... ready, fetching flags
2023-11-30 20:15:13.989    app     info:    [feature-flags] Received 13 flags for client 4a436adb...
2023-11-30 20:15:13.990    app     info:    [feature-flags] Client initialized with key 4a436adb...
2023-11-30 20:15:14.026    app     info:    [authentication] Token for '17525312' on 'tranquility' has been successfully refreshed
2023-11-30 20:15:14.027    app     info:    [elg-events] Sending event    eve_launcher.electron.authentication.UserTokensRefreshed
2023-11-30 20:15:14.029    app     info:    [customer-information] Getting character information for '17525312' on 'tranquility'
2023-11-30 20:15:14.029    app     info:    [customer-information] Getting Omega status for '17525312' on 'tranquility'
2023-11-30 20:15:14.029    app     info:    [virtual-goods] Getting Plex status for '17525312' on 'tranquility'
2023-11-30 20:15:14.041    app     info:    [authentication] Token for '16492377' on 'tranquility' has been successfully refreshed
2023-11-30 20:15:14.042    app     info:    [elg-events] Sending event    eve_launcher.electron.authentication.UserTokensRefreshed
2023-11-30 20:15:14.043    app     info:    [customer-information] Getting character information for '16492377' on 'tranquility'
2023-11-30 20:15:14.043    app     info:    [customer-information] Getting Omega status for '16492377' on 'tranquility'
2023-11-30 20:15:14.043    app     info:    [virtual-goods] Getting Plex status for '16492377' on 'tranquility'
2023-11-30 20:15:14.054    app     info:    [virtual-goods] Fetched Plex status for '29280260' on 'tranquility'
2023-11-30 20:15:14.120    app     info:    [server-manager] Previous Tranquility build: 2438956, current build: 2438956
2023-11-30 20:15:14.120    app     info:    [server-manager] Tranquility build is unchanged.
2023-11-30 20:15:14.123    app     info:    [server-manager] Ready to play!
2023-11-30 20:15:14.125    app     info:    [server-manager] Finished refresh cycle for Tranquility
2023-11-30 20:15:14.136    app     info:    [esi] Fetching character details for 2114656127, 2121178396
2023-11-30 20:15:14.156    app     info:    [esi] Fetching character details for 2113875139, 2121174871
2023-11-30 20:15:14.253    app     info:    [authentication] Token for '25218835' on 'tranquility' has been successfully refreshed
2023-11-30 20:15:14.254    app     info:    [elg-events] Sending event    eve_launcher.electron.authentication.UserTokensRefreshed
2023-11-30 20:15:14.255    app     info:    [customer-information] Getting character information for '25218835' on 'tranquility'
2023-11-30 20:15:14.255    app     info:    [customer-information] Getting Omega status for '25218835' on 'tranquility'
2023-11-30 20:15:14.255    app     info:    [virtual-goods] Getting Plex status for '25218835' on 'tranquility'
2023-11-30 20:15:14.263    app     info:    [AuthenticationMiddleware] Successfully restored 5 / 5 users
2023-11-30 20:15:14.324    app     info:    [esi] Fetched 1 character details for 29280260
2023-11-30 20:15:14.502    app     info:    [esi] Fetched 2 character details for 17525312
2023-11-30 20:15:14.518    app     info:    [esi] Fetched 2 character details for 16492377
2023-11-30 20:15:14.628    app     info:    [virtual-goods] Fetched Plex status for '17525312' on 'tranquility'
2023-11-30 20:15:14.634    app     info:    [AuthenticationMiddleware] User information updated
2023-11-30 20:15:14.658    app     warn:    [steam-auth] Failed to initialize Steamworks client
2023-11-30 20:15:14.662    app     info:    [main-window] Registering main window    { windowId: 2 }
2023-11-30 20:15:14.671    app     info:    [cdn-trace] Fetching CDN trace data from https://binaries.eveonline.com/cdn-cgi/trace
2023-11-30 20:15:14.672    app     info:    [creatives] Requesting creatives
2023-11-30 20:15:14.676    app     info:    [elg-events] Sending event    eve_launcher.electron.application.RendererLoaded
2023-11-30 20:15:14.681    app     info:    [virtual-goods] Fetched Plex status for '16492377' on 'tranquility'
2023-11-30 20:15:14.686    app     info:    [AuthenticationMiddleware] User information updated
2023-11-30 20:15:14.687    app     info:    [esi] Fetching character details for 2119361891, 2120347635
2023-11-30 20:15:14.694    app     info:    [virtual-goods] Fetched Plex status for '25218835' on 'tranquility'
2023-11-30 20:15:14.698    app     info:    [AuthenticationMiddleware] User information updated
2023-11-30 20:15:14.809    app     info:    [creatives] Received 3 creatives
2023-11-30 20:15:15.064    app     info:    [esi] Fetched 2 character details for 25218835
2023-11-30 20:15:15.391     ui     info:    Initializing captcha    ccp://launcher/renderer/main_window/index.js    2
2023-11-30 20:15:19.309    app     info:    [client-queue] Queued client startup    {
  tenant: 'tranquility',
  userId: 29280260,
  characterId: 2121853336,
  profile: ''
}
2023-11-30 20:15:19.311    app     info:    [elg-events] Sending event    eve_launcher.electron.eve_client.ClientQueued
2023-11-30 20:15:19.312    app     info:    [client-queue] No clients running for tranquility, copying files before starting a client
2023-11-30 20:15:19.317    app     info:    [elg-events] Sending event    eve_launcher.electron.eve_client.CopyingFilesStarted
2023-11-30 20:15:19.317    app     info:    [binary-copier] Copying 198 files (216 MB) to 'C:\CCP\EVE Online\tq'
2023-11-30 20:15:19.333    app     info:    [binary-copier] Removing old binaries
2023-11-30 20:15:19.364    app     info:    [binary-copier] Copying binaries from ResFiles
2023-11-30 20:15:19.740    app     info:    [binary-copier] Finished copying 198 files to 'C:\CCP\EVE Online\tq' in 0.425 seconds
2023-11-30 20:15:19.742    app     info:    [elg-events] Sending event    eve_launcher.electron.eve_client.CopyingFilesFinished
2023-11-30 20:15:19.747    app     info:    [client-manager] Starting EVE Online game client.    C:\CCP\EVE Online\tq\bin64\exefile.exe    Map(11) {
  'noconsole' => '/noconsole',
  'server' => '/server:tranquility.servers.eveonline.com',
  'triplatform' => '/triplatform=dx12',
  'ssotoken' => '/ssoToken=***',
  'refreshtoken' => '/refreshToken=***',
  'settingsprofile' => '/settingsprofile=Default',
  'deviceid' => '/deviceID=4a436adb-4b99-40a7-85b0-42e206f41286',
  'autoselectcharacter' => '/autoSelectCharacter:2121853336',
  'language' => '/language=en',
  'exp' => '1701435091',
  'tokenExpires' => '2023-12-01 14:51:31.000'
}    29280260
2023-11-30 20:15:19.750    app     info:    [elg-events] Sending event    eve_launcher.electron.eve_client.GameClientStartRequested
2023-11-30 20:15:19.779    app     info:    [elg-events] Sending event    eve_launcher.electron.eve_client.TemporaryClientProcessAdded
2023-11-30 20:15:19.783    app     info:    [client-queue] Started client from group startup    {
  tenant: 'tranquility',
  characterId: 2121853336,
  profile: '',
  userId: 29280260
}
2023-11-30 20:15:20.302    app     info:    [elg-events] Sending event    eve_launcher.electron.eve_client.TemporaryClientProcessMonitoringRetried
2023-11-30 20:15:20.313    app     info:    [client-manager] Found 'tranquility' client for '29280260' running:     {
  processId: 8928,
  createdDate: 1701375319822,
  userId: 29280260,
  characterId: 2121853336,
  profile: 'Default',
  dxVersion: 'dx12'
}
2023-11-30 20:15:20.326    app     info:    [elg-events] Sending event    eve_launcher.electron.eve_client.GameClientStarted
2023-11-30 20:15:20.333    app     info:    [elg-events] Sending event    eve_launcher.electron.eve_client.TemporaryClientProcessRemoved
2023-11-30 20:15:20.799    app     info:    [client-queue] Queue has stopped running, no more clients pending startup.
2023-11-30 20:15:21.024    app     info:    [analytics] Hardware rendering enabled:    true    { disabledViaCommandline: false, disabledViaSettings: false }
2023-11-30 20:15:31.338    app     info:    [ipc-requests] Handling requests in the background
2023-11-30 20:15:32.349    app     info:    [ipc-requests] No longer handling requests in the background
2023-11-30 20:15:44.059    app     warn:    Could not connect to LogLite    [
  Error: connect ECONNREFUSED 127.0.0.1:3273
      at TCPConnectWrap.afterConnect [as oncomplete] (node:net:1247:16) {
    errno: -4078,
    code: 'ECONNREFUSED',
    syscall: 'connect',
    address: '127.0.0.1',
    port: 3273
  }
]
2023-11-30 20:20:13.810    app     info:    [self-update] Checking for a launcher update...
2023-11-30 20:20:14.098    app     info:    [self-update] Currently running the latest launcher version. Scheduling update check in 5 minutes.
2023-11-30 20:20:14.144    app     info:    [server-manager] Starting refresh cycle for Tranquility
2023-11-30 20:20:14.281    app     info:    [server-manager] Previous Tranquility build: 2438956, current build: 2438956
2023-11-30 20:20:14.282    app     info:    [server-manager] Tranquility build is unchanged.
2023-11-30 20:20:14.289    app     info:    [server-manager] Ready to play!
2023-11-30 20:20:14.291    app     info:    [server-manager] Finished refresh cycle for Tranquility
2023-11-30 20:21:04.797    app     info:    [ipc-requests] Handling requests in the background
2023-11-30 20:21:05.801    app     info:    [ipc-requests] No longer handling requests in the background
2023-11-30 20:22:14.421    app     info:    [ipc-requests] Handling requests in the background
2023-11-30 20:22:15.426    app     info:    [ipc-requests] No longer handling requests in the background
2023-11-30 20:23:48.989    app     info:    [ipc-requests] Handling requests in the background
2023-11-30 20:23:50.001    app     info:    [ipc-requests] No longer handling requests in the background
2023-11-30 20:24:03.797    app     info:    [ipc-requests] Handling requests in the background
2023-11-30 20:24:04.806    app     info:    [ipc-requests] No longer handling requests in the background
2023-11-30 20:24:15.765    app     info:    [ipc-requests] Handling requests in the background
2023-11-30 20:24:16.781    app     info:    [ipc-requests] No longer handling requests in the background
2023-11-30 20:24:17.557    app     info:    [ipc-requests] Handling requests in the background
2023-11-30 20:24:18.561    app     info:    [ipc-requests] No longer handling requests in the background
2023-11-30 20:24:20.468    app     info:    [ipc-requests] Handling requests in the background
2023-11-30 20:24:21.472    app     info:    [ipc-requests] No longer handling requests in the background
2023-11-30 20:24:22.564    app     info:    [ipc-requests] Handling requests in the background
2023-11-30 20:24:23.571    app     info:    [ipc-requests] No longer handling requests in the background
2023-11-30 20:24:31.036    app     info:    [ipc-requests] Handling requests in the background
2023-11-30 20:24:32.039    app     info:    [ipc-requests] No longer handling requests in the background
2023-11-30 20:24:33.084    app     info:    [ipc-requests] Handling requests in the background
2023-11-30 20:24:34.090    app     info:    [ipc-requests] No longer handling requests in the background
2023-11-30 20:25:14.110    app     info:    [self-update] Checking for a launcher update...
2023-11-30 20:25:14.302    app     info:    [server-manager] Starting refresh cycle for Tranquility
2023-11-30 20:25:14.413    app     info:    [self-update] Currently running the latest launcher version. Scheduling update check in 5 minutes.
2023-11-30 20:25:14.458    app     info:    [server-manager] Previous Tranquility build: 2438956, current build: 2438956
2023-11-30 20:25:14.459    app     info:    [server-manager] Tranquility build is unchanged.
2023-11-30 20:25:14.463    app     info:    [server-manager] Ready to play!
2023-11-30 20:25:14.467    app     info:    [server-manager] Finished refresh cycle for Tranquility
2023-11-30 20:28:25.582    app     info:    [ipc-requests] Handling requests in the background
2023-11-30 20:28:26.601    app     info:    [ipc-requests] No longer handling requests in the background
2023-11-30 20:29:26.821    app     info:    [ipc-requests] Handling requests in the background
2023-11-30 20:29:27.842    app     info:    [ipc-requests] No longer handling requests in the background
2023-11-30 20:30:14.424    app     info:    [self-update] Checking for a launcher update...
2023-11-30 20:30:14.473    app     info:    [server-manager] Starting refresh cycle for Tranquility
2023-11-30 20:30:14.597    app     info:    [server-manager] Previous Tranquility build: 2438956, current build: 2438956
2023-11-30 20:30:14.598    app     info:    [server-manager] Tranquility build is unchanged.
2023-11-30 20:30:14.602    app     info:    [server-manager] Ready to play!
2023-11-30 20:30:14.604    app     info:    [server-manager] Finished refresh cycle for Tranquility
2023-11-30 20:30:14.707    app     info:    [self-update] Currently running the latest launcher version. Scheduling update check in 5 minutes.
2023-11-30 20:30:18.295    app     info:    [ipc-requests] Handling requests in the background
2023-11-30 20:30:19.310    app     info:    [ipc-requests] No longer handling requests in the background
2023-11-30 20:30:19.699    app     info:    [feature-flags] Received update for 1 flags for client 4a436adb...
2023-11-30 20:30:19.748    app     info:    [feature-flags] Received update for 1 flags for client 4a436adb...
2023-11-30 20:30:22.076    app     info:    [ipc-requests] Handling requests in the background
2023-11-30 20:30:23.092    app     info:    [ipc-requests] No longer handling requests in the background
2023-11-30 20:30:23.648    app     info:    [ipc-requests] Handling requests in the background
2023-11-30 20:30:24.659    app     info:    [ipc-requests] No longer handling requests in the background
2023-11-30 20:35:14.606    app     info:    [server-manager] Starting refresh cycle for Tranquility
2023-11-30 20:35:14.710    app     info:    [self-update] Checking for a launcher update...
2023-11-30 20:35:14.756    app     info:    [server-manager] Previous Tranquility build: 2438956, current build: 2438956
2023-11-30 20:35:14.757    app     info:    [server-manager] Tranquility build is unchanged.
2023-11-30 20:35:14.761    app     info:    [server-manager] Ready to play!
2023-11-30 20:35:14.764    app     info:    [server-manager] Finished refresh cycle for Tranquility
2023-11-30 20:35:14.994    app     info:    [self-update] Currently running the latest launcher version. Scheduling update check in 5 minutes.
2023-11-30 20:35:15.803    app     info:    [ipc-requests] Handling requests in the background
2023-11-30 20:35:16.804    app     info:    [ipc-requests] No longer handling requests in the background
2023-11-30 20:35:27.832    app     info:    [ipc-requests] Handling requests in the background
2023-11-30 20:35:28.839    app     info:    [ipc-requests] No longer handling requests in the background
2023-11-30 20:35:57.404    app     info:    [ipc-requests] Handling requests in the background
2023-11-30 20:35:58.409    app     info:    [ipc-requests] No longer handling requests in the background
2023-11-30 20:37:30.020    app     info:    [ipc-requests] Handling requests in the background
2023-11-30 20:37:31.036    app     info:    [ipc-requests] No longer handling requests in the background
2023-11-30 20:39:07.090    app     info:    [ipc-requests] Handling requests in the background
2023-11-30 20:39:08.095    app     info:    [ipc-requests] No longer handling requests in the background
2023-11-30 20:40:14.773    app     info:    [server-manager] Starting refresh cycle for Tranquility
2023-11-30 20:40:14.888    app     info:    [server-manager] Previous Tranquility build: 2438956, current build: 2438956
2023-11-30 20:40:14.889    app     info:    [server-manager] Tranquility build is unchanged.
2023-11-30 20:40:14.892    app     info:    [server-manager] Ready to play!
2023-11-30 20:40:14.895    app     info:    [server-manager] Finished refresh cycle for Tranquility
2023-11-30 20:40:15.002    app     info:    [self-update] Checking for a launcher update...
2023-11-30 20:40:15.290    app     info:    [self-update] Currently running the latest launcher version. Scheduling update check in 5 minutes.
2023-11-30 20:42:37.377    app     info:    [ipc-requests] Handling requests in the background
2023-11-30 20:42:38.385    app     info:    [ipc-requests] No longer handling requests in the background
2023-11-30 20:42:41.748    app     info:    [ipc-requests] Handling requests in the background
2023-11-30 20:42:42.752    app     info:    [ipc-requests] No longer handling requests in the background
2023-11-30 20:42:56.413    app     info:    [ipc-requests] Handling requests in the background
2023-11-30 20:42:57.422    app     info:    [ipc-requests] No longer handling requests in the background
2023-11-30 20:43:33.165    app     info:    [ipc-requests] Handling requests in the background
2023-11-30 20:43:34.174    app     info:    [ipc-requests] No longer handling requests in the background
2023-11-30 20:43:41.155    app     info:    [ipc-requests] Handling requests in the background
2023-11-30 20:43:42.165    app     info:    [ipc-requests] No longer handling requests in the background
2023-11-30 20:44:13.558    app     info:    [ipc-requests] Handling requests in the background
2023-11-30 20:44:14.564    app     info:    [ipc-requests] No longer handling requests in the background
2023-11-30 20:44:26.455    app     info:    [ipc-requests] Handling requests in the background
2023-11-30 20:44:27.469    app     info:    [ipc-requests] No longer handling requests in the background
2023-11-30 20:45:14.900    app     info:    [server-manager] Starting refresh cycle for Tranquility
2023-11-30 20:45:15.052    app     info:    [server-manager] Previous Tranquility build: 2438956, current build: 2438956
2023-11-30 20:45:15.053    app     info:    [server-manager] Tranquility build is unchanged.
2023-11-30 20:45:15.057    app     info:    [server-manager] Ready to play!
2023-11-30 20:45:15.060    app     info:    [server-manager] Finished refresh cycle for Tranquility
2023-11-30 20:45:15.302    app     info:    [self-update] Checking for a launcher update...
2023-11-30 20:45:15.589    app     info:    [self-update] Currently running the latest launcher version. Scheduling update check in 5 minutes.
2023-11-30 20:46:55.136    app     info:    [ipc-requests] Handling requests in the background
2023-11-30 20:46:56.150    app     info:    [ipc-requests] No longer handling requests in the background
2023-11-30 20:47:29.477    app     info:    [ipc-requests] Handling requests in the background
2023-11-30 20:47:30.489    app     info:    [ipc-requests] No longer handling requests in the background
2023-11-30 20:49:21.646    app     info:    [ipc-requests] Handling requests in the background
2023-11-30 20:49:22.660    app     info:    [ipc-requests] No longer handling requests in the background
2023-11-30 20:49:38.101    app     info:    [ipc-requests] Handling requests in the background
2023-11-30 20:49:39.112    app     info:    [ipc-requests] No longer handling requests in the background
2023-11-30 20:50:15.074    app     info:    [server-manager] Starting refresh cycle for Tranquility
2023-11-30 20:50:15.244    app     info:    [server-manager] Previous Tranquility build: 2438956, current build: 2438956
2023-11-30 20:50:15.244    app     info:    [server-manager] Tranquility build is unchanged.
2023-11-30 20:50:15.248    app     info:    [server-manager] Ready to play!
2023-11-30 20:50:15.252    app     info:    [server-manager] Finished refresh cycle for Tranquility
2023-11-30 20:50:15.596    app     info:    [self-update] Checking for a launcher update...
2023-11-30 20:50:15.882    app     info:    [self-update] Currently running the latest launcher version. Scheduling update check in 5 minutes.
2023-11-30 20:55:15.257    app     info:    [server-manager] Starting refresh cycle for Tranquility
2023-11-30 20:55:15.393    app     info:    [server-manager] Previous Tranquility build: 2438956, current build: 2438956
2023-11-30 20:55:15.393    app     info:    [server-manager] Tranquility build is unchanged.
2023-11-30 20:55:15.397    app     info:    [server-manager] Ready to play!
2023-11-30 20:55:15.400    app     info:    [server-manager] Finished refresh cycle for Tranquility
2023-11-30 20:55:15.894    app     info:    [self-update] Checking for a launcher update...
2023-11-30 20:55:16.179    app     info:    [self-update] Currently running the latest launcher version. Scheduling update check in 5 minutes.
2023-11-30 20:59:46.004    app     info:    [ipc-requests] Handling requests in the background
2023-11-30 20:59:47.015    app     info:    [ipc-requests] No longer handling requests in the background
2023-11-30 21:00:15.407    app     info:    [server-manager] Starting refresh cycle for Tranquility
2023-11-30 21:00:15.646    app     info:    [server-manager] Previous Tranquility build: 2438956, current build: 2438956
2023-11-30 21:00:15.646    app     info:    [server-manager] Tranquility build is unchanged.
2023-11-30 21:00:15.654    app     info:    [server-manager] Ready to play!
2023-11-30 21:00:15.659    app     info:    [server-manager] Finished refresh cycle for Tranquility
2023-11-30 21:00:16.182    app     info:    [self-update] Checking for a launcher update...
2023-11-30 21:00:16.465    app     info:    [self-update] Currently running the latest launcher version. Scheduling update check in 5 minutes.
2023-11-30 21:01:09.832    app     info:    [main-window] Main window minimized to tray    { windowId: 2 }
2023-11-30 21:01:09.851    app     info:    [main-window] Sent notification that the application is minimized to tray    { windowId: 2 }
2023-11-30 21:01:09.856    app     info:    [ipc-requests] Handling requests in the background
2023-11-30 21:01:10.861    app     info:    [ipc-requests] No longer handling requests in the background
2023-11-30 21:01:15.679    app     info:    Second instance    [
  'C:\\Users\\Dmytro\\AppData\\Local\\eve-online\\app-0.4.10\\eve-online.exe',
  '--allow-file-access-from-files',
  '--secure-schemes',
  '--bypasscsp-schemes=sentry-ipc',
  '--cors-schemes=sentry-ipc',
  '--fetch-schemes=sentry-ipc',
  '--service-worker-schemes',
  '--standard-schemes',
  '--streaming-schemes'
]
2023-11-30 21:01:15.684    app     info:    [tray] Main window restored from second instance    { windowId: 2 }
2023-11-30 21:01:26.410    app     info:    [main-window] Main window minimized to tray    { windowId: 2 }
2023-11-30 21:01:26.417    app     info:    [ipc-requests] Handling requests in the background
2023-11-30 21:01:27.417    app     info:    [ipc-requests] No longer handling requests in the background
2023-11-30 21:05:15.674    app     info:    [server-manager] Starting refresh cycle for Tranquility
2023-11-30 21:05:15.815    app     info:    [server-manager] Previous Tranquility build: 2438956, current build: 2438956
2023-11-30 21:05:15.816    app     info:    [server-manager] Tranquility build is unchanged.
2023-11-30 21:05:15.821    app     info:    [server-manager] Ready to play!
2023-11-30 21:05:15.824    app     info:    [server-manager] Finished refresh cycle for Tranquility
2023-11-30 21:05:16.477    app     info:    [self-update] Checking for a launcher update...
2023-11-30 21:05:16.762    app     info:    [self-update] Currently running the latest launcher version. Scheduling update check in 5 minutes.
2023-11-30 21:10:15.834    app     info:    [server-manager] Starting refresh cycle for Tranquility
2023-11-30 21:10:15.982    app     info:    [server-manager] Previous Tranquility build: 2438956, current build: 2438956
2023-11-30 21:10:15.982    app     info:    [server-manager] Tranquility build is unchanged.
2023-11-30 21:10:15.986    app     info:    [server-manager] Ready to play!
2023-11-30 21:10:15.989    app     info:    [server-manager] Finished refresh cycle for Tranquility
2023-11-30 21:10:16.768    app     info:    [self-update] Checking for a launcher update...
2023-11-30 21:10:17.063    app     info:    [self-update] Currently running the latest launcher version. Scheduling update check in 5 minutes.
2023-11-30 21:15:15.996    app     info:    [server-manager] Starting refresh cycle for Tranquility
2023-11-30 21:15:16.121    app     info:    [server-manager] Previous Tranquility build: 2438956, current build: 2438956
2023-11-30 21:15:16.121    app     info:    [server-manager] Tranquility build is unchanged.
2023-11-30 21:15:16.125    app     info:    [server-manager] Ready to play!
2023-11-30 21:15:16.127    app     info:    [server-manager] Finished refresh cycle for Tranquility
2023-11-30 21:15:17.069    app     info:    [self-update] Checking for a launcher update...
2023-11-30 21:15:17.407    app     info:    [self-update] Currently running the latest launcher version. Scheduling update check in 5 minutes.
2023-11-30 21:20:16.143    app     info:    [server-manager] Starting refresh cycle for Tranquility
2023-11-30 21:20:16.326    app     info:    [server-manager] Previous Tranquility build: 2438956, current build: 2438956
2023-11-30 21:20:16.326    app     info:    [server-manager] Tranquility build is unchanged.
2023-11-30 21:20:16.330    app     info:    [server-manager] Ready to play!
2023-11-30 21:20:16.333    app     info:    [server-manager] Finished refresh cycle for Tranquility
2023-11-30 21:20:17.420    app     info:    [self-update] Checking for a launcher update...
2023-11-30 21:20:17.704    app     info:    [self-update] Currently running the latest launcher version. Scheduling update check in 5 minutes.
2023-11-30 21:25:16.343    app     info:    [server-manager] Starting refresh cycle for Tranquility
2023-11-30 21:25:16.464    app     info:    [server-manager] Previous Tranquility build: 2438956, current build: 2438956
2023-11-30 21:25:16.464    app     info:    [server-manager] Tranquility build is unchanged.
2023-11-30 21:25:16.468    app     info:    [server-manager] Ready to play!
2023-11-30 21:25:16.471    app     info:    [server-manager] Finished refresh cycle for Tranquility
2023-11-30 21:25:17.716    app     info:    [self-update] Checking for a launcher update...
2023-11-30 21:25:17.992    app     info:    [self-update] Currently running the latest launcher version. Scheduling update check in 5 minutes.
2023-11-30 21:30:16.487    app     info:    [server-manager] Starting refresh cycle for Tranquility
2023-11-30 21:30:16.622    app     info:    [server-manager] Previous Tranquility build: 2438956, current build: 2438956
2023-11-30 21:30:16.622    app     info:    [server-manager] Tranquility build is unchanged.
2023-11-30 21:30:16.625    app     info:    [server-manager] Ready to play!
2023-11-30 21:30:16.628    app     info:    [server-manager] Finished refresh cycle for Tranquility
2023-11-30 21:30:17.995    app     info:    [self-update] Checking for a launcher update...
2023-11-30 21:30:18.304    app     info:    [self-update] Currently running the latest launcher version. Scheduling update check in 5 minutes.
2023-11-30 21:35:16.631    app     info:    [server-manager] Starting refresh cycle for Tranquility
2023-11-30 21:35:16.782    app     info:    [server-manager] Previous Tranquility build: 2438956, current build: 2438956
2023-11-30 21:35:16.782    app     info:    [server-manager] Tranquility build is unchanged.
2023-11-30 21:35:16.785    app     info:    [server-manager] Ready to play!
2023-11-30 21:35:16.788    app     info:    [server-manager] Finished refresh cycle for Tranquility
2023-11-30 21:35:18.317    app     info:    [self-update] Checking for a launcher update...
2023-11-30 21:35:18.595    app     info:    [self-update] Currently running the latest launcher version. Scheduling update check in 5 minutes.
2023-11-30 21:40:16.794    app     info:    [server-manager] Starting refresh cycle for Tranquility
2023-11-30 21:40:16.931    app     info:    [server-manager] Previous Tranquility build: 2438956, current build: 2438956
2023-11-30 21:40:16.931    app     info:    [server-manager] Tranquility build is unchanged.
2023-11-30 21:40:16.935    app     info:    [server-manager] Ready to play!
2023-11-30 21:40:16.937    app     info:    [server-manager] Finished refresh cycle for Tranquility
2023-11-30 21:40:18.603    app     info:    [self-update] Checking for a launcher update...
2023-11-30 21:40:18.888    app     info:    [self-update] Currently running the latest launcher version. Scheduling update check in 5 minutes.
2023-11-30 21:43:46.590    app     info:    [client-manager] 'tranquility' for EVE game client for '29280260' exited with no errors.
2023-11-30 21:43:46.592    app     info:    [elg-events] Sending event    eve_launcher.electron.eve_client.GameClientExited
2023-11-30 21:43:46.599    app     info:    [server-manager] Starting refresh cycle for Tranquility
2023-11-30 21:43:46.744    app     info:    [server-manager] Previous Tranquility build: 2438956, current build: 2438956
2023-11-30 21:43:46.745    app     info:    [server-manager] Tranquility build is unchanged.
2023-11-30 21:43:46.748    app     info:    [server-manager] Ready to play!
2023-11-30 21:43:46.751    app     info:    [server-manager] Finished refresh cycle for Tranquility
2023-11-30 21:43:51.054    app     info:    [tray] Quitting application from tray
2023-11-30 21:43:51.055    app     info:    Application quitting. Cleanup needed: true
2023-11-30 21:43:51.057    app     info:    [elg-events] Sending event    eve_launcher.electron.application.LauncherShutdown
2023-11-30 21:43:51.058    app     info:    app.quit called, but we are still sending ELG events.
2023-11-30 21:43:51.664    app     info:    ELG stream closed, quitting.
2023-11-30 21:43:51.667    app     info:    [main-window] Main window closing    { windowId: 2 }
2023-11-30 21:43:51.680    app     info:    Application closed    0
