2023-12-05 05:19:55.128    app     info:    Startup arguments    []
2023-12-05 05:19:55.139    app     info:    EVE Online Launcher is already running. This instance will now be closed.
2023-12-05 05:19:55.140    app     info:    Application quitting. Cleanup needed: true
2023-12-05 05:19:55.146    app     info:    [elg-events] Sending event    eve_launcher.electron.application.LauncherShutdown
2023-12-05 05:19:55.148    app     info:    [self-update] Starting automatic update checks
2023-12-05 05:19:55.149    app     info:    [self-update] Checking for a launcher update...
2023-12-05 05:19:55.178    app     info:    app.quit called, but we are still sending ELG events.
2023-12-05 05:19:55.259    app     info:    [i18next] Changed language    en
2023-12-05 05:19:55.287    app     info:    [authentication] Token for '16492377' on 'tranquility' is expired, refresh is required
2023-12-05 05:19:55.287    app     info:    [authentication] Refreshing token for '16492377' on 'tranquility'
2023-12-05 05:19:55.288    app     info:    [authentication] Token for '17525312' on 'tranquility' is expired, refresh is required
2023-12-05 05:19:55.289    app     info:    [authentication] Refreshing token for '17525312' on 'tranquility'
2023-12-05 05:19:55.289    app     info:    [authentication] Token for '25218835' on 'tranquility' is expired, refresh is required
2023-12-05 05:19:55.289    app     info:    [authentication] Refreshing token for '25218835' on 'tranquility'
2023-12-05 05:19:55.290    app     info:    [customer-information] Getting character information for '29280260' on 'tranquility'
2023-12-05 05:19:55.291    app     info:    [customer-information] Getting Omega status for '29280260' on 'tranquility'
2023-12-05 05:19:55.291    app     info:    [virtual-goods] Getting Plex status for '29280260' on 'tranquility'
2023-12-05 05:19:55.292    app     info:    [customer-information] Getting character information for '29285645' on 'tranquility'
2023-12-05 05:19:55.293    app     info:    [customer-information] Getting Omega status for '29285645' on 'tranquility'
2023-12-05 05:19:55.293    app     info:    [virtual-goods] Getting Plex status for '29285645' on 'tranquility'
2023-12-05 05:19:55.327    app     info:    [cache-protocol] Found 0 entries to remove
2023-12-05 05:19:55.328    app     info:    [cache-protocol] Nothing to clean up.
2023-12-05 05:19:55.431    app     info:    [esi] Fetching character details for 2121853336
2023-12-05 05:19:55.448    app     info:    [virtual-goods] Fetched Plex status for '29280260' on 'tranquility'
2023-12-05 05:19:55.458    app     info:    [customer-information] Agreements have been updated
2023-12-05 05:19:55.461    app     info:    [first-run] First application run was at 2023-11-27T10:29:20.506Z
2023-12-05 05:19:55.470    app     info:    [self-update] Currently running the latest launcher version. Scheduling update check in 5 minutes.
2023-12-05 05:19:55.523    app     info:    [authentication] Token for '16492377' on 'tranquility' has been successfully refreshed
2023-12-05 05:19:55.525    app     info:    [elg-events] Sending event    eve_launcher.electron.authentication.UserTokensRefreshed
2023-12-05 05:19:55.526    app     info:    [customer-information] Getting character information for '16492377' on 'tranquility'
2023-12-05 05:19:55.526    app     info:    [customer-information] Getting Omega status for '16492377' on 'tranquility'
2023-12-05 05:19:55.526    app     info:    [virtual-goods] Getting Plex status for '16492377' on 'tranquility'
2023-12-05 05:19:55.538    app     info:    [authentication] Token for '25218835' on 'tranquility' has been successfully refreshed
2023-12-05 05:19:55.539    app     info:    [elg-events] Sending event    eve_launcher.electron.authentication.UserTokensRefreshed
2023-12-05 05:19:55.539    app     info:    [customer-information] Getting character information for '25218835' on 'tranquility'
2023-12-05 05:19:55.540    app     info:    [customer-information] Getting Omega status for '25218835' on 'tranquility'
2023-12-05 05:19:55.540    app     info:    [virtual-goods] Getting Plex status for '25218835' on 'tranquility'
2023-12-05 05:19:55.596    app     info:    [virtual-goods] Fetched Plex status for '29285645' on 'tranquility'
2023-12-05 05:19:55.620    app     info:    [virtual-goods] Fetched Plex status for '25218835' on 'tranquility'
2023-12-05 05:19:55.645    app     info:    [authentication] Token for '17525312' on 'tranquility' has been successfully refreshed
2023-12-05 05:19:55.646    app     info:    [elg-events] Sending event    eve_launcher.electron.authentication.UserTokensRefreshed
2023-12-05 05:19:55.647    app     info:    [customer-information] Getting character information for '17525312' on 'tranquility'
2023-12-05 05:19:55.647    app     info:    [customer-information] Getting Omega status for '17525312' on 'tranquility'
2023-12-05 05:19:55.647    app     info:    [virtual-goods] Getting Plex status for '17525312' on 'tranquility'
2023-12-05 05:19:55.733    app     info:    [AuthenticationMiddleware] Successfully restored 7 / 7 users
2023-12-05 05:19:55.737    app     info:    [esi] Fetching character details for 2114656127, 2121178396
2023-12-05 05:19:55.746    app     info:    [virtual-goods] Fetched Plex status for '17525312' on 'tranquility'
2023-12-05 05:19:55.757    app     info:    [AuthenticationMiddleware] User information updated
2023-12-05 05:19:55.805    app     info:    [virtual-goods] Fetched Plex status for '16492377' on 'tranquility'
2023-12-05 05:19:55.914    app     info:    [esi] Fetching character details for 2113875139, 2121174871
2023-12-05 05:19:55.924    app     info:    [AuthenticationMiddleware] User information updated
2023-12-05 05:19:55.926    app     info:    [esi] Fetched 1 character details for 29280260
2023-12-05 05:19:55.930    app     info:    [esi] Fetching character details for 2119361891, 2120347635
2023-12-05 05:19:55.940    app     info:    [AuthenticationMiddleware] User information updated
2023-12-05 05:19:56.133    app     info:    [esi] Fetched 2 character details for 17525312
2023-12-05 05:19:56.257    app     info:    ELG stream closed, quitting.
