2023-12-12 22:42:22.897    app     info:    Startup arguments    []
2023-12-12 22:42:22.909    app     info:    EVE Online Launcher is already running. This instance will now be closed.
2023-12-12 22:42:22.909    app     info:    Application quitting. Cleanup needed: true
2023-12-12 22:42:22.914    app     info:    [elg-events] Sending event    eve_launcher.electron.application.LauncherShutdown
2023-12-12 22:42:22.917    app     info:    [self-update] Starting automatic update checks
2023-12-12 22:42:22.918    app     info:    [self-update] Waiting for update feed before starting update checks
2023-12-12 22:42:22.924    app     info:    app.quit called, but we are still sending ELG events.
2023-12-12 22:42:23.012    app     info:    [i18next] Changed language    en
2023-12-12 22:42:23.038    app     info:    [authentication] Token for '16492377' on 'tranquility' is expired, refresh is required
2023-12-12 22:42:23.038    app     info:    [authentication] Refreshing token for '16492377' on 'tranquility'
2023-12-12 22:42:23.039    app     info:    [authentication] Token for '17525312' on 'tranquility' is expired, refresh is required
2023-12-12 22:42:23.040    app     info:    [authentication] Refreshing token for '17525312' on 'tranquility'
2023-12-12 22:42:23.040    app     info:    [authentication] Token for '25218835' on 'tranquility' is expired, refresh is required
2023-12-12 22:42:23.041    app     info:    [authentication] Refreshing token for '25218835' on 'tranquility'
2023-12-12 22:42:23.042    app     info:    [customer-information] Getting character information for '29280260' on 'tranquility'
2023-12-12 22:42:23.042    app     info:    [customer-information] Getting Omega status for '29280260' on 'tranquility'
2023-12-12 22:42:23.042    app     info:    [virtual-goods] Getting Plex status for '29280260' on 'tranquility'
2023-12-12 22:42:23.044    app     info:    [customer-information] Getting character information for '29285645' on 'tranquility'
2023-12-12 22:42:23.044    app     info:    [customer-information] Getting Omega status for '29285645' on 'tranquility'
2023-12-12 22:42:23.044    app     info:    [virtual-goods] Getting Plex status for '29285645' on 'tranquility'
2023-12-12 22:42:23.045    app     info:    [authentication] Token for '18034259' on 'tranquility' is expired, refresh is required
2023-12-12 22:42:23.045    app     info:    [authentication] Refreshing token for '18034259' on 'tranquility'
2023-12-12 22:42:23.045    app     info:    [authentication] Token for '28182799' on 'tranquility' is expired, refresh is required
2023-12-12 22:42:23.045    app     info:    [authentication] Refreshing token for '28182799' on 'tranquility'
2023-12-12 22:42:23.046    app     info:    [authentication] Token for '2110311' on 'tranquility' is expired, refresh is required
2023-12-12 22:42:23.046    app     info:    [authentication] Refreshing token for '2110311' on 'tranquility'
2023-12-12 22:42:23.046    app     info:    [authentication] Token for '23622903' on 'tranquility' is expired, refresh is required
2023-12-12 22:42:23.046    app     info:    [authentication] Refreshing token for '23622903' on 'tranquility'
2023-12-12 22:42:23.046    app     info:    [authentication] Token for '26239201' on 'tranquility' is expired, refresh is required
2023-12-12 22:42:23.047    app     info:    [authentication] Refreshing token for '26239201' on 'tranquility'
2023-12-12 22:42:23.047    app     info:    [AuthenticationMiddleware] Character information for '18922386' on 'tranquility' was loaded recently, skipping refresh.
2023-12-12 22:42:23.047    app     info:    [AuthenticationMiddleware] Plex information for '18922386' on 'tranquility' was loaded recently, skipping refresh.
2023-12-12 22:42:23.047    app     info:    [AuthenticationMiddleware] Character information for '18000247' on 'tranquility' was loaded recently, skipping refresh.
2023-12-12 22:42:23.047    app     info:    [AuthenticationMiddleware] Plex information for '18000247' on 'tranquility' was loaded recently, skipping refresh.
2023-12-12 22:42:23.080    app     info:    [cache-protocol] Found 0 entries to remove
2023-12-12 22:42:23.080    app     info:    [cache-protocol] Nothing to clean up.
2023-12-12 22:42:23.186    app     info:    [esi] Fetching character details for 2121878074
2023-12-12 22:42:23.203    app     info:    [esi] Fetching character details for 2121853336
2023-12-12 22:42:23.238    app     info:    [first-run] First application run was at 2023-11-27T10:29:20.506Z
2023-12-12 22:42:23.292    app     info:    [authentication] Token for '2110311' on 'tranquility' has been successfully refreshed
2023-12-12 22:42:23.295    app     info:    [elg-events] Sending event    eve_launcher.electron.authentication.UserTokensRefreshed
2023-12-12 22:42:23.298    app     info:    [customer-information] Getting character information for '2110311' on 'tranquility'
2023-12-12 22:42:23.298    app     info:    [customer-information] Getting Omega status for '2110311' on 'tranquility'
2023-12-12 22:42:23.298    app     info:    [virtual-goods] Getting Plex status for '2110311' on 'tranquility'
2023-12-12 22:42:23.318    app     info:    [authentication] Token for '16492377' on 'tranquility' has been successfully refreshed
2023-12-12 22:42:23.320    app     info:    [elg-events] Sending event    eve_launcher.electron.authentication.UserTokensRefreshed
2023-12-12 22:42:23.321    app     info:    [customer-information] Getting character information for '16492377' on 'tranquility'
2023-12-12 22:42:23.321    app     info:    [customer-information] Getting Omega status for '16492377' on 'tranquility'
2023-12-12 22:42:23.322    app     info:    [virtual-goods] Getting Plex status for '16492377' on 'tranquility'
2023-12-12 22:42:23.335    app     info:    [authentication] Token for '17525312' on 'tranquility' has been successfully refreshed
2023-12-12 22:42:23.336    app     info:    [elg-events] Sending event    eve_launcher.electron.authentication.UserTokensRefreshed
2023-12-12 22:42:23.337    app     info:    [customer-information] Getting character information for '17525312' on 'tranquility'
2023-12-12 22:42:23.337    app     info:    [customer-information] Getting Omega status for '17525312' on 'tranquility'
2023-12-12 22:42:23.337    app     info:    [virtual-goods] Getting Plex status for '17525312' on 'tranquility'
2023-12-12 22:42:23.350    app     info:    [authentication] Token for '23622903' on 'tranquility' has been successfully refreshed
2023-12-12 22:42:23.351    app     info:    [elg-events] Sending event    eve_launcher.electron.authentication.UserTokensRefreshed
2023-12-12 22:42:23.352    app     info:    [customer-information] Getting character information for '23622903' on 'tranquility'
2023-12-12 22:42:23.353    app     info:    [customer-information] Getting Omega status for '23622903' on 'tranquility'
2023-12-12 22:42:23.353    app     info:    [virtual-goods] Getting Plex status for '23622903' on 'tranquility'
2023-12-12 22:42:23.365    app     info:    [authentication] Token for '28182799' on 'tranquility' has been successfully refreshed
2023-12-12 22:42:23.366    app     info:    [elg-events] Sending event    eve_launcher.electron.authentication.UserTokensRefreshed
2023-12-12 22:42:23.367    app     info:    [customer-information] Getting character information for '28182799' on 'tranquility'
2023-12-12 22:42:23.367    app     info:    [customer-information] Getting Omega status for '28182799' on 'tranquility'
2023-12-12 22:42:23.367    app     info:    [virtual-goods] Getting Plex status for '28182799' on 'tranquility'
2023-12-12 22:42:23.381    app     info:    [authentication] Token for '18034259' on 'tranquility' has been successfully refreshed
2023-12-12 22:42:23.382    app     info:    [elg-events] Sending event    eve_launcher.electron.authentication.UserTokensRefreshed
2023-12-12 22:42:23.384    app     info:    [customer-information] Getting character information for '18034259' on 'tranquility'
2023-12-12 22:42:23.384    app     info:    [customer-information] Getting Omega status for '18034259' on 'tranquility'
2023-12-12 22:42:23.384    app     info:    [virtual-goods] Getting Plex status for '18034259' on 'tranquility'
2023-12-12 22:42:23.406    app     info:    [authentication] Token for '25218835' on 'tranquility' has been successfully refreshed
2023-12-12 22:42:23.408    app     info:    [elg-events] Sending event    eve_launcher.electron.authentication.UserTokensRefreshed
2023-12-12 22:42:23.409    app     info:    [customer-information] Getting character information for '25218835' on 'tranquility'
2023-12-12 22:42:23.410    app     info:    [customer-information] Getting Omega status for '25218835' on 'tranquility'
2023-12-12 22:42:23.410    app     info:    [virtual-goods] Getting Plex status for '25218835' on 'tranquility'
2023-12-12 22:42:23.422    app     info:    [authentication] Token for '26239201' on 'tranquility' has been successfully refreshed
2023-12-12 22:42:23.424    app     info:    [elg-events] Sending event    eve_launcher.electron.authentication.UserTokensRefreshed
2023-12-12 22:42:23.425    app     info:    [customer-information] Getting character information for '26239201' on 'tranquility'
2023-12-12 22:42:23.425    app     info:    [customer-information] Getting Omega status for '26239201' on 'tranquility'
2023-12-12 22:42:23.425    app     info:    [virtual-goods] Getting Plex status for '26239201' on 'tranquility'
2023-12-12 22:42:23.446    app     info:    [customer-information] Agreements have been updated
2023-12-12 22:42:23.450    app     info:    [virtual-goods] Fetched Plex status for '29280260' on 'tranquility'
2023-12-12 22:42:23.461    app     info:    [virtual-goods] Fetched Plex status for '29285645' on 'tranquility'
2023-12-12 22:42:23.468    app     info:    [AuthenticationMiddleware] Successfully restored 16 / 16 users
2023-12-12 22:42:23.533    app     info:    [esi] Fetching character details for 578564394, 2115457291
2023-12-12 22:42:23.576    app     info:    [esi] Fetching character details for 2119361891, 2120347635
2023-12-12 22:42:23.596    app     info:    [esi] Fetching character details for 2121178171
2023-12-12 22:42:23.608    app     info:    [esi] Fetching character details for 2121174545
2023-12-12 22:42:23.620    app     info:    [esi] Fetching character details for 2118248041, 2121175776
2023-12-12 22:42:23.639    app     info:    [esi] Fetching character details for 2115031890, 2121177973
2023-12-12 22:42:23.651    app     info:    [esi] Fetching character details for 2114656127, 2121178396
2023-12-12 22:42:23.670    app     info:    [virtual-goods] Fetched Plex status for '18034259' on 'tranquility'
2023-12-12 22:42:23.675    app     info:    [virtual-goods] Fetched Plex status for '26239201' on 'tranquility'
2023-12-12 22:42:23.681    app     info:    [AuthenticationMiddleware] User information updated
2023-12-12 22:42:23.700    app     info:    [AuthenticationMiddleware] User information updated
2023-12-12 22:42:23.731    app     info:    [virtual-goods] Fetched Plex status for '16492377' on 'tranquility'
2023-12-12 22:42:23.736    app     info:    [virtual-goods] Fetched Plex status for '25218835' on 'tranquility'
2023-12-12 22:42:23.741    app     info:    [AuthenticationMiddleware] User information updated
2023-12-12 22:42:23.743    app     info:    [virtual-goods] Fetched Plex status for '23622903' on 'tranquility'
2023-12-12 22:42:23.749    app     info:    [virtual-goods] Fetched Plex status for '2110311' on 'tranquility'
2023-12-12 22:42:23.754    app     info:    [AuthenticationMiddleware] User information updated
2023-12-12 22:42:23.755    app     info:    [virtual-goods] Fetched Plex status for '28182799' on 'tranquility'
2023-12-12 22:42:23.761    app     info:    [AuthenticationMiddleware] User information updated
2023-12-12 22:42:23.764    app     info:    [virtual-goods] Fetched Plex status for '17525312' on 'tranquility'
2023-12-12 22:42:23.770    app     info:    [AuthenticationMiddleware] User information updated
2023-12-12 22:42:23.831    app     info:    [esi] Fetching character details for 2113875139, 2121174871
2023-12-12 22:42:23.844    app     info:    [AuthenticationMiddleware] User information updated
2023-12-12 22:42:23.853    app     info:    [AuthenticationMiddleware] User information updated
2023-12-12 22:42:23.884    app     info:    [esi] Fetched 1 character details for 29285645
2023-12-12 22:42:23.907    app     info:    [esi] Fetched 1 character details for 29280260
2023-12-12 22:42:24.040    app     info:    [esi] Fetched 2 character details for 23622903
2023-12-12 22:42:24.044    app     info:    [esi] Fetched 2 character details for 17525312
2023-12-12 22:42:24.046    app     info:    [esi] Fetched 2 character details for 18034259
2023-12-12 22:42:24.055    app     info:    ELG stream closed, quitting.
