2023-12-13 23:25:30.588    app     info:    Startup arguments    []
2023-12-13 23:25:30.592    app     info:    [self-update] Starting automatic update checks
2023-12-13 23:25:30.593    app     info:    [self-update] Waiting for update feed before starting update checks
2023-12-13 23:25:30.595    app     info:    [preload] High DPI scaling enabled by settings
2023-12-13 23:25:30.750    app     info:    [i18next] Changed language    en
2023-12-13 23:25:30.862    app     info:    [authentication] Token for '16492377' on 'tranquility' is expired, refresh is required
2023-12-13 23:25:30.862    app     info:    [authentication] Refreshing token for '16492377' on 'tranquility'
2023-12-13 23:25:30.863    app     info:    [authentication] Token for '17525312' on 'tranquility' is expired, refresh is required
2023-12-13 23:25:30.864    app     info:    [authentication] Refreshing token for '17525312' on 'tranquility'
2023-12-13 23:25:30.864    app     info:    [authentication] Token for '25218835' on 'tranquility' is expired, refresh is required
2023-12-13 23:25:30.864    app     info:    [authentication] Refreshing token for '25218835' on 'tranquility'
2023-12-13 23:25:30.865    app     info:    [customer-information] Getting character information for '29280260' on 'tranquility'
2023-12-13 23:25:30.865    app     info:    [customer-information] Getting Omega status for '29280260' on 'tranquility'
2023-12-13 23:25:30.866    app     info:    [virtual-goods] Getting Plex status for '29280260' on 'tranquility'
2023-12-13 23:25:30.868    app     info:    [customer-information] Getting character information for '29285645' on 'tranquility'
2023-12-13 23:25:30.868    app     info:    [customer-information] Getting Omega status for '29285645' on 'tranquility'
2023-12-13 23:25:30.868    app     info:    [virtual-goods] Getting Plex status for '29285645' on 'tranquility'
2023-12-13 23:25:30.868    app     info:    [authentication] Token for '18034259' on 'tranquility' is expired, refresh is required
2023-12-13 23:25:30.869    app     info:    [authentication] Refreshing token for '18034259' on 'tranquility'
2023-12-13 23:25:30.869    app     info:    [authentication] Token for '28182799' on 'tranquility' is expired, refresh is required
2023-12-13 23:25:30.869    app     info:    [authentication] Refreshing token for '28182799' on 'tranquility'
2023-12-13 23:25:30.869    app     info:    [authentication] Token for '2110311' on 'tranquility' is expired, refresh is required
2023-12-13 23:25:30.870    app     info:    [authentication] Refreshing token for '2110311' on 'tranquility'
2023-12-13 23:25:30.870    app     info:    [authentication] Token for '23622903' on 'tranquility' is expired, refresh is required
2023-12-13 23:25:30.870    app     info:    [authentication] Refreshing token for '23622903' on 'tranquility'
2023-12-13 23:25:30.870    app     info:    [authentication] Token for '26239201' on 'tranquility' is expired, refresh is required
2023-12-13 23:25:30.870    app     info:    [authentication] Refreshing token for '26239201' on 'tranquility'
2023-12-13 23:25:30.871    app     info:    [authentication] Token for '18922386' on 'tranquility' is expired, refresh is required
2023-12-13 23:25:30.871    app     info:    [authentication] Refreshing token for '18922386' on 'tranquility'
2023-12-13 23:25:30.871    app     info:    [authentication] Token for '18000247' on 'tranquility' is expired, refresh is required
2023-12-13 23:25:30.871    app     info:    [authentication] Refreshing token for '18000247' on 'tranquility'
2023-12-13 23:25:30.872    app     info:    [device-id] Device id found in state
2023-12-13 23:25:30.878    app     info:    [analytics] Application name:    EVE Online
2023-12-13 23:25:30.878    app     info:    [analytics] Application version:    1.1.0
2023-12-13 23:25:30.878    app     info:    [analytics] Domain    undefined
2023-12-13 23:25:30.879    app     info:    [analytics] Working directory    C:\Users\REDACTED\AppData\Local\eve-online\app-1.1.0
2023-12-13 23:25:30.879    app     info:    [analytics] Username contains UTF8?    false
2023-12-13 23:25:31.674    app     info:    [elg-events] Sending event    eve_launcher.electron.application.PdmLoaded
2023-12-13 23:25:31.678    app     info:    [analytics] Operating system    {
  type: 'Windows',
  name: 'Windows 10 Education',
  version: '10.0 (19045)'
}
2023-12-13 23:25:31.678    app     info:    [analytics] Encryption available:    true
2023-12-13 23:25:31.679    app     info:    [analytics] Machine UUID    4E9F516C-5B97-47C6-8C67-E93D943CB7C8
2023-12-13 23:25:31.679    app     info:    [analytics] PDM Version    2.1.4
2023-12-13 23:25:31.679    app     info:    [analytics] Release channel    release
2023-12-13 23:25:31.682    app     info:    [initializers] Shared cache directory set to    C:\CCP\EVE Online
2023-12-13 23:25:31.714    app     info:    [initializers] Shared cache drive free space: 63,24 GiB / 465,75 GiB
2023-12-13 23:25:31.725    app     info:    [elg-events] Sending event    eve_launcher.electron.application.LauncherStarted
2023-12-13 23:25:31.729    app     info:    [elg-events] Sending event    eve_launcher.electron.application.CoreDataLoaded
2023-12-13 23:25:31.729    app     info:    [cdn-trace] Fetching CDN trace data from https://binaries.eveonline.com/cdn-cgi/trace
2023-12-13 23:25:31.746    app     info:    [feature-flags] Initializing feature flag client
2023-12-13 23:25:31.856    app     info:    [first-run] First application run was at 2023-11-27T10:29:20.506Z
2023-12-13 23:25:31.917    app     info:    [cache-protocol] Found 0 entries to remove
2023-12-13 23:25:31.917    app     info:    [cache-protocol] Nothing to clean up.
2023-12-13 23:25:31.947    app     info:    [server-manager] Starting refresh cycle for eve-online / Tranquility
2023-12-13 23:25:31.969    app     info:    [esi] Fetching character details for 2121878074
2023-12-13 23:25:32.006    app     info:    [customer-information] Agreements have been updated
2023-12-13 23:25:32.015    app     info:    [esi] Fetching character details for 2121853336
2023-12-13 23:25:32.052    app     info:    [server-manager] Previous Tranquility build: 2450968, current build: 2450968
2023-12-13 23:25:32.052    app     info:    [server-manager] Tranquility build is unchanged.
2023-12-13 23:25:32.057    app     info:    [server-manager] Ready to play!
2023-12-13 23:25:32.060    app     info:    [server-manager] Finished refresh cycle for Tranquility
2023-12-13 23:25:32.065    app     info:    info: [LaunchDarkly] LaunchDarkly client initialized    []
2023-12-13 23:25:32.066    app     info:    info: [LaunchDarkly] Opening stream connection to https://clientstream.launchdarkly.com/eval/64c3d12e27a4b11365012d39/eyJrZXkiOiI0YTQzNmFkYi00Yjk5LTQwYTctODViMC00MmUyMDZmNDEyODYiLCJraW5kIjoidXNlciIsImN1c3RvbSI6eyJpc0ZpcnN0UnVuIjpmYWxzZSwiZGF5c1NpbmNlRmlyc3RSdW4iOjE2LCJsYW5ndWFnZSI6ImVuIiwiYXBwbGljYXRpb24iOiJldmUtb25saW5lIiwidmVyc2lvbiI6IjEuMS4wIiwicGxhdGZvcm0iOiJ3aW5kb3dzIiwib3NWZXJzaW9uRGVwcmVjYXRlZCI6ZmFsc2UsInVzZXJJZHMiOlsxNjQ5MjM3NywxODAwMDI0NywyMTEwMzExLDI5Mjg1NjQ1XSwib21lZ2FDb3VudCI6MCwiYWxwaGFDb3VudCI6MTIsImFjY291bnRDb3VudCI6MTIsIm9sZGVzdEFjY291bnRBZ2UiOjYwMDAsInlvdW5nZXN0QWNjb3VudEFnZSI6MTJ9fQ?withReasons=true    []
2023-12-13 23:25:32.067    app     info:    [feature-flags] Client 4a436adb... ready, fetching flags
2023-12-13 23:25:32.070    app     info:    [feature-flags] Received 17 flags for client 4a436adb...
2023-12-13 23:25:32.071    app     info:    [feature-flags] Client initialized with key 4a436adb...
2023-12-13 23:25:32.072    app     info:    [self-update] Update feed set, starting update checks
2023-12-13 23:25:32.072    app     info:    [self-update] Starting automatic update checks
2023-12-13 23:25:32.073    app     info:    [self-update] Checking for a launcher update...
2023-12-13 23:25:32.103    app     info:    [authentication] Token for '18000247' on 'tranquility' has been successfully refreshed
2023-12-13 23:25:32.105    app     info:    [elg-events] Sending event    eve_launcher.electron.authentication.UserTokensRefreshed
2023-12-13 23:25:32.106    app     info:    [customer-information] Getting character information for '18000247' on 'tranquility'
2023-12-13 23:25:32.107    app     info:    [customer-information] Getting Omega status for '18000247' on 'tranquility'
2023-12-13 23:25:32.107    app     info:    [virtual-goods] Getting Plex status for '18000247' on 'tranquility'
2023-12-13 23:25:32.125    app     info:    [authentication] Token for '18034259' on 'tranquility' has been successfully refreshed
2023-12-13 23:25:32.126    app     info:    [elg-events] Sending event    eve_launcher.electron.authentication.UserTokensRefreshed
2023-12-13 23:25:32.128    app     info:    [customer-information] Getting character information for '18034259' on 'tranquility'
2023-12-13 23:25:32.128    app     info:    [customer-information] Getting Omega status for '18034259' on 'tranquility'
2023-12-13 23:25:32.128    app     info:    [virtual-goods] Getting Plex status for '18034259' on 'tranquility'
2023-12-13 23:25:32.137    app     info:    [authentication] Token for '28182799' on 'tranquility' has been successfully refreshed
2023-12-13 23:25:32.139    app     info:    [elg-events] Sending event    eve_launcher.electron.authentication.UserTokensRefreshed
2023-12-13 23:25:32.140    app     info:    [customer-information] Getting character information for '28182799' on 'tranquility'
2023-12-13 23:25:32.140    app     info:    [customer-information] Getting Omega status for '28182799' on 'tranquility'
2023-12-13 23:25:32.140    app     info:    [virtual-goods] Getting Plex status for '28182799' on 'tranquility'
2023-12-13 23:25:32.150    app     info:    [authentication] Token for '26239201' on 'tranquility' has been successfully refreshed
2023-12-13 23:25:32.152    app     info:    [elg-events] Sending event    eve_launcher.electron.authentication.UserTokensRefreshed
2023-12-13 23:25:32.153    app     info:    [customer-information] Getting character information for '26239201' on 'tranquility'
2023-12-13 23:25:32.153    app     info:    [customer-information] Getting Omega status for '26239201' on 'tranquility'
2023-12-13 23:25:32.153    app     info:    [virtual-goods] Getting Plex status for '26239201' on 'tranquility'
2023-12-13 23:25:32.164    app     info:    [authentication] Token for '25218835' on 'tranquility' has been successfully refreshed
2023-12-13 23:25:32.166    app     info:    [elg-events] Sending event    eve_launcher.electron.authentication.UserTokensRefreshed
2023-12-13 23:25:32.167    app     info:    [customer-information] Getting character information for '25218835' on 'tranquility'
2023-12-13 23:25:32.167    app     info:    [customer-information] Getting Omega status for '25218835' on 'tranquility'
2023-12-13 23:25:32.167    app     info:    [virtual-goods] Getting Plex status for '25218835' on 'tranquility'
2023-12-13 23:25:32.185    app     info:    [authentication] Token for '23622903' on 'tranquility' has been successfully refreshed
2023-12-13 23:25:32.187    app     info:    [elg-events] Sending event    eve_launcher.electron.authentication.UserTokensRefreshed
2023-12-13 23:25:32.188    app     info:    [customer-information] Getting character information for '23622903' on 'tranquility'
2023-12-13 23:25:32.188    app     info:    [customer-information] Getting Omega status for '23622903' on 'tranquility'
2023-12-13 23:25:32.188    app     info:    [virtual-goods] Getting Plex status for '23622903' on 'tranquility'
2023-12-13 23:25:32.199    app     info:    [authentication] Token for '17525312' on 'tranquility' has been successfully refreshed
2023-12-13 23:25:32.201    app     info:    [elg-events] Sending event    eve_launcher.electron.authentication.UserTokensRefreshed
2023-12-13 23:25:32.202    app     info:    [customer-information] Getting character information for '17525312' on 'tranquility'
2023-12-13 23:25:32.202    app     info:    [customer-information] Getting Omega status for '17525312' on 'tranquility'
2023-12-13 23:25:32.203    app     info:    [virtual-goods] Getting Plex status for '17525312' on 'tranquility'
2023-12-13 23:25:32.217    app     info:    [authentication] Token for '2110311' on 'tranquility' has been successfully refreshed
2023-12-13 23:25:32.219    app     info:    [elg-events] Sending event    eve_launcher.electron.authentication.UserTokensRefreshed
2023-12-13 23:25:32.221    app     info:    [customer-information] Getting character information for '2110311' on 'tranquility'
2023-12-13 23:25:32.221    app     info:    [customer-information] Getting Omega status for '2110311' on 'tranquility'
2023-12-13 23:25:32.221    app     info:    [virtual-goods] Getting Plex status for '2110311' on 'tranquility'
2023-12-13 23:25:32.230    app     info:    [authentication] Token for '18922386' on 'tranquility' has been successfully refreshed
2023-12-13 23:25:32.232    app     info:    [elg-events] Sending event    eve_launcher.electron.authentication.UserTokensRefreshed
2023-12-13 23:25:32.233    app     info:    [customer-information] Getting character information for '18922386' on 'tranquility'
2023-12-13 23:25:32.234    app     info:    [customer-information] Getting Omega status for '18922386' on 'tranquility'
2023-12-13 23:25:32.234    app     info:    [virtual-goods] Getting Plex status for '18922386' on 'tranquility'
2023-12-13 23:25:32.246    app     info:    [authentication] Token for '16492377' on 'tranquility' has been successfully refreshed
2023-12-13 23:25:32.248    app     info:    [elg-events] Sending event    eve_launcher.electron.authentication.UserTokensRefreshed
2023-12-13 23:25:32.249    app     info:    [customer-information] Getting character information for '16492377' on 'tranquility'
2023-12-13 23:25:32.249    app     info:    [customer-information] Getting Omega status for '16492377' on 'tranquility'
2023-12-13 23:25:32.249    app     info:    [virtual-goods] Getting Plex status for '16492377' on 'tranquility'
2023-12-13 23:25:32.271    app     info:    [virtual-goods] Fetched Plex status for '29285645' on 'tranquility'
2023-12-13 23:25:32.277    app     info:    [virtual-goods] Fetched Plex status for '29280260' on 'tranquility'
2023-12-13 23:25:32.283    app     info:    [AuthenticationMiddleware] Successfully restored 14 / 14 users
2023-12-13 23:25:32.363    app     info:    [esi] Fetching character details for 2115007749, 2121891348
2023-12-13 23:25:32.388    app     info:    [esi] Fetching character details for 2121178171
2023-12-13 23:25:32.436    app     info:    [esi] Fetching character details for 2114656127, 2121178396
2023-12-13 23:25:32.447    app     info:    [esi] Fetching character details for 2118248041, 2121175776
2023-12-13 23:25:32.456    app     info:    [esi] Fetching character details for 2115031890, 2121177973
2023-12-13 23:25:32.470    app     info:    [customer-information] Agreement status has been fetched for user '18000247'
2023-12-13 23:25:32.478    app     info:    [esi] Fetching character details for 2115479508
2023-12-13 23:25:32.507    app     info:    [esi] Fetching character details for 2119361891, 2120347635
2023-12-13 23:25:32.517    app     info:    [esi] Fetching character details for 2121174545
2023-12-13 23:25:32.537    app     info:    [esi] Fetching character details for 2113875139, 2121174871
2023-12-13 23:25:32.546    app     info:    [virtual-goods] Fetched Plex status for '18034259' on 'tranquility'
2023-12-13 23:25:32.551    app     info:    [AuthenticationMiddleware] User information updated
2023-12-13 23:25:32.561    app     info:    [esi] Fetching character details for 578564394, 2115457291
2023-12-13 23:25:32.579    app     info:    [virtual-goods] Fetched Plex status for '18000247' on 'tranquility'
2023-12-13 23:25:32.584    app     info:    [AuthenticationMiddleware] User information updated
2023-12-13 23:25:32.605    app     info:    [customer-information] Agreement status has been fetched for user '18922386'
2023-12-13 23:25:32.608    app     info:    [self-update] Currently running the latest launcher version. Scheduling update check in 5 minutes.
2023-12-13 23:25:32.612    app     info:    [virtual-goods] Fetched Plex status for '25218835' on 'tranquility'
2023-12-13 23:25:32.618    app     info:    [AuthenticationMiddleware] User information updated
2023-12-13 23:25:32.622    app     info:    [virtual-goods] Fetched Plex status for '17525312' on 'tranquility'
2023-12-13 23:25:32.628    app     info:    [AuthenticationMiddleware] User information updated
2023-12-13 23:25:32.629    app     info:    [virtual-goods] Fetched Plex status for '18922386' on 'tranquility'
2023-12-13 23:25:32.634    app     info:    [AuthenticationMiddleware] User information updated
2023-12-13 23:25:32.637    app     info:    [virtual-goods] Fetched Plex status for '16492377' on 'tranquility'
2023-12-13 23:25:32.643    app     info:    [AuthenticationMiddleware] User information updated
2023-12-13 23:25:32.671    app     info:    [esi] Fetched 1 character details for 29285645
2023-12-13 23:25:32.753    app     info:    [esi] Fetched 1 character details for 29280260
2023-12-13 23:25:32.964    app     warn:    [steam-auth] Failed to initialize Steamworks client
2023-12-13 23:25:32.972    app     info:    [main-window] Registering main window    { windowId: 2 }
2023-12-13 23:25:32.982    app     info:    [cdn-trace] Fetching CDN trace data from https://binaries.eveonline.com/cdn-cgi/trace
2023-12-13 23:25:32.984    app     info:    [creatives] Requesting creatives
2023-12-13 23:25:32.989    app     info:    [elg-events] Sending event    eve_launcher.electron.application.RendererLoaded
2023-12-13 23:25:32.999    app     info:    [esi] Fetched 2 character details for 18000247
2023-12-13 23:25:33.001    app     info:    [esi] Fetched 1 character details for 26239201
2023-12-13 23:25:33.007    app     info:    [virtual-goods] Fetched Plex status for '28182799' on 'tranquility'
2023-12-13 23:25:33.013    app     info:    [AuthenticationMiddleware] User information updated
2023-12-13 23:25:33.013    app     info:    [virtual-goods] Fetched Plex status for '26239201' on 'tranquility'
2023-12-13 23:25:33.018    app     info:    [AuthenticationMiddleware] User information updated
2023-12-13 23:25:33.019    app     info:    [virtual-goods] Fetched Plex status for '23622903' on 'tranquility'
2023-12-13 23:25:33.027    app     info:    [AuthenticationMiddleware] User information updated
2023-12-13 23:25:33.028    app     info:    [virtual-goods] Fetched Plex status for '2110311' on 'tranquility'
2023-12-13 23:25:33.033    app     info:    [AuthenticationMiddleware] User information updated
2023-12-13 23:25:33.055    app     info:    [esi] Fetched 1 character details for 28182799
2023-12-13 23:25:33.058    app     info:    [esi] Fetched 2 character details for 17525312
2023-12-13 23:25:33.059    app     info:    [esi] Fetched 2 character details for 23622903
2023-12-13 23:25:33.065    app     info:    [esi] Fetched 2 character details for 18034259
2023-12-13 23:25:33.067    app     info:    [esi] Fetched 2 character details for 16492377
2023-12-13 23:25:33.070    app     info:    [esi] Fetched 1 character details for 18922386
2023-12-13 23:25:33.082    app     info:    [esi] Fetched 2 character details for 25218835
2023-12-13 23:25:33.154    app     info:    [creatives] Received 3 creatives
2023-12-13 23:25:33.252    app     info:    [esi] Fetched 2 character details for 2110311
2023-12-13 23:25:34.010     ui     info:    Initializing captcha    ccp://launcher/renderer/main_window/index.js    2
2023-12-13 23:25:37.894    app     info:    [ipc-requests] Handling requests in the background
2023-12-13 23:25:38.903    app     info:    [ipc-requests] No longer handling requests in the background
2023-12-13 23:25:40.672    app     info:    [analytics] Hardware rendering enabled:    true    { disabledViaCommandline: false, disabledViaSettings: false }
2023-12-13 23:26:02.041    app     warn:    Could not connect to LogLite    [
  Error: connect ECONNREFUSED 127.0.0.1:3273
      at TCPConnectWrap.afterConnect [as oncomplete] (node:net:1247:16) {
    errno: -4078,
    code: 'ECONNREFUSED',
    syscall: 'connect',
    address: '127.0.0.1',
    port: 3273
  }
]
2023-12-13 23:27:14.394    app     info:    [AuthenticationMiddleware] Character information for '18000247' on 'tranquility' was loaded recently, skipping refresh.
2023-12-13 23:27:14.394    app     info:    [AuthenticationMiddleware] Plex information for '18000247' on 'tranquility' was loaded recently, skipping refresh.
2023-12-13 23:27:16.105    app     info:    [client-queue] Queued client startup    {
  product: 'eve-online',
  tenant: 'tranquility',
  userId: 18000247,
  characterId: 2121891348,
  profile: ''
}
2023-12-13 23:27:16.108    app     info:    [elg-events] Sending event    eve_launcher.electron.eve_client.ClientQueued
2023-12-13 23:27:16.114    app     info:    [client-queue] No clients running for tranquility, copying files before starting a client
2023-12-13 23:27:16.120    app     info:    [elg-events] Sending event    eve_launcher.electron.eve_client.CopyingFilesStarted
2023-12-13 23:27:16.121    app     info:    [binary-copier] Copying 194 files (216 MB) to 'C:\CCP\EVE Online\tq'
2023-12-13 23:27:16.173    app     info:    [binary-copier] Removing old binaries
2023-12-13 23:27:16.192    app     info:    [binary-copier] Copying binaries from ResFiles
2023-12-13 23:27:16.670    app     info:    [binary-copier] Finished copying 194 files to 'C:\CCP\EVE Online\tq' in 0.551 seconds
2023-12-13 23:27:16.672    app     info:    [elg-events] Sending event    eve_launcher.electron.eve_client.CopyingFilesFinished
2023-12-13 23:27:16.678    app     info:    [client-manager] Starting EVE Online game client.    C:\CCP\EVE Online\tq\bin64\exefile.exe    Map(11) {
  'noconsole' => '/noconsole',
  'server' => '/server:tranquility.servers.eveonline.com',
  'triplatform' => '/triplatform=dx12',
  'ssotoken' => '/ssoToken=***',
  'refreshtoken' => '/refreshToken=***',
  'settingsprofile' => '/settingsprofile=Default',
  'deviceid' => '/deviceID=4a436adb-4b99-40a7-85b0-42e206f41286',
  'autoselectcharacter' => '/autoSelectCharacter:2121891348',
  'language' => '/language=en',
  'exp' => '1702510530',
  'tokenExpires' => '2023-12-14 01:35:30.000'
}    18000247
2023-12-13 23:27:16.838    app     info:    [client-queue] Started client from group startup    {
  product: 'eve-online',
  tenant: 'tranquility',
  characterId: 2121891348,
  profile: '',
  userId: 18000247
}
2023-12-13 23:27:16.843    app     info:    [quasar-events] Sent 'eve_launcher.electron.eve_client.GameClientStartRequested'
2023-12-13 23:27:16.843    app     info:    [quasar-events] Sent 'eve_launcher.electron.eve_client.TemporaryClientProcessAdded'
2023-12-13 23:27:17.345    app     info:    [client-manager] Found 'tranquility' client for '18000247' running:     {
  processId: 7904,
  createdDate: 1702510036877,
  userId: 18000247,
  characterId: 2121891348,
  profile: 'Default',
  dxVersion: 'dx12'
}
2023-12-13 23:27:17.450    app     info:    [quasar-events] Sent 'eve_launcher.electron.eve_client.TemporaryClientProcessMonitoringRetried'
2023-12-13 23:27:17.450    app     info:    [quasar-events] Sent 'eve_launcher.electron.eve_client.GameClientStarted'
2023-12-13 23:27:17.451    app     info:    [quasar-events] Sent 'eve_launcher.electron.eve_client.TemporaryClientProcessRemoved'
2023-12-13 23:27:17.862    app     info:    [client-queue] Queue has stopped running, no more clients pending startup.
2023-12-13 23:30:32.065    app     info:    [server-manager] Starting refresh cycle for eve-online / Tranquility
2023-12-13 23:30:32.215    app     info:    [server-manager] Previous Tranquility build: 2450968, current build: 2450968
2023-12-13 23:30:32.215    app     info:    [server-manager] Tranquility build is unchanged.
2023-12-13 23:30:32.221    app     info:    [server-manager] Ready to play!
2023-12-13 23:30:32.224    app     info:    [server-manager] Finished refresh cycle for Tranquility
2023-12-13 23:30:32.609    app     info:    [self-update] Checking for a launcher update...
2023-12-13 23:30:32.905    app     info:    [self-update] Currently running the latest launcher version. Scheduling update check in 5 minutes.
2023-12-13 23:35:32.238    app     info:    [server-manager] Starting refresh cycle for eve-online / Tranquility
2023-12-13 23:35:32.365    app     info:    [server-manager] Previous Tranquility build: 2450968, current build: 2450968
2023-12-13 23:35:32.365    app     info:    [server-manager] Tranquility build is unchanged.
2023-12-13 23:35:32.371    app     info:    [server-manager] Ready to play!
2023-12-13 23:35:32.374    app     info:    [server-manager] Finished refresh cycle for Tranquility
2023-12-13 23:35:32.910    app     info:    [self-update] Checking for a launcher update...
2023-12-13 23:35:33.209    app     info:    [self-update] Currently running the latest launcher version. Scheduling update check in 5 minutes.
2023-12-13 23:37:25.180    app     info:    [ipc-requests] Handling requests in the background
2023-12-13 23:37:26.182    app     info:    [ipc-requests] No longer handling requests in the background
2023-12-13 23:37:45.630    app     info:    [ipc-requests] Handling requests in the background
2023-12-13 23:37:46.639    app     info:    [ipc-requests] No longer handling requests in the background
2023-12-13 23:37:47.791    app     info:    [ipc-requests] Handling requests in the background
2023-12-13 23:37:48.797    app     info:    [ipc-requests] No longer handling requests in the background
2023-12-13 23:37:53.472    app     info:    [ipc-requests] Handling requests in the background
2023-12-13 23:37:54.473    app     info:    [ipc-requests] No longer handling requests in the background
2023-12-13 23:37:54.802    app     info:    [ipc-requests] Handling requests in the background
2023-12-13 23:37:55.811    app     info:    [ipc-requests] No longer handling requests in the background
2023-12-13 23:37:56.294    app     info:    [ipc-requests] Handling requests in the background
2023-12-13 23:37:57.299    app     info:    [ipc-requests] No longer handling requests in the background
2023-12-13 23:38:05.485    app     info:    [ipc-requests] Handling requests in the background
2023-12-13 23:38:06.498    app     info:    [ipc-requests] No longer handling requests in the background
2023-12-13 23:38:07.133    app     info:    [ipc-requests] Handling requests in the background
2023-12-13 23:38:08.133    app     info:    [ipc-requests] No longer handling requests in the background
2023-12-13 23:38:10.608    app     info:    [ipc-requests] Handling requests in the background
2023-12-13 23:38:11.614    app     info:    [ipc-requests] No longer handling requests in the background
2023-12-13 23:38:19.312    app     info:    [ipc-requests] Handling requests in the background
2023-12-13 23:38:20.317    app     info:    [ipc-requests] No longer handling requests in the background
2023-12-13 23:39:03.711    app     info:    [ipc-requests] Handling requests in the background
2023-12-13 23:39:04.715    app     info:    [ipc-requests] No longer handling requests in the background
2023-12-13 23:40:32.386    app     info:    [server-manager] Starting refresh cycle for eve-online / Tranquility
2023-12-13 23:40:32.503    app     info:    [server-manager] Previous Tranquility build: 2450968, current build: 2450968
2023-12-13 23:40:32.504    app     info:    [server-manager] Tranquility build is unchanged.
2023-12-13 23:40:32.509    app     info:    [server-manager] Ready to play!
2023-12-13 23:40:32.512    app     info:    [server-manager] Finished refresh cycle for Tranquility
2023-12-13 23:40:33.216    app     info:    [self-update] Checking for a launcher update...
2023-12-13 23:40:33.502    app     info:    [self-update] Currently running the latest launcher version. Scheduling update check in 5 minutes.
2023-12-13 23:41:24.423    app     info:    [ipc-requests] Handling requests in the background
2023-12-13 23:41:25.427    app     info:    [ipc-requests] No longer handling requests in the background
2023-12-13 23:41:34.407    app     info:    [ipc-requests] Handling requests in the background
2023-12-13 23:41:35.413    app     info:    [ipc-requests] No longer handling requests in the background
2023-12-13 23:45:32.528    app     info:    [server-manager] Starting refresh cycle for eve-online / Tranquility
2023-12-13 23:45:32.694    app     info:    [server-manager] Previous Tranquility build: 2450968, current build: 2450968
2023-12-13 23:45:32.694    app     info:    [server-manager] Tranquility build is unchanged.
2023-12-13 23:45:32.700    app     info:    [server-manager] Ready to play!
2023-12-13 23:45:32.703    app     info:    [server-manager] Finished refresh cycle for Tranquility
2023-12-13 23:45:33.510    app     info:    [self-update] Checking for a launcher update...
2023-12-13 23:45:33.802    app     info:    [self-update] Currently running the latest launcher version. Scheduling update check in 5 minutes.
2023-12-13 23:50:32.711    app     info:    [server-manager] Starting refresh cycle for eve-online / Tranquility
2023-12-13 23:50:32.850    app     info:    [server-manager] Previous Tranquility build: 2450968, current build: 2450968
2023-12-13 23:50:32.850    app     info:    [server-manager] Tranquility build is unchanged.
2023-12-13 23:50:32.855    app     info:    [server-manager] Ready to play!
2023-12-13 23:50:32.858    app     info:    [server-manager] Finished refresh cycle for Tranquility
2023-12-13 23:50:33.817    app     info:    [self-update] Checking for a launcher update...
2023-12-13 23:50:34.104    app     info:    [self-update] Currently running the latest launcher version. Scheduling update check in 5 minutes.
2023-12-13 23:55:32.863    app     info:    [server-manager] Starting refresh cycle for eve-online / Tranquility
2023-12-13 23:55:33.038    app     info:    [server-manager] Previous Tranquility build: 2450968, current build: 2450968
2023-12-13 23:55:33.038    app     info:    [server-manager] Tranquility build is unchanged.
2023-12-13 23:55:33.043    app     info:    [server-manager] Ready to play!
2023-12-13 23:55:33.046    app     info:    [server-manager] Finished refresh cycle for Tranquility
2023-12-13 23:55:34.108    app     info:    [self-update] Checking for a launcher update...
2023-12-13 23:55:34.400    app     info:    [self-update] Currently running the latest launcher version. Scheduling update check in 5 minutes.
