2023-12-15 07:26:23.226    app     info:    Startup arguments    []
2023-12-15 07:26:23.235    app     info:    EVE Online Launcher is already running. This instance will now be closed.
2023-12-15 07:26:23.236    app     info:    Application quitting. Cleanup needed: true
2023-12-15 07:26:23.243    app     info:    [elg-events] Sending event    eve_launcher.electron.application.LauncherShutdown
2023-12-15 07:26:23.252    app     info:    [self-update] Starting automatic update checks
2023-12-15 07:26:23.252    app     info:    [self-update] Waiting for update feed before starting update checks
2023-12-15 07:26:23.255    app     info:    [preload] High DPI scaling enabled by settings
2023-12-15 07:26:23.257    app     info:    app.quit called, but we are still sending ELG events.
2023-12-15 07:26:23.345    app     info:    [i18next] Changed language    en
2023-12-15 07:26:23.362    app     info:    [authentication] Token for '16492377' on 'tranquility' is expired, refresh is required
2023-12-15 07:26:23.363    app     info:    [authentication] Refreshing token for '16492377' on 'tranquility'
2023-12-15 07:26:23.364    app     info:    [authentication] Token for '17525312' on 'tranquility' is expired, refresh is required
2023-12-15 07:26:23.364    app     info:    [authentication] Refreshing token for '17525312' on 'tranquility'
2023-12-15 07:26:23.364    app     info:    [authentication] Token for '25218835' on 'tranquility' is expired, refresh is required
2023-12-15 07:26:23.365    app     info:    [authentication] Refreshing token for '25218835' on 'tranquility'
2023-12-15 07:26:23.365    app     info:    [AuthenticationMiddleware] Character information for '29280260' on 'tranquility' was loaded recently, skipping refresh.
2023-12-15 07:26:23.366    app     info:    [AuthenticationMiddleware] Plex information for '29280260' on 'tranquility' was loaded recently, skipping refresh.
2023-12-15 07:26:23.368    app     info:    [AuthenticationMiddleware] Character information for '29285645' on 'tranquility' was loaded recently, skipping refresh.
2023-12-15 07:26:23.368    app     info:    [AuthenticationMiddleware] Plex information for '29285645' on 'tranquility' was loaded recently, skipping refresh.
2023-12-15 07:26:23.369    app     info:    [authentication] Token for '18034259' on 'tranquility' is expired, refresh is required
2023-12-15 07:26:23.369    app     info:    [authentication] Refreshing token for '18034259' on 'tranquility'
2023-12-15 07:26:23.369    app     info:    [authentication] Token for '28182799' on 'tranquility' is expired, refresh is required
2023-12-15 07:26:23.369    app     info:    [authentication] Refreshing token for '28182799' on 'tranquility'
2023-12-15 07:26:23.370    app     info:    [authentication] Token for '2110311' on 'tranquility' is expired, refresh is required
2023-12-15 07:26:23.370    app     info:    [authentication] Refreshing token for '2110311' on 'tranquility'
2023-12-15 07:26:23.370    app     info:    [authentication] Token for '23622903' on 'tranquility' is expired, refresh is required
2023-12-15 07:26:23.370    app     info:    [authentication] Refreshing token for '23622903' on 'tranquility'
2023-12-15 07:26:23.371    app     info:    [authentication] Token for '26239201' on 'tranquility' is expired, refresh is required
2023-12-15 07:26:23.371    app     info:    [authentication] Refreshing token for '26239201' on 'tranquility'
2023-12-15 07:26:23.371    app     info:    [authentication] Token for '18922386' on 'tranquility' is expired, refresh is required
2023-12-15 07:26:23.371    app     info:    [authentication] Refreshing token for '18922386' on 'tranquility'
2023-12-15 07:26:23.372    app     info:    [authentication] Token for '18000247' on 'tranquility' is expired, refresh is required
2023-12-15 07:26:23.372    app     info:    [authentication] Refreshing token for '18000247' on 'tranquility'
2023-12-15 07:26:23.410    app     info:    [cache-protocol] Found 0 entries to remove
2023-12-15 07:26:23.411    app     info:    [cache-protocol] Nothing to clean up.
2023-12-15 07:26:23.561    app     info:    [customer-information] Agreements have been updated
2023-12-15 07:26:23.616    app     info:    [authentication] Token for '18000247' on 'tranquility' has been successfully refreshed
2023-12-15 07:26:23.620    app     info:    [elg-events] Sending event    eve_launcher.electron.authentication.UserTokensRefreshed
2023-12-15 07:26:23.624    app     info:    [AuthenticationMiddleware] Character information for '18000247' on 'tranquility' was loaded recently, skipping refresh.
2023-12-15 07:26:23.624    app     info:    [AuthenticationMiddleware] Plex information for '18000247' on 'tranquility' was loaded recently, skipping refresh.
2023-12-15 07:26:23.640    app     info:    [AuthenticationMiddleware] User information updated
2023-12-15 07:26:23.642    app     info:    [authentication] Token for '26239201' on 'tranquility' has been successfully refreshed
2023-12-15 07:26:23.644    app     info:    [elg-events] Sending event    eve_launcher.electron.authentication.UserTokensRefreshed
2023-12-15 07:26:23.647    app     info:    [AuthenticationMiddleware] Character information for '26239201' on 'tranquility' was loaded recently, skipping refresh.
2023-12-15 07:26:23.647    app     info:    [AuthenticationMiddleware] Plex information for '26239201' on 'tranquility' was loaded recently, skipping refresh.
2023-12-15 07:26:23.657    app     info:    [AuthenticationMiddleware] User information updated
2023-12-15 07:26:23.657    app     info:    [authentication] Token for '16492377' on 'tranquility' has been successfully refreshed
2023-12-15 07:26:23.659    app     info:    [elg-events] Sending event    eve_launcher.electron.authentication.UserTokensRefreshed
2023-12-15 07:26:23.660    app     info:    [AuthenticationMiddleware] Character information for '16492377' on 'tranquility' was loaded recently, skipping refresh.
2023-12-15 07:26:23.660    app     info:    [AuthenticationMiddleware] Plex information for '16492377' on 'tranquility' was loaded recently, skipping refresh.
2023-12-15 07:26:23.668    app     info:    [AuthenticationMiddleware] User information updated
2023-12-15 07:26:23.668    app     info:    [authentication] Token for '23622903' on 'tranquility' has been successfully refreshed
2023-12-15 07:26:23.670    app     info:    [elg-events] Sending event    eve_launcher.electron.authentication.UserTokensRefreshed
2023-12-15 07:26:23.671    app     info:    [AuthenticationMiddleware] Character information for '23622903' on 'tranquility' was loaded recently, skipping refresh.
2023-12-15 07:26:23.671    app     info:    [AuthenticationMiddleware] Plex information for '23622903' on 'tranquility' was loaded recently, skipping refresh.
2023-12-15 07:26:23.678    app     info:    [AuthenticationMiddleware] User information updated
2023-12-15 07:26:23.678    app     info:    [authentication] Token for '28182799' on 'tranquility' has been successfully refreshed
2023-12-15 07:26:23.680    app     info:    [elg-events] Sending event    eve_launcher.electron.authentication.UserTokensRefreshed
2023-12-15 07:26:23.681    app     info:    [AuthenticationMiddleware] Character information for '28182799' on 'tranquility' was loaded recently, skipping refresh.
2023-12-15 07:26:23.681    app     info:    [AuthenticationMiddleware] Plex information for '28182799' on 'tranquility' was loaded recently, skipping refresh.
2023-12-15 07:26:23.689    app     info:    [AuthenticationMiddleware] User information updated
2023-12-15 07:26:23.689    app     info:    [authentication] Token for '17525312' on 'tranquility' has been successfully refreshed
2023-12-15 07:26:23.691    app     info:    [elg-events] Sending event    eve_launcher.electron.authentication.UserTokensRefreshed
2023-12-15 07:26:23.692    app     info:    [AuthenticationMiddleware] Character information for '17525312' on 'tranquility' was loaded recently, skipping refresh.
2023-12-15 07:26:23.692    app     info:    [AuthenticationMiddleware] Plex information for '17525312' on 'tranquility' was loaded recently, skipping refresh.
2023-12-15 07:26:23.698    app     info:    [AuthenticationMiddleware] User information updated
2023-12-15 07:26:23.699    app     info:    [authentication] Token for '2110311' on 'tranquility' has been successfully refreshed
2023-12-15 07:26:23.700    app     info:    [elg-events] Sending event    eve_launcher.electron.authentication.UserTokensRefreshed
2023-12-15 07:26:23.701    app     info:    [AuthenticationMiddleware] Character information for '2110311' on 'tranquility' was loaded recently, skipping refresh.
2023-12-15 07:26:23.701    app     info:    [AuthenticationMiddleware] Plex information for '2110311' on 'tranquility' was loaded recently, skipping refresh.
2023-12-15 07:26:23.708    app     info:    [AuthenticationMiddleware] User information updated
2023-12-15 07:26:23.709    app     info:    [authentication] Token for '18034259' on 'tranquility' has been successfully refreshed
2023-12-15 07:26:23.710    app     info:    [elg-events] Sending event    eve_launcher.electron.authentication.UserTokensRefreshed
2023-12-15 07:26:23.711    app     info:    [AuthenticationMiddleware] Character information for '18034259' on 'tranquility' was loaded recently, skipping refresh.
2023-12-15 07:26:23.711    app     info:    [AuthenticationMiddleware] Plex information for '18034259' on 'tranquility' was loaded recently, skipping refresh.
2023-12-15 07:26:23.719    app     info:    [AuthenticationMiddleware] User information updated
2023-12-15 07:26:23.719    app     info:    [authentication] Token for '18922386' on 'tranquility' has been successfully refreshed
2023-12-15 07:26:23.721    app     info:    [elg-events] Sending event    eve_launcher.electron.authentication.UserTokensRefreshed
2023-12-15 07:26:23.722    app     info:    [AuthenticationMiddleware] Character information for '18922386' on 'tranquility' was loaded recently, skipping refresh.
2023-12-15 07:26:23.722    app     info:    [AuthenticationMiddleware] Plex information for '18922386' on 'tranquility' was loaded recently, skipping refresh.
2023-12-15 07:26:23.729    app     info:    [AuthenticationMiddleware] User information updated
2023-12-15 07:26:23.733    app     info:    [first-run] First application run was at 2023-11-27T10:29:20.506Z
2023-12-15 07:26:23.866    app     info:    [authentication] Token for '25218835' on 'tranquility' has been successfully refreshed
2023-12-15 07:26:23.869    app     info:    [elg-events] Sending event    eve_launcher.electron.authentication.UserTokensRefreshed
2023-12-15 07:26:23.871    app     info:    [AuthenticationMiddleware] Character information for '25218835' on 'tranquility' was loaded recently, skipping refresh.
2023-12-15 07:26:23.872    app     info:    [AuthenticationMiddleware] Plex information for '25218835' on 'tranquility' was loaded recently, skipping refresh.
2023-12-15 07:26:23.886    app     info:    [AuthenticationMiddleware] Successfully restored 14 / 14 users
2023-12-15 07:26:23.886    app     info:    [AuthenticationMiddleware] User information updated
2023-12-15 07:26:24.493    app     info:    ELG stream closed, quitting.
