2023-12-12 22:42:37.674    app     info:    Startup arguments    []
2023-12-12 22:42:37.678    app     info:    [self-update] Starting automatic update checks
2023-12-12 22:42:37.678    app     info:    [self-update] Waiting for update feed before starting update checks
2023-12-12 22:42:37.681    app     info:    [preload] High DPI scaling enabled by settings
2023-12-12 22:42:37.773    app     info:    [i18next] Changed language    en
2023-12-12 22:42:37.809    app     info:    [AuthenticationMiddleware] Character information for '16492377' on 'tranquility' was loaded recently, skipping refresh.
2023-12-12 22:42:37.809    app     info:    [AuthenticationMiddleware] Plex information for '16492377' on 'tranquility' was loaded recently, skipping refresh.
2023-12-12 22:42:37.812    app     info:    [AuthenticationMiddleware] Character information for '17525312' on 'tranquility' was loaded recently, skipping refresh.
2023-12-12 22:42:37.812    app     info:    [AuthenticationMiddleware] Plex information for '17525312' on 'tranquility' was loaded recently, skipping refresh.
2023-12-12 22:42:37.812    app     info:    [AuthenticationMiddleware] Character information for '25218835' on 'tranquility' was loaded recently, skipping refresh.
2023-12-12 22:42:37.813    app     info:    [AuthenticationMiddleware] Plex information for '25218835' on 'tranquility' was loaded recently, skipping refresh.
2023-12-12 22:42:37.814    app     info:    [AuthenticationMiddleware] Character information for '29280260' on 'tranquility' was loaded recently, skipping refresh.
2023-12-12 22:42:37.814    app     info:    [AuthenticationMiddleware] Plex information for '29280260' on 'tranquility' was loaded recently, skipping refresh.
2023-12-12 22:42:37.814    app     info:    [AuthenticationMiddleware] Character information for '29285645' on 'tranquility' was loaded recently, skipping refresh.
2023-12-12 22:42:37.815    app     info:    [AuthenticationMiddleware] Plex information for '29285645' on 'tranquility' was loaded recently, skipping refresh.
2023-12-12 22:42:37.815    app     info:    [AuthenticationMiddleware] Character information for '18034259' on 'tranquility' was loaded recently, skipping refresh.
2023-12-12 22:42:37.815    app     info:    [AuthenticationMiddleware] Plex information for '18034259' on 'tranquility' was loaded recently, skipping refresh.
2023-12-12 22:42:37.815    app     info:    [AuthenticationMiddleware] Character information for '28182799' on 'tranquility' was loaded recently, skipping refresh.
2023-12-12 22:42:37.815    app     info:    [AuthenticationMiddleware] Plex information for '28182799' on 'tranquility' was loaded recently, skipping refresh.
2023-12-12 22:42:37.816    app     info:    [AuthenticationMiddleware] Character information for '2110311' on 'tranquility' was loaded recently, skipping refresh.
2023-12-12 22:42:37.816    app     info:    [AuthenticationMiddleware] Plex information for '2110311' on 'tranquility' was loaded recently, skipping refresh.
2023-12-12 22:42:37.816    app     info:    [AuthenticationMiddleware] Character information for '23622903' on 'tranquility' was loaded recently, skipping refresh.
2023-12-12 22:42:37.816    app     info:    [AuthenticationMiddleware] Plex information for '23622903' on 'tranquility' was loaded recently, skipping refresh.
2023-12-12 22:42:37.816    app     info:    [AuthenticationMiddleware] Character information for '26239201' on 'tranquility' was loaded recently, skipping refresh.
2023-12-12 22:42:37.817    app     info:    [AuthenticationMiddleware] Plex information for '26239201' on 'tranquility' was loaded recently, skipping refresh.
2023-12-12 22:42:37.817    app     info:    [AuthenticationMiddleware] Character information for '18922386' on 'tranquility' was loaded recently, skipping refresh.
2023-12-12 22:42:37.817    app     info:    [AuthenticationMiddleware] Plex information for '18922386' on 'tranquility' was loaded recently, skipping refresh.
2023-12-12 22:42:37.817    app     info:    [AuthenticationMiddleware] Character information for '18000247' on 'tranquility' was loaded recently, skipping refresh.
2023-12-12 22:42:37.817    app     info:    [AuthenticationMiddleware] Plex information for '18000247' on 'tranquility' was loaded recently, skipping refresh.
2023-12-12 22:42:37.817    app     info:    [device-id] Device id found in state
2023-12-12 22:42:37.825    app     info:    [analytics] Application name:    EVE Online
2023-12-12 22:42:37.825    app     info:    [analytics] Application version:    1.1.0
2023-12-12 22:42:37.826    app     info:    [analytics] Domain    undefined
2023-12-12 22:42:37.826    app     info:    [analytics] Working directory    C:\Users\REDACTED\AppData\Local\eve-online\app-1.1.0
2023-12-12 22:42:37.826    app     info:    [analytics] Username contains UTF8?    false
2023-12-12 22:42:38.627    app     info:    [elg-events] Sending event    eve_launcher.electron.application.PdmLoaded
2023-12-12 22:42:38.630    app     info:    [analytics] Operating system    {
  type: 'Windows',
  name: 'Windows 10 Education',
  version: '10.0 (19045)'
}
2023-12-12 22:42:38.631    app     info:    [analytics] Encryption available:    true
2023-12-12 22:42:38.631    app     info:    [analytics] Machine UUID    4E9F516C-5B97-47C6-8C67-E93D943CB7C8
2023-12-12 22:42:38.631    app     info:    [analytics] PDM Version    2.1.4
2023-12-12 22:42:38.631    app     info:    [analytics] Release channel    release
2023-12-12 22:42:38.633    app     info:    [initializers] Shared cache directory set to    C:\CCP\EVE Online
2023-12-12 22:42:38.643    app     info:    [initializers] Shared cache drive free space: 60,56 GiB / 465,75 GiB
2023-12-12 22:42:38.652    app     info:    [elg-events] Sending event    eve_launcher.electron.application.LauncherStarted
2023-12-12 22:42:38.655    app     info:    [elg-events] Sending event    eve_launcher.electron.application.CoreDataLoaded
2023-12-12 22:42:38.656    app     info:    [cdn-trace] Fetching CDN trace data from https://binaries.eveonline.com/cdn-cgi/trace
2023-12-12 22:42:38.673    app     info:    [feature-flags] Initializing feature flag client
2023-12-12 22:42:38.676    app     info:    [AuthenticationMiddleware] Successfully restored 24 / 24 users
2023-12-12 22:42:38.714    app     info:    [first-run] First application run was at 2023-11-27T10:29:20.506Z
2023-12-12 22:42:38.744    app     info:    [cache-protocol] Found 0 entries to remove
2023-12-12 22:42:38.744    app     info:    [cache-protocol] Nothing to clean up.
2023-12-12 22:42:38.838    app     info:    [server-manager] Starting refresh cycle for eve-online / Tranquility
2023-12-12 22:42:38.860    app     info:    [customer-information] Agreements have been updated
2023-12-12 22:42:38.876    app     info:    info: [LaunchDarkly] LaunchDarkly client initialized    []
2023-12-12 22:42:38.877    app     info:    info: [LaunchDarkly] Opening stream connection to https://clientstream.launchdarkly.com/eval/64c3d12e27a4b11365012d39/eyJrZXkiOiI0YTQzNmFkYi00Yjk5LTQwYTctODViMC00MmUyMDZmNDEyODYiLCJraW5kIjoidXNlciIsImN1c3RvbSI6eyJpc0ZpcnN0UnVuIjpmYWxzZSwiZGF5c1NpbmNlRmlyc3RSdW4iOjE1LCJsYW5ndWFnZSI6ImVuIiwiYXBwbGljYXRpb24iOiJldmUtb25saW5lIiwidmVyc2lvbiI6IjEuMS4wIiwicGxhdGZvcm0iOiJ3aW5kb3dzIiwib3NWZXJzaW9uRGVwcmVjYXRlZCI6ZmFsc2UsInVzZXJJZHMiOlsxNjQ5MjM3NywxODAwMDI0NywyMTEwMzExLDI5Mjg1NjQ1XSwib21lZ2FDb3VudCI6MCwiYWxwaGFDb3VudCI6MTIsImFjY291bnRDb3VudCI6MTIsIm9sZGVzdEFjY291bnRBZ2UiOjU5OTksInlvdW5nZXN0QWNjb3VudEFnZSI6MTF9fQ?withReasons=true    []
2023-12-12 22:42:38.878    app     info:    [feature-flags] Client 4a436adb... ready, fetching flags
2023-12-12 22:42:38.882    app     info:    [feature-flags] Received 17 flags for client 4a436adb...
2023-12-12 22:42:38.882    app     info:    [feature-flags] Client initialized with key 4a436adb...
2023-12-12 22:42:38.884    app     info:    [self-update] Update feed set, starting update checks
2023-12-12 22:42:38.884    app     info:    [self-update] Starting automatic update checks
2023-12-12 22:42:38.884    app     info:    [self-update] Checking for a launcher update...
2023-12-12 22:42:38.981    app     info:    [server-manager] Previous Tranquility build: 2450028, current build: 2450028
2023-12-12 22:42:38.981    app     info:    [server-manager] Tranquility build is unchanged.
2023-12-12 22:42:38.986    app     info:    [server-manager] Ready to play!
2023-12-12 22:42:38.989    app     info:    [server-manager] Finished refresh cycle for Tranquility
2023-12-12 22:42:39.139    app     info:    [self-update] Currently running the latest launcher version. Scheduling update check in 5 minutes.
2023-12-12 22:42:39.425    app     warn:    [steam-auth] Failed to initialize Steamworks client
2023-12-12 22:42:39.432    app     info:    [main-window] Registering main window    { windowId: 2 }
2023-12-12 22:42:39.444    app     info:    [cdn-trace] Fetching CDN trace data from https://binaries.eveonline.com/cdn-cgi/trace
2023-12-12 22:42:39.445    app     info:    [creatives] Requesting creatives
2023-12-12 22:42:39.455    app     info:    [elg-events] Sending event    eve_launcher.electron.application.RendererLoaded
2023-12-12 22:42:39.569    app     info:    [creatives] Received 3 creatives
2023-12-12 22:42:40.435     ui     info:    Initializing captcha    ccp://launcher/renderer/main_window/index.js    2
2023-12-12 22:42:47.414    app     info:    [analytics] Hardware rendering enabled:    true    { disabledViaCommandline: false, disabledViaSettings: false }
2023-12-12 22:43:09.023    app     warn:    Could not connect to LogLite    [
  Error: connect ECONNREFUSED 127.0.0.1:3273
      at TCPConnectWrap.afterConnect [as oncomplete] (node:net:1247:16) {
    errno: -4078,
    code: 'ECONNREFUSED',
    syscall: 'connect',
    address: '127.0.0.1',
    port: 3273
  }
]
2023-12-12 22:43:21.675    app     info:    [AuthenticationMiddleware] Character information for '29280260' on 'tranquility' was loaded recently, skipping refresh.
2023-12-12 22:43:21.675    app     info:    [AuthenticationMiddleware] Plex information for '29280260' on 'tranquility' was loaded recently, skipping refresh.
2023-12-12 22:43:22.626    app     info:    [client-queue] Queued client startup    {
  product: 'eve-online',
  tenant: 'tranquility',
  userId: 29280260,
  characterId: 2121853336,
  profile: ''
}
2023-12-12 22:43:22.629    app     info:    [elg-events] Sending event    eve_launcher.electron.eve_client.ClientQueued
2023-12-12 22:43:22.630    app     info:    [client-queue] No clients running for tranquility, copying files before starting a client
2023-12-12 22:43:22.636    app     info:    [elg-events] Sending event    eve_launcher.electron.eve_client.CopyingFilesStarted
2023-12-12 22:43:22.636    app     info:    [binary-copier] Copying 194 files (216 MB) to 'C:\CCP\EVE Online\tq'
2023-12-12 22:43:22.654    app     info:    [binary-copier] Removing old binaries
2023-12-12 22:43:22.683    app     info:    [binary-copier] Copying binaries from ResFiles
2023-12-12 22:43:22.775    app     info:    [binary-copier] Finished copying 194 files to 'C:\CCP\EVE Online\tq' in 0.141 seconds
2023-12-12 22:43:22.777    app     info:    [elg-events] Sending event    eve_launcher.electron.eve_client.CopyingFilesFinished
2023-12-12 22:43:22.885    app     info:    [client-manager] Starting EVE Online game client.    C:\CCP\EVE Online\tq\bin64\exefile.exe    Map(11) {
  'noconsole' => '/noconsole',
  'server' => '/server:tranquility.servers.eveonline.com',
  'triplatform' => '/triplatform=dx12',
  'ssotoken' => '/ssoToken=***',
  'refreshtoken' => '/refreshToken=***',
  'settingsprofile' => '/settingsprofile=Default',
  'deviceid' => '/deviceID=4a436adb-4b99-40a7-85b0-42e206f41286',
  'autoselectcharacter' => '/autoSelectCharacter:2121853336',
  'language' => '/language=en',
  'exp' => '1702449357',
  'tokenExpires' => '2023-12-13 08:35:57.000'
}    29280260
2023-12-12 22:43:22.974    app     info:    [client-queue] Started client from group startup    {
  product: 'eve-online',
  tenant: 'tranquility',
  characterId: 2121853336,
  profile: '',
  userId: 29280260
}
2023-12-12 22:43:22.995    app     info:    [quasar-events] Sent 'eve_launcher.electron.eve_client.GameClientStartRequested'
2023-12-12 22:43:22.995    app     info:    [quasar-events] Sent 'eve_launcher.electron.eve_client.TemporaryClientProcessAdded'
2023-12-12 22:43:23.489    app     info:    [client-manager] Found 'tranquility' client for '29280260' running:     {
  processId: 6460,
  createdDate: 1702421002977,
  userId: 29280260,
  characterId: 2121853336,
  profile: 'Default',
  dxVersion: 'dx12'
}
2023-12-12 22:43:23.588    app     info:    [quasar-events] Sent 'eve_launcher.electron.eve_client.TemporaryClientProcessMonitoringRetried'
2023-12-12 22:43:23.589    app     info:    [quasar-events] Sent 'eve_launcher.electron.eve_client.GameClientStarted'
2023-12-12 22:43:23.589    app     info:    [quasar-events] Sent 'eve_launcher.electron.eve_client.TemporaryClientProcessRemoved'
2023-12-12 22:43:23.998    app     info:    [client-queue] Queue has stopped running, no more clients pending startup.
2023-12-12 22:46:01.190    app     info:    [client-manager] 'tranquility' for EVE game client for '29280260' exited with no errors.
2023-12-12 22:46:01.203    app     info:    [server-manager] Starting refresh cycle for eve-online / Tranquility
2023-12-12 22:46:01.296    app     info:    [quasar-events] Sent 'eve_launcher.electron.eve_client.GameClientExited'
2023-12-12 22:46:01.329    app     info:    [server-manager] Previous Tranquility build: 2450028, current build: 2450028
2023-12-12 22:46:01.329    app     info:    [server-manager] Tranquility build is unchanged.
2023-12-12 22:46:01.335    app     info:    [server-manager] Ready to play!
2023-12-12 22:46:01.338    app     info:    [server-manager] Finished refresh cycle for Tranquility
2023-12-12 22:46:08.346    app     info:    [client-queue] Queued client startup    {
  product: 'eve-online',
  tenant: 'tranquility',
  userId: 29280260,
  characterId: 2121853336,
  profile: ''
}
2023-12-12 22:46:08.348    app     info:    [elg-events] Sending event    eve_launcher.electron.eve_client.ClientQueued
2023-12-12 22:46:08.349    app     info:    [client-queue] No clients running for tranquility, copying files before starting a client
2023-12-12 22:46:08.352    app     info:    [elg-events] Sending event    eve_launcher.electron.eve_client.CopyingFilesStarted
2023-12-12 22:46:08.353    app     info:    [binary-copier] Copying 194 files (216 MB) to 'C:\CCP\EVE Online\tq'
2023-12-12 22:46:08.369    app     info:    [binary-copier] Removing old binaries
2023-12-12 22:46:08.397    app     info:    [binary-copier] Copying binaries from ResFiles
2023-12-12 22:46:08.761    app     info:    [binary-copier] Finished copying 194 files to 'C:\CCP\EVE Online\tq' in 0.410 seconds
2023-12-12 22:46:08.763    app     info:    [elg-events] Sending event    eve_launcher.electron.eve_client.CopyingFilesFinished
2023-12-12 22:46:08.768    app     info:    [client-manager] Starting EVE Online game client.    C:\CCP\EVE Online\tq\bin64\exefile.exe    Map(11) {
  'noconsole' => '/noconsole',
  'server' => '/server:tranquility.servers.eveonline.com',
  'triplatform' => '/triplatform=dx12',
  'ssotoken' => '/ssoToken=***',
  'refreshtoken' => '/refreshToken=***',
  'settingsprofile' => '/settingsprofile=Default',
  'deviceid' => '/deviceID=4a436adb-4b99-40a7-85b0-42e206f41286',
  'autoselectcharacter' => '/autoSelectCharacter:2121853336',
  'language' => '/language=en',
  'exp' => '1702449357',
  'tokenExpires' => '2023-12-13 08:35:57.000'
}    29280260
2023-12-12 22:46:08.789    app     info:    [client-queue] Started client from group startup    {
  product: 'eve-online',
  tenant: 'tranquility',
  characterId: 2121853336,
  profile: '',
  userId: 29280260
}
2023-12-12 22:46:08.885    app     info:    [quasar-events] Sent 'eve_launcher.electron.eve_client.GameClientStartRequested'
2023-12-12 22:46:08.886    app     info:    [quasar-events] Sent 'eve_launcher.electron.eve_client.TemporaryClientProcessAdded'
2023-12-12 22:46:09.304    app     info:    [client-manager] Found 'tranquility' client for '29280260' running:     {
  processId: 6100,
  createdDate: 1702421168832,
  userId: 29280260,
  characterId: 2121853336,
  profile: 'Default',
  dxVersion: 'dx12'
}
2023-12-12 22:46:09.405    app     info:    [quasar-events] Sent 'eve_launcher.electron.eve_client.TemporaryClientProcessMonitoringRetried'
2023-12-12 22:46:09.405    app     info:    [quasar-events] Sent 'eve_launcher.electron.eve_client.GameClientStarted'
2023-12-12 22:46:09.405    app     info:    [quasar-events] Sent 'eve_launcher.electron.eve_client.TemporaryClientProcessRemoved'
2023-12-12 22:46:09.802    app     info:    [client-queue] Queue has stopped running, no more clients pending startup.
2023-12-12 22:46:15.896    app     info:    [AuthenticationMiddleware] Character information for '18922386' on 'tranquility' was loaded recently, skipping refresh.
2023-12-12 22:46:15.896    app     info:    [AuthenticationMiddleware] Plex information for '18922386' on 'tranquility' was loaded recently, skipping refresh.
2023-12-12 22:47:39.145    app     info:    [self-update] Checking for a launcher update...
2023-12-12 22:47:39.407    app     info:    [self-update] Currently running the latest launcher version. Scheduling update check in 5 minutes.
2023-12-12 22:51:01.346    app     info:    [server-manager] Starting refresh cycle for eve-online / Tranquility
2023-12-12 22:51:01.515    app     info:    [server-manager] Previous Tranquility build: 2450028, current build: 2450028
2023-12-12 22:51:01.515    app     info:    [server-manager] Tranquility build is unchanged.
2023-12-12 22:51:01.520    app     info:    [server-manager] Ready to play!
2023-12-12 22:51:01.524    app     info:    [server-manager] Finished refresh cycle for Tranquility
2023-12-12 22:52:39.413    app     info:    [self-update] Checking for a launcher update...
2023-12-12 22:52:39.694    app     info:    [self-update] Currently running the latest launcher version. Scheduling update check in 5 minutes.
2023-12-12 22:56:01.529    app     info:    [server-manager] Starting refresh cycle for eve-online / Tranquility
2023-12-12 22:56:01.664    app     info:    [server-manager] Previous Tranquility build: 2450028, current build: 2450028
2023-12-12 22:56:01.664    app     info:    [server-manager] Tranquility build is unchanged.
2023-12-12 22:56:01.669    app     info:    [server-manager] Ready to play!
2023-12-12 22:56:01.672    app     info:    [server-manager] Finished refresh cycle for Tranquility
2023-12-12 22:56:29.246    app     info:    [client-manager] 'tranquility' for EVE game client for '29280260' exited with no errors.
2023-12-12 22:56:29.256    app     info:    [server-manager] Starting refresh cycle for eve-online / Tranquility
2023-12-12 22:56:29.350    app     info:    [quasar-events] Sent 'eve_launcher.electron.eve_client.GameClientExited'
2023-12-12 22:56:29.416    app     info:    [server-manager] Previous Tranquility build: 2450028, current build: 2450028
2023-12-12 22:56:29.416    app     info:    [server-manager] Tranquility build is unchanged.
2023-12-12 22:56:29.421    app     info:    [server-manager] Ready to play!
2023-12-12 22:56:29.425    app     info:    [server-manager] Finished refresh cycle for Tranquility
2023-12-12 22:56:31.843    app     info:    [AuthenticationMiddleware] Character information for '18922386' on 'tranquility' was loaded recently, skipping refresh.
2023-12-12 22:56:31.843    app     info:    [AuthenticationMiddleware] Plex information for '18922386' on 'tranquility' was loaded recently, skipping refresh.
2023-12-12 22:56:32.079    app     info:    [authentication] Token for '18922386' on 'tranquility' is expired, refresh is required
2023-12-12 22:56:32.080    app     info:    [authentication] Refreshing token for '18922386' on 'tranquility'
2023-12-12 22:56:32.237    app     info:    [authentication] Token for '18922386' on 'tranquility' has been successfully refreshed
2023-12-12 22:56:32.239    app     info:    [elg-events] Sending event    eve_launcher.electron.authentication.UserTokensRefreshed
2023-12-12 22:56:32.240    app     info:    [AuthenticationMiddleware] Character information for '18922386' on 'tranquility' was loaded recently, skipping refresh.
2023-12-12 22:56:32.240    app     info:    [AuthenticationMiddleware] Plex information for '18922386' on 'tranquility' was loaded recently, skipping refresh.
2023-12-12 22:56:32.251    app     info:    [AuthenticationMiddleware] User information updated
2023-12-12 22:56:32.577    app     info:    [client-queue] Queued client startup    {
  product: 'eve-online',
  tenant: 'tranquility',
  userId: 18922386,
  characterId: 2115479508,
  profile: ''
}
2023-12-12 22:56:32.579    app     info:    [elg-events] Sending event    eve_launcher.electron.eve_client.ClientQueued
2023-12-12 22:56:32.580    app     info:    [client-queue] No clients running for tranquility, copying files before starting a client
2023-12-12 22:56:32.583    app     info:    [elg-events] Sending event    eve_launcher.electron.eve_client.CopyingFilesStarted
2023-12-12 22:56:32.584    app     info:    [binary-copier] Copying 194 files (216 MB) to 'C:\CCP\EVE Online\tq'
2023-12-12 22:56:32.600    app     info:    [binary-copier] Removing old binaries
2023-12-12 22:56:32.627    app     info:    [binary-copier] Copying binaries from ResFiles
2023-12-12 22:56:32.989    app     info:    [binary-copier] Finished copying 194 files to 'C:\CCP\EVE Online\tq' in 0.407 seconds
2023-12-12 22:56:32.991    app     info:    [elg-events] Sending event    eve_launcher.electron.eve_client.CopyingFilesFinished
2023-12-12 22:56:32.995    app     info:    [client-manager] Starting EVE Online game client.    C:\CCP\EVE Online\tq\bin64\exefile.exe    Map(11) {
  'noconsole' => '/noconsole',
  'server' => '/server:tranquility.servers.eveonline.com',
  'triplatform' => '/triplatform=dx12',
  'ssotoken' => '/ssoToken=***',
  'refreshtoken' => '/refreshToken=***',
  'settingsprofile' => '/settingsprofile=Default',
  'deviceid' => '/deviceID=4a436adb-4b99-40a7-85b0-42e206f41286',
  'autoselectcharacter' => '/autoSelectCharacter:2115479508',
  'language' => '/language=en',
  'exp' => '1702422392',
  'tokenExpires' => '2023-12-13 01:06:32.000'
}    18922386
2023-12-12 22:56:33.016    app     info:    [client-queue] Started client from group startup    {
  product: 'eve-online',
  tenant: 'tranquility',
  characterId: 2115479508,
  profile: '',
  userId: 18922386
}
2023-12-12 22:56:33.109    app     info:    [quasar-events] Sent 'eve_launcher.electron.eve_client.GameClientStartRequested'
2023-12-12 22:56:33.110    app     info:    [quasar-events] Sent 'eve_launcher.electron.eve_client.TemporaryClientProcessAdded'
2023-12-12 22:56:33.539    app     info:    [client-manager] Found 'tranquility' client for '18922386' running:     {
  processId: 12012,
  createdDate: 1702421793048,
  userId: 18922386,
  characterId: 2115479508,
  profile: 'Default',
  dxVersion: 'dx12'
}
2023-12-12 22:56:33.639    app     info:    [quasar-events] Sent 'eve_launcher.electron.eve_client.TemporaryClientProcessMonitoringRetried'
2023-12-12 22:56:33.639    app     info:    [quasar-events] Sent 'eve_launcher.electron.eve_client.GameClientStarted'
2023-12-12 22:56:33.639    app     info:    [quasar-events] Sent 'eve_launcher.electron.eve_client.TemporaryClientProcessRemoved'
2023-12-12 22:56:34.036    app     info:    [client-queue] Queue has stopped running, no more clients pending startup.
2023-12-12 22:57:31.751    app     info:    [client-manager] 'tranquility' for EVE game client for '18922386' exited with no errors.
2023-12-12 22:57:31.764    app     info:    [server-manager] Starting refresh cycle for eve-online / Tranquility
2023-12-12 22:57:31.864    app     info:    [quasar-events] Sent 'eve_launcher.electron.eve_client.GameClientExited'
2023-12-12 22:57:31.915    app     info:    [server-manager] Previous Tranquility build: 2450028, current build: 2450028
2023-12-12 22:57:31.915    app     info:    [server-manager] Tranquility build is unchanged.
2023-12-12 22:57:31.920    app     info:    [server-manager] Ready to play!
2023-12-12 22:57:31.924    app     info:    [server-manager] Finished refresh cycle for Tranquility
2023-12-12 22:57:34.174    app     info:    [authentication] Token for '18000247' on 'tranquility' is expired, refresh is required
2023-12-12 22:57:34.174    app     info:    [authentication] Refreshing token for '18000247' on 'tranquility'
2023-12-12 22:57:34.320    app     info:    [authentication] Token for '18000247' on 'tranquility' has been successfully refreshed
2023-12-12 22:57:34.327    app     info:    [elg-events] Sending event    eve_launcher.electron.authentication.UserTokensRefreshed
2023-12-12 22:57:34.332    app     info:    [customer-information] Getting character information for '18000247' on 'tranquility'
2023-12-12 22:57:34.333    app     info:    [customer-information] Getting Omega status for '18000247' on 'tranquility'
2023-12-12 22:57:34.334    app     info:    [virtual-goods] Getting Plex status for '18000247' on 'tranquility'
2023-12-12 22:57:34.424    app     info:    [esi] Fetching character details for 2115007749, 2121891348
2023-12-12 22:57:34.613    app     info:    [virtual-goods] Fetched Plex status for '18000247' on 'tranquility'
2023-12-12 22:57:34.619    app     info:    [AuthenticationMiddleware] User information updated
2023-12-12 22:57:35.145    app     info:    [esi] Fetched 2 character details for 18000247
2023-12-12 22:57:38.790    app     info:    [AuthenticationMiddleware] Character information for '18000247' on 'tranquility' was loaded recently, skipping refresh.
2023-12-12 22:57:38.790    app     info:    [AuthenticationMiddleware] Plex information for '18000247' on 'tranquility' was loaded recently, skipping refresh.
2023-12-12 22:57:39.702    app     info:    [self-update] Checking for a launcher update...
2023-12-12 22:57:39.984    app     info:    [self-update] Currently running the latest launcher version. Scheduling update check in 5 minutes.
2023-12-12 22:58:03.505    app     info:    [AuthenticationMiddleware] Character information for '23622903' on 'tranquility' was loaded recently, skipping refresh.
2023-12-12 22:58:03.506    app     info:    [AuthenticationMiddleware] Plex information for '23622903' on 'tranquility' was loaded recently, skipping refresh.
2023-12-12 22:58:03.592    app     info:    [elg-events] Sending event    eve_launcher.electron.application.RendererLoaded
2023-12-12 22:58:03.708    app     info:    [authentication] Token for '23622903' on 'tranquility' is expired, refresh is required
2023-12-12 22:58:03.708    app     info:    [authentication] Refreshing token for '23622903' on 'tranquility'
2023-12-12 22:58:03.832    app     info:    [authentication] Token for '23622903' on 'tranquility' has been successfully refreshed
2023-12-12 22:58:03.834    app     info:    [elg-events] Sending event    eve_launcher.electron.authentication.UserTokensRefreshed
2023-12-12 22:58:03.835    app     info:    [AuthenticationMiddleware] Character information for '23622903' on 'tranquility' was loaded recently, skipping refresh.
2023-12-12 22:58:03.835    app     info:    [AuthenticationMiddleware] Plex information for '23622903' on 'tranquility' was loaded recently, skipping refresh.
2023-12-12 22:58:03.847    app     info:    [AuthenticationMiddleware] User information updated
2023-12-12 22:58:08.922    app     info:    [AuthenticationMiddleware] Character information for '18000247' on 'tranquility' was loaded recently, skipping refresh.
2023-12-12 22:58:08.922    app     info:    [AuthenticationMiddleware] Plex information for '18000247' on 'tranquility' was loaded recently, skipping refresh.
2023-12-12 22:58:08.939    app     info:    [server-manager] Starting refresh cycle for eve-online / Tranquility
2023-12-12 22:58:08.945    app     info:    [AuthenticationMiddleware] Character information for '18000247' on 'tranquility' was loaded recently, skipping refresh.
2023-12-12 22:58:08.945    app     info:    [AuthenticationMiddleware] Plex information for '18000247' on 'tranquility' was loaded recently, skipping refresh.
2023-12-12 22:58:09.009    app     info:    [elg-events] Sending event    eve_launcher.electron.application.RendererLoaded
2023-12-12 22:58:09.076    app     info:    [server-manager] Previous Tranquility build: 2450028, current build: 2450028
2023-12-12 22:58:09.076    app     info:    [server-manager] Tranquility build is unchanged.
2023-12-12 22:58:09.081    app     info:    [server-manager] Ready to play!
2023-12-12 22:58:09.085    app     info:    [server-manager] Finished refresh cycle for Tranquility
2023-12-12 22:58:10.153    app     info:    [client-queue] Queued client startup    {
  product: 'eve-online',
  tenant: 'tranquility',
  userId: 18000247,
  characterId: 2121891348,
  profile: ''
}
2023-12-12 22:58:10.156    app     info:    [elg-events] Sending event    eve_launcher.electron.eve_client.ClientQueued
2023-12-12 22:58:10.156    app     info:    [client-queue] No clients running for tranquility, copying files before starting a client
2023-12-12 22:58:10.159    app     info:    [elg-events] Sending event    eve_launcher.electron.eve_client.CopyingFilesStarted
2023-12-12 22:58:10.160    app     info:    [binary-copier] Copying 194 files (216 MB) to 'C:\CCP\EVE Online\tq'
2023-12-12 22:58:10.174    app     info:    [binary-copier] Removing old binaries
2023-12-12 22:58:10.207    app     info:    [binary-copier] Copying binaries from ResFiles
2023-12-12 22:58:10.685    app     info:    [binary-copier] Finished copying 194 files to 'C:\CCP\EVE Online\tq' in 0.527 seconds
2023-12-12 22:58:10.687    app     info:    [elg-events] Sending event    eve_launcher.electron.eve_client.CopyingFilesFinished
2023-12-12 22:58:10.691    app     info:    [client-manager] Starting EVE Online game client.    C:\CCP\EVE Online\tq\bin64\exefile.exe    Map(11) {
  'noconsole' => '/noconsole',
  'server' => '/server:tranquility.servers.eveonline.com',
  'triplatform' => '/triplatform=dx12',
  'ssotoken' => '/ssoToken=***',
  'refreshtoken' => '/refreshToken=***',
  'settingsprofile' => '/settingsprofile=Default',
  'deviceid' => '/deviceID=4a436adb-4b99-40a7-85b0-42e206f41286',
  'autoselectcharacter' => '/autoSelectCharacter:2121891348',
  'language' => '/language=en',
  'exp' => '1702422454',
  'tokenExpires' => '2023-12-13 01:07:34.000'
}    18000247
2023-12-12 22:58:10.703    app     info:    [client-queue] Started client from group startup    {
  product: 'eve-online',
  tenant: 'tranquility',
  characterId: 2121891348,
  profile: '',
  userId: 18000247
}
2023-12-12 22:58:10.796    app     info:    [quasar-events] Sent 'eve_launcher.electron.eve_client.GameClientStartRequested'
2023-12-12 22:58:10.796    app     info:    [quasar-events] Sent 'eve_launcher.electron.eve_client.TemporaryClientProcessAdded'
2023-12-12 22:58:11.221    app     info:    [client-manager] Found 'tranquility' client for '18000247' running:     {
  processId: 13096,
  createdDate: 1702421890733,
  userId: 18000247,
  characterId: 2121891348,
  profile: 'Default',
  dxVersion: 'dx12'
}
2023-12-12 22:58:11.314    app     info:    [quasar-events] Sent 'eve_launcher.electron.eve_client.TemporaryClientProcessMonitoringRetried'
2023-12-12 22:58:11.314    app     info:    [quasar-events] Sent 'eve_launcher.electron.eve_client.GameClientStarted'
2023-12-12 22:58:11.314    app     info:    [quasar-events] Sent 'eve_launcher.electron.eve_client.TemporaryClientProcessRemoved'
2023-12-12 22:58:11.718    app     info:    [client-queue] Queue has stopped running, no more clients pending startup.
2023-12-12 22:58:50.161    app     info:    [ipc-requests] Handling requests in the background
2023-12-12 22:58:51.168    app     info:    [ipc-requests] No longer handling requests in the background
2023-12-12 23:00:12.447    app     info:    [ipc-requests] Handling requests in the background
2023-12-12 23:00:13.460    app     info:    [ipc-requests] No longer handling requests in the background
2023-12-12 23:02:39.995    app     info:    [self-update] Checking for a launcher update...
2023-12-12 23:02:40.260    app     info:    [self-update] Currently running the latest launcher version. Scheduling update check in 5 minutes.
2023-12-12 23:03:09.087    app     info:    [server-manager] Starting refresh cycle for eve-online / Tranquility
2023-12-12 23:03:09.211    app     info:    [server-manager] Previous Tranquility build: 2450028, current build: 2450028
2023-12-12 23:03:09.212    app     info:    [server-manager] Tranquility build is unchanged.
2023-12-12 23:03:09.217    app     info:    [server-manager] Ready to play!
2023-12-12 23:03:09.221    app     info:    [server-manager] Finished refresh cycle for Tranquility
2023-12-12 23:03:21.212    app     info:    [client-manager] 'tranquility' for EVE game client for '18000247' exited with no errors.
2023-12-12 23:03:21.230    app     info:    [server-manager] Starting refresh cycle for eve-online / Tranquility
2023-12-12 23:03:21.317    app     info:    [quasar-events] Sent 'eve_launcher.electron.eve_client.GameClientExited'
2023-12-12 23:03:21.385    app     info:    [server-manager] Previous Tranquility build: 2450028, current build: 2450028
2023-12-12 23:03:21.385    app     info:    [server-manager] Tranquility build is unchanged.
2023-12-12 23:03:21.390    app     info:    [server-manager] Ready to play!
2023-12-12 23:03:21.393    app     info:    [server-manager] Finished refresh cycle for Tranquility
2023-12-12 23:03:26.102    app     info:    [AuthenticationMiddleware] Character information for '18922386' on 'tranquility' was loaded recently, skipping refresh.
2023-12-12 23:03:26.102    app     info:    [AuthenticationMiddleware] Plex information for '18922386' on 'tranquility' was loaded recently, skipping refresh.
2023-12-12 23:03:27.517    app     info:    [AuthenticationMiddleware] Character information for '18922386' on 'tranquility' was loaded recently, skipping refresh.
2023-12-12 23:03:27.517    app     info:    [AuthenticationMiddleware] Plex information for '18922386' on 'tranquility' was loaded recently, skipping refresh.
2023-12-12 23:03:28.113    app     info:    [client-queue] Queued client startup    {
  product: 'eve-online',
  tenant: 'tranquility',
  userId: 18922386,
  characterId: 2115479508,
  profile: ''
}
2023-12-12 23:03:28.114    app     info:    [elg-events] Sending event    eve_launcher.electron.eve_client.ClientQueued
2023-12-12 23:03:28.115    app     info:    [client-queue] No clients running for tranquility, copying files before starting a client
2023-12-12 23:03:28.118    app     info:    [elg-events] Sending event    eve_launcher.electron.eve_client.CopyingFilesStarted
2023-12-12 23:03:28.119    app     info:    [binary-copier] Copying 194 files (216 MB) to 'C:\CCP\EVE Online\tq'
2023-12-12 23:03:28.133    app     info:    [binary-copier] Removing old binaries
2023-12-12 23:03:28.166    app     info:    [binary-copier] Copying binaries from ResFiles
2023-12-12 23:03:28.532    app     info:    [binary-copier] Finished copying 194 files to 'C:\CCP\EVE Online\tq' in 0.415 seconds
2023-12-12 23:03:28.534    app     info:    [elg-events] Sending event    eve_launcher.electron.eve_client.CopyingFilesFinished
2023-12-12 23:03:28.538    app     info:    [client-manager] Starting EVE Online game client.    C:\CCP\EVE Online\tq\bin64\exefile.exe    Map(11) {
  'noconsole' => '/noconsole',
  'server' => '/server:tranquility.servers.eveonline.com',
  'triplatform' => '/triplatform=dx12',
  'ssotoken' => '/ssoToken=***',
  'refreshtoken' => '/refreshToken=***',
  'settingsprofile' => '/settingsprofile=Default',
  'deviceid' => '/deviceID=4a436adb-4b99-40a7-85b0-42e206f41286',
  'autoselectcharacter' => '/autoSelectCharacter:2115479508',
  'language' => '/language=en',
  'exp' => '1702422392',
  'tokenExpires' => '2023-12-13 01:06:32.000'
}    18922386
2023-12-12 23:03:28.551    app     info:    [client-queue] Started client from group startup    {
  product: 'eve-online',
  tenant: 'tranquility',
  characterId: 2115479508,
  profile: '',
  userId: 18922386
}
2023-12-12 23:03:28.654    app     info:    [quasar-events] Sent 'eve_launcher.electron.eve_client.GameClientStartRequested'
2023-12-12 23:03:28.654    app     info:    [quasar-events] Sent 'eve_launcher.electron.eve_client.TemporaryClientProcessAdded'
2023-12-12 23:03:29.068    app     info:    [client-manager] Found 'tranquility' client for '18922386' running:     {
  processId: 9124,
  createdDate: 1702422208587,
  userId: 18922386,
  characterId: 2115479508,
  profile: 'Default',
  dxVersion: 'dx12'
}
2023-12-12 23:03:29.170    app     info:    [quasar-events] Sent 'eve_launcher.electron.eve_client.TemporaryClientProcessMonitoringRetried'
2023-12-12 23:03:29.170    app     info:    [quasar-events] Sent 'eve_launcher.electron.eve_client.GameClientStarted'
2023-12-12 23:03:29.171    app     info:    [quasar-events] Sent 'eve_launcher.electron.eve_client.TemporaryClientProcessRemoved'
2023-12-12 23:03:29.564    app     info:    [client-queue] Queue has stopped running, no more clients pending startup.
2023-12-12 23:04:23.443    app     info:    [client-manager] 'tranquility' for EVE game client for '18922386' exited with no errors.
2023-12-12 23:04:23.453    app     info:    [server-manager] Starting refresh cycle for eve-online / Tranquility
2023-12-12 23:04:23.550    app     info:    [quasar-events] Sent 'eve_launcher.electron.eve_client.GameClientExited'
2023-12-12 23:04:23.613    app     info:    [server-manager] Previous Tranquility build: 2450028, current build: 2450028
2023-12-12 23:04:23.613    app     info:    [server-manager] Tranquility build is unchanged.
2023-12-12 23:04:23.618    app     info:    [server-manager] Ready to play!
2023-12-12 23:04:23.621    app     info:    [server-manager] Finished refresh cycle for Tranquility
2023-12-12 23:04:27.277    app     info:    [AuthenticationMiddleware] Character information for '26239201' on 'tranquility' was loaded recently, skipping refresh.
2023-12-12 23:04:27.277    app     info:    [AuthenticationMiddleware] Plex information for '26239201' on 'tranquility' was loaded recently, skipping refresh.
2023-12-12 23:04:30.548    app     info:    [AuthenticationMiddleware] Character information for '29280260' on 'tranquility' was loaded recently, skipping refresh.
2023-12-12 23:04:30.548    app     info:    [AuthenticationMiddleware] Plex information for '29280260' on 'tranquility' was loaded recently, skipping refresh.
2023-12-12 23:04:31.853    app     info:    [AuthenticationMiddleware] Character information for '29280260' on 'tranquility' was loaded recently, skipping refresh.
2023-12-12 23:04:31.854    app     info:    [AuthenticationMiddleware] Plex information for '29280260' on 'tranquility' was loaded recently, skipping refresh.
2023-12-12 23:04:32.704    app     info:    [client-queue] Queued client startup    {
  product: 'eve-online',
  tenant: 'tranquility',
  userId: 29280260,
  characterId: 2121853336,
  profile: ''
}
2023-12-12 23:04:32.706    app     info:    [elg-events] Sending event    eve_launcher.electron.eve_client.ClientQueued
2023-12-12 23:04:32.706    app     info:    [client-queue] No clients running for tranquility, copying files before starting a client
2023-12-12 23:04:32.711    app     info:    [elg-events] Sending event    eve_launcher.electron.eve_client.CopyingFilesStarted
2023-12-12 23:04:32.711    app     info:    [binary-copier] Copying 194 files (216 MB) to 'C:\CCP\EVE Online\tq'
2023-12-12 23:04:32.725    app     info:    [binary-copier] Removing old binaries
2023-12-12 23:04:32.754    app     info:    [binary-copier] Copying binaries from ResFiles
2023-12-12 23:04:32.851    app     info:    [binary-copier] Finished copying 194 files to 'C:\CCP\EVE Online\tq' in 0.142 seconds
2023-12-12 23:04:32.854    app     info:    [elg-events] Sending event    eve_launcher.electron.eve_client.CopyingFilesFinished
2023-12-12 23:04:32.859    app     info:    [client-manager] Starting EVE Online game client.    C:\CCP\EVE Online\tq\bin64\exefile.exe    Map(11) {
  'noconsole' => '/noconsole',
  'server' => '/server:tranquility.servers.eveonline.com',
  'triplatform' => '/triplatform=dx12',
  'ssotoken' => '/ssoToken=***',
  'refreshtoken' => '/refreshToken=***',
  'settingsprofile' => '/settingsprofile=Default',
  'deviceid' => '/deviceID=4a436adb-4b99-40a7-85b0-42e206f41286',
  'autoselectcharacter' => '/autoSelectCharacter:2121853336',
  'language' => '/language=en',
  'exp' => '1702449357',
  'tokenExpires' => '2023-12-13 08:35:57.000'
}    29280260
2023-12-12 23:04:32.871    app     info:    [client-queue] Started client from group startup    {
  product: 'eve-online',
  tenant: 'tranquility',
  characterId: 2121853336,
  profile: '',
  userId: 29280260
}
2023-12-12 23:04:32.971    app     info:    [quasar-events] Sent 'eve_launcher.electron.eve_client.GameClientStartRequested'
2023-12-12 23:04:32.971    app     info:    [quasar-events] Sent 'eve_launcher.electron.eve_client.TemporaryClientProcessAdded'
2023-12-12 23:04:33.389    app     info:    [client-manager] Found 'tranquility' client for '29280260' running:     {
  processId: 7928,
  createdDate: 1702422272901,
  userId: 29280260,
  characterId: 2121853336,
  profile: 'Default',
  dxVersion: 'dx12'
}
2023-12-12 23:04:33.489    app     info:    [quasar-events] Sent 'eve_launcher.electron.eve_client.TemporaryClientProcessMonitoringRetried'
2023-12-12 23:04:33.489    app     info:    [quasar-events] Sent 'eve_launcher.electron.eve_client.GameClientStarted'
2023-12-12 23:04:33.489    app     info:    [quasar-events] Sent 'eve_launcher.electron.eve_client.TemporaryClientProcessRemoved'
2023-12-12 23:04:33.885    app     info:    [client-queue] Queue has stopped running, no more clients pending startup.
2023-12-12 23:07:17.297    app     info:    [client-manager] 'tranquility' for EVE game client for '29280260' exited with no errors.
2023-12-12 23:07:17.310    app     info:    [server-manager] Starting refresh cycle for eve-online / Tranquility
2023-12-12 23:07:17.404    app     info:    [quasar-events] Sent 'eve_launcher.electron.eve_client.GameClientExited'
2023-12-12 23:07:17.443    app     info:    [server-manager] Previous Tranquility build: 2450028, current build: 2450028
2023-12-12 23:07:17.444    app     info:    [server-manager] Tranquility build is unchanged.
2023-12-12 23:07:17.448    app     info:    [server-manager] Ready to play!
2023-12-12 23:07:17.451    app     info:    [server-manager] Finished refresh cycle for Tranquility
2023-12-12 23:07:20.860    app     info:    [AuthenticationMiddleware] Character information for '18000247' on 'tranquility' was loaded recently, skipping refresh.
2023-12-12 23:07:20.861    app     info:    [AuthenticationMiddleware] Plex information for '18000247' on 'tranquility' was loaded recently, skipping refresh.
2023-12-12 23:07:22.710    app     info:    [AuthenticationMiddleware] Character information for '18000247' on 'tranquility' was loaded recently, skipping refresh.
2023-12-12 23:07:22.710    app     info:    [AuthenticationMiddleware] Plex information for '18000247' on 'tranquility' was loaded recently, skipping refresh.
2023-12-12 23:07:23.744    app     info:    [client-queue] Queued client startup    {
  product: 'eve-online',
  tenant: 'tranquility',
  userId: 18000247,
  characterId: 2121891348,
  profile: ''
}
2023-12-12 23:07:23.747    app     info:    [elg-events] Sending event    eve_launcher.electron.eve_client.ClientQueued
2023-12-12 23:07:23.747    app     info:    [client-queue] No clients running for tranquility, copying files before starting a client
2023-12-12 23:07:23.751    app     info:    [elg-events] Sending event    eve_launcher.electron.eve_client.CopyingFilesStarted
2023-12-12 23:07:23.751    app     info:    [binary-copier] Copying 194 files (216 MB) to 'C:\CCP\EVE Online\tq'
2023-12-12 23:07:23.766    app     info:    [binary-copier] Removing old binaries
2023-12-12 23:07:23.799    app     info:    [binary-copier] Copying binaries from ResFiles
2023-12-12 23:07:23.888    app     info:    [binary-copier] Finished copying 194 files to 'C:\CCP\EVE Online\tq' in 0.139 seconds
2023-12-12 23:07:23.890    app     info:    [elg-events] Sending event    eve_launcher.electron.eve_client.CopyingFilesFinished
2023-12-12 23:07:23.895    app     info:    [authentication] Token for '18000247' on 'tranquility' is expired, refresh is required
2023-12-12 23:07:23.895    app     info:    [authentication] Refreshing token for '18000247' on 'tranquility'
2023-12-12 23:07:24.019    app     info:    [authentication] Token for '18000247' on 'tranquility' has been successfully refreshed
2023-12-12 23:07:24.020    app     info:    [elg-events] Sending event    eve_launcher.electron.authentication.UserTokensRefreshed
2023-12-12 23:07:24.022    app     info:    [AuthenticationMiddleware] Character information for '18000247' on 'tranquility' was loaded recently, skipping refresh.
2023-12-12 23:07:24.022    app     info:    [AuthenticationMiddleware] Plex information for '18000247' on 'tranquility' was loaded recently, skipping refresh.
2023-12-12 23:07:24.032    app     info:    [client-manager] Starting EVE Online game client.    C:\CCP\EVE Online\tq\bin64\exefile.exe    Map(11) {
  'noconsole' => '/noconsole',
  'server' => '/server:tranquility.servers.eveonline.com',
  'triplatform' => '/triplatform=dx12',
  'ssotoken' => '/ssoToken=***',
  'refreshtoken' => '/refreshToken=***',
  'settingsprofile' => '/settingsprofile=Default',
  'deviceid' => '/deviceID=4a436adb-4b99-40a7-85b0-42e206f41286',
  'autoselectcharacter' => '/autoSelectCharacter:2121891348',
  'language' => '/language=en',
  'exp' => '1702423043',
  'tokenExpires' => '2023-12-13 01:17:23.000'
}    18000247
2023-12-12 23:07:24.045    app     info:    [AuthenticationMiddleware] User information updated
2023-12-12 23:07:24.045    app     info:    [client-queue] Started client from group startup    {
  product: 'eve-online',
  tenant: 'tranquility',
  characterId: 2121891348,
  profile: '',
  userId: 18000247
}
2023-12-12 23:07:24.135    app     info:    [quasar-events] Sent 'eve_launcher.electron.eve_client.GameClientStartRequested'
2023-12-12 23:07:24.135    app     info:    [quasar-events] Sent 'eve_launcher.electron.eve_client.TemporaryClientProcessAdded'
2023-12-12 23:07:24.564    app     info:    [client-manager] Found 'tranquility' client for '18000247' running:     {
  processId: 12296,
  createdDate: 1702422444072,
  userId: 18000247,
  characterId: 2121891348,
  profile: 'Default',
  dxVersion: 'dx12'
}
2023-12-12 23:07:24.667    app     info:    [quasar-events] Sent 'eve_launcher.electron.eve_client.TemporaryClientProcessMonitoringRetried'
2023-12-12 23:07:24.668    app     info:    [quasar-events] Sent 'eve_launcher.electron.eve_client.GameClientStarted'
2023-12-12 23:07:24.668    app     info:    [quasar-events] Sent 'eve_launcher.electron.eve_client.TemporaryClientProcessRemoved'
2023-12-12 23:07:25.066    app     info:    [client-queue] Queue has stopped running, no more clients pending startup.
2023-12-12 23:07:27.167    app     info:    [ipc-requests] Handling requests in the background
2023-12-12 23:07:28.174    app     info:    [ipc-requests] No longer handling requests in the background
2023-12-12 23:07:35.913    app     info:    [ipc-requests] Handling requests in the background
2023-12-12 23:07:36.915    app     info:    [ipc-requests] No longer handling requests in the background
2023-12-12 23:07:40.260    app     info:    [self-update] Checking for a launcher update...
2023-12-12 23:07:40.510    app     info:    [self-update] Currently running the latest launcher version. Scheduling update check in 5 minutes.
2023-12-12 23:09:04.217    app     info:    [ipc-requests] Handling requests in the background
2023-12-12 23:09:05.219    app     info:    [ipc-requests] No longer handling requests in the background
2023-12-12 23:09:07.048    app     info:    [ipc-requests] Handling requests in the background
2023-12-12 23:09:08.050    app     info:    [ipc-requests] No longer handling requests in the background
2023-12-12 23:09:15.776    app     info:    [ipc-requests] Handling requests in the background
2023-12-12 23:09:16.779    app     info:    [ipc-requests] No longer handling requests in the background
2023-12-12 23:09:17.857    app     info:    [ipc-requests] Handling requests in the background
2023-12-12 23:09:18.858    app     info:    [ipc-requests] No longer handling requests in the background
2023-12-12 23:09:20.727    app     info:    [client-manager] 'tranquility' for EVE game client for '18000247' exited with no errors.
2023-12-12 23:09:20.738    app     info:    [server-manager] Starting refresh cycle for eve-online / Tranquility
2023-12-12 23:09:20.834    app     info:    [quasar-events] Sent 'eve_launcher.electron.eve_client.GameClientExited'
2023-12-12 23:09:20.862    app     info:    [server-manager] Previous Tranquility build: 2450028, current build: 2450028
2023-12-12 23:09:20.863    app     info:    [server-manager] Tranquility build is unchanged.
2023-12-12 23:09:20.867    app     info:    [server-manager] Ready to play!
2023-12-12 23:09:20.870    app     info:    [server-manager] Finished refresh cycle for Tranquility
2023-12-12 23:09:23.170    app     info:    [ipc-requests] Handling requests in the background
2023-12-12 23:09:24.181    app     info:    [ipc-requests] No longer handling requests in the background
2023-12-12 23:09:39.130    app     info:    [ipc-requests] Handling requests in the background
2023-12-12 23:09:40.132    app     info:    [ipc-requests] No longer handling requests in the background
2023-12-12 23:09:47.336    app     info:    [AuthenticationMiddleware] Character information for '29280260' on 'tranquility' was loaded recently, skipping refresh.
2023-12-12 23:09:47.336    app     info:    [AuthenticationMiddleware] Plex information for '29280260' on 'tranquility' was loaded recently, skipping refresh.
2023-12-12 23:09:48.853    app     info:    [AuthenticationMiddleware] Character information for '29280260' on 'tranquility' was loaded recently, skipping refresh.
2023-12-12 23:09:48.853    app     info:    [AuthenticationMiddleware] Plex information for '29280260' on 'tranquility' was loaded recently, skipping refresh.
2023-12-12 23:09:49.577    app     info:    [client-queue] Queued client startup    {
  product: 'eve-online',
  tenant: 'tranquility',
  userId: 29280260,
  characterId: 2121853336,
  profile: ''
}
2023-12-12 23:09:49.578    app     info:    [elg-events] Sending event    eve_launcher.electron.eve_client.ClientQueued
2023-12-12 23:09:49.579    app     info:    [client-queue] No clients running for tranquility, copying files before starting a client
2023-12-12 23:09:49.582    app     info:    [elg-events] Sending event    eve_launcher.electron.eve_client.CopyingFilesStarted
2023-12-12 23:09:49.583    app     info:    [binary-copier] Copying 194 files (216 MB) to 'C:\CCP\EVE Online\tq'
2023-12-12 23:09:49.598    app     info:    [binary-copier] Removing old binaries
2023-12-12 23:09:49.626    app     info:    [binary-copier] Copying binaries from ResFiles
2023-12-12 23:09:49.788    app     info:    [binary-copier] Finished copying 194 files to 'C:\CCP\EVE Online\tq' in 0.207 seconds
2023-12-12 23:09:49.791    app     info:    [elg-events] Sending event    eve_launcher.electron.eve_client.CopyingFilesFinished
2023-12-12 23:09:49.795    app     info:    [client-manager] Starting EVE Online game client.    C:\CCP\EVE Online\tq\bin64\exefile.exe    Map(11) {
  'noconsole' => '/noconsole',
  'server' => '/server:tranquility.servers.eveonline.com',
  'triplatform' => '/triplatform=dx12',
  'ssotoken' => '/ssoToken=***',
  'refreshtoken' => '/refreshToken=***',
  'settingsprofile' => '/settingsprofile=Default',
  'deviceid' => '/deviceID=4a436adb-4b99-40a7-85b0-42e206f41286',
  'autoselectcharacter' => '/autoSelectCharacter:2121853336',
  'language' => '/language=en',
  'exp' => '1702449357',
  'tokenExpires' => '2023-12-13 08:35:57.000'
}    29280260
2023-12-12 23:09:49.807    app     info:    [client-queue] Started client from group startup    {
  product: 'eve-online',
  tenant: 'tranquility',
  characterId: 2121853336,
  profile: '',
  userId: 29280260
}
2023-12-12 23:09:49.905    app     info:    [quasar-events] Sent 'eve_launcher.electron.eve_client.GameClientStartRequested'
2023-12-12 23:09:49.906    app     info:    [quasar-events] Sent 'eve_launcher.electron.eve_client.TemporaryClientProcessAdded'
2023-12-12 23:09:50.317    app     info:    [client-manager] Found 'tranquility' client for '29280260' running:     {
  processId: 5624,
  createdDate: 1702422589839,
  userId: 29280260,
  characterId: 2121853336,
  profile: 'Default',
  dxVersion: 'dx12'
}
2023-12-12 23:09:50.422    app     info:    [quasar-events] Sent 'eve_launcher.electron.eve_client.TemporaryClientProcessMonitoringRetried'
2023-12-12 23:09:50.422    app     info:    [quasar-events] Sent 'eve_launcher.electron.eve_client.GameClientStarted'
2023-12-12 23:09:50.423    app     info:    [quasar-events] Sent 'eve_launcher.electron.eve_client.TemporaryClientProcessRemoved'
2023-12-12 23:09:50.822    app     info:    [client-queue] Queue has stopped running, no more clients pending startup.
2023-12-12 23:09:53.401    app     info:    [ipc-requests] Handling requests in the background
2023-12-12 23:09:54.416    app     info:    [ipc-requests] No longer handling requests in the background
2023-12-12 23:10:06.384    app     info:    [ipc-requests] Handling requests in the background
2023-12-12 23:10:07.394    app     info:    [ipc-requests] No longer handling requests in the background
2023-12-12 23:10:15.391    app     info:    [ipc-requests] Handling requests in the background
2023-12-12 23:10:16.394    app     info:    [ipc-requests] No longer handling requests in the background
2023-12-12 23:10:24.720    app     info:    [ipc-requests] Handling requests in the background
2023-12-12 23:10:25.726    app     info:    [ipc-requests] No longer handling requests in the background
2023-12-12 23:10:29.454    app     info:    [ipc-requests] Handling requests in the background
2023-12-12 23:10:30.460    app     info:    [ipc-requests] No longer handling requests in the background
2023-12-12 23:10:32.099    app     info:    [ipc-requests] Handling requests in the background
2023-12-12 23:10:33.112    app     info:    [ipc-requests] No longer handling requests in the background
2023-12-12 23:11:30.147    app     info:    [ipc-requests] Handling requests in the background
2023-12-12 23:11:31.149    app     info:    [ipc-requests] No longer handling requests in the background
2023-12-12 23:11:37.553    app     info:    [ipc-requests] Handling requests in the background
2023-12-12 23:11:38.561    app     info:    [ipc-requests] No longer handling requests in the background
2023-12-12 23:12:40.518    app     info:    [self-update] Checking for a launcher update...
2023-12-12 23:12:40.775    app     info:    [self-update] Currently running the latest launcher version. Scheduling update check in 5 minutes.
2023-12-12 23:12:55.652    app     info:    [ipc-requests] Handling requests in the background
2023-12-12 23:12:56.664    app     info:    [ipc-requests] No longer handling requests in the background
2023-12-12 23:13:14.996    app     info:    [ipc-requests] Handling requests in the background
2023-12-12 23:13:15.997    app     info:    [ipc-requests] No longer handling requests in the background
2023-12-12 23:13:54.056    app     info:    [ipc-requests] Handling requests in the background
2023-12-12 23:13:55.066    app     info:    [ipc-requests] No longer handling requests in the background
2023-12-12 23:13:59.145    app     info:    [ipc-requests] Handling requests in the background
2023-12-12 23:14:00.148    app     info:    [ipc-requests] No longer handling requests in the background
2023-12-12 23:14:20.882    app     info:    [server-manager] Starting refresh cycle for eve-online / Tranquility
2023-12-12 23:14:21.005    app     info:    [server-manager] Previous Tranquility build: 2450028, current build: 2450028
2023-12-12 23:14:21.005    app     info:    [server-manager] Tranquility build is unchanged.
2023-12-12 23:14:21.010    app     info:    [server-manager] Ready to play!
2023-12-12 23:14:21.013    app     info:    [server-manager] Finished refresh cycle for Tranquility
2023-12-12 23:14:37.208    app     info:    [ipc-requests] Handling requests in the background
2023-12-12 23:14:38.212    app     info:    [ipc-requests] No longer handling requests in the background
2023-12-12 23:14:42.675    app     info:    [ipc-requests] Handling requests in the background
2023-12-12 23:14:43.681    app     info:    [ipc-requests] No longer handling requests in the background
2023-12-12 23:14:44.907    app     info:    [ipc-requests] Handling requests in the background
2023-12-12 23:14:45.912    app     info:    [ipc-requests] No longer handling requests in the background
2023-12-12 23:15:48.651    app     info:    [client-manager] 'tranquility' for EVE game client for '29280260' exited with no errors.
2023-12-12 23:15:48.665    app     info:    [server-manager] Starting refresh cycle for eve-online / Tranquility
2023-12-12 23:15:48.761    app     info:    [quasar-events] Sent 'eve_launcher.electron.eve_client.GameClientExited'
2023-12-12 23:15:48.855    app     info:    [server-manager] Previous Tranquility build: 2450028, current build: 2450028
2023-12-12 23:15:48.855    app     info:    [server-manager] Tranquility build is unchanged.
2023-12-12 23:15:48.860    app     info:    [server-manager] Ready to play!
2023-12-12 23:15:48.863    app     info:    [server-manager] Finished refresh cycle for Tranquility
2023-12-12 23:15:56.086    app     info:    [AuthenticationMiddleware] Character information for '18000247' on 'tranquility' was loaded recently, skipping refresh.
2023-12-12 23:15:56.087    app     info:    [AuthenticationMiddleware] Plex information for '18000247' on 'tranquility' was loaded recently, skipping refresh.
2023-12-12 23:15:58.204    app     info:    [AuthenticationMiddleware] Character information for '18000247' on 'tranquility' was loaded recently, skipping refresh.
2023-12-12 23:15:58.204    app     info:    [AuthenticationMiddleware] Plex information for '18000247' on 'tranquility' was loaded recently, skipping refresh.
2023-12-12 23:16:02.118    app     info:    [client-queue] Queued client startup    {
  product: 'eve-online',
  tenant: 'tranquility',
  userId: 18000247,
  characterId: 2121891348,
  profile: ''
}
2023-12-12 23:16:02.120    app     info:    [elg-events] Sending event    eve_launcher.electron.eve_client.ClientQueued
2023-12-12 23:16:02.120    app     info:    [client-queue] No clients running for tranquility, copying files before starting a client
2023-12-12 23:16:02.124    app     info:    [elg-events] Sending event    eve_launcher.electron.eve_client.CopyingFilesStarted
2023-12-12 23:16:02.124    app     info:    [binary-copier] Copying 194 files (216 MB) to 'C:\CCP\EVE Online\tq'
2023-12-12 23:16:02.139    app     info:    [binary-copier] Removing old binaries
2023-12-12 23:16:02.170    app     info:    [binary-copier] Copying binaries from ResFiles
2023-12-12 23:16:02.533    app     info:    [binary-copier] Finished copying 194 files to 'C:\CCP\EVE Online\tq' in 0.411 seconds
2023-12-12 23:16:02.535    app     info:    [elg-events] Sending event    eve_launcher.electron.eve_client.CopyingFilesFinished
2023-12-12 23:16:02.538    app     info:    [authentication] Token for '18000247' on 'tranquility' is expired, refresh is required
2023-12-12 23:16:02.538    app     info:    [authentication] Refreshing token for '18000247' on 'tranquility'
2023-12-12 23:16:02.663    app     info:    [authentication] Token for '18000247' on 'tranquility' has been successfully refreshed
2023-12-12 23:16:02.665    app     info:    [elg-events] Sending event    eve_launcher.electron.authentication.UserTokensRefreshed
2023-12-12 23:16:02.666    app     info:    [AuthenticationMiddleware] Character information for '18000247' on 'tranquility' was loaded recently, skipping refresh.
2023-12-12 23:16:02.666    app     info:    [AuthenticationMiddleware] Plex information for '18000247' on 'tranquility' was loaded recently, skipping refresh.
2023-12-12 23:16:02.682    app     info:    [client-manager] Starting EVE Online game client.    C:\CCP\EVE Online\tq\bin64\exefile.exe    Map(11) {
  'noconsole' => '/noconsole',
  'server' => '/server:tranquility.servers.eveonline.com',
  'triplatform' => '/triplatform=dx12',
  'ssotoken' => '/ssoToken=***',
  'refreshtoken' => '/refreshToken=***',
  'settingsprofile' => '/settingsprofile=Default',
  'deviceid' => '/deviceID=4a436adb-4b99-40a7-85b0-42e206f41286',
  'autoselectcharacter' => '/autoSelectCharacter:2121891348',
  'language' => '/language=en',
  'exp' => '1702423562',
  'tokenExpires' => '2023-12-13 01:26:02.000'
}    18000247
2023-12-12 23:16:02.694    app     info:    [AuthenticationMiddleware] User information updated
2023-12-12 23:16:02.694    app     info:    [client-queue] Started client from group startup    {
  product: 'eve-online',
  tenant: 'tranquility',
  characterId: 2121891348,
  profile: '',
  userId: 18000247
}
2023-12-12 23:16:02.797    app     info:    [quasar-events] Sent 'eve_launcher.electron.eve_client.GameClientStartRequested'
2023-12-12 23:16:02.797    app     info:    [quasar-events] Sent 'eve_launcher.electron.eve_client.TemporaryClientProcessAdded'
2023-12-12 23:16:03.212    app     info:    [client-manager] Found 'tranquility' client for '18000247' running:     {
  processId: 2772,
  createdDate: 1702422962698,
  userId: 18000247,
  characterId: 2121891348,
  profile: 'Default',
  dxVersion: 'dx12'
}
2023-12-12 23:16:03.312    app     info:    [quasar-events] Sent 'eve_launcher.electron.eve_client.TemporaryClientProcessMonitoringRetried'
2023-12-12 23:16:03.312    app     info:    [quasar-events] Sent 'eve_launcher.electron.eve_client.GameClientStarted'
2023-12-12 23:16:03.312    app     info:    [quasar-events] Sent 'eve_launcher.electron.eve_client.TemporaryClientProcessRemoved'
2023-12-12 23:16:03.708    app     info:    [client-queue] Queue has stopped running, no more clients pending startup.
2023-12-12 23:17:40.783    app     info:    [self-update] Checking for a launcher update...
2023-12-12 23:17:41.042    app     info:    [self-update] Currently running the latest launcher version. Scheduling update check in 5 minutes.
2023-12-12 23:20:48.866    app     info:    [server-manager] Starting refresh cycle for eve-online / Tranquility
2023-12-12 23:20:48.990    app     info:    [server-manager] Previous Tranquility build: 2450028, current build: 2450028
2023-12-12 23:20:48.990    app     info:    [server-manager] Tranquility build is unchanged.
2023-12-12 23:20:48.995    app     info:    [server-manager] Ready to play!
2023-12-12 23:20:48.998    app     info:    [server-manager] Finished refresh cycle for Tranquility
2023-12-12 23:22:41.049    app     info:    [self-update] Checking for a launcher update...
2023-12-12 23:22:41.335    app     info:    [self-update] Currently running the latest launcher version. Scheduling update check in 5 minutes.
2023-12-12 23:25:49.002    app     info:    [server-manager] Starting refresh cycle for eve-online / Tranquility
2023-12-12 23:25:49.124    app     info:    [server-manager] Previous Tranquility build: 2450028, current build: 2450028
2023-12-12 23:25:49.124    app     info:    [server-manager] Tranquility build is unchanged.
2023-12-12 23:25:49.130    app     info:    [server-manager] Ready to play!
2023-12-12 23:25:49.132    app     info:    [server-manager] Finished refresh cycle for Tranquility
2023-12-12 23:27:41.351    app     info:    [self-update] Checking for a launcher update...
2023-12-12 23:27:41.610    app     info:    [self-update] Currently running the latest launcher version. Scheduling update check in 5 minutes.
2023-12-12 23:30:49.134    app     info:    [server-manager] Starting refresh cycle for eve-online / Tranquility
2023-12-12 23:30:49.621    app     info:    [server-manager] Previous Tranquility build: 2450028, current build: 2450028
2023-12-12 23:30:49.621    app     info:    [server-manager] Tranquility build is unchanged.
2023-12-12 23:30:49.626    app     info:    [server-manager] Ready to play!
2023-12-12 23:30:49.629    app     info:    [server-manager] Finished refresh cycle for Tranquility
2023-12-12 23:32:41.623    app     info:    [self-update] Checking for a launcher update...
2023-12-12 23:32:41.878    app     info:    [self-update] Currently running the latest launcher version. Scheduling update check in 5 minutes.
2023-12-12 23:35:16.124    app     info:    [ipc-requests] Handling requests in the background
2023-12-12 23:35:17.126    app     info:    [ipc-requests] No longer handling requests in the background
2023-12-12 23:35:49.638    app     info:    [server-manager] Starting refresh cycle for eve-online / Tranquility
2023-12-12 23:35:50.500    app     info:    [server-manager] Previous Tranquility build: 2450028, current build: 2450028
2023-12-12 23:35:50.500    app     info:    [server-manager] Tranquility build is unchanged.
2023-12-12 23:35:50.505    app     info:    [server-manager] Ready to play!
2023-12-12 23:35:50.508    app     info:    [server-manager] Finished refresh cycle for Tranquility
2023-12-12 23:37:41.889    app     info:    [self-update] Checking for a launcher update...
2023-12-12 23:37:42.142    app     info:    [self-update] Currently running the latest launcher version. Scheduling update check in 5 minutes.
2023-12-12 23:38:59.485    app     info:    [ipc-requests] Handling requests in the background
2023-12-12 23:39:00.491    app     info:    [ipc-requests] No longer handling requests in the background
2023-12-12 23:39:35.899    app     info:    [ipc-requests] Handling requests in the background
2023-12-12 23:39:36.914    app     info:    [ipc-requests] No longer handling requests in the background
2023-12-12 23:39:37.513    app     info:    [ipc-requests] Handling requests in the background
2023-12-12 23:39:38.516    app     info:    [ipc-requests] No longer handling requests in the background
2023-12-12 23:39:39.855    app     info:    [ipc-requests] Handling requests in the background
2023-12-12 23:39:40.864    app     info:    [ipc-requests] No longer handling requests in the background
2023-12-12 23:40:42.372    app     info:    [ipc-requests] Handling requests in the background
2023-12-12 23:40:43.377    app     info:    [ipc-requests] No longer handling requests in the background
2023-12-12 23:40:50.514    app     info:    [server-manager] Starting refresh cycle for eve-online / Tranquility
2023-12-12 23:40:50.627    app     info:    [server-manager] Previous Tranquility build: 2450028, current build: 2450028
2023-12-12 23:40:50.627    app     info:    [server-manager] Tranquility build is unchanged.
2023-12-12 23:40:50.633    app     info:    [server-manager] Ready to play!
2023-12-12 23:40:50.636    app     info:    [server-manager] Finished refresh cycle for Tranquility
2023-12-12 23:41:10.757    app     info:    [ipc-requests] Handling requests in the background
2023-12-12 23:41:11.773    app     info:    [ipc-requests] No longer handling requests in the background
2023-12-12 23:42:42.144    app     info:    [self-update] Checking for a launcher update...
2023-12-12 23:42:42.397    app     info:    [self-update] Currently running the latest launcher version. Scheduling update check in 5 minutes.
2023-12-12 23:44:04.554    app     info:    [creatives] Requesting creatives
2023-12-12 23:44:04.675    app     info:    [creatives] Received 3 creatives
2023-12-12 23:44:05.085    app     info:    [ipc-requests] Handling requests in the background
2023-12-12 23:44:06.098    app     info:    [ipc-requests] No longer handling requests in the background
2023-12-12 23:45:50.655    app     info:    [server-manager] Starting refresh cycle for eve-online / Tranquility
2023-12-12 23:45:50.767    app     info:    [server-manager] Previous Tranquility build: 2450028, current build: 2450028
2023-12-12 23:45:50.768    app     info:    [server-manager] Tranquility build is unchanged.
2023-12-12 23:45:50.778    app     info:    [server-manager] Ready to play!
2023-12-12 23:45:50.783    app     info:    [server-manager] Finished refresh cycle for Tranquility
2023-12-12 23:46:29.724    app     info:    [ipc-requests] Handling requests in the background
2023-12-12 23:46:30.730    app     info:    [ipc-requests] No longer handling requests in the background
2023-12-12 23:46:45.739    app     info:    [ipc-requests] Handling requests in the background
2023-12-12 23:46:46.753    app     info:    [ipc-requests] No longer handling requests in the background
2023-12-12 23:47:04.233    app     info:    [ipc-requests] Handling requests in the background
2023-12-12 23:47:05.243    app     info:    [ipc-requests] No longer handling requests in the background
2023-12-12 23:47:42.397    app     info:    [self-update] Checking for a launcher update...
2023-12-12 23:47:42.657    app     info:    [self-update] Currently running the latest launcher version. Scheduling update check in 5 minutes.
2023-12-12 23:50:50.798    app     info:    [server-manager] Starting refresh cycle for eve-online / Tranquility
2023-12-12 23:50:50.900    app     info:    [server-manager] Previous Tranquility build: 2450028, current build: 2450028
2023-12-12 23:50:50.900    app     info:    [server-manager] Tranquility build is unchanged.
2023-12-12 23:50:50.905    app     info:    [server-manager] Ready to play!
2023-12-12 23:50:50.909    app     info:    [server-manager] Finished refresh cycle for Tranquility
2023-12-12 23:52:42.233    app     info:    [ipc-requests] Handling requests in the background
2023-12-12 23:52:42.667    app     info:    [self-update] Checking for a launcher update...
2023-12-12 23:52:42.925    app     info:    [self-update] Currently running the latest launcher version. Scheduling update check in 5 minutes.
2023-12-12 23:52:43.233    app     info:    [ipc-requests] No longer handling requests in the background
2023-12-12 23:53:41.783    app     info:    [ipc-requests] Handling requests in the background
2023-12-12 23:53:42.799    app     info:    [ipc-requests] No longer handling requests in the background
2023-12-12 23:55:11.952    app     info:    [ipc-requests] Handling requests in the background
2023-12-12 23:55:12.962    app     info:    [ipc-requests] No longer handling requests in the background
2023-12-12 23:55:50.919    app     info:    [server-manager] Starting refresh cycle for eve-online / Tranquility
2023-12-12 23:55:51.037    app     info:    [server-manager] Previous Tranquility build: 2450028, current build: 2450028
2023-12-12 23:55:51.037    app     info:    [server-manager] Tranquility build is unchanged.
2023-12-12 23:55:51.042    app     info:    [server-manager] Ready to play!
2023-12-12 23:55:51.045    app     info:    [server-manager] Finished refresh cycle for Tranquility
2023-12-12 23:55:51.089    app     info:    [ipc-requests] Handling requests in the background
2023-12-12 23:55:52.090    app     info:    [ipc-requests] No longer handling requests in the background
2023-12-12 23:56:12.016    app     info:    [ipc-requests] Handling requests in the background
2023-12-12 23:56:13.024    app     info:    [ipc-requests] No longer handling requests in the background
2023-12-12 23:56:15.225    app     info:    [ipc-requests] Handling requests in the background
2023-12-12 23:56:16.228    app     info:    [ipc-requests] No longer handling requests in the background
2023-12-12 23:56:48.344    app     info:    [ipc-requests] Handling requests in the background
2023-12-12 23:56:49.352    app     info:    [ipc-requests] No longer handling requests in the background
2023-12-12 23:56:50.488    app     info:    [ipc-requests] Handling requests in the background
2023-12-12 23:56:51.499    app     info:    [ipc-requests] No longer handling requests in the background
2023-12-12 23:57:38.313    app     info:    [ipc-requests] Handling requests in the background
2023-12-12 23:57:39.318    app     info:    [ipc-requests] No longer handling requests in the background
2023-12-12 23:57:42.940    app     info:    [self-update] Checking for a launcher update...
2023-12-12 23:57:43.197    app     info:    [self-update] Currently running the latest launcher version. Scheduling update check in 5 minutes.
